[2023-11-15T03:10:57.847+0000] {processor.py:157} INFO - Started process (PID=34) to work on /opt/airflow/dags/recalls_etl_v1.py
[2023-11-15T03:10:57.848+0000] {processor.py:829} INFO - Processing file /opt/airflow/dags/recalls_etl_v1.py for tasks to queue
[2023-11-15T03:10:57.851+0000] {logging_mixin.py:151} INFO - [2023-11-15T03:10:57.850+0000] {dagbag.py:536} INFO - Filling up the DagBag from /opt/airflow/dags/recalls_etl_v1.py
[2023-11-15T03:10:59.363+0000] {processor.py:839} INFO - DAG(s) dict_keys(['recalls_etl_v1']) retrieved from /opt/airflow/dags/recalls_etl_v1.py
[2023-11-15T03:10:59.547+0000] {logging_mixin.py:151} INFO - [2023-11-15T03:10:59.546+0000] {dag.py:2941} INFO - Sync 1 DAGs
[2023-11-15T03:10:59.564+0000] {logging_mixin.py:151} INFO - [2023-11-15T03:10:59.564+0000] {dag.py:3722} INFO - Setting next_dagrun for recalls_etl_v1 to None, run_after=None
[2023-11-15T03:10:59.598+0000] {processor.py:179} INFO - Processing /opt/airflow/dags/recalls_etl_v1.py took 1.756 seconds
[2023-11-15T03:57:32.304+0000] {processor.py:157} INFO - Started process (PID=35) to work on /opt/airflow/dags/recalls_etl_v1.py
[2023-11-15T03:57:32.308+0000] {processor.py:829} INFO - Processing file /opt/airflow/dags/recalls_etl_v1.py for tasks to queue
[2023-11-15T03:57:32.311+0000] {logging_mixin.py:151} INFO - [2023-11-15T03:57:32.311+0000] {dagbag.py:536} INFO - Filling up the DagBag from /opt/airflow/dags/recalls_etl_v1.py
[2023-11-15T03:57:33.456+0000] {processor.py:839} INFO - DAG(s) dict_keys(['recalls_etl_v1']) retrieved from /opt/airflow/dags/recalls_etl_v1.py
[2023-11-15T03:57:33.734+0000] {logging_mixin.py:151} INFO - [2023-11-15T03:57:33.733+0000] {dag.py:2941} INFO - Sync 1 DAGs
[2023-11-15T03:57:33.753+0000] {logging_mixin.py:151} INFO - [2023-11-15T03:57:33.752+0000] {dag.py:3722} INFO - Setting next_dagrun for recalls_etl_v1 to None, run_after=None
[2023-11-15T03:57:33.785+0000] {processor.py:179} INFO - Processing /opt/airflow/dags/recalls_etl_v1.py took 1.490 seconds
[2023-11-15T03:58:04.092+0000] {processor.py:157} INFO - Started process (PID=94) to work on /opt/airflow/dags/recalls_etl_v1.py
[2023-11-15T03:58:04.098+0000] {processor.py:829} INFO - Processing file /opt/airflow/dags/recalls_etl_v1.py for tasks to queue
[2023-11-15T03:58:04.101+0000] {logging_mixin.py:151} INFO - [2023-11-15T03:58:04.100+0000] {dagbag.py:536} INFO - Filling up the DagBag from /opt/airflow/dags/recalls_etl_v1.py
[2023-11-15T03:58:04.619+0000] {processor.py:839} INFO - DAG(s) dict_keys(['recalls_etl_v1']) retrieved from /opt/airflow/dags/recalls_etl_v1.py
[2023-11-15T03:58:04.639+0000] {logging_mixin.py:151} INFO - [2023-11-15T03:58:04.638+0000] {dag.py:2941} INFO - Sync 1 DAGs
[2023-11-15T03:58:04.654+0000] {logging_mixin.py:151} INFO - [2023-11-15T03:58:04.654+0000] {dag.py:3722} INFO - Setting next_dagrun for recalls_etl_v1 to None, run_after=None
[2023-11-15T03:58:04.675+0000] {processor.py:179} INFO - Processing /opt/airflow/dags/recalls_etl_v1.py took 0.587 seconds
[2023-11-15T03:58:34.845+0000] {processor.py:157} INFO - Started process (PID=155) to work on /opt/airflow/dags/recalls_etl_v1.py
[2023-11-15T03:58:34.847+0000] {processor.py:829} INFO - Processing file /opt/airflow/dags/recalls_etl_v1.py for tasks to queue
[2023-11-15T03:58:34.852+0000] {logging_mixin.py:151} INFO - [2023-11-15T03:58:34.851+0000] {dagbag.py:536} INFO - Filling up the DagBag from /opt/airflow/dags/recalls_etl_v1.py
[2023-11-15T03:58:35.437+0000] {processor.py:839} INFO - DAG(s) dict_keys(['recalls_etl_v1']) retrieved from /opt/airflow/dags/recalls_etl_v1.py
[2023-11-15T03:58:35.450+0000] {logging_mixin.py:151} INFO - [2023-11-15T03:58:35.449+0000] {dag.py:2941} INFO - Sync 1 DAGs
[2023-11-15T03:58:35.464+0000] {logging_mixin.py:151} INFO - [2023-11-15T03:58:35.463+0000] {dag.py:3722} INFO - Setting next_dagrun for recalls_etl_v1 to None, run_after=None
[2023-11-15T03:58:35.485+0000] {processor.py:179} INFO - Processing /opt/airflow/dags/recalls_etl_v1.py took 0.644 seconds
[2023-11-15T03:59:05.834+0000] {processor.py:157} INFO - Started process (PID=221) to work on /opt/airflow/dags/recalls_etl_v1.py
[2023-11-15T03:59:05.836+0000] {processor.py:829} INFO - Processing file /opt/airflow/dags/recalls_etl_v1.py for tasks to queue
[2023-11-15T03:59:05.843+0000] {logging_mixin.py:151} INFO - [2023-11-15T03:59:05.842+0000] {dagbag.py:536} INFO - Filling up the DagBag from /opt/airflow/dags/recalls_etl_v1.py
[2023-11-15T03:59:06.435+0000] {processor.py:839} INFO - DAG(s) dict_keys(['recalls_etl_v1']) retrieved from /opt/airflow/dags/recalls_etl_v1.py
[2023-11-15T03:59:06.556+0000] {logging_mixin.py:151} INFO - [2023-11-15T03:59:06.555+0000] {dag.py:2941} INFO - Sync 1 DAGs
[2023-11-15T03:59:06.601+0000] {logging_mixin.py:151} INFO - [2023-11-15T03:59:06.599+0000] {dag.py:3722} INFO - Setting next_dagrun for recalls_etl_v1 to None, run_after=None
[2023-11-15T03:59:06.693+0000] {processor.py:179} INFO - Processing /opt/airflow/dags/recalls_etl_v1.py took 0.865 seconds
[2023-11-15T03:59:36.893+0000] {processor.py:157} INFO - Started process (PID=278) to work on /opt/airflow/dags/recalls_etl_v1.py
[2023-11-15T03:59:36.895+0000] {processor.py:829} INFO - Processing file /opt/airflow/dags/recalls_etl_v1.py for tasks to queue
[2023-11-15T03:59:36.898+0000] {logging_mixin.py:151} INFO - [2023-11-15T03:59:36.898+0000] {dagbag.py:536} INFO - Filling up the DagBag from /opt/airflow/dags/recalls_etl_v1.py
[2023-11-15T03:59:37.493+0000] {processor.py:839} INFO - DAG(s) dict_keys(['recalls_etl_v1']) retrieved from /opt/airflow/dags/recalls_etl_v1.py
[2023-11-15T03:59:37.515+0000] {logging_mixin.py:151} INFO - [2023-11-15T03:59:37.514+0000] {dag.py:2941} INFO - Sync 1 DAGs
[2023-11-15T03:59:37.529+0000] {logging_mixin.py:151} INFO - [2023-11-15T03:59:37.528+0000] {dag.py:3722} INFO - Setting next_dagrun for recalls_etl_v1 to None, run_after=None
[2023-11-15T03:59:37.552+0000] {processor.py:179} INFO - Processing /opt/airflow/dags/recalls_etl_v1.py took 0.665 seconds
[2023-11-15T04:00:08.097+0000] {processor.py:157} INFO - Started process (PID=337) to work on /opt/airflow/dags/recalls_etl_v1.py
[2023-11-15T04:00:08.102+0000] {processor.py:829} INFO - Processing file /opt/airflow/dags/recalls_etl_v1.py for tasks to queue
[2023-11-15T04:00:08.106+0000] {logging_mixin.py:151} INFO - [2023-11-15T04:00:08.106+0000] {dagbag.py:536} INFO - Filling up the DagBag from /opt/airflow/dags/recalls_etl_v1.py
[2023-11-15T04:00:08.625+0000] {processor.py:839} INFO - DAG(s) dict_keys(['recalls_etl_v1']) retrieved from /opt/airflow/dags/recalls_etl_v1.py
[2023-11-15T04:00:08.761+0000] {logging_mixin.py:151} INFO - [2023-11-15T04:00:08.760+0000] {dag.py:2941} INFO - Sync 1 DAGs
[2023-11-15T04:00:08.775+0000] {logging_mixin.py:151} INFO - [2023-11-15T04:00:08.775+0000] {dag.py:3722} INFO - Setting next_dagrun for recalls_etl_v1 to None, run_after=None
[2023-11-15T04:00:08.802+0000] {processor.py:179} INFO - Processing /opt/airflow/dags/recalls_etl_v1.py took 0.711 seconds
[2023-11-15T04:00:38.850+0000] {processor.py:157} INFO - Started process (PID=396) to work on /opt/airflow/dags/recalls_etl_v1.py
[2023-11-15T04:00:38.852+0000] {processor.py:829} INFO - Processing file /opt/airflow/dags/recalls_etl_v1.py for tasks to queue
[2023-11-15T04:00:38.855+0000] {logging_mixin.py:151} INFO - [2023-11-15T04:00:38.854+0000] {dagbag.py:536} INFO - Filling up the DagBag from /opt/airflow/dags/recalls_etl_v1.py
[2023-11-15T04:00:39.434+0000] {processor.py:839} INFO - DAG(s) dict_keys(['recalls_etl_v1']) retrieved from /opt/airflow/dags/recalls_etl_v1.py
[2023-11-15T04:00:39.454+0000] {logging_mixin.py:151} INFO - [2023-11-15T04:00:39.453+0000] {dag.py:2941} INFO - Sync 1 DAGs
[2023-11-15T04:00:39.470+0000] {logging_mixin.py:151} INFO - [2023-11-15T04:00:39.469+0000] {dag.py:3722} INFO - Setting next_dagrun for recalls_etl_v1 to None, run_after=None
[2023-11-15T04:00:39.496+0000] {processor.py:179} INFO - Processing /opt/airflow/dags/recalls_etl_v1.py took 0.651 seconds
[2023-11-15T04:01:09.592+0000] {processor.py:157} INFO - Started process (PID=454) to work on /opt/airflow/dags/recalls_etl_v1.py
[2023-11-15T04:01:09.599+0000] {processor.py:829} INFO - Processing file /opt/airflow/dags/recalls_etl_v1.py for tasks to queue
[2023-11-15T04:01:09.603+0000] {logging_mixin.py:151} INFO - [2023-11-15T04:01:09.603+0000] {dagbag.py:536} INFO - Filling up the DagBag from /opt/airflow/dags/recalls_etl_v1.py
[2023-11-15T04:01:10.145+0000] {processor.py:839} INFO - DAG(s) dict_keys(['recalls_etl_v1']) retrieved from /opt/airflow/dags/recalls_etl_v1.py
[2023-11-15T04:01:10.159+0000] {logging_mixin.py:151} INFO - [2023-11-15T04:01:10.159+0000] {dag.py:2941} INFO - Sync 1 DAGs
[2023-11-15T04:01:10.177+0000] {logging_mixin.py:151} INFO - [2023-11-15T04:01:10.176+0000] {dag.py:3722} INFO - Setting next_dagrun for recalls_etl_v1 to None, run_after=None
[2023-11-15T04:01:10.206+0000] {processor.py:179} INFO - Processing /opt/airflow/dags/recalls_etl_v1.py took 0.621 seconds
[2023-11-15T04:01:40.911+0000] {processor.py:157} INFO - Started process (PID=514) to work on /opt/airflow/dags/recalls_etl_v1.py
[2023-11-15T04:01:40.916+0000] {processor.py:829} INFO - Processing file /opt/airflow/dags/recalls_etl_v1.py for tasks to queue
[2023-11-15T04:01:40.919+0000] {logging_mixin.py:151} INFO - [2023-11-15T04:01:40.918+0000] {dagbag.py:536} INFO - Filling up the DagBag from /opt/airflow/dags/recalls_etl_v1.py
[2023-11-15T04:01:41.484+0000] {processor.py:839} INFO - DAG(s) dict_keys(['recalls_etl_v1']) retrieved from /opt/airflow/dags/recalls_etl_v1.py
[2023-11-15T04:01:41.631+0000] {logging_mixin.py:151} INFO - [2023-11-15T04:01:41.630+0000] {dag.py:2941} INFO - Sync 1 DAGs
[2023-11-15T04:01:41.676+0000] {logging_mixin.py:151} INFO - [2023-11-15T04:01:41.676+0000] {dag.py:3722} INFO - Setting next_dagrun for recalls_etl_v1 to None, run_after=None
[2023-11-15T04:01:41.744+0000] {processor.py:179} INFO - Processing /opt/airflow/dags/recalls_etl_v1.py took 0.837 seconds
[2023-11-15T04:02:11.821+0000] {processor.py:157} INFO - Started process (PID=581) to work on /opt/airflow/dags/recalls_etl_v1.py
[2023-11-15T04:02:11.823+0000] {processor.py:829} INFO - Processing file /opt/airflow/dags/recalls_etl_v1.py for tasks to queue
[2023-11-15T04:02:11.826+0000] {logging_mixin.py:151} INFO - [2023-11-15T04:02:11.826+0000] {dagbag.py:536} INFO - Filling up the DagBag from /opt/airflow/dags/recalls_etl_v1.py
[2023-11-15T04:02:12.408+0000] {processor.py:839} INFO - DAG(s) dict_keys(['recalls_etl_v1']) retrieved from /opt/airflow/dags/recalls_etl_v1.py
[2023-11-15T04:02:12.430+0000] {logging_mixin.py:151} INFO - [2023-11-15T04:02:12.429+0000] {dag.py:2941} INFO - Sync 1 DAGs
[2023-11-15T04:02:12.444+0000] {logging_mixin.py:151} INFO - [2023-11-15T04:02:12.444+0000] {dag.py:3722} INFO - Setting next_dagrun for recalls_etl_v1 to None, run_after=None
[2023-11-15T04:02:12.466+0000] {processor.py:179} INFO - Processing /opt/airflow/dags/recalls_etl_v1.py took 0.649 seconds
[2023-11-15T04:02:43.196+0000] {processor.py:157} INFO - Started process (PID=641) to work on /opt/airflow/dags/recalls_etl_v1.py
[2023-11-15T04:02:43.198+0000] {processor.py:829} INFO - Processing file /opt/airflow/dags/recalls_etl_v1.py for tasks to queue
[2023-11-15T04:02:43.200+0000] {logging_mixin.py:151} INFO - [2023-11-15T04:02:43.200+0000] {dagbag.py:536} INFO - Filling up the DagBag from /opt/airflow/dags/recalls_etl_v1.py
[2023-11-15T04:02:43.784+0000] {processor.py:839} INFO - DAG(s) dict_keys(['recalls_etl_v1']) retrieved from /opt/airflow/dags/recalls_etl_v1.py
[2023-11-15T04:02:43.798+0000] {logging_mixin.py:151} INFO - [2023-11-15T04:02:43.797+0000] {dag.py:2941} INFO - Sync 1 DAGs
[2023-11-15T04:02:43.812+0000] {logging_mixin.py:151} INFO - [2023-11-15T04:02:43.812+0000] {dag.py:3722} INFO - Setting next_dagrun for recalls_etl_v1 to None, run_after=None
[2023-11-15T04:02:43.837+0000] {processor.py:179} INFO - Processing /opt/airflow/dags/recalls_etl_v1.py took 0.645 seconds
[2023-11-15T04:03:13.954+0000] {processor.py:157} INFO - Started process (PID=702) to work on /opt/airflow/dags/recalls_etl_v1.py
[2023-11-15T04:03:13.955+0000] {processor.py:829} INFO - Processing file /opt/airflow/dags/recalls_etl_v1.py for tasks to queue
[2023-11-15T04:03:13.957+0000] {logging_mixin.py:151} INFO - [2023-11-15T04:03:13.957+0000] {dagbag.py:536} INFO - Filling up the DagBag from /opt/airflow/dags/recalls_etl_v1.py
[2023-11-15T04:03:14.573+0000] {processor.py:839} INFO - DAG(s) dict_keys(['recalls_etl_v1']) retrieved from /opt/airflow/dags/recalls_etl_v1.py
[2023-11-15T04:03:14.732+0000] {logging_mixin.py:151} INFO - [2023-11-15T04:03:14.731+0000] {dag.py:2941} INFO - Sync 1 DAGs
[2023-11-15T04:03:14.745+0000] {logging_mixin.py:151} INFO - [2023-11-15T04:03:14.745+0000] {dag.py:3722} INFO - Setting next_dagrun for recalls_etl_v1 to None, run_after=None
[2023-11-15T04:03:14.770+0000] {processor.py:179} INFO - Processing /opt/airflow/dags/recalls_etl_v1.py took 0.821 seconds
[2023-11-15T04:03:45.110+0000] {processor.py:157} INFO - Started process (PID=766) to work on /opt/airflow/dags/recalls_etl_v1.py
[2023-11-15T04:03:45.112+0000] {processor.py:829} INFO - Processing file /opt/airflow/dags/recalls_etl_v1.py for tasks to queue
[2023-11-15T04:03:45.115+0000] {logging_mixin.py:151} INFO - [2023-11-15T04:03:45.114+0000] {dagbag.py:536} INFO - Filling up the DagBag from /opt/airflow/dags/recalls_etl_v1.py
[2023-11-15T04:03:45.674+0000] {processor.py:839} INFO - DAG(s) dict_keys(['recalls_etl_v1']) retrieved from /opt/airflow/dags/recalls_etl_v1.py
[2023-11-15T04:03:45.690+0000] {logging_mixin.py:151} INFO - [2023-11-15T04:03:45.688+0000] {dag.py:2941} INFO - Sync 1 DAGs
[2023-11-15T04:03:45.708+0000] {logging_mixin.py:151} INFO - [2023-11-15T04:03:45.708+0000] {dag.py:3722} INFO - Setting next_dagrun for recalls_etl_v1 to None, run_after=None
[2023-11-15T04:03:45.737+0000] {processor.py:179} INFO - Processing /opt/airflow/dags/recalls_etl_v1.py took 0.632 seconds
[2023-11-15T04:04:15.810+0000] {processor.py:157} INFO - Started process (PID=829) to work on /opt/airflow/dags/recalls_etl_v1.py
[2023-11-15T04:04:15.811+0000] {processor.py:829} INFO - Processing file /opt/airflow/dags/recalls_etl_v1.py for tasks to queue
[2023-11-15T04:04:15.813+0000] {logging_mixin.py:151} INFO - [2023-11-15T04:04:15.813+0000] {dagbag.py:536} INFO - Filling up the DagBag from /opt/airflow/dags/recalls_etl_v1.py
[2023-11-15T04:04:16.301+0000] {processor.py:839} INFO - DAG(s) dict_keys(['recalls_etl_v1']) retrieved from /opt/airflow/dags/recalls_etl_v1.py
[2023-11-15T04:04:16.437+0000] {logging_mixin.py:151} INFO - [2023-11-15T04:04:16.436+0000] {dag.py:2941} INFO - Sync 1 DAGs
[2023-11-15T04:04:16.449+0000] {logging_mixin.py:151} INFO - [2023-11-15T04:04:16.449+0000] {dag.py:3722} INFO - Setting next_dagrun for recalls_etl_v1 to None, run_after=None
[2023-11-15T04:04:16.471+0000] {processor.py:179} INFO - Processing /opt/airflow/dags/recalls_etl_v1.py took 0.665 seconds
[2023-11-15T04:04:47.263+0000] {processor.py:157} INFO - Started process (PID=894) to work on /opt/airflow/dags/recalls_etl_v1.py
[2023-11-15T04:04:47.269+0000] {processor.py:829} INFO - Processing file /opt/airflow/dags/recalls_etl_v1.py for tasks to queue
[2023-11-15T04:04:47.273+0000] {logging_mixin.py:151} INFO - [2023-11-15T04:04:47.272+0000] {dagbag.py:536} INFO - Filling up the DagBag from /opt/airflow/dags/recalls_etl_v1.py
[2023-11-15T04:04:47.831+0000] {processor.py:839} INFO - DAG(s) dict_keys(['recalls_etl_v1']) retrieved from /opt/airflow/dags/recalls_etl_v1.py
[2023-11-15T04:04:47.852+0000] {logging_mixin.py:151} INFO - [2023-11-15T04:04:47.851+0000] {dag.py:2941} INFO - Sync 1 DAGs
[2023-11-15T04:04:47.868+0000] {logging_mixin.py:151} INFO - [2023-11-15T04:04:47.868+0000] {dag.py:3722} INFO - Setting next_dagrun for recalls_etl_v1 to None, run_after=None
[2023-11-15T04:04:47.890+0000] {processor.py:179} INFO - Processing /opt/airflow/dags/recalls_etl_v1.py took 0.633 seconds
[2023-11-15T04:05:17.977+0000] {processor.py:157} INFO - Started process (PID=957) to work on /opt/airflow/dags/recalls_etl_v1.py
[2023-11-15T04:05:17.979+0000] {processor.py:829} INFO - Processing file /opt/airflow/dags/recalls_etl_v1.py for tasks to queue
[2023-11-15T04:05:17.983+0000] {logging_mixin.py:151} INFO - [2023-11-15T04:05:17.983+0000] {dagbag.py:536} INFO - Filling up the DagBag from /opt/airflow/dags/recalls_etl_v1.py
[2023-11-15T04:05:18.558+0000] {processor.py:839} INFO - DAG(s) dict_keys(['recalls_etl_v1']) retrieved from /opt/airflow/dags/recalls_etl_v1.py
[2023-11-15T04:05:18.570+0000] {logging_mixin.py:151} INFO - [2023-11-15T04:05:18.570+0000] {dag.py:2941} INFO - Sync 1 DAGs
[2023-11-15T04:05:18.585+0000] {logging_mixin.py:151} INFO - [2023-11-15T04:05:18.585+0000] {dag.py:3722} INFO - Setting next_dagrun for recalls_etl_v1 to None, run_after=None
[2023-11-15T04:05:18.607+0000] {processor.py:179} INFO - Processing /opt/airflow/dags/recalls_etl_v1.py took 0.635 seconds
[2023-11-15T04:05:49.167+0000] {processor.py:157} INFO - Started process (PID=1017) to work on /opt/airflow/dags/recalls_etl_v1.py
[2023-11-15T04:05:49.168+0000] {processor.py:829} INFO - Processing file /opt/airflow/dags/recalls_etl_v1.py for tasks to queue
[2023-11-15T04:05:49.172+0000] {logging_mixin.py:151} INFO - [2023-11-15T04:05:49.171+0000] {dagbag.py:536} INFO - Filling up the DagBag from /opt/airflow/dags/recalls_etl_v1.py
[2023-11-15T04:05:49.693+0000] {processor.py:839} INFO - DAG(s) dict_keys(['recalls_etl_v1']) retrieved from /opt/airflow/dags/recalls_etl_v1.py
[2023-11-15T04:05:49.824+0000] {logging_mixin.py:151} INFO - [2023-11-15T04:05:49.823+0000] {dag.py:2941} INFO - Sync 1 DAGs
[2023-11-15T04:05:49.840+0000] {logging_mixin.py:151} INFO - [2023-11-15T04:05:49.840+0000] {dag.py:3722} INFO - Setting next_dagrun for recalls_etl_v1 to None, run_after=None
[2023-11-15T04:05:49.864+0000] {processor.py:179} INFO - Processing /opt/airflow/dags/recalls_etl_v1.py took 0.701 seconds
[2023-11-15T04:06:19.953+0000] {processor.py:157} INFO - Started process (PID=1079) to work on /opt/airflow/dags/recalls_etl_v1.py
[2023-11-15T04:06:19.954+0000] {processor.py:829} INFO - Processing file /opt/airflow/dags/recalls_etl_v1.py for tasks to queue
[2023-11-15T04:06:19.956+0000] {logging_mixin.py:151} INFO - [2023-11-15T04:06:19.956+0000] {dagbag.py:536} INFO - Filling up the DagBag from /opt/airflow/dags/recalls_etl_v1.py
[2023-11-15T04:06:20.497+0000] {processor.py:839} INFO - DAG(s) dict_keys(['recalls_etl_v1']) retrieved from /opt/airflow/dags/recalls_etl_v1.py
[2023-11-15T04:06:20.519+0000] {logging_mixin.py:151} INFO - [2023-11-15T04:06:20.519+0000] {dag.py:2941} INFO - Sync 1 DAGs
[2023-11-15T04:06:20.534+0000] {logging_mixin.py:151} INFO - [2023-11-15T04:06:20.534+0000] {dag.py:3722} INFO - Setting next_dagrun for recalls_etl_v1 to None, run_after=None
[2023-11-15T04:06:20.559+0000] {processor.py:179} INFO - Processing /opt/airflow/dags/recalls_etl_v1.py took 0.610 seconds
[2023-11-15T04:06:50.712+0000] {processor.py:157} INFO - Started process (PID=1139) to work on /opt/airflow/dags/recalls_etl_v1.py
[2023-11-15T04:06:50.714+0000] {processor.py:829} INFO - Processing file /opt/airflow/dags/recalls_etl_v1.py for tasks to queue
[2023-11-15T04:06:50.716+0000] {logging_mixin.py:151} INFO - [2023-11-15T04:06:50.716+0000] {dagbag.py:536} INFO - Filling up the DagBag from /opt/airflow/dags/recalls_etl_v1.py
[2023-11-15T04:06:51.245+0000] {processor.py:839} INFO - DAG(s) dict_keys(['recalls_etl_v1']) retrieved from /opt/airflow/dags/recalls_etl_v1.py
[2023-11-15T04:06:51.258+0000] {logging_mixin.py:151} INFO - [2023-11-15T04:06:51.258+0000] {dag.py:2941} INFO - Sync 1 DAGs
[2023-11-15T04:06:51.273+0000] {logging_mixin.py:151} INFO - [2023-11-15T04:06:51.272+0000] {dag.py:3722} INFO - Setting next_dagrun for recalls_etl_v1 to None, run_after=None
[2023-11-15T04:06:51.303+0000] {processor.py:179} INFO - Processing /opt/airflow/dags/recalls_etl_v1.py took 0.595 seconds
[2023-11-15T04:07:21.482+0000] {processor.py:157} INFO - Started process (PID=1198) to work on /opt/airflow/dags/recalls_etl_v1.py
[2023-11-15T04:07:21.483+0000] {processor.py:829} INFO - Processing file /opt/airflow/dags/recalls_etl_v1.py for tasks to queue
[2023-11-15T04:07:21.485+0000] {logging_mixin.py:151} INFO - [2023-11-15T04:07:21.485+0000] {dagbag.py:536} INFO - Filling up the DagBag from /opt/airflow/dags/recalls_etl_v1.py
[2023-11-15T04:07:22.062+0000] {processor.py:839} INFO - DAG(s) dict_keys(['recalls_etl_v1']) retrieved from /opt/airflow/dags/recalls_etl_v1.py
[2023-11-15T04:07:22.211+0000] {logging_mixin.py:151} INFO - [2023-11-15T04:07:22.210+0000] {dag.py:2941} INFO - Sync 1 DAGs
[2023-11-15T04:07:22.225+0000] {logging_mixin.py:151} INFO - [2023-11-15T04:07:22.225+0000] {dag.py:3722} INFO - Setting next_dagrun for recalls_etl_v1 to None, run_after=None
[2023-11-15T04:07:22.255+0000] {processor.py:179} INFO - Processing /opt/airflow/dags/recalls_etl_v1.py took 0.778 seconds
[2023-11-15T04:07:52.877+0000] {processor.py:157} INFO - Started process (PID=1255) to work on /opt/airflow/dags/recalls_etl_v1.py
[2023-11-15T04:07:52.878+0000] {processor.py:829} INFO - Processing file /opt/airflow/dags/recalls_etl_v1.py for tasks to queue
[2023-11-15T04:07:52.881+0000] {logging_mixin.py:151} INFO - [2023-11-15T04:07:52.880+0000] {dagbag.py:536} INFO - Filling up the DagBag from /opt/airflow/dags/recalls_etl_v1.py
[2023-11-15T04:07:53.397+0000] {processor.py:839} INFO - DAG(s) dict_keys(['recalls_etl_v1']) retrieved from /opt/airflow/dags/recalls_etl_v1.py
[2023-11-15T04:07:53.417+0000] {logging_mixin.py:151} INFO - [2023-11-15T04:07:53.417+0000] {dag.py:2941} INFO - Sync 1 DAGs
[2023-11-15T04:07:53.430+0000] {logging_mixin.py:151} INFO - [2023-11-15T04:07:53.430+0000] {dag.py:3722} INFO - Setting next_dagrun for recalls_etl_v1 to None, run_after=None
[2023-11-15T04:07:53.450+0000] {processor.py:179} INFO - Processing /opt/airflow/dags/recalls_etl_v1.py took 0.578 seconds
[2023-11-15T04:08:23.525+0000] {processor.py:157} INFO - Started process (PID=1317) to work on /opt/airflow/dags/recalls_etl_v1.py
[2023-11-15T04:08:23.526+0000] {processor.py:829} INFO - Processing file /opt/airflow/dags/recalls_etl_v1.py for tasks to queue
[2023-11-15T04:08:23.529+0000] {logging_mixin.py:151} INFO - [2023-11-15T04:08:23.529+0000] {dagbag.py:536} INFO - Filling up the DagBag from /opt/airflow/dags/recalls_etl_v1.py
[2023-11-15T04:08:24.102+0000] {processor.py:839} INFO - DAG(s) dict_keys(['recalls_etl_v1']) retrieved from /opt/airflow/dags/recalls_etl_v1.py
[2023-11-15T04:08:24.126+0000] {logging_mixin.py:151} INFO - [2023-11-15T04:08:24.126+0000] {dag.py:2941} INFO - Sync 1 DAGs
[2023-11-15T04:08:24.140+0000] {logging_mixin.py:151} INFO - [2023-11-15T04:08:24.139+0000] {dag.py:3722} INFO - Setting next_dagrun for recalls_etl_v1 to None, run_after=None
[2023-11-15T04:08:24.164+0000] {processor.py:179} INFO - Processing /opt/airflow/dags/recalls_etl_v1.py took 0.643 seconds
[2023-11-15T04:08:54.251+0000] {processor.py:157} INFO - Started process (PID=1380) to work on /opt/airflow/dags/recalls_etl_v1.py
[2023-11-15T04:08:54.252+0000] {processor.py:829} INFO - Processing file /opt/airflow/dags/recalls_etl_v1.py for tasks to queue
[2023-11-15T04:08:54.255+0000] {logging_mixin.py:151} INFO - [2023-11-15T04:08:54.254+0000] {dagbag.py:536} INFO - Filling up the DagBag from /opt/airflow/dags/recalls_etl_v1.py
[2023-11-15T04:08:54.762+0000] {processor.py:839} INFO - DAG(s) dict_keys(['recalls_etl_v1']) retrieved from /opt/airflow/dags/recalls_etl_v1.py
[2023-11-15T04:08:54.785+0000] {logging_mixin.py:151} INFO - [2023-11-15T04:08:54.784+0000] {dag.py:2941} INFO - Sync 1 DAGs
[2023-11-15T04:08:54.798+0000] {logging_mixin.py:151} INFO - [2023-11-15T04:08:54.797+0000] {dag.py:3722} INFO - Setting next_dagrun for recalls_etl_v1 to None, run_after=None
[2023-11-15T04:08:54.820+0000] {processor.py:179} INFO - Processing /opt/airflow/dags/recalls_etl_v1.py took 0.573 seconds
[2023-11-15T04:09:25.717+0000] {processor.py:157} INFO - Started process (PID=1437) to work on /opt/airflow/dags/recalls_etl_v1.py
[2023-11-15T04:09:25.719+0000] {processor.py:829} INFO - Processing file /opt/airflow/dags/recalls_etl_v1.py for tasks to queue
[2023-11-15T04:09:25.724+0000] {logging_mixin.py:151} INFO - [2023-11-15T04:09:25.723+0000] {dagbag.py:536} INFO - Filling up the DagBag from /opt/airflow/dags/recalls_etl_v1.py
[2023-11-15T04:09:26.321+0000] {processor.py:839} INFO - DAG(s) dict_keys(['recalls_etl_v1']) retrieved from /opt/airflow/dags/recalls_etl_v1.py
[2023-11-15T04:09:26.341+0000] {logging_mixin.py:151} INFO - [2023-11-15T04:09:26.341+0000] {dag.py:2941} INFO - Sync 1 DAGs
[2023-11-15T04:09:26.355+0000] {logging_mixin.py:151} INFO - [2023-11-15T04:09:26.355+0000] {dag.py:3722} INFO - Setting next_dagrun for recalls_etl_v1 to None, run_after=None
[2023-11-15T04:09:26.380+0000] {processor.py:179} INFO - Processing /opt/airflow/dags/recalls_etl_v1.py took 0.669 seconds
[2023-11-15T04:09:57.284+0000] {processor.py:157} INFO - Started process (PID=1494) to work on /opt/airflow/dags/recalls_etl_v1.py
[2023-11-15T04:09:57.286+0000] {processor.py:829} INFO - Processing file /opt/airflow/dags/recalls_etl_v1.py for tasks to queue
[2023-11-15T04:09:57.289+0000] {logging_mixin.py:151} INFO - [2023-11-15T04:09:57.288+0000] {dagbag.py:536} INFO - Filling up the DagBag from /opt/airflow/dags/recalls_etl_v1.py
[2023-11-15T04:09:57.817+0000] {processor.py:839} INFO - DAG(s) dict_keys(['recalls_etl_v1']) retrieved from /opt/airflow/dags/recalls_etl_v1.py
[2023-11-15T04:09:57.838+0000] {logging_mixin.py:151} INFO - [2023-11-15T04:09:57.837+0000] {dag.py:2941} INFO - Sync 1 DAGs
[2023-11-15T04:09:57.851+0000] {logging_mixin.py:151} INFO - [2023-11-15T04:09:57.851+0000] {dag.py:3722} INFO - Setting next_dagrun for recalls_etl_v1 to None, run_after=None
[2023-11-15T04:09:57.874+0000] {processor.py:179} INFO - Processing /opt/airflow/dags/recalls_etl_v1.py took 0.600 seconds
[2023-11-15T04:10:28.067+0000] {processor.py:157} INFO - Started process (PID=1551) to work on /opt/airflow/dags/recalls_etl_v1.py
[2023-11-15T04:10:28.071+0000] {processor.py:829} INFO - Processing file /opt/airflow/dags/recalls_etl_v1.py for tasks to queue
[2023-11-15T04:10:28.073+0000] {logging_mixin.py:151} INFO - [2023-11-15T04:10:28.073+0000] {dagbag.py:536} INFO - Filling up the DagBag from /opt/airflow/dags/recalls_etl_v1.py
[2023-11-15T04:10:28.596+0000] {processor.py:839} INFO - DAG(s) dict_keys(['recalls_etl_v1']) retrieved from /opt/airflow/dags/recalls_etl_v1.py
[2023-11-15T04:10:28.615+0000] {logging_mixin.py:151} INFO - [2023-11-15T04:10:28.615+0000] {dag.py:2941} INFO - Sync 1 DAGs
[2023-11-15T04:10:28.628+0000] {logging_mixin.py:151} INFO - [2023-11-15T04:10:28.628+0000] {dag.py:3722} INFO - Setting next_dagrun for recalls_etl_v1 to None, run_after=None
[2023-11-15T04:10:28.661+0000] {processor.py:179} INFO - Processing /opt/airflow/dags/recalls_etl_v1.py took 0.600 seconds
[2023-11-15T04:10:59.496+0000] {processor.py:157} INFO - Started process (PID=1610) to work on /opt/airflow/dags/recalls_etl_v1.py
[2023-11-15T04:10:59.497+0000] {processor.py:829} INFO - Processing file /opt/airflow/dags/recalls_etl_v1.py for tasks to queue
[2023-11-15T04:10:59.500+0000] {logging_mixin.py:151} INFO - [2023-11-15T04:10:59.500+0000] {dagbag.py:536} INFO - Filling up the DagBag from /opt/airflow/dags/recalls_etl_v1.py
[2023-11-15T04:11:00.081+0000] {processor.py:839} INFO - DAG(s) dict_keys(['recalls_etl_v1']) retrieved from /opt/airflow/dags/recalls_etl_v1.py
[2023-11-15T04:11:00.105+0000] {logging_mixin.py:151} INFO - [2023-11-15T04:11:00.104+0000] {dag.py:2941} INFO - Sync 1 DAGs
[2023-11-15T04:11:00.119+0000] {logging_mixin.py:151} INFO - [2023-11-15T04:11:00.119+0000] {dag.py:3722} INFO - Setting next_dagrun for recalls_etl_v1 to None, run_after=None
[2023-11-15T04:11:00.144+0000] {processor.py:179} INFO - Processing /opt/airflow/dags/recalls_etl_v1.py took 0.653 seconds
[2023-11-15T04:11:31.043+0000] {processor.py:157} INFO - Started process (PID=1670) to work on /opt/airflow/dags/recalls_etl_v1.py
[2023-11-15T04:11:31.047+0000] {processor.py:829} INFO - Processing file /opt/airflow/dags/recalls_etl_v1.py for tasks to queue
[2023-11-15T04:11:31.050+0000] {logging_mixin.py:151} INFO - [2023-11-15T04:11:31.050+0000] {dagbag.py:536} INFO - Filling up the DagBag from /opt/airflow/dags/recalls_etl_v1.py
[2023-11-15T04:11:31.666+0000] {processor.py:839} INFO - DAG(s) dict_keys(['recalls_etl_v1']) retrieved from /opt/airflow/dags/recalls_etl_v1.py
[2023-11-15T04:11:31.680+0000] {logging_mixin.py:151} INFO - [2023-11-15T04:11:31.679+0000] {dag.py:2941} INFO - Sync 1 DAGs
[2023-11-15T04:11:31.693+0000] {logging_mixin.py:151} INFO - [2023-11-15T04:11:31.693+0000] {dag.py:3722} INFO - Setting next_dagrun for recalls_etl_v1 to None, run_after=None
[2023-11-15T04:11:31.718+0000] {processor.py:179} INFO - Processing /opt/airflow/dags/recalls_etl_v1.py took 0.683 seconds
[2023-11-15T04:12:02.221+0000] {processor.py:157} INFO - Started process (PID=1732) to work on /opt/airflow/dags/recalls_etl_v1.py
[2023-11-15T04:12:02.222+0000] {processor.py:829} INFO - Processing file /opt/airflow/dags/recalls_etl_v1.py for tasks to queue
[2023-11-15T04:12:02.226+0000] {logging_mixin.py:151} INFO - [2023-11-15T04:12:02.226+0000] {dagbag.py:536} INFO - Filling up the DagBag from /opt/airflow/dags/recalls_etl_v1.py
[2023-11-15T04:12:02.739+0000] {processor.py:839} INFO - DAG(s) dict_keys(['recalls_etl_v1']) retrieved from /opt/airflow/dags/recalls_etl_v1.py
[2023-11-15T04:12:02.852+0000] {logging_mixin.py:151} INFO - [2023-11-15T04:12:02.851+0000] {dag.py:2941} INFO - Sync 1 DAGs
[2023-11-15T04:12:02.863+0000] {logging_mixin.py:151} INFO - [2023-11-15T04:12:02.863+0000] {dag.py:3722} INFO - Setting next_dagrun for recalls_etl_v1 to None, run_after=None
[2023-11-15T04:12:02.889+0000] {processor.py:179} INFO - Processing /opt/airflow/dags/recalls_etl_v1.py took 0.677 seconds
[2023-11-15T04:12:32.935+0000] {processor.py:157} INFO - Started process (PID=1792) to work on /opt/airflow/dags/recalls_etl_v1.py
[2023-11-15T04:12:32.940+0000] {processor.py:829} INFO - Processing file /opt/airflow/dags/recalls_etl_v1.py for tasks to queue
[2023-11-15T04:12:32.942+0000] {logging_mixin.py:151} INFO - [2023-11-15T04:12:32.942+0000] {dagbag.py:536} INFO - Filling up the DagBag from /opt/airflow/dags/recalls_etl_v1.py
[2023-11-15T04:12:33.421+0000] {processor.py:839} INFO - DAG(s) dict_keys(['recalls_etl_v1']) retrieved from /opt/airflow/dags/recalls_etl_v1.py
[2023-11-15T04:12:33.443+0000] {logging_mixin.py:151} INFO - [2023-11-15T04:12:33.442+0000] {dag.py:2941} INFO - Sync 1 DAGs
[2023-11-15T04:12:33.456+0000] {logging_mixin.py:151} INFO - [2023-11-15T04:12:33.455+0000] {dag.py:3722} INFO - Setting next_dagrun for recalls_etl_v1 to None, run_after=None
[2023-11-15T04:12:33.478+0000] {processor.py:179} INFO - Processing /opt/airflow/dags/recalls_etl_v1.py took 0.552 seconds
[2023-11-15T04:13:04.353+0000] {processor.py:157} INFO - Started process (PID=1853) to work on /opt/airflow/dags/recalls_etl_v1.py
[2023-11-15T04:13:04.354+0000] {processor.py:829} INFO - Processing file /opt/airflow/dags/recalls_etl_v1.py for tasks to queue
[2023-11-15T04:13:04.357+0000] {logging_mixin.py:151} INFO - [2023-11-15T04:13:04.356+0000] {dagbag.py:536} INFO - Filling up the DagBag from /opt/airflow/dags/recalls_etl_v1.py
[2023-11-15T04:13:04.877+0000] {processor.py:839} INFO - DAG(s) dict_keys(['recalls_etl_v1']) retrieved from /opt/airflow/dags/recalls_etl_v1.py
[2023-11-15T04:13:04.993+0000] {logging_mixin.py:151} INFO - [2023-11-15T04:13:04.992+0000] {dag.py:2941} INFO - Sync 1 DAGs
[2023-11-15T04:13:05.006+0000] {logging_mixin.py:151} INFO - [2023-11-15T04:13:05.006+0000] {dag.py:3722} INFO - Setting next_dagrun for recalls_etl_v1 to None, run_after=None
[2023-11-15T04:13:05.033+0000] {processor.py:179} INFO - Processing /opt/airflow/dags/recalls_etl_v1.py took 0.685 seconds
[2023-11-15T04:13:35.309+0000] {processor.py:157} INFO - Started process (PID=1914) to work on /opt/airflow/dags/recalls_etl_v1.py
[2023-11-15T04:13:35.310+0000] {processor.py:829} INFO - Processing file /opt/airflow/dags/recalls_etl_v1.py for tasks to queue
[2023-11-15T04:13:35.313+0000] {logging_mixin.py:151} INFO - [2023-11-15T04:13:35.312+0000] {dagbag.py:536} INFO - Filling up the DagBag from /opt/airflow/dags/recalls_etl_v1.py
[2023-11-15T04:13:35.888+0000] {processor.py:839} INFO - DAG(s) dict_keys(['recalls_etl_v1']) retrieved from /opt/airflow/dags/recalls_etl_v1.py
[2023-11-15T04:13:35.912+0000] {logging_mixin.py:151} INFO - [2023-11-15T04:13:35.911+0000] {dag.py:2941} INFO - Sync 1 DAGs
[2023-11-15T04:13:35.926+0000] {logging_mixin.py:151} INFO - [2023-11-15T04:13:35.926+0000] {dag.py:3722} INFO - Setting next_dagrun for recalls_etl_v1 to None, run_after=None
[2023-11-15T04:13:35.952+0000] {processor.py:179} INFO - Processing /opt/airflow/dags/recalls_etl_v1.py took 0.646 seconds
[2023-11-15T04:14:06.454+0000] {processor.py:157} INFO - Started process (PID=1971) to work on /opt/airflow/dags/recalls_etl_v1.py
[2023-11-15T04:14:06.457+0000] {processor.py:829} INFO - Processing file /opt/airflow/dags/recalls_etl_v1.py for tasks to queue
[2023-11-15T04:14:06.459+0000] {logging_mixin.py:151} INFO - [2023-11-15T04:14:06.459+0000] {dagbag.py:536} INFO - Filling up the DagBag from /opt/airflow/dags/recalls_etl_v1.py
[2023-11-15T04:14:07.021+0000] {processor.py:839} INFO - DAG(s) dict_keys(['recalls_etl_v1']) retrieved from /opt/airflow/dags/recalls_etl_v1.py
[2023-11-15T04:14:07.046+0000] {logging_mixin.py:151} INFO - [2023-11-15T04:14:07.045+0000] {dag.py:2941} INFO - Sync 1 DAGs
[2023-11-15T04:14:07.059+0000] {logging_mixin.py:151} INFO - [2023-11-15T04:14:07.059+0000] {dag.py:3722} INFO - Setting next_dagrun for recalls_etl_v1 to None, run_after=None
[2023-11-15T04:14:07.081+0000] {processor.py:179} INFO - Processing /opt/airflow/dags/recalls_etl_v1.py took 0.631 seconds
[2023-11-15T04:14:37.764+0000] {processor.py:157} INFO - Started process (PID=2029) to work on /opt/airflow/dags/recalls_etl_v1.py
[2023-11-15T04:14:37.766+0000] {processor.py:829} INFO - Processing file /opt/airflow/dags/recalls_etl_v1.py for tasks to queue
[2023-11-15T04:14:37.770+0000] {logging_mixin.py:151} INFO - [2023-11-15T04:14:37.769+0000] {dagbag.py:536} INFO - Filling up the DagBag from /opt/airflow/dags/recalls_etl_v1.py
[2023-11-15T04:14:38.279+0000] {processor.py:839} INFO - DAG(s) dict_keys(['recalls_etl_v1']) retrieved from /opt/airflow/dags/recalls_etl_v1.py
[2023-11-15T04:14:38.300+0000] {logging_mixin.py:151} INFO - [2023-11-15T04:14:38.299+0000] {dag.py:2941} INFO - Sync 1 DAGs
[2023-11-15T04:14:38.312+0000] {logging_mixin.py:151} INFO - [2023-11-15T04:14:38.312+0000] {dag.py:3722} INFO - Setting next_dagrun for recalls_etl_v1 to None, run_after=None
[2023-11-15T04:14:38.335+0000] {processor.py:179} INFO - Processing /opt/airflow/dags/recalls_etl_v1.py took 0.581 seconds
[2023-11-15T04:15:08.406+0000] {processor.py:157} INFO - Started process (PID=2086) to work on /opt/airflow/dags/recalls_etl_v1.py
[2023-11-15T04:15:08.412+0000] {processor.py:829} INFO - Processing file /opt/airflow/dags/recalls_etl_v1.py for tasks to queue
[2023-11-15T04:15:08.416+0000] {logging_mixin.py:151} INFO - [2023-11-15T04:15:08.415+0000] {dagbag.py:536} INFO - Filling up the DagBag from /opt/airflow/dags/recalls_etl_v1.py
[2023-11-15T04:15:08.938+0000] {processor.py:839} INFO - DAG(s) dict_keys(['recalls_etl_v1']) retrieved from /opt/airflow/dags/recalls_etl_v1.py
[2023-11-15T04:15:08.959+0000] {logging_mixin.py:151} INFO - [2023-11-15T04:15:08.958+0000] {dag.py:2941} INFO - Sync 1 DAGs
[2023-11-15T04:15:08.972+0000] {logging_mixin.py:151} INFO - [2023-11-15T04:15:08.972+0000] {dag.py:3722} INFO - Setting next_dagrun for recalls_etl_v1 to None, run_after=None
[2023-11-15T04:15:08.998+0000] {processor.py:179} INFO - Processing /opt/airflow/dags/recalls_etl_v1.py took 0.599 seconds
[2023-11-15T04:15:39.648+0000] {processor.py:157} INFO - Started process (PID=2145) to work on /opt/airflow/dags/recalls_etl_v1.py
[2023-11-15T04:15:39.649+0000] {processor.py:829} INFO - Processing file /opt/airflow/dags/recalls_etl_v1.py for tasks to queue
[2023-11-15T04:15:39.652+0000] {logging_mixin.py:151} INFO - [2023-11-15T04:15:39.651+0000] {dagbag.py:536} INFO - Filling up the DagBag from /opt/airflow/dags/recalls_etl_v1.py
[2023-11-15T04:15:40.125+0000] {processor.py:839} INFO - DAG(s) dict_keys(['recalls_etl_v1']) retrieved from /opt/airflow/dags/recalls_etl_v1.py
[2023-11-15T04:15:40.146+0000] {logging_mixin.py:151} INFO - [2023-11-15T04:15:40.146+0000] {dag.py:2941} INFO - Sync 1 DAGs
[2023-11-15T04:15:40.159+0000] {logging_mixin.py:151} INFO - [2023-11-15T04:15:40.159+0000] {dag.py:3722} INFO - Setting next_dagrun for recalls_etl_v1 to None, run_after=None
[2023-11-15T04:15:40.186+0000] {processor.py:179} INFO - Processing /opt/airflow/dags/recalls_etl_v1.py took 0.542 seconds
[2023-11-15T04:16:10.935+0000] {processor.py:157} INFO - Started process (PID=2203) to work on /opt/airflow/dags/recalls_etl_v1.py
[2023-11-15T04:16:10.937+0000] {processor.py:829} INFO - Processing file /opt/airflow/dags/recalls_etl_v1.py for tasks to queue
[2023-11-15T04:16:10.940+0000] {logging_mixin.py:151} INFO - [2023-11-15T04:16:10.940+0000] {dagbag.py:536} INFO - Filling up the DagBag from /opt/airflow/dags/recalls_etl_v1.py
[2023-11-15T04:16:11.444+0000] {processor.py:839} INFO - DAG(s) dict_keys(['recalls_etl_v1']) retrieved from /opt/airflow/dags/recalls_etl_v1.py
[2023-11-15T04:16:11.468+0000] {logging_mixin.py:151} INFO - [2023-11-15T04:16:11.467+0000] {dag.py:2941} INFO - Sync 1 DAGs
[2023-11-15T04:16:11.482+0000] {logging_mixin.py:151} INFO - [2023-11-15T04:16:11.482+0000] {dag.py:3722} INFO - Setting next_dagrun for recalls_etl_v1 to None, run_after=None
[2023-11-15T04:16:11.505+0000] {processor.py:179} INFO - Processing /opt/airflow/dags/recalls_etl_v1.py took 0.575 seconds
[2023-11-15T04:16:42.217+0000] {processor.py:157} INFO - Started process (PID=2262) to work on /opt/airflow/dags/recalls_etl_v1.py
[2023-11-15T04:16:42.218+0000] {processor.py:829} INFO - Processing file /opt/airflow/dags/recalls_etl_v1.py for tasks to queue
[2023-11-15T04:16:42.221+0000] {logging_mixin.py:151} INFO - [2023-11-15T04:16:42.221+0000] {dagbag.py:536} INFO - Filling up the DagBag from /opt/airflow/dags/recalls_etl_v1.py
[2023-11-15T04:16:42.596+0000] {processor.py:839} INFO - DAG(s) dict_keys(['recalls_etl_v1']) retrieved from /opt/airflow/dags/recalls_etl_v1.py
[2023-11-15T04:16:42.618+0000] {logging_mixin.py:151} INFO - [2023-11-15T04:16:42.618+0000] {dag.py:2941} INFO - Sync 1 DAGs
[2023-11-15T04:16:42.635+0000] {logging_mixin.py:151} INFO - [2023-11-15T04:16:42.634+0000] {dag.py:3722} INFO - Setting next_dagrun for recalls_etl_v1 to None, run_after=None
[2023-11-15T04:16:42.661+0000] {processor.py:179} INFO - Processing /opt/airflow/dags/recalls_etl_v1.py took 0.450 seconds
[2023-11-15T04:17:13.509+0000] {processor.py:157} INFO - Started process (PID=2319) to work on /opt/airflow/dags/recalls_etl_v1.py
[2023-11-15T04:17:13.514+0000] {processor.py:829} INFO - Processing file /opt/airflow/dags/recalls_etl_v1.py for tasks to queue
[2023-11-15T04:17:13.518+0000] {logging_mixin.py:151} INFO - [2023-11-15T04:17:13.518+0000] {dagbag.py:536} INFO - Filling up the DagBag from /opt/airflow/dags/recalls_etl_v1.py
[2023-11-15T04:17:13.968+0000] {processor.py:839} INFO - DAG(s) dict_keys(['recalls_etl_v1']) retrieved from /opt/airflow/dags/recalls_etl_v1.py
[2023-11-15T04:17:13.990+0000] {logging_mixin.py:151} INFO - [2023-11-15T04:17:13.990+0000] {dag.py:2941} INFO - Sync 1 DAGs
[2023-11-15T04:17:14.005+0000] {logging_mixin.py:151} INFO - [2023-11-15T04:17:14.005+0000] {dag.py:3722} INFO - Setting next_dagrun for recalls_etl_v1 to None, run_after=None
[2023-11-15T04:17:14.030+0000] {processor.py:179} INFO - Processing /opt/airflow/dags/recalls_etl_v1.py took 0.527 seconds
[2023-11-15T04:17:44.995+0000] {processor.py:157} INFO - Started process (PID=2376) to work on /opt/airflow/dags/recalls_etl_v1.py
[2023-11-15T04:17:44.997+0000] {processor.py:829} INFO - Processing file /opt/airflow/dags/recalls_etl_v1.py for tasks to queue
[2023-11-15T04:17:45.001+0000] {logging_mixin.py:151} INFO - [2023-11-15T04:17:45.000+0000] {dagbag.py:536} INFO - Filling up the DagBag from /opt/airflow/dags/recalls_etl_v1.py
[2023-11-15T04:17:45.353+0000] {processor.py:839} INFO - DAG(s) dict_keys(['recalls_etl_v1']) retrieved from /opt/airflow/dags/recalls_etl_v1.py
[2023-11-15T04:17:45.376+0000] {logging_mixin.py:151} INFO - [2023-11-15T04:17:45.375+0000] {dag.py:2941} INFO - Sync 1 DAGs
[2023-11-15T04:17:45.390+0000] {logging_mixin.py:151} INFO - [2023-11-15T04:17:45.390+0000] {dag.py:3722} INFO - Setting next_dagrun for recalls_etl_v1 to None, run_after=None
[2023-11-15T04:17:45.416+0000] {processor.py:179} INFO - Processing /opt/airflow/dags/recalls_etl_v1.py took 0.427 seconds
[2023-11-15T04:18:15.592+0000] {processor.py:157} INFO - Started process (PID=2434) to work on /opt/airflow/dags/recalls_etl_v1.py
[2023-11-15T04:18:15.595+0000] {processor.py:829} INFO - Processing file /opt/airflow/dags/recalls_etl_v1.py for tasks to queue
[2023-11-15T04:18:15.598+0000] {logging_mixin.py:151} INFO - [2023-11-15T04:18:15.598+0000] {dagbag.py:536} INFO - Filling up the DagBag from /opt/airflow/dags/recalls_etl_v1.py
[2023-11-15T04:18:15.948+0000] {processor.py:839} INFO - DAG(s) dict_keys(['recalls_etl_v1']) retrieved from /opt/airflow/dags/recalls_etl_v1.py
[2023-11-15T04:18:15.974+0000] {logging_mixin.py:151} INFO - [2023-11-15T04:18:15.974+0000] {dag.py:2941} INFO - Sync 1 DAGs
[2023-11-15T04:18:15.990+0000] {logging_mixin.py:151} INFO - [2023-11-15T04:18:15.989+0000] {dag.py:3722} INFO - Setting next_dagrun for recalls_etl_v1 to None, run_after=None
[2023-11-15T04:18:16.014+0000] {processor.py:179} INFO - Processing /opt/airflow/dags/recalls_etl_v1.py took 0.427 seconds
[2023-11-15T04:18:46.066+0000] {processor.py:157} INFO - Started process (PID=2492) to work on /opt/airflow/dags/recalls_etl_v1.py
[2023-11-15T04:18:46.067+0000] {processor.py:829} INFO - Processing file /opt/airflow/dags/recalls_etl_v1.py for tasks to queue
[2023-11-15T04:18:46.070+0000] {logging_mixin.py:151} INFO - [2023-11-15T04:18:46.070+0000] {dagbag.py:536} INFO - Filling up the DagBag from /opt/airflow/dags/recalls_etl_v1.py
[2023-11-15T04:18:46.501+0000] {processor.py:839} INFO - DAG(s) dict_keys(['recalls_etl_v1']) retrieved from /opt/airflow/dags/recalls_etl_v1.py
[2023-11-15T04:18:46.529+0000] {logging_mixin.py:151} INFO - [2023-11-15T04:18:46.528+0000] {dag.py:2941} INFO - Sync 1 DAGs
[2023-11-15T04:18:46.550+0000] {logging_mixin.py:151} INFO - [2023-11-15T04:18:46.550+0000] {dag.py:3722} INFO - Setting next_dagrun for recalls_etl_v1 to None, run_after=None
[2023-11-15T04:18:46.580+0000] {processor.py:179} INFO - Processing /opt/airflow/dags/recalls_etl_v1.py took 0.520 seconds
[2023-11-15T04:19:17.571+0000] {processor.py:157} INFO - Started process (PID=2549) to work on /opt/airflow/dags/recalls_etl_v1.py
[2023-11-15T04:19:17.576+0000] {processor.py:829} INFO - Processing file /opt/airflow/dags/recalls_etl_v1.py for tasks to queue
[2023-11-15T04:19:17.580+0000] {logging_mixin.py:151} INFO - [2023-11-15T04:19:17.580+0000] {dagbag.py:536} INFO - Filling up the DagBag from /opt/airflow/dags/recalls_etl_v1.py
[2023-11-15T04:19:17.968+0000] {processor.py:839} INFO - DAG(s) dict_keys(['recalls_etl_v1']) retrieved from /opt/airflow/dags/recalls_etl_v1.py
[2023-11-15T04:19:17.991+0000] {logging_mixin.py:151} INFO - [2023-11-15T04:19:17.990+0000] {dag.py:2941} INFO - Sync 1 DAGs
[2023-11-15T04:19:18.006+0000] {logging_mixin.py:151} INFO - [2023-11-15T04:19:18.006+0000] {dag.py:3722} INFO - Setting next_dagrun for recalls_etl_v1 to None, run_after=None
[2023-11-15T04:19:18.032+0000] {processor.py:179} INFO - Processing /opt/airflow/dags/recalls_etl_v1.py took 0.465 seconds
[2023-11-15T04:19:48.920+0000] {processor.py:157} INFO - Started process (PID=2610) to work on /opt/airflow/dags/recalls_etl_v1.py
[2023-11-15T04:19:48.921+0000] {processor.py:829} INFO - Processing file /opt/airflow/dags/recalls_etl_v1.py for tasks to queue
[2023-11-15T04:19:48.924+0000] {logging_mixin.py:151} INFO - [2023-11-15T04:19:48.923+0000] {dagbag.py:536} INFO - Filling up the DagBag from /opt/airflow/dags/recalls_etl_v1.py
[2023-11-15T04:19:49.296+0000] {processor.py:839} INFO - DAG(s) dict_keys(['recalls_etl_v1']) retrieved from /opt/airflow/dags/recalls_etl_v1.py
[2023-11-15T04:19:49.365+0000] {logging_mixin.py:151} INFO - [2023-11-15T04:19:49.364+0000] {dag.py:2941} INFO - Sync 1 DAGs
[2023-11-15T04:19:49.382+0000] {logging_mixin.py:151} INFO - [2023-11-15T04:19:49.381+0000] {dag.py:3722} INFO - Setting next_dagrun for recalls_etl_v1 to None, run_after=None
[2023-11-15T04:19:49.415+0000] {processor.py:179} INFO - Processing /opt/airflow/dags/recalls_etl_v1.py took 0.499 seconds
[2023-11-15T04:20:19.933+0000] {processor.py:157} INFO - Started process (PID=2671) to work on /opt/airflow/dags/recalls_etl_v1.py
[2023-11-15T04:20:19.934+0000] {processor.py:829} INFO - Processing file /opt/airflow/dags/recalls_etl_v1.py for tasks to queue
[2023-11-15T04:20:19.936+0000] {logging_mixin.py:151} INFO - [2023-11-15T04:20:19.936+0000] {dagbag.py:536} INFO - Filling up the DagBag from /opt/airflow/dags/recalls_etl_v1.py
[2023-11-15T04:20:20.264+0000] {processor.py:839} INFO - DAG(s) dict_keys(['recalls_etl_v1']) retrieved from /opt/airflow/dags/recalls_etl_v1.py
[2023-11-15T04:20:20.279+0000] {logging_mixin.py:151} INFO - [2023-11-15T04:20:20.278+0000] {dag.py:2941} INFO - Sync 1 DAGs
[2023-11-15T04:20:20.295+0000] {logging_mixin.py:151} INFO - [2023-11-15T04:20:20.294+0000] {dag.py:3722} INFO - Setting next_dagrun for recalls_etl_v1 to None, run_after=None
[2023-11-15T04:20:20.321+0000] {processor.py:179} INFO - Processing /opt/airflow/dags/recalls_etl_v1.py took 0.393 seconds
[2023-11-15T04:20:50.738+0000] {processor.py:157} INFO - Started process (PID=2733) to work on /opt/airflow/dags/recalls_etl_v1.py
[2023-11-15T04:20:50.743+0000] {processor.py:829} INFO - Processing file /opt/airflow/dags/recalls_etl_v1.py for tasks to queue
[2023-11-15T04:20:50.748+0000] {logging_mixin.py:151} INFO - [2023-11-15T04:20:50.748+0000] {dagbag.py:536} INFO - Filling up the DagBag from /opt/airflow/dags/recalls_etl_v1.py
[2023-11-15T04:20:51.089+0000] {processor.py:839} INFO - DAG(s) dict_keys(['recalls_etl_v1']) retrieved from /opt/airflow/dags/recalls_etl_v1.py
[2023-11-15T04:20:51.222+0000] {logging_mixin.py:151} INFO - [2023-11-15T04:20:51.221+0000] {dag.py:2941} INFO - Sync 1 DAGs
[2023-11-15T04:20:51.236+0000] {logging_mixin.py:151} INFO - [2023-11-15T04:20:51.236+0000] {dag.py:3722} INFO - Setting next_dagrun for recalls_etl_v1 to None, run_after=None
[2023-11-15T04:20:51.264+0000] {processor.py:179} INFO - Processing /opt/airflow/dags/recalls_etl_v1.py took 0.543 seconds
[2023-11-15T04:21:21.548+0000] {processor.py:157} INFO - Started process (PID=2802) to work on /opt/airflow/dags/recalls_etl_v1.py
[2023-11-15T04:21:21.549+0000] {processor.py:829} INFO - Processing file /opt/airflow/dags/recalls_etl_v1.py for tasks to queue
[2023-11-15T04:21:21.552+0000] {logging_mixin.py:151} INFO - [2023-11-15T04:21:21.551+0000] {dagbag.py:536} INFO - Filling up the DagBag from /opt/airflow/dags/recalls_etl_v1.py
[2023-11-15T04:21:21.952+0000] {processor.py:839} INFO - DAG(s) dict_keys(['recalls_etl_v1']) retrieved from /opt/airflow/dags/recalls_etl_v1.py
[2023-11-15T04:21:21.985+0000] {logging_mixin.py:151} INFO - [2023-11-15T04:21:21.984+0000] {dag.py:2941} INFO - Sync 1 DAGs
[2023-11-15T04:21:22.006+0000] {logging_mixin.py:151} INFO - [2023-11-15T04:21:22.006+0000] {dag.py:3722} INFO - Setting next_dagrun for recalls_etl_v1 to None, run_after=None
[2023-11-15T04:21:22.035+0000] {processor.py:179} INFO - Processing /opt/airflow/dags/recalls_etl_v1.py took 0.491 seconds
[2023-11-15T04:21:53.045+0000] {processor.py:157} INFO - Started process (PID=2862) to work on /opt/airflow/dags/recalls_etl_v1.py
[2023-11-15T04:21:53.047+0000] {processor.py:829} INFO - Processing file /opt/airflow/dags/recalls_etl_v1.py for tasks to queue
[2023-11-15T04:21:53.051+0000] {logging_mixin.py:151} INFO - [2023-11-15T04:21:53.050+0000] {dagbag.py:536} INFO - Filling up the DagBag from /opt/airflow/dags/recalls_etl_v1.py
[2023-11-15T04:21:53.487+0000] {processor.py:839} INFO - DAG(s) dict_keys(['recalls_etl_v1']) retrieved from /opt/airflow/dags/recalls_etl_v1.py
[2023-11-15T04:21:53.688+0000] {logging_mixin.py:151} INFO - [2023-11-15T04:21:53.687+0000] {dag.py:2941} INFO - Sync 1 DAGs
[2023-11-15T04:21:53.703+0000] {logging_mixin.py:151} INFO - [2023-11-15T04:21:53.703+0000] {dag.py:3722} INFO - Setting next_dagrun for recalls_etl_v1 to None, run_after=None
[2023-11-15T04:21:53.735+0000] {processor.py:179} INFO - Processing /opt/airflow/dags/recalls_etl_v1.py took 0.696 seconds
[2023-11-15T04:22:23.778+0000] {processor.py:157} INFO - Started process (PID=2923) to work on /opt/airflow/dags/recalls_etl_v1.py
[2023-11-15T04:22:23.782+0000] {processor.py:829} INFO - Processing file /opt/airflow/dags/recalls_etl_v1.py for tasks to queue
[2023-11-15T04:22:23.785+0000] {logging_mixin.py:151} INFO - [2023-11-15T04:22:23.785+0000] {dagbag.py:536} INFO - Filling up the DagBag from /opt/airflow/dags/recalls_etl_v1.py
[2023-11-15T04:22:24.115+0000] {processor.py:839} INFO - DAG(s) dict_keys(['recalls_etl_v1']) retrieved from /opt/airflow/dags/recalls_etl_v1.py
[2023-11-15T04:22:24.142+0000] {logging_mixin.py:151} INFO - [2023-11-15T04:22:24.141+0000] {dag.py:2941} INFO - Sync 1 DAGs
[2023-11-15T04:22:24.159+0000] {logging_mixin.py:151} INFO - [2023-11-15T04:22:24.158+0000] {dag.py:3722} INFO - Setting next_dagrun for recalls_etl_v1 to None, run_after=None
[2023-11-15T04:22:24.188+0000] {processor.py:179} INFO - Processing /opt/airflow/dags/recalls_etl_v1.py took 0.414 seconds
[2023-11-15T04:22:54.386+0000] {processor.py:157} INFO - Started process (PID=2982) to work on /opt/airflow/dags/recalls_etl_v1.py
[2023-11-15T04:22:54.388+0000] {processor.py:829} INFO - Processing file /opt/airflow/dags/recalls_etl_v1.py for tasks to queue
[2023-11-15T04:22:54.391+0000] {logging_mixin.py:151} INFO - [2023-11-15T04:22:54.391+0000] {dagbag.py:536} INFO - Filling up the DagBag from /opt/airflow/dags/recalls_etl_v1.py
[2023-11-15T04:22:54.720+0000] {processor.py:839} INFO - DAG(s) dict_keys(['recalls_etl_v1']) retrieved from /opt/airflow/dags/recalls_etl_v1.py
[2023-11-15T04:22:54.746+0000] {logging_mixin.py:151} INFO - [2023-11-15T04:22:54.746+0000] {dag.py:2941} INFO - Sync 1 DAGs
[2023-11-15T04:22:54.763+0000] {logging_mixin.py:151} INFO - [2023-11-15T04:22:54.763+0000] {dag.py:3722} INFO - Setting next_dagrun for recalls_etl_v1 to None, run_after=None
[2023-11-15T04:22:54.793+0000] {processor.py:179} INFO - Processing /opt/airflow/dags/recalls_etl_v1.py took 0.411 seconds
[2023-11-15T04:23:25.406+0000] {processor.py:157} INFO - Started process (PID=3042) to work on /opt/airflow/dags/recalls_etl_v1.py
[2023-11-15T04:23:25.407+0000] {processor.py:829} INFO - Processing file /opt/airflow/dags/recalls_etl_v1.py for tasks to queue
[2023-11-15T04:23:25.411+0000] {logging_mixin.py:151} INFO - [2023-11-15T04:23:25.411+0000] {dagbag.py:536} INFO - Filling up the DagBag from /opt/airflow/dags/recalls_etl_v1.py
[2023-11-15T04:23:25.837+0000] {processor.py:839} INFO - DAG(s) dict_keys(['recalls_etl_v1']) retrieved from /opt/airflow/dags/recalls_etl_v1.py
[2023-11-15T04:23:25.990+0000] {logging_mixin.py:151} INFO - [2023-11-15T04:23:25.989+0000] {dag.py:2941} INFO - Sync 1 DAGs
[2023-11-15T04:23:26.008+0000] {logging_mixin.py:151} INFO - [2023-11-15T04:23:26.008+0000] {dag.py:3722} INFO - Setting next_dagrun for recalls_etl_v1 to None, run_after=None
[2023-11-15T04:23:26.040+0000] {processor.py:179} INFO - Processing /opt/airflow/dags/recalls_etl_v1.py took 0.639 seconds
[2023-11-15T04:23:56.415+0000] {processor.py:157} INFO - Started process (PID=3102) to work on /opt/airflow/dags/recalls_etl_v1.py
[2023-11-15T04:23:56.417+0000] {processor.py:829} INFO - Processing file /opt/airflow/dags/recalls_etl_v1.py for tasks to queue
[2023-11-15T04:23:56.419+0000] {logging_mixin.py:151} INFO - [2023-11-15T04:23:56.419+0000] {dagbag.py:536} INFO - Filling up the DagBag from /opt/airflow/dags/recalls_etl_v1.py
[2023-11-15T04:23:56.760+0000] {processor.py:839} INFO - DAG(s) dict_keys(['recalls_etl_v1']) retrieved from /opt/airflow/dags/recalls_etl_v1.py
[2023-11-15T04:23:56.783+0000] {logging_mixin.py:151} INFO - [2023-11-15T04:23:56.783+0000] {dag.py:2941} INFO - Sync 1 DAGs
[2023-11-15T04:23:56.798+0000] {logging_mixin.py:151} INFO - [2023-11-15T04:23:56.798+0000] {dag.py:3722} INFO - Setting next_dagrun for recalls_etl_v1 to None, run_after=None
[2023-11-15T04:23:56.823+0000] {processor.py:179} INFO - Processing /opt/airflow/dags/recalls_etl_v1.py took 0.412 seconds
[2023-11-15T04:24:27.343+0000] {processor.py:157} INFO - Started process (PID=3158) to work on /opt/airflow/dags/recalls_etl_v1.py
[2023-11-15T04:24:27.344+0000] {processor.py:829} INFO - Processing file /opt/airflow/dags/recalls_etl_v1.py for tasks to queue
[2023-11-15T04:24:27.348+0000] {logging_mixin.py:151} INFO - [2023-11-15T04:24:27.347+0000] {dagbag.py:536} INFO - Filling up the DagBag from /opt/airflow/dags/recalls_etl_v1.py
[2023-11-15T04:24:27.702+0000] {processor.py:839} INFO - DAG(s) dict_keys(['recalls_etl_v1']) retrieved from /opt/airflow/dags/recalls_etl_v1.py
[2023-11-15T04:24:27.717+0000] {logging_mixin.py:151} INFO - [2023-11-15T04:24:27.716+0000] {dag.py:2941} INFO - Sync 1 DAGs
[2023-11-15T04:24:27.733+0000] {logging_mixin.py:151} INFO - [2023-11-15T04:24:27.732+0000] {dag.py:3722} INFO - Setting next_dagrun for recalls_etl_v1 to None, run_after=None
[2023-11-15T04:24:27.758+0000] {processor.py:179} INFO - Processing /opt/airflow/dags/recalls_etl_v1.py took 0.422 seconds
[2023-11-15T04:24:58.062+0000] {processor.py:157} INFO - Started process (PID=3216) to work on /opt/airflow/dags/recalls_etl_v1.py
[2023-11-15T04:24:58.064+0000] {processor.py:829} INFO - Processing file /opt/airflow/dags/recalls_etl_v1.py for tasks to queue
[2023-11-15T04:24:58.067+0000] {logging_mixin.py:151} INFO - [2023-11-15T04:24:58.067+0000] {dagbag.py:536} INFO - Filling up the DagBag from /opt/airflow/dags/recalls_etl_v1.py
[2023-11-15T04:24:58.418+0000] {processor.py:839} INFO - DAG(s) dict_keys(['recalls_etl_v1']) retrieved from /opt/airflow/dags/recalls_etl_v1.py
[2023-11-15T04:24:58.542+0000] {logging_mixin.py:151} INFO - [2023-11-15T04:24:58.542+0000] {dag.py:2941} INFO - Sync 1 DAGs
[2023-11-15T04:24:58.558+0000] {logging_mixin.py:151} INFO - [2023-11-15T04:24:58.557+0000] {dag.py:3722} INFO - Setting next_dagrun for recalls_etl_v1 to None, run_after=None
[2023-11-15T04:24:58.585+0000] {processor.py:179} INFO - Processing /opt/airflow/dags/recalls_etl_v1.py took 0.529 seconds
[2023-11-15T04:25:29.157+0000] {processor.py:157} INFO - Started process (PID=3274) to work on /opt/airflow/dags/recalls_etl_v1.py
[2023-11-15T04:25:29.159+0000] {processor.py:829} INFO - Processing file /opt/airflow/dags/recalls_etl_v1.py for tasks to queue
[2023-11-15T04:25:29.164+0000] {logging_mixin.py:151} INFO - [2023-11-15T04:25:29.163+0000] {dagbag.py:536} INFO - Filling up the DagBag from /opt/airflow/dags/recalls_etl_v1.py
[2023-11-15T04:25:29.512+0000] {processor.py:839} INFO - DAG(s) dict_keys(['recalls_etl_v1']) retrieved from /opt/airflow/dags/recalls_etl_v1.py
[2023-11-15T04:25:29.534+0000] {logging_mixin.py:151} INFO - [2023-11-15T04:25:29.533+0000] {dag.py:2941} INFO - Sync 1 DAGs
[2023-11-15T04:25:29.551+0000] {logging_mixin.py:151} INFO - [2023-11-15T04:25:29.550+0000] {dag.py:3722} INFO - Setting next_dagrun for recalls_etl_v1 to None, run_after=None
[2023-11-15T04:25:29.574+0000] {processor.py:179} INFO - Processing /opt/airflow/dags/recalls_etl_v1.py took 0.424 seconds
[2023-11-15T04:26:00.242+0000] {processor.py:157} INFO - Started process (PID=3334) to work on /opt/airflow/dags/recalls_etl_v1.py
[2023-11-15T04:26:00.244+0000] {processor.py:829} INFO - Processing file /opt/airflow/dags/recalls_etl_v1.py for tasks to queue
[2023-11-15T04:26:00.247+0000] {logging_mixin.py:151} INFO - [2023-11-15T04:26:00.246+0000] {dagbag.py:536} INFO - Filling up the DagBag from /opt/airflow/dags/recalls_etl_v1.py
[2023-11-15T04:26:00.627+0000] {processor.py:839} INFO - DAG(s) dict_keys(['recalls_etl_v1']) retrieved from /opt/airflow/dags/recalls_etl_v1.py
[2023-11-15T04:26:00.648+0000] {logging_mixin.py:151} INFO - [2023-11-15T04:26:00.647+0000] {dag.py:2941} INFO - Sync 1 DAGs
[2023-11-15T04:26:00.662+0000] {logging_mixin.py:151} INFO - [2023-11-15T04:26:00.662+0000] {dag.py:3722} INFO - Setting next_dagrun for recalls_etl_v1 to None, run_after=None
[2023-11-15T04:26:00.683+0000] {processor.py:179} INFO - Processing /opt/airflow/dags/recalls_etl_v1.py took 0.447 seconds
[2023-11-15T04:26:31.657+0000] {processor.py:157} INFO - Started process (PID=3392) to work on /opt/airflow/dags/recalls_etl_v1.py
[2023-11-15T04:26:31.658+0000] {processor.py:829} INFO - Processing file /opt/airflow/dags/recalls_etl_v1.py for tasks to queue
[2023-11-15T04:26:31.662+0000] {logging_mixin.py:151} INFO - [2023-11-15T04:26:31.661+0000] {dagbag.py:536} INFO - Filling up the DagBag from /opt/airflow/dags/recalls_etl_v1.py
[2023-11-15T04:26:32.055+0000] {processor.py:839} INFO - DAG(s) dict_keys(['recalls_etl_v1']) retrieved from /opt/airflow/dags/recalls_etl_v1.py
[2023-11-15T04:26:32.081+0000] {logging_mixin.py:151} INFO - [2023-11-15T04:26:32.080+0000] {dag.py:2941} INFO - Sync 1 DAGs
[2023-11-15T04:26:32.100+0000] {logging_mixin.py:151} INFO - [2023-11-15T04:26:32.100+0000] {dag.py:3722} INFO - Setting next_dagrun for recalls_etl_v1 to None, run_after=None
[2023-11-15T04:26:32.125+0000] {processor.py:179} INFO - Processing /opt/airflow/dags/recalls_etl_v1.py took 0.473 seconds
[2023-11-15T04:27:02.313+0000] {processor.py:157} INFO - Started process (PID=3452) to work on /opt/airflow/dags/recalls_etl_v1.py
[2023-11-15T04:27:02.314+0000] {processor.py:829} INFO - Processing file /opt/airflow/dags/recalls_etl_v1.py for tasks to queue
[2023-11-15T04:27:02.328+0000] {logging_mixin.py:151} INFO - [2023-11-15T04:27:02.327+0000] {dagbag.py:536} INFO - Filling up the DagBag from /opt/airflow/dags/recalls_etl_v1.py
