[2023-11-15T03:11:02.733+0000] {processor.py:157} INFO - Started process (PID=68) to work on /home/airflow/.local/lib/python3.8/site-packages/airflow/example_dags/example_task_group_decorator.py
[2023-11-15T03:11:02.734+0000] {processor.py:829} INFO - Processing file /home/airflow/.local/lib/python3.8/site-packages/airflow/example_dags/example_task_group_decorator.py for tasks to queue
[2023-11-15T03:11:02.737+0000] {logging_mixin.py:151} INFO - [2023-11-15T03:11:02.737+0000] {dagbag.py:536} INFO - Filling up the DagBag from /home/airflow/.local/lib/python3.8/site-packages/airflow/example_dags/example_task_group_decorator.py
[2023-11-15T03:11:02.764+0000] {processor.py:839} INFO - DAG(s) dict_keys(['example_task_group_decorator']) retrieved from /home/airflow/.local/lib/python3.8/site-packages/airflow/example_dags/example_task_group_decorator.py
[2023-11-15T03:11:02.804+0000] {logging_mixin.py:151} INFO - [2023-11-15T03:11:02.804+0000] {dag.py:2941} INFO - Sync 1 DAGs
[2023-11-15T03:11:02.837+0000] {logging_mixin.py:151} INFO - [2023-11-15T03:11:02.837+0000] {dag.py:3722} INFO - Setting next_dagrun for example_task_group_decorator to 2023-11-14T03:11:02.837065+00:00, run_after=2023-11-15T03:11:02.837065+00:00
[2023-11-15T03:11:02.867+0000] {processor.py:179} INFO - Processing /home/airflow/.local/lib/python3.8/site-packages/airflow/example_dags/example_task_group_decorator.py took 0.140 seconds
[2023-11-15T03:57:36.691+0000] {processor.py:157} INFO - Started process (PID=70) to work on /home/airflow/.local/lib/python3.8/site-packages/airflow/example_dags/example_task_group_decorator.py
[2023-11-15T03:57:36.693+0000] {processor.py:829} INFO - Processing file /home/airflow/.local/lib/python3.8/site-packages/airflow/example_dags/example_task_group_decorator.py for tasks to queue
[2023-11-15T03:57:36.696+0000] {logging_mixin.py:151} INFO - [2023-11-15T03:57:36.695+0000] {dagbag.py:536} INFO - Filling up the DagBag from /home/airflow/.local/lib/python3.8/site-packages/airflow/example_dags/example_task_group_decorator.py
[2023-11-15T03:57:36.723+0000] {processor.py:839} INFO - DAG(s) dict_keys(['example_task_group_decorator']) retrieved from /home/airflow/.local/lib/python3.8/site-packages/airflow/example_dags/example_task_group_decorator.py
[2023-11-15T03:57:36.767+0000] {logging_mixin.py:151} INFO - [2023-11-15T03:57:36.766+0000] {dag.py:2941} INFO - Sync 1 DAGs
[2023-11-15T03:57:36.795+0000] {logging_mixin.py:151} INFO - [2023-11-15T03:57:36.795+0000] {dag.py:3722} INFO - Setting next_dagrun for example_task_group_decorator to 2023-11-14T03:57:36.795215+00:00, run_after=2023-11-15T03:57:36.795215+00:00
[2023-11-15T03:57:36.818+0000] {processor.py:179} INFO - Processing /home/airflow/.local/lib/python3.8/site-packages/airflow/example_dags/example_task_group_decorator.py took 0.132 seconds
[2023-11-15T03:58:07.767+0000] {processor.py:157} INFO - Started process (PID=128) to work on /home/airflow/.local/lib/python3.8/site-packages/airflow/example_dags/example_task_group_decorator.py
[2023-11-15T03:58:07.768+0000] {processor.py:829} INFO - Processing file /home/airflow/.local/lib/python3.8/site-packages/airflow/example_dags/example_task_group_decorator.py for tasks to queue
[2023-11-15T03:58:07.770+0000] {logging_mixin.py:151} INFO - [2023-11-15T03:58:07.770+0000] {dagbag.py:536} INFO - Filling up the DagBag from /home/airflow/.local/lib/python3.8/site-packages/airflow/example_dags/example_task_group_decorator.py
[2023-11-15T03:58:07.789+0000] {processor.py:839} INFO - DAG(s) dict_keys(['example_task_group_decorator']) retrieved from /home/airflow/.local/lib/python3.8/site-packages/airflow/example_dags/example_task_group_decorator.py
[2023-11-15T03:58:07.821+0000] {logging_mixin.py:151} INFO - [2023-11-15T03:58:07.821+0000] {dag.py:2941} INFO - Sync 1 DAGs
[2023-11-15T03:58:07.847+0000] {logging_mixin.py:151} INFO - [2023-11-15T03:58:07.847+0000] {dag.py:3722} INFO - Setting next_dagrun for example_task_group_decorator to 2023-11-14T03:58:07.847302+00:00, run_after=2023-11-15T03:58:07.847302+00:00
[2023-11-15T03:58:07.874+0000] {processor.py:179} INFO - Processing /home/airflow/.local/lib/python3.8/site-packages/airflow/example_dags/example_task_group_decorator.py took 0.111 seconds
[2023-11-15T03:58:38.413+0000] {processor.py:157} INFO - Started process (PID=186) to work on /home/airflow/.local/lib/python3.8/site-packages/airflow/example_dags/example_task_group_decorator.py
[2023-11-15T03:58:38.414+0000] {processor.py:829} INFO - Processing file /home/airflow/.local/lib/python3.8/site-packages/airflow/example_dags/example_task_group_decorator.py for tasks to queue
[2023-11-15T03:58:38.417+0000] {logging_mixin.py:151} INFO - [2023-11-15T03:58:38.417+0000] {dagbag.py:536} INFO - Filling up the DagBag from /home/airflow/.local/lib/python3.8/site-packages/airflow/example_dags/example_task_group_decorator.py
[2023-11-15T03:58:38.440+0000] {processor.py:839} INFO - DAG(s) dict_keys(['example_task_group_decorator']) retrieved from /home/airflow/.local/lib/python3.8/site-packages/airflow/example_dags/example_task_group_decorator.py
[2023-11-15T03:58:38.470+0000] {logging_mixin.py:151} INFO - [2023-11-15T03:58:38.470+0000] {dag.py:2941} INFO - Sync 1 DAGs
[2023-11-15T03:58:38.498+0000] {logging_mixin.py:151} INFO - [2023-11-15T03:58:38.498+0000] {dag.py:3722} INFO - Setting next_dagrun for example_task_group_decorator to 2023-11-14T03:58:38.497796+00:00, run_after=2023-11-15T03:58:38.497796+00:00
[2023-11-15T03:58:38.525+0000] {processor.py:179} INFO - Processing /home/airflow/.local/lib/python3.8/site-packages/airflow/example_dags/example_task_group_decorator.py took 0.117 seconds
[2023-11-15T03:59:09.181+0000] {processor.py:157} INFO - Started process (PID=248) to work on /home/airflow/.local/lib/python3.8/site-packages/airflow/example_dags/example_task_group_decorator.py
[2023-11-15T03:59:09.182+0000] {processor.py:829} INFO - Processing file /home/airflow/.local/lib/python3.8/site-packages/airflow/example_dags/example_task_group_decorator.py for tasks to queue
[2023-11-15T03:59:09.185+0000] {logging_mixin.py:151} INFO - [2023-11-15T03:59:09.184+0000] {dagbag.py:536} INFO - Filling up the DagBag from /home/airflow/.local/lib/python3.8/site-packages/airflow/example_dags/example_task_group_decorator.py
[2023-11-15T03:59:09.203+0000] {processor.py:839} INFO - DAG(s) dict_keys(['example_task_group_decorator']) retrieved from /home/airflow/.local/lib/python3.8/site-packages/airflow/example_dags/example_task_group_decorator.py
[2023-11-15T03:59:09.236+0000] {logging_mixin.py:151} INFO - [2023-11-15T03:59:09.235+0000] {dag.py:2941} INFO - Sync 1 DAGs
[2023-11-15T03:59:09.268+0000] {logging_mixin.py:151} INFO - [2023-11-15T03:59:09.267+0000] {dag.py:3722} INFO - Setting next_dagrun for example_task_group_decorator to 2023-11-14T03:59:09.267220+00:00, run_after=2023-11-15T03:59:09.267220+00:00
[2023-11-15T03:59:09.297+0000] {processor.py:179} INFO - Processing /home/airflow/.local/lib/python3.8/site-packages/airflow/example_dags/example_task_group_decorator.py took 0.120 seconds
[2023-11-15T03:59:39.815+0000] {processor.py:157} INFO - Started process (PID=306) to work on /home/airflow/.local/lib/python3.8/site-packages/airflow/example_dags/example_task_group_decorator.py
[2023-11-15T03:59:39.816+0000] {processor.py:829} INFO - Processing file /home/airflow/.local/lib/python3.8/site-packages/airflow/example_dags/example_task_group_decorator.py for tasks to queue
[2023-11-15T03:59:39.819+0000] {logging_mixin.py:151} INFO - [2023-11-15T03:59:39.819+0000] {dagbag.py:536} INFO - Filling up the DagBag from /home/airflow/.local/lib/python3.8/site-packages/airflow/example_dags/example_task_group_decorator.py
[2023-11-15T03:59:39.842+0000] {processor.py:839} INFO - DAG(s) dict_keys(['example_task_group_decorator']) retrieved from /home/airflow/.local/lib/python3.8/site-packages/airflow/example_dags/example_task_group_decorator.py
[2023-11-15T03:59:39.876+0000] {logging_mixin.py:151} INFO - [2023-11-15T03:59:39.876+0000] {dag.py:2941} INFO - Sync 1 DAGs
[2023-11-15T03:59:39.902+0000] {logging_mixin.py:151} INFO - [2023-11-15T03:59:39.902+0000] {dag.py:3722} INFO - Setting next_dagrun for example_task_group_decorator to 2023-11-14T03:59:39.901964+00:00, run_after=2023-11-15T03:59:39.901964+00:00
[2023-11-15T03:59:39.925+0000] {processor.py:179} INFO - Processing /home/airflow/.local/lib/python3.8/site-packages/airflow/example_dags/example_task_group_decorator.py took 0.115 seconds
[2023-11-15T04:00:10.233+0000] {processor.py:157} INFO - Started process (PID=364) to work on /home/airflow/.local/lib/python3.8/site-packages/airflow/example_dags/example_task_group_decorator.py
[2023-11-15T04:00:10.234+0000] {processor.py:829} INFO - Processing file /home/airflow/.local/lib/python3.8/site-packages/airflow/example_dags/example_task_group_decorator.py for tasks to queue
[2023-11-15T04:00:10.237+0000] {logging_mixin.py:151} INFO - [2023-11-15T04:00:10.236+0000] {dagbag.py:536} INFO - Filling up the DagBag from /home/airflow/.local/lib/python3.8/site-packages/airflow/example_dags/example_task_group_decorator.py
[2023-11-15T04:00:10.254+0000] {processor.py:839} INFO - DAG(s) dict_keys(['example_task_group_decorator']) retrieved from /home/airflow/.local/lib/python3.8/site-packages/airflow/example_dags/example_task_group_decorator.py
[2023-11-15T04:00:10.284+0000] {logging_mixin.py:151} INFO - [2023-11-15T04:00:10.284+0000] {dag.py:2941} INFO - Sync 1 DAGs
[2023-11-15T04:00:10.310+0000] {logging_mixin.py:151} INFO - [2023-11-15T04:00:10.310+0000] {dag.py:3722} INFO - Setting next_dagrun for example_task_group_decorator to 2023-11-14T04:00:10.310213+00:00, run_after=2023-11-15T04:00:10.310213+00:00
[2023-11-15T04:00:10.333+0000] {processor.py:179} INFO - Processing /home/airflow/.local/lib/python3.8/site-packages/airflow/example_dags/example_task_group_decorator.py took 0.104 seconds
[2023-11-15T04:00:40.948+0000] {processor.py:157} INFO - Started process (PID=423) to work on /home/airflow/.local/lib/python3.8/site-packages/airflow/example_dags/example_task_group_decorator.py
[2023-11-15T04:00:40.950+0000] {processor.py:829} INFO - Processing file /home/airflow/.local/lib/python3.8/site-packages/airflow/example_dags/example_task_group_decorator.py for tasks to queue
[2023-11-15T04:00:40.952+0000] {logging_mixin.py:151} INFO - [2023-11-15T04:00:40.952+0000] {dagbag.py:536} INFO - Filling up the DagBag from /home/airflow/.local/lib/python3.8/site-packages/airflow/example_dags/example_task_group_decorator.py
[2023-11-15T04:00:40.969+0000] {processor.py:839} INFO - DAG(s) dict_keys(['example_task_group_decorator']) retrieved from /home/airflow/.local/lib/python3.8/site-packages/airflow/example_dags/example_task_group_decorator.py
[2023-11-15T04:00:40.999+0000] {logging_mixin.py:151} INFO - [2023-11-15T04:00:40.998+0000] {dag.py:2941} INFO - Sync 1 DAGs
[2023-11-15T04:00:41.026+0000] {logging_mixin.py:151} INFO - [2023-11-15T04:00:41.025+0000] {dag.py:3722} INFO - Setting next_dagrun for example_task_group_decorator to 2023-11-14T04:00:41.025472+00:00, run_after=2023-11-15T04:00:41.025472+00:00
[2023-11-15T04:00:41.049+0000] {processor.py:179} INFO - Processing /home/airflow/.local/lib/python3.8/site-packages/airflow/example_dags/example_task_group_decorator.py took 0.104 seconds
[2023-11-15T04:01:11.697+0000] {processor.py:157} INFO - Started process (PID=481) to work on /home/airflow/.local/lib/python3.8/site-packages/airflow/example_dags/example_task_group_decorator.py
[2023-11-15T04:01:11.699+0000] {processor.py:829} INFO - Processing file /home/airflow/.local/lib/python3.8/site-packages/airflow/example_dags/example_task_group_decorator.py for tasks to queue
[2023-11-15T04:01:11.702+0000] {logging_mixin.py:151} INFO - [2023-11-15T04:01:11.702+0000] {dagbag.py:536} INFO - Filling up the DagBag from /home/airflow/.local/lib/python3.8/site-packages/airflow/example_dags/example_task_group_decorator.py
[2023-11-15T04:01:11.722+0000] {processor.py:839} INFO - DAG(s) dict_keys(['example_task_group_decorator']) retrieved from /home/airflow/.local/lib/python3.8/site-packages/airflow/example_dags/example_task_group_decorator.py
[2023-11-15T04:01:11.752+0000] {logging_mixin.py:151} INFO - [2023-11-15T04:01:11.752+0000] {dag.py:2941} INFO - Sync 1 DAGs
[2023-11-15T04:01:11.778+0000] {logging_mixin.py:151} INFO - [2023-11-15T04:01:11.778+0000] {dag.py:3722} INFO - Setting next_dagrun for example_task_group_decorator to 2023-11-14T04:01:11.777882+00:00, run_after=2023-11-15T04:01:11.777882+00:00
[2023-11-15T04:01:11.803+0000] {processor.py:179} INFO - Processing /home/airflow/.local/lib/python3.8/site-packages/airflow/example_dags/example_task_group_decorator.py took 0.112 seconds
[2023-11-15T04:01:42.982+0000] {processor.py:157} INFO - Started process (PID=539) to work on /home/airflow/.local/lib/python3.8/site-packages/airflow/example_dags/example_task_group_decorator.py
[2023-11-15T04:01:42.984+0000] {processor.py:829} INFO - Processing file /home/airflow/.local/lib/python3.8/site-packages/airflow/example_dags/example_task_group_decorator.py for tasks to queue
[2023-11-15T04:01:42.986+0000] {logging_mixin.py:151} INFO - [2023-11-15T04:01:42.986+0000] {dagbag.py:536} INFO - Filling up the DagBag from /home/airflow/.local/lib/python3.8/site-packages/airflow/example_dags/example_task_group_decorator.py
[2023-11-15T04:01:43.008+0000] {processor.py:839} INFO - DAG(s) dict_keys(['example_task_group_decorator']) retrieved from /home/airflow/.local/lib/python3.8/site-packages/airflow/example_dags/example_task_group_decorator.py
[2023-11-15T04:01:43.040+0000] {logging_mixin.py:151} INFO - [2023-11-15T04:01:43.039+0000] {dag.py:2941} INFO - Sync 1 DAGs
[2023-11-15T04:01:43.068+0000] {logging_mixin.py:151} INFO - [2023-11-15T04:01:43.067+0000] {dag.py:3722} INFO - Setting next_dagrun for example_task_group_decorator to 2023-11-14T04:01:43.067637+00:00, run_after=2023-11-15T04:01:43.067637+00:00
[2023-11-15T04:01:43.089+0000] {processor.py:179} INFO - Processing /home/airflow/.local/lib/python3.8/site-packages/airflow/example_dags/example_task_group_decorator.py took 0.111 seconds
[2023-11-15T04:02:13.784+0000] {processor.py:157} INFO - Started process (PID=602) to work on /home/airflow/.local/lib/python3.8/site-packages/airflow/example_dags/example_task_group_decorator.py
[2023-11-15T04:02:13.785+0000] {processor.py:829} INFO - Processing file /home/airflow/.local/lib/python3.8/site-packages/airflow/example_dags/example_task_group_decorator.py for tasks to queue
[2023-11-15T04:02:13.787+0000] {logging_mixin.py:151} INFO - [2023-11-15T04:02:13.787+0000] {dagbag.py:536} INFO - Filling up the DagBag from /home/airflow/.local/lib/python3.8/site-packages/airflow/example_dags/example_task_group_decorator.py
[2023-11-15T04:02:13.805+0000] {processor.py:839} INFO - DAG(s) dict_keys(['example_task_group_decorator']) retrieved from /home/airflow/.local/lib/python3.8/site-packages/airflow/example_dags/example_task_group_decorator.py
[2023-11-15T04:02:13.838+0000] {logging_mixin.py:151} INFO - [2023-11-15T04:02:13.837+0000] {dag.py:2941} INFO - Sync 1 DAGs
[2023-11-15T04:02:13.867+0000] {logging_mixin.py:151} INFO - [2023-11-15T04:02:13.867+0000] {dag.py:3722} INFO - Setting next_dagrun for example_task_group_decorator to 2023-11-14T04:02:13.867255+00:00, run_after=2023-11-15T04:02:13.867255+00:00
[2023-11-15T04:02:13.894+0000] {processor.py:179} INFO - Processing /home/airflow/.local/lib/python3.8/site-packages/airflow/example_dags/example_task_group_decorator.py took 0.114 seconds
[2023-11-15T04:02:44.780+0000] {processor.py:157} INFO - Started process (PID=662) to work on /home/airflow/.local/lib/python3.8/site-packages/airflow/example_dags/example_task_group_decorator.py
[2023-11-15T04:02:44.782+0000] {processor.py:829} INFO - Processing file /home/airflow/.local/lib/python3.8/site-packages/airflow/example_dags/example_task_group_decorator.py for tasks to queue
[2023-11-15T04:02:44.785+0000] {logging_mixin.py:151} INFO - [2023-11-15T04:02:44.784+0000] {dagbag.py:536} INFO - Filling up the DagBag from /home/airflow/.local/lib/python3.8/site-packages/airflow/example_dags/example_task_group_decorator.py
[2023-11-15T04:02:44.812+0000] {processor.py:839} INFO - DAG(s) dict_keys(['example_task_group_decorator']) retrieved from /home/airflow/.local/lib/python3.8/site-packages/airflow/example_dags/example_task_group_decorator.py
[2023-11-15T04:02:44.880+0000] {logging_mixin.py:151} INFO - [2023-11-15T04:02:44.879+0000] {dag.py:2941} INFO - Sync 1 DAGs
[2023-11-15T04:02:44.915+0000] {logging_mixin.py:151} INFO - [2023-11-15T04:02:44.915+0000] {dag.py:3722} INFO - Setting next_dagrun for example_task_group_decorator to 2023-11-14T04:02:44.915046+00:00, run_after=2023-11-15T04:02:44.915046+00:00
[2023-11-15T04:02:44.939+0000] {processor.py:179} INFO - Processing /home/airflow/.local/lib/python3.8/site-packages/airflow/example_dags/example_task_group_decorator.py took 0.164 seconds
[2023-11-15T04:03:15.513+0000] {processor.py:157} INFO - Started process (PID=720) to work on /home/airflow/.local/lib/python3.8/site-packages/airflow/example_dags/example_task_group_decorator.py
[2023-11-15T04:03:15.514+0000] {processor.py:829} INFO - Processing file /home/airflow/.local/lib/python3.8/site-packages/airflow/example_dags/example_task_group_decorator.py for tasks to queue
[2023-11-15T04:03:15.517+0000] {logging_mixin.py:151} INFO - [2023-11-15T04:03:15.516+0000] {dagbag.py:536} INFO - Filling up the DagBag from /home/airflow/.local/lib/python3.8/site-packages/airflow/example_dags/example_task_group_decorator.py
[2023-11-15T04:03:15.535+0000] {processor.py:839} INFO - DAG(s) dict_keys(['example_task_group_decorator']) retrieved from /home/airflow/.local/lib/python3.8/site-packages/airflow/example_dags/example_task_group_decorator.py
[2023-11-15T04:03:15.569+0000] {logging_mixin.py:151} INFO - [2023-11-15T04:03:15.569+0000] {dag.py:2941} INFO - Sync 1 DAGs
[2023-11-15T04:03:15.600+0000] {logging_mixin.py:151} INFO - [2023-11-15T04:03:15.600+0000] {dag.py:3722} INFO - Setting next_dagrun for example_task_group_decorator to 2023-11-14T04:03:15.599980+00:00, run_after=2023-11-15T04:03:15.599980+00:00
[2023-11-15T04:03:15.627+0000] {processor.py:179} INFO - Processing /home/airflow/.local/lib/python3.8/site-packages/airflow/example_dags/example_task_group_decorator.py took 0.118 seconds
[2023-11-15T04:03:46.387+0000] {processor.py:157} INFO - Started process (PID=787) to work on /home/airflow/.local/lib/python3.8/site-packages/airflow/example_dags/example_task_group_decorator.py
[2023-11-15T04:03:46.388+0000] {processor.py:829} INFO - Processing file /home/airflow/.local/lib/python3.8/site-packages/airflow/example_dags/example_task_group_decorator.py for tasks to queue
[2023-11-15T04:03:46.391+0000] {logging_mixin.py:151} INFO - [2023-11-15T04:03:46.390+0000] {dagbag.py:536} INFO - Filling up the DagBag from /home/airflow/.local/lib/python3.8/site-packages/airflow/example_dags/example_task_group_decorator.py
[2023-11-15T04:03:46.408+0000] {processor.py:839} INFO - DAG(s) dict_keys(['example_task_group_decorator']) retrieved from /home/airflow/.local/lib/python3.8/site-packages/airflow/example_dags/example_task_group_decorator.py
[2023-11-15T04:03:46.439+0000] {logging_mixin.py:151} INFO - [2023-11-15T04:03:46.439+0000] {dag.py:2941} INFO - Sync 1 DAGs
[2023-11-15T04:03:46.465+0000] {logging_mixin.py:151} INFO - [2023-11-15T04:03:46.465+0000] {dag.py:3722} INFO - Setting next_dagrun for example_task_group_decorator to 2023-11-14T04:03:46.465412+00:00, run_after=2023-11-15T04:03:46.465412+00:00
[2023-11-15T04:03:46.490+0000] {processor.py:179} INFO - Processing /home/airflow/.local/lib/python3.8/site-packages/airflow/example_dags/example_task_group_decorator.py took 0.108 seconds
[2023-11-15T04:04:16.975+0000] {processor.py:157} INFO - Started process (PID=845) to work on /home/airflow/.local/lib/python3.8/site-packages/airflow/example_dags/example_task_group_decorator.py
[2023-11-15T04:04:16.975+0000] {processor.py:829} INFO - Processing file /home/airflow/.local/lib/python3.8/site-packages/airflow/example_dags/example_task_group_decorator.py for tasks to queue
[2023-11-15T04:04:16.978+0000] {logging_mixin.py:151} INFO - [2023-11-15T04:04:16.978+0000] {dagbag.py:536} INFO - Filling up the DagBag from /home/airflow/.local/lib/python3.8/site-packages/airflow/example_dags/example_task_group_decorator.py
[2023-11-15T04:04:16.996+0000] {processor.py:839} INFO - DAG(s) dict_keys(['example_task_group_decorator']) retrieved from /home/airflow/.local/lib/python3.8/site-packages/airflow/example_dags/example_task_group_decorator.py
[2023-11-15T04:04:17.027+0000] {logging_mixin.py:151} INFO - [2023-11-15T04:04:17.027+0000] {dag.py:2941} INFO - Sync 1 DAGs
[2023-11-15T04:04:17.053+0000] {logging_mixin.py:151} INFO - [2023-11-15T04:04:17.053+0000] {dag.py:3722} INFO - Setting next_dagrun for example_task_group_decorator to 2023-11-14T04:04:17.053115+00:00, run_after=2023-11-15T04:04:17.053115+00:00
[2023-11-15T04:04:17.076+0000] {processor.py:179} INFO - Processing /home/airflow/.local/lib/python3.8/site-packages/airflow/example_dags/example_task_group_decorator.py took 0.106 seconds
[2023-11-15T04:04:48.032+0000] {processor.py:157} INFO - Started process (PID=903) to work on /home/airflow/.local/lib/python3.8/site-packages/airflow/example_dags/example_task_group_decorator.py
[2023-11-15T04:04:48.033+0000] {processor.py:829} INFO - Processing file /home/airflow/.local/lib/python3.8/site-packages/airflow/example_dags/example_task_group_decorator.py for tasks to queue
[2023-11-15T04:04:48.036+0000] {logging_mixin.py:151} INFO - [2023-11-15T04:04:48.036+0000] {dagbag.py:536} INFO - Filling up the DagBag from /home/airflow/.local/lib/python3.8/site-packages/airflow/example_dags/example_task_group_decorator.py
[2023-11-15T04:04:48.055+0000] {processor.py:839} INFO - DAG(s) dict_keys(['example_task_group_decorator']) retrieved from /home/airflow/.local/lib/python3.8/site-packages/airflow/example_dags/example_task_group_decorator.py
[2023-11-15T04:04:48.089+0000] {logging_mixin.py:151} INFO - [2023-11-15T04:04:48.089+0000] {dag.py:2941} INFO - Sync 1 DAGs
[2023-11-15T04:04:48.117+0000] {logging_mixin.py:151} INFO - [2023-11-15T04:04:48.117+0000] {dag.py:3722} INFO - Setting next_dagrun for example_task_group_decorator to 2023-11-14T04:04:48.117234+00:00, run_after=2023-11-15T04:04:48.117234+00:00
[2023-11-15T04:04:48.142+0000] {processor.py:179} INFO - Processing /home/airflow/.local/lib/python3.8/site-packages/airflow/example_dags/example_task_group_decorator.py took 0.116 seconds
[2023-11-15T04:05:18.439+0000] {processor.py:157} INFO - Started process (PID=962) to work on /home/airflow/.local/lib/python3.8/site-packages/airflow/example_dags/example_task_group_decorator.py
[2023-11-15T04:05:18.440+0000] {processor.py:829} INFO - Processing file /home/airflow/.local/lib/python3.8/site-packages/airflow/example_dags/example_task_group_decorator.py for tasks to queue
[2023-11-15T04:05:18.444+0000] {logging_mixin.py:151} INFO - [2023-11-15T04:05:18.444+0000] {dagbag.py:536} INFO - Filling up the DagBag from /home/airflow/.local/lib/python3.8/site-packages/airflow/example_dags/example_task_group_decorator.py
[2023-11-15T04:05:18.467+0000] {processor.py:839} INFO - DAG(s) dict_keys(['example_task_group_decorator']) retrieved from /home/airflow/.local/lib/python3.8/site-packages/airflow/example_dags/example_task_group_decorator.py
[2023-11-15T04:05:18.499+0000] {logging_mixin.py:151} INFO - [2023-11-15T04:05:18.499+0000] {dag.py:2941} INFO - Sync 1 DAGs
[2023-11-15T04:05:18.528+0000] {logging_mixin.py:151} INFO - [2023-11-15T04:05:18.528+0000] {dag.py:3722} INFO - Setting next_dagrun for example_task_group_decorator to 2023-11-14T04:05:18.527698+00:00, run_after=2023-11-15T04:05:18.527698+00:00
[2023-11-15T04:05:18.553+0000] {processor.py:179} INFO - Processing /home/airflow/.local/lib/python3.8/site-packages/airflow/example_dags/example_task_group_decorator.py took 0.119 seconds
[2023-11-15T04:05:49.462+0000] {processor.py:157} INFO - Started process (PID=1021) to work on /home/airflow/.local/lib/python3.8/site-packages/airflow/example_dags/example_task_group_decorator.py
[2023-11-15T04:05:49.463+0000] {processor.py:829} INFO - Processing file /home/airflow/.local/lib/python3.8/site-packages/airflow/example_dags/example_task_group_decorator.py for tasks to queue
[2023-11-15T04:05:49.466+0000] {logging_mixin.py:151} INFO - [2023-11-15T04:05:49.465+0000] {dagbag.py:536} INFO - Filling up the DagBag from /home/airflow/.local/lib/python3.8/site-packages/airflow/example_dags/example_task_group_decorator.py
[2023-11-15T04:05:49.484+0000] {processor.py:839} INFO - DAG(s) dict_keys(['example_task_group_decorator']) retrieved from /home/airflow/.local/lib/python3.8/site-packages/airflow/example_dags/example_task_group_decorator.py
[2023-11-15T04:05:49.515+0000] {logging_mixin.py:151} INFO - [2023-11-15T04:05:49.515+0000] {dag.py:2941} INFO - Sync 1 DAGs
[2023-11-15T04:05:49.542+0000] {logging_mixin.py:151} INFO - [2023-11-15T04:05:49.542+0000] {dag.py:3722} INFO - Setting next_dagrun for example_task_group_decorator to 2023-11-14T04:05:49.541722+00:00, run_after=2023-11-15T04:05:49.541722+00:00
[2023-11-15T04:05:49.567+0000] {processor.py:179} INFO - Processing /home/airflow/.local/lib/python3.8/site-packages/airflow/example_dags/example_task_group_decorator.py took 0.109 seconds
[2023-11-15T04:06:19.822+0000] {processor.py:157} INFO - Started process (PID=1078) to work on /home/airflow/.local/lib/python3.8/site-packages/airflow/example_dags/example_task_group_decorator.py
[2023-11-15T04:06:19.823+0000] {processor.py:829} INFO - Processing file /home/airflow/.local/lib/python3.8/site-packages/airflow/example_dags/example_task_group_decorator.py for tasks to queue
[2023-11-15T04:06:19.826+0000] {logging_mixin.py:151} INFO - [2023-11-15T04:06:19.825+0000] {dagbag.py:536} INFO - Filling up the DagBag from /home/airflow/.local/lib/python3.8/site-packages/airflow/example_dags/example_task_group_decorator.py
[2023-11-15T04:06:19.844+0000] {processor.py:839} INFO - DAG(s) dict_keys(['example_task_group_decorator']) retrieved from /home/airflow/.local/lib/python3.8/site-packages/airflow/example_dags/example_task_group_decorator.py
[2023-11-15T04:06:19.876+0000] {logging_mixin.py:151} INFO - [2023-11-15T04:06:19.876+0000] {dag.py:2941} INFO - Sync 1 DAGs
[2023-11-15T04:06:19.903+0000] {logging_mixin.py:151} INFO - [2023-11-15T04:06:19.903+0000] {dag.py:3722} INFO - Setting next_dagrun for example_task_group_decorator to 2023-11-14T04:06:19.903119+00:00, run_after=2023-11-15T04:06:19.903119+00:00
[2023-11-15T04:06:19.929+0000] {processor.py:179} INFO - Processing /home/airflow/.local/lib/python3.8/site-packages/airflow/example_dags/example_task_group_decorator.py took 0.111 seconds
[2023-11-15T04:06:50.435+0000] {processor.py:157} INFO - Started process (PID=1136) to work on /home/airflow/.local/lib/python3.8/site-packages/airflow/example_dags/example_task_group_decorator.py
[2023-11-15T04:06:50.436+0000] {processor.py:829} INFO - Processing file /home/airflow/.local/lib/python3.8/site-packages/airflow/example_dags/example_task_group_decorator.py for tasks to queue
[2023-11-15T04:06:50.439+0000] {logging_mixin.py:151} INFO - [2023-11-15T04:06:50.438+0000] {dagbag.py:536} INFO - Filling up the DagBag from /home/airflow/.local/lib/python3.8/site-packages/airflow/example_dags/example_task_group_decorator.py
[2023-11-15T04:06:50.457+0000] {processor.py:839} INFO - DAG(s) dict_keys(['example_task_group_decorator']) retrieved from /home/airflow/.local/lib/python3.8/site-packages/airflow/example_dags/example_task_group_decorator.py
[2023-11-15T04:06:50.490+0000] {logging_mixin.py:151} INFO - [2023-11-15T04:06:50.490+0000] {dag.py:2941} INFO - Sync 1 DAGs
[2023-11-15T04:06:50.519+0000] {logging_mixin.py:151} INFO - [2023-11-15T04:06:50.519+0000] {dag.py:3722} INFO - Setting next_dagrun for example_task_group_decorator to 2023-11-14T04:06:50.518670+00:00, run_after=2023-11-15T04:06:50.518670+00:00
[2023-11-15T04:06:50.547+0000] {processor.py:179} INFO - Processing /home/airflow/.local/lib/python3.8/site-packages/airflow/example_dags/example_task_group_decorator.py took 0.116 seconds
[2023-11-15T04:07:21.216+0000] {processor.py:157} INFO - Started process (PID=1195) to work on /home/airflow/.local/lib/python3.8/site-packages/airflow/example_dags/example_task_group_decorator.py
[2023-11-15T04:07:21.217+0000] {processor.py:829} INFO - Processing file /home/airflow/.local/lib/python3.8/site-packages/airflow/example_dags/example_task_group_decorator.py for tasks to queue
[2023-11-15T04:07:21.220+0000] {logging_mixin.py:151} INFO - [2023-11-15T04:07:21.220+0000] {dagbag.py:536} INFO - Filling up the DagBag from /home/airflow/.local/lib/python3.8/site-packages/airflow/example_dags/example_task_group_decorator.py
[2023-11-15T04:07:21.237+0000] {processor.py:839} INFO - DAG(s) dict_keys(['example_task_group_decorator']) retrieved from /home/airflow/.local/lib/python3.8/site-packages/airflow/example_dags/example_task_group_decorator.py
[2023-11-15T04:07:21.270+0000] {logging_mixin.py:151} INFO - [2023-11-15T04:07:21.270+0000] {dag.py:2941} INFO - Sync 1 DAGs
[2023-11-15T04:07:21.306+0000] {logging_mixin.py:151} INFO - [2023-11-15T04:07:21.306+0000] {dag.py:3722} INFO - Setting next_dagrun for example_task_group_decorator to 2023-11-14T04:07:21.305683+00:00, run_after=2023-11-15T04:07:21.305683+00:00
[2023-11-15T04:07:21.330+0000] {processor.py:179} INFO - Processing /home/airflow/.local/lib/python3.8/site-packages/airflow/example_dags/example_task_group_decorator.py took 0.118 seconds
[2023-11-15T04:07:51.711+0000] {processor.py:157} INFO - Started process (PID=1252) to work on /home/airflow/.local/lib/python3.8/site-packages/airflow/example_dags/example_task_group_decorator.py
[2023-11-15T04:07:51.713+0000] {processor.py:829} INFO - Processing file /home/airflow/.local/lib/python3.8/site-packages/airflow/example_dags/example_task_group_decorator.py for tasks to queue
[2023-11-15T04:07:51.715+0000] {logging_mixin.py:151} INFO - [2023-11-15T04:07:51.715+0000] {dagbag.py:536} INFO - Filling up the DagBag from /home/airflow/.local/lib/python3.8/site-packages/airflow/example_dags/example_task_group_decorator.py
[2023-11-15T04:07:51.735+0000] {processor.py:839} INFO - DAG(s) dict_keys(['example_task_group_decorator']) retrieved from /home/airflow/.local/lib/python3.8/site-packages/airflow/example_dags/example_task_group_decorator.py
[2023-11-15T04:07:51.767+0000] {logging_mixin.py:151} INFO - [2023-11-15T04:07:51.767+0000] {dag.py:2941} INFO - Sync 1 DAGs
[2023-11-15T04:07:51.797+0000] {logging_mixin.py:151} INFO - [2023-11-15T04:07:51.797+0000] {dag.py:3722} INFO - Setting next_dagrun for example_task_group_decorator to 2023-11-14T04:07:51.797058+00:00, run_after=2023-11-15T04:07:51.797058+00:00
[2023-11-15T04:07:51.832+0000] {processor.py:179} INFO - Processing /home/airflow/.local/lib/python3.8/site-packages/airflow/example_dags/example_task_group_decorator.py took 0.125 seconds
[2023-11-15T04:08:21.938+0000] {processor.py:157} INFO - Started process (PID=1310) to work on /home/airflow/.local/lib/python3.8/site-packages/airflow/example_dags/example_task_group_decorator.py
[2023-11-15T04:08:21.940+0000] {processor.py:829} INFO - Processing file /home/airflow/.local/lib/python3.8/site-packages/airflow/example_dags/example_task_group_decorator.py for tasks to queue
[2023-11-15T04:08:21.943+0000] {logging_mixin.py:151} INFO - [2023-11-15T04:08:21.943+0000] {dagbag.py:536} INFO - Filling up the DagBag from /home/airflow/.local/lib/python3.8/site-packages/airflow/example_dags/example_task_group_decorator.py
[2023-11-15T04:08:21.966+0000] {processor.py:839} INFO - DAG(s) dict_keys(['example_task_group_decorator']) retrieved from /home/airflow/.local/lib/python3.8/site-packages/airflow/example_dags/example_task_group_decorator.py
[2023-11-15T04:08:22.000+0000] {logging_mixin.py:151} INFO - [2023-11-15T04:08:22.000+0000] {dag.py:2941} INFO - Sync 1 DAGs
[2023-11-15T04:08:22.029+0000] {logging_mixin.py:151} INFO - [2023-11-15T04:08:22.029+0000] {dag.py:3722} INFO - Setting next_dagrun for example_task_group_decorator to 2023-11-14T04:08:22.028963+00:00, run_after=2023-11-15T04:08:22.028963+00:00
[2023-11-15T04:08:22.053+0000] {processor.py:179} INFO - Processing /home/airflow/.local/lib/python3.8/site-packages/airflow/example_dags/example_task_group_decorator.py took 0.119 seconds
[2023-11-15T04:08:52.335+0000] {processor.py:157} INFO - Started process (PID=1367) to work on /home/airflow/.local/lib/python3.8/site-packages/airflow/example_dags/example_task_group_decorator.py
[2023-11-15T04:08:52.336+0000] {processor.py:829} INFO - Processing file /home/airflow/.local/lib/python3.8/site-packages/airflow/example_dags/example_task_group_decorator.py for tasks to queue
[2023-11-15T04:08:52.339+0000] {logging_mixin.py:151} INFO - [2023-11-15T04:08:52.338+0000] {dagbag.py:536} INFO - Filling up the DagBag from /home/airflow/.local/lib/python3.8/site-packages/airflow/example_dags/example_task_group_decorator.py
[2023-11-15T04:08:52.357+0000] {processor.py:839} INFO - DAG(s) dict_keys(['example_task_group_decorator']) retrieved from /home/airflow/.local/lib/python3.8/site-packages/airflow/example_dags/example_task_group_decorator.py
[2023-11-15T04:08:52.388+0000] {logging_mixin.py:151} INFO - [2023-11-15T04:08:52.388+0000] {dag.py:2941} INFO - Sync 1 DAGs
[2023-11-15T04:08:52.414+0000] {logging_mixin.py:151} INFO - [2023-11-15T04:08:52.413+0000] {dag.py:3722} INFO - Setting next_dagrun for example_task_group_decorator to 2023-11-14T04:08:52.413626+00:00, run_after=2023-11-15T04:08:52.413626+00:00
[2023-11-15T04:08:52.444+0000] {processor.py:179} INFO - Processing /home/airflow/.local/lib/python3.8/site-packages/airflow/example_dags/example_task_group_decorator.py took 0.113 seconds
[2023-11-15T04:09:22.913+0000] {processor.py:157} INFO - Started process (PID=1424) to work on /home/airflow/.local/lib/python3.8/site-packages/airflow/example_dags/example_task_group_decorator.py
[2023-11-15T04:09:22.914+0000] {processor.py:829} INFO - Processing file /home/airflow/.local/lib/python3.8/site-packages/airflow/example_dags/example_task_group_decorator.py for tasks to queue
[2023-11-15T04:09:22.917+0000] {logging_mixin.py:151} INFO - [2023-11-15T04:09:22.916+0000] {dagbag.py:536} INFO - Filling up the DagBag from /home/airflow/.local/lib/python3.8/site-packages/airflow/example_dags/example_task_group_decorator.py
[2023-11-15T04:09:22.938+0000] {processor.py:839} INFO - DAG(s) dict_keys(['example_task_group_decorator']) retrieved from /home/airflow/.local/lib/python3.8/site-packages/airflow/example_dags/example_task_group_decorator.py
[2023-11-15T04:09:22.971+0000] {logging_mixin.py:151} INFO - [2023-11-15T04:09:22.971+0000] {dag.py:2941} INFO - Sync 1 DAGs
[2023-11-15T04:09:23.007+0000] {logging_mixin.py:151} INFO - [2023-11-15T04:09:23.007+0000] {dag.py:3722} INFO - Setting next_dagrun for example_task_group_decorator to 2023-11-14T04:09:23.007043+00:00, run_after=2023-11-15T04:09:23.007043+00:00
[2023-11-15T04:09:23.032+0000] {processor.py:179} INFO - Processing /home/airflow/.local/lib/python3.8/site-packages/airflow/example_dags/example_task_group_decorator.py took 0.123 seconds
[2023-11-15T04:09:53.428+0000] {processor.py:157} INFO - Started process (PID=1481) to work on /home/airflow/.local/lib/python3.8/site-packages/airflow/example_dags/example_task_group_decorator.py
[2023-11-15T04:09:53.430+0000] {processor.py:829} INFO - Processing file /home/airflow/.local/lib/python3.8/site-packages/airflow/example_dags/example_task_group_decorator.py for tasks to queue
[2023-11-15T04:09:53.433+0000] {logging_mixin.py:151} INFO - [2023-11-15T04:09:53.432+0000] {dagbag.py:536} INFO - Filling up the DagBag from /home/airflow/.local/lib/python3.8/site-packages/airflow/example_dags/example_task_group_decorator.py
[2023-11-15T04:09:53.451+0000] {processor.py:839} INFO - DAG(s) dict_keys(['example_task_group_decorator']) retrieved from /home/airflow/.local/lib/python3.8/site-packages/airflow/example_dags/example_task_group_decorator.py
[2023-11-15T04:09:53.486+0000] {logging_mixin.py:151} INFO - [2023-11-15T04:09:53.486+0000] {dag.py:2941} INFO - Sync 1 DAGs
[2023-11-15T04:09:53.515+0000] {logging_mixin.py:151} INFO - [2023-11-15T04:09:53.514+0000] {dag.py:3722} INFO - Setting next_dagrun for example_task_group_decorator to 2023-11-14T04:09:53.514687+00:00, run_after=2023-11-15T04:09:53.514687+00:00
[2023-11-15T04:09:53.539+0000] {processor.py:179} INFO - Processing /home/airflow/.local/lib/python3.8/site-packages/airflow/example_dags/example_task_group_decorator.py took 0.115 seconds
[2023-11-15T04:10:24.097+0000] {processor.py:157} INFO - Started process (PID=1538) to work on /home/airflow/.local/lib/python3.8/site-packages/airflow/example_dags/example_task_group_decorator.py
[2023-11-15T04:10:24.098+0000] {processor.py:829} INFO - Processing file /home/airflow/.local/lib/python3.8/site-packages/airflow/example_dags/example_task_group_decorator.py for tasks to queue
[2023-11-15T04:10:24.101+0000] {logging_mixin.py:151} INFO - [2023-11-15T04:10:24.100+0000] {dagbag.py:536} INFO - Filling up the DagBag from /home/airflow/.local/lib/python3.8/site-packages/airflow/example_dags/example_task_group_decorator.py
[2023-11-15T04:10:24.121+0000] {processor.py:839} INFO - DAG(s) dict_keys(['example_task_group_decorator']) retrieved from /home/airflow/.local/lib/python3.8/site-packages/airflow/example_dags/example_task_group_decorator.py
[2023-11-15T04:10:24.154+0000] {logging_mixin.py:151} INFO - [2023-11-15T04:10:24.154+0000] {dag.py:2941} INFO - Sync 1 DAGs
[2023-11-15T04:10:24.184+0000] {logging_mixin.py:151} INFO - [2023-11-15T04:10:24.184+0000] {dag.py:3722} INFO - Setting next_dagrun for example_task_group_decorator to 2023-11-14T04:10:24.184180+00:00, run_after=2023-11-15T04:10:24.184180+00:00
[2023-11-15T04:10:24.211+0000] {processor.py:179} INFO - Processing /home/airflow/.local/lib/python3.8/site-packages/airflow/example_dags/example_task_group_decorator.py took 0.118 seconds
[2023-11-15T04:10:54.719+0000] {processor.py:157} INFO - Started process (PID=1596) to work on /home/airflow/.local/lib/python3.8/site-packages/airflow/example_dags/example_task_group_decorator.py
[2023-11-15T04:10:54.720+0000] {processor.py:829} INFO - Processing file /home/airflow/.local/lib/python3.8/site-packages/airflow/example_dags/example_task_group_decorator.py for tasks to queue
[2023-11-15T04:10:54.724+0000] {logging_mixin.py:151} INFO - [2023-11-15T04:10:54.723+0000] {dagbag.py:536} INFO - Filling up the DagBag from /home/airflow/.local/lib/python3.8/site-packages/airflow/example_dags/example_task_group_decorator.py
[2023-11-15T04:10:54.748+0000] {processor.py:839} INFO - DAG(s) dict_keys(['example_task_group_decorator']) retrieved from /home/airflow/.local/lib/python3.8/site-packages/airflow/example_dags/example_task_group_decorator.py
[2023-11-15T04:10:54.781+0000] {logging_mixin.py:151} INFO - [2023-11-15T04:10:54.781+0000] {dag.py:2941} INFO - Sync 1 DAGs
[2023-11-15T04:10:54.807+0000] {logging_mixin.py:151} INFO - [2023-11-15T04:10:54.807+0000] {dag.py:3722} INFO - Setting next_dagrun for example_task_group_decorator to 2023-11-14T04:10:54.807246+00:00, run_after=2023-11-15T04:10:54.807246+00:00
[2023-11-15T04:10:54.829+0000] {processor.py:179} INFO - Processing /home/airflow/.local/lib/python3.8/site-packages/airflow/example_dags/example_task_group_decorator.py took 0.115 seconds
[2023-11-15T04:11:25.244+0000] {processor.py:157} INFO - Started process (PID=1657) to work on /home/airflow/.local/lib/python3.8/site-packages/airflow/example_dags/example_task_group_decorator.py
[2023-11-15T04:11:25.244+0000] {processor.py:829} INFO - Processing file /home/airflow/.local/lib/python3.8/site-packages/airflow/example_dags/example_task_group_decorator.py for tasks to queue
[2023-11-15T04:11:25.247+0000] {logging_mixin.py:151} INFO - [2023-11-15T04:11:25.246+0000] {dagbag.py:536} INFO - Filling up the DagBag from /home/airflow/.local/lib/python3.8/site-packages/airflow/example_dags/example_task_group_decorator.py
[2023-11-15T04:11:25.264+0000] {processor.py:839} INFO - DAG(s) dict_keys(['example_task_group_decorator']) retrieved from /home/airflow/.local/lib/python3.8/site-packages/airflow/example_dags/example_task_group_decorator.py
[2023-11-15T04:11:25.298+0000] {logging_mixin.py:151} INFO - [2023-11-15T04:11:25.298+0000] {dag.py:2941} INFO - Sync 1 DAGs
[2023-11-15T04:11:25.327+0000] {logging_mixin.py:151} INFO - [2023-11-15T04:11:25.326+0000] {dag.py:3722} INFO - Setting next_dagrun for example_task_group_decorator to 2023-11-14T04:11:25.326541+00:00, run_after=2023-11-15T04:11:25.326541+00:00
[2023-11-15T04:11:25.351+0000] {processor.py:179} INFO - Processing /home/airflow/.local/lib/python3.8/site-packages/airflow/example_dags/example_task_group_decorator.py took 0.111 seconds
[2023-11-15T04:11:56.340+0000] {processor.py:157} INFO - Started process (PID=1719) to work on /home/airflow/.local/lib/python3.8/site-packages/airflow/example_dags/example_task_group_decorator.py
[2023-11-15T04:11:56.341+0000] {processor.py:829} INFO - Processing file /home/airflow/.local/lib/python3.8/site-packages/airflow/example_dags/example_task_group_decorator.py for tasks to queue
[2023-11-15T04:11:56.343+0000] {logging_mixin.py:151} INFO - [2023-11-15T04:11:56.343+0000] {dagbag.py:536} INFO - Filling up the DagBag from /home/airflow/.local/lib/python3.8/site-packages/airflow/example_dags/example_task_group_decorator.py
[2023-11-15T04:11:56.362+0000] {processor.py:839} INFO - DAG(s) dict_keys(['example_task_group_decorator']) retrieved from /home/airflow/.local/lib/python3.8/site-packages/airflow/example_dags/example_task_group_decorator.py
[2023-11-15T04:11:56.396+0000] {logging_mixin.py:151} INFO - [2023-11-15T04:11:56.396+0000] {dag.py:2941} INFO - Sync 1 DAGs
[2023-11-15T04:11:56.424+0000] {logging_mixin.py:151} INFO - [2023-11-15T04:11:56.423+0000] {dag.py:3722} INFO - Setting next_dagrun for example_task_group_decorator to 2023-11-14T04:11:56.423583+00:00, run_after=2023-11-15T04:11:56.423583+00:00
[2023-11-15T04:11:56.449+0000] {processor.py:179} INFO - Processing /home/airflow/.local/lib/python3.8/site-packages/airflow/example_dags/example_task_group_decorator.py took 0.113 seconds
[2023-11-15T04:12:27.126+0000] {processor.py:157} INFO - Started process (PID=1779) to work on /home/airflow/.local/lib/python3.8/site-packages/airflow/example_dags/example_task_group_decorator.py
[2023-11-15T04:12:27.127+0000] {processor.py:829} INFO - Processing file /home/airflow/.local/lib/python3.8/site-packages/airflow/example_dags/example_task_group_decorator.py for tasks to queue
[2023-11-15T04:12:27.129+0000] {logging_mixin.py:151} INFO - [2023-11-15T04:12:27.129+0000] {dagbag.py:536} INFO - Filling up the DagBag from /home/airflow/.local/lib/python3.8/site-packages/airflow/example_dags/example_task_group_decorator.py
[2023-11-15T04:12:27.147+0000] {processor.py:839} INFO - DAG(s) dict_keys(['example_task_group_decorator']) retrieved from /home/airflow/.local/lib/python3.8/site-packages/airflow/example_dags/example_task_group_decorator.py
[2023-11-15T04:12:27.178+0000] {logging_mixin.py:151} INFO - [2023-11-15T04:12:27.178+0000] {dag.py:2941} INFO - Sync 1 DAGs
[2023-11-15T04:12:27.204+0000] {logging_mixin.py:151} INFO - [2023-11-15T04:12:27.204+0000] {dag.py:3722} INFO - Setting next_dagrun for example_task_group_decorator to 2023-11-14T04:12:27.204185+00:00, run_after=2023-11-15T04:12:27.204185+00:00
[2023-11-15T04:12:27.227+0000] {processor.py:179} INFO - Processing /home/airflow/.local/lib/python3.8/site-packages/airflow/example_dags/example_task_group_decorator.py took 0.105 seconds
[2023-11-15T04:12:57.384+0000] {processor.py:157} INFO - Started process (PID=1839) to work on /home/airflow/.local/lib/python3.8/site-packages/airflow/example_dags/example_task_group_decorator.py
[2023-11-15T04:12:57.386+0000] {processor.py:829} INFO - Processing file /home/airflow/.local/lib/python3.8/site-packages/airflow/example_dags/example_task_group_decorator.py for tasks to queue
[2023-11-15T04:12:57.394+0000] {logging_mixin.py:151} INFO - [2023-11-15T04:12:57.394+0000] {dagbag.py:536} INFO - Filling up the DagBag from /home/airflow/.local/lib/python3.8/site-packages/airflow/example_dags/example_task_group_decorator.py
[2023-11-15T04:12:57.415+0000] {processor.py:839} INFO - DAG(s) dict_keys(['example_task_group_decorator']) retrieved from /home/airflow/.local/lib/python3.8/site-packages/airflow/example_dags/example_task_group_decorator.py
[2023-11-15T04:12:57.451+0000] {logging_mixin.py:151} INFO - [2023-11-15T04:12:57.450+0000] {dag.py:2941} INFO - Sync 1 DAGs
[2023-11-15T04:12:57.479+0000] {logging_mixin.py:151} INFO - [2023-11-15T04:12:57.479+0000] {dag.py:3722} INFO - Setting next_dagrun for example_task_group_decorator to 2023-11-14T04:12:57.479367+00:00, run_after=2023-11-15T04:12:57.479367+00:00
[2023-11-15T04:12:57.504+0000] {processor.py:179} INFO - Processing /home/airflow/.local/lib/python3.8/site-packages/airflow/example_dags/example_task_group_decorator.py took 0.126 seconds
[2023-11-15T04:13:27.935+0000] {processor.py:157} INFO - Started process (PID=1900) to work on /home/airflow/.local/lib/python3.8/site-packages/airflow/example_dags/example_task_group_decorator.py
[2023-11-15T04:13:27.935+0000] {processor.py:829} INFO - Processing file /home/airflow/.local/lib/python3.8/site-packages/airflow/example_dags/example_task_group_decorator.py for tasks to queue
[2023-11-15T04:13:27.938+0000] {logging_mixin.py:151} INFO - [2023-11-15T04:13:27.937+0000] {dagbag.py:536} INFO - Filling up the DagBag from /home/airflow/.local/lib/python3.8/site-packages/airflow/example_dags/example_task_group_decorator.py
[2023-11-15T04:13:27.962+0000] {processor.py:839} INFO - DAG(s) dict_keys(['example_task_group_decorator']) retrieved from /home/airflow/.local/lib/python3.8/site-packages/airflow/example_dags/example_task_group_decorator.py
[2023-11-15T04:13:27.997+0000] {logging_mixin.py:151} INFO - [2023-11-15T04:13:27.996+0000] {dag.py:2941} INFO - Sync 1 DAGs
[2023-11-15T04:13:28.030+0000] {logging_mixin.py:151} INFO - [2023-11-15T04:13:28.030+0000] {dag.py:3722} INFO - Setting next_dagrun for example_task_group_decorator to 2023-11-14T04:13:28.030177+00:00, run_after=2023-11-15T04:13:28.030177+00:00
[2023-11-15T04:13:28.057+0000] {processor.py:179} INFO - Processing /home/airflow/.local/lib/python3.8/site-packages/airflow/example_dags/example_task_group_decorator.py took 0.126 seconds
[2023-11-15T04:13:59.304+0000] {processor.py:157} INFO - Started process (PID=1958) to work on /home/airflow/.local/lib/python3.8/site-packages/airflow/example_dags/example_task_group_decorator.py
[2023-11-15T04:13:59.307+0000] {processor.py:829} INFO - Processing file /home/airflow/.local/lib/python3.8/site-packages/airflow/example_dags/example_task_group_decorator.py for tasks to queue
[2023-11-15T04:13:59.311+0000] {logging_mixin.py:151} INFO - [2023-11-15T04:13:59.310+0000] {dagbag.py:536} INFO - Filling up the DagBag from /home/airflow/.local/lib/python3.8/site-packages/airflow/example_dags/example_task_group_decorator.py
[2023-11-15T04:13:59.346+0000] {processor.py:839} INFO - DAG(s) dict_keys(['example_task_group_decorator']) retrieved from /home/airflow/.local/lib/python3.8/site-packages/airflow/example_dags/example_task_group_decorator.py
[2023-11-15T04:13:59.394+0000] {logging_mixin.py:151} INFO - [2023-11-15T04:13:59.394+0000] {dag.py:2941} INFO - Sync 1 DAGs
[2023-11-15T04:13:59.662+0000] {logging_mixin.py:151} INFO - [2023-11-15T04:13:59.661+0000] {dag.py:3722} INFO - Setting next_dagrun for example_task_group_decorator to 2023-11-14T04:13:59.661666+00:00, run_after=2023-11-15T04:13:59.661666+00:00
[2023-11-15T04:13:59.687+0000] {processor.py:179} INFO - Processing /home/airflow/.local/lib/python3.8/site-packages/airflow/example_dags/example_task_group_decorator.py took 0.388 seconds
[2023-11-15T04:14:29.998+0000] {processor.py:157} INFO - Started process (PID=2015) to work on /home/airflow/.local/lib/python3.8/site-packages/airflow/example_dags/example_task_group_decorator.py
[2023-11-15T04:14:29.999+0000] {processor.py:829} INFO - Processing file /home/airflow/.local/lib/python3.8/site-packages/airflow/example_dags/example_task_group_decorator.py for tasks to queue
[2023-11-15T04:14:30.001+0000] {logging_mixin.py:151} INFO - [2023-11-15T04:14:30.001+0000] {dagbag.py:536} INFO - Filling up the DagBag from /home/airflow/.local/lib/python3.8/site-packages/airflow/example_dags/example_task_group_decorator.py
[2023-11-15T04:14:30.020+0000] {processor.py:839} INFO - DAG(s) dict_keys(['example_task_group_decorator']) retrieved from /home/airflow/.local/lib/python3.8/site-packages/airflow/example_dags/example_task_group_decorator.py
[2023-11-15T04:14:30.051+0000] {logging_mixin.py:151} INFO - [2023-11-15T04:14:30.051+0000] {dag.py:2941} INFO - Sync 1 DAGs
[2023-11-15T04:14:30.083+0000] {logging_mixin.py:151} INFO - [2023-11-15T04:14:30.082+0000] {dag.py:3722} INFO - Setting next_dagrun for example_task_group_decorator to 2023-11-14T04:14:30.082536+00:00, run_after=2023-11-15T04:14:30.082536+00:00
[2023-11-15T04:14:30.272+0000] {processor.py:179} INFO - Processing /home/airflow/.local/lib/python3.8/site-packages/airflow/example_dags/example_task_group_decorator.py took 0.279 seconds
[2023-11-15T04:15:00.520+0000] {processor.py:157} INFO - Started process (PID=2072) to work on /home/airflow/.local/lib/python3.8/site-packages/airflow/example_dags/example_task_group_decorator.py
[2023-11-15T04:15:00.521+0000] {processor.py:829} INFO - Processing file /home/airflow/.local/lib/python3.8/site-packages/airflow/example_dags/example_task_group_decorator.py for tasks to queue
[2023-11-15T04:15:00.524+0000] {logging_mixin.py:151} INFO - [2023-11-15T04:15:00.523+0000] {dagbag.py:536} INFO - Filling up the DagBag from /home/airflow/.local/lib/python3.8/site-packages/airflow/example_dags/example_task_group_decorator.py
[2023-11-15T04:15:00.546+0000] {processor.py:839} INFO - DAG(s) dict_keys(['example_task_group_decorator']) retrieved from /home/airflow/.local/lib/python3.8/site-packages/airflow/example_dags/example_task_group_decorator.py
[2023-11-15T04:15:00.579+0000] {logging_mixin.py:151} INFO - [2023-11-15T04:15:00.579+0000] {dag.py:2941} INFO - Sync 1 DAGs
[2023-11-15T04:15:00.605+0000] {logging_mixin.py:151} INFO - [2023-11-15T04:15:00.605+0000] {dag.py:3722} INFO - Setting next_dagrun for example_task_group_decorator to 2023-11-14T04:15:00.604898+00:00, run_after=2023-11-15T04:15:00.604898+00:00
[2023-11-15T04:15:00.629+0000] {processor.py:179} INFO - Processing /home/airflow/.local/lib/python3.8/site-packages/airflow/example_dags/example_task_group_decorator.py took 0.112 seconds
[2023-11-15T04:15:31.683+0000] {processor.py:157} INFO - Started process (PID=2130) to work on /home/airflow/.local/lib/python3.8/site-packages/airflow/example_dags/example_task_group_decorator.py
[2023-11-15T04:15:31.685+0000] {processor.py:829} INFO - Processing file /home/airflow/.local/lib/python3.8/site-packages/airflow/example_dags/example_task_group_decorator.py for tasks to queue
[2023-11-15T04:15:31.689+0000] {logging_mixin.py:151} INFO - [2023-11-15T04:15:31.688+0000] {dagbag.py:536} INFO - Filling up the DagBag from /home/airflow/.local/lib/python3.8/site-packages/airflow/example_dags/example_task_group_decorator.py
[2023-11-15T04:15:31.733+0000] {processor.py:839} INFO - DAG(s) dict_keys(['example_task_group_decorator']) retrieved from /home/airflow/.local/lib/python3.8/site-packages/airflow/example_dags/example_task_group_decorator.py
[2023-11-15T04:15:31.934+0000] {logging_mixin.py:151} INFO - [2023-11-15T04:15:31.934+0000] {dag.py:2941} INFO - Sync 1 DAGs
[2023-11-15T04:15:31.958+0000] {logging_mixin.py:151} INFO - [2023-11-15T04:15:31.957+0000] {dag.py:3722} INFO - Setting next_dagrun for example_task_group_decorator to 2023-11-14T04:15:31.957610+00:00, run_after=2023-11-15T04:15:31.957610+00:00
[2023-11-15T04:15:31.981+0000] {processor.py:179} INFO - Processing /home/airflow/.local/lib/python3.8/site-packages/airflow/example_dags/example_task_group_decorator.py took 0.310 seconds
[2023-11-15T04:16:02.262+0000] {processor.py:157} INFO - Started process (PID=2190) to work on /home/airflow/.local/lib/python3.8/site-packages/airflow/example_dags/example_task_group_decorator.py
[2023-11-15T04:16:02.263+0000] {processor.py:829} INFO - Processing file /home/airflow/.local/lib/python3.8/site-packages/airflow/example_dags/example_task_group_decorator.py for tasks to queue
[2023-11-15T04:16:02.266+0000] {logging_mixin.py:151} INFO - [2023-11-15T04:16:02.265+0000] {dagbag.py:536} INFO - Filling up the DagBag from /home/airflow/.local/lib/python3.8/site-packages/airflow/example_dags/example_task_group_decorator.py
[2023-11-15T04:16:02.284+0000] {processor.py:839} INFO - DAG(s) dict_keys(['example_task_group_decorator']) retrieved from /home/airflow/.local/lib/python3.8/site-packages/airflow/example_dags/example_task_group_decorator.py
[2023-11-15T04:16:02.314+0000] {logging_mixin.py:151} INFO - [2023-11-15T04:16:02.314+0000] {dag.py:2941} INFO - Sync 1 DAGs
[2023-11-15T04:16:02.507+0000] {logging_mixin.py:151} INFO - [2023-11-15T04:16:02.506+0000] {dag.py:3722} INFO - Setting next_dagrun for example_task_group_decorator to 2023-11-14T04:16:02.506553+00:00, run_after=2023-11-15T04:16:02.506553+00:00
[2023-11-15T04:16:02.530+0000] {processor.py:179} INFO - Processing /home/airflow/.local/lib/python3.8/site-packages/airflow/example_dags/example_task_group_decorator.py took 0.273 seconds
[2023-11-15T04:16:33.252+0000] {processor.py:157} INFO - Started process (PID=2248) to work on /home/airflow/.local/lib/python3.8/site-packages/airflow/example_dags/example_task_group_decorator.py
[2023-11-15T04:16:33.253+0000] {processor.py:829} INFO - Processing file /home/airflow/.local/lib/python3.8/site-packages/airflow/example_dags/example_task_group_decorator.py for tasks to queue
[2023-11-15T04:16:33.256+0000] {logging_mixin.py:151} INFO - [2023-11-15T04:16:33.255+0000] {dagbag.py:536} INFO - Filling up the DagBag from /home/airflow/.local/lib/python3.8/site-packages/airflow/example_dags/example_task_group_decorator.py
[2023-11-15T04:16:33.275+0000] {processor.py:839} INFO - DAG(s) dict_keys(['example_task_group_decorator']) retrieved from /home/airflow/.local/lib/python3.8/site-packages/airflow/example_dags/example_task_group_decorator.py
[2023-11-15T04:16:33.309+0000] {logging_mixin.py:151} INFO - [2023-11-15T04:16:33.309+0000] {dag.py:2941} INFO - Sync 1 DAGs
[2023-11-15T04:16:33.339+0000] {logging_mixin.py:151} INFO - [2023-11-15T04:16:33.339+0000] {dag.py:3722} INFO - Setting next_dagrun for example_task_group_decorator to 2023-11-14T04:16:33.339213+00:00, run_after=2023-11-15T04:16:33.339213+00:00
[2023-11-15T04:16:33.362+0000] {processor.py:179} INFO - Processing /home/airflow/.local/lib/python3.8/site-packages/airflow/example_dags/example_task_group_decorator.py took 0.114 seconds
[2023-11-15T04:17:03.564+0000] {processor.py:157} INFO - Started process (PID=2305) to work on /home/airflow/.local/lib/python3.8/site-packages/airflow/example_dags/example_task_group_decorator.py
[2023-11-15T04:17:03.565+0000] {processor.py:829} INFO - Processing file /home/airflow/.local/lib/python3.8/site-packages/airflow/example_dags/example_task_group_decorator.py for tasks to queue
[2023-11-15T04:17:03.567+0000] {logging_mixin.py:151} INFO - [2023-11-15T04:17:03.567+0000] {dagbag.py:536} INFO - Filling up the DagBag from /home/airflow/.local/lib/python3.8/site-packages/airflow/example_dags/example_task_group_decorator.py
[2023-11-15T04:17:03.585+0000] {processor.py:839} INFO - DAG(s) dict_keys(['example_task_group_decorator']) retrieved from /home/airflow/.local/lib/python3.8/site-packages/airflow/example_dags/example_task_group_decorator.py
[2023-11-15T04:17:03.615+0000] {logging_mixin.py:151} INFO - [2023-11-15T04:17:03.615+0000] {dag.py:2941} INFO - Sync 1 DAGs
[2023-11-15T04:17:03.641+0000] {logging_mixin.py:151} INFO - [2023-11-15T04:17:03.641+0000] {dag.py:3722} INFO - Setting next_dagrun for example_task_group_decorator to 2023-11-14T04:17:03.640740+00:00, run_after=2023-11-15T04:17:03.640740+00:00
[2023-11-15T04:17:03.667+0000] {processor.py:179} INFO - Processing /home/airflow/.local/lib/python3.8/site-packages/airflow/example_dags/example_task_group_decorator.py took 0.106 seconds
[2023-11-15T04:17:34.234+0000] {processor.py:157} INFO - Started process (PID=2363) to work on /home/airflow/.local/lib/python3.8/site-packages/airflow/example_dags/example_task_group_decorator.py
[2023-11-15T04:17:34.236+0000] {processor.py:829} INFO - Processing file /home/airflow/.local/lib/python3.8/site-packages/airflow/example_dags/example_task_group_decorator.py for tasks to queue
[2023-11-15T04:17:34.238+0000] {logging_mixin.py:151} INFO - [2023-11-15T04:17:34.238+0000] {dagbag.py:536} INFO - Filling up the DagBag from /home/airflow/.local/lib/python3.8/site-packages/airflow/example_dags/example_task_group_decorator.py
[2023-11-15T04:17:34.260+0000] {processor.py:839} INFO - DAG(s) dict_keys(['example_task_group_decorator']) retrieved from /home/airflow/.local/lib/python3.8/site-packages/airflow/example_dags/example_task_group_decorator.py
[2023-11-15T04:17:34.292+0000] {logging_mixin.py:151} INFO - [2023-11-15T04:17:34.291+0000] {dag.py:2941} INFO - Sync 1 DAGs
[2023-11-15T04:17:34.318+0000] {logging_mixin.py:151} INFO - [2023-11-15T04:17:34.318+0000] {dag.py:3722} INFO - Setting next_dagrun for example_task_group_decorator to 2023-11-14T04:17:34.317834+00:00, run_after=2023-11-15T04:17:34.317834+00:00
[2023-11-15T04:17:34.341+0000] {processor.py:179} INFO - Processing /home/airflow/.local/lib/python3.8/site-packages/airflow/example_dags/example_task_group_decorator.py took 0.110 seconds
[2023-11-15T04:18:04.669+0000] {processor.py:157} INFO - Started process (PID=2420) to work on /home/airflow/.local/lib/python3.8/site-packages/airflow/example_dags/example_task_group_decorator.py
[2023-11-15T04:18:04.670+0000] {processor.py:829} INFO - Processing file /home/airflow/.local/lib/python3.8/site-packages/airflow/example_dags/example_task_group_decorator.py for tasks to queue
[2023-11-15T04:18:04.673+0000] {logging_mixin.py:151} INFO - [2023-11-15T04:18:04.672+0000] {dagbag.py:536} INFO - Filling up the DagBag from /home/airflow/.local/lib/python3.8/site-packages/airflow/example_dags/example_task_group_decorator.py
[2023-11-15T04:18:04.690+0000] {processor.py:839} INFO - DAG(s) dict_keys(['example_task_group_decorator']) retrieved from /home/airflow/.local/lib/python3.8/site-packages/airflow/example_dags/example_task_group_decorator.py
[2023-11-15T04:18:04.721+0000] {logging_mixin.py:151} INFO - [2023-11-15T04:18:04.721+0000] {dag.py:2941} INFO - Sync 1 DAGs
[2023-11-15T04:18:04.748+0000] {logging_mixin.py:151} INFO - [2023-11-15T04:18:04.747+0000] {dag.py:3722} INFO - Setting next_dagrun for example_task_group_decorator to 2023-11-14T04:18:04.747412+00:00, run_after=2023-11-15T04:18:04.747412+00:00
[2023-11-15T04:18:04.771+0000] {processor.py:179} INFO - Processing /home/airflow/.local/lib/python3.8/site-packages/airflow/example_dags/example_task_group_decorator.py took 0.105 seconds
[2023-11-15T04:18:35.141+0000] {processor.py:157} INFO - Started process (PID=2477) to work on /home/airflow/.local/lib/python3.8/site-packages/airflow/example_dags/example_task_group_decorator.py
[2023-11-15T04:18:35.143+0000] {processor.py:829} INFO - Processing file /home/airflow/.local/lib/python3.8/site-packages/airflow/example_dags/example_task_group_decorator.py for tasks to queue
[2023-11-15T04:18:35.145+0000] {logging_mixin.py:151} INFO - [2023-11-15T04:18:35.145+0000] {dagbag.py:536} INFO - Filling up the DagBag from /home/airflow/.local/lib/python3.8/site-packages/airflow/example_dags/example_task_group_decorator.py
[2023-11-15T04:18:35.164+0000] {processor.py:839} INFO - DAG(s) dict_keys(['example_task_group_decorator']) retrieved from /home/airflow/.local/lib/python3.8/site-packages/airflow/example_dags/example_task_group_decorator.py
[2023-11-15T04:18:35.196+0000] {logging_mixin.py:151} INFO - [2023-11-15T04:18:35.196+0000] {dag.py:2941} INFO - Sync 1 DAGs
[2023-11-15T04:18:35.225+0000] {logging_mixin.py:151} INFO - [2023-11-15T04:18:35.225+0000] {dag.py:3722} INFO - Setting next_dagrun for example_task_group_decorator to 2023-11-14T04:18:35.225182+00:00, run_after=2023-11-15T04:18:35.225182+00:00
[2023-11-15T04:18:35.252+0000] {processor.py:179} INFO - Processing /home/airflow/.local/lib/python3.8/site-packages/airflow/example_dags/example_task_group_decorator.py took 0.115 seconds
[2023-11-15T04:19:05.668+0000] {processor.py:157} INFO - Started process (PID=2536) to work on /home/airflow/.local/lib/python3.8/site-packages/airflow/example_dags/example_task_group_decorator.py
[2023-11-15T04:19:05.669+0000] {processor.py:829} INFO - Processing file /home/airflow/.local/lib/python3.8/site-packages/airflow/example_dags/example_task_group_decorator.py for tasks to queue
[2023-11-15T04:19:05.672+0000] {logging_mixin.py:151} INFO - [2023-11-15T04:19:05.671+0000] {dagbag.py:536} INFO - Filling up the DagBag from /home/airflow/.local/lib/python3.8/site-packages/airflow/example_dags/example_task_group_decorator.py
[2023-11-15T04:19:05.690+0000] {processor.py:839} INFO - DAG(s) dict_keys(['example_task_group_decorator']) retrieved from /home/airflow/.local/lib/python3.8/site-packages/airflow/example_dags/example_task_group_decorator.py
[2023-11-15T04:19:05.721+0000] {logging_mixin.py:151} INFO - [2023-11-15T04:19:05.721+0000] {dag.py:2941} INFO - Sync 1 DAGs
[2023-11-15T04:19:05.746+0000] {logging_mixin.py:151} INFO - [2023-11-15T04:19:05.746+0000] {dag.py:3722} INFO - Setting next_dagrun for example_task_group_decorator to 2023-11-14T04:19:05.746184+00:00, run_after=2023-11-15T04:19:05.746184+00:00
[2023-11-15T04:19:05.774+0000] {processor.py:179} INFO - Processing /home/airflow/.local/lib/python3.8/site-packages/airflow/example_dags/example_task_group_decorator.py took 0.110 seconds
[2023-11-15T04:19:36.000+0000] {processor.py:157} INFO - Started process (PID=2596) to work on /home/airflow/.local/lib/python3.8/site-packages/airflow/example_dags/example_task_group_decorator.py
[2023-11-15T04:19:36.001+0000] {processor.py:829} INFO - Processing file /home/airflow/.local/lib/python3.8/site-packages/airflow/example_dags/example_task_group_decorator.py for tasks to queue
[2023-11-15T04:19:36.004+0000] {logging_mixin.py:151} INFO - [2023-11-15T04:19:36.003+0000] {dagbag.py:536} INFO - Filling up the DagBag from /home/airflow/.local/lib/python3.8/site-packages/airflow/example_dags/example_task_group_decorator.py
[2023-11-15T04:19:36.021+0000] {processor.py:839} INFO - DAG(s) dict_keys(['example_task_group_decorator']) retrieved from /home/airflow/.local/lib/python3.8/site-packages/airflow/example_dags/example_task_group_decorator.py
[2023-11-15T04:19:36.052+0000] {logging_mixin.py:151} INFO - [2023-11-15T04:19:36.052+0000] {dag.py:2941} INFO - Sync 1 DAGs
[2023-11-15T04:19:36.080+0000] {logging_mixin.py:151} INFO - [2023-11-15T04:19:36.080+0000] {dag.py:3722} INFO - Setting next_dagrun for example_task_group_decorator to 2023-11-14T04:19:36.079798+00:00, run_after=2023-11-15T04:19:36.079798+00:00
[2023-11-15T04:19:36.103+0000] {processor.py:179} INFO - Processing /home/airflow/.local/lib/python3.8/site-packages/airflow/example_dags/example_task_group_decorator.py took 0.107 seconds
[2023-11-15T04:20:06.378+0000] {processor.py:157} INFO - Started process (PID=2656) to work on /home/airflow/.local/lib/python3.8/site-packages/airflow/example_dags/example_task_group_decorator.py
[2023-11-15T04:20:06.379+0000] {processor.py:829} INFO - Processing file /home/airflow/.local/lib/python3.8/site-packages/airflow/example_dags/example_task_group_decorator.py for tasks to queue
[2023-11-15T04:20:06.381+0000] {logging_mixin.py:151} INFO - [2023-11-15T04:20:06.381+0000] {dagbag.py:536} INFO - Filling up the DagBag from /home/airflow/.local/lib/python3.8/site-packages/airflow/example_dags/example_task_group_decorator.py
[2023-11-15T04:20:06.407+0000] {processor.py:839} INFO - DAG(s) dict_keys(['example_task_group_decorator']) retrieved from /home/airflow/.local/lib/python3.8/site-packages/airflow/example_dags/example_task_group_decorator.py
[2023-11-15T04:20:06.439+0000] {logging_mixin.py:151} INFO - [2023-11-15T04:20:06.439+0000] {dag.py:2941} INFO - Sync 1 DAGs
[2023-11-15T04:20:06.464+0000] {logging_mixin.py:151} INFO - [2023-11-15T04:20:06.464+0000] {dag.py:3722} INFO - Setting next_dagrun for example_task_group_decorator to 2023-11-14T04:20:06.464089+00:00, run_after=2023-11-15T04:20:06.464089+00:00
[2023-11-15T04:20:06.492+0000] {processor.py:179} INFO - Processing /home/airflow/.local/lib/python3.8/site-packages/airflow/example_dags/example_task_group_decorator.py took 0.118 seconds
[2023-11-15T04:20:37.119+0000] {processor.py:157} INFO - Started process (PID=2716) to work on /home/airflow/.local/lib/python3.8/site-packages/airflow/example_dags/example_task_group_decorator.py
[2023-11-15T04:20:37.120+0000] {processor.py:829} INFO - Processing file /home/airflow/.local/lib/python3.8/site-packages/airflow/example_dags/example_task_group_decorator.py for tasks to queue
[2023-11-15T04:20:37.123+0000] {logging_mixin.py:151} INFO - [2023-11-15T04:20:37.122+0000] {dagbag.py:536} INFO - Filling up the DagBag from /home/airflow/.local/lib/python3.8/site-packages/airflow/example_dags/example_task_group_decorator.py
[2023-11-15T04:20:37.141+0000] {processor.py:839} INFO - DAG(s) dict_keys(['example_task_group_decorator']) retrieved from /home/airflow/.local/lib/python3.8/site-packages/airflow/example_dags/example_task_group_decorator.py
[2023-11-15T04:20:37.172+0000] {logging_mixin.py:151} INFO - [2023-11-15T04:20:37.171+0000] {dag.py:2941} INFO - Sync 1 DAGs
[2023-11-15T04:20:37.204+0000] {logging_mixin.py:151} INFO - [2023-11-15T04:20:37.204+0000] {dag.py:3722} INFO - Setting next_dagrun for example_task_group_decorator to 2023-11-14T04:20:37.204224+00:00, run_after=2023-11-15T04:20:37.204224+00:00
[2023-11-15T04:20:37.229+0000] {processor.py:179} INFO - Processing /home/airflow/.local/lib/python3.8/site-packages/airflow/example_dags/example_task_group_decorator.py took 0.114 seconds
[2023-11-15T04:21:07.300+0000] {processor.py:157} INFO - Started process (PID=2780) to work on /home/airflow/.local/lib/python3.8/site-packages/airflow/example_dags/example_task_group_decorator.py
[2023-11-15T04:21:07.301+0000] {processor.py:829} INFO - Processing file /home/airflow/.local/lib/python3.8/site-packages/airflow/example_dags/example_task_group_decorator.py for tasks to queue
[2023-11-15T04:21:07.304+0000] {logging_mixin.py:151} INFO - [2023-11-15T04:21:07.304+0000] {dagbag.py:536} INFO - Filling up the DagBag from /home/airflow/.local/lib/python3.8/site-packages/airflow/example_dags/example_task_group_decorator.py
[2023-11-15T04:21:07.321+0000] {processor.py:839} INFO - DAG(s) dict_keys(['example_task_group_decorator']) retrieved from /home/airflow/.local/lib/python3.8/site-packages/airflow/example_dags/example_task_group_decorator.py
[2023-11-15T04:21:07.355+0000] {logging_mixin.py:151} INFO - [2023-11-15T04:21:07.355+0000] {dag.py:2941} INFO - Sync 1 DAGs
[2023-11-15T04:21:07.395+0000] {logging_mixin.py:151} INFO - [2023-11-15T04:21:07.395+0000] {dag.py:3722} INFO - Setting next_dagrun for example_task_group_decorator to 2023-11-14T04:21:07.395335+00:00, run_after=2023-11-15T04:21:07.395335+00:00
[2023-11-15T04:21:07.435+0000] {processor.py:179} INFO - Processing /home/airflow/.local/lib/python3.8/site-packages/airflow/example_dags/example_task_group_decorator.py took 0.139 seconds
[2023-11-15T04:21:38.023+0000] {processor.py:157} INFO - Started process (PID=2840) to work on /home/airflow/.local/lib/python3.8/site-packages/airflow/example_dags/example_task_group_decorator.py
[2023-11-15T04:21:38.024+0000] {processor.py:829} INFO - Processing file /home/airflow/.local/lib/python3.8/site-packages/airflow/example_dags/example_task_group_decorator.py for tasks to queue
[2023-11-15T04:21:38.026+0000] {logging_mixin.py:151} INFO - [2023-11-15T04:21:38.026+0000] {dagbag.py:536} INFO - Filling up the DagBag from /home/airflow/.local/lib/python3.8/site-packages/airflow/example_dags/example_task_group_decorator.py
[2023-11-15T04:21:38.043+0000] {processor.py:839} INFO - DAG(s) dict_keys(['example_task_group_decorator']) retrieved from /home/airflow/.local/lib/python3.8/site-packages/airflow/example_dags/example_task_group_decorator.py
[2023-11-15T04:21:38.074+0000] {logging_mixin.py:151} INFO - [2023-11-15T04:21:38.074+0000] {dag.py:2941} INFO - Sync 1 DAGs
[2023-11-15T04:21:38.100+0000] {logging_mixin.py:151} INFO - [2023-11-15T04:21:38.100+0000] {dag.py:3722} INFO - Setting next_dagrun for example_task_group_decorator to 2023-11-14T04:21:38.100343+00:00, run_after=2023-11-15T04:21:38.100343+00:00
[2023-11-15T04:21:38.125+0000] {processor.py:179} INFO - Processing /home/airflow/.local/lib/python3.8/site-packages/airflow/example_dags/example_task_group_decorator.py took 0.106 seconds
[2023-11-15T04:22:08.458+0000] {processor.py:157} INFO - Started process (PID=2901) to work on /home/airflow/.local/lib/python3.8/site-packages/airflow/example_dags/example_task_group_decorator.py
[2023-11-15T04:22:08.460+0000] {processor.py:829} INFO - Processing file /home/airflow/.local/lib/python3.8/site-packages/airflow/example_dags/example_task_group_decorator.py for tasks to queue
[2023-11-15T04:22:08.463+0000] {logging_mixin.py:151} INFO - [2023-11-15T04:22:08.463+0000] {dagbag.py:536} INFO - Filling up the DagBag from /home/airflow/.local/lib/python3.8/site-packages/airflow/example_dags/example_task_group_decorator.py
[2023-11-15T04:22:08.485+0000] {processor.py:839} INFO - DAG(s) dict_keys(['example_task_group_decorator']) retrieved from /home/airflow/.local/lib/python3.8/site-packages/airflow/example_dags/example_task_group_decorator.py
[2023-11-15T04:22:08.526+0000] {logging_mixin.py:151} INFO - [2023-11-15T04:22:08.526+0000] {dag.py:2941} INFO - Sync 1 DAGs
[2023-11-15T04:22:08.559+0000] {logging_mixin.py:151} INFO - [2023-11-15T04:22:08.559+0000] {dag.py:3722} INFO - Setting next_dagrun for example_task_group_decorator to 2023-11-14T04:22:08.558935+00:00, run_after=2023-11-15T04:22:08.558935+00:00
[2023-11-15T04:22:08.592+0000] {processor.py:179} INFO - Processing /home/airflow/.local/lib/python3.8/site-packages/airflow/example_dags/example_task_group_decorator.py took 0.139 seconds
[2023-11-15T04:22:38.833+0000] {processor.py:157} INFO - Started process (PID=2961) to work on /home/airflow/.local/lib/python3.8/site-packages/airflow/example_dags/example_task_group_decorator.py
[2023-11-15T04:22:38.834+0000] {processor.py:829} INFO - Processing file /home/airflow/.local/lib/python3.8/site-packages/airflow/example_dags/example_task_group_decorator.py for tasks to queue
[2023-11-15T04:22:38.836+0000] {logging_mixin.py:151} INFO - [2023-11-15T04:22:38.836+0000] {dagbag.py:536} INFO - Filling up the DagBag from /home/airflow/.local/lib/python3.8/site-packages/airflow/example_dags/example_task_group_decorator.py
[2023-11-15T04:22:38.854+0000] {processor.py:839} INFO - DAG(s) dict_keys(['example_task_group_decorator']) retrieved from /home/airflow/.local/lib/python3.8/site-packages/airflow/example_dags/example_task_group_decorator.py
[2023-11-15T04:22:38.885+0000] {logging_mixin.py:151} INFO - [2023-11-15T04:22:38.884+0000] {dag.py:2941} INFO - Sync 1 DAGs
[2023-11-15T04:22:38.910+0000] {logging_mixin.py:151} INFO - [2023-11-15T04:22:38.910+0000] {dag.py:3722} INFO - Setting next_dagrun for example_task_group_decorator to 2023-11-14T04:22:38.909709+00:00, run_after=2023-11-15T04:22:38.909709+00:00
[2023-11-15T04:22:38.932+0000] {processor.py:179} INFO - Processing /home/airflow/.local/lib/python3.8/site-packages/airflow/example_dags/example_task_group_decorator.py took 0.103 seconds
[2023-11-15T04:23:09.372+0000] {processor.py:157} INFO - Started process (PID=3022) to work on /home/airflow/.local/lib/python3.8/site-packages/airflow/example_dags/example_task_group_decorator.py
[2023-11-15T04:23:09.373+0000] {processor.py:829} INFO - Processing file /home/airflow/.local/lib/python3.8/site-packages/airflow/example_dags/example_task_group_decorator.py for tasks to queue
[2023-11-15T04:23:09.375+0000] {logging_mixin.py:151} INFO - [2023-11-15T04:23:09.375+0000] {dagbag.py:536} INFO - Filling up the DagBag from /home/airflow/.local/lib/python3.8/site-packages/airflow/example_dags/example_task_group_decorator.py
[2023-11-15T04:23:09.393+0000] {processor.py:839} INFO - DAG(s) dict_keys(['example_task_group_decorator']) retrieved from /home/airflow/.local/lib/python3.8/site-packages/airflow/example_dags/example_task_group_decorator.py
[2023-11-15T04:23:09.425+0000] {logging_mixin.py:151} INFO - [2023-11-15T04:23:09.425+0000] {dag.py:2941} INFO - Sync 1 DAGs
[2023-11-15T04:23:09.453+0000] {logging_mixin.py:151} INFO - [2023-11-15T04:23:09.453+0000] {dag.py:3722} INFO - Setting next_dagrun for example_task_group_decorator to 2023-11-14T04:23:09.452952+00:00, run_after=2023-11-15T04:23:09.452952+00:00
[2023-11-15T04:23:09.481+0000] {processor.py:179} INFO - Processing /home/airflow/.local/lib/python3.8/site-packages/airflow/example_dags/example_task_group_decorator.py took 0.113 seconds
[2023-11-15T04:23:40.102+0000] {processor.py:157} INFO - Started process (PID=3080) to work on /home/airflow/.local/lib/python3.8/site-packages/airflow/example_dags/example_task_group_decorator.py
[2023-11-15T04:23:40.103+0000] {processor.py:829} INFO - Processing file /home/airflow/.local/lib/python3.8/site-packages/airflow/example_dags/example_task_group_decorator.py for tasks to queue
[2023-11-15T04:23:40.106+0000] {logging_mixin.py:151} INFO - [2023-11-15T04:23:40.106+0000] {dagbag.py:536} INFO - Filling up the DagBag from /home/airflow/.local/lib/python3.8/site-packages/airflow/example_dags/example_task_group_decorator.py
[2023-11-15T04:23:40.125+0000] {processor.py:839} INFO - DAG(s) dict_keys(['example_task_group_decorator']) retrieved from /home/airflow/.local/lib/python3.8/site-packages/airflow/example_dags/example_task_group_decorator.py
[2023-11-15T04:23:40.157+0000] {logging_mixin.py:151} INFO - [2023-11-15T04:23:40.157+0000] {dag.py:2941} INFO - Sync 1 DAGs
[2023-11-15T04:23:40.183+0000] {logging_mixin.py:151} INFO - [2023-11-15T04:23:40.183+0000] {dag.py:3722} INFO - Setting next_dagrun for example_task_group_decorator to 2023-11-14T04:23:40.183344+00:00, run_after=2023-11-15T04:23:40.183344+00:00
[2023-11-15T04:23:40.207+0000] {processor.py:179} INFO - Processing /home/airflow/.local/lib/python3.8/site-packages/airflow/example_dags/example_task_group_decorator.py took 0.109 seconds
[2023-11-15T04:24:10.411+0000] {processor.py:157} INFO - Started process (PID=3138) to work on /home/airflow/.local/lib/python3.8/site-packages/airflow/example_dags/example_task_group_decorator.py
[2023-11-15T04:24:10.413+0000] {processor.py:829} INFO - Processing file /home/airflow/.local/lib/python3.8/site-packages/airflow/example_dags/example_task_group_decorator.py for tasks to queue
[2023-11-15T04:24:10.416+0000] {logging_mixin.py:151} INFO - [2023-11-15T04:24:10.415+0000] {dagbag.py:536} INFO - Filling up the DagBag from /home/airflow/.local/lib/python3.8/site-packages/airflow/example_dags/example_task_group_decorator.py
[2023-11-15T04:24:10.437+0000] {processor.py:839} INFO - DAG(s) dict_keys(['example_task_group_decorator']) retrieved from /home/airflow/.local/lib/python3.8/site-packages/airflow/example_dags/example_task_group_decorator.py
[2023-11-15T04:24:10.473+0000] {logging_mixin.py:151} INFO - [2023-11-15T04:24:10.473+0000] {dag.py:2941} INFO - Sync 1 DAGs
[2023-11-15T04:24:10.505+0000] {logging_mixin.py:151} INFO - [2023-11-15T04:24:10.505+0000] {dag.py:3722} INFO - Setting next_dagrun for example_task_group_decorator to 2023-11-14T04:24:10.505022+00:00, run_after=2023-11-15T04:24:10.505022+00:00
[2023-11-15T04:24:10.537+0000] {processor.py:179} INFO - Processing /home/airflow/.local/lib/python3.8/site-packages/airflow/example_dags/example_task_group_decorator.py took 0.132 seconds
[2023-11-15T04:24:41.763+0000] {processor.py:157} INFO - Started process (PID=3196) to work on /home/airflow/.local/lib/python3.8/site-packages/airflow/example_dags/example_task_group_decorator.py
[2023-11-15T04:24:41.765+0000] {processor.py:829} INFO - Processing file /home/airflow/.local/lib/python3.8/site-packages/airflow/example_dags/example_task_group_decorator.py for tasks to queue
[2023-11-15T04:24:41.769+0000] {logging_mixin.py:151} INFO - [2023-11-15T04:24:41.768+0000] {dagbag.py:536} INFO - Filling up the DagBag from /home/airflow/.local/lib/python3.8/site-packages/airflow/example_dags/example_task_group_decorator.py
[2023-11-15T04:24:41.796+0000] {processor.py:839} INFO - DAG(s) dict_keys(['example_task_group_decorator']) retrieved from /home/airflow/.local/lib/python3.8/site-packages/airflow/example_dags/example_task_group_decorator.py
[2023-11-15T04:24:41.880+0000] {logging_mixin.py:151} INFO - [2023-11-15T04:24:41.879+0000] {dag.py:2941} INFO - Sync 1 DAGs
[2023-11-15T04:24:41.944+0000] {logging_mixin.py:151} INFO - [2023-11-15T04:24:41.944+0000] {dag.py:3722} INFO - Setting next_dagrun for example_task_group_decorator to 2023-11-14T04:24:41.943729+00:00, run_after=2023-11-15T04:24:41.943729+00:00
[2023-11-15T04:24:42.025+0000] {processor.py:179} INFO - Processing /home/airflow/.local/lib/python3.8/site-packages/airflow/example_dags/example_task_group_decorator.py took 0.267 seconds
[2023-11-15T04:25:12.062+0000] {processor.py:157} INFO - Started process (PID=3254) to work on /home/airflow/.local/lib/python3.8/site-packages/airflow/example_dags/example_task_group_decorator.py
[2023-11-15T04:25:12.063+0000] {processor.py:829} INFO - Processing file /home/airflow/.local/lib/python3.8/site-packages/airflow/example_dags/example_task_group_decorator.py for tasks to queue
[2023-11-15T04:25:12.066+0000] {logging_mixin.py:151} INFO - [2023-11-15T04:25:12.066+0000] {dagbag.py:536} INFO - Filling up the DagBag from /home/airflow/.local/lib/python3.8/site-packages/airflow/example_dags/example_task_group_decorator.py
[2023-11-15T04:25:12.086+0000] {processor.py:839} INFO - DAG(s) dict_keys(['example_task_group_decorator']) retrieved from /home/airflow/.local/lib/python3.8/site-packages/airflow/example_dags/example_task_group_decorator.py
[2023-11-15T04:25:12.119+0000] {logging_mixin.py:151} INFO - [2023-11-15T04:25:12.119+0000] {dag.py:2941} INFO - Sync 1 DAGs
[2023-11-15T04:25:12.151+0000] {logging_mixin.py:151} INFO - [2023-11-15T04:25:12.150+0000] {dag.py:3722} INFO - Setting next_dagrun for example_task_group_decorator to 2023-11-14T04:25:12.150415+00:00, run_after=2023-11-15T04:25:12.150415+00:00
[2023-11-15T04:25:12.181+0000] {processor.py:179} INFO - Processing /home/airflow/.local/lib/python3.8/site-packages/airflow/example_dags/example_task_group_decorator.py took 0.123 seconds
[2023-11-15T04:25:43.018+0000] {processor.py:157} INFO - Started process (PID=3314) to work on /home/airflow/.local/lib/python3.8/site-packages/airflow/example_dags/example_task_group_decorator.py
[2023-11-15T04:25:43.019+0000] {processor.py:829} INFO - Processing file /home/airflow/.local/lib/python3.8/site-packages/airflow/example_dags/example_task_group_decorator.py for tasks to queue
[2023-11-15T04:25:43.024+0000] {logging_mixin.py:151} INFO - [2023-11-15T04:25:43.023+0000] {dagbag.py:536} INFO - Filling up the DagBag from /home/airflow/.local/lib/python3.8/site-packages/airflow/example_dags/example_task_group_decorator.py
[2023-11-15T04:25:43.064+0000] {processor.py:839} INFO - DAG(s) dict_keys(['example_task_group_decorator']) retrieved from /home/airflow/.local/lib/python3.8/site-packages/airflow/example_dags/example_task_group_decorator.py
[2023-11-15T04:25:43.113+0000] {logging_mixin.py:151} INFO - [2023-11-15T04:25:43.113+0000] {dag.py:2941} INFO - Sync 1 DAGs
[2023-11-15T04:25:43.150+0000] {logging_mixin.py:151} INFO - [2023-11-15T04:25:43.149+0000] {dag.py:3722} INFO - Setting next_dagrun for example_task_group_decorator to 2023-11-14T04:25:43.149468+00:00, run_after=2023-11-15T04:25:43.149468+00:00
[2023-11-15T04:25:43.184+0000] {processor.py:179} INFO - Processing /home/airflow/.local/lib/python3.8/site-packages/airflow/example_dags/example_task_group_decorator.py took 0.171 seconds
[2023-11-15T04:26:13.745+0000] {processor.py:157} INFO - Started process (PID=3372) to work on /home/airflow/.local/lib/python3.8/site-packages/airflow/example_dags/example_task_group_decorator.py
[2023-11-15T04:26:13.746+0000] {processor.py:829} INFO - Processing file /home/airflow/.local/lib/python3.8/site-packages/airflow/example_dags/example_task_group_decorator.py for tasks to queue
[2023-11-15T04:26:13.749+0000] {logging_mixin.py:151} INFO - [2023-11-15T04:26:13.748+0000] {dagbag.py:536} INFO - Filling up the DagBag from /home/airflow/.local/lib/python3.8/site-packages/airflow/example_dags/example_task_group_decorator.py
[2023-11-15T04:26:13.767+0000] {processor.py:839} INFO - DAG(s) dict_keys(['example_task_group_decorator']) retrieved from /home/airflow/.local/lib/python3.8/site-packages/airflow/example_dags/example_task_group_decorator.py
[2023-11-15T04:26:13.798+0000] {logging_mixin.py:151} INFO - [2023-11-15T04:26:13.797+0000] {dag.py:2941} INFO - Sync 1 DAGs
[2023-11-15T04:26:13.824+0000] {logging_mixin.py:151} INFO - [2023-11-15T04:26:13.823+0000] {dag.py:3722} INFO - Setting next_dagrun for example_task_group_decorator to 2023-11-14T04:26:13.823510+00:00, run_after=2023-11-15T04:26:13.823510+00:00
[2023-11-15T04:26:13.847+0000] {processor.py:179} INFO - Processing /home/airflow/.local/lib/python3.8/site-packages/airflow/example_dags/example_task_group_decorator.py took 0.106 seconds
[2023-11-15T04:26:44.231+0000] {processor.py:157} INFO - Started process (PID=3430) to work on /home/airflow/.local/lib/python3.8/site-packages/airflow/example_dags/example_task_group_decorator.py
[2023-11-15T04:26:44.233+0000] {processor.py:829} INFO - Processing file /home/airflow/.local/lib/python3.8/site-packages/airflow/example_dags/example_task_group_decorator.py for tasks to queue
[2023-11-15T04:26:44.237+0000] {logging_mixin.py:151} INFO - [2023-11-15T04:26:44.236+0000] {dagbag.py:536} INFO - Filling up the DagBag from /home/airflow/.local/lib/python3.8/site-packages/airflow/example_dags/example_task_group_decorator.py
[2023-11-15T04:26:44.262+0000] {processor.py:839} INFO - DAG(s) dict_keys(['example_task_group_decorator']) retrieved from /home/airflow/.local/lib/python3.8/site-packages/airflow/example_dags/example_task_group_decorator.py
[2023-11-15T04:26:44.306+0000] {logging_mixin.py:151} INFO - [2023-11-15T04:26:44.306+0000] {dag.py:2941} INFO - Sync 1 DAGs
[2023-11-15T04:26:44.339+0000] {logging_mixin.py:151} INFO - [2023-11-15T04:26:44.339+0000] {dag.py:3722} INFO - Setting next_dagrun for example_task_group_decorator to 2023-11-14T04:26:44.339440+00:00, run_after=2023-11-15T04:26:44.339440+00:00
[2023-11-15T04:26:44.363+0000] {processor.py:179} INFO - Processing /home/airflow/.local/lib/python3.8/site-packages/airflow/example_dags/example_task_group_decorator.py took 0.137 seconds
