[2023-11-15T03:11:01.460+0000] {processor.py:157} INFO - Started process (PID=57) to work on /home/airflow/.local/lib/python3.8/site-packages/airflow/example_dags/example_short_circuit_decorator.py
[2023-11-15T03:11:01.461+0000] {processor.py:829} INFO - Processing file /home/airflow/.local/lib/python3.8/site-packages/airflow/example_dags/example_short_circuit_decorator.py for tasks to queue
[2023-11-15T03:11:01.464+0000] {logging_mixin.py:151} INFO - [2023-11-15T03:11:01.464+0000] {dagbag.py:536} INFO - Filling up the DagBag from /home/airflow/.local/lib/python3.8/site-packages/airflow/example_dags/example_short_circuit_decorator.py
[2023-11-15T03:11:01.484+0000] {processor.py:839} INFO - DAG(s) dict_keys(['example_short_circuit_decorator']) retrieved from /home/airflow/.local/lib/python3.8/site-packages/airflow/example_dags/example_short_circuit_decorator.py
[2023-11-15T03:11:01.541+0000] {logging_mixin.py:151} INFO - [2023-11-15T03:11:01.541+0000] {dag.py:2941} INFO - Sync 1 DAGs
[2023-11-15T03:11:01.583+0000] {logging_mixin.py:151} INFO - [2023-11-15T03:11:01.583+0000] {dag.py:3722} INFO - Setting next_dagrun for example_short_circuit_decorator to 2023-11-14T03:11:01.582726+00:00, run_after=2023-11-15T03:11:01.582726+00:00
[2023-11-15T03:11:01.657+0000] {processor.py:179} INFO - Processing /home/airflow/.local/lib/python3.8/site-packages/airflow/example_dags/example_short_circuit_decorator.py took 0.203 seconds
[2023-11-15T03:57:35.733+0000] {processor.py:157} INFO - Started process (PID=59) to work on /home/airflow/.local/lib/python3.8/site-packages/airflow/example_dags/example_short_circuit_decorator.py
[2023-11-15T03:57:35.734+0000] {processor.py:829} INFO - Processing file /home/airflow/.local/lib/python3.8/site-packages/airflow/example_dags/example_short_circuit_decorator.py for tasks to queue
[2023-11-15T03:57:35.737+0000] {logging_mixin.py:151} INFO - [2023-11-15T03:57:35.736+0000] {dagbag.py:536} INFO - Filling up the DagBag from /home/airflow/.local/lib/python3.8/site-packages/airflow/example_dags/example_short_circuit_decorator.py
[2023-11-15T03:57:35.757+0000] {processor.py:839} INFO - DAG(s) dict_keys(['example_short_circuit_decorator']) retrieved from /home/airflow/.local/lib/python3.8/site-packages/airflow/example_dags/example_short_circuit_decorator.py
[2023-11-15T03:57:35.796+0000] {logging_mixin.py:151} INFO - [2023-11-15T03:57:35.796+0000] {dag.py:2941} INFO - Sync 1 DAGs
[2023-11-15T03:57:35.825+0000] {logging_mixin.py:151} INFO - [2023-11-15T03:57:35.825+0000] {dag.py:3722} INFO - Setting next_dagrun for example_short_circuit_decorator to 2023-11-14T03:57:35.824604+00:00, run_after=2023-11-15T03:57:35.824604+00:00
[2023-11-15T03:57:35.861+0000] {processor.py:179} INFO - Processing /home/airflow/.local/lib/python3.8/site-packages/airflow/example_dags/example_short_circuit_decorator.py took 0.132 seconds
[2023-11-15T03:58:06.029+0000] {processor.py:157} INFO - Started process (PID=117) to work on /home/airflow/.local/lib/python3.8/site-packages/airflow/example_dags/example_short_circuit_decorator.py
[2023-11-15T03:58:06.029+0000] {processor.py:829} INFO - Processing file /home/airflow/.local/lib/python3.8/site-packages/airflow/example_dags/example_short_circuit_decorator.py for tasks to queue
[2023-11-15T03:58:06.032+0000] {logging_mixin.py:151} INFO - [2023-11-15T03:58:06.032+0000] {dagbag.py:536} INFO - Filling up the DagBag from /home/airflow/.local/lib/python3.8/site-packages/airflow/example_dags/example_short_circuit_decorator.py
[2023-11-15T03:58:06.046+0000] {processor.py:839} INFO - DAG(s) dict_keys(['example_short_circuit_decorator']) retrieved from /home/airflow/.local/lib/python3.8/site-packages/airflow/example_dags/example_short_circuit_decorator.py
[2023-11-15T03:58:06.078+0000] {logging_mixin.py:151} INFO - [2023-11-15T03:58:06.078+0000] {dag.py:2941} INFO - Sync 1 DAGs
[2023-11-15T03:58:06.107+0000] {logging_mixin.py:151} INFO - [2023-11-15T03:58:06.107+0000] {dag.py:3722} INFO - Setting next_dagrun for example_short_circuit_decorator to 2023-11-14T03:58:06.106860+00:00, run_after=2023-11-15T03:58:06.106860+00:00
[2023-11-15T03:58:06.131+0000] {processor.py:179} INFO - Processing /home/airflow/.local/lib/python3.8/site-packages/airflow/example_dags/example_short_circuit_decorator.py took 0.107 seconds
[2023-11-15T03:58:36.536+0000] {processor.py:157} INFO - Started process (PID=175) to work on /home/airflow/.local/lib/python3.8/site-packages/airflow/example_dags/example_short_circuit_decorator.py
[2023-11-15T03:58:36.537+0000] {processor.py:829} INFO - Processing file /home/airflow/.local/lib/python3.8/site-packages/airflow/example_dags/example_short_circuit_decorator.py for tasks to queue
[2023-11-15T03:58:36.539+0000] {logging_mixin.py:151} INFO - [2023-11-15T03:58:36.539+0000] {dagbag.py:536} INFO - Filling up the DagBag from /home/airflow/.local/lib/python3.8/site-packages/airflow/example_dags/example_short_circuit_decorator.py
[2023-11-15T03:58:36.550+0000] {processor.py:839} INFO - DAG(s) dict_keys(['example_short_circuit_decorator']) retrieved from /home/airflow/.local/lib/python3.8/site-packages/airflow/example_dags/example_short_circuit_decorator.py
[2023-11-15T03:58:36.584+0000] {logging_mixin.py:151} INFO - [2023-11-15T03:58:36.584+0000] {dag.py:2941} INFO - Sync 1 DAGs
[2023-11-15T03:58:36.612+0000] {logging_mixin.py:151} INFO - [2023-11-15T03:58:36.612+0000] {dag.py:3722} INFO - Setting next_dagrun for example_short_circuit_decorator to 2023-11-14T03:58:36.611799+00:00, run_after=2023-11-15T03:58:36.611799+00:00
[2023-11-15T03:58:36.638+0000] {processor.py:179} INFO - Processing /home/airflow/.local/lib/python3.8/site-packages/airflow/example_dags/example_short_circuit_decorator.py took 0.106 seconds
[2023-11-15T03:59:07.414+0000] {processor.py:157} INFO - Started process (PID=237) to work on /home/airflow/.local/lib/python3.8/site-packages/airflow/example_dags/example_short_circuit_decorator.py
[2023-11-15T03:59:07.416+0000] {processor.py:829} INFO - Processing file /home/airflow/.local/lib/python3.8/site-packages/airflow/example_dags/example_short_circuit_decorator.py for tasks to queue
[2023-11-15T03:59:07.419+0000] {logging_mixin.py:151} INFO - [2023-11-15T03:59:07.418+0000] {dagbag.py:536} INFO - Filling up the DagBag from /home/airflow/.local/lib/python3.8/site-packages/airflow/example_dags/example_short_circuit_decorator.py
[2023-11-15T03:59:07.430+0000] {processor.py:839} INFO - DAG(s) dict_keys(['example_short_circuit_decorator']) retrieved from /home/airflow/.local/lib/python3.8/site-packages/airflow/example_dags/example_short_circuit_decorator.py
[2023-11-15T03:59:07.461+0000] {logging_mixin.py:151} INFO - [2023-11-15T03:59:07.461+0000] {dag.py:2941} INFO - Sync 1 DAGs
[2023-11-15T03:59:07.495+0000] {logging_mixin.py:151} INFO - [2023-11-15T03:59:07.495+0000] {dag.py:3722} INFO - Setting next_dagrun for example_short_circuit_decorator to 2023-11-14T03:59:07.495038+00:00, run_after=2023-11-15T03:59:07.495038+00:00
[2023-11-15T03:59:07.521+0000] {processor.py:179} INFO - Processing /home/airflow/.local/lib/python3.8/site-packages/airflow/example_dags/example_short_circuit_decorator.py took 0.111 seconds
[2023-11-15T03:59:38.702+0000] {processor.py:157} INFO - Started process (PID=295) to work on /home/airflow/.local/lib/python3.8/site-packages/airflow/example_dags/example_short_circuit_decorator.py
[2023-11-15T03:59:38.713+0000] {processor.py:829} INFO - Processing file /home/airflow/.local/lib/python3.8/site-packages/airflow/example_dags/example_short_circuit_decorator.py for tasks to queue
[2023-11-15T03:59:38.717+0000] {logging_mixin.py:151} INFO - [2023-11-15T03:59:38.716+0000] {dagbag.py:536} INFO - Filling up the DagBag from /home/airflow/.local/lib/python3.8/site-packages/airflow/example_dags/example_short_circuit_decorator.py
[2023-11-15T03:59:38.744+0000] {processor.py:839} INFO - DAG(s) dict_keys(['example_short_circuit_decorator']) retrieved from /home/airflow/.local/lib/python3.8/site-packages/airflow/example_dags/example_short_circuit_decorator.py
[2023-11-15T03:59:38.844+0000] {logging_mixin.py:151} INFO - [2023-11-15T03:59:38.843+0000] {dag.py:2941} INFO - Sync 1 DAGs
[2023-11-15T03:59:38.949+0000] {logging_mixin.py:151} INFO - [2023-11-15T03:59:38.949+0000] {dag.py:3722} INFO - Setting next_dagrun for example_short_circuit_decorator to 2023-11-14T03:59:38.948636+00:00, run_after=2023-11-15T03:59:38.948636+00:00
[2023-11-15T03:59:39.007+0000] {processor.py:179} INFO - Processing /home/airflow/.local/lib/python3.8/site-packages/airflow/example_dags/example_short_circuit_decorator.py took 0.312 seconds
[2023-11-15T04:00:09.562+0000] {processor.py:157} INFO - Started process (PID=353) to work on /home/airflow/.local/lib/python3.8/site-packages/airflow/example_dags/example_short_circuit_decorator.py
[2023-11-15T04:00:09.563+0000] {processor.py:829} INFO - Processing file /home/airflow/.local/lib/python3.8/site-packages/airflow/example_dags/example_short_circuit_decorator.py for tasks to queue
[2023-11-15T04:00:09.565+0000] {logging_mixin.py:151} INFO - [2023-11-15T04:00:09.565+0000] {dagbag.py:536} INFO - Filling up the DagBag from /home/airflow/.local/lib/python3.8/site-packages/airflow/example_dags/example_short_circuit_decorator.py
[2023-11-15T04:00:09.576+0000] {processor.py:839} INFO - DAG(s) dict_keys(['example_short_circuit_decorator']) retrieved from /home/airflow/.local/lib/python3.8/site-packages/airflow/example_dags/example_short_circuit_decorator.py
[2023-11-15T04:00:09.605+0000] {logging_mixin.py:151} INFO - [2023-11-15T04:00:09.605+0000] {dag.py:2941} INFO - Sync 1 DAGs
[2023-11-15T04:00:09.631+0000] {logging_mixin.py:151} INFO - [2023-11-15T04:00:09.631+0000] {dag.py:3722} INFO - Setting next_dagrun for example_short_circuit_decorator to 2023-11-14T04:00:09.630725+00:00, run_after=2023-11-15T04:00:09.630725+00:00
[2023-11-15T04:00:09.655+0000] {processor.py:179} INFO - Processing /home/airflow/.local/lib/python3.8/site-packages/airflow/example_dags/example_short_circuit_decorator.py took 0.097 seconds
[2023-11-15T04:00:40.246+0000] {processor.py:157} INFO - Started process (PID=412) to work on /home/airflow/.local/lib/python3.8/site-packages/airflow/example_dags/example_short_circuit_decorator.py
[2023-11-15T04:00:40.247+0000] {processor.py:829} INFO - Processing file /home/airflow/.local/lib/python3.8/site-packages/airflow/example_dags/example_short_circuit_decorator.py for tasks to queue
[2023-11-15T04:00:40.249+0000] {logging_mixin.py:151} INFO - [2023-11-15T04:00:40.249+0000] {dagbag.py:536} INFO - Filling up the DagBag from /home/airflow/.local/lib/python3.8/site-packages/airflow/example_dags/example_short_circuit_decorator.py
[2023-11-15T04:00:40.260+0000] {processor.py:839} INFO - DAG(s) dict_keys(['example_short_circuit_decorator']) retrieved from /home/airflow/.local/lib/python3.8/site-packages/airflow/example_dags/example_short_circuit_decorator.py
[2023-11-15T04:00:40.288+0000] {logging_mixin.py:151} INFO - [2023-11-15T04:00:40.288+0000] {dag.py:2941} INFO - Sync 1 DAGs
[2023-11-15T04:00:40.314+0000] {logging_mixin.py:151} INFO - [2023-11-15T04:00:40.314+0000] {dag.py:3722} INFO - Setting next_dagrun for example_short_circuit_decorator to 2023-11-14T04:00:40.314060+00:00, run_after=2023-11-15T04:00:40.314060+00:00
[2023-11-15T04:00:40.339+0000] {processor.py:179} INFO - Processing /home/airflow/.local/lib/python3.8/site-packages/airflow/example_dags/example_short_circuit_decorator.py took 0.097 seconds
[2023-11-15T04:01:10.945+0000] {processor.py:157} INFO - Started process (PID=470) to work on /home/airflow/.local/lib/python3.8/site-packages/airflow/example_dags/example_short_circuit_decorator.py
[2023-11-15T04:01:10.946+0000] {processor.py:829} INFO - Processing file /home/airflow/.local/lib/python3.8/site-packages/airflow/example_dags/example_short_circuit_decorator.py for tasks to queue
[2023-11-15T04:01:10.949+0000] {logging_mixin.py:151} INFO - [2023-11-15T04:01:10.948+0000] {dagbag.py:536} INFO - Filling up the DagBag from /home/airflow/.local/lib/python3.8/site-packages/airflow/example_dags/example_short_circuit_decorator.py
[2023-11-15T04:01:10.960+0000] {processor.py:839} INFO - DAG(s) dict_keys(['example_short_circuit_decorator']) retrieved from /home/airflow/.local/lib/python3.8/site-packages/airflow/example_dags/example_short_circuit_decorator.py
[2023-11-15T04:01:10.994+0000] {logging_mixin.py:151} INFO - [2023-11-15T04:01:10.993+0000] {dag.py:2941} INFO - Sync 1 DAGs
[2023-11-15T04:01:11.028+0000] {logging_mixin.py:151} INFO - [2023-11-15T04:01:11.028+0000] {dag.py:3722} INFO - Setting next_dagrun for example_short_circuit_decorator to 2023-11-14T04:01:11.028284+00:00, run_after=2023-11-15T04:01:11.028284+00:00
[2023-11-15T04:01:11.051+0000] {processor.py:179} INFO - Processing /home/airflow/.local/lib/python3.8/site-packages/airflow/example_dags/example_short_circuit_decorator.py took 0.111 seconds
[2023-11-15T04:01:42.347+0000] {processor.py:157} INFO - Started process (PID=528) to work on /home/airflow/.local/lib/python3.8/site-packages/airflow/example_dags/example_short_circuit_decorator.py
[2023-11-15T04:01:42.348+0000] {processor.py:829} INFO - Processing file /home/airflow/.local/lib/python3.8/site-packages/airflow/example_dags/example_short_circuit_decorator.py for tasks to queue
[2023-11-15T04:01:42.351+0000] {logging_mixin.py:151} INFO - [2023-11-15T04:01:42.350+0000] {dagbag.py:536} INFO - Filling up the DagBag from /home/airflow/.local/lib/python3.8/site-packages/airflow/example_dags/example_short_circuit_decorator.py
[2023-11-15T04:01:42.363+0000] {processor.py:839} INFO - DAG(s) dict_keys(['example_short_circuit_decorator']) retrieved from /home/airflow/.local/lib/python3.8/site-packages/airflow/example_dags/example_short_circuit_decorator.py
[2023-11-15T04:01:42.397+0000] {logging_mixin.py:151} INFO - [2023-11-15T04:01:42.397+0000] {dag.py:2941} INFO - Sync 1 DAGs
[2023-11-15T04:01:42.423+0000] {logging_mixin.py:151} INFO - [2023-11-15T04:01:42.423+0000] {dag.py:3722} INFO - Setting next_dagrun for example_short_circuit_decorator to 2023-11-14T04:01:42.422944+00:00, run_after=2023-11-15T04:01:42.422944+00:00
[2023-11-15T04:01:42.446+0000] {processor.py:179} INFO - Processing /home/airflow/.local/lib/python3.8/site-packages/airflow/example_dags/example_short_circuit_decorator.py took 0.104 seconds
[2023-11-15T04:02:13.130+0000] {processor.py:157} INFO - Started process (PID=591) to work on /home/airflow/.local/lib/python3.8/site-packages/airflow/example_dags/example_short_circuit_decorator.py
[2023-11-15T04:02:13.132+0000] {processor.py:829} INFO - Processing file /home/airflow/.local/lib/python3.8/site-packages/airflow/example_dags/example_short_circuit_decorator.py for tasks to queue
[2023-11-15T04:02:13.134+0000] {logging_mixin.py:151} INFO - [2023-11-15T04:02:13.134+0000] {dagbag.py:536} INFO - Filling up the DagBag from /home/airflow/.local/lib/python3.8/site-packages/airflow/example_dags/example_short_circuit_decorator.py
[2023-11-15T04:02:13.148+0000] {processor.py:839} INFO - DAG(s) dict_keys(['example_short_circuit_decorator']) retrieved from /home/airflow/.local/lib/python3.8/site-packages/airflow/example_dags/example_short_circuit_decorator.py
[2023-11-15T04:02:13.182+0000] {logging_mixin.py:151} INFO - [2023-11-15T04:02:13.182+0000] {dag.py:2941} INFO - Sync 1 DAGs
[2023-11-15T04:02:13.212+0000] {logging_mixin.py:151} INFO - [2023-11-15T04:02:13.212+0000] {dag.py:3722} INFO - Setting next_dagrun for example_short_circuit_decorator to 2023-11-14T04:02:13.212153+00:00, run_after=2023-11-15T04:02:13.212153+00:00
[2023-11-15T04:02:13.239+0000] {processor.py:179} INFO - Processing /home/airflow/.local/lib/python3.8/site-packages/airflow/example_dags/example_short_circuit_decorator.py took 0.112 seconds
[2023-11-15T04:02:44.071+0000] {processor.py:157} INFO - Started process (PID=651) to work on /home/airflow/.local/lib/python3.8/site-packages/airflow/example_dags/example_short_circuit_decorator.py
[2023-11-15T04:02:44.072+0000] {processor.py:829} INFO - Processing file /home/airflow/.local/lib/python3.8/site-packages/airflow/example_dags/example_short_circuit_decorator.py for tasks to queue
[2023-11-15T04:02:44.074+0000] {logging_mixin.py:151} INFO - [2023-11-15T04:02:44.074+0000] {dagbag.py:536} INFO - Filling up the DagBag from /home/airflow/.local/lib/python3.8/site-packages/airflow/example_dags/example_short_circuit_decorator.py
[2023-11-15T04:02:44.086+0000] {processor.py:839} INFO - DAG(s) dict_keys(['example_short_circuit_decorator']) retrieved from /home/airflow/.local/lib/python3.8/site-packages/airflow/example_dags/example_short_circuit_decorator.py
[2023-11-15T04:02:44.122+0000] {logging_mixin.py:151} INFO - [2023-11-15T04:02:44.122+0000] {dag.py:2941} INFO - Sync 1 DAGs
[2023-11-15T04:02:44.152+0000] {logging_mixin.py:151} INFO - [2023-11-15T04:02:44.152+0000] {dag.py:3722} INFO - Setting next_dagrun for example_short_circuit_decorator to 2023-11-14T04:02:44.152292+00:00, run_after=2023-11-15T04:02:44.152292+00:00
[2023-11-15T04:02:44.178+0000] {processor.py:179} INFO - Processing /home/airflow/.local/lib/python3.8/site-packages/airflow/example_dags/example_short_circuit_decorator.py took 0.112 seconds
[2023-11-15T04:03:14.683+0000] {processor.py:157} INFO - Started process (PID=709) to work on /home/airflow/.local/lib/python3.8/site-packages/airflow/example_dags/example_short_circuit_decorator.py
[2023-11-15T04:03:14.685+0000] {processor.py:829} INFO - Processing file /home/airflow/.local/lib/python3.8/site-packages/airflow/example_dags/example_short_circuit_decorator.py for tasks to queue
[2023-11-15T04:03:14.689+0000] {logging_mixin.py:151} INFO - [2023-11-15T04:03:14.688+0000] {dagbag.py:536} INFO - Filling up the DagBag from /home/airflow/.local/lib/python3.8/site-packages/airflow/example_dags/example_short_circuit_decorator.py
[2023-11-15T04:03:14.708+0000] {processor.py:839} INFO - DAG(s) dict_keys(['example_short_circuit_decorator']) retrieved from /home/airflow/.local/lib/python3.8/site-packages/airflow/example_dags/example_short_circuit_decorator.py
[2023-11-15T04:03:14.741+0000] {logging_mixin.py:151} INFO - [2023-11-15T04:03:14.740+0000] {dag.py:2941} INFO - Sync 1 DAGs
[2023-11-15T04:03:14.772+0000] {logging_mixin.py:151} INFO - [2023-11-15T04:03:14.772+0000] {dag.py:3722} INFO - Setting next_dagrun for example_short_circuit_decorator to 2023-11-14T04:03:14.772181+00:00, run_after=2023-11-15T04:03:14.772181+00:00
[2023-11-15T04:03:14.796+0000] {processor.py:179} INFO - Processing /home/airflow/.local/lib/python3.8/site-packages/airflow/example_dags/example_short_circuit_decorator.py took 0.117 seconds
[2023-11-15T04:03:45.219+0000] {processor.py:157} INFO - Started process (PID=768) to work on /home/airflow/.local/lib/python3.8/site-packages/airflow/example_dags/example_short_circuit_decorator.py
[2023-11-15T04:03:45.220+0000] {processor.py:829} INFO - Processing file /home/airflow/.local/lib/python3.8/site-packages/airflow/example_dags/example_short_circuit_decorator.py for tasks to queue
[2023-11-15T04:03:45.224+0000] {logging_mixin.py:151} INFO - [2023-11-15T04:03:45.224+0000] {dagbag.py:536} INFO - Filling up the DagBag from /home/airflow/.local/lib/python3.8/site-packages/airflow/example_dags/example_short_circuit_decorator.py
[2023-11-15T04:03:45.236+0000] {processor.py:839} INFO - DAG(s) dict_keys(['example_short_circuit_decorator']) retrieved from /home/airflow/.local/lib/python3.8/site-packages/airflow/example_dags/example_short_circuit_decorator.py
[2023-11-15T04:03:45.265+0000] {logging_mixin.py:151} INFO - [2023-11-15T04:03:45.264+0000] {dag.py:2941} INFO - Sync 1 DAGs
[2023-11-15T04:03:45.290+0000] {logging_mixin.py:151} INFO - [2023-11-15T04:03:45.290+0000] {dag.py:3722} INFO - Setting next_dagrun for example_short_circuit_decorator to 2023-11-14T04:03:45.290183+00:00, run_after=2023-11-15T04:03:45.290183+00:00
[2023-11-15T04:03:45.315+0000] {processor.py:179} INFO - Processing /home/airflow/.local/lib/python3.8/site-packages/airflow/example_dags/example_short_circuit_decorator.py took 0.102 seconds
[2023-11-15T04:04:15.593+0000] {processor.py:157} INFO - Started process (PID=825) to work on /home/airflow/.local/lib/python3.8/site-packages/airflow/example_dags/example_short_circuit_decorator.py
[2023-11-15T04:04:15.595+0000] {processor.py:829} INFO - Processing file /home/airflow/.local/lib/python3.8/site-packages/airflow/example_dags/example_short_circuit_decorator.py for tasks to queue
[2023-11-15T04:04:15.597+0000] {logging_mixin.py:151} INFO - [2023-11-15T04:04:15.597+0000] {dagbag.py:536} INFO - Filling up the DagBag from /home/airflow/.local/lib/python3.8/site-packages/airflow/example_dags/example_short_circuit_decorator.py
[2023-11-15T04:04:15.608+0000] {processor.py:839} INFO - DAG(s) dict_keys(['example_short_circuit_decorator']) retrieved from /home/airflow/.local/lib/python3.8/site-packages/airflow/example_dags/example_short_circuit_decorator.py
[2023-11-15T04:04:15.637+0000] {logging_mixin.py:151} INFO - [2023-11-15T04:04:15.637+0000] {dag.py:2941} INFO - Sync 1 DAGs
[2023-11-15T04:04:15.666+0000] {logging_mixin.py:151} INFO - [2023-11-15T04:04:15.665+0000] {dag.py:3722} INFO - Setting next_dagrun for example_short_circuit_decorator to 2023-11-14T04:04:15.665572+00:00, run_after=2023-11-15T04:04:15.665572+00:00
[2023-11-15T04:04:15.690+0000] {processor.py:179} INFO - Processing /home/airflow/.local/lib/python3.8/site-packages/airflow/example_dags/example_short_circuit_decorator.py took 0.100 seconds
[2023-11-15T04:04:46.005+0000] {processor.py:157} INFO - Started process (PID=883) to work on /home/airflow/.local/lib/python3.8/site-packages/airflow/example_dags/example_short_circuit_decorator.py
[2023-11-15T04:04:46.006+0000] {processor.py:829} INFO - Processing file /home/airflow/.local/lib/python3.8/site-packages/airflow/example_dags/example_short_circuit_decorator.py for tasks to queue
[2023-11-15T04:04:46.008+0000] {logging_mixin.py:151} INFO - [2023-11-15T04:04:46.008+0000] {dagbag.py:536} INFO - Filling up the DagBag from /home/airflow/.local/lib/python3.8/site-packages/airflow/example_dags/example_short_circuit_decorator.py
[2023-11-15T04:04:46.019+0000] {processor.py:839} INFO - DAG(s) dict_keys(['example_short_circuit_decorator']) retrieved from /home/airflow/.local/lib/python3.8/site-packages/airflow/example_dags/example_short_circuit_decorator.py
[2023-11-15T04:04:46.050+0000] {logging_mixin.py:151} INFO - [2023-11-15T04:04:46.049+0000] {dag.py:2941} INFO - Sync 1 DAGs
[2023-11-15T04:04:46.077+0000] {logging_mixin.py:151} INFO - [2023-11-15T04:04:46.077+0000] {dag.py:3722} INFO - Setting next_dagrun for example_short_circuit_decorator to 2023-11-14T04:04:46.076897+00:00, run_after=2023-11-15T04:04:46.076897+00:00
[2023-11-15T04:04:46.101+0000] {processor.py:179} INFO - Processing /home/airflow/.local/lib/python3.8/site-packages/airflow/example_dags/example_short_circuit_decorator.py took 0.100 seconds
[2023-11-15T04:05:17.136+0000] {processor.py:157} INFO - Started process (PID=949) to work on /home/airflow/.local/lib/python3.8/site-packages/airflow/example_dags/example_short_circuit_decorator.py
[2023-11-15T04:05:17.137+0000] {processor.py:829} INFO - Processing file /home/airflow/.local/lib/python3.8/site-packages/airflow/example_dags/example_short_circuit_decorator.py for tasks to queue
[2023-11-15T04:05:17.140+0000] {logging_mixin.py:151} INFO - [2023-11-15T04:05:17.139+0000] {dagbag.py:536} INFO - Filling up the DagBag from /home/airflow/.local/lib/python3.8/site-packages/airflow/example_dags/example_short_circuit_decorator.py
[2023-11-15T04:05:17.152+0000] {processor.py:839} INFO - DAG(s) dict_keys(['example_short_circuit_decorator']) retrieved from /home/airflow/.local/lib/python3.8/site-packages/airflow/example_dags/example_short_circuit_decorator.py
[2023-11-15T04:05:17.182+0000] {logging_mixin.py:151} INFO - [2023-11-15T04:05:17.182+0000] {dag.py:2941} INFO - Sync 1 DAGs
[2023-11-15T04:05:17.214+0000] {logging_mixin.py:151} INFO - [2023-11-15T04:05:17.213+0000] {dag.py:3722} INFO - Setting next_dagrun for example_short_circuit_decorator to 2023-11-14T04:05:17.213310+00:00, run_after=2023-11-15T04:05:17.213310+00:00
[2023-11-15T04:05:17.249+0000] {processor.py:179} INFO - Processing /home/airflow/.local/lib/python3.8/site-packages/airflow/example_dags/example_short_circuit_decorator.py took 0.117 seconds
[2023-11-15T04:05:47.491+0000] {processor.py:157} INFO - Started process (PID=1008) to work on /home/airflow/.local/lib/python3.8/site-packages/airflow/example_dags/example_short_circuit_decorator.py
[2023-11-15T04:05:47.492+0000] {processor.py:829} INFO - Processing file /home/airflow/.local/lib/python3.8/site-packages/airflow/example_dags/example_short_circuit_decorator.py for tasks to queue
[2023-11-15T04:05:47.495+0000] {logging_mixin.py:151} INFO - [2023-11-15T04:05:47.494+0000] {dagbag.py:536} INFO - Filling up the DagBag from /home/airflow/.local/lib/python3.8/site-packages/airflow/example_dags/example_short_circuit_decorator.py
[2023-11-15T04:05:47.506+0000] {processor.py:839} INFO - DAG(s) dict_keys(['example_short_circuit_decorator']) retrieved from /home/airflow/.local/lib/python3.8/site-packages/airflow/example_dags/example_short_circuit_decorator.py
[2023-11-15T04:05:47.539+0000] {logging_mixin.py:151} INFO - [2023-11-15T04:05:47.539+0000] {dag.py:2941} INFO - Sync 1 DAGs
[2023-11-15T04:05:47.568+0000] {logging_mixin.py:151} INFO - [2023-11-15T04:05:47.568+0000] {dag.py:3722} INFO - Setting next_dagrun for example_short_circuit_decorator to 2023-11-14T04:05:47.567847+00:00, run_after=2023-11-15T04:05:47.567847+00:00
[2023-11-15T04:05:47.596+0000] {processor.py:179} INFO - Processing /home/airflow/.local/lib/python3.8/site-packages/airflow/example_dags/example_short_circuit_decorator.py took 0.109 seconds
[2023-11-15T04:06:18.102+0000] {processor.py:157} INFO - Started process (PID=1067) to work on /home/airflow/.local/lib/python3.8/site-packages/airflow/example_dags/example_short_circuit_decorator.py
[2023-11-15T04:06:18.104+0000] {processor.py:829} INFO - Processing file /home/airflow/.local/lib/python3.8/site-packages/airflow/example_dags/example_short_circuit_decorator.py for tasks to queue
[2023-11-15T04:06:18.106+0000] {logging_mixin.py:151} INFO - [2023-11-15T04:06:18.106+0000] {dagbag.py:536} INFO - Filling up the DagBag from /home/airflow/.local/lib/python3.8/site-packages/airflow/example_dags/example_short_circuit_decorator.py
[2023-11-15T04:06:18.119+0000] {processor.py:839} INFO - DAG(s) dict_keys(['example_short_circuit_decorator']) retrieved from /home/airflow/.local/lib/python3.8/site-packages/airflow/example_dags/example_short_circuit_decorator.py
[2023-11-15T04:06:18.148+0000] {logging_mixin.py:151} INFO - [2023-11-15T04:06:18.148+0000] {dag.py:2941} INFO - Sync 1 DAGs
[2023-11-15T04:06:18.179+0000] {logging_mixin.py:151} INFO - [2023-11-15T04:06:18.179+0000] {dag.py:3722} INFO - Setting next_dagrun for example_short_circuit_decorator to 2023-11-14T04:06:18.178987+00:00, run_after=2023-11-15T04:06:18.178987+00:00
[2023-11-15T04:06:18.205+0000] {processor.py:179} INFO - Processing /home/airflow/.local/lib/python3.8/site-packages/airflow/example_dags/example_short_circuit_decorator.py took 0.107 seconds
[2023-11-15T04:06:48.600+0000] {processor.py:157} INFO - Started process (PID=1125) to work on /home/airflow/.local/lib/python3.8/site-packages/airflow/example_dags/example_short_circuit_decorator.py
[2023-11-15T04:06:48.601+0000] {processor.py:829} INFO - Processing file /home/airflow/.local/lib/python3.8/site-packages/airflow/example_dags/example_short_circuit_decorator.py for tasks to queue
[2023-11-15T04:06:48.604+0000] {logging_mixin.py:151} INFO - [2023-11-15T04:06:48.603+0000] {dagbag.py:536} INFO - Filling up the DagBag from /home/airflow/.local/lib/python3.8/site-packages/airflow/example_dags/example_short_circuit_decorator.py
[2023-11-15T04:06:48.615+0000] {processor.py:839} INFO - DAG(s) dict_keys(['example_short_circuit_decorator']) retrieved from /home/airflow/.local/lib/python3.8/site-packages/airflow/example_dags/example_short_circuit_decorator.py
[2023-11-15T04:06:48.646+0000] {logging_mixin.py:151} INFO - [2023-11-15T04:06:48.646+0000] {dag.py:2941} INFO - Sync 1 DAGs
[2023-11-15T04:06:48.678+0000] {logging_mixin.py:151} INFO - [2023-11-15T04:06:48.678+0000] {dag.py:3722} INFO - Setting next_dagrun for example_short_circuit_decorator to 2023-11-14T04:06:48.678101+00:00, run_after=2023-11-15T04:06:48.678101+00:00
[2023-11-15T04:06:48.704+0000] {processor.py:179} INFO - Processing /home/airflow/.local/lib/python3.8/site-packages/airflow/example_dags/example_short_circuit_decorator.py took 0.108 seconds
[2023-11-15T04:07:19.465+0000] {processor.py:157} INFO - Started process (PID=1184) to work on /home/airflow/.local/lib/python3.8/site-packages/airflow/example_dags/example_short_circuit_decorator.py
[2023-11-15T04:07:19.466+0000] {processor.py:829} INFO - Processing file /home/airflow/.local/lib/python3.8/site-packages/airflow/example_dags/example_short_circuit_decorator.py for tasks to queue
[2023-11-15T04:07:19.469+0000] {logging_mixin.py:151} INFO - [2023-11-15T04:07:19.468+0000] {dagbag.py:536} INFO - Filling up the DagBag from /home/airflow/.local/lib/python3.8/site-packages/airflow/example_dags/example_short_circuit_decorator.py
[2023-11-15T04:07:19.480+0000] {processor.py:839} INFO - DAG(s) dict_keys(['example_short_circuit_decorator']) retrieved from /home/airflow/.local/lib/python3.8/site-packages/airflow/example_dags/example_short_circuit_decorator.py
[2023-11-15T04:07:19.511+0000] {logging_mixin.py:151} INFO - [2023-11-15T04:07:19.511+0000] {dag.py:2941} INFO - Sync 1 DAGs
[2023-11-15T04:07:19.537+0000] {logging_mixin.py:151} INFO - [2023-11-15T04:07:19.537+0000] {dag.py:3722} INFO - Setting next_dagrun for example_short_circuit_decorator to 2023-11-14T04:07:19.536950+00:00, run_after=2023-11-15T04:07:19.536950+00:00
[2023-11-15T04:07:19.564+0000] {processor.py:179} INFO - Processing /home/airflow/.local/lib/python3.8/site-packages/airflow/example_dags/example_short_circuit_decorator.py took 0.102 seconds
[2023-11-15T04:07:49.805+0000] {processor.py:157} INFO - Started process (PID=1241) to work on /home/airflow/.local/lib/python3.8/site-packages/airflow/example_dags/example_short_circuit_decorator.py
[2023-11-15T04:07:49.806+0000] {processor.py:829} INFO - Processing file /home/airflow/.local/lib/python3.8/site-packages/airflow/example_dags/example_short_circuit_decorator.py for tasks to queue
[2023-11-15T04:07:49.809+0000] {logging_mixin.py:151} INFO - [2023-11-15T04:07:49.809+0000] {dagbag.py:536} INFO - Filling up the DagBag from /home/airflow/.local/lib/python3.8/site-packages/airflow/example_dags/example_short_circuit_decorator.py
[2023-11-15T04:07:49.820+0000] {processor.py:839} INFO - DAG(s) dict_keys(['example_short_circuit_decorator']) retrieved from /home/airflow/.local/lib/python3.8/site-packages/airflow/example_dags/example_short_circuit_decorator.py
[2023-11-15T04:07:49.850+0000] {logging_mixin.py:151} INFO - [2023-11-15T04:07:49.850+0000] {dag.py:2941} INFO - Sync 1 DAGs
[2023-11-15T04:07:49.876+0000] {logging_mixin.py:151} INFO - [2023-11-15T04:07:49.876+0000] {dag.py:3722} INFO - Setting next_dagrun for example_short_circuit_decorator to 2023-11-14T04:07:49.876101+00:00, run_after=2023-11-15T04:07:49.876101+00:00
[2023-11-15T04:07:49.901+0000] {processor.py:179} INFO - Processing /home/airflow/.local/lib/python3.8/site-packages/airflow/example_dags/example_short_circuit_decorator.py took 0.100 seconds
[2023-11-15T04:08:21.241+0000] {processor.py:157} INFO - Started process (PID=1299) to work on /home/airflow/.local/lib/python3.8/site-packages/airflow/example_dags/example_short_circuit_decorator.py
[2023-11-15T04:08:21.242+0000] {processor.py:829} INFO - Processing file /home/airflow/.local/lib/python3.8/site-packages/airflow/example_dags/example_short_circuit_decorator.py for tasks to queue
[2023-11-15T04:08:21.245+0000] {logging_mixin.py:151} INFO - [2023-11-15T04:08:21.244+0000] {dagbag.py:536} INFO - Filling up the DagBag from /home/airflow/.local/lib/python3.8/site-packages/airflow/example_dags/example_short_circuit_decorator.py
[2023-11-15T04:08:21.256+0000] {processor.py:839} INFO - DAG(s) dict_keys(['example_short_circuit_decorator']) retrieved from /home/airflow/.local/lib/python3.8/site-packages/airflow/example_dags/example_short_circuit_decorator.py
[2023-11-15T04:08:21.288+0000] {logging_mixin.py:151} INFO - [2023-11-15T04:08:21.288+0000] {dag.py:2941} INFO - Sync 1 DAGs
[2023-11-15T04:08:21.319+0000] {logging_mixin.py:151} INFO - [2023-11-15T04:08:21.319+0000] {dag.py:3722} INFO - Setting next_dagrun for example_short_circuit_decorator to 2023-11-14T04:08:21.319359+00:00, run_after=2023-11-15T04:08:21.319359+00:00
[2023-11-15T04:08:21.350+0000] {processor.py:179} INFO - Processing /home/airflow/.local/lib/python3.8/site-packages/airflow/example_dags/example_short_circuit_decorator.py took 0.114 seconds
[2023-11-15T04:08:51.539+0000] {processor.py:157} INFO - Started process (PID=1356) to work on /home/airflow/.local/lib/python3.8/site-packages/airflow/example_dags/example_short_circuit_decorator.py
[2023-11-15T04:08:51.540+0000] {processor.py:829} INFO - Processing file /home/airflow/.local/lib/python3.8/site-packages/airflow/example_dags/example_short_circuit_decorator.py for tasks to queue
[2023-11-15T04:08:51.543+0000] {logging_mixin.py:151} INFO - [2023-11-15T04:08:51.543+0000] {dagbag.py:536} INFO - Filling up the DagBag from /home/airflow/.local/lib/python3.8/site-packages/airflow/example_dags/example_short_circuit_decorator.py
[2023-11-15T04:08:51.554+0000] {processor.py:839} INFO - DAG(s) dict_keys(['example_short_circuit_decorator']) retrieved from /home/airflow/.local/lib/python3.8/site-packages/airflow/example_dags/example_short_circuit_decorator.py
[2023-11-15T04:08:51.583+0000] {logging_mixin.py:151} INFO - [2023-11-15T04:08:51.583+0000] {dag.py:2941} INFO - Sync 1 DAGs
[2023-11-15T04:08:51.610+0000] {logging_mixin.py:151} INFO - [2023-11-15T04:08:51.609+0000] {dag.py:3722} INFO - Setting next_dagrun for example_short_circuit_decorator to 2023-11-14T04:08:51.609218+00:00, run_after=2023-11-15T04:08:51.609218+00:00
[2023-11-15T04:08:51.635+0000] {processor.py:179} INFO - Processing /home/airflow/.local/lib/python3.8/site-packages/airflow/example_dags/example_short_circuit_decorator.py took 0.099 seconds
[2023-11-15T04:09:22.046+0000] {processor.py:157} INFO - Started process (PID=1413) to work on /home/airflow/.local/lib/python3.8/site-packages/airflow/example_dags/example_short_circuit_decorator.py
[2023-11-15T04:09:22.046+0000] {processor.py:829} INFO - Processing file /home/airflow/.local/lib/python3.8/site-packages/airflow/example_dags/example_short_circuit_decorator.py for tasks to queue
[2023-11-15T04:09:22.049+0000] {logging_mixin.py:151} INFO - [2023-11-15T04:09:22.048+0000] {dagbag.py:536} INFO - Filling up the DagBag from /home/airflow/.local/lib/python3.8/site-packages/airflow/example_dags/example_short_circuit_decorator.py
[2023-11-15T04:09:22.060+0000] {processor.py:839} INFO - DAG(s) dict_keys(['example_short_circuit_decorator']) retrieved from /home/airflow/.local/lib/python3.8/site-packages/airflow/example_dags/example_short_circuit_decorator.py
[2023-11-15T04:09:22.088+0000] {logging_mixin.py:151} INFO - [2023-11-15T04:09:22.088+0000] {dag.py:2941} INFO - Sync 1 DAGs
[2023-11-15T04:09:22.114+0000] {logging_mixin.py:151} INFO - [2023-11-15T04:09:22.114+0000] {dag.py:3722} INFO - Setting next_dagrun for example_short_circuit_decorator to 2023-11-14T04:09:22.113838+00:00, run_after=2023-11-15T04:09:22.113838+00:00
[2023-11-15T04:09:22.139+0000] {processor.py:179} INFO - Processing /home/airflow/.local/lib/python3.8/site-packages/airflow/example_dags/example_short_circuit_decorator.py took 0.098 seconds
[2023-11-15T04:09:52.440+0000] {processor.py:157} INFO - Started process (PID=1469) to work on /home/airflow/.local/lib/python3.8/site-packages/airflow/example_dags/example_short_circuit_decorator.py
[2023-11-15T04:09:52.441+0000] {processor.py:829} INFO - Processing file /home/airflow/.local/lib/python3.8/site-packages/airflow/example_dags/example_short_circuit_decorator.py for tasks to queue
[2023-11-15T04:09:52.444+0000] {logging_mixin.py:151} INFO - [2023-11-15T04:09:52.444+0000] {dagbag.py:536} INFO - Filling up the DagBag from /home/airflow/.local/lib/python3.8/site-packages/airflow/example_dags/example_short_circuit_decorator.py
[2023-11-15T04:09:52.455+0000] {processor.py:839} INFO - DAG(s) dict_keys(['example_short_circuit_decorator']) retrieved from /home/airflow/.local/lib/python3.8/site-packages/airflow/example_dags/example_short_circuit_decorator.py
[2023-11-15T04:09:52.487+0000] {logging_mixin.py:151} INFO - [2023-11-15T04:09:52.486+0000] {dag.py:2941} INFO - Sync 1 DAGs
[2023-11-15T04:09:52.515+0000] {logging_mixin.py:151} INFO - [2023-11-15T04:09:52.514+0000] {dag.py:3722} INFO - Setting next_dagrun for example_short_circuit_decorator to 2023-11-14T04:09:52.514567+00:00, run_after=2023-11-15T04:09:52.514567+00:00
[2023-11-15T04:09:52.545+0000] {processor.py:179} INFO - Processing /home/airflow/.local/lib/python3.8/site-packages/airflow/example_dags/example_short_circuit_decorator.py took 0.109 seconds
[2023-11-15T04:10:22.822+0000] {processor.py:157} INFO - Started process (PID=1526) to work on /home/airflow/.local/lib/python3.8/site-packages/airflow/example_dags/example_short_circuit_decorator.py
[2023-11-15T04:10:22.823+0000] {processor.py:829} INFO - Processing file /home/airflow/.local/lib/python3.8/site-packages/airflow/example_dags/example_short_circuit_decorator.py for tasks to queue
[2023-11-15T04:10:22.826+0000] {logging_mixin.py:151} INFO - [2023-11-15T04:10:22.826+0000] {dagbag.py:536} INFO - Filling up the DagBag from /home/airflow/.local/lib/python3.8/site-packages/airflow/example_dags/example_short_circuit_decorator.py
[2023-11-15T04:10:22.838+0000] {processor.py:839} INFO - DAG(s) dict_keys(['example_short_circuit_decorator']) retrieved from /home/airflow/.local/lib/python3.8/site-packages/airflow/example_dags/example_short_circuit_decorator.py
[2023-11-15T04:10:22.868+0000] {logging_mixin.py:151} INFO - [2023-11-15T04:10:22.868+0000] {dag.py:2941} INFO - Sync 1 DAGs
[2023-11-15T04:10:22.897+0000] {logging_mixin.py:151} INFO - [2023-11-15T04:10:22.897+0000] {dag.py:3722} INFO - Setting next_dagrun for example_short_circuit_decorator to 2023-11-14T04:10:22.897036+00:00, run_after=2023-11-15T04:10:22.897036+00:00
[2023-11-15T04:10:22.919+0000] {processor.py:179} INFO - Processing /home/airflow/.local/lib/python3.8/site-packages/airflow/example_dags/example_short_circuit_decorator.py took 0.101 seconds
[2023-11-15T04:10:53.604+0000] {processor.py:157} INFO - Started process (PID=1584) to work on /home/airflow/.local/lib/python3.8/site-packages/airflow/example_dags/example_short_circuit_decorator.py
[2023-11-15T04:10:53.606+0000] {processor.py:829} INFO - Processing file /home/airflow/.local/lib/python3.8/site-packages/airflow/example_dags/example_short_circuit_decorator.py for tasks to queue
[2023-11-15T04:10:53.608+0000] {logging_mixin.py:151} INFO - [2023-11-15T04:10:53.608+0000] {dagbag.py:536} INFO - Filling up the DagBag from /home/airflow/.local/lib/python3.8/site-packages/airflow/example_dags/example_short_circuit_decorator.py
[2023-11-15T04:10:53.622+0000] {processor.py:839} INFO - DAG(s) dict_keys(['example_short_circuit_decorator']) retrieved from /home/airflow/.local/lib/python3.8/site-packages/airflow/example_dags/example_short_circuit_decorator.py
[2023-11-15T04:10:53.652+0000] {logging_mixin.py:151} INFO - [2023-11-15T04:10:53.652+0000] {dag.py:2941} INFO - Sync 1 DAGs
[2023-11-15T04:10:53.681+0000] {logging_mixin.py:151} INFO - [2023-11-15T04:10:53.681+0000] {dag.py:3722} INFO - Setting next_dagrun for example_short_circuit_decorator to 2023-11-14T04:10:53.680861+00:00, run_after=2023-11-15T04:10:53.680861+00:00
[2023-11-15T04:10:53.703+0000] {processor.py:179} INFO - Processing /home/airflow/.local/lib/python3.8/site-packages/airflow/example_dags/example_short_circuit_decorator.py took 0.103 seconds
[2023-11-15T04:11:23.819+0000] {processor.py:157} INFO - Started process (PID=1645) to work on /home/airflow/.local/lib/python3.8/site-packages/airflow/example_dags/example_short_circuit_decorator.py
[2023-11-15T04:11:23.820+0000] {processor.py:829} INFO - Processing file /home/airflow/.local/lib/python3.8/site-packages/airflow/example_dags/example_short_circuit_decorator.py for tasks to queue
[2023-11-15T04:11:23.823+0000] {logging_mixin.py:151} INFO - [2023-11-15T04:11:23.822+0000] {dagbag.py:536} INFO - Filling up the DagBag from /home/airflow/.local/lib/python3.8/site-packages/airflow/example_dags/example_short_circuit_decorator.py
[2023-11-15T04:11:23.834+0000] {processor.py:839} INFO - DAG(s) dict_keys(['example_short_circuit_decorator']) retrieved from /home/airflow/.local/lib/python3.8/site-packages/airflow/example_dags/example_short_circuit_decorator.py
[2023-11-15T04:11:23.864+0000] {logging_mixin.py:151} INFO - [2023-11-15T04:11:23.864+0000] {dag.py:2941} INFO - Sync 1 DAGs
[2023-11-15T04:11:23.895+0000] {logging_mixin.py:151} INFO - [2023-11-15T04:11:23.894+0000] {dag.py:3722} INFO - Setting next_dagrun for example_short_circuit_decorator to 2023-11-14T04:11:23.894237+00:00, run_after=2023-11-15T04:11:23.894237+00:00
[2023-11-15T04:11:23.922+0000] {processor.py:179} INFO - Processing /home/airflow/.local/lib/python3.8/site-packages/airflow/example_dags/example_short_circuit_decorator.py took 0.107 seconds
[2023-11-15T04:11:54.336+0000] {processor.py:157} INFO - Started process (PID=1707) to work on /home/airflow/.local/lib/python3.8/site-packages/airflow/example_dags/example_short_circuit_decorator.py
[2023-11-15T04:11:54.338+0000] {processor.py:829} INFO - Processing file /home/airflow/.local/lib/python3.8/site-packages/airflow/example_dags/example_short_circuit_decorator.py for tasks to queue
[2023-11-15T04:11:54.340+0000] {logging_mixin.py:151} INFO - [2023-11-15T04:11:54.340+0000] {dagbag.py:536} INFO - Filling up the DagBag from /home/airflow/.local/lib/python3.8/site-packages/airflow/example_dags/example_short_circuit_decorator.py
[2023-11-15T04:11:54.351+0000] {processor.py:839} INFO - DAG(s) dict_keys(['example_short_circuit_decorator']) retrieved from /home/airflow/.local/lib/python3.8/site-packages/airflow/example_dags/example_short_circuit_decorator.py
[2023-11-15T04:11:54.381+0000] {logging_mixin.py:151} INFO - [2023-11-15T04:11:54.380+0000] {dag.py:2941} INFO - Sync 1 DAGs
[2023-11-15T04:11:54.408+0000] {logging_mixin.py:151} INFO - [2023-11-15T04:11:54.408+0000] {dag.py:3722} INFO - Setting next_dagrun for example_short_circuit_decorator to 2023-11-14T04:11:54.408000+00:00, run_after=2023-11-15T04:11:54.408000+00:00
[2023-11-15T04:11:54.434+0000] {processor.py:179} INFO - Processing /home/airflow/.local/lib/python3.8/site-packages/airflow/example_dags/example_short_circuit_decorator.py took 0.102 seconds
[2023-11-15T04:12:25.257+0000] {processor.py:157} INFO - Started process (PID=1767) to work on /home/airflow/.local/lib/python3.8/site-packages/airflow/example_dags/example_short_circuit_decorator.py
[2023-11-15T04:12:25.257+0000] {processor.py:829} INFO - Processing file /home/airflow/.local/lib/python3.8/site-packages/airflow/example_dags/example_short_circuit_decorator.py for tasks to queue
[2023-11-15T04:12:25.260+0000] {logging_mixin.py:151} INFO - [2023-11-15T04:12:25.259+0000] {dagbag.py:536} INFO - Filling up the DagBag from /home/airflow/.local/lib/python3.8/site-packages/airflow/example_dags/example_short_circuit_decorator.py
[2023-11-15T04:12:25.271+0000] {processor.py:839} INFO - DAG(s) dict_keys(['example_short_circuit_decorator']) retrieved from /home/airflow/.local/lib/python3.8/site-packages/airflow/example_dags/example_short_circuit_decorator.py
[2023-11-15T04:12:25.300+0000] {logging_mixin.py:151} INFO - [2023-11-15T04:12:25.300+0000] {dag.py:2941} INFO - Sync 1 DAGs
[2023-11-15T04:12:25.328+0000] {logging_mixin.py:151} INFO - [2023-11-15T04:12:25.328+0000] {dag.py:3722} INFO - Setting next_dagrun for example_short_circuit_decorator to 2023-11-14T04:12:25.327669+00:00, run_after=2023-11-15T04:12:25.327669+00:00
[2023-11-15T04:12:25.353+0000] {processor.py:179} INFO - Processing /home/airflow/.local/lib/python3.8/site-packages/airflow/example_dags/example_short_circuit_decorator.py took 0.101 seconds
[2023-11-15T04:12:55.381+0000] {processor.py:157} INFO - Started process (PID=1827) to work on /home/airflow/.local/lib/python3.8/site-packages/airflow/example_dags/example_short_circuit_decorator.py
[2023-11-15T04:12:55.382+0000] {processor.py:829} INFO - Processing file /home/airflow/.local/lib/python3.8/site-packages/airflow/example_dags/example_short_circuit_decorator.py for tasks to queue
[2023-11-15T04:12:55.384+0000] {logging_mixin.py:151} INFO - [2023-11-15T04:12:55.384+0000] {dagbag.py:536} INFO - Filling up the DagBag from /home/airflow/.local/lib/python3.8/site-packages/airflow/example_dags/example_short_circuit_decorator.py
[2023-11-15T04:12:55.395+0000] {processor.py:839} INFO - DAG(s) dict_keys(['example_short_circuit_decorator']) retrieved from /home/airflow/.local/lib/python3.8/site-packages/airflow/example_dags/example_short_circuit_decorator.py
[2023-11-15T04:12:55.425+0000] {logging_mixin.py:151} INFO - [2023-11-15T04:12:55.425+0000] {dag.py:2941} INFO - Sync 1 DAGs
[2023-11-15T04:12:55.451+0000] {logging_mixin.py:151} INFO - [2023-11-15T04:12:55.451+0000] {dag.py:3722} INFO - Setting next_dagrun for example_short_circuit_decorator to 2023-11-14T04:12:55.450818+00:00, run_after=2023-11-15T04:12:55.450818+00:00
[2023-11-15T04:12:55.472+0000] {processor.py:179} INFO - Processing /home/airflow/.local/lib/python3.8/site-packages/airflow/example_dags/example_short_circuit_decorator.py took 0.095 seconds
[2023-11-15T04:13:26.222+0000] {processor.py:157} INFO - Started process (PID=1889) to work on /home/airflow/.local/lib/python3.8/site-packages/airflow/example_dags/example_short_circuit_decorator.py
[2023-11-15T04:13:26.223+0000] {processor.py:829} INFO - Processing file /home/airflow/.local/lib/python3.8/site-packages/airflow/example_dags/example_short_circuit_decorator.py for tasks to queue
[2023-11-15T04:13:26.226+0000] {logging_mixin.py:151} INFO - [2023-11-15T04:13:26.226+0000] {dagbag.py:536} INFO - Filling up the DagBag from /home/airflow/.local/lib/python3.8/site-packages/airflow/example_dags/example_short_circuit_decorator.py
[2023-11-15T04:13:26.238+0000] {processor.py:839} INFO - DAG(s) dict_keys(['example_short_circuit_decorator']) retrieved from /home/airflow/.local/lib/python3.8/site-packages/airflow/example_dags/example_short_circuit_decorator.py
[2023-11-15T04:13:26.269+0000] {logging_mixin.py:151} INFO - [2023-11-15T04:13:26.269+0000] {dag.py:2941} INFO - Sync 1 DAGs
[2023-11-15T04:13:26.299+0000] {logging_mixin.py:151} INFO - [2023-11-15T04:13:26.299+0000] {dag.py:3722} INFO - Setting next_dagrun for example_short_circuit_decorator to 2023-11-14T04:13:26.299382+00:00, run_after=2023-11-15T04:13:26.299382+00:00
[2023-11-15T04:13:26.324+0000] {processor.py:179} INFO - Processing /home/airflow/.local/lib/python3.8/site-packages/airflow/example_dags/example_short_circuit_decorator.py took 0.106 seconds
[2023-11-15T04:13:57.214+0000] {processor.py:157} INFO - Started process (PID=1946) to work on /home/airflow/.local/lib/python3.8/site-packages/airflow/example_dags/example_short_circuit_decorator.py
[2023-11-15T04:13:57.225+0000] {processor.py:829} INFO - Processing file /home/airflow/.local/lib/python3.8/site-packages/airflow/example_dags/example_short_circuit_decorator.py for tasks to queue
[2023-11-15T04:13:57.229+0000] {logging_mixin.py:151} INFO - [2023-11-15T04:13:57.228+0000] {dagbag.py:536} INFO - Filling up the DagBag from /home/airflow/.local/lib/python3.8/site-packages/airflow/example_dags/example_short_circuit_decorator.py
[2023-11-15T04:13:57.245+0000] {processor.py:839} INFO - DAG(s) dict_keys(['example_short_circuit_decorator']) retrieved from /home/airflow/.local/lib/python3.8/site-packages/airflow/example_dags/example_short_circuit_decorator.py
[2023-11-15T04:13:57.285+0000] {logging_mixin.py:151} INFO - [2023-11-15T04:13:57.285+0000] {dag.py:2941} INFO - Sync 1 DAGs
[2023-11-15T04:13:57.552+0000] {logging_mixin.py:151} INFO - [2023-11-15T04:13:57.552+0000] {dag.py:3722} INFO - Setting next_dagrun for example_short_circuit_decorator to 2023-11-14T04:13:57.552154+00:00, run_after=2023-11-15T04:13:57.552154+00:00
[2023-11-15T04:13:57.583+0000] {processor.py:179} INFO - Processing /home/airflow/.local/lib/python3.8/site-packages/airflow/example_dags/example_short_circuit_decorator.py took 0.375 seconds
[2023-11-15T04:14:28.030+0000] {processor.py:157} INFO - Started process (PID=2003) to work on /home/airflow/.local/lib/python3.8/site-packages/airflow/example_dags/example_short_circuit_decorator.py
[2023-11-15T04:14:28.031+0000] {processor.py:829} INFO - Processing file /home/airflow/.local/lib/python3.8/site-packages/airflow/example_dags/example_short_circuit_decorator.py for tasks to queue
[2023-11-15T04:14:28.033+0000] {logging_mixin.py:151} INFO - [2023-11-15T04:14:28.033+0000] {dagbag.py:536} INFO - Filling up the DagBag from /home/airflow/.local/lib/python3.8/site-packages/airflow/example_dags/example_short_circuit_decorator.py
[2023-11-15T04:14:28.046+0000] {processor.py:839} INFO - DAG(s) dict_keys(['example_short_circuit_decorator']) retrieved from /home/airflow/.local/lib/python3.8/site-packages/airflow/example_dags/example_short_circuit_decorator.py
[2023-11-15T04:14:28.078+0000] {logging_mixin.py:151} INFO - [2023-11-15T04:14:28.078+0000] {dag.py:2941} INFO - Sync 1 DAGs
[2023-11-15T04:14:28.109+0000] {logging_mixin.py:151} INFO - [2023-11-15T04:14:28.109+0000] {dag.py:3722} INFO - Setting next_dagrun for example_short_circuit_decorator to 2023-11-14T04:14:28.108844+00:00, run_after=2023-11-15T04:14:28.108844+00:00
[2023-11-15T04:14:28.134+0000] {processor.py:179} INFO - Processing /home/airflow/.local/lib/python3.8/site-packages/airflow/example_dags/example_short_circuit_decorator.py took 0.109 seconds
[2023-11-15T04:14:58.501+0000] {processor.py:157} INFO - Started process (PID=2060) to work on /home/airflow/.local/lib/python3.8/site-packages/airflow/example_dags/example_short_circuit_decorator.py
[2023-11-15T04:14:58.502+0000] {processor.py:829} INFO - Processing file /home/airflow/.local/lib/python3.8/site-packages/airflow/example_dags/example_short_circuit_decorator.py for tasks to queue
[2023-11-15T04:14:58.505+0000] {logging_mixin.py:151} INFO - [2023-11-15T04:14:58.504+0000] {dagbag.py:536} INFO - Filling up the DagBag from /home/airflow/.local/lib/python3.8/site-packages/airflow/example_dags/example_short_circuit_decorator.py
[2023-11-15T04:14:58.517+0000] {processor.py:839} INFO - DAG(s) dict_keys(['example_short_circuit_decorator']) retrieved from /home/airflow/.local/lib/python3.8/site-packages/airflow/example_dags/example_short_circuit_decorator.py
[2023-11-15T04:14:58.548+0000] {logging_mixin.py:151} INFO - [2023-11-15T04:14:58.548+0000] {dag.py:2941} INFO - Sync 1 DAGs
[2023-11-15T04:14:58.576+0000] {logging_mixin.py:151} INFO - [2023-11-15T04:14:58.576+0000] {dag.py:3722} INFO - Setting next_dagrun for example_short_circuit_decorator to 2023-11-14T04:14:58.575947+00:00, run_after=2023-11-15T04:14:58.575947+00:00
[2023-11-15T04:14:58.599+0000] {processor.py:179} INFO - Processing /home/airflow/.local/lib/python3.8/site-packages/airflow/example_dags/example_short_circuit_decorator.py took 0.103 seconds
[2023-11-15T04:15:29.910+0000] {processor.py:157} INFO - Started process (PID=2118) to work on /home/airflow/.local/lib/python3.8/site-packages/airflow/example_dags/example_short_circuit_decorator.py
[2023-11-15T04:15:29.911+0000] {processor.py:829} INFO - Processing file /home/airflow/.local/lib/python3.8/site-packages/airflow/example_dags/example_short_circuit_decorator.py for tasks to queue
[2023-11-15T04:15:29.914+0000] {logging_mixin.py:151} INFO - [2023-11-15T04:15:29.913+0000] {dagbag.py:536} INFO - Filling up the DagBag from /home/airflow/.local/lib/python3.8/site-packages/airflow/example_dags/example_short_circuit_decorator.py
[2023-11-15T04:15:29.925+0000] {processor.py:839} INFO - DAG(s) dict_keys(['example_short_circuit_decorator']) retrieved from /home/airflow/.local/lib/python3.8/site-packages/airflow/example_dags/example_short_circuit_decorator.py
[2023-11-15T04:15:30.124+0000] {logging_mixin.py:151} INFO - [2023-11-15T04:15:30.124+0000] {dag.py:2941} INFO - Sync 1 DAGs
[2023-11-15T04:15:30.150+0000] {logging_mixin.py:151} INFO - [2023-11-15T04:15:30.150+0000] {dag.py:3722} INFO - Setting next_dagrun for example_short_circuit_decorator to 2023-11-14T04:15:30.149866+00:00, run_after=2023-11-15T04:15:30.149866+00:00
[2023-11-15T04:15:30.169+0000] {processor.py:179} INFO - Processing /home/airflow/.local/lib/python3.8/site-packages/airflow/example_dags/example_short_circuit_decorator.py took 0.263 seconds
[2023-11-15T04:16:00.221+0000] {processor.py:157} INFO - Started process (PID=2177) to work on /home/airflow/.local/lib/python3.8/site-packages/airflow/example_dags/example_short_circuit_decorator.py
[2023-11-15T04:16:00.222+0000] {processor.py:829} INFO - Processing file /home/airflow/.local/lib/python3.8/site-packages/airflow/example_dags/example_short_circuit_decorator.py for tasks to queue
[2023-11-15T04:16:00.225+0000] {logging_mixin.py:151} INFO - [2023-11-15T04:16:00.225+0000] {dagbag.py:536} INFO - Filling up the DagBag from /home/airflow/.local/lib/python3.8/site-packages/airflow/example_dags/example_short_circuit_decorator.py
[2023-11-15T04:16:00.238+0000] {processor.py:839} INFO - DAG(s) dict_keys(['example_short_circuit_decorator']) retrieved from /home/airflow/.local/lib/python3.8/site-packages/airflow/example_dags/example_short_circuit_decorator.py
[2023-11-15T04:16:00.267+0000] {logging_mixin.py:151} INFO - [2023-11-15T04:16:00.267+0000] {dag.py:2941} INFO - Sync 1 DAGs
[2023-11-15T04:16:00.472+0000] {logging_mixin.py:151} INFO - [2023-11-15T04:16:00.472+0000] {dag.py:3722} INFO - Setting next_dagrun for example_short_circuit_decorator to 2023-11-14T04:16:00.471865+00:00, run_after=2023-11-15T04:16:00.471865+00:00
[2023-11-15T04:16:00.498+0000] {processor.py:179} INFO - Processing /home/airflow/.local/lib/python3.8/site-packages/airflow/example_dags/example_short_circuit_decorator.py took 0.281 seconds
[2023-11-15T04:16:31.171+0000] {processor.py:157} INFO - Started process (PID=2236) to work on /home/airflow/.local/lib/python3.8/site-packages/airflow/example_dags/example_short_circuit_decorator.py
[2023-11-15T04:16:31.172+0000] {processor.py:829} INFO - Processing file /home/airflow/.local/lib/python3.8/site-packages/airflow/example_dags/example_short_circuit_decorator.py for tasks to queue
[2023-11-15T04:16:31.175+0000] {logging_mixin.py:151} INFO - [2023-11-15T04:16:31.175+0000] {dagbag.py:536} INFO - Filling up the DagBag from /home/airflow/.local/lib/python3.8/site-packages/airflow/example_dags/example_short_circuit_decorator.py
[2023-11-15T04:16:31.186+0000] {processor.py:839} INFO - DAG(s) dict_keys(['example_short_circuit_decorator']) retrieved from /home/airflow/.local/lib/python3.8/site-packages/airflow/example_dags/example_short_circuit_decorator.py
[2023-11-15T04:16:31.215+0000] {logging_mixin.py:151} INFO - [2023-11-15T04:16:31.214+0000] {dag.py:2941} INFO - Sync 1 DAGs
[2023-11-15T04:16:31.242+0000] {logging_mixin.py:151} INFO - [2023-11-15T04:16:31.242+0000] {dag.py:3722} INFO - Setting next_dagrun for example_short_circuit_decorator to 2023-11-14T04:16:31.241769+00:00, run_after=2023-11-15T04:16:31.241769+00:00
[2023-11-15T04:16:31.267+0000] {processor.py:179} INFO - Processing /home/airflow/.local/lib/python3.8/site-packages/airflow/example_dags/example_short_circuit_decorator.py took 0.100 seconds
[2023-11-15T04:17:01.551+0000] {processor.py:157} INFO - Started process (PID=2293) to work on /home/airflow/.local/lib/python3.8/site-packages/airflow/example_dags/example_short_circuit_decorator.py
[2023-11-15T04:17:01.552+0000] {processor.py:829} INFO - Processing file /home/airflow/.local/lib/python3.8/site-packages/airflow/example_dags/example_short_circuit_decorator.py for tasks to queue
[2023-11-15T04:17:01.555+0000] {logging_mixin.py:151} INFO - [2023-11-15T04:17:01.555+0000] {dagbag.py:536} INFO - Filling up the DagBag from /home/airflow/.local/lib/python3.8/site-packages/airflow/example_dags/example_short_circuit_decorator.py
[2023-11-15T04:17:01.567+0000] {processor.py:839} INFO - DAG(s) dict_keys(['example_short_circuit_decorator']) retrieved from /home/airflow/.local/lib/python3.8/site-packages/airflow/example_dags/example_short_circuit_decorator.py
[2023-11-15T04:17:01.596+0000] {logging_mixin.py:151} INFO - [2023-11-15T04:17:01.596+0000] {dag.py:2941} INFO - Sync 1 DAGs
[2023-11-15T04:17:01.624+0000] {logging_mixin.py:151} INFO - [2023-11-15T04:17:01.624+0000] {dag.py:3722} INFO - Setting next_dagrun for example_short_circuit_decorator to 2023-11-14T04:17:01.623992+00:00, run_after=2023-11-15T04:17:01.623992+00:00
[2023-11-15T04:17:01.647+0000] {processor.py:179} INFO - Processing /home/airflow/.local/lib/python3.8/site-packages/airflow/example_dags/example_short_circuit_decorator.py took 0.101 seconds
[2023-11-15T04:17:32.542+0000] {processor.py:157} INFO - Started process (PID=2351) to work on /home/airflow/.local/lib/python3.8/site-packages/airflow/example_dags/example_short_circuit_decorator.py
[2023-11-15T04:17:32.544+0000] {processor.py:829} INFO - Processing file /home/airflow/.local/lib/python3.8/site-packages/airflow/example_dags/example_short_circuit_decorator.py for tasks to queue
[2023-11-15T04:17:32.548+0000] {logging_mixin.py:151} INFO - [2023-11-15T04:17:32.547+0000] {dagbag.py:536} INFO - Filling up the DagBag from /home/airflow/.local/lib/python3.8/site-packages/airflow/example_dags/example_short_circuit_decorator.py
[2023-11-15T04:17:32.559+0000] {processor.py:839} INFO - DAG(s) dict_keys(['example_short_circuit_decorator']) retrieved from /home/airflow/.local/lib/python3.8/site-packages/airflow/example_dags/example_short_circuit_decorator.py
[2023-11-15T04:17:32.587+0000] {logging_mixin.py:151} INFO - [2023-11-15T04:17:32.587+0000] {dag.py:2941} INFO - Sync 1 DAGs
[2023-11-15T04:17:32.613+0000] {logging_mixin.py:151} INFO - [2023-11-15T04:17:32.613+0000] {dag.py:3722} INFO - Setting next_dagrun for example_short_circuit_decorator to 2023-11-14T04:17:32.613190+00:00, run_after=2023-11-15T04:17:32.613190+00:00
[2023-11-15T04:17:32.636+0000] {processor.py:179} INFO - Processing /home/airflow/.local/lib/python3.8/site-packages/airflow/example_dags/example_short_circuit_decorator.py took 0.098 seconds
[2023-11-15T04:18:02.951+0000] {processor.py:157} INFO - Started process (PID=2409) to work on /home/airflow/.local/lib/python3.8/site-packages/airflow/example_dags/example_short_circuit_decorator.py
[2023-11-15T04:18:02.952+0000] {processor.py:829} INFO - Processing file /home/airflow/.local/lib/python3.8/site-packages/airflow/example_dags/example_short_circuit_decorator.py for tasks to queue
[2023-11-15T04:18:02.955+0000] {logging_mixin.py:151} INFO - [2023-11-15T04:18:02.955+0000] {dagbag.py:536} INFO - Filling up the DagBag from /home/airflow/.local/lib/python3.8/site-packages/airflow/example_dags/example_short_circuit_decorator.py
[2023-11-15T04:18:02.966+0000] {processor.py:839} INFO - DAG(s) dict_keys(['example_short_circuit_decorator']) retrieved from /home/airflow/.local/lib/python3.8/site-packages/airflow/example_dags/example_short_circuit_decorator.py
[2023-11-15T04:18:02.994+0000] {logging_mixin.py:151} INFO - [2023-11-15T04:18:02.994+0000] {dag.py:2941} INFO - Sync 1 DAGs
[2023-11-15T04:18:03.022+0000] {logging_mixin.py:151} INFO - [2023-11-15T04:18:03.022+0000] {dag.py:3722} INFO - Setting next_dagrun for example_short_circuit_decorator to 2023-11-14T04:18:03.021749+00:00, run_after=2023-11-15T04:18:03.021749+00:00
[2023-11-15T04:18:03.047+0000] {processor.py:179} INFO - Processing /home/airflow/.local/lib/python3.8/site-packages/airflow/example_dags/example_short_circuit_decorator.py took 0.099 seconds
[2023-11-15T04:18:33.475+0000] {processor.py:157} INFO - Started process (PID=2466) to work on /home/airflow/.local/lib/python3.8/site-packages/airflow/example_dags/example_short_circuit_decorator.py
[2023-11-15T04:18:33.477+0000] {processor.py:829} INFO - Processing file /home/airflow/.local/lib/python3.8/site-packages/airflow/example_dags/example_short_circuit_decorator.py for tasks to queue
[2023-11-15T04:18:33.480+0000] {logging_mixin.py:151} INFO - [2023-11-15T04:18:33.479+0000] {dagbag.py:536} INFO - Filling up the DagBag from /home/airflow/.local/lib/python3.8/site-packages/airflow/example_dags/example_short_circuit_decorator.py
[2023-11-15T04:18:33.492+0000] {processor.py:839} INFO - DAG(s) dict_keys(['example_short_circuit_decorator']) retrieved from /home/airflow/.local/lib/python3.8/site-packages/airflow/example_dags/example_short_circuit_decorator.py
[2023-11-15T04:18:33.521+0000] {logging_mixin.py:151} INFO - [2023-11-15T04:18:33.521+0000] {dag.py:2941} INFO - Sync 1 DAGs
[2023-11-15T04:18:33.549+0000] {logging_mixin.py:151} INFO - [2023-11-15T04:18:33.549+0000] {dag.py:3722} INFO - Setting next_dagrun for example_short_circuit_decorator to 2023-11-14T04:18:33.548974+00:00, run_after=2023-11-15T04:18:33.548974+00:00
[2023-11-15T04:18:33.575+0000] {processor.py:179} INFO - Processing /home/airflow/.local/lib/python3.8/site-packages/airflow/example_dags/example_short_circuit_decorator.py took 0.104 seconds
[2023-11-15T04:19:03.740+0000] {processor.py:157} INFO - Started process (PID=2525) to work on /home/airflow/.local/lib/python3.8/site-packages/airflow/example_dags/example_short_circuit_decorator.py
[2023-11-15T04:19:03.742+0000] {processor.py:829} INFO - Processing file /home/airflow/.local/lib/python3.8/site-packages/airflow/example_dags/example_short_circuit_decorator.py for tasks to queue
[2023-11-15T04:19:03.745+0000] {logging_mixin.py:151} INFO - [2023-11-15T04:19:03.745+0000] {dagbag.py:536} INFO - Filling up the DagBag from /home/airflow/.local/lib/python3.8/site-packages/airflow/example_dags/example_short_circuit_decorator.py
[2023-11-15T04:19:03.762+0000] {processor.py:839} INFO - DAG(s) dict_keys(['example_short_circuit_decorator']) retrieved from /home/airflow/.local/lib/python3.8/site-packages/airflow/example_dags/example_short_circuit_decorator.py
[2023-11-15T04:19:03.805+0000] {logging_mixin.py:151} INFO - [2023-11-15T04:19:03.804+0000] {dag.py:2941} INFO - Sync 1 DAGs
[2023-11-15T04:19:03.852+0000] {logging_mixin.py:151} INFO - [2023-11-15T04:19:03.852+0000] {dag.py:3722} INFO - Setting next_dagrun for example_short_circuit_decorator to 2023-11-14T04:19:03.851844+00:00, run_after=2023-11-15T04:19:03.851844+00:00
[2023-11-15T04:19:03.889+0000] {processor.py:179} INFO - Processing /home/airflow/.local/lib/python3.8/site-packages/airflow/example_dags/example_short_circuit_decorator.py took 0.155 seconds
[2023-11-15T04:19:34.326+0000] {processor.py:157} INFO - Started process (PID=2585) to work on /home/airflow/.local/lib/python3.8/site-packages/airflow/example_dags/example_short_circuit_decorator.py
[2023-11-15T04:19:34.327+0000] {processor.py:829} INFO - Processing file /home/airflow/.local/lib/python3.8/site-packages/airflow/example_dags/example_short_circuit_decorator.py for tasks to queue
[2023-11-15T04:19:34.330+0000] {logging_mixin.py:151} INFO - [2023-11-15T04:19:34.329+0000] {dagbag.py:536} INFO - Filling up the DagBag from /home/airflow/.local/lib/python3.8/site-packages/airflow/example_dags/example_short_circuit_decorator.py
[2023-11-15T04:19:34.341+0000] {processor.py:839} INFO - DAG(s) dict_keys(['example_short_circuit_decorator']) retrieved from /home/airflow/.local/lib/python3.8/site-packages/airflow/example_dags/example_short_circuit_decorator.py
[2023-11-15T04:19:34.370+0000] {logging_mixin.py:151} INFO - [2023-11-15T04:19:34.370+0000] {dag.py:2941} INFO - Sync 1 DAGs
[2023-11-15T04:19:34.401+0000] {logging_mixin.py:151} INFO - [2023-11-15T04:19:34.401+0000] {dag.py:3722} INFO - Setting next_dagrun for example_short_circuit_decorator to 2023-11-14T04:19:34.400991+00:00, run_after=2023-11-15T04:19:34.400991+00:00
[2023-11-15T04:19:34.426+0000] {processor.py:179} INFO - Processing /home/airflow/.local/lib/python3.8/site-packages/airflow/example_dags/example_short_circuit_decorator.py took 0.104 seconds
[2023-11-15T04:20:04.722+0000] {processor.py:157} INFO - Started process (PID=2645) to work on /home/airflow/.local/lib/python3.8/site-packages/airflow/example_dags/example_short_circuit_decorator.py
[2023-11-15T04:20:04.723+0000] {processor.py:829} INFO - Processing file /home/airflow/.local/lib/python3.8/site-packages/airflow/example_dags/example_short_circuit_decorator.py for tasks to queue
[2023-11-15T04:20:04.726+0000] {logging_mixin.py:151} INFO - [2023-11-15T04:20:04.726+0000] {dagbag.py:536} INFO - Filling up the DagBag from /home/airflow/.local/lib/python3.8/site-packages/airflow/example_dags/example_short_circuit_decorator.py
[2023-11-15T04:20:04.737+0000] {processor.py:839} INFO - DAG(s) dict_keys(['example_short_circuit_decorator']) retrieved from /home/airflow/.local/lib/python3.8/site-packages/airflow/example_dags/example_short_circuit_decorator.py
[2023-11-15T04:20:04.766+0000] {logging_mixin.py:151} INFO - [2023-11-15T04:20:04.766+0000] {dag.py:2941} INFO - Sync 1 DAGs
[2023-11-15T04:20:04.794+0000] {logging_mixin.py:151} INFO - [2023-11-15T04:20:04.793+0000] {dag.py:3722} INFO - Setting next_dagrun for example_short_circuit_decorator to 2023-11-14T04:20:04.793538+00:00, run_after=2023-11-15T04:20:04.793538+00:00
[2023-11-15T04:20:04.817+0000] {processor.py:179} INFO - Processing /home/airflow/.local/lib/python3.8/site-packages/airflow/example_dags/example_short_circuit_decorator.py took 0.099 seconds
[2023-11-15T04:20:35.374+0000] {processor.py:157} INFO - Started process (PID=2705) to work on /home/airflow/.local/lib/python3.8/site-packages/airflow/example_dags/example_short_circuit_decorator.py
[2023-11-15T04:20:35.375+0000] {processor.py:829} INFO - Processing file /home/airflow/.local/lib/python3.8/site-packages/airflow/example_dags/example_short_circuit_decorator.py for tasks to queue
[2023-11-15T04:20:35.379+0000] {logging_mixin.py:151} INFO - [2023-11-15T04:20:35.378+0000] {dagbag.py:536} INFO - Filling up the DagBag from /home/airflow/.local/lib/python3.8/site-packages/airflow/example_dags/example_short_circuit_decorator.py
[2023-11-15T04:20:35.389+0000] {processor.py:839} INFO - DAG(s) dict_keys(['example_short_circuit_decorator']) retrieved from /home/airflow/.local/lib/python3.8/site-packages/airflow/example_dags/example_short_circuit_decorator.py
[2023-11-15T04:20:35.419+0000] {logging_mixin.py:151} INFO - [2023-11-15T04:20:35.418+0000] {dag.py:2941} INFO - Sync 1 DAGs
[2023-11-15T04:20:35.447+0000] {logging_mixin.py:151} INFO - [2023-11-15T04:20:35.447+0000] {dag.py:3722} INFO - Setting next_dagrun for example_short_circuit_decorator to 2023-11-14T04:20:35.447252+00:00, run_after=2023-11-15T04:20:35.447252+00:00
[2023-11-15T04:20:35.472+0000] {processor.py:179} INFO - Processing /home/airflow/.local/lib/python3.8/site-packages/airflow/example_dags/example_short_circuit_decorator.py took 0.102 seconds
[2023-11-15T04:21:05.525+0000] {processor.py:157} INFO - Started process (PID=2769) to work on /home/airflow/.local/lib/python3.8/site-packages/airflow/example_dags/example_short_circuit_decorator.py
[2023-11-15T04:21:05.526+0000] {processor.py:829} INFO - Processing file /home/airflow/.local/lib/python3.8/site-packages/airflow/example_dags/example_short_circuit_decorator.py for tasks to queue
[2023-11-15T04:21:05.529+0000] {logging_mixin.py:151} INFO - [2023-11-15T04:21:05.529+0000] {dagbag.py:536} INFO - Filling up the DagBag from /home/airflow/.local/lib/python3.8/site-packages/airflow/example_dags/example_short_circuit_decorator.py
[2023-11-15T04:21:05.540+0000] {processor.py:839} INFO - DAG(s) dict_keys(['example_short_circuit_decorator']) retrieved from /home/airflow/.local/lib/python3.8/site-packages/airflow/example_dags/example_short_circuit_decorator.py
[2023-11-15T04:21:05.570+0000] {logging_mixin.py:151} INFO - [2023-11-15T04:21:05.570+0000] {dag.py:2941} INFO - Sync 1 DAGs
[2023-11-15T04:21:05.598+0000] {logging_mixin.py:151} INFO - [2023-11-15T04:21:05.598+0000] {dag.py:3722} INFO - Setting next_dagrun for example_short_circuit_decorator to 2023-11-14T04:21:05.598050+00:00, run_after=2023-11-15T04:21:05.598050+00:00
[2023-11-15T04:21:05.622+0000] {processor.py:179} INFO - Processing /home/airflow/.local/lib/python3.8/site-packages/airflow/example_dags/example_short_circuit_decorator.py took 0.101 seconds
[2023-11-15T04:21:36.174+0000] {processor.py:157} INFO - Started process (PID=2829) to work on /home/airflow/.local/lib/python3.8/site-packages/airflow/example_dags/example_short_circuit_decorator.py
[2023-11-15T04:21:36.175+0000] {processor.py:829} INFO - Processing file /home/airflow/.local/lib/python3.8/site-packages/airflow/example_dags/example_short_circuit_decorator.py for tasks to queue
[2023-11-15T04:21:36.180+0000] {logging_mixin.py:151} INFO - [2023-11-15T04:21:36.179+0000] {dagbag.py:536} INFO - Filling up the DagBag from /home/airflow/.local/lib/python3.8/site-packages/airflow/example_dags/example_short_circuit_decorator.py
[2023-11-15T04:21:36.201+0000] {processor.py:839} INFO - DAG(s) dict_keys(['example_short_circuit_decorator']) retrieved from /home/airflow/.local/lib/python3.8/site-packages/airflow/example_dags/example_short_circuit_decorator.py
[2023-11-15T04:21:36.242+0000] {logging_mixin.py:151} INFO - [2023-11-15T04:21:36.241+0000] {dag.py:2941} INFO - Sync 1 DAGs
[2023-11-15T04:21:36.288+0000] {logging_mixin.py:151} INFO - [2023-11-15T04:21:36.287+0000] {dag.py:3722} INFO - Setting next_dagrun for example_short_circuit_decorator to 2023-11-14T04:21:36.287436+00:00, run_after=2023-11-15T04:21:36.287436+00:00
[2023-11-15T04:21:36.335+0000] {processor.py:179} INFO - Processing /home/airflow/.local/lib/python3.8/site-packages/airflow/example_dags/example_short_circuit_decorator.py took 0.166 seconds
[2023-11-15T04:22:06.764+0000] {processor.py:157} INFO - Started process (PID=2890) to work on /home/airflow/.local/lib/python3.8/site-packages/airflow/example_dags/example_short_circuit_decorator.py
[2023-11-15T04:22:06.766+0000] {processor.py:829} INFO - Processing file /home/airflow/.local/lib/python3.8/site-packages/airflow/example_dags/example_short_circuit_decorator.py for tasks to queue
[2023-11-15T04:22:06.771+0000] {logging_mixin.py:151} INFO - [2023-11-15T04:22:06.770+0000] {dagbag.py:536} INFO - Filling up the DagBag from /home/airflow/.local/lib/python3.8/site-packages/airflow/example_dags/example_short_circuit_decorator.py
[2023-11-15T04:22:06.782+0000] {processor.py:839} INFO - DAG(s) dict_keys(['example_short_circuit_decorator']) retrieved from /home/airflow/.local/lib/python3.8/site-packages/airflow/example_dags/example_short_circuit_decorator.py
[2023-11-15T04:22:06.815+0000] {logging_mixin.py:151} INFO - [2023-11-15T04:22:06.815+0000] {dag.py:2941} INFO - Sync 1 DAGs
[2023-11-15T04:22:06.844+0000] {logging_mixin.py:151} INFO - [2023-11-15T04:22:06.844+0000] {dag.py:3722} INFO - Setting next_dagrun for example_short_circuit_decorator to 2023-11-14T04:22:06.844261+00:00, run_after=2023-11-15T04:22:06.844261+00:00
[2023-11-15T04:22:06.868+0000] {processor.py:179} INFO - Processing /home/airflow/.local/lib/python3.8/site-packages/airflow/example_dags/example_short_circuit_decorator.py took 0.108 seconds
[2023-11-15T04:22:36.977+0000] {processor.py:157} INFO - Started process (PID=2950) to work on /home/airflow/.local/lib/python3.8/site-packages/airflow/example_dags/example_short_circuit_decorator.py
[2023-11-15T04:22:36.978+0000] {processor.py:829} INFO - Processing file /home/airflow/.local/lib/python3.8/site-packages/airflow/example_dags/example_short_circuit_decorator.py for tasks to queue
[2023-11-15T04:22:36.981+0000] {logging_mixin.py:151} INFO - [2023-11-15T04:22:36.981+0000] {dagbag.py:536} INFO - Filling up the DagBag from /home/airflow/.local/lib/python3.8/site-packages/airflow/example_dags/example_short_circuit_decorator.py
[2023-11-15T04:22:36.991+0000] {processor.py:839} INFO - DAG(s) dict_keys(['example_short_circuit_decorator']) retrieved from /home/airflow/.local/lib/python3.8/site-packages/airflow/example_dags/example_short_circuit_decorator.py
[2023-11-15T04:22:37.019+0000] {logging_mixin.py:151} INFO - [2023-11-15T04:22:37.019+0000] {dag.py:2941} INFO - Sync 1 DAGs
[2023-11-15T04:22:37.045+0000] {logging_mixin.py:151} INFO - [2023-11-15T04:22:37.045+0000] {dag.py:3722} INFO - Setting next_dagrun for example_short_circuit_decorator to 2023-11-14T04:22:37.045230+00:00, run_after=2023-11-15T04:22:37.045230+00:00
[2023-11-15T04:22:37.069+0000] {processor.py:179} INFO - Processing /home/airflow/.local/lib/python3.8/site-packages/airflow/example_dags/example_short_circuit_decorator.py took 0.095 seconds
[2023-11-15T04:23:07.211+0000] {processor.py:157} INFO - Started process (PID=3008) to work on /home/airflow/.local/lib/python3.8/site-packages/airflow/example_dags/example_short_circuit_decorator.py
[2023-11-15T04:23:07.213+0000] {processor.py:829} INFO - Processing file /home/airflow/.local/lib/python3.8/site-packages/airflow/example_dags/example_short_circuit_decorator.py for tasks to queue
[2023-11-15T04:23:07.215+0000] {logging_mixin.py:151} INFO - [2023-11-15T04:23:07.215+0000] {dagbag.py:536} INFO - Filling up the DagBag from /home/airflow/.local/lib/python3.8/site-packages/airflow/example_dags/example_short_circuit_decorator.py
[2023-11-15T04:23:07.228+0000] {processor.py:839} INFO - DAG(s) dict_keys(['example_short_circuit_decorator']) retrieved from /home/airflow/.local/lib/python3.8/site-packages/airflow/example_dags/example_short_circuit_decorator.py
[2023-11-15T04:23:07.265+0000] {logging_mixin.py:151} INFO - [2023-11-15T04:23:07.265+0000] {dag.py:2941} INFO - Sync 1 DAGs
[2023-11-15T04:23:07.291+0000] {logging_mixin.py:151} INFO - [2023-11-15T04:23:07.291+0000] {dag.py:3722} INFO - Setting next_dagrun for example_short_circuit_decorator to 2023-11-14T04:23:07.291451+00:00, run_after=2023-11-15T04:23:07.291451+00:00
[2023-11-15T04:23:07.316+0000] {processor.py:179} INFO - Processing /home/airflow/.local/lib/python3.8/site-packages/airflow/example_dags/example_short_circuit_decorator.py took 0.109 seconds
[2023-11-15T04:23:38.417+0000] {processor.py:157} INFO - Started process (PID=3069) to work on /home/airflow/.local/lib/python3.8/site-packages/airflow/example_dags/example_short_circuit_decorator.py
[2023-11-15T04:23:38.419+0000] {processor.py:829} INFO - Processing file /home/airflow/.local/lib/python3.8/site-packages/airflow/example_dags/example_short_circuit_decorator.py for tasks to queue
[2023-11-15T04:23:38.421+0000] {logging_mixin.py:151} INFO - [2023-11-15T04:23:38.421+0000] {dagbag.py:536} INFO - Filling up the DagBag from /home/airflow/.local/lib/python3.8/site-packages/airflow/example_dags/example_short_circuit_decorator.py
[2023-11-15T04:23:38.433+0000] {processor.py:839} INFO - DAG(s) dict_keys(['example_short_circuit_decorator']) retrieved from /home/airflow/.local/lib/python3.8/site-packages/airflow/example_dags/example_short_circuit_decorator.py
[2023-11-15T04:23:38.483+0000] {logging_mixin.py:151} INFO - [2023-11-15T04:23:38.483+0000] {dag.py:2941} INFO - Sync 1 DAGs
[2023-11-15T04:23:38.509+0000] {logging_mixin.py:151} INFO - [2023-11-15T04:23:38.509+0000] {dag.py:3722} INFO - Setting next_dagrun for example_short_circuit_decorator to 2023-11-14T04:23:38.509334+00:00, run_after=2023-11-15T04:23:38.509334+00:00
[2023-11-15T04:23:38.531+0000] {processor.py:179} INFO - Processing /home/airflow/.local/lib/python3.8/site-packages/airflow/example_dags/example_short_circuit_decorator.py took 0.118 seconds
[2023-11-15T04:24:09.538+0000] {processor.py:157} INFO - Started process (PID=3127) to work on /home/airflow/.local/lib/python3.8/site-packages/airflow/example_dags/example_short_circuit_decorator.py
[2023-11-15T04:24:09.540+0000] {processor.py:829} INFO - Processing file /home/airflow/.local/lib/python3.8/site-packages/airflow/example_dags/example_short_circuit_decorator.py for tasks to queue
[2023-11-15T04:24:09.542+0000] {logging_mixin.py:151} INFO - [2023-11-15T04:24:09.542+0000] {dagbag.py:536} INFO - Filling up the DagBag from /home/airflow/.local/lib/python3.8/site-packages/airflow/example_dags/example_short_circuit_decorator.py
[2023-11-15T04:24:09.553+0000] {processor.py:839} INFO - DAG(s) dict_keys(['example_short_circuit_decorator']) retrieved from /home/airflow/.local/lib/python3.8/site-packages/airflow/example_dags/example_short_circuit_decorator.py
[2023-11-15T04:24:09.581+0000] {logging_mixin.py:151} INFO - [2023-11-15T04:24:09.581+0000] {dag.py:2941} INFO - Sync 1 DAGs
[2023-11-15T04:24:09.608+0000] {logging_mixin.py:151} INFO - [2023-11-15T04:24:09.608+0000] {dag.py:3722} INFO - Setting next_dagrun for example_short_circuit_decorator to 2023-11-14T04:24:09.608083+00:00, run_after=2023-11-15T04:24:09.608083+00:00
[2023-11-15T04:24:09.631+0000] {processor.py:179} INFO - Processing /home/airflow/.local/lib/python3.8/site-packages/airflow/example_dags/example_short_circuit_decorator.py took 0.096 seconds
[2023-11-15T04:24:40.947+0000] {processor.py:157} INFO - Started process (PID=3185) to work on /home/airflow/.local/lib/python3.8/site-packages/airflow/example_dags/example_short_circuit_decorator.py
[2023-11-15T04:24:40.949+0000] {processor.py:829} INFO - Processing file /home/airflow/.local/lib/python3.8/site-packages/airflow/example_dags/example_short_circuit_decorator.py for tasks to queue
[2023-11-15T04:24:40.953+0000] {logging_mixin.py:151} INFO - [2023-11-15T04:24:40.952+0000] {dagbag.py:536} INFO - Filling up the DagBag from /home/airflow/.local/lib/python3.8/site-packages/airflow/example_dags/example_short_circuit_decorator.py
[2023-11-15T04:24:40.969+0000] {processor.py:839} INFO - DAG(s) dict_keys(['example_short_circuit_decorator']) retrieved from /home/airflow/.local/lib/python3.8/site-packages/airflow/example_dags/example_short_circuit_decorator.py
[2023-11-15T04:24:41.002+0000] {logging_mixin.py:151} INFO - [2023-11-15T04:24:41.001+0000] {dag.py:2941} INFO - Sync 1 DAGs
[2023-11-15T04:24:41.038+0000] {logging_mixin.py:151} INFO - [2023-11-15T04:24:41.037+0000] {dag.py:3722} INFO - Setting next_dagrun for example_short_circuit_decorator to 2023-11-14T04:24:41.037395+00:00, run_after=2023-11-15T04:24:41.037395+00:00
[2023-11-15T04:24:41.067+0000] {processor.py:179} INFO - Processing /home/airflow/.local/lib/python3.8/site-packages/airflow/example_dags/example_short_circuit_decorator.py took 0.128 seconds
[2023-11-15T04:25:11.256+0000] {processor.py:157} INFO - Started process (PID=3243) to work on /home/airflow/.local/lib/python3.8/site-packages/airflow/example_dags/example_short_circuit_decorator.py
[2023-11-15T04:25:11.257+0000] {processor.py:829} INFO - Processing file /home/airflow/.local/lib/python3.8/site-packages/airflow/example_dags/example_short_circuit_decorator.py for tasks to queue
[2023-11-15T04:25:11.259+0000] {logging_mixin.py:151} INFO - [2023-11-15T04:25:11.259+0000] {dagbag.py:536} INFO - Filling up the DagBag from /home/airflow/.local/lib/python3.8/site-packages/airflow/example_dags/example_short_circuit_decorator.py
[2023-11-15T04:25:11.270+0000] {processor.py:839} INFO - DAG(s) dict_keys(['example_short_circuit_decorator']) retrieved from /home/airflow/.local/lib/python3.8/site-packages/airflow/example_dags/example_short_circuit_decorator.py
[2023-11-15T04:25:11.300+0000] {logging_mixin.py:151} INFO - [2023-11-15T04:25:11.300+0000] {dag.py:2941} INFO - Sync 1 DAGs
[2023-11-15T04:25:11.325+0000] {logging_mixin.py:151} INFO - [2023-11-15T04:25:11.325+0000] {dag.py:3722} INFO - Setting next_dagrun for example_short_circuit_decorator to 2023-11-14T04:25:11.325315+00:00, run_after=2023-11-15T04:25:11.325315+00:00
[2023-11-15T04:25:11.348+0000] {processor.py:179} INFO - Processing /home/airflow/.local/lib/python3.8/site-packages/airflow/example_dags/example_short_circuit_decorator.py took 0.095 seconds
[2023-11-15T04:25:41.670+0000] {processor.py:157} INFO - Started process (PID=3303) to work on /home/airflow/.local/lib/python3.8/site-packages/airflow/example_dags/example_short_circuit_decorator.py
[2023-11-15T04:25:41.671+0000] {processor.py:829} INFO - Processing file /home/airflow/.local/lib/python3.8/site-packages/airflow/example_dags/example_short_circuit_decorator.py for tasks to queue
[2023-11-15T04:25:41.674+0000] {logging_mixin.py:151} INFO - [2023-11-15T04:25:41.674+0000] {dagbag.py:536} INFO - Filling up the DagBag from /home/airflow/.local/lib/python3.8/site-packages/airflow/example_dags/example_short_circuit_decorator.py
[2023-11-15T04:25:41.685+0000] {processor.py:839} INFO - DAG(s) dict_keys(['example_short_circuit_decorator']) retrieved from /home/airflow/.local/lib/python3.8/site-packages/airflow/example_dags/example_short_circuit_decorator.py
[2023-11-15T04:25:41.714+0000] {logging_mixin.py:151} INFO - [2023-11-15T04:25:41.714+0000] {dag.py:2941} INFO - Sync 1 DAGs
[2023-11-15T04:25:41.741+0000] {logging_mixin.py:151} INFO - [2023-11-15T04:25:41.741+0000] {dag.py:3722} INFO - Setting next_dagrun for example_short_circuit_decorator to 2023-11-14T04:25:41.741102+00:00, run_after=2023-11-15T04:25:41.741102+00:00
[2023-11-15T04:25:41.769+0000] {processor.py:179} INFO - Processing /home/airflow/.local/lib/python3.8/site-packages/airflow/example_dags/example_short_circuit_decorator.py took 0.103 seconds
[2023-11-15T04:26:11.858+0000] {processor.py:157} INFO - Started process (PID=3361) to work on /home/airflow/.local/lib/python3.8/site-packages/airflow/example_dags/example_short_circuit_decorator.py
[2023-11-15T04:26:11.858+0000] {processor.py:829} INFO - Processing file /home/airflow/.local/lib/python3.8/site-packages/airflow/example_dags/example_short_circuit_decorator.py for tasks to queue
[2023-11-15T04:26:11.861+0000] {logging_mixin.py:151} INFO - [2023-11-15T04:26:11.860+0000] {dagbag.py:536} INFO - Filling up the DagBag from /home/airflow/.local/lib/python3.8/site-packages/airflow/example_dags/example_short_circuit_decorator.py
[2023-11-15T04:26:11.875+0000] {processor.py:839} INFO - DAG(s) dict_keys(['example_short_circuit_decorator']) retrieved from /home/airflow/.local/lib/python3.8/site-packages/airflow/example_dags/example_short_circuit_decorator.py
[2023-11-15T04:26:11.904+0000] {logging_mixin.py:151} INFO - [2023-11-15T04:26:11.904+0000] {dag.py:2941} INFO - Sync 1 DAGs
[2023-11-15T04:26:11.930+0000] {logging_mixin.py:151} INFO - [2023-11-15T04:26:11.930+0000] {dag.py:3722} INFO - Setting next_dagrun for example_short_circuit_decorator to 2023-11-14T04:26:11.930080+00:00, run_after=2023-11-15T04:26:11.930080+00:00
[2023-11-15T04:26:11.956+0000] {processor.py:179} INFO - Processing /home/airflow/.local/lib/python3.8/site-packages/airflow/example_dags/example_short_circuit_decorator.py took 0.102 seconds
[2023-11-15T04:26:42.049+0000] {processor.py:157} INFO - Started process (PID=3418) to work on /home/airflow/.local/lib/python3.8/site-packages/airflow/example_dags/example_short_circuit_decorator.py
[2023-11-15T04:26:42.050+0000] {processor.py:829} INFO - Processing file /home/airflow/.local/lib/python3.8/site-packages/airflow/example_dags/example_short_circuit_decorator.py for tasks to queue
[2023-11-15T04:26:42.053+0000] {logging_mixin.py:151} INFO - [2023-11-15T04:26:42.053+0000] {dagbag.py:536} INFO - Filling up the DagBag from /home/airflow/.local/lib/python3.8/site-packages/airflow/example_dags/example_short_circuit_decorator.py
[2023-11-15T04:26:42.081+0000] {processor.py:839} INFO - DAG(s) dict_keys(['example_short_circuit_decorator']) retrieved from /home/airflow/.local/lib/python3.8/site-packages/airflow/example_dags/example_short_circuit_decorator.py
[2023-11-15T04:26:42.119+0000] {logging_mixin.py:151} INFO - [2023-11-15T04:26:42.119+0000] {dag.py:2941} INFO - Sync 1 DAGs
[2023-11-15T04:26:42.149+0000] {logging_mixin.py:151} INFO - [2023-11-15T04:26:42.149+0000] {dag.py:3722} INFO - Setting next_dagrun for example_short_circuit_decorator to 2023-11-14T04:26:42.148856+00:00, run_after=2023-11-15T04:26:42.148856+00:00
[2023-11-15T04:26:42.173+0000] {processor.py:179} INFO - Processing /home/airflow/.local/lib/python3.8/site-packages/airflow/example_dags/example_short_circuit_decorator.py took 0.130 seconds
