[2023-11-15T03:11:02.555+0000] {processor.py:157} INFO - Started process (PID=66) to work on /home/airflow/.local/lib/python3.8/site-packages/airflow/example_dags/example_bash_operator.py
[2023-11-15T03:11:02.556+0000] {processor.py:829} INFO - Processing file /home/airflow/.local/lib/python3.8/site-packages/airflow/example_dags/example_bash_operator.py for tasks to queue
[2023-11-15T03:11:02.559+0000] {logging_mixin.py:151} INFO - [2023-11-15T03:11:02.559+0000] {dagbag.py:536} INFO - Filling up the DagBag from /home/airflow/.local/lib/python3.8/site-packages/airflow/example_dags/example_bash_operator.py
[2023-11-15T03:11:02.587+0000] {processor.py:839} INFO - DAG(s) dict_keys(['example_bash_operator']) retrieved from /home/airflow/.local/lib/python3.8/site-packages/airflow/example_dags/example_bash_operator.py
[2023-11-15T03:11:02.647+0000] {logging_mixin.py:151} INFO - [2023-11-15T03:11:02.647+0000] {dag.py:2941} INFO - Sync 1 DAGs
[2023-11-15T03:11:02.681+0000] {logging_mixin.py:151} INFO - [2023-11-15T03:11:02.681+0000] {dag.py:3722} INFO - Setting next_dagrun for example_bash_operator to 2023-11-14T00:00:00+00:00, run_after=2023-11-15T00:00:00+00:00
[2023-11-15T03:11:02.707+0000] {processor.py:179} INFO - Processing /home/airflow/.local/lib/python3.8/site-packages/airflow/example_dags/example_bash_operator.py took 0.157 seconds
[2023-11-15T03:57:36.538+0000] {processor.py:157} INFO - Started process (PID=68) to work on /home/airflow/.local/lib/python3.8/site-packages/airflow/example_dags/example_bash_operator.py
[2023-11-15T03:57:36.539+0000] {processor.py:829} INFO - Processing file /home/airflow/.local/lib/python3.8/site-packages/airflow/example_dags/example_bash_operator.py for tasks to queue
[2023-11-15T03:57:36.543+0000] {logging_mixin.py:151} INFO - [2023-11-15T03:57:36.542+0000] {dagbag.py:536} INFO - Filling up the DagBag from /home/airflow/.local/lib/python3.8/site-packages/airflow/example_dags/example_bash_operator.py
[2023-11-15T03:57:36.561+0000] {processor.py:839} INFO - DAG(s) dict_keys(['example_bash_operator']) retrieved from /home/airflow/.local/lib/python3.8/site-packages/airflow/example_dags/example_bash_operator.py
[2023-11-15T03:57:36.607+0000] {logging_mixin.py:151} INFO - [2023-11-15T03:57:36.607+0000] {dag.py:2941} INFO - Sync 1 DAGs
[2023-11-15T03:57:36.636+0000] {logging_mixin.py:151} INFO - [2023-11-15T03:57:36.636+0000] {dag.py:3722} INFO - Setting next_dagrun for example_bash_operator to 2023-11-14T00:00:00+00:00, run_after=2023-11-15T00:00:00+00:00
[2023-11-15T03:57:36.666+0000] {processor.py:179} INFO - Processing /home/airflow/.local/lib/python3.8/site-packages/airflow/example_dags/example_bash_operator.py took 0.132 seconds
[2023-11-15T03:58:07.628+0000] {processor.py:157} INFO - Started process (PID=126) to work on /home/airflow/.local/lib/python3.8/site-packages/airflow/example_dags/example_bash_operator.py
[2023-11-15T03:58:07.629+0000] {processor.py:829} INFO - Processing file /home/airflow/.local/lib/python3.8/site-packages/airflow/example_dags/example_bash_operator.py for tasks to queue
[2023-11-15T03:58:07.632+0000] {logging_mixin.py:151} INFO - [2023-11-15T03:58:07.631+0000] {dagbag.py:536} INFO - Filling up the DagBag from /home/airflow/.local/lib/python3.8/site-packages/airflow/example_dags/example_bash_operator.py
[2023-11-15T03:58:07.646+0000] {processor.py:839} INFO - DAG(s) dict_keys(['example_bash_operator']) retrieved from /home/airflow/.local/lib/python3.8/site-packages/airflow/example_dags/example_bash_operator.py
[2023-11-15T03:58:07.686+0000] {logging_mixin.py:151} INFO - [2023-11-15T03:58:07.686+0000] {dag.py:2941} INFO - Sync 1 DAGs
[2023-11-15T03:58:07.715+0000] {logging_mixin.py:151} INFO - [2023-11-15T03:58:07.715+0000] {dag.py:3722} INFO - Setting next_dagrun for example_bash_operator to 2023-11-14T00:00:00+00:00, run_after=2023-11-15T00:00:00+00:00
[2023-11-15T03:58:07.739+0000] {processor.py:179} INFO - Processing /home/airflow/.local/lib/python3.8/site-packages/airflow/example_dags/example_bash_operator.py took 0.114 seconds
[2023-11-15T03:58:38.158+0000] {processor.py:157} INFO - Started process (PID=184) to work on /home/airflow/.local/lib/python3.8/site-packages/airflow/example_dags/example_bash_operator.py
[2023-11-15T03:58:38.160+0000] {processor.py:829} INFO - Processing file /home/airflow/.local/lib/python3.8/site-packages/airflow/example_dags/example_bash_operator.py for tasks to queue
[2023-11-15T03:58:38.162+0000] {logging_mixin.py:151} INFO - [2023-11-15T03:58:38.162+0000] {dagbag.py:536} INFO - Filling up the DagBag from /home/airflow/.local/lib/python3.8/site-packages/airflow/example_dags/example_bash_operator.py
[2023-11-15T03:58:38.177+0000] {processor.py:839} INFO - DAG(s) dict_keys(['example_bash_operator']) retrieved from /home/airflow/.local/lib/python3.8/site-packages/airflow/example_dags/example_bash_operator.py
[2023-11-15T03:58:38.215+0000] {logging_mixin.py:151} INFO - [2023-11-15T03:58:38.215+0000] {dag.py:2941} INFO - Sync 1 DAGs
[2023-11-15T03:58:38.279+0000] {logging_mixin.py:151} INFO - [2023-11-15T03:58:38.279+0000] {dag.py:3722} INFO - Setting next_dagrun for example_bash_operator to 2023-11-14T00:00:00+00:00, run_after=2023-11-15T00:00:00+00:00
[2023-11-15T03:58:38.345+0000] {processor.py:179} INFO - Processing /home/airflow/.local/lib/python3.8/site-packages/airflow/example_dags/example_bash_operator.py took 0.190 seconds
[2023-11-15T03:59:09.032+0000] {processor.py:157} INFO - Started process (PID=246) to work on /home/airflow/.local/lib/python3.8/site-packages/airflow/example_dags/example_bash_operator.py
[2023-11-15T03:59:09.034+0000] {processor.py:829} INFO - Processing file /home/airflow/.local/lib/python3.8/site-packages/airflow/example_dags/example_bash_operator.py for tasks to queue
[2023-11-15T03:59:09.036+0000] {logging_mixin.py:151} INFO - [2023-11-15T03:59:09.036+0000] {dagbag.py:536} INFO - Filling up the DagBag from /home/airflow/.local/lib/python3.8/site-packages/airflow/example_dags/example_bash_operator.py
[2023-11-15T03:59:09.050+0000] {processor.py:839} INFO - DAG(s) dict_keys(['example_bash_operator']) retrieved from /home/airflow/.local/lib/python3.8/site-packages/airflow/example_dags/example_bash_operator.py
[2023-11-15T03:59:09.088+0000] {logging_mixin.py:151} INFO - [2023-11-15T03:59:09.088+0000] {dag.py:2941} INFO - Sync 1 DAGs
[2023-11-15T03:59:09.126+0000] {logging_mixin.py:151} INFO - [2023-11-15T03:59:09.125+0000] {dag.py:3722} INFO - Setting next_dagrun for example_bash_operator to 2023-11-14T00:00:00+00:00, run_after=2023-11-15T00:00:00+00:00
[2023-11-15T03:59:09.152+0000] {processor.py:179} INFO - Processing /home/airflow/.local/lib/python3.8/site-packages/airflow/example_dags/example_bash_operator.py took 0.124 seconds
[2023-11-15T03:59:39.651+0000] {processor.py:157} INFO - Started process (PID=304) to work on /home/airflow/.local/lib/python3.8/site-packages/airflow/example_dags/example_bash_operator.py
[2023-11-15T03:59:39.652+0000] {processor.py:829} INFO - Processing file /home/airflow/.local/lib/python3.8/site-packages/airflow/example_dags/example_bash_operator.py for tasks to queue
[2023-11-15T03:59:39.655+0000] {logging_mixin.py:151} INFO - [2023-11-15T03:59:39.655+0000] {dagbag.py:536} INFO - Filling up the DagBag from /home/airflow/.local/lib/python3.8/site-packages/airflow/example_dags/example_bash_operator.py
[2023-11-15T03:59:39.671+0000] {processor.py:839} INFO - DAG(s) dict_keys(['example_bash_operator']) retrieved from /home/airflow/.local/lib/python3.8/site-packages/airflow/example_dags/example_bash_operator.py
[2023-11-15T03:59:39.711+0000] {logging_mixin.py:151} INFO - [2023-11-15T03:59:39.711+0000] {dag.py:2941} INFO - Sync 1 DAGs
[2023-11-15T03:59:39.743+0000] {logging_mixin.py:151} INFO - [2023-11-15T03:59:39.742+0000] {dag.py:3722} INFO - Setting next_dagrun for example_bash_operator to 2023-11-14T00:00:00+00:00, run_after=2023-11-15T00:00:00+00:00
[2023-11-15T03:59:39.778+0000] {processor.py:179} INFO - Processing /home/airflow/.local/lib/python3.8/site-packages/airflow/example_dags/example_bash_operator.py took 0.134 seconds
[2023-11-15T04:00:10.109+0000] {processor.py:157} INFO - Started process (PID=362) to work on /home/airflow/.local/lib/python3.8/site-packages/airflow/example_dags/example_bash_operator.py
[2023-11-15T04:00:10.110+0000] {processor.py:829} INFO - Processing file /home/airflow/.local/lib/python3.8/site-packages/airflow/example_dags/example_bash_operator.py for tasks to queue
[2023-11-15T04:00:10.112+0000] {logging_mixin.py:151} INFO - [2023-11-15T04:00:10.112+0000] {dagbag.py:536} INFO - Filling up the DagBag from /home/airflow/.local/lib/python3.8/site-packages/airflow/example_dags/example_bash_operator.py
[2023-11-15T04:00:10.126+0000] {processor.py:839} INFO - DAG(s) dict_keys(['example_bash_operator']) retrieved from /home/airflow/.local/lib/python3.8/site-packages/airflow/example_dags/example_bash_operator.py
[2023-11-15T04:00:10.162+0000] {logging_mixin.py:151} INFO - [2023-11-15T04:00:10.162+0000] {dag.py:2941} INFO - Sync 1 DAGs
[2023-11-15T04:00:10.189+0000] {logging_mixin.py:151} INFO - [2023-11-15T04:00:10.189+0000] {dag.py:3722} INFO - Setting next_dagrun for example_bash_operator to 2023-11-14T00:00:00+00:00, run_after=2023-11-15T00:00:00+00:00
[2023-11-15T04:00:10.211+0000] {processor.py:179} INFO - Processing /home/airflow/.local/lib/python3.8/site-packages/airflow/example_dags/example_bash_operator.py took 0.106 seconds
[2023-11-15T04:00:40.807+0000] {processor.py:157} INFO - Started process (PID=421) to work on /home/airflow/.local/lib/python3.8/site-packages/airflow/example_dags/example_bash_operator.py
[2023-11-15T04:00:40.808+0000] {processor.py:829} INFO - Processing file /home/airflow/.local/lib/python3.8/site-packages/airflow/example_dags/example_bash_operator.py for tasks to queue
[2023-11-15T04:00:40.811+0000] {logging_mixin.py:151} INFO - [2023-11-15T04:00:40.811+0000] {dagbag.py:536} INFO - Filling up the DagBag from /home/airflow/.local/lib/python3.8/site-packages/airflow/example_dags/example_bash_operator.py
[2023-11-15T04:00:40.825+0000] {processor.py:839} INFO - DAG(s) dict_keys(['example_bash_operator']) retrieved from /home/airflow/.local/lib/python3.8/site-packages/airflow/example_dags/example_bash_operator.py
[2023-11-15T04:00:40.863+0000] {logging_mixin.py:151} INFO - [2023-11-15T04:00:40.863+0000] {dag.py:2941} INFO - Sync 1 DAGs
[2023-11-15T04:00:40.893+0000] {logging_mixin.py:151} INFO - [2023-11-15T04:00:40.892+0000] {dag.py:3722} INFO - Setting next_dagrun for example_bash_operator to 2023-11-14T00:00:00+00:00, run_after=2023-11-15T00:00:00+00:00
[2023-11-15T04:00:40.918+0000] {processor.py:179} INFO - Processing /home/airflow/.local/lib/python3.8/site-packages/airflow/example_dags/example_bash_operator.py took 0.116 seconds
[2023-11-15T04:01:11.517+0000] {processor.py:157} INFO - Started process (PID=479) to work on /home/airflow/.local/lib/python3.8/site-packages/airflow/example_dags/example_bash_operator.py
[2023-11-15T04:01:11.518+0000] {processor.py:829} INFO - Processing file /home/airflow/.local/lib/python3.8/site-packages/airflow/example_dags/example_bash_operator.py for tasks to queue
[2023-11-15T04:01:11.521+0000] {logging_mixin.py:151} INFO - [2023-11-15T04:01:11.521+0000] {dagbag.py:536} INFO - Filling up the DagBag from /home/airflow/.local/lib/python3.8/site-packages/airflow/example_dags/example_bash_operator.py
[2023-11-15T04:01:11.539+0000] {processor.py:839} INFO - DAG(s) dict_keys(['example_bash_operator']) retrieved from /home/airflow/.local/lib/python3.8/site-packages/airflow/example_dags/example_bash_operator.py
[2023-11-15T04:01:11.584+0000] {logging_mixin.py:151} INFO - [2023-11-15T04:01:11.584+0000] {dag.py:2941} INFO - Sync 1 DAGs
[2023-11-15T04:01:11.628+0000] {logging_mixin.py:151} INFO - [2023-11-15T04:01:11.628+0000] {dag.py:3722} INFO - Setting next_dagrun for example_bash_operator to 2023-11-14T00:00:00+00:00, run_after=2023-11-15T00:00:00+00:00
[2023-11-15T04:01:11.654+0000] {processor.py:179} INFO - Processing /home/airflow/.local/lib/python3.8/site-packages/airflow/example_dags/example_bash_operator.py took 0.142 seconds
[2023-11-15T04:01:42.853+0000] {processor.py:157} INFO - Started process (PID=537) to work on /home/airflow/.local/lib/python3.8/site-packages/airflow/example_dags/example_bash_operator.py
[2023-11-15T04:01:42.854+0000] {processor.py:829} INFO - Processing file /home/airflow/.local/lib/python3.8/site-packages/airflow/example_dags/example_bash_operator.py for tasks to queue
[2023-11-15T04:01:42.856+0000] {logging_mixin.py:151} INFO - [2023-11-15T04:01:42.856+0000] {dagbag.py:536} INFO - Filling up the DagBag from /home/airflow/.local/lib/python3.8/site-packages/airflow/example_dags/example_bash_operator.py
[2023-11-15T04:01:42.871+0000] {processor.py:839} INFO - DAG(s) dict_keys(['example_bash_operator']) retrieved from /home/airflow/.local/lib/python3.8/site-packages/airflow/example_dags/example_bash_operator.py
[2023-11-15T04:01:42.907+0000] {logging_mixin.py:151} INFO - [2023-11-15T04:01:42.907+0000] {dag.py:2941} INFO - Sync 1 DAGs
[2023-11-15T04:01:42.936+0000] {logging_mixin.py:151} INFO - [2023-11-15T04:01:42.935+0000] {dag.py:3722} INFO - Setting next_dagrun for example_bash_operator to 2023-11-14T00:00:00+00:00, run_after=2023-11-15T00:00:00+00:00
[2023-11-15T04:01:42.959+0000] {processor.py:179} INFO - Processing /home/airflow/.local/lib/python3.8/site-packages/airflow/example_dags/example_bash_operator.py took 0.110 seconds
[2023-11-15T04:02:13.646+0000] {processor.py:157} INFO - Started process (PID=600) to work on /home/airflow/.local/lib/python3.8/site-packages/airflow/example_dags/example_bash_operator.py
[2023-11-15T04:02:13.647+0000] {processor.py:829} INFO - Processing file /home/airflow/.local/lib/python3.8/site-packages/airflow/example_dags/example_bash_operator.py for tasks to queue
[2023-11-15T04:02:13.649+0000] {logging_mixin.py:151} INFO - [2023-11-15T04:02:13.649+0000] {dagbag.py:536} INFO - Filling up the DagBag from /home/airflow/.local/lib/python3.8/site-packages/airflow/example_dags/example_bash_operator.py
[2023-11-15T04:02:13.664+0000] {processor.py:839} INFO - DAG(s) dict_keys(['example_bash_operator']) retrieved from /home/airflow/.local/lib/python3.8/site-packages/airflow/example_dags/example_bash_operator.py
[2023-11-15T04:02:13.703+0000] {logging_mixin.py:151} INFO - [2023-11-15T04:02:13.703+0000] {dag.py:2941} INFO - Sync 1 DAGs
[2023-11-15T04:02:13.733+0000] {logging_mixin.py:151} INFO - [2023-11-15T04:02:13.733+0000] {dag.py:3722} INFO - Setting next_dagrun for example_bash_operator to 2023-11-14T00:00:00+00:00, run_after=2023-11-15T00:00:00+00:00
[2023-11-15T04:02:13.760+0000] {processor.py:179} INFO - Processing /home/airflow/.local/lib/python3.8/site-packages/airflow/example_dags/example_bash_operator.py took 0.119 seconds
[2023-11-15T04:02:44.635+0000] {processor.py:157} INFO - Started process (PID=660) to work on /home/airflow/.local/lib/python3.8/site-packages/airflow/example_dags/example_bash_operator.py
[2023-11-15T04:02:44.637+0000] {processor.py:829} INFO - Processing file /home/airflow/.local/lib/python3.8/site-packages/airflow/example_dags/example_bash_operator.py for tasks to queue
[2023-11-15T04:02:44.639+0000] {logging_mixin.py:151} INFO - [2023-11-15T04:02:44.639+0000] {dagbag.py:536} INFO - Filling up the DagBag from /home/airflow/.local/lib/python3.8/site-packages/airflow/example_dags/example_bash_operator.py
[2023-11-15T04:02:44.654+0000] {processor.py:839} INFO - DAG(s) dict_keys(['example_bash_operator']) retrieved from /home/airflow/.local/lib/python3.8/site-packages/airflow/example_dags/example_bash_operator.py
[2023-11-15T04:02:44.694+0000] {logging_mixin.py:151} INFO - [2023-11-15T04:02:44.694+0000] {dag.py:2941} INFO - Sync 1 DAGs
[2023-11-15T04:02:44.731+0000] {logging_mixin.py:151} INFO - [2023-11-15T04:02:44.730+0000] {dag.py:3722} INFO - Setting next_dagrun for example_bash_operator to 2023-11-14T00:00:00+00:00, run_after=2023-11-15T00:00:00+00:00
[2023-11-15T04:02:44.754+0000] {processor.py:179} INFO - Processing /home/airflow/.local/lib/python3.8/site-packages/airflow/example_dags/example_bash_operator.py took 0.124 seconds
[2023-11-15T04:03:15.325+0000] {processor.py:157} INFO - Started process (PID=718) to work on /home/airflow/.local/lib/python3.8/site-packages/airflow/example_dags/example_bash_operator.py
[2023-11-15T04:03:15.326+0000] {processor.py:829} INFO - Processing file /home/airflow/.local/lib/python3.8/site-packages/airflow/example_dags/example_bash_operator.py for tasks to queue
[2023-11-15T04:03:15.330+0000] {logging_mixin.py:151} INFO - [2023-11-15T04:03:15.330+0000] {dagbag.py:536} INFO - Filling up the DagBag from /home/airflow/.local/lib/python3.8/site-packages/airflow/example_dags/example_bash_operator.py
[2023-11-15T04:03:15.356+0000] {processor.py:839} INFO - DAG(s) dict_keys(['example_bash_operator']) retrieved from /home/airflow/.local/lib/python3.8/site-packages/airflow/example_dags/example_bash_operator.py
[2023-11-15T04:03:15.429+0000] {logging_mixin.py:151} INFO - [2023-11-15T04:03:15.429+0000] {dag.py:2941} INFO - Sync 1 DAGs
[2023-11-15T04:03:15.464+0000] {logging_mixin.py:151} INFO - [2023-11-15T04:03:15.464+0000] {dag.py:3722} INFO - Setting next_dagrun for example_bash_operator to 2023-11-14T00:00:00+00:00, run_after=2023-11-15T00:00:00+00:00
[2023-11-15T04:03:15.490+0000] {processor.py:179} INFO - Processing /home/airflow/.local/lib/python3.8/site-packages/airflow/example_dags/example_bash_operator.py took 0.170 seconds
[2023-11-15T04:03:46.259+0000] {processor.py:157} INFO - Started process (PID=785) to work on /home/airflow/.local/lib/python3.8/site-packages/airflow/example_dags/example_bash_operator.py
[2023-11-15T04:03:46.260+0000] {processor.py:829} INFO - Processing file /home/airflow/.local/lib/python3.8/site-packages/airflow/example_dags/example_bash_operator.py for tasks to queue
[2023-11-15T04:03:46.263+0000] {logging_mixin.py:151} INFO - [2023-11-15T04:03:46.263+0000] {dagbag.py:536} INFO - Filling up the DagBag from /home/airflow/.local/lib/python3.8/site-packages/airflow/example_dags/example_bash_operator.py
[2023-11-15T04:03:46.277+0000] {processor.py:839} INFO - DAG(s) dict_keys(['example_bash_operator']) retrieved from /home/airflow/.local/lib/python3.8/site-packages/airflow/example_dags/example_bash_operator.py
[2023-11-15T04:03:46.313+0000] {logging_mixin.py:151} INFO - [2023-11-15T04:03:46.313+0000] {dag.py:2941} INFO - Sync 1 DAGs
[2023-11-15T04:03:46.342+0000] {logging_mixin.py:151} INFO - [2023-11-15T04:03:46.342+0000] {dag.py:3722} INFO - Setting next_dagrun for example_bash_operator to 2023-11-14T00:00:00+00:00, run_after=2023-11-15T00:00:00+00:00
[2023-11-15T04:03:46.364+0000] {processor.py:179} INFO - Processing /home/airflow/.local/lib/python3.8/site-packages/airflow/example_dags/example_bash_operator.py took 0.109 seconds
[2023-11-15T04:04:16.838+0000] {processor.py:157} INFO - Started process (PID=843) to work on /home/airflow/.local/lib/python3.8/site-packages/airflow/example_dags/example_bash_operator.py
[2023-11-15T04:04:16.839+0000] {processor.py:829} INFO - Processing file /home/airflow/.local/lib/python3.8/site-packages/airflow/example_dags/example_bash_operator.py for tasks to queue
[2023-11-15T04:04:16.842+0000] {logging_mixin.py:151} INFO - [2023-11-15T04:04:16.841+0000] {dagbag.py:536} INFO - Filling up the DagBag from /home/airflow/.local/lib/python3.8/site-packages/airflow/example_dags/example_bash_operator.py
[2023-11-15T04:04:16.862+0000] {processor.py:839} INFO - DAG(s) dict_keys(['example_bash_operator']) retrieved from /home/airflow/.local/lib/python3.8/site-packages/airflow/example_dags/example_bash_operator.py
[2023-11-15T04:04:16.900+0000] {logging_mixin.py:151} INFO - [2023-11-15T04:04:16.900+0000] {dag.py:2941} INFO - Sync 1 DAGs
[2023-11-15T04:04:16.927+0000] {logging_mixin.py:151} INFO - [2023-11-15T04:04:16.927+0000] {dag.py:3722} INFO - Setting next_dagrun for example_bash_operator to 2023-11-14T00:00:00+00:00, run_after=2023-11-15T00:00:00+00:00
[2023-11-15T04:04:16.951+0000] {processor.py:179} INFO - Processing /home/airflow/.local/lib/python3.8/site-packages/airflow/example_dags/example_bash_operator.py took 0.117 seconds
[2023-11-15T04:04:47.889+0000] {processor.py:157} INFO - Started process (PID=901) to work on /home/airflow/.local/lib/python3.8/site-packages/airflow/example_dags/example_bash_operator.py
[2023-11-15T04:04:47.890+0000] {processor.py:829} INFO - Processing file /home/airflow/.local/lib/python3.8/site-packages/airflow/example_dags/example_bash_operator.py for tasks to queue
[2023-11-15T04:04:47.893+0000] {logging_mixin.py:151} INFO - [2023-11-15T04:04:47.892+0000] {dagbag.py:536} INFO - Filling up the DagBag from /home/airflow/.local/lib/python3.8/site-packages/airflow/example_dags/example_bash_operator.py
[2023-11-15T04:04:47.911+0000] {processor.py:839} INFO - DAG(s) dict_keys(['example_bash_operator']) retrieved from /home/airflow/.local/lib/python3.8/site-packages/airflow/example_dags/example_bash_operator.py
[2023-11-15T04:04:47.949+0000] {logging_mixin.py:151} INFO - [2023-11-15T04:04:47.949+0000] {dag.py:2941} INFO - Sync 1 DAGs
[2023-11-15T04:04:47.980+0000] {logging_mixin.py:151} INFO - [2023-11-15T04:04:47.979+0000] {dag.py:3722} INFO - Setting next_dagrun for example_bash_operator to 2023-11-14T00:00:00+00:00, run_after=2023-11-15T00:00:00+00:00
[2023-11-15T04:04:48.005+0000] {processor.py:179} INFO - Processing /home/airflow/.local/lib/python3.8/site-packages/airflow/example_dags/example_bash_operator.py took 0.120 seconds
[2023-11-15T04:05:18.094+0000] {processor.py:157} INFO - Started process (PID=960) to work on /home/airflow/.local/lib/python3.8/site-packages/airflow/example_dags/example_bash_operator.py
[2023-11-15T04:05:18.096+0000] {processor.py:829} INFO - Processing file /home/airflow/.local/lib/python3.8/site-packages/airflow/example_dags/example_bash_operator.py for tasks to queue
[2023-11-15T04:05:18.099+0000] {logging_mixin.py:151} INFO - [2023-11-15T04:05:18.099+0000] {dagbag.py:536} INFO - Filling up the DagBag from /home/airflow/.local/lib/python3.8/site-packages/airflow/example_dags/example_bash_operator.py
[2023-11-15T04:05:18.117+0000] {processor.py:839} INFO - DAG(s) dict_keys(['example_bash_operator']) retrieved from /home/airflow/.local/lib/python3.8/site-packages/airflow/example_dags/example_bash_operator.py
[2023-11-15T04:05:18.164+0000] {logging_mixin.py:151} INFO - [2023-11-15T04:05:18.164+0000] {dag.py:2941} INFO - Sync 1 DAGs
[2023-11-15T04:05:18.212+0000] {logging_mixin.py:151} INFO - [2023-11-15T04:05:18.212+0000] {dag.py:3722} INFO - Setting next_dagrun for example_bash_operator to 2023-11-14T00:00:00+00:00, run_after=2023-11-15T00:00:00+00:00
[2023-11-15T04:05:18.249+0000] {processor.py:179} INFO - Processing /home/airflow/.local/lib/python3.8/site-packages/airflow/example_dags/example_bash_operator.py took 0.160 seconds
[2023-11-15T04:05:49.175+0000] {processor.py:157} INFO - Started process (PID=1018) to work on /home/airflow/.local/lib/python3.8/site-packages/airflow/example_dags/example_bash_operator.py
[2023-11-15T04:05:49.176+0000] {processor.py:829} INFO - Processing file /home/airflow/.local/lib/python3.8/site-packages/airflow/example_dags/example_bash_operator.py for tasks to queue
[2023-11-15T04:05:49.179+0000] {logging_mixin.py:151} INFO - [2023-11-15T04:05:49.178+0000] {dagbag.py:536} INFO - Filling up the DagBag from /home/airflow/.local/lib/python3.8/site-packages/airflow/example_dags/example_bash_operator.py
[2023-11-15T04:05:49.195+0000] {processor.py:839} INFO - DAG(s) dict_keys(['example_bash_operator']) retrieved from /home/airflow/.local/lib/python3.8/site-packages/airflow/example_dags/example_bash_operator.py
[2023-11-15T04:05:49.238+0000] {logging_mixin.py:151} INFO - [2023-11-15T04:05:49.237+0000] {dag.py:2941} INFO - Sync 1 DAGs
[2023-11-15T04:05:49.270+0000] {logging_mixin.py:151} INFO - [2023-11-15T04:05:49.269+0000] {dag.py:3722} INFO - Setting next_dagrun for example_bash_operator to 2023-11-14T00:00:00+00:00, run_after=2023-11-15T00:00:00+00:00
[2023-11-15T04:05:49.296+0000] {processor.py:179} INFO - Processing /home/airflow/.local/lib/python3.8/site-packages/airflow/example_dags/example_bash_operator.py took 0.125 seconds
[2023-11-15T04:06:19.681+0000] {processor.py:157} INFO - Started process (PID=1076) to work on /home/airflow/.local/lib/python3.8/site-packages/airflow/example_dags/example_bash_operator.py
[2023-11-15T04:06:19.684+0000] {processor.py:829} INFO - Processing file /home/airflow/.local/lib/python3.8/site-packages/airflow/example_dags/example_bash_operator.py for tasks to queue
[2023-11-15T04:06:19.689+0000] {logging_mixin.py:151} INFO - [2023-11-15T04:06:19.688+0000] {dagbag.py:536} INFO - Filling up the DagBag from /home/airflow/.local/lib/python3.8/site-packages/airflow/example_dags/example_bash_operator.py
[2023-11-15T04:06:19.705+0000] {processor.py:839} INFO - DAG(s) dict_keys(['example_bash_operator']) retrieved from /home/airflow/.local/lib/python3.8/site-packages/airflow/example_dags/example_bash_operator.py
[2023-11-15T04:06:19.747+0000] {logging_mixin.py:151} INFO - [2023-11-15T04:06:19.747+0000] {dag.py:2941} INFO - Sync 1 DAGs
[2023-11-15T04:06:19.777+0000] {logging_mixin.py:151} INFO - [2023-11-15T04:06:19.776+0000] {dag.py:3722} INFO - Setting next_dagrun for example_bash_operator to 2023-11-14T00:00:00+00:00, run_after=2023-11-15T00:00:00+00:00
[2023-11-15T04:06:19.801+0000] {processor.py:179} INFO - Processing /home/airflow/.local/lib/python3.8/site-packages/airflow/example_dags/example_bash_operator.py took 0.127 seconds
[2023-11-15T04:06:50.290+0000] {processor.py:157} INFO - Started process (PID=1134) to work on /home/airflow/.local/lib/python3.8/site-packages/airflow/example_dags/example_bash_operator.py
[2023-11-15T04:06:50.292+0000] {processor.py:829} INFO - Processing file /home/airflow/.local/lib/python3.8/site-packages/airflow/example_dags/example_bash_operator.py for tasks to queue
[2023-11-15T04:06:50.296+0000] {logging_mixin.py:151} INFO - [2023-11-15T04:06:50.296+0000] {dagbag.py:536} INFO - Filling up the DagBag from /home/airflow/.local/lib/python3.8/site-packages/airflow/example_dags/example_bash_operator.py
[2023-11-15T04:06:50.315+0000] {processor.py:839} INFO - DAG(s) dict_keys(['example_bash_operator']) retrieved from /home/airflow/.local/lib/python3.8/site-packages/airflow/example_dags/example_bash_operator.py
[2023-11-15T04:06:50.354+0000] {logging_mixin.py:151} INFO - [2023-11-15T04:06:50.354+0000] {dag.py:2941} INFO - Sync 1 DAGs
[2023-11-15T04:06:50.386+0000] {logging_mixin.py:151} INFO - [2023-11-15T04:06:50.386+0000] {dag.py:3722} INFO - Setting next_dagrun for example_bash_operator to 2023-11-14T00:00:00+00:00, run_after=2023-11-15T00:00:00+00:00
[2023-11-15T04:06:50.413+0000] {processor.py:179} INFO - Processing /home/airflow/.local/lib/python3.8/site-packages/airflow/example_dags/example_bash_operator.py took 0.130 seconds
[2023-11-15T04:07:21.081+0000] {processor.py:157} INFO - Started process (PID=1193) to work on /home/airflow/.local/lib/python3.8/site-packages/airflow/example_dags/example_bash_operator.py
[2023-11-15T04:07:21.083+0000] {processor.py:829} INFO - Processing file /home/airflow/.local/lib/python3.8/site-packages/airflow/example_dags/example_bash_operator.py for tasks to queue
[2023-11-15T04:07:21.087+0000] {logging_mixin.py:151} INFO - [2023-11-15T04:07:21.087+0000] {dagbag.py:536} INFO - Filling up the DagBag from /home/airflow/.local/lib/python3.8/site-packages/airflow/example_dags/example_bash_operator.py
[2023-11-15T04:07:21.106+0000] {processor.py:839} INFO - DAG(s) dict_keys(['example_bash_operator']) retrieved from /home/airflow/.local/lib/python3.8/site-packages/airflow/example_dags/example_bash_operator.py
[2023-11-15T04:07:21.143+0000] {logging_mixin.py:151} INFO - [2023-11-15T04:07:21.143+0000] {dag.py:2941} INFO - Sync 1 DAGs
[2023-11-15T04:07:21.172+0000] {logging_mixin.py:151} INFO - [2023-11-15T04:07:21.171+0000] {dag.py:3722} INFO - Setting next_dagrun for example_bash_operator to 2023-11-14T00:00:00+00:00, run_after=2023-11-15T00:00:00+00:00
[2023-11-15T04:07:21.196+0000] {processor.py:179} INFO - Processing /home/airflow/.local/lib/python3.8/site-packages/airflow/example_dags/example_bash_operator.py took 0.123 seconds
[2023-11-15T04:07:51.496+0000] {processor.py:157} INFO - Started process (PID=1250) to work on /home/airflow/.local/lib/python3.8/site-packages/airflow/example_dags/example_bash_operator.py
[2023-11-15T04:07:51.500+0000] {processor.py:829} INFO - Processing file /home/airflow/.local/lib/python3.8/site-packages/airflow/example_dags/example_bash_operator.py for tasks to queue
[2023-11-15T04:07:51.505+0000] {logging_mixin.py:151} INFO - [2023-11-15T04:07:51.504+0000] {dagbag.py:536} INFO - Filling up the DagBag from /home/airflow/.local/lib/python3.8/site-packages/airflow/example_dags/example_bash_operator.py
[2023-11-15T04:07:51.550+0000] {processor.py:839} INFO - DAG(s) dict_keys(['example_bash_operator']) retrieved from /home/airflow/.local/lib/python3.8/site-packages/airflow/example_dags/example_bash_operator.py
[2023-11-15T04:07:51.604+0000] {logging_mixin.py:151} INFO - [2023-11-15T04:07:51.604+0000] {dag.py:2941} INFO - Sync 1 DAGs
[2023-11-15T04:07:51.664+0000] {logging_mixin.py:151} INFO - [2023-11-15T04:07:51.663+0000] {dag.py:3722} INFO - Setting next_dagrun for example_bash_operator to 2023-11-14T00:00:00+00:00, run_after=2023-11-15T00:00:00+00:00
[2023-11-15T04:07:51.690+0000] {processor.py:179} INFO - Processing /home/airflow/.local/lib/python3.8/site-packages/airflow/example_dags/example_bash_operator.py took 0.206 seconds
[2023-11-15T04:08:21.799+0000] {processor.py:157} INFO - Started process (PID=1308) to work on /home/airflow/.local/lib/python3.8/site-packages/airflow/example_dags/example_bash_operator.py
[2023-11-15T04:08:21.801+0000] {processor.py:829} INFO - Processing file /home/airflow/.local/lib/python3.8/site-packages/airflow/example_dags/example_bash_operator.py for tasks to queue
[2023-11-15T04:08:21.803+0000] {logging_mixin.py:151} INFO - [2023-11-15T04:08:21.803+0000] {dagbag.py:536} INFO - Filling up the DagBag from /home/airflow/.local/lib/python3.8/site-packages/airflow/example_dags/example_bash_operator.py
[2023-11-15T04:08:21.818+0000] {processor.py:839} INFO - DAG(s) dict_keys(['example_bash_operator']) retrieved from /home/airflow/.local/lib/python3.8/site-packages/airflow/example_dags/example_bash_operator.py
[2023-11-15T04:08:21.855+0000] {logging_mixin.py:151} INFO - [2023-11-15T04:08:21.855+0000] {dag.py:2941} INFO - Sync 1 DAGs
[2023-11-15T04:08:21.887+0000] {logging_mixin.py:151} INFO - [2023-11-15T04:08:21.887+0000] {dag.py:3722} INFO - Setting next_dagrun for example_bash_operator to 2023-11-14T00:00:00+00:00, run_after=2023-11-15T00:00:00+00:00
[2023-11-15T04:08:21.914+0000] {processor.py:179} INFO - Processing /home/airflow/.local/lib/python3.8/site-packages/airflow/example_dags/example_bash_operator.py took 0.119 seconds
[2023-11-15T04:08:52.202+0000] {processor.py:157} INFO - Started process (PID=1365) to work on /home/airflow/.local/lib/python3.8/site-packages/airflow/example_dags/example_bash_operator.py
[2023-11-15T04:08:52.203+0000] {processor.py:829} INFO - Processing file /home/airflow/.local/lib/python3.8/site-packages/airflow/example_dags/example_bash_operator.py for tasks to queue
[2023-11-15T04:08:52.205+0000] {logging_mixin.py:151} INFO - [2023-11-15T04:08:52.205+0000] {dagbag.py:536} INFO - Filling up the DagBag from /home/airflow/.local/lib/python3.8/site-packages/airflow/example_dags/example_bash_operator.py
[2023-11-15T04:08:52.219+0000] {processor.py:839} INFO - DAG(s) dict_keys(['example_bash_operator']) retrieved from /home/airflow/.local/lib/python3.8/site-packages/airflow/example_dags/example_bash_operator.py
[2023-11-15T04:08:52.256+0000] {logging_mixin.py:151} INFO - [2023-11-15T04:08:52.255+0000] {dag.py:2941} INFO - Sync 1 DAGs
[2023-11-15T04:08:52.282+0000] {logging_mixin.py:151} INFO - [2023-11-15T04:08:52.282+0000] {dag.py:3722} INFO - Setting next_dagrun for example_bash_operator to 2023-11-14T00:00:00+00:00, run_after=2023-11-15T00:00:00+00:00
[2023-11-15T04:08:52.308+0000] {processor.py:179} INFO - Processing /home/airflow/.local/lib/python3.8/site-packages/airflow/example_dags/example_bash_operator.py took 0.110 seconds
[2023-11-15T04:09:22.782+0000] {processor.py:157} INFO - Started process (PID=1422) to work on /home/airflow/.local/lib/python3.8/site-packages/airflow/example_dags/example_bash_operator.py
[2023-11-15T04:09:22.783+0000] {processor.py:829} INFO - Processing file /home/airflow/.local/lib/python3.8/site-packages/airflow/example_dags/example_bash_operator.py for tasks to queue
[2023-11-15T04:09:22.785+0000] {logging_mixin.py:151} INFO - [2023-11-15T04:09:22.785+0000] {dagbag.py:536} INFO - Filling up the DagBag from /home/airflow/.local/lib/python3.8/site-packages/airflow/example_dags/example_bash_operator.py
[2023-11-15T04:09:22.800+0000] {processor.py:839} INFO - DAG(s) dict_keys(['example_bash_operator']) retrieved from /home/airflow/.local/lib/python3.8/site-packages/airflow/example_dags/example_bash_operator.py
[2023-11-15T04:09:22.837+0000] {logging_mixin.py:151} INFO - [2023-11-15T04:09:22.837+0000] {dag.py:2941} INFO - Sync 1 DAGs
[2023-11-15T04:09:22.866+0000] {logging_mixin.py:151} INFO - [2023-11-15T04:09:22.866+0000] {dag.py:3722} INFO - Setting next_dagrun for example_bash_operator to 2023-11-14T00:00:00+00:00, run_after=2023-11-15T00:00:00+00:00
[2023-11-15T04:09:22.891+0000] {processor.py:179} INFO - Processing /home/airflow/.local/lib/python3.8/site-packages/airflow/example_dags/example_bash_operator.py took 0.113 seconds
[2023-11-15T04:09:53.283+0000] {processor.py:157} INFO - Started process (PID=1479) to work on /home/airflow/.local/lib/python3.8/site-packages/airflow/example_dags/example_bash_operator.py
[2023-11-15T04:09:53.284+0000] {processor.py:829} INFO - Processing file /home/airflow/.local/lib/python3.8/site-packages/airflow/example_dags/example_bash_operator.py for tasks to queue
[2023-11-15T04:09:53.286+0000] {logging_mixin.py:151} INFO - [2023-11-15T04:09:53.286+0000] {dagbag.py:536} INFO - Filling up the DagBag from /home/airflow/.local/lib/python3.8/site-packages/airflow/example_dags/example_bash_operator.py
[2023-11-15T04:09:53.301+0000] {processor.py:839} INFO - DAG(s) dict_keys(['example_bash_operator']) retrieved from /home/airflow/.local/lib/python3.8/site-packages/airflow/example_dags/example_bash_operator.py
[2023-11-15T04:09:53.340+0000] {logging_mixin.py:151} INFO - [2023-11-15T04:09:53.340+0000] {dag.py:2941} INFO - Sync 1 DAGs
[2023-11-15T04:09:53.371+0000] {logging_mixin.py:151} INFO - [2023-11-15T04:09:53.370+0000] {dag.py:3722} INFO - Setting next_dagrun for example_bash_operator to 2023-11-14T00:00:00+00:00, run_after=2023-11-15T00:00:00+00:00
[2023-11-15T04:09:53.398+0000] {processor.py:179} INFO - Processing /home/airflow/.local/lib/python3.8/site-packages/airflow/example_dags/example_bash_operator.py took 0.119 seconds
[2023-11-15T04:10:23.936+0000] {processor.py:157} INFO - Started process (PID=1536) to work on /home/airflow/.local/lib/python3.8/site-packages/airflow/example_dags/example_bash_operator.py
[2023-11-15T04:10:23.939+0000] {processor.py:829} INFO - Processing file /home/airflow/.local/lib/python3.8/site-packages/airflow/example_dags/example_bash_operator.py for tasks to queue
[2023-11-15T04:10:23.942+0000] {logging_mixin.py:151} INFO - [2023-11-15T04:10:23.942+0000] {dagbag.py:536} INFO - Filling up the DagBag from /home/airflow/.local/lib/python3.8/site-packages/airflow/example_dags/example_bash_operator.py
[2023-11-15T04:10:23.969+0000] {processor.py:839} INFO - DAG(s) dict_keys(['example_bash_operator']) retrieved from /home/airflow/.local/lib/python3.8/site-packages/airflow/example_dags/example_bash_operator.py
[2023-11-15T04:10:24.009+0000] {logging_mixin.py:151} INFO - [2023-11-15T04:10:24.009+0000] {dag.py:2941} INFO - Sync 1 DAGs
[2023-11-15T04:10:24.040+0000] {logging_mixin.py:151} INFO - [2023-11-15T04:10:24.040+0000] {dag.py:3722} INFO - Setting next_dagrun for example_bash_operator to 2023-11-14T00:00:00+00:00, run_after=2023-11-15T00:00:00+00:00
[2023-11-15T04:10:24.067+0000] {processor.py:179} INFO - Processing /home/airflow/.local/lib/python3.8/site-packages/airflow/example_dags/example_bash_operator.py took 0.141 seconds
[2023-11-15T04:10:54.568+0000] {processor.py:157} INFO - Started process (PID=1594) to work on /home/airflow/.local/lib/python3.8/site-packages/airflow/example_dags/example_bash_operator.py
[2023-11-15T04:10:54.570+0000] {processor.py:829} INFO - Processing file /home/airflow/.local/lib/python3.8/site-packages/airflow/example_dags/example_bash_operator.py for tasks to queue
[2023-11-15T04:10:54.573+0000] {logging_mixin.py:151} INFO - [2023-11-15T04:10:54.572+0000] {dagbag.py:536} INFO - Filling up the DagBag from /home/airflow/.local/lib/python3.8/site-packages/airflow/example_dags/example_bash_operator.py
[2023-11-15T04:10:54.600+0000] {processor.py:839} INFO - DAG(s) dict_keys(['example_bash_operator']) retrieved from /home/airflow/.local/lib/python3.8/site-packages/airflow/example_dags/example_bash_operator.py
[2023-11-15T04:10:54.642+0000] {logging_mixin.py:151} INFO - [2023-11-15T04:10:54.642+0000] {dag.py:2941} INFO - Sync 1 DAGs
[2023-11-15T04:10:54.672+0000] {logging_mixin.py:151} INFO - [2023-11-15T04:10:54.672+0000] {dag.py:3722} INFO - Setting next_dagrun for example_bash_operator to 2023-11-14T00:00:00+00:00, run_after=2023-11-15T00:00:00+00:00
[2023-11-15T04:10:54.695+0000] {processor.py:179} INFO - Processing /home/airflow/.local/lib/python3.8/site-packages/airflow/example_dags/example_bash_operator.py took 0.132 seconds
[2023-11-15T04:11:24.892+0000] {processor.py:157} INFO - Started process (PID=1655) to work on /home/airflow/.local/lib/python3.8/site-packages/airflow/example_dags/example_bash_operator.py
[2023-11-15T04:11:24.894+0000] {processor.py:829} INFO - Processing file /home/airflow/.local/lib/python3.8/site-packages/airflow/example_dags/example_bash_operator.py for tasks to queue
[2023-11-15T04:11:24.897+0000] {logging_mixin.py:151} INFO - [2023-11-15T04:11:24.896+0000] {dagbag.py:536} INFO - Filling up the DagBag from /home/airflow/.local/lib/python3.8/site-packages/airflow/example_dags/example_bash_operator.py
[2023-11-15T04:11:24.913+0000] {processor.py:839} INFO - DAG(s) dict_keys(['example_bash_operator']) retrieved from /home/airflow/.local/lib/python3.8/site-packages/airflow/example_dags/example_bash_operator.py
[2023-11-15T04:11:24.965+0000] {logging_mixin.py:151} INFO - [2023-11-15T04:11:24.965+0000] {dag.py:2941} INFO - Sync 1 DAGs
[2023-11-15T04:11:25.004+0000] {logging_mixin.py:151} INFO - [2023-11-15T04:11:25.004+0000] {dag.py:3722} INFO - Setting next_dagrun for example_bash_operator to 2023-11-14T00:00:00+00:00, run_after=2023-11-15T00:00:00+00:00
[2023-11-15T04:11:25.043+0000] {processor.py:179} INFO - Processing /home/airflow/.local/lib/python3.8/site-packages/airflow/example_dags/example_bash_operator.py took 0.156 seconds
[2023-11-15T04:11:56.062+0000] {processor.py:157} INFO - Started process (PID=1717) to work on /home/airflow/.local/lib/python3.8/site-packages/airflow/example_dags/example_bash_operator.py
[2023-11-15T04:11:56.064+0000] {processor.py:829} INFO - Processing file /home/airflow/.local/lib/python3.8/site-packages/airflow/example_dags/example_bash_operator.py for tasks to queue
[2023-11-15T04:11:56.068+0000] {logging_mixin.py:151} INFO - [2023-11-15T04:11:56.068+0000] {dagbag.py:536} INFO - Filling up the DagBag from /home/airflow/.local/lib/python3.8/site-packages/airflow/example_dags/example_bash_operator.py
[2023-11-15T04:11:56.083+0000] {processor.py:839} INFO - DAG(s) dict_keys(['example_bash_operator']) retrieved from /home/airflow/.local/lib/python3.8/site-packages/airflow/example_dags/example_bash_operator.py
[2023-11-15T04:11:56.123+0000] {logging_mixin.py:151} INFO - [2023-11-15T04:11:56.123+0000] {dag.py:2941} INFO - Sync 1 DAGs
[2023-11-15T04:11:56.153+0000] {logging_mixin.py:151} INFO - [2023-11-15T04:11:56.152+0000] {dag.py:3722} INFO - Setting next_dagrun for example_bash_operator to 2023-11-14T00:00:00+00:00, run_after=2023-11-15T00:00:00+00:00
[2023-11-15T04:11:56.176+0000] {processor.py:179} INFO - Processing /home/airflow/.local/lib/python3.8/site-packages/airflow/example_dags/example_bash_operator.py took 0.121 seconds
[2023-11-15T04:12:26.852+0000] {processor.py:157} INFO - Started process (PID=1777) to work on /home/airflow/.local/lib/python3.8/site-packages/airflow/example_dags/example_bash_operator.py
[2023-11-15T04:12:26.853+0000] {processor.py:829} INFO - Processing file /home/airflow/.local/lib/python3.8/site-packages/airflow/example_dags/example_bash_operator.py for tasks to queue
[2023-11-15T04:12:26.857+0000] {logging_mixin.py:151} INFO - [2023-11-15T04:12:26.856+0000] {dagbag.py:536} INFO - Filling up the DagBag from /home/airflow/.local/lib/python3.8/site-packages/airflow/example_dags/example_bash_operator.py
[2023-11-15T04:12:26.873+0000] {processor.py:839} INFO - DAG(s) dict_keys(['example_bash_operator']) retrieved from /home/airflow/.local/lib/python3.8/site-packages/airflow/example_dags/example_bash_operator.py
[2023-11-15T04:12:26.911+0000] {logging_mixin.py:151} INFO - [2023-11-15T04:12:26.911+0000] {dag.py:2941} INFO - Sync 1 DAGs
[2023-11-15T04:12:26.942+0000] {logging_mixin.py:151} INFO - [2023-11-15T04:12:26.942+0000] {dag.py:3722} INFO - Setting next_dagrun for example_bash_operator to 2023-11-14T00:00:00+00:00, run_after=2023-11-15T00:00:00+00:00
[2023-11-15T04:12:26.967+0000] {processor.py:179} INFO - Processing /home/airflow/.local/lib/python3.8/site-packages/airflow/example_dags/example_bash_operator.py took 0.120 seconds
[2023-11-15T04:12:57.092+0000] {processor.py:157} INFO - Started process (PID=1836) to work on /home/airflow/.local/lib/python3.8/site-packages/airflow/example_dags/example_bash_operator.py
[2023-11-15T04:12:57.098+0000] {processor.py:829} INFO - Processing file /home/airflow/.local/lib/python3.8/site-packages/airflow/example_dags/example_bash_operator.py for tasks to queue
[2023-11-15T04:12:57.102+0000] {logging_mixin.py:151} INFO - [2023-11-15T04:12:57.101+0000] {dagbag.py:536} INFO - Filling up the DagBag from /home/airflow/.local/lib/python3.8/site-packages/airflow/example_dags/example_bash_operator.py
[2023-11-15T04:12:57.123+0000] {processor.py:839} INFO - DAG(s) dict_keys(['example_bash_operator']) retrieved from /home/airflow/.local/lib/python3.8/site-packages/airflow/example_dags/example_bash_operator.py
[2023-11-15T04:12:57.159+0000] {logging_mixin.py:151} INFO - [2023-11-15T04:12:57.158+0000] {dag.py:2941} INFO - Sync 1 DAGs
[2023-11-15T04:12:57.185+0000] {logging_mixin.py:151} INFO - [2023-11-15T04:12:57.185+0000] {dag.py:3722} INFO - Setting next_dagrun for example_bash_operator to 2023-11-14T00:00:00+00:00, run_after=2023-11-15T00:00:00+00:00
[2023-11-15T04:12:57.212+0000] {processor.py:179} INFO - Processing /home/airflow/.local/lib/python3.8/site-packages/airflow/example_dags/example_bash_operator.py took 0.129 seconds
[2023-11-15T04:13:27.792+0000] {processor.py:157} INFO - Started process (PID=1898) to work on /home/airflow/.local/lib/python3.8/site-packages/airflow/example_dags/example_bash_operator.py
[2023-11-15T04:13:27.794+0000] {processor.py:829} INFO - Processing file /home/airflow/.local/lib/python3.8/site-packages/airflow/example_dags/example_bash_operator.py for tasks to queue
[2023-11-15T04:13:27.799+0000] {logging_mixin.py:151} INFO - [2023-11-15T04:13:27.798+0000] {dagbag.py:536} INFO - Filling up the DagBag from /home/airflow/.local/lib/python3.8/site-packages/airflow/example_dags/example_bash_operator.py
[2023-11-15T04:13:27.817+0000] {processor.py:839} INFO - DAG(s) dict_keys(['example_bash_operator']) retrieved from /home/airflow/.local/lib/python3.8/site-packages/airflow/example_dags/example_bash_operator.py
[2023-11-15T04:13:27.857+0000] {logging_mixin.py:151} INFO - [2023-11-15T04:13:27.857+0000] {dag.py:2941} INFO - Sync 1 DAGs
[2023-11-15T04:13:27.887+0000] {logging_mixin.py:151} INFO - [2023-11-15T04:13:27.887+0000] {dag.py:3722} INFO - Setting next_dagrun for example_bash_operator to 2023-11-14T00:00:00+00:00, run_after=2023-11-15T00:00:00+00:00
[2023-11-15T04:13:27.913+0000] {processor.py:179} INFO - Processing /home/airflow/.local/lib/python3.8/site-packages/airflow/example_dags/example_bash_operator.py took 0.127 seconds
[2023-11-15T04:13:58.950+0000] {processor.py:157} INFO - Started process (PID=1956) to work on /home/airflow/.local/lib/python3.8/site-packages/airflow/example_dags/example_bash_operator.py
[2023-11-15T04:13:58.951+0000] {processor.py:829} INFO - Processing file /home/airflow/.local/lib/python3.8/site-packages/airflow/example_dags/example_bash_operator.py for tasks to queue
[2023-11-15T04:13:58.954+0000] {logging_mixin.py:151} INFO - [2023-11-15T04:13:58.953+0000] {dagbag.py:536} INFO - Filling up the DagBag from /home/airflow/.local/lib/python3.8/site-packages/airflow/example_dags/example_bash_operator.py
[2023-11-15T04:13:58.969+0000] {processor.py:839} INFO - DAG(s) dict_keys(['example_bash_operator']) retrieved from /home/airflow/.local/lib/python3.8/site-packages/airflow/example_dags/example_bash_operator.py
[2023-11-15T04:13:59.016+0000] {logging_mixin.py:151} INFO - [2023-11-15T04:13:59.015+0000] {dag.py:2941} INFO - Sync 1 DAGs
[2023-11-15T04:13:59.246+0000] {logging_mixin.py:151} INFO - [2023-11-15T04:13:59.245+0000] {dag.py:3722} INFO - Setting next_dagrun for example_bash_operator to 2023-11-14T00:00:00+00:00, run_after=2023-11-15T00:00:00+00:00
[2023-11-15T04:13:59.274+0000] {processor.py:179} INFO - Processing /home/airflow/.local/lib/python3.8/site-packages/airflow/example_dags/example_bash_operator.py took 0.328 seconds
[2023-11-15T04:14:29.698+0000] {processor.py:157} INFO - Started process (PID=2013) to work on /home/airflow/.local/lib/python3.8/site-packages/airflow/example_dags/example_bash_operator.py
[2023-11-15T04:14:29.699+0000] {processor.py:829} INFO - Processing file /home/airflow/.local/lib/python3.8/site-packages/airflow/example_dags/example_bash_operator.py for tasks to queue
[2023-11-15T04:14:29.701+0000] {logging_mixin.py:151} INFO - [2023-11-15T04:14:29.701+0000] {dagbag.py:536} INFO - Filling up the DagBag from /home/airflow/.local/lib/python3.8/site-packages/airflow/example_dags/example_bash_operator.py
[2023-11-15T04:14:29.716+0000] {processor.py:839} INFO - DAG(s) dict_keys(['example_bash_operator']) retrieved from /home/airflow/.local/lib/python3.8/site-packages/airflow/example_dags/example_bash_operator.py
[2023-11-15T04:14:29.754+0000] {logging_mixin.py:151} INFO - [2023-11-15T04:14:29.754+0000] {dag.py:2941} INFO - Sync 1 DAGs
[2023-11-15T04:14:29.784+0000] {logging_mixin.py:151} INFO - [2023-11-15T04:14:29.784+0000] {dag.py:3722} INFO - Setting next_dagrun for example_bash_operator to 2023-11-14T00:00:00+00:00, run_after=2023-11-15T00:00:00+00:00
[2023-11-15T04:14:29.972+0000] {processor.py:179} INFO - Processing /home/airflow/.local/lib/python3.8/site-packages/airflow/example_dags/example_bash_operator.py took 0.278 seconds
[2023-11-15T04:15:00.253+0000] {processor.py:157} INFO - Started process (PID=2070) to work on /home/airflow/.local/lib/python3.8/site-packages/airflow/example_dags/example_bash_operator.py
[2023-11-15T04:15:00.254+0000] {processor.py:829} INFO - Processing file /home/airflow/.local/lib/python3.8/site-packages/airflow/example_dags/example_bash_operator.py for tasks to queue
[2023-11-15T04:15:00.256+0000] {logging_mixin.py:151} INFO - [2023-11-15T04:15:00.256+0000] {dagbag.py:536} INFO - Filling up the DagBag from /home/airflow/.local/lib/python3.8/site-packages/airflow/example_dags/example_bash_operator.py
[2023-11-15T04:15:00.270+0000] {processor.py:839} INFO - DAG(s) dict_keys(['example_bash_operator']) retrieved from /home/airflow/.local/lib/python3.8/site-packages/airflow/example_dags/example_bash_operator.py
[2023-11-15T04:15:00.307+0000] {logging_mixin.py:151} INFO - [2023-11-15T04:15:00.307+0000] {dag.py:2941} INFO - Sync 1 DAGs
[2023-11-15T04:15:00.334+0000] {logging_mixin.py:151} INFO - [2023-11-15T04:15:00.334+0000] {dag.py:3722} INFO - Setting next_dagrun for example_bash_operator to 2023-11-14T00:00:00+00:00, run_after=2023-11-15T00:00:00+00:00
[2023-11-15T04:15:00.360+0000] {processor.py:179} INFO - Processing /home/airflow/.local/lib/python3.8/site-packages/airflow/example_dags/example_bash_operator.py took 0.111 seconds
[2023-11-15T04:15:31.376+0000] {processor.py:157} INFO - Started process (PID=2128) to work on /home/airflow/.local/lib/python3.8/site-packages/airflow/example_dags/example_bash_operator.py
[2023-11-15T04:15:31.377+0000] {processor.py:829} INFO - Processing file /home/airflow/.local/lib/python3.8/site-packages/airflow/example_dags/example_bash_operator.py for tasks to queue
[2023-11-15T04:15:31.379+0000] {logging_mixin.py:151} INFO - [2023-11-15T04:15:31.379+0000] {dagbag.py:536} INFO - Filling up the DagBag from /home/airflow/.local/lib/python3.8/site-packages/airflow/example_dags/example_bash_operator.py
[2023-11-15T04:15:31.399+0000] {processor.py:839} INFO - DAG(s) dict_keys(['example_bash_operator']) retrieved from /home/airflow/.local/lib/python3.8/site-packages/airflow/example_dags/example_bash_operator.py
[2023-11-15T04:15:31.594+0000] {logging_mixin.py:151} INFO - [2023-11-15T04:15:31.594+0000] {dag.py:2941} INFO - Sync 1 DAGs
[2023-11-15T04:15:31.620+0000] {logging_mixin.py:151} INFO - [2023-11-15T04:15:31.620+0000] {dag.py:3722} INFO - Setting next_dagrun for example_bash_operator to 2023-11-14T00:00:00+00:00, run_after=2023-11-15T00:00:00+00:00
[2023-11-15T04:15:31.642+0000] {processor.py:179} INFO - Processing /home/airflow/.local/lib/python3.8/site-packages/airflow/example_dags/example_bash_operator.py took 0.270 seconds
[2023-11-15T04:16:01.891+0000] {processor.py:157} INFO - Started process (PID=2187) to work on /home/airflow/.local/lib/python3.8/site-packages/airflow/example_dags/example_bash_operator.py
[2023-11-15T04:16:01.893+0000] {processor.py:829} INFO - Processing file /home/airflow/.local/lib/python3.8/site-packages/airflow/example_dags/example_bash_operator.py for tasks to queue
[2023-11-15T04:16:01.895+0000] {logging_mixin.py:151} INFO - [2023-11-15T04:16:01.895+0000] {dagbag.py:536} INFO - Filling up the DagBag from /home/airflow/.local/lib/python3.8/site-packages/airflow/example_dags/example_bash_operator.py
[2023-11-15T04:16:01.911+0000] {processor.py:839} INFO - DAG(s) dict_keys(['example_bash_operator']) retrieved from /home/airflow/.local/lib/python3.8/site-packages/airflow/example_dags/example_bash_operator.py
[2023-11-15T04:16:01.950+0000] {logging_mixin.py:151} INFO - [2023-11-15T04:16:01.950+0000] {dag.py:2941} INFO - Sync 1 DAGs
[2023-11-15T04:16:02.192+0000] {logging_mixin.py:151} INFO - [2023-11-15T04:16:02.191+0000] {dag.py:3722} INFO - Setting next_dagrun for example_bash_operator to 2023-11-14T00:00:00+00:00, run_after=2023-11-15T00:00:00+00:00
[2023-11-15T04:16:02.220+0000] {processor.py:179} INFO - Processing /home/airflow/.local/lib/python3.8/site-packages/airflow/example_dags/example_bash_operator.py took 0.333 seconds
[2023-11-15T04:16:33.075+0000] {processor.py:157} INFO - Started process (PID=2246) to work on /home/airflow/.local/lib/python3.8/site-packages/airflow/example_dags/example_bash_operator.py
[2023-11-15T04:16:33.076+0000] {processor.py:829} INFO - Processing file /home/airflow/.local/lib/python3.8/site-packages/airflow/example_dags/example_bash_operator.py for tasks to queue
[2023-11-15T04:16:33.078+0000] {logging_mixin.py:151} INFO - [2023-11-15T04:16:33.078+0000] {dagbag.py:536} INFO - Filling up the DagBag from /home/airflow/.local/lib/python3.8/site-packages/airflow/example_dags/example_bash_operator.py
[2023-11-15T04:16:33.094+0000] {processor.py:839} INFO - DAG(s) dict_keys(['example_bash_operator']) retrieved from /home/airflow/.local/lib/python3.8/site-packages/airflow/example_dags/example_bash_operator.py
[2023-11-15T04:16:33.135+0000] {logging_mixin.py:151} INFO - [2023-11-15T04:16:33.135+0000] {dag.py:2941} INFO - Sync 1 DAGs
[2023-11-15T04:16:33.176+0000] {logging_mixin.py:151} INFO - [2023-11-15T04:16:33.176+0000] {dag.py:3722} INFO - Setting next_dagrun for example_bash_operator to 2023-11-14T00:00:00+00:00, run_after=2023-11-15T00:00:00+00:00
[2023-11-15T04:16:33.207+0000] {processor.py:179} INFO - Processing /home/airflow/.local/lib/python3.8/site-packages/airflow/example_dags/example_bash_operator.py took 0.137 seconds
[2023-11-15T04:17:03.412+0000] {processor.py:157} INFO - Started process (PID=2303) to work on /home/airflow/.local/lib/python3.8/site-packages/airflow/example_dags/example_bash_operator.py
[2023-11-15T04:17:03.418+0000] {processor.py:829} INFO - Processing file /home/airflow/.local/lib/python3.8/site-packages/airflow/example_dags/example_bash_operator.py for tasks to queue
[2023-11-15T04:17:03.420+0000] {logging_mixin.py:151} INFO - [2023-11-15T04:17:03.420+0000] {dagbag.py:536} INFO - Filling up the DagBag from /home/airflow/.local/lib/python3.8/site-packages/airflow/example_dags/example_bash_operator.py
[2023-11-15T04:17:03.438+0000] {processor.py:839} INFO - DAG(s) dict_keys(['example_bash_operator']) retrieved from /home/airflow/.local/lib/python3.8/site-packages/airflow/example_dags/example_bash_operator.py
[2023-11-15T04:17:03.483+0000] {logging_mixin.py:151} INFO - [2023-11-15T04:17:03.483+0000] {dag.py:2941} INFO - Sync 1 DAGs
[2023-11-15T04:17:03.511+0000] {logging_mixin.py:151} INFO - [2023-11-15T04:17:03.511+0000] {dag.py:3722} INFO - Setting next_dagrun for example_bash_operator to 2023-11-14T00:00:00+00:00, run_after=2023-11-15T00:00:00+00:00
[2023-11-15T04:17:03.538+0000] {processor.py:179} INFO - Processing /home/airflow/.local/lib/python3.8/site-packages/airflow/example_dags/example_bash_operator.py took 0.136 seconds
[2023-11-15T04:17:34.095+0000] {processor.py:157} INFO - Started process (PID=2361) to work on /home/airflow/.local/lib/python3.8/site-packages/airflow/example_dags/example_bash_operator.py
[2023-11-15T04:17:34.096+0000] {processor.py:829} INFO - Processing file /home/airflow/.local/lib/python3.8/site-packages/airflow/example_dags/example_bash_operator.py for tasks to queue
[2023-11-15T04:17:34.098+0000] {logging_mixin.py:151} INFO - [2023-11-15T04:17:34.098+0000] {dagbag.py:536} INFO - Filling up the DagBag from /home/airflow/.local/lib/python3.8/site-packages/airflow/example_dags/example_bash_operator.py
[2023-11-15T04:17:34.114+0000] {processor.py:839} INFO - DAG(s) dict_keys(['example_bash_operator']) retrieved from /home/airflow/.local/lib/python3.8/site-packages/airflow/example_dags/example_bash_operator.py
[2023-11-15T04:17:34.153+0000] {logging_mixin.py:151} INFO - [2023-11-15T04:17:34.153+0000] {dag.py:2941} INFO - Sync 1 DAGs
[2023-11-15T04:17:34.182+0000] {logging_mixin.py:151} INFO - [2023-11-15T04:17:34.181+0000] {dag.py:3722} INFO - Setting next_dagrun for example_bash_operator to 2023-11-14T00:00:00+00:00, run_after=2023-11-15T00:00:00+00:00
[2023-11-15T04:17:34.208+0000] {processor.py:179} INFO - Processing /home/airflow/.local/lib/python3.8/site-packages/airflow/example_dags/example_bash_operator.py took 0.117 seconds
[2023-11-15T04:18:04.522+0000] {processor.py:157} INFO - Started process (PID=2418) to work on /home/airflow/.local/lib/python3.8/site-packages/airflow/example_dags/example_bash_operator.py
[2023-11-15T04:18:04.527+0000] {processor.py:829} INFO - Processing file /home/airflow/.local/lib/python3.8/site-packages/airflow/example_dags/example_bash_operator.py for tasks to queue
[2023-11-15T04:18:04.531+0000] {logging_mixin.py:151} INFO - [2023-11-15T04:18:04.531+0000] {dagbag.py:536} INFO - Filling up the DagBag from /home/airflow/.local/lib/python3.8/site-packages/airflow/example_dags/example_bash_operator.py
[2023-11-15T04:18:04.550+0000] {processor.py:839} INFO - DAG(s) dict_keys(['example_bash_operator']) retrieved from /home/airflow/.local/lib/python3.8/site-packages/airflow/example_dags/example_bash_operator.py
[2023-11-15T04:18:04.594+0000] {logging_mixin.py:151} INFO - [2023-11-15T04:18:04.594+0000] {dag.py:2941} INFO - Sync 1 DAGs
[2023-11-15T04:18:04.623+0000] {logging_mixin.py:151} INFO - [2023-11-15T04:18:04.623+0000] {dag.py:3722} INFO - Setting next_dagrun for example_bash_operator to 2023-11-14T00:00:00+00:00, run_after=2023-11-15T00:00:00+00:00
[2023-11-15T04:18:04.646+0000] {processor.py:179} INFO - Processing /home/airflow/.local/lib/python3.8/site-packages/airflow/example_dags/example_bash_operator.py took 0.130 seconds
[2023-11-15T04:18:34.995+0000] {processor.py:157} INFO - Started process (PID=2475) to work on /home/airflow/.local/lib/python3.8/site-packages/airflow/example_dags/example_bash_operator.py
[2023-11-15T04:18:34.996+0000] {processor.py:829} INFO - Processing file /home/airflow/.local/lib/python3.8/site-packages/airflow/example_dags/example_bash_operator.py for tasks to queue
[2023-11-15T04:18:34.998+0000] {logging_mixin.py:151} INFO - [2023-11-15T04:18:34.998+0000] {dagbag.py:536} INFO - Filling up the DagBag from /home/airflow/.local/lib/python3.8/site-packages/airflow/example_dags/example_bash_operator.py
[2023-11-15T04:18:35.014+0000] {processor.py:839} INFO - DAG(s) dict_keys(['example_bash_operator']) retrieved from /home/airflow/.local/lib/python3.8/site-packages/airflow/example_dags/example_bash_operator.py
[2023-11-15T04:18:35.058+0000] {logging_mixin.py:151} INFO - [2023-11-15T04:18:35.057+0000] {dag.py:2941} INFO - Sync 1 DAGs
[2023-11-15T04:18:35.090+0000] {logging_mixin.py:151} INFO - [2023-11-15T04:18:35.090+0000] {dag.py:3722} INFO - Setting next_dagrun for example_bash_operator to 2023-11-14T00:00:00+00:00, run_after=2023-11-15T00:00:00+00:00
[2023-11-15T04:18:35.118+0000] {processor.py:179} INFO - Processing /home/airflow/.local/lib/python3.8/site-packages/airflow/example_dags/example_bash_operator.py took 0.127 seconds
[2023-11-15T04:19:05.506+0000] {processor.py:157} INFO - Started process (PID=2534) to work on /home/airflow/.local/lib/python3.8/site-packages/airflow/example_dags/example_bash_operator.py
[2023-11-15T04:19:05.511+0000] {processor.py:829} INFO - Processing file /home/airflow/.local/lib/python3.8/site-packages/airflow/example_dags/example_bash_operator.py for tasks to queue
[2023-11-15T04:19:05.514+0000] {logging_mixin.py:151} INFO - [2023-11-15T04:19:05.513+0000] {dagbag.py:536} INFO - Filling up the DagBag from /home/airflow/.local/lib/python3.8/site-packages/airflow/example_dags/example_bash_operator.py
[2023-11-15T04:19:05.530+0000] {processor.py:839} INFO - DAG(s) dict_keys(['example_bash_operator']) retrieved from /home/airflow/.local/lib/python3.8/site-packages/airflow/example_dags/example_bash_operator.py
[2023-11-15T04:19:05.572+0000] {logging_mixin.py:151} INFO - [2023-11-15T04:19:05.572+0000] {dag.py:2941} INFO - Sync 1 DAGs
[2023-11-15T04:19:05.607+0000] {logging_mixin.py:151} INFO - [2023-11-15T04:19:05.607+0000] {dag.py:3722} INFO - Setting next_dagrun for example_bash_operator to 2023-11-14T00:00:00+00:00, run_after=2023-11-15T00:00:00+00:00
[2023-11-15T04:19:05.640+0000] {processor.py:179} INFO - Processing /home/airflow/.local/lib/python3.8/site-packages/airflow/example_dags/example_bash_operator.py took 0.145 seconds
[2023-11-15T04:19:35.862+0000] {processor.py:157} INFO - Started process (PID=2594) to work on /home/airflow/.local/lib/python3.8/site-packages/airflow/example_dags/example_bash_operator.py
[2023-11-15T04:19:35.863+0000] {processor.py:829} INFO - Processing file /home/airflow/.local/lib/python3.8/site-packages/airflow/example_dags/example_bash_operator.py for tasks to queue
[2023-11-15T04:19:35.866+0000] {logging_mixin.py:151} INFO - [2023-11-15T04:19:35.866+0000] {dagbag.py:536} INFO - Filling up the DagBag from /home/airflow/.local/lib/python3.8/site-packages/airflow/example_dags/example_bash_operator.py
[2023-11-15T04:19:35.880+0000] {processor.py:839} INFO - DAG(s) dict_keys(['example_bash_operator']) retrieved from /home/airflow/.local/lib/python3.8/site-packages/airflow/example_dags/example_bash_operator.py
[2023-11-15T04:19:35.920+0000] {logging_mixin.py:151} INFO - [2023-11-15T04:19:35.919+0000] {dag.py:2941} INFO - Sync 1 DAGs
[2023-11-15T04:19:35.953+0000] {logging_mixin.py:151} INFO - [2023-11-15T04:19:35.952+0000] {dag.py:3722} INFO - Setting next_dagrun for example_bash_operator to 2023-11-14T00:00:00+00:00, run_after=2023-11-15T00:00:00+00:00
[2023-11-15T04:19:35.978+0000] {processor.py:179} INFO - Processing /home/airflow/.local/lib/python3.8/site-packages/airflow/example_dags/example_bash_operator.py took 0.121 seconds
[2023-11-15T04:20:06.226+0000] {processor.py:157} INFO - Started process (PID=2654) to work on /home/airflow/.local/lib/python3.8/site-packages/airflow/example_dags/example_bash_operator.py
[2023-11-15T04:20:06.227+0000] {processor.py:829} INFO - Processing file /home/airflow/.local/lib/python3.8/site-packages/airflow/example_dags/example_bash_operator.py for tasks to queue
[2023-11-15T04:20:06.231+0000] {logging_mixin.py:151} INFO - [2023-11-15T04:20:06.230+0000] {dagbag.py:536} INFO - Filling up the DagBag from /home/airflow/.local/lib/python3.8/site-packages/airflow/example_dags/example_bash_operator.py
[2023-11-15T04:20:06.251+0000] {processor.py:839} INFO - DAG(s) dict_keys(['example_bash_operator']) retrieved from /home/airflow/.local/lib/python3.8/site-packages/airflow/example_dags/example_bash_operator.py
[2023-11-15T04:20:06.296+0000] {logging_mixin.py:151} INFO - [2023-11-15T04:20:06.296+0000] {dag.py:2941} INFO - Sync 1 DAGs
[2023-11-15T04:20:06.327+0000] {logging_mixin.py:151} INFO - [2023-11-15T04:20:06.327+0000] {dag.py:3722} INFO - Setting next_dagrun for example_bash_operator to 2023-11-14T00:00:00+00:00, run_after=2023-11-15T00:00:00+00:00
[2023-11-15T04:20:06.354+0000] {processor.py:179} INFO - Processing /home/airflow/.local/lib/python3.8/site-packages/airflow/example_dags/example_bash_operator.py took 0.138 seconds
[2023-11-15T04:20:36.981+0000] {processor.py:157} INFO - Started process (PID=2714) to work on /home/airflow/.local/lib/python3.8/site-packages/airflow/example_dags/example_bash_operator.py
[2023-11-15T04:20:36.982+0000] {processor.py:829} INFO - Processing file /home/airflow/.local/lib/python3.8/site-packages/airflow/example_dags/example_bash_operator.py for tasks to queue
[2023-11-15T04:20:36.986+0000] {logging_mixin.py:151} INFO - [2023-11-15T04:20:36.985+0000] {dagbag.py:536} INFO - Filling up the DagBag from /home/airflow/.local/lib/python3.8/site-packages/airflow/example_dags/example_bash_operator.py
[2023-11-15T04:20:37.007+0000] {processor.py:839} INFO - DAG(s) dict_keys(['example_bash_operator']) retrieved from /home/airflow/.local/lib/python3.8/site-packages/airflow/example_dags/example_bash_operator.py
[2023-11-15T04:20:37.045+0000] {logging_mixin.py:151} INFO - [2023-11-15T04:20:37.045+0000] {dag.py:2941} INFO - Sync 1 DAGs
[2023-11-15T04:20:37.075+0000] {logging_mixin.py:151} INFO - [2023-11-15T04:20:37.074+0000] {dag.py:3722} INFO - Setting next_dagrun for example_bash_operator to 2023-11-14T00:00:00+00:00, run_after=2023-11-15T00:00:00+00:00
[2023-11-15T04:20:37.097+0000] {processor.py:179} INFO - Processing /home/airflow/.local/lib/python3.8/site-packages/airflow/example_dags/example_bash_operator.py took 0.123 seconds
[2023-11-15T04:21:07.158+0000] {processor.py:157} INFO - Started process (PID=2778) to work on /home/airflow/.local/lib/python3.8/site-packages/airflow/example_dags/example_bash_operator.py
[2023-11-15T04:21:07.161+0000] {processor.py:829} INFO - Processing file /home/airflow/.local/lib/python3.8/site-packages/airflow/example_dags/example_bash_operator.py for tasks to queue
[2023-11-15T04:21:07.164+0000] {logging_mixin.py:151} INFO - [2023-11-15T04:21:07.164+0000] {dagbag.py:536} INFO - Filling up the DagBag from /home/airflow/.local/lib/python3.8/site-packages/airflow/example_dags/example_bash_operator.py
[2023-11-15T04:21:07.184+0000] {processor.py:839} INFO - DAG(s) dict_keys(['example_bash_operator']) retrieved from /home/airflow/.local/lib/python3.8/site-packages/airflow/example_dags/example_bash_operator.py
[2023-11-15T04:21:07.222+0000] {logging_mixin.py:151} INFO - [2023-11-15T04:21:07.222+0000] {dag.py:2941} INFO - Sync 1 DAGs
[2023-11-15T04:21:07.252+0000] {logging_mixin.py:151} INFO - [2023-11-15T04:21:07.252+0000] {dag.py:3722} INFO - Setting next_dagrun for example_bash_operator to 2023-11-14T00:00:00+00:00, run_after=2023-11-15T00:00:00+00:00
[2023-11-15T04:21:07.277+0000] {processor.py:179} INFO - Processing /home/airflow/.local/lib/python3.8/site-packages/airflow/example_dags/example_bash_operator.py took 0.124 seconds
[2023-11-15T04:21:37.894+0000] {processor.py:157} INFO - Started process (PID=2838) to work on /home/airflow/.local/lib/python3.8/site-packages/airflow/example_dags/example_bash_operator.py
[2023-11-15T04:21:37.895+0000] {processor.py:829} INFO - Processing file /home/airflow/.local/lib/python3.8/site-packages/airflow/example_dags/example_bash_operator.py for tasks to queue
[2023-11-15T04:21:37.897+0000] {logging_mixin.py:151} INFO - [2023-11-15T04:21:37.897+0000] {dagbag.py:536} INFO - Filling up the DagBag from /home/airflow/.local/lib/python3.8/site-packages/airflow/example_dags/example_bash_operator.py
[2023-11-15T04:21:37.912+0000] {processor.py:839} INFO - DAG(s) dict_keys(['example_bash_operator']) retrieved from /home/airflow/.local/lib/python3.8/site-packages/airflow/example_dags/example_bash_operator.py
[2023-11-15T04:21:37.950+0000] {logging_mixin.py:151} INFO - [2023-11-15T04:21:37.950+0000] {dag.py:2941} INFO - Sync 1 DAGs
[2023-11-15T04:21:37.977+0000] {logging_mixin.py:151} INFO - [2023-11-15T04:21:37.977+0000] {dag.py:3722} INFO - Setting next_dagrun for example_bash_operator to 2023-11-14T00:00:00+00:00, run_after=2023-11-15T00:00:00+00:00
[2023-11-15T04:21:38.001+0000] {processor.py:179} INFO - Processing /home/airflow/.local/lib/python3.8/site-packages/airflow/example_dags/example_bash_operator.py took 0.111 seconds
[2023-11-15T04:22:08.260+0000] {processor.py:157} INFO - Started process (PID=2899) to work on /home/airflow/.local/lib/python3.8/site-packages/airflow/example_dags/example_bash_operator.py
[2023-11-15T04:22:08.262+0000] {processor.py:829} INFO - Processing file /home/airflow/.local/lib/python3.8/site-packages/airflow/example_dags/example_bash_operator.py for tasks to queue
[2023-11-15T04:22:08.266+0000] {logging_mixin.py:151} INFO - [2023-11-15T04:22:08.265+0000] {dagbag.py:536} INFO - Filling up the DagBag from /home/airflow/.local/lib/python3.8/site-packages/airflow/example_dags/example_bash_operator.py
[2023-11-15T04:22:08.294+0000] {processor.py:839} INFO - DAG(s) dict_keys(['example_bash_operator']) retrieved from /home/airflow/.local/lib/python3.8/site-packages/airflow/example_dags/example_bash_operator.py
[2023-11-15T04:22:08.345+0000] {logging_mixin.py:151} INFO - [2023-11-15T04:22:08.345+0000] {dag.py:2941} INFO - Sync 1 DAGs
[2023-11-15T04:22:08.384+0000] {logging_mixin.py:151} INFO - [2023-11-15T04:22:08.383+0000] {dag.py:3722} INFO - Setting next_dagrun for example_bash_operator to 2023-11-14T00:00:00+00:00, run_after=2023-11-15T00:00:00+00:00
[2023-11-15T04:22:08.429+0000] {processor.py:179} INFO - Processing /home/airflow/.local/lib/python3.8/site-packages/airflow/example_dags/example_bash_operator.py took 0.178 seconds
[2023-11-15T04:22:38.691+0000] {processor.py:157} INFO - Started process (PID=2959) to work on /home/airflow/.local/lib/python3.8/site-packages/airflow/example_dags/example_bash_operator.py
[2023-11-15T04:22:38.694+0000] {processor.py:829} INFO - Processing file /home/airflow/.local/lib/python3.8/site-packages/airflow/example_dags/example_bash_operator.py for tasks to queue
[2023-11-15T04:22:38.699+0000] {logging_mixin.py:151} INFO - [2023-11-15T04:22:38.698+0000] {dagbag.py:536} INFO - Filling up the DagBag from /home/airflow/.local/lib/python3.8/site-packages/airflow/example_dags/example_bash_operator.py
[2023-11-15T04:22:38.720+0000] {processor.py:839} INFO - DAG(s) dict_keys(['example_bash_operator']) retrieved from /home/airflow/.local/lib/python3.8/site-packages/airflow/example_dags/example_bash_operator.py
[2023-11-15T04:22:38.758+0000] {logging_mixin.py:151} INFO - [2023-11-15T04:22:38.758+0000] {dag.py:2941} INFO - Sync 1 DAGs
[2023-11-15T04:22:38.787+0000] {logging_mixin.py:151} INFO - [2023-11-15T04:22:38.787+0000] {dag.py:3722} INFO - Setting next_dagrun for example_bash_operator to 2023-11-14T00:00:00+00:00, run_after=2023-11-15T00:00:00+00:00
[2023-11-15T04:22:38.810+0000] {processor.py:179} INFO - Processing /home/airflow/.local/lib/python3.8/site-packages/airflow/example_dags/example_bash_operator.py took 0.127 seconds
[2023-11-15T04:23:09.214+0000] {processor.py:157} INFO - Started process (PID=3020) to work on /home/airflow/.local/lib/python3.8/site-packages/airflow/example_dags/example_bash_operator.py
[2023-11-15T04:23:09.217+0000] {processor.py:829} INFO - Processing file /home/airflow/.local/lib/python3.8/site-packages/airflow/example_dags/example_bash_operator.py for tasks to queue
[2023-11-15T04:23:09.221+0000] {logging_mixin.py:151} INFO - [2023-11-15T04:23:09.220+0000] {dagbag.py:536} INFO - Filling up the DagBag from /home/airflow/.local/lib/python3.8/site-packages/airflow/example_dags/example_bash_operator.py
[2023-11-15T04:23:09.240+0000] {processor.py:839} INFO - DAG(s) dict_keys(['example_bash_operator']) retrieved from /home/airflow/.local/lib/python3.8/site-packages/airflow/example_dags/example_bash_operator.py
[2023-11-15T04:23:09.284+0000] {logging_mixin.py:151} INFO - [2023-11-15T04:23:09.284+0000] {dag.py:2941} INFO - Sync 1 DAGs
[2023-11-15T04:23:09.323+0000] {logging_mixin.py:151} INFO - [2023-11-15T04:23:09.323+0000] {dag.py:3722} INFO - Setting next_dagrun for example_bash_operator to 2023-11-14T00:00:00+00:00, run_after=2023-11-15T00:00:00+00:00
[2023-11-15T04:23:09.353+0000] {processor.py:179} INFO - Processing /home/airflow/.local/lib/python3.8/site-packages/airflow/example_dags/example_bash_operator.py took 0.143 seconds
[2023-11-15T04:23:39.956+0000] {processor.py:157} INFO - Started process (PID=3078) to work on /home/airflow/.local/lib/python3.8/site-packages/airflow/example_dags/example_bash_operator.py
[2023-11-15T04:23:39.957+0000] {processor.py:829} INFO - Processing file /home/airflow/.local/lib/python3.8/site-packages/airflow/example_dags/example_bash_operator.py for tasks to queue
[2023-11-15T04:23:39.960+0000] {logging_mixin.py:151} INFO - [2023-11-15T04:23:39.960+0000] {dagbag.py:536} INFO - Filling up the DagBag from /home/airflow/.local/lib/python3.8/site-packages/airflow/example_dags/example_bash_operator.py
[2023-11-15T04:23:39.976+0000] {processor.py:839} INFO - DAG(s) dict_keys(['example_bash_operator']) retrieved from /home/airflow/.local/lib/python3.8/site-packages/airflow/example_dags/example_bash_operator.py
[2023-11-15T04:23:40.021+0000] {logging_mixin.py:151} INFO - [2023-11-15T04:23:40.020+0000] {dag.py:2941} INFO - Sync 1 DAGs
[2023-11-15T04:23:40.054+0000] {logging_mixin.py:151} INFO - [2023-11-15T04:23:40.054+0000] {dag.py:3722} INFO - Setting next_dagrun for example_bash_operator to 2023-11-14T00:00:00+00:00, run_after=2023-11-15T00:00:00+00:00
[2023-11-15T04:23:40.080+0000] {processor.py:179} INFO - Processing /home/airflow/.local/lib/python3.8/site-packages/airflow/example_dags/example_bash_operator.py took 0.130 seconds
[2023-11-15T04:24:10.229+0000] {processor.py:157} INFO - Started process (PID=3136) to work on /home/airflow/.local/lib/python3.8/site-packages/airflow/example_dags/example_bash_operator.py
[2023-11-15T04:24:10.231+0000] {processor.py:829} INFO - Processing file /home/airflow/.local/lib/python3.8/site-packages/airflow/example_dags/example_bash_operator.py for tasks to queue
[2023-11-15T04:24:10.234+0000] {logging_mixin.py:151} INFO - [2023-11-15T04:24:10.233+0000] {dagbag.py:536} INFO - Filling up the DagBag from /home/airflow/.local/lib/python3.8/site-packages/airflow/example_dags/example_bash_operator.py
[2023-11-15T04:24:10.255+0000] {processor.py:839} INFO - DAG(s) dict_keys(['example_bash_operator']) retrieved from /home/airflow/.local/lib/python3.8/site-packages/airflow/example_dags/example_bash_operator.py
[2023-11-15T04:24:10.303+0000] {logging_mixin.py:151} INFO - [2023-11-15T04:24:10.302+0000] {dag.py:2941} INFO - Sync 1 DAGs
[2023-11-15T04:24:10.351+0000] {logging_mixin.py:151} INFO - [2023-11-15T04:24:10.351+0000] {dag.py:3722} INFO - Setting next_dagrun for example_bash_operator to 2023-11-14T00:00:00+00:00, run_after=2023-11-15T00:00:00+00:00
[2023-11-15T04:24:10.381+0000] {processor.py:179} INFO - Processing /home/airflow/.local/lib/python3.8/site-packages/airflow/example_dags/example_bash_operator.py took 0.160 seconds
[2023-11-15T04:24:41.564+0000] {processor.py:157} INFO - Started process (PID=3194) to work on /home/airflow/.local/lib/python3.8/site-packages/airflow/example_dags/example_bash_operator.py
[2023-11-15T04:24:41.565+0000] {processor.py:829} INFO - Processing file /home/airflow/.local/lib/python3.8/site-packages/airflow/example_dags/example_bash_operator.py for tasks to queue
[2023-11-15T04:24:41.568+0000] {logging_mixin.py:151} INFO - [2023-11-15T04:24:41.567+0000] {dagbag.py:536} INFO - Filling up the DagBag from /home/airflow/.local/lib/python3.8/site-packages/airflow/example_dags/example_bash_operator.py
[2023-11-15T04:24:41.584+0000] {processor.py:839} INFO - DAG(s) dict_keys(['example_bash_operator']) retrieved from /home/airflow/.local/lib/python3.8/site-packages/airflow/example_dags/example_bash_operator.py
[2023-11-15T04:24:41.639+0000] {logging_mixin.py:151} INFO - [2023-11-15T04:24:41.639+0000] {dag.py:2941} INFO - Sync 1 DAGs
[2023-11-15T04:24:41.685+0000] {logging_mixin.py:151} INFO - [2023-11-15T04:24:41.684+0000] {dag.py:3722} INFO - Setting next_dagrun for example_bash_operator to 2023-11-14T00:00:00+00:00, run_after=2023-11-15T00:00:00+00:00
[2023-11-15T04:24:41.731+0000] {processor.py:179} INFO - Processing /home/airflow/.local/lib/python3.8/site-packages/airflow/example_dags/example_bash_operator.py took 0.171 seconds
[2023-11-15T04:25:11.888+0000] {processor.py:157} INFO - Started process (PID=3252) to work on /home/airflow/.local/lib/python3.8/site-packages/airflow/example_dags/example_bash_operator.py
[2023-11-15T04:25:11.890+0000] {processor.py:829} INFO - Processing file /home/airflow/.local/lib/python3.8/site-packages/airflow/example_dags/example_bash_operator.py for tasks to queue
[2023-11-15T04:25:11.892+0000] {logging_mixin.py:151} INFO - [2023-11-15T04:25:11.892+0000] {dagbag.py:536} INFO - Filling up the DagBag from /home/airflow/.local/lib/python3.8/site-packages/airflow/example_dags/example_bash_operator.py
[2023-11-15T04:25:11.908+0000] {processor.py:839} INFO - DAG(s) dict_keys(['example_bash_operator']) retrieved from /home/airflow/.local/lib/python3.8/site-packages/airflow/example_dags/example_bash_operator.py
[2023-11-15T04:25:11.944+0000] {logging_mixin.py:151} INFO - [2023-11-15T04:25:11.944+0000] {dag.py:2941} INFO - Sync 1 DAGs
[2023-11-15T04:25:11.972+0000] {logging_mixin.py:151} INFO - [2023-11-15T04:25:11.972+0000] {dag.py:3722} INFO - Setting next_dagrun for example_bash_operator to 2023-11-14T00:00:00+00:00, run_after=2023-11-15T00:00:00+00:00
[2023-11-15T04:25:11.996+0000] {processor.py:179} INFO - Processing /home/airflow/.local/lib/python3.8/site-packages/airflow/example_dags/example_bash_operator.py took 0.112 seconds
[2023-11-15T04:25:42.565+0000] {processor.py:157} INFO - Started process (PID=3312) to work on /home/airflow/.local/lib/python3.8/site-packages/airflow/example_dags/example_bash_operator.py
[2023-11-15T04:25:42.566+0000] {processor.py:829} INFO - Processing file /home/airflow/.local/lib/python3.8/site-packages/airflow/example_dags/example_bash_operator.py for tasks to queue
[2023-11-15T04:25:42.573+0000] {logging_mixin.py:151} INFO - [2023-11-15T04:25:42.571+0000] {dagbag.py:536} INFO - Filling up the DagBag from /home/airflow/.local/lib/python3.8/site-packages/airflow/example_dags/example_bash_operator.py
[2023-11-15T04:25:42.606+0000] {processor.py:839} INFO - DAG(s) dict_keys(['example_bash_operator']) retrieved from /home/airflow/.local/lib/python3.8/site-packages/airflow/example_dags/example_bash_operator.py
[2023-11-15T04:25:42.672+0000] {logging_mixin.py:151} INFO - [2023-11-15T04:25:42.671+0000] {dag.py:2941} INFO - Sync 1 DAGs
[2023-11-15T04:25:42.724+0000] {logging_mixin.py:151} INFO - [2023-11-15T04:25:42.723+0000] {dag.py:3722} INFO - Setting next_dagrun for example_bash_operator to 2023-11-14T00:00:00+00:00, run_after=2023-11-15T00:00:00+00:00
[2023-11-15T04:25:42.766+0000] {processor.py:179} INFO - Processing /home/airflow/.local/lib/python3.8/site-packages/airflow/example_dags/example_bash_operator.py took 0.211 seconds
[2023-11-15T04:26:13.599+0000] {processor.py:157} INFO - Started process (PID=3370) to work on /home/airflow/.local/lib/python3.8/site-packages/airflow/example_dags/example_bash_operator.py
[2023-11-15T04:26:13.600+0000] {processor.py:829} INFO - Processing file /home/airflow/.local/lib/python3.8/site-packages/airflow/example_dags/example_bash_operator.py for tasks to queue
[2023-11-15T04:26:13.603+0000] {logging_mixin.py:151} INFO - [2023-11-15T04:26:13.602+0000] {dagbag.py:536} INFO - Filling up the DagBag from /home/airflow/.local/lib/python3.8/site-packages/airflow/example_dags/example_bash_operator.py
[2023-11-15T04:26:13.617+0000] {processor.py:839} INFO - DAG(s) dict_keys(['example_bash_operator']) retrieved from /home/airflow/.local/lib/python3.8/site-packages/airflow/example_dags/example_bash_operator.py
[2023-11-15T04:26:13.654+0000] {logging_mixin.py:151} INFO - [2023-11-15T04:26:13.654+0000] {dag.py:2941} INFO - Sync 1 DAGs
[2023-11-15T04:26:13.689+0000] {logging_mixin.py:151} INFO - [2023-11-15T04:26:13.689+0000] {dag.py:3722} INFO - Setting next_dagrun for example_bash_operator to 2023-11-14T00:00:00+00:00, run_after=2023-11-15T00:00:00+00:00
[2023-11-15T04:26:13.721+0000] {processor.py:179} INFO - Processing /home/airflow/.local/lib/python3.8/site-packages/airflow/example_dags/example_bash_operator.py took 0.126 seconds
[2023-11-15T04:26:44.091+0000] {processor.py:157} INFO - Started process (PID=3428) to work on /home/airflow/.local/lib/python3.8/site-packages/airflow/example_dags/example_bash_operator.py
[2023-11-15T04:26:44.092+0000] {processor.py:829} INFO - Processing file /home/airflow/.local/lib/python3.8/site-packages/airflow/example_dags/example_bash_operator.py for tasks to queue
[2023-11-15T04:26:44.094+0000] {logging_mixin.py:151} INFO - [2023-11-15T04:26:44.094+0000] {dagbag.py:536} INFO - Filling up the DagBag from /home/airflow/.local/lib/python3.8/site-packages/airflow/example_dags/example_bash_operator.py
[2023-11-15T04:26:44.109+0000] {processor.py:839} INFO - DAG(s) dict_keys(['example_bash_operator']) retrieved from /home/airflow/.local/lib/python3.8/site-packages/airflow/example_dags/example_bash_operator.py
[2023-11-15T04:26:44.150+0000] {logging_mixin.py:151} INFO - [2023-11-15T04:26:44.150+0000] {dag.py:2941} INFO - Sync 1 DAGs
[2023-11-15T04:26:44.180+0000] {logging_mixin.py:151} INFO - [2023-11-15T04:26:44.180+0000] {dag.py:3722} INFO - Setting next_dagrun for example_bash_operator to 2023-11-14T00:00:00+00:00, run_after=2023-11-15T00:00:00+00:00
[2023-11-15T04:26:44.203+0000] {processor.py:179} INFO - Processing /home/airflow/.local/lib/python3.8/site-packages/airflow/example_dags/example_bash_operator.py took 0.116 seconds
