[2023-11-15T03:11:02.060+0000] {processor.py:157} INFO - Started process (PID=62) to work on /home/airflow/.local/lib/python3.8/site-packages/airflow/example_dags/example_sla_dag.py
[2023-11-15T03:11:02.062+0000] {processor.py:829} INFO - Processing file /home/airflow/.local/lib/python3.8/site-packages/airflow/example_dags/example_sla_dag.py for tasks to queue
[2023-11-15T03:11:02.065+0000] {logging_mixin.py:151} INFO - [2023-11-15T03:11:02.064+0000] {dagbag.py:536} INFO - Filling up the DagBag from /home/airflow/.local/lib/python3.8/site-packages/airflow/example_dags/example_sla_dag.py
[2023-11-15T03:11:02.086+0000] {processor.py:839} INFO - DAG(s) dict_keys(['example_sla_dag']) retrieved from /home/airflow/.local/lib/python3.8/site-packages/airflow/example_dags/example_sla_dag.py
[2023-11-15T03:11:02.143+0000] {logging_mixin.py:151} INFO - [2023-11-15T03:11:02.142+0000] {dag.py:2941} INFO - Sync 1 DAGs
[2023-11-15T03:11:02.204+0000] {logging_mixin.py:151} INFO - [2023-11-15T03:11:02.203+0000] {dag.py:3722} INFO - Setting next_dagrun for example_sla_dag to 2023-11-15T03:08:00+00:00, run_after=2023-11-15T03:10:00+00:00
[2023-11-15T03:11:02.253+0000] {processor.py:179} INFO - Processing /home/airflow/.local/lib/python3.8/site-packages/airflow/example_dags/example_sla_dag.py took 0.204 seconds
[2023-11-15T03:57:36.136+0000] {processor.py:157} INFO - Started process (PID=64) to work on /home/airflow/.local/lib/python3.8/site-packages/airflow/example_dags/example_sla_dag.py
[2023-11-15T03:57:36.137+0000] {processor.py:829} INFO - Processing file /home/airflow/.local/lib/python3.8/site-packages/airflow/example_dags/example_sla_dag.py for tasks to queue
[2023-11-15T03:57:36.139+0000] {logging_mixin.py:151} INFO - [2023-11-15T03:57:36.139+0000] {dagbag.py:536} INFO - Filling up the DagBag from /home/airflow/.local/lib/python3.8/site-packages/airflow/example_dags/example_sla_dag.py
[2023-11-15T03:57:36.152+0000] {processor.py:839} INFO - DAG(s) dict_keys(['example_sla_dag']) retrieved from /home/airflow/.local/lib/python3.8/site-packages/airflow/example_dags/example_sla_dag.py
[2023-11-15T03:57:36.183+0000] {logging_mixin.py:151} INFO - [2023-11-15T03:57:36.183+0000] {dag.py:2941} INFO - Sync 1 DAGs
[2023-11-15T03:57:36.223+0000] {logging_mixin.py:151} INFO - [2023-11-15T03:57:36.223+0000] {dag.py:3722} INFO - Setting next_dagrun for example_sla_dag to 2023-11-15T03:54:00+00:00, run_after=2023-11-15T03:56:00+00:00
[2023-11-15T03:57:36.248+0000] {processor.py:179} INFO - Processing /home/airflow/.local/lib/python3.8/site-packages/airflow/example_dags/example_sla_dag.py took 0.117 seconds
[2023-11-15T03:58:06.275+0000] {processor.py:157} INFO - Started process (PID=121) to work on /home/airflow/.local/lib/python3.8/site-packages/airflow/example_dags/example_sla_dag.py
[2023-11-15T03:58:06.276+0000] {processor.py:829} INFO - Processing file /home/airflow/.local/lib/python3.8/site-packages/airflow/example_dags/example_sla_dag.py for tasks to queue
[2023-11-15T03:58:06.279+0000] {logging_mixin.py:151} INFO - [2023-11-15T03:58:06.278+0000] {dagbag.py:536} INFO - Filling up the DagBag from /home/airflow/.local/lib/python3.8/site-packages/airflow/example_dags/example_sla_dag.py
[2023-11-15T03:58:06.288+0000] {processor.py:839} INFO - DAG(s) dict_keys(['example_sla_dag']) retrieved from /home/airflow/.local/lib/python3.8/site-packages/airflow/example_dags/example_sla_dag.py
[2023-11-15T03:58:06.311+0000] {logging_mixin.py:151} INFO - [2023-11-15T03:58:06.311+0000] {dag.py:2941} INFO - Sync 1 DAGs
[2023-11-15T03:58:06.342+0000] {logging_mixin.py:151} INFO - [2023-11-15T03:58:06.342+0000] {dag.py:3722} INFO - Setting next_dagrun for example_sla_dag to 2023-11-15T03:56:00+00:00, run_after=2023-11-15T03:58:00+00:00
[2023-11-15T03:58:06.364+0000] {processor.py:179} INFO - Processing /home/airflow/.local/lib/python3.8/site-packages/airflow/example_dags/example_sla_dag.py took 0.093 seconds
[2023-11-15T03:58:36.766+0000] {processor.py:157} INFO - Started process (PID=179) to work on /home/airflow/.local/lib/python3.8/site-packages/airflow/example_dags/example_sla_dag.py
[2023-11-15T03:58:36.768+0000] {processor.py:829} INFO - Processing file /home/airflow/.local/lib/python3.8/site-packages/airflow/example_dags/example_sla_dag.py for tasks to queue
[2023-11-15T03:58:36.770+0000] {logging_mixin.py:151} INFO - [2023-11-15T03:58:36.770+0000] {dagbag.py:536} INFO - Filling up the DagBag from /home/airflow/.local/lib/python3.8/site-packages/airflow/example_dags/example_sla_dag.py
[2023-11-15T03:58:36.781+0000] {processor.py:839} INFO - DAG(s) dict_keys(['example_sla_dag']) retrieved from /home/airflow/.local/lib/python3.8/site-packages/airflow/example_dags/example_sla_dag.py
[2023-11-15T03:58:36.811+0000] {logging_mixin.py:151} INFO - [2023-11-15T03:58:36.811+0000] {dag.py:2941} INFO - Sync 1 DAGs
[2023-11-15T03:58:36.844+0000] {logging_mixin.py:151} INFO - [2023-11-15T03:58:36.844+0000] {dag.py:3722} INFO - Setting next_dagrun for example_sla_dag to 2023-11-15T03:56:00+00:00, run_after=2023-11-15T03:58:00+00:00
[2023-11-15T03:58:36.868+0000] {processor.py:179} INFO - Processing /home/airflow/.local/lib/python3.8/site-packages/airflow/example_dags/example_sla_dag.py took 0.105 seconds
[2023-11-15T03:59:07.760+0000] {processor.py:157} INFO - Started process (PID=241) to work on /home/airflow/.local/lib/python3.8/site-packages/airflow/example_dags/example_sla_dag.py
[2023-11-15T03:59:07.761+0000] {processor.py:829} INFO - Processing file /home/airflow/.local/lib/python3.8/site-packages/airflow/example_dags/example_sla_dag.py for tasks to queue
[2023-11-15T03:59:07.763+0000] {logging_mixin.py:151} INFO - [2023-11-15T03:59:07.763+0000] {dagbag.py:536} INFO - Filling up the DagBag from /home/airflow/.local/lib/python3.8/site-packages/airflow/example_dags/example_sla_dag.py
[2023-11-15T03:59:07.773+0000] {processor.py:839} INFO - DAG(s) dict_keys(['example_sla_dag']) retrieved from /home/airflow/.local/lib/python3.8/site-packages/airflow/example_dags/example_sla_dag.py
[2023-11-15T03:59:07.797+0000] {logging_mixin.py:151} INFO - [2023-11-15T03:59:07.797+0000] {dag.py:2941} INFO - Sync 1 DAGs
[2023-11-15T03:59:07.831+0000] {logging_mixin.py:151} INFO - [2023-11-15T03:59:07.830+0000] {dag.py:3722} INFO - Setting next_dagrun for example_sla_dag to 2023-11-15T03:56:00+00:00, run_after=2023-11-15T03:58:00+00:00
[2023-11-15T03:59:07.861+0000] {processor.py:179} INFO - Processing /home/airflow/.local/lib/python3.8/site-packages/airflow/example_dags/example_sla_dag.py took 0.105 seconds
[2023-11-15T03:59:39.194+0000] {processor.py:157} INFO - Started process (PID=299) to work on /home/airflow/.local/lib/python3.8/site-packages/airflow/example_dags/example_sla_dag.py
[2023-11-15T03:59:39.195+0000] {processor.py:829} INFO - Processing file /home/airflow/.local/lib/python3.8/site-packages/airflow/example_dags/example_sla_dag.py for tasks to queue
[2023-11-15T03:59:39.200+0000] {logging_mixin.py:151} INFO - [2023-11-15T03:59:39.199+0000] {dagbag.py:536} INFO - Filling up the DagBag from /home/airflow/.local/lib/python3.8/site-packages/airflow/example_dags/example_sla_dag.py
[2023-11-15T03:59:39.212+0000] {processor.py:839} INFO - DAG(s) dict_keys(['example_sla_dag']) retrieved from /home/airflow/.local/lib/python3.8/site-packages/airflow/example_dags/example_sla_dag.py
[2023-11-15T03:59:39.250+0000] {logging_mixin.py:151} INFO - [2023-11-15T03:59:39.249+0000] {dag.py:2941} INFO - Sync 1 DAGs
[2023-11-15T03:59:39.292+0000] {logging_mixin.py:151} INFO - [2023-11-15T03:59:39.292+0000] {dag.py:3722} INFO - Setting next_dagrun for example_sla_dag to 2023-11-15T03:56:00+00:00, run_after=2023-11-15T03:58:00+00:00
[2023-11-15T03:59:39.326+0000] {processor.py:179} INFO - Processing /home/airflow/.local/lib/python3.8/site-packages/airflow/example_dags/example_sla_dag.py took 0.136 seconds
[2023-11-15T04:00:09.777+0000] {processor.py:157} INFO - Started process (PID=357) to work on /home/airflow/.local/lib/python3.8/site-packages/airflow/example_dags/example_sla_dag.py
[2023-11-15T04:00:09.778+0000] {processor.py:829} INFO - Processing file /home/airflow/.local/lib/python3.8/site-packages/airflow/example_dags/example_sla_dag.py for tasks to queue
[2023-11-15T04:00:09.780+0000] {logging_mixin.py:151} INFO - [2023-11-15T04:00:09.780+0000] {dagbag.py:536} INFO - Filling up the DagBag from /home/airflow/.local/lib/python3.8/site-packages/airflow/example_dags/example_sla_dag.py
[2023-11-15T04:00:09.790+0000] {processor.py:839} INFO - DAG(s) dict_keys(['example_sla_dag']) retrieved from /home/airflow/.local/lib/python3.8/site-packages/airflow/example_dags/example_sla_dag.py
[2023-11-15T04:00:09.814+0000] {logging_mixin.py:151} INFO - [2023-11-15T04:00:09.814+0000] {dag.py:2941} INFO - Sync 1 DAGs
[2023-11-15T04:00:09.846+0000] {logging_mixin.py:151} INFO - [2023-11-15T04:00:09.846+0000] {dag.py:3722} INFO - Setting next_dagrun for example_sla_dag to 2023-11-15T03:58:00+00:00, run_after=2023-11-15T04:00:00+00:00
[2023-11-15T04:00:09.868+0000] {processor.py:179} INFO - Processing /home/airflow/.local/lib/python3.8/site-packages/airflow/example_dags/example_sla_dag.py took 0.095 seconds
[2023-11-15T04:00:40.562+0000] {processor.py:157} INFO - Started process (PID=417) to work on /home/airflow/.local/lib/python3.8/site-packages/airflow/example_dags/example_sla_dag.py
[2023-11-15T04:00:40.563+0000] {processor.py:829} INFO - Processing file /home/airflow/.local/lib/python3.8/site-packages/airflow/example_dags/example_sla_dag.py for tasks to queue
[2023-11-15T04:00:40.565+0000] {logging_mixin.py:151} INFO - [2023-11-15T04:00:40.565+0000] {dagbag.py:536} INFO - Filling up the DagBag from /home/airflow/.local/lib/python3.8/site-packages/airflow/example_dags/example_sla_dag.py
[2023-11-15T04:00:40.575+0000] {processor.py:839} INFO - DAG(s) dict_keys(['example_sla_dag']) retrieved from /home/airflow/.local/lib/python3.8/site-packages/airflow/example_dags/example_sla_dag.py
[2023-11-15T04:00:40.599+0000] {logging_mixin.py:151} INFO - [2023-11-15T04:00:40.598+0000] {dag.py:2941} INFO - Sync 1 DAGs
[2023-11-15T04:00:40.634+0000] {logging_mixin.py:151} INFO - [2023-11-15T04:00:40.633+0000] {dag.py:3722} INFO - Setting next_dagrun for example_sla_dag to 2023-11-15T03:58:00+00:00, run_after=2023-11-15T04:00:00+00:00
[2023-11-15T04:00:40.659+0000] {processor.py:179} INFO - Processing /home/airflow/.local/lib/python3.8/site-packages/airflow/example_dags/example_sla_dag.py took 0.101 seconds
[2023-11-15T04:01:11.274+0000] {processor.py:157} INFO - Started process (PID=475) to work on /home/airflow/.local/lib/python3.8/site-packages/airflow/example_dags/example_sla_dag.py
[2023-11-15T04:01:11.275+0000] {processor.py:829} INFO - Processing file /home/airflow/.local/lib/python3.8/site-packages/airflow/example_dags/example_sla_dag.py for tasks to queue
[2023-11-15T04:01:11.277+0000] {logging_mixin.py:151} INFO - [2023-11-15T04:01:11.277+0000] {dagbag.py:536} INFO - Filling up the DagBag from /home/airflow/.local/lib/python3.8/site-packages/airflow/example_dags/example_sla_dag.py
[2023-11-15T04:01:11.287+0000] {processor.py:839} INFO - DAG(s) dict_keys(['example_sla_dag']) retrieved from /home/airflow/.local/lib/python3.8/site-packages/airflow/example_dags/example_sla_dag.py
[2023-11-15T04:01:11.313+0000] {logging_mixin.py:151} INFO - [2023-11-15T04:01:11.313+0000] {dag.py:2941} INFO - Sync 1 DAGs
[2023-11-15T04:01:11.344+0000] {logging_mixin.py:151} INFO - [2023-11-15T04:01:11.344+0000] {dag.py:3722} INFO - Setting next_dagrun for example_sla_dag to 2023-11-15T03:58:00+00:00, run_after=2023-11-15T04:00:00+00:00
[2023-11-15T04:01:11.366+0000] {processor.py:179} INFO - Processing /home/airflow/.local/lib/python3.8/site-packages/airflow/example_dags/example_sla_dag.py took 0.096 seconds
[2023-11-15T04:01:42.613+0000] {processor.py:157} INFO - Started process (PID=533) to work on /home/airflow/.local/lib/python3.8/site-packages/airflow/example_dags/example_sla_dag.py
[2023-11-15T04:01:42.614+0000] {processor.py:829} INFO - Processing file /home/airflow/.local/lib/python3.8/site-packages/airflow/example_dags/example_sla_dag.py for tasks to queue
[2023-11-15T04:01:42.617+0000] {logging_mixin.py:151} INFO - [2023-11-15T04:01:42.616+0000] {dagbag.py:536} INFO - Filling up the DagBag from /home/airflow/.local/lib/python3.8/site-packages/airflow/example_dags/example_sla_dag.py
[2023-11-15T04:01:42.627+0000] {processor.py:839} INFO - DAG(s) dict_keys(['example_sla_dag']) retrieved from /home/airflow/.local/lib/python3.8/site-packages/airflow/example_dags/example_sla_dag.py
[2023-11-15T04:01:42.653+0000] {logging_mixin.py:151} INFO - [2023-11-15T04:01:42.652+0000] {dag.py:2941} INFO - Sync 1 DAGs
[2023-11-15T04:01:42.687+0000] {logging_mixin.py:151} INFO - [2023-11-15T04:01:42.687+0000] {dag.py:3722} INFO - Setting next_dagrun for example_sla_dag to 2023-11-15T03:58:00+00:00, run_after=2023-11-15T04:00:00+00:00
[2023-11-15T04:01:42.711+0000] {processor.py:179} INFO - Processing /home/airflow/.local/lib/python3.8/site-packages/airflow/example_dags/example_sla_dag.py took 0.104 seconds
[2023-11-15T04:02:13.405+0000] {processor.py:157} INFO - Started process (PID=596) to work on /home/airflow/.local/lib/python3.8/site-packages/airflow/example_dags/example_sla_dag.py
[2023-11-15T04:02:13.407+0000] {processor.py:829} INFO - Processing file /home/airflow/.local/lib/python3.8/site-packages/airflow/example_dags/example_sla_dag.py for tasks to queue
[2023-11-15T04:02:13.409+0000] {logging_mixin.py:151} INFO - [2023-11-15T04:02:13.409+0000] {dagbag.py:536} INFO - Filling up the DagBag from /home/airflow/.local/lib/python3.8/site-packages/airflow/example_dags/example_sla_dag.py
[2023-11-15T04:02:13.419+0000] {processor.py:839} INFO - DAG(s) dict_keys(['example_sla_dag']) retrieved from /home/airflow/.local/lib/python3.8/site-packages/airflow/example_dags/example_sla_dag.py
[2023-11-15T04:02:13.442+0000] {logging_mixin.py:151} INFO - [2023-11-15T04:02:13.442+0000] {dag.py:2941} INFO - Sync 1 DAGs
[2023-11-15T04:02:13.475+0000] {logging_mixin.py:151} INFO - [2023-11-15T04:02:13.475+0000] {dag.py:3722} INFO - Setting next_dagrun for example_sla_dag to 2023-11-15T04:00:00+00:00, run_after=2023-11-15T04:02:00+00:00
[2023-11-15T04:02:13.499+0000] {processor.py:179} INFO - Processing /home/airflow/.local/lib/python3.8/site-packages/airflow/example_dags/example_sla_dag.py took 0.098 seconds
[2023-11-15T04:02:44.374+0000] {processor.py:157} INFO - Started process (PID=656) to work on /home/airflow/.local/lib/python3.8/site-packages/airflow/example_dags/example_sla_dag.py
[2023-11-15T04:02:44.375+0000] {processor.py:829} INFO - Processing file /home/airflow/.local/lib/python3.8/site-packages/airflow/example_dags/example_sla_dag.py for tasks to queue
[2023-11-15T04:02:44.378+0000] {logging_mixin.py:151} INFO - [2023-11-15T04:02:44.378+0000] {dagbag.py:536} INFO - Filling up the DagBag from /home/airflow/.local/lib/python3.8/site-packages/airflow/example_dags/example_sla_dag.py
[2023-11-15T04:02:44.389+0000] {processor.py:839} INFO - DAG(s) dict_keys(['example_sla_dag']) retrieved from /home/airflow/.local/lib/python3.8/site-packages/airflow/example_dags/example_sla_dag.py
[2023-11-15T04:02:44.415+0000] {logging_mixin.py:151} INFO - [2023-11-15T04:02:44.415+0000] {dag.py:2941} INFO - Sync 1 DAGs
[2023-11-15T04:02:44.453+0000] {logging_mixin.py:151} INFO - [2023-11-15T04:02:44.453+0000] {dag.py:3722} INFO - Setting next_dagrun for example_sla_dag to 2023-11-15T04:00:00+00:00, run_after=2023-11-15T04:02:00+00:00
[2023-11-15T04:02:44.478+0000] {processor.py:179} INFO - Processing /home/airflow/.local/lib/python3.8/site-packages/airflow/example_dags/example_sla_dag.py took 0.109 seconds
[2023-11-15T04:03:15.049+0000] {processor.py:157} INFO - Started process (PID=714) to work on /home/airflow/.local/lib/python3.8/site-packages/airflow/example_dags/example_sla_dag.py
[2023-11-15T04:03:15.050+0000] {processor.py:829} INFO - Processing file /home/airflow/.local/lib/python3.8/site-packages/airflow/example_dags/example_sla_dag.py for tasks to queue
[2023-11-15T04:03:15.054+0000] {logging_mixin.py:151} INFO - [2023-11-15T04:03:15.053+0000] {dagbag.py:536} INFO - Filling up the DagBag from /home/airflow/.local/lib/python3.8/site-packages/airflow/example_dags/example_sla_dag.py
[2023-11-15T04:03:15.069+0000] {processor.py:839} INFO - DAG(s) dict_keys(['example_sla_dag']) retrieved from /home/airflow/.local/lib/python3.8/site-packages/airflow/example_dags/example_sla_dag.py
[2023-11-15T04:03:15.095+0000] {logging_mixin.py:151} INFO - [2023-11-15T04:03:15.095+0000] {dag.py:2941} INFO - Sync 1 DAGs
[2023-11-15T04:03:15.134+0000] {logging_mixin.py:151} INFO - [2023-11-15T04:03:15.134+0000] {dag.py:3722} INFO - Setting next_dagrun for example_sla_dag to 2023-11-15T04:00:00+00:00, run_after=2023-11-15T04:02:00+00:00
[2023-11-15T04:03:15.161+0000] {processor.py:179} INFO - Processing /home/airflow/.local/lib/python3.8/site-packages/airflow/example_dags/example_sla_dag.py took 0.118 seconds
[2023-11-15T04:03:45.771+0000] {processor.py:157} INFO - Started process (PID=773) to work on /home/airflow/.local/lib/python3.8/site-packages/airflow/example_dags/example_sla_dag.py
[2023-11-15T04:03:45.772+0000] {processor.py:829} INFO - Processing file /home/airflow/.local/lib/python3.8/site-packages/airflow/example_dags/example_sla_dag.py for tasks to queue
[2023-11-15T04:03:45.775+0000] {logging_mixin.py:151} INFO - [2023-11-15T04:03:45.774+0000] {dagbag.py:536} INFO - Filling up the DagBag from /home/airflow/.local/lib/python3.8/site-packages/airflow/example_dags/example_sla_dag.py
[2023-11-15T04:03:45.785+0000] {processor.py:839} INFO - DAG(s) dict_keys(['example_sla_dag']) retrieved from /home/airflow/.local/lib/python3.8/site-packages/airflow/example_dags/example_sla_dag.py
[2023-11-15T04:03:45.812+0000] {logging_mixin.py:151} INFO - [2023-11-15T04:03:45.812+0000] {dag.py:2941} INFO - Sync 1 DAGs
[2023-11-15T04:03:45.847+0000] {logging_mixin.py:151} INFO - [2023-11-15T04:03:45.846+0000] {dag.py:3722} INFO - Setting next_dagrun for example_sla_dag to 2023-11-15T04:00:00+00:00, run_after=2023-11-15T04:02:00+00:00
[2023-11-15T04:03:45.870+0000] {processor.py:179} INFO - Processing /home/airflow/.local/lib/python3.8/site-packages/airflow/example_dags/example_sla_dag.py took 0.103 seconds
[2023-11-15T04:04:16.507+0000] {processor.py:157} INFO - Started process (PID=839) to work on /home/airflow/.local/lib/python3.8/site-packages/airflow/example_dags/example_sla_dag.py
[2023-11-15T04:04:16.508+0000] {processor.py:829} INFO - Processing file /home/airflow/.local/lib/python3.8/site-packages/airflow/example_dags/example_sla_dag.py for tasks to queue
[2023-11-15T04:04:16.510+0000] {logging_mixin.py:151} INFO - [2023-11-15T04:04:16.510+0000] {dagbag.py:536} INFO - Filling up the DagBag from /home/airflow/.local/lib/python3.8/site-packages/airflow/example_dags/example_sla_dag.py
[2023-11-15T04:04:16.523+0000] {processor.py:839} INFO - DAG(s) dict_keys(['example_sla_dag']) retrieved from /home/airflow/.local/lib/python3.8/site-packages/airflow/example_dags/example_sla_dag.py
[2023-11-15T04:04:16.547+0000] {logging_mixin.py:151} INFO - [2023-11-15T04:04:16.546+0000] {dag.py:2941} INFO - Sync 1 DAGs
[2023-11-15T04:04:16.577+0000] {logging_mixin.py:151} INFO - [2023-11-15T04:04:16.576+0000] {dag.py:3722} INFO - Setting next_dagrun for example_sla_dag to 2023-11-15T04:02:00+00:00, run_after=2023-11-15T04:04:00+00:00
[2023-11-15T04:04:16.599+0000] {processor.py:179} INFO - Processing /home/airflow/.local/lib/python3.8/site-packages/airflow/example_dags/example_sla_dag.py took 0.096 seconds
[2023-11-15T04:04:47.405+0000] {processor.py:157} INFO - Started process (PID=897) to work on /home/airflow/.local/lib/python3.8/site-packages/airflow/example_dags/example_sla_dag.py
[2023-11-15T04:04:47.406+0000] {processor.py:829} INFO - Processing file /home/airflow/.local/lib/python3.8/site-packages/airflow/example_dags/example_sla_dag.py for tasks to queue
[2023-11-15T04:04:47.408+0000] {logging_mixin.py:151} INFO - [2023-11-15T04:04:47.408+0000] {dagbag.py:536} INFO - Filling up the DagBag from /home/airflow/.local/lib/python3.8/site-packages/airflow/example_dags/example_sla_dag.py
[2023-11-15T04:04:47.418+0000] {processor.py:839} INFO - DAG(s) dict_keys(['example_sla_dag']) retrieved from /home/airflow/.local/lib/python3.8/site-packages/airflow/example_dags/example_sla_dag.py
[2023-11-15T04:04:47.442+0000] {logging_mixin.py:151} INFO - [2023-11-15T04:04:47.442+0000] {dag.py:2941} INFO - Sync 1 DAGs
[2023-11-15T04:04:47.475+0000] {logging_mixin.py:151} INFO - [2023-11-15T04:04:47.475+0000] {dag.py:3722} INFO - Setting next_dagrun for example_sla_dag to 2023-11-15T04:02:00+00:00, run_after=2023-11-15T04:04:00+00:00
[2023-11-15T04:04:47.500+0000] {processor.py:179} INFO - Processing /home/airflow/.local/lib/python3.8/site-packages/airflow/example_dags/example_sla_dag.py took 0.100 seconds
[2023-11-15T04:05:17.576+0000] {processor.py:157} INFO - Started process (PID=954) to work on /home/airflow/.local/lib/python3.8/site-packages/airflow/example_dags/example_sla_dag.py
[2023-11-15T04:05:17.577+0000] {processor.py:829} INFO - Processing file /home/airflow/.local/lib/python3.8/site-packages/airflow/example_dags/example_sla_dag.py for tasks to queue
[2023-11-15T04:05:17.580+0000] {logging_mixin.py:151} INFO - [2023-11-15T04:05:17.580+0000] {dagbag.py:536} INFO - Filling up the DagBag from /home/airflow/.local/lib/python3.8/site-packages/airflow/example_dags/example_sla_dag.py
[2023-11-15T04:05:17.591+0000] {processor.py:839} INFO - DAG(s) dict_keys(['example_sla_dag']) retrieved from /home/airflow/.local/lib/python3.8/site-packages/airflow/example_dags/example_sla_dag.py
[2023-11-15T04:05:17.616+0000] {logging_mixin.py:151} INFO - [2023-11-15T04:05:17.615+0000] {dag.py:2941} INFO - Sync 1 DAGs
[2023-11-15T04:05:17.654+0000] {logging_mixin.py:151} INFO - [2023-11-15T04:05:17.654+0000] {dag.py:3722} INFO - Setting next_dagrun for example_sla_dag to 2023-11-15T04:02:00+00:00, run_after=2023-11-15T04:04:00+00:00
[2023-11-15T04:05:17.688+0000] {processor.py:179} INFO - Processing /home/airflow/.local/lib/python3.8/site-packages/airflow/example_dags/example_sla_dag.py took 0.117 seconds
[2023-11-15T04:05:47.903+0000] {processor.py:157} INFO - Started process (PID=1013) to work on /home/airflow/.local/lib/python3.8/site-packages/airflow/example_dags/example_sla_dag.py
[2023-11-15T04:05:47.904+0000] {processor.py:829} INFO - Processing file /home/airflow/.local/lib/python3.8/site-packages/airflow/example_dags/example_sla_dag.py for tasks to queue
[2023-11-15T04:05:47.907+0000] {logging_mixin.py:151} INFO - [2023-11-15T04:05:47.906+0000] {dagbag.py:536} INFO - Filling up the DagBag from /home/airflow/.local/lib/python3.8/site-packages/airflow/example_dags/example_sla_dag.py
[2023-11-15T04:05:47.917+0000] {processor.py:839} INFO - DAG(s) dict_keys(['example_sla_dag']) retrieved from /home/airflow/.local/lib/python3.8/site-packages/airflow/example_dags/example_sla_dag.py
[2023-11-15T04:05:47.941+0000] {logging_mixin.py:151} INFO - [2023-11-15T04:05:47.941+0000] {dag.py:2941} INFO - Sync 1 DAGs
[2023-11-15T04:05:47.979+0000] {logging_mixin.py:151} INFO - [2023-11-15T04:05:47.979+0000] {dag.py:3722} INFO - Setting next_dagrun for example_sla_dag to 2023-11-15T04:02:00+00:00, run_after=2023-11-15T04:04:00+00:00
[2023-11-15T04:05:48.004+0000] {processor.py:179} INFO - Processing /home/airflow/.local/lib/python3.8/site-packages/airflow/example_dags/example_sla_dag.py took 0.105 seconds
[2023-11-15T04:06:18.427+0000] {processor.py:157} INFO - Started process (PID=1072) to work on /home/airflow/.local/lib/python3.8/site-packages/airflow/example_dags/example_sla_dag.py
[2023-11-15T04:06:18.428+0000] {processor.py:829} INFO - Processing file /home/airflow/.local/lib/python3.8/site-packages/airflow/example_dags/example_sla_dag.py for tasks to queue
[2023-11-15T04:06:18.431+0000] {logging_mixin.py:151} INFO - [2023-11-15T04:06:18.430+0000] {dagbag.py:536} INFO - Filling up the DagBag from /home/airflow/.local/lib/python3.8/site-packages/airflow/example_dags/example_sla_dag.py
[2023-11-15T04:06:18.442+0000] {processor.py:839} INFO - DAG(s) dict_keys(['example_sla_dag']) retrieved from /home/airflow/.local/lib/python3.8/site-packages/airflow/example_dags/example_sla_dag.py
[2023-11-15T04:06:18.469+0000] {logging_mixin.py:151} INFO - [2023-11-15T04:06:18.469+0000] {dag.py:2941} INFO - Sync 1 DAGs
[2023-11-15T04:06:18.501+0000] {logging_mixin.py:151} INFO - [2023-11-15T04:06:18.501+0000] {dag.py:3722} INFO - Setting next_dagrun for example_sla_dag to 2023-11-15T04:04:00+00:00, run_after=2023-11-15T04:06:00+00:00
[2023-11-15T04:06:18.523+0000] {processor.py:179} INFO - Processing /home/airflow/.local/lib/python3.8/site-packages/airflow/example_dags/example_sla_dag.py took 0.100 seconds
[2023-11-15T04:06:48.917+0000] {processor.py:157} INFO - Started process (PID=1130) to work on /home/airflow/.local/lib/python3.8/site-packages/airflow/example_dags/example_sla_dag.py
[2023-11-15T04:06:48.919+0000] {processor.py:829} INFO - Processing file /home/airflow/.local/lib/python3.8/site-packages/airflow/example_dags/example_sla_dag.py for tasks to queue
[2023-11-15T04:06:48.921+0000] {logging_mixin.py:151} INFO - [2023-11-15T04:06:48.921+0000] {dagbag.py:536} INFO - Filling up the DagBag from /home/airflow/.local/lib/python3.8/site-packages/airflow/example_dags/example_sla_dag.py
[2023-11-15T04:06:48.933+0000] {processor.py:839} INFO - DAG(s) dict_keys(['example_sla_dag']) retrieved from /home/airflow/.local/lib/python3.8/site-packages/airflow/example_dags/example_sla_dag.py
[2023-11-15T04:06:49.007+0000] {logging_mixin.py:151} INFO - [2023-11-15T04:06:49.006+0000] {dag.py:2941} INFO - Sync 1 DAGs
[2023-11-15T04:06:49.056+0000] {logging_mixin.py:151} INFO - [2023-11-15T04:06:49.056+0000] {dag.py:3722} INFO - Setting next_dagrun for example_sla_dag to 2023-11-15T04:04:00+00:00, run_after=2023-11-15T04:06:00+00:00
[2023-11-15T04:06:49.083+0000] {processor.py:179} INFO - Processing /home/airflow/.local/lib/python3.8/site-packages/airflow/example_dags/example_sla_dag.py took 0.171 seconds
[2023-11-15T04:07:19.876+0000] {processor.py:157} INFO - Started process (PID=1189) to work on /home/airflow/.local/lib/python3.8/site-packages/airflow/example_dags/example_sla_dag.py
[2023-11-15T04:07:19.877+0000] {processor.py:829} INFO - Processing file /home/airflow/.local/lib/python3.8/site-packages/airflow/example_dags/example_sla_dag.py for tasks to queue
[2023-11-15T04:07:19.881+0000] {logging_mixin.py:151} INFO - [2023-11-15T04:07:19.880+0000] {dagbag.py:536} INFO - Filling up the DagBag from /home/airflow/.local/lib/python3.8/site-packages/airflow/example_dags/example_sla_dag.py
[2023-11-15T04:07:19.893+0000] {processor.py:839} INFO - DAG(s) dict_keys(['example_sla_dag']) retrieved from /home/airflow/.local/lib/python3.8/site-packages/airflow/example_dags/example_sla_dag.py
[2023-11-15T04:07:19.921+0000] {logging_mixin.py:151} INFO - [2023-11-15T04:07:19.920+0000] {dag.py:2941} INFO - Sync 1 DAGs
[2023-11-15T04:07:19.965+0000] {logging_mixin.py:151} INFO - [2023-11-15T04:07:19.965+0000] {dag.py:3722} INFO - Setting next_dagrun for example_sla_dag to 2023-11-15T04:04:00+00:00, run_after=2023-11-15T04:06:00+00:00
[2023-11-15T04:07:19.996+0000] {processor.py:179} INFO - Processing /home/airflow/.local/lib/python3.8/site-packages/airflow/example_dags/example_sla_dag.py took 0.124 seconds
[2023-11-15T04:07:50.196+0000] {processor.py:157} INFO - Started process (PID=1246) to work on /home/airflow/.local/lib/python3.8/site-packages/airflow/example_dags/example_sla_dag.py
[2023-11-15T04:07:50.197+0000] {processor.py:829} INFO - Processing file /home/airflow/.local/lib/python3.8/site-packages/airflow/example_dags/example_sla_dag.py for tasks to queue
[2023-11-15T04:07:50.200+0000] {logging_mixin.py:151} INFO - [2023-11-15T04:07:50.199+0000] {dagbag.py:536} INFO - Filling up the DagBag from /home/airflow/.local/lib/python3.8/site-packages/airflow/example_dags/example_sla_dag.py
[2023-11-15T04:07:50.209+0000] {processor.py:839} INFO - DAG(s) dict_keys(['example_sla_dag']) retrieved from /home/airflow/.local/lib/python3.8/site-packages/airflow/example_dags/example_sla_dag.py
[2023-11-15T04:07:50.234+0000] {logging_mixin.py:151} INFO - [2023-11-15T04:07:50.234+0000] {dag.py:2941} INFO - Sync 1 DAGs
[2023-11-15T04:07:50.271+0000] {logging_mixin.py:151} INFO - [2023-11-15T04:07:50.271+0000] {dag.py:3722} INFO - Setting next_dagrun for example_sla_dag to 2023-11-15T04:04:00+00:00, run_after=2023-11-15T04:06:00+00:00
[2023-11-15T04:07:50.300+0000] {processor.py:179} INFO - Processing /home/airflow/.local/lib/python3.8/site-packages/airflow/example_dags/example_sla_dag.py took 0.108 seconds
[2023-11-15T04:08:21.549+0000] {processor.py:157} INFO - Started process (PID=1304) to work on /home/airflow/.local/lib/python3.8/site-packages/airflow/example_dags/example_sla_dag.py
[2023-11-15T04:08:21.550+0000] {processor.py:829} INFO - Processing file /home/airflow/.local/lib/python3.8/site-packages/airflow/example_dags/example_sla_dag.py for tasks to queue
[2023-11-15T04:08:21.552+0000] {logging_mixin.py:151} INFO - [2023-11-15T04:08:21.552+0000] {dagbag.py:536} INFO - Filling up the DagBag from /home/airflow/.local/lib/python3.8/site-packages/airflow/example_dags/example_sla_dag.py
[2023-11-15T04:08:21.564+0000] {processor.py:839} INFO - DAG(s) dict_keys(['example_sla_dag']) retrieved from /home/airflow/.local/lib/python3.8/site-packages/airflow/example_dags/example_sla_dag.py
[2023-11-15T04:08:21.590+0000] {logging_mixin.py:151} INFO - [2023-11-15T04:08:21.590+0000] {dag.py:2941} INFO - Sync 1 DAGs
[2023-11-15T04:08:21.628+0000] {logging_mixin.py:151} INFO - [2023-11-15T04:08:21.628+0000] {dag.py:3722} INFO - Setting next_dagrun for example_sla_dag to 2023-11-15T04:06:00+00:00, run_after=2023-11-15T04:08:00+00:00
[2023-11-15T04:08:21.651+0000] {processor.py:179} INFO - Processing /home/airflow/.local/lib/python3.8/site-packages/airflow/example_dags/example_sla_dag.py took 0.106 seconds
[2023-11-15T04:08:51.980+0000] {processor.py:157} INFO - Started process (PID=1361) to work on /home/airflow/.local/lib/python3.8/site-packages/airflow/example_dags/example_sla_dag.py
[2023-11-15T04:08:51.981+0000] {processor.py:829} INFO - Processing file /home/airflow/.local/lib/python3.8/site-packages/airflow/example_dags/example_sla_dag.py for tasks to queue
[2023-11-15T04:08:51.983+0000] {logging_mixin.py:151} INFO - [2023-11-15T04:08:51.983+0000] {dagbag.py:536} INFO - Filling up the DagBag from /home/airflow/.local/lib/python3.8/site-packages/airflow/example_dags/example_sla_dag.py
[2023-11-15T04:08:51.993+0000] {processor.py:839} INFO - DAG(s) dict_keys(['example_sla_dag']) retrieved from /home/airflow/.local/lib/python3.8/site-packages/airflow/example_dags/example_sla_dag.py
[2023-11-15T04:08:52.016+0000] {logging_mixin.py:151} INFO - [2023-11-15T04:08:52.016+0000] {dag.py:2941} INFO - Sync 1 DAGs
[2023-11-15T04:08:52.049+0000] {logging_mixin.py:151} INFO - [2023-11-15T04:08:52.049+0000] {dag.py:3722} INFO - Setting next_dagrun for example_sla_dag to 2023-11-15T04:06:00+00:00, run_after=2023-11-15T04:08:00+00:00
[2023-11-15T04:08:52.070+0000] {processor.py:179} INFO - Processing /home/airflow/.local/lib/python3.8/site-packages/airflow/example_dags/example_sla_dag.py took 0.094 seconds
[2023-11-15T04:09:22.538+0000] {processor.py:157} INFO - Started process (PID=1418) to work on /home/airflow/.local/lib/python3.8/site-packages/airflow/example_dags/example_sla_dag.py
[2023-11-15T04:09:22.539+0000] {processor.py:829} INFO - Processing file /home/airflow/.local/lib/python3.8/site-packages/airflow/example_dags/example_sla_dag.py for tasks to queue
[2023-11-15T04:09:22.542+0000] {logging_mixin.py:151} INFO - [2023-11-15T04:09:22.542+0000] {dagbag.py:536} INFO - Filling up the DagBag from /home/airflow/.local/lib/python3.8/site-packages/airflow/example_dags/example_sla_dag.py
[2023-11-15T04:09:22.552+0000] {processor.py:839} INFO - DAG(s) dict_keys(['example_sla_dag']) retrieved from /home/airflow/.local/lib/python3.8/site-packages/airflow/example_dags/example_sla_dag.py
[2023-11-15T04:09:22.576+0000] {logging_mixin.py:151} INFO - [2023-11-15T04:09:22.576+0000] {dag.py:2941} INFO - Sync 1 DAGs
[2023-11-15T04:09:22.609+0000] {logging_mixin.py:151} INFO - [2023-11-15T04:09:22.608+0000] {dag.py:3722} INFO - Setting next_dagrun for example_sla_dag to 2023-11-15T04:06:00+00:00, run_after=2023-11-15T04:08:00+00:00
[2023-11-15T04:09:22.632+0000] {processor.py:179} INFO - Processing /home/airflow/.local/lib/python3.8/site-packages/airflow/example_dags/example_sla_dag.py took 0.099 seconds
[2023-11-15T04:09:53.044+0000] {processor.py:157} INFO - Started process (PID=1475) to work on /home/airflow/.local/lib/python3.8/site-packages/airflow/example_dags/example_sla_dag.py
[2023-11-15T04:09:53.045+0000] {processor.py:829} INFO - Processing file /home/airflow/.local/lib/python3.8/site-packages/airflow/example_dags/example_sla_dag.py for tasks to queue
[2023-11-15T04:09:53.048+0000] {logging_mixin.py:151} INFO - [2023-11-15T04:09:53.047+0000] {dagbag.py:536} INFO - Filling up the DagBag from /home/airflow/.local/lib/python3.8/site-packages/airflow/example_dags/example_sla_dag.py
[2023-11-15T04:09:53.058+0000] {processor.py:839} INFO - DAG(s) dict_keys(['example_sla_dag']) retrieved from /home/airflow/.local/lib/python3.8/site-packages/airflow/example_dags/example_sla_dag.py
[2023-11-15T04:09:53.082+0000] {logging_mixin.py:151} INFO - [2023-11-15T04:09:53.081+0000] {dag.py:2941} INFO - Sync 1 DAGs
[2023-11-15T04:09:53.115+0000] {logging_mixin.py:151} INFO - [2023-11-15T04:09:53.114+0000] {dag.py:3722} INFO - Setting next_dagrun for example_sla_dag to 2023-11-15T04:06:00+00:00, run_after=2023-11-15T04:08:00+00:00
[2023-11-15T04:09:53.138+0000] {processor.py:179} INFO - Processing /home/airflow/.local/lib/python3.8/site-packages/airflow/example_dags/example_sla_dag.py took 0.097 seconds
[2023-11-15T04:10:23.574+0000] {processor.py:157} INFO - Started process (PID=1532) to work on /home/airflow/.local/lib/python3.8/site-packages/airflow/example_dags/example_sla_dag.py
[2023-11-15T04:10:23.575+0000] {processor.py:829} INFO - Processing file /home/airflow/.local/lib/python3.8/site-packages/airflow/example_dags/example_sla_dag.py for tasks to queue
[2023-11-15T04:10:23.577+0000] {logging_mixin.py:151} INFO - [2023-11-15T04:10:23.577+0000] {dagbag.py:536} INFO - Filling up the DagBag from /home/airflow/.local/lib/python3.8/site-packages/airflow/example_dags/example_sla_dag.py
[2023-11-15T04:10:23.588+0000] {processor.py:839} INFO - DAG(s) dict_keys(['example_sla_dag']) retrieved from /home/airflow/.local/lib/python3.8/site-packages/airflow/example_dags/example_sla_dag.py
[2023-11-15T04:10:23.628+0000] {logging_mixin.py:151} INFO - [2023-11-15T04:10:23.628+0000] {dag.py:2941} INFO - Sync 1 DAGs
[2023-11-15T04:10:23.687+0000] {logging_mixin.py:151} INFO - [2023-11-15T04:10:23.687+0000] {dag.py:3722} INFO - Setting next_dagrun for example_sla_dag to 2023-11-15T04:08:00+00:00, run_after=2023-11-15T04:10:00+00:00
[2023-11-15T04:10:23.714+0000] {processor.py:179} INFO - Processing /home/airflow/.local/lib/python3.8/site-packages/airflow/example_dags/example_sla_dag.py took 0.144 seconds
[2023-11-15T04:10:54.039+0000] {processor.py:157} INFO - Started process (PID=1590) to work on /home/airflow/.local/lib/python3.8/site-packages/airflow/example_dags/example_sla_dag.py
[2023-11-15T04:10:54.042+0000] {processor.py:829} INFO - Processing file /home/airflow/.local/lib/python3.8/site-packages/airflow/example_dags/example_sla_dag.py for tasks to queue
[2023-11-15T04:10:54.047+0000] {logging_mixin.py:151} INFO - [2023-11-15T04:10:54.046+0000] {dagbag.py:536} INFO - Filling up the DagBag from /home/airflow/.local/lib/python3.8/site-packages/airflow/example_dags/example_sla_dag.py
[2023-11-15T04:10:54.071+0000] {processor.py:839} INFO - DAG(s) dict_keys(['example_sla_dag']) retrieved from /home/airflow/.local/lib/python3.8/site-packages/airflow/example_dags/example_sla_dag.py
[2023-11-15T04:10:54.105+0000] {logging_mixin.py:151} INFO - [2023-11-15T04:10:54.104+0000] {dag.py:2941} INFO - Sync 1 DAGs
[2023-11-15T04:10:54.138+0000] {logging_mixin.py:151} INFO - [2023-11-15T04:10:54.138+0000] {dag.py:3722} INFO - Setting next_dagrun for example_sla_dag to 2023-11-15T04:08:00+00:00, run_after=2023-11-15T04:10:00+00:00
[2023-11-15T04:10:54.162+0000] {processor.py:179} INFO - Processing /home/airflow/.local/lib/python3.8/site-packages/airflow/example_dags/example_sla_dag.py took 0.136 seconds
[2023-11-15T04:11:24.252+0000] {processor.py:157} INFO - Started process (PID=1650) to work on /home/airflow/.local/lib/python3.8/site-packages/airflow/example_dags/example_sla_dag.py
[2023-11-15T04:11:24.254+0000] {processor.py:829} INFO - Processing file /home/airflow/.local/lib/python3.8/site-packages/airflow/example_dags/example_sla_dag.py for tasks to queue
[2023-11-15T04:11:24.257+0000] {logging_mixin.py:151} INFO - [2023-11-15T04:11:24.256+0000] {dagbag.py:536} INFO - Filling up the DagBag from /home/airflow/.local/lib/python3.8/site-packages/airflow/example_dags/example_sla_dag.py
[2023-11-15T04:11:24.268+0000] {processor.py:839} INFO - DAG(s) dict_keys(['example_sla_dag']) retrieved from /home/airflow/.local/lib/python3.8/site-packages/airflow/example_dags/example_sla_dag.py
[2023-11-15T04:11:24.292+0000] {logging_mixin.py:151} INFO - [2023-11-15T04:11:24.292+0000] {dag.py:2941} INFO - Sync 1 DAGs
[2023-11-15T04:11:24.326+0000] {logging_mixin.py:151} INFO - [2023-11-15T04:11:24.325+0000] {dag.py:3722} INFO - Setting next_dagrun for example_sla_dag to 2023-11-15T04:08:00+00:00, run_after=2023-11-15T04:10:00+00:00
[2023-11-15T04:11:24.356+0000] {processor.py:179} INFO - Processing /home/airflow/.local/lib/python3.8/site-packages/airflow/example_dags/example_sla_dag.py took 0.108 seconds
[2023-11-15T04:11:54.784+0000] {processor.py:157} INFO - Started process (PID=1712) to work on /home/airflow/.local/lib/python3.8/site-packages/airflow/example_dags/example_sla_dag.py
[2023-11-15T04:11:54.785+0000] {processor.py:829} INFO - Processing file /home/airflow/.local/lib/python3.8/site-packages/airflow/example_dags/example_sla_dag.py for tasks to queue
[2023-11-15T04:11:54.787+0000] {logging_mixin.py:151} INFO - [2023-11-15T04:11:54.787+0000] {dagbag.py:536} INFO - Filling up the DagBag from /home/airflow/.local/lib/python3.8/site-packages/airflow/example_dags/example_sla_dag.py
[2023-11-15T04:11:54.798+0000] {processor.py:839} INFO - DAG(s) dict_keys(['example_sla_dag']) retrieved from /home/airflow/.local/lib/python3.8/site-packages/airflow/example_dags/example_sla_dag.py
[2023-11-15T04:11:54.821+0000] {logging_mixin.py:151} INFO - [2023-11-15T04:11:54.820+0000] {dag.py:2941} INFO - Sync 1 DAGs
[2023-11-15T04:11:54.851+0000] {logging_mixin.py:151} INFO - [2023-11-15T04:11:54.850+0000] {dag.py:3722} INFO - Setting next_dagrun for example_sla_dag to 2023-11-15T04:08:00+00:00, run_after=2023-11-15T04:10:00+00:00
[2023-11-15T04:11:54.872+0000] {processor.py:179} INFO - Processing /home/airflow/.local/lib/python3.8/site-packages/airflow/example_dags/example_sla_dag.py took 0.091 seconds
[2023-11-15T04:12:25.590+0000] {processor.py:157} INFO - Started process (PID=1772) to work on /home/airflow/.local/lib/python3.8/site-packages/airflow/example_dags/example_sla_dag.py
[2023-11-15T04:12:25.591+0000] {processor.py:829} INFO - Processing file /home/airflow/.local/lib/python3.8/site-packages/airflow/example_dags/example_sla_dag.py for tasks to queue
[2023-11-15T04:12:25.593+0000] {logging_mixin.py:151} INFO - [2023-11-15T04:12:25.593+0000] {dagbag.py:536} INFO - Filling up the DagBag from /home/airflow/.local/lib/python3.8/site-packages/airflow/example_dags/example_sla_dag.py
[2023-11-15T04:12:25.604+0000] {processor.py:839} INFO - DAG(s) dict_keys(['example_sla_dag']) retrieved from /home/airflow/.local/lib/python3.8/site-packages/airflow/example_dags/example_sla_dag.py
[2023-11-15T04:12:25.628+0000] {logging_mixin.py:151} INFO - [2023-11-15T04:12:25.628+0000] {dag.py:2941} INFO - Sync 1 DAGs
[2023-11-15T04:12:25.664+0000] {logging_mixin.py:151} INFO - [2023-11-15T04:12:25.664+0000] {dag.py:3722} INFO - Setting next_dagrun for example_sla_dag to 2023-11-15T04:10:00+00:00, run_after=2023-11-15T04:12:00+00:00
[2023-11-15T04:12:25.686+0000] {processor.py:179} INFO - Processing /home/airflow/.local/lib/python3.8/site-packages/airflow/example_dags/example_sla_dag.py took 0.101 seconds
[2023-11-15T04:12:55.808+0000] {processor.py:157} INFO - Started process (PID=1832) to work on /home/airflow/.local/lib/python3.8/site-packages/airflow/example_dags/example_sla_dag.py
[2023-11-15T04:12:55.809+0000] {processor.py:829} INFO - Processing file /home/airflow/.local/lib/python3.8/site-packages/airflow/example_dags/example_sla_dag.py for tasks to queue
[2023-11-15T04:12:55.812+0000] {logging_mixin.py:151} INFO - [2023-11-15T04:12:55.811+0000] {dagbag.py:536} INFO - Filling up the DagBag from /home/airflow/.local/lib/python3.8/site-packages/airflow/example_dags/example_sla_dag.py
[2023-11-15T04:12:55.822+0000] {processor.py:839} INFO - DAG(s) dict_keys(['example_sla_dag']) retrieved from /home/airflow/.local/lib/python3.8/site-packages/airflow/example_dags/example_sla_dag.py
[2023-11-15T04:12:55.846+0000] {logging_mixin.py:151} INFO - [2023-11-15T04:12:55.846+0000] {dag.py:2941} INFO - Sync 1 DAGs
[2023-11-15T04:12:55.877+0000] {logging_mixin.py:151} INFO - [2023-11-15T04:12:55.877+0000] {dag.py:3722} INFO - Setting next_dagrun for example_sla_dag to 2023-11-15T04:10:00+00:00, run_after=2023-11-15T04:12:00+00:00
[2023-11-15T04:12:55.900+0000] {processor.py:179} INFO - Processing /home/airflow/.local/lib/python3.8/site-packages/airflow/example_dags/example_sla_dag.py took 0.096 seconds
[2023-11-15T04:13:26.530+0000] {processor.py:157} INFO - Started process (PID=1894) to work on /home/airflow/.local/lib/python3.8/site-packages/airflow/example_dags/example_sla_dag.py
[2023-11-15T04:13:26.532+0000] {processor.py:829} INFO - Processing file /home/airflow/.local/lib/python3.8/site-packages/airflow/example_dags/example_sla_dag.py for tasks to queue
[2023-11-15T04:13:26.535+0000] {logging_mixin.py:151} INFO - [2023-11-15T04:13:26.534+0000] {dagbag.py:536} INFO - Filling up the DagBag from /home/airflow/.local/lib/python3.8/site-packages/airflow/example_dags/example_sla_dag.py
[2023-11-15T04:13:26.545+0000] {processor.py:839} INFO - DAG(s) dict_keys(['example_sla_dag']) retrieved from /home/airflow/.local/lib/python3.8/site-packages/airflow/example_dags/example_sla_dag.py
[2023-11-15T04:13:26.570+0000] {logging_mixin.py:151} INFO - [2023-11-15T04:13:26.569+0000] {dag.py:2941} INFO - Sync 1 DAGs
[2023-11-15T04:13:26.602+0000] {logging_mixin.py:151} INFO - [2023-11-15T04:13:26.602+0000] {dag.py:3722} INFO - Setting next_dagrun for example_sla_dag to 2023-11-15T04:10:00+00:00, run_after=2023-11-15T04:12:00+00:00
[2023-11-15T04:13:26.625+0000] {processor.py:179} INFO - Processing /home/airflow/.local/lib/python3.8/site-packages/airflow/example_dags/example_sla_dag.py took 0.099 seconds
[2023-11-15T04:13:58.023+0000] {processor.py:157} INFO - Started process (PID=1951) to work on /home/airflow/.local/lib/python3.8/site-packages/airflow/example_dags/example_sla_dag.py
[2023-11-15T04:13:58.024+0000] {processor.py:829} INFO - Processing file /home/airflow/.local/lib/python3.8/site-packages/airflow/example_dags/example_sla_dag.py for tasks to queue
[2023-11-15T04:13:58.028+0000] {logging_mixin.py:151} INFO - [2023-11-15T04:13:58.027+0000] {dagbag.py:536} INFO - Filling up the DagBag from /home/airflow/.local/lib/python3.8/site-packages/airflow/example_dags/example_sla_dag.py
[2023-11-15T04:13:58.042+0000] {processor.py:839} INFO - DAG(s) dict_keys(['example_sla_dag']) retrieved from /home/airflow/.local/lib/python3.8/site-packages/airflow/example_dags/example_sla_dag.py
[2023-11-15T04:13:58.069+0000] {logging_mixin.py:151} INFO - [2023-11-15T04:13:58.068+0000] {dag.py:2941} INFO - Sync 1 DAGs
[2023-11-15T04:13:58.296+0000] {logging_mixin.py:151} INFO - [2023-11-15T04:13:58.296+0000] {dag.py:3722} INFO - Setting next_dagrun for example_sla_dag to 2023-11-15T04:10:00+00:00, run_after=2023-11-15T04:12:00+00:00
[2023-11-15T04:13:58.324+0000] {processor.py:179} INFO - Processing /home/airflow/.local/lib/python3.8/site-packages/airflow/example_dags/example_sla_dag.py took 0.308 seconds
[2023-11-15T04:14:28.473+0000] {processor.py:157} INFO - Started process (PID=2008) to work on /home/airflow/.local/lib/python3.8/site-packages/airflow/example_dags/example_sla_dag.py
[2023-11-15T04:14:28.475+0000] {processor.py:829} INFO - Processing file /home/airflow/.local/lib/python3.8/site-packages/airflow/example_dags/example_sla_dag.py for tasks to queue
[2023-11-15T04:14:28.479+0000] {logging_mixin.py:151} INFO - [2023-11-15T04:14:28.479+0000] {dagbag.py:536} INFO - Filling up the DagBag from /home/airflow/.local/lib/python3.8/site-packages/airflow/example_dags/example_sla_dag.py
[2023-11-15T04:14:28.494+0000] {processor.py:839} INFO - DAG(s) dict_keys(['example_sla_dag']) retrieved from /home/airflow/.local/lib/python3.8/site-packages/airflow/example_dags/example_sla_dag.py
[2023-11-15T04:14:28.554+0000] {logging_mixin.py:151} INFO - [2023-11-15T04:14:28.553+0000] {dag.py:2941} INFO - Sync 1 DAGs
[2023-11-15T04:14:28.619+0000] {logging_mixin.py:151} INFO - [2023-11-15T04:14:28.619+0000] {dag.py:3722} INFO - Setting next_dagrun for example_sla_dag to 2023-11-15T04:12:00+00:00, run_after=2023-11-15T04:14:00+00:00
[2023-11-15T04:14:28.809+0000] {processor.py:179} INFO - Processing /home/airflow/.local/lib/python3.8/site-packages/airflow/example_dags/example_sla_dag.py took 0.344 seconds
[2023-11-15T04:14:59.804+0000] {processor.py:157} INFO - Started process (PID=2066) to work on /home/airflow/.local/lib/python3.8/site-packages/airflow/example_dags/example_sla_dag.py
[2023-11-15T04:14:59.805+0000] {processor.py:829} INFO - Processing file /home/airflow/.local/lib/python3.8/site-packages/airflow/example_dags/example_sla_dag.py for tasks to queue
[2023-11-15T04:14:59.809+0000] {logging_mixin.py:151} INFO - [2023-11-15T04:14:59.808+0000] {dagbag.py:536} INFO - Filling up the DagBag from /home/airflow/.local/lib/python3.8/site-packages/airflow/example_dags/example_sla_dag.py
[2023-11-15T04:14:59.821+0000] {processor.py:839} INFO - DAG(s) dict_keys(['example_sla_dag']) retrieved from /home/airflow/.local/lib/python3.8/site-packages/airflow/example_dags/example_sla_dag.py
[2023-11-15T04:14:59.844+0000] {logging_mixin.py:151} INFO - [2023-11-15T04:14:59.844+0000] {dag.py:2941} INFO - Sync 1 DAGs
[2023-11-15T04:14:59.875+0000] {logging_mixin.py:151} INFO - [2023-11-15T04:14:59.874+0000] {dag.py:3722} INFO - Setting next_dagrun for example_sla_dag to 2023-11-15T04:12:00+00:00, run_after=2023-11-15T04:14:00+00:00
[2023-11-15T04:14:59.900+0000] {processor.py:179} INFO - Processing /home/airflow/.local/lib/python3.8/site-packages/airflow/example_dags/example_sla_dag.py took 0.102 seconds
[2023-11-15T04:15:30.807+0000] {processor.py:157} INFO - Started process (PID=2124) to work on /home/airflow/.local/lib/python3.8/site-packages/airflow/example_dags/example_sla_dag.py
[2023-11-15T04:15:30.808+0000] {processor.py:829} INFO - Processing file /home/airflow/.local/lib/python3.8/site-packages/airflow/example_dags/example_sla_dag.py for tasks to queue
[2023-11-15T04:15:30.810+0000] {logging_mixin.py:151} INFO - [2023-11-15T04:15:30.810+0000] {dagbag.py:536} INFO - Filling up the DagBag from /home/airflow/.local/lib/python3.8/site-packages/airflow/example_dags/example_sla_dag.py
[2023-11-15T04:15:30.820+0000] {processor.py:839} INFO - DAG(s) dict_keys(['example_sla_dag']) retrieved from /home/airflow/.local/lib/python3.8/site-packages/airflow/example_dags/example_sla_dag.py
[2023-11-15T04:15:30.999+0000] {logging_mixin.py:151} INFO - [2023-11-15T04:15:30.999+0000] {dag.py:2941} INFO - Sync 1 DAGs
[2023-11-15T04:15:31.028+0000] {logging_mixin.py:151} INFO - [2023-11-15T04:15:31.027+0000] {dag.py:3722} INFO - Setting next_dagrun for example_sla_dag to 2023-11-15T04:12:00+00:00, run_after=2023-11-15T04:14:00+00:00
[2023-11-15T04:15:31.054+0000] {processor.py:179} INFO - Processing /home/airflow/.local/lib/python3.8/site-packages/airflow/example_dags/example_sla_dag.py took 0.251 seconds
[2023-11-15T04:16:01.104+0000] {processor.py:157} INFO - Started process (PID=2183) to work on /home/airflow/.local/lib/python3.8/site-packages/airflow/example_dags/example_sla_dag.py
[2023-11-15T04:16:01.105+0000] {processor.py:829} INFO - Processing file /home/airflow/.local/lib/python3.8/site-packages/airflow/example_dags/example_sla_dag.py for tasks to queue
[2023-11-15T04:16:01.108+0000] {logging_mixin.py:151} INFO - [2023-11-15T04:16:01.108+0000] {dagbag.py:536} INFO - Filling up the DagBag from /home/airflow/.local/lib/python3.8/site-packages/airflow/example_dags/example_sla_dag.py
[2023-11-15T04:16:01.119+0000] {processor.py:839} INFO - DAG(s) dict_keys(['example_sla_dag']) retrieved from /home/airflow/.local/lib/python3.8/site-packages/airflow/example_dags/example_sla_dag.py
[2023-11-15T04:16:01.146+0000] {logging_mixin.py:151} INFO - [2023-11-15T04:16:01.146+0000] {dag.py:2941} INFO - Sync 1 DAGs
[2023-11-15T04:16:01.366+0000] {logging_mixin.py:151} INFO - [2023-11-15T04:16:01.366+0000] {dag.py:3722} INFO - Setting next_dagrun for example_sla_dag to 2023-11-15T04:14:00+00:00, run_after=2023-11-15T04:16:00+00:00
[2023-11-15T04:16:01.389+0000] {processor.py:179} INFO - Processing /home/airflow/.local/lib/python3.8/site-packages/airflow/example_dags/example_sla_dag.py took 0.290 seconds
[2023-11-15T04:16:31.520+0000] {processor.py:157} INFO - Started process (PID=2241) to work on /home/airflow/.local/lib/python3.8/site-packages/airflow/example_dags/example_sla_dag.py
[2023-11-15T04:16:31.523+0000] {processor.py:829} INFO - Processing file /home/airflow/.local/lib/python3.8/site-packages/airflow/example_dags/example_sla_dag.py for tasks to queue
[2023-11-15T04:16:31.525+0000] {logging_mixin.py:151} INFO - [2023-11-15T04:16:31.525+0000] {dagbag.py:536} INFO - Filling up the DagBag from /home/airflow/.local/lib/python3.8/site-packages/airflow/example_dags/example_sla_dag.py
[2023-11-15T04:16:31.539+0000] {processor.py:839} INFO - DAG(s) dict_keys(['example_sla_dag']) retrieved from /home/airflow/.local/lib/python3.8/site-packages/airflow/example_dags/example_sla_dag.py
[2023-11-15T04:16:31.564+0000] {logging_mixin.py:151} INFO - [2023-11-15T04:16:31.564+0000] {dag.py:2941} INFO - Sync 1 DAGs
[2023-11-15T04:16:31.602+0000] {logging_mixin.py:151} INFO - [2023-11-15T04:16:31.602+0000] {dag.py:3722} INFO - Setting next_dagrun for example_sla_dag to 2023-11-15T04:14:00+00:00, run_after=2023-11-15T04:16:00+00:00
[2023-11-15T04:16:31.631+0000] {processor.py:179} INFO - Processing /home/airflow/.local/lib/python3.8/site-packages/airflow/example_dags/example_sla_dag.py took 0.114 seconds
[2023-11-15T04:17:01.833+0000] {processor.py:157} INFO - Started process (PID=2298) to work on /home/airflow/.local/lib/python3.8/site-packages/airflow/example_dags/example_sla_dag.py
[2023-11-15T04:17:01.834+0000] {processor.py:829} INFO - Processing file /home/airflow/.local/lib/python3.8/site-packages/airflow/example_dags/example_sla_dag.py for tasks to queue
[2023-11-15T04:17:01.836+0000] {logging_mixin.py:151} INFO - [2023-11-15T04:17:01.836+0000] {dagbag.py:536} INFO - Filling up the DagBag from /home/airflow/.local/lib/python3.8/site-packages/airflow/example_dags/example_sla_dag.py
[2023-11-15T04:17:01.847+0000] {processor.py:839} INFO - DAG(s) dict_keys(['example_sla_dag']) retrieved from /home/airflow/.local/lib/python3.8/site-packages/airflow/example_dags/example_sla_dag.py
[2023-11-15T04:17:01.870+0000] {logging_mixin.py:151} INFO - [2023-11-15T04:17:01.870+0000] {dag.py:2941} INFO - Sync 1 DAGs
[2023-11-15T04:17:01.902+0000] {logging_mixin.py:151} INFO - [2023-11-15T04:17:01.902+0000] {dag.py:3722} INFO - Setting next_dagrun for example_sla_dag to 2023-11-15T04:14:00+00:00, run_after=2023-11-15T04:16:00+00:00
[2023-11-15T04:17:01.921+0000] {processor.py:179} INFO - Processing /home/airflow/.local/lib/python3.8/site-packages/airflow/example_dags/example_sla_dag.py took 0.092 seconds
[2023-11-15T04:17:32.803+0000] {processor.py:157} INFO - Started process (PID=2356) to work on /home/airflow/.local/lib/python3.8/site-packages/airflow/example_dags/example_sla_dag.py
[2023-11-15T04:17:32.804+0000] {processor.py:829} INFO - Processing file /home/airflow/.local/lib/python3.8/site-packages/airflow/example_dags/example_sla_dag.py for tasks to queue
[2023-11-15T04:17:32.806+0000] {logging_mixin.py:151} INFO - [2023-11-15T04:17:32.806+0000] {dagbag.py:536} INFO - Filling up the DagBag from /home/airflow/.local/lib/python3.8/site-packages/airflow/example_dags/example_sla_dag.py
[2023-11-15T04:17:32.817+0000] {processor.py:839} INFO - DAG(s) dict_keys(['example_sla_dag']) retrieved from /home/airflow/.local/lib/python3.8/site-packages/airflow/example_dags/example_sla_dag.py
[2023-11-15T04:17:32.840+0000] {logging_mixin.py:151} INFO - [2023-11-15T04:17:32.840+0000] {dag.py:2941} INFO - Sync 1 DAGs
[2023-11-15T04:17:32.871+0000] {logging_mixin.py:151} INFO - [2023-11-15T04:17:32.871+0000] {dag.py:3722} INFO - Setting next_dagrun for example_sla_dag to 2023-11-15T04:14:00+00:00, run_after=2023-11-15T04:16:00+00:00
[2023-11-15T04:17:32.890+0000] {processor.py:179} INFO - Processing /home/airflow/.local/lib/python3.8/site-packages/airflow/example_dags/example_sla_dag.py took 0.091 seconds
[2023-11-15T04:18:03.252+0000] {processor.py:157} INFO - Started process (PID=2414) to work on /home/airflow/.local/lib/python3.8/site-packages/airflow/example_dags/example_sla_dag.py
[2023-11-15T04:18:03.253+0000] {processor.py:829} INFO - Processing file /home/airflow/.local/lib/python3.8/site-packages/airflow/example_dags/example_sla_dag.py for tasks to queue
[2023-11-15T04:18:03.256+0000] {logging_mixin.py:151} INFO - [2023-11-15T04:18:03.256+0000] {dagbag.py:536} INFO - Filling up the DagBag from /home/airflow/.local/lib/python3.8/site-packages/airflow/example_dags/example_sla_dag.py
[2023-11-15T04:18:03.266+0000] {processor.py:839} INFO - DAG(s) dict_keys(['example_sla_dag']) retrieved from /home/airflow/.local/lib/python3.8/site-packages/airflow/example_dags/example_sla_dag.py
[2023-11-15T04:18:03.289+0000] {logging_mixin.py:151} INFO - [2023-11-15T04:18:03.289+0000] {dag.py:2941} INFO - Sync 1 DAGs
[2023-11-15T04:18:03.322+0000] {logging_mixin.py:151} INFO - [2023-11-15T04:18:03.322+0000] {dag.py:3722} INFO - Setting next_dagrun for example_sla_dag to 2023-11-15T04:16:00+00:00, run_after=2023-11-15T04:18:00+00:00
[2023-11-15T04:18:03.345+0000] {processor.py:179} INFO - Processing /home/airflow/.local/lib/python3.8/site-packages/airflow/example_dags/example_sla_dag.py took 0.097 seconds
[2023-11-15T04:18:33.742+0000] {processor.py:157} INFO - Started process (PID=2471) to work on /home/airflow/.local/lib/python3.8/site-packages/airflow/example_dags/example_sla_dag.py
[2023-11-15T04:18:33.743+0000] {processor.py:829} INFO - Processing file /home/airflow/.local/lib/python3.8/site-packages/airflow/example_dags/example_sla_dag.py for tasks to queue
[2023-11-15T04:18:33.746+0000] {logging_mixin.py:151} INFO - [2023-11-15T04:18:33.746+0000] {dagbag.py:536} INFO - Filling up the DagBag from /home/airflow/.local/lib/python3.8/site-packages/airflow/example_dags/example_sla_dag.py
[2023-11-15T04:18:33.757+0000] {processor.py:839} INFO - DAG(s) dict_keys(['example_sla_dag']) retrieved from /home/airflow/.local/lib/python3.8/site-packages/airflow/example_dags/example_sla_dag.py
[2023-11-15T04:18:33.781+0000] {logging_mixin.py:151} INFO - [2023-11-15T04:18:33.781+0000] {dag.py:2941} INFO - Sync 1 DAGs
[2023-11-15T04:18:33.814+0000] {logging_mixin.py:151} INFO - [2023-11-15T04:18:33.814+0000] {dag.py:3722} INFO - Setting next_dagrun for example_sla_dag to 2023-11-15T04:16:00+00:00, run_after=2023-11-15T04:18:00+00:00
[2023-11-15T04:18:33.838+0000] {processor.py:179} INFO - Processing /home/airflow/.local/lib/python3.8/site-packages/airflow/example_dags/example_sla_dag.py took 0.099 seconds
[2023-11-15T04:19:04.230+0000] {processor.py:157} INFO - Started process (PID=2530) to work on /home/airflow/.local/lib/python3.8/site-packages/airflow/example_dags/example_sla_dag.py
[2023-11-15T04:19:04.231+0000] {processor.py:829} INFO - Processing file /home/airflow/.local/lib/python3.8/site-packages/airflow/example_dags/example_sla_dag.py for tasks to queue
[2023-11-15T04:19:04.234+0000] {logging_mixin.py:151} INFO - [2023-11-15T04:19:04.233+0000] {dagbag.py:536} INFO - Filling up the DagBag from /home/airflow/.local/lib/python3.8/site-packages/airflow/example_dags/example_sla_dag.py
[2023-11-15T04:19:04.247+0000] {processor.py:839} INFO - DAG(s) dict_keys(['example_sla_dag']) retrieved from /home/airflow/.local/lib/python3.8/site-packages/airflow/example_dags/example_sla_dag.py
[2023-11-15T04:19:04.275+0000] {logging_mixin.py:151} INFO - [2023-11-15T04:19:04.275+0000] {dag.py:2941} INFO - Sync 1 DAGs
[2023-11-15T04:19:04.308+0000] {logging_mixin.py:151} INFO - [2023-11-15T04:19:04.308+0000] {dag.py:3722} INFO - Setting next_dagrun for example_sla_dag to 2023-11-15T04:16:00+00:00, run_after=2023-11-15T04:18:00+00:00
[2023-11-15T04:19:04.331+0000] {processor.py:179} INFO - Processing /home/airflow/.local/lib/python3.8/site-packages/airflow/example_dags/example_sla_dag.py took 0.105 seconds
[2023-11-15T04:19:34.694+0000] {processor.py:157} INFO - Started process (PID=2590) to work on /home/airflow/.local/lib/python3.8/site-packages/airflow/example_dags/example_sla_dag.py
[2023-11-15T04:19:34.695+0000] {processor.py:829} INFO - Processing file /home/airflow/.local/lib/python3.8/site-packages/airflow/example_dags/example_sla_dag.py for tasks to queue
[2023-11-15T04:19:34.698+0000] {logging_mixin.py:151} INFO - [2023-11-15T04:19:34.697+0000] {dagbag.py:536} INFO - Filling up the DagBag from /home/airflow/.local/lib/python3.8/site-packages/airflow/example_dags/example_sla_dag.py
[2023-11-15T04:19:34.708+0000] {processor.py:839} INFO - DAG(s) dict_keys(['example_sla_dag']) retrieved from /home/airflow/.local/lib/python3.8/site-packages/airflow/example_dags/example_sla_dag.py
[2023-11-15T04:19:34.732+0000] {logging_mixin.py:151} INFO - [2023-11-15T04:19:34.732+0000] {dag.py:2941} INFO - Sync 1 DAGs
[2023-11-15T04:19:34.766+0000] {logging_mixin.py:151} INFO - [2023-11-15T04:19:34.766+0000] {dag.py:3722} INFO - Setting next_dagrun for example_sla_dag to 2023-11-15T04:16:00+00:00, run_after=2023-11-15T04:18:00+00:00
[2023-11-15T04:19:34.790+0000] {processor.py:179} INFO - Processing /home/airflow/.local/lib/python3.8/site-packages/airflow/example_dags/example_sla_dag.py took 0.101 seconds
[2023-11-15T04:20:05.037+0000] {processor.py:157} INFO - Started process (PID=2650) to work on /home/airflow/.local/lib/python3.8/site-packages/airflow/example_dags/example_sla_dag.py
[2023-11-15T04:20:05.038+0000] {processor.py:829} INFO - Processing file /home/airflow/.local/lib/python3.8/site-packages/airflow/example_dags/example_sla_dag.py for tasks to queue
[2023-11-15T04:20:05.040+0000] {logging_mixin.py:151} INFO - [2023-11-15T04:20:05.040+0000] {dagbag.py:536} INFO - Filling up the DagBag from /home/airflow/.local/lib/python3.8/site-packages/airflow/example_dags/example_sla_dag.py
[2023-11-15T04:20:05.051+0000] {processor.py:839} INFO - DAG(s) dict_keys(['example_sla_dag']) retrieved from /home/airflow/.local/lib/python3.8/site-packages/airflow/example_dags/example_sla_dag.py
[2023-11-15T04:20:05.077+0000] {logging_mixin.py:151} INFO - [2023-11-15T04:20:05.077+0000] {dag.py:2941} INFO - Sync 1 DAGs
[2023-11-15T04:20:05.112+0000] {logging_mixin.py:151} INFO - [2023-11-15T04:20:05.112+0000] {dag.py:3722} INFO - Setting next_dagrun for example_sla_dag to 2023-11-15T04:18:00+00:00, run_after=2023-11-15T04:20:00+00:00
[2023-11-15T04:20:05.136+0000] {processor.py:179} INFO - Processing /home/airflow/.local/lib/python3.8/site-packages/airflow/example_dags/example_sla_dag.py took 0.103 seconds
[2023-11-15T04:20:35.691+0000] {processor.py:157} INFO - Started process (PID=2710) to work on /home/airflow/.local/lib/python3.8/site-packages/airflow/example_dags/example_sla_dag.py
[2023-11-15T04:20:35.692+0000] {processor.py:829} INFO - Processing file /home/airflow/.local/lib/python3.8/site-packages/airflow/example_dags/example_sla_dag.py for tasks to queue
[2023-11-15T04:20:35.695+0000] {logging_mixin.py:151} INFO - [2023-11-15T04:20:35.694+0000] {dagbag.py:536} INFO - Filling up the DagBag from /home/airflow/.local/lib/python3.8/site-packages/airflow/example_dags/example_sla_dag.py
[2023-11-15T04:20:35.708+0000] {processor.py:839} INFO - DAG(s) dict_keys(['example_sla_dag']) retrieved from /home/airflow/.local/lib/python3.8/site-packages/airflow/example_dags/example_sla_dag.py
[2023-11-15T04:20:35.732+0000] {logging_mixin.py:151} INFO - [2023-11-15T04:20:35.732+0000] {dag.py:2941} INFO - Sync 1 DAGs
[2023-11-15T04:20:35.769+0000] {logging_mixin.py:151} INFO - [2023-11-15T04:20:35.769+0000] {dag.py:3722} INFO - Setting next_dagrun for example_sla_dag to 2023-11-15T04:18:00+00:00, run_after=2023-11-15T04:20:00+00:00
[2023-11-15T04:20:35.794+0000] {processor.py:179} INFO - Processing /home/airflow/.local/lib/python3.8/site-packages/airflow/example_dags/example_sla_dag.py took 0.108 seconds
[2023-11-15T04:21:05.901+0000] {processor.py:157} INFO - Started process (PID=2774) to work on /home/airflow/.local/lib/python3.8/site-packages/airflow/example_dags/example_sla_dag.py
[2023-11-15T04:21:05.902+0000] {processor.py:829} INFO - Processing file /home/airflow/.local/lib/python3.8/site-packages/airflow/example_dags/example_sla_dag.py for tasks to queue
[2023-11-15T04:21:05.904+0000] {logging_mixin.py:151} INFO - [2023-11-15T04:21:05.904+0000] {dagbag.py:536} INFO - Filling up the DagBag from /home/airflow/.local/lib/python3.8/site-packages/airflow/example_dags/example_sla_dag.py
[2023-11-15T04:21:05.914+0000] {processor.py:839} INFO - DAG(s) dict_keys(['example_sla_dag']) retrieved from /home/airflow/.local/lib/python3.8/site-packages/airflow/example_dags/example_sla_dag.py
[2023-11-15T04:21:05.939+0000] {logging_mixin.py:151} INFO - [2023-11-15T04:21:05.939+0000] {dag.py:2941} INFO - Sync 1 DAGs
[2023-11-15T04:21:05.975+0000] {logging_mixin.py:151} INFO - [2023-11-15T04:21:05.975+0000] {dag.py:3722} INFO - Setting next_dagrun for example_sla_dag to 2023-11-15T04:18:00+00:00, run_after=2023-11-15T04:20:00+00:00
[2023-11-15T04:21:05.999+0000] {processor.py:179} INFO - Processing /home/airflow/.local/lib/python3.8/site-packages/airflow/example_dags/example_sla_dag.py took 0.102 seconds
[2023-11-15T04:21:36.635+0000] {processor.py:157} INFO - Started process (PID=2834) to work on /home/airflow/.local/lib/python3.8/site-packages/airflow/example_dags/example_sla_dag.py
[2023-11-15T04:21:36.636+0000] {processor.py:829} INFO - Processing file /home/airflow/.local/lib/python3.8/site-packages/airflow/example_dags/example_sla_dag.py for tasks to queue
[2023-11-15T04:21:36.639+0000] {logging_mixin.py:151} INFO - [2023-11-15T04:21:36.639+0000] {dagbag.py:536} INFO - Filling up the DagBag from /home/airflow/.local/lib/python3.8/site-packages/airflow/example_dags/example_sla_dag.py
[2023-11-15T04:21:36.652+0000] {processor.py:839} INFO - DAG(s) dict_keys(['example_sla_dag']) retrieved from /home/airflow/.local/lib/python3.8/site-packages/airflow/example_dags/example_sla_dag.py
[2023-11-15T04:21:36.680+0000] {logging_mixin.py:151} INFO - [2023-11-15T04:21:36.680+0000] {dag.py:2941} INFO - Sync 1 DAGs
[2023-11-15T04:21:36.715+0000] {logging_mixin.py:151} INFO - [2023-11-15T04:21:36.715+0000] {dag.py:3722} INFO - Setting next_dagrun for example_sla_dag to 2023-11-15T04:18:00+00:00, run_after=2023-11-15T04:20:00+00:00
[2023-11-15T04:21:36.739+0000] {processor.py:179} INFO - Processing /home/airflow/.local/lib/python3.8/site-packages/airflow/example_dags/example_sla_dag.py took 0.108 seconds
[2023-11-15T04:22:07.086+0000] {processor.py:157} INFO - Started process (PID=2895) to work on /home/airflow/.local/lib/python3.8/site-packages/airflow/example_dags/example_sla_dag.py
[2023-11-15T04:22:07.088+0000] {processor.py:829} INFO - Processing file /home/airflow/.local/lib/python3.8/site-packages/airflow/example_dags/example_sla_dag.py for tasks to queue
[2023-11-15T04:22:07.090+0000] {logging_mixin.py:151} INFO - [2023-11-15T04:22:07.090+0000] {dagbag.py:536} INFO - Filling up the DagBag from /home/airflow/.local/lib/python3.8/site-packages/airflow/example_dags/example_sla_dag.py
[2023-11-15T04:22:07.101+0000] {processor.py:839} INFO - DAG(s) dict_keys(['example_sla_dag']) retrieved from /home/airflow/.local/lib/python3.8/site-packages/airflow/example_dags/example_sla_dag.py
[2023-11-15T04:22:07.125+0000] {logging_mixin.py:151} INFO - [2023-11-15T04:22:07.124+0000] {dag.py:2941} INFO - Sync 1 DAGs
[2023-11-15T04:22:07.158+0000] {logging_mixin.py:151} INFO - [2023-11-15T04:22:07.157+0000] {dag.py:3722} INFO - Setting next_dagrun for example_sla_dag to 2023-11-15T04:20:00+00:00, run_after=2023-11-15T04:22:00+00:00
[2023-11-15T04:22:07.182+0000] {processor.py:179} INFO - Processing /home/airflow/.local/lib/python3.8/site-packages/airflow/example_dags/example_sla_dag.py took 0.100 seconds
[2023-11-15T04:22:37.354+0000] {processor.py:157} INFO - Started process (PID=2955) to work on /home/airflow/.local/lib/python3.8/site-packages/airflow/example_dags/example_sla_dag.py
[2023-11-15T04:22:37.355+0000] {processor.py:829} INFO - Processing file /home/airflow/.local/lib/python3.8/site-packages/airflow/example_dags/example_sla_dag.py for tasks to queue
[2023-11-15T04:22:37.357+0000] {logging_mixin.py:151} INFO - [2023-11-15T04:22:37.357+0000] {dagbag.py:536} INFO - Filling up the DagBag from /home/airflow/.local/lib/python3.8/site-packages/airflow/example_dags/example_sla_dag.py
[2023-11-15T04:22:37.367+0000] {processor.py:839} INFO - DAG(s) dict_keys(['example_sla_dag']) retrieved from /home/airflow/.local/lib/python3.8/site-packages/airflow/example_dags/example_sla_dag.py
[2023-11-15T04:22:37.402+0000] {logging_mixin.py:151} INFO - [2023-11-15T04:22:37.401+0000] {dag.py:2941} INFO - Sync 1 DAGs
[2023-11-15T04:22:37.447+0000] {logging_mixin.py:151} INFO - [2023-11-15T04:22:37.447+0000] {dag.py:3722} INFO - Setting next_dagrun for example_sla_dag to 2023-11-15T04:20:00+00:00, run_after=2023-11-15T04:22:00+00:00
[2023-11-15T04:22:37.477+0000] {processor.py:179} INFO - Processing /home/airflow/.local/lib/python3.8/site-packages/airflow/example_dags/example_sla_dag.py took 0.128 seconds
[2023-11-15T04:23:07.874+0000] {processor.py:157} INFO - Started process (PID=3016) to work on /home/airflow/.local/lib/python3.8/site-packages/airflow/example_dags/example_sla_dag.py
[2023-11-15T04:23:07.875+0000] {processor.py:829} INFO - Processing file /home/airflow/.local/lib/python3.8/site-packages/airflow/example_dags/example_sla_dag.py for tasks to queue
[2023-11-15T04:23:07.878+0000] {logging_mixin.py:151} INFO - [2023-11-15T04:23:07.878+0000] {dagbag.py:536} INFO - Filling up the DagBag from /home/airflow/.local/lib/python3.8/site-packages/airflow/example_dags/example_sla_dag.py
[2023-11-15T04:23:07.890+0000] {processor.py:839} INFO - DAG(s) dict_keys(['example_sla_dag']) retrieved from /home/airflow/.local/lib/python3.8/site-packages/airflow/example_dags/example_sla_dag.py
[2023-11-15T04:23:07.912+0000] {logging_mixin.py:151} INFO - [2023-11-15T04:23:07.912+0000] {dag.py:2941} INFO - Sync 1 DAGs
[2023-11-15T04:23:07.946+0000] {logging_mixin.py:151} INFO - [2023-11-15T04:23:07.946+0000] {dag.py:3722} INFO - Setting next_dagrun for example_sla_dag to 2023-11-15T04:20:00+00:00, run_after=2023-11-15T04:22:00+00:00
[2023-11-15T04:23:07.975+0000] {processor.py:179} INFO - Processing /home/airflow/.local/lib/python3.8/site-packages/airflow/example_dags/example_sla_dag.py took 0.105 seconds
[2023-11-15T04:23:38.692+0000] {processor.py:157} INFO - Started process (PID=3074) to work on /home/airflow/.local/lib/python3.8/site-packages/airflow/example_dags/example_sla_dag.py
[2023-11-15T04:23:38.693+0000] {processor.py:829} INFO - Processing file /home/airflow/.local/lib/python3.8/site-packages/airflow/example_dags/example_sla_dag.py for tasks to queue
[2023-11-15T04:23:38.695+0000] {logging_mixin.py:151} INFO - [2023-11-15T04:23:38.695+0000] {dagbag.py:536} INFO - Filling up the DagBag from /home/airflow/.local/lib/python3.8/site-packages/airflow/example_dags/example_sla_dag.py
[2023-11-15T04:23:38.706+0000] {processor.py:839} INFO - DAG(s) dict_keys(['example_sla_dag']) retrieved from /home/airflow/.local/lib/python3.8/site-packages/airflow/example_dags/example_sla_dag.py
[2023-11-15T04:23:38.729+0000] {logging_mixin.py:151} INFO - [2023-11-15T04:23:38.729+0000] {dag.py:2941} INFO - Sync 1 DAGs
[2023-11-15T04:23:38.761+0000] {logging_mixin.py:151} INFO - [2023-11-15T04:23:38.761+0000] {dag.py:3722} INFO - Setting next_dagrun for example_sla_dag to 2023-11-15T04:20:00+00:00, run_after=2023-11-15T04:22:00+00:00
[2023-11-15T04:23:38.783+0000] {processor.py:179} INFO - Processing /home/airflow/.local/lib/python3.8/site-packages/airflow/example_dags/example_sla_dag.py took 0.095 seconds
[2023-11-15T04:24:09.954+0000] {processor.py:157} INFO - Started process (PID=3132) to work on /home/airflow/.local/lib/python3.8/site-packages/airflow/example_dags/example_sla_dag.py
[2023-11-15T04:24:09.955+0000] {processor.py:829} INFO - Processing file /home/airflow/.local/lib/python3.8/site-packages/airflow/example_dags/example_sla_dag.py for tasks to queue
[2023-11-15T04:24:09.958+0000] {logging_mixin.py:151} INFO - [2023-11-15T04:24:09.958+0000] {dagbag.py:536} INFO - Filling up the DagBag from /home/airflow/.local/lib/python3.8/site-packages/airflow/example_dags/example_sla_dag.py
[2023-11-15T04:24:09.972+0000] {processor.py:839} INFO - DAG(s) dict_keys(['example_sla_dag']) retrieved from /home/airflow/.local/lib/python3.8/site-packages/airflow/example_dags/example_sla_dag.py
[2023-11-15T04:24:09.998+0000] {logging_mixin.py:151} INFO - [2023-11-15T04:24:09.998+0000] {dag.py:2941} INFO - Sync 1 DAGs
[2023-11-15T04:24:10.034+0000] {logging_mixin.py:151} INFO - [2023-11-15T04:24:10.034+0000] {dag.py:3722} INFO - Setting next_dagrun for example_sla_dag to 2023-11-15T04:22:00+00:00, run_after=2023-11-15T04:24:00+00:00
[2023-11-15T04:24:10.056+0000] {processor.py:179} INFO - Processing /home/airflow/.local/lib/python3.8/site-packages/airflow/example_dags/example_sla_dag.py took 0.107 seconds
[2023-11-15T04:24:41.271+0000] {processor.py:157} INFO - Started process (PID=3190) to work on /home/airflow/.local/lib/python3.8/site-packages/airflow/example_dags/example_sla_dag.py
[2023-11-15T04:24:41.272+0000] {processor.py:829} INFO - Processing file /home/airflow/.local/lib/python3.8/site-packages/airflow/example_dags/example_sla_dag.py for tasks to queue
[2023-11-15T04:24:41.276+0000] {logging_mixin.py:151} INFO - [2023-11-15T04:24:41.275+0000] {dagbag.py:536} INFO - Filling up the DagBag from /home/airflow/.local/lib/python3.8/site-packages/airflow/example_dags/example_sla_dag.py
[2023-11-15T04:24:41.289+0000] {processor.py:839} INFO - DAG(s) dict_keys(['example_sla_dag']) retrieved from /home/airflow/.local/lib/python3.8/site-packages/airflow/example_dags/example_sla_dag.py
[2023-11-15T04:24:41.319+0000] {logging_mixin.py:151} INFO - [2023-11-15T04:24:41.318+0000] {dag.py:2941} INFO - Sync 1 DAGs
[2023-11-15T04:24:41.356+0000] {logging_mixin.py:151} INFO - [2023-11-15T04:24:41.356+0000] {dag.py:3722} INFO - Setting next_dagrun for example_sla_dag to 2023-11-15T04:22:00+00:00, run_after=2023-11-15T04:24:00+00:00
[2023-11-15T04:24:41.385+0000] {processor.py:179} INFO - Processing /home/airflow/.local/lib/python3.8/site-packages/airflow/example_dags/example_sla_dag.py took 0.118 seconds
[2023-11-15T04:25:11.653+0000] {processor.py:157} INFO - Started process (PID=3248) to work on /home/airflow/.local/lib/python3.8/site-packages/airflow/example_dags/example_sla_dag.py
[2023-11-15T04:25:11.654+0000] {processor.py:829} INFO - Processing file /home/airflow/.local/lib/python3.8/site-packages/airflow/example_dags/example_sla_dag.py for tasks to queue
[2023-11-15T04:25:11.657+0000] {logging_mixin.py:151} INFO - [2023-11-15T04:25:11.656+0000] {dagbag.py:536} INFO - Filling up the DagBag from /home/airflow/.local/lib/python3.8/site-packages/airflow/example_dags/example_sla_dag.py
[2023-11-15T04:25:11.667+0000] {processor.py:839} INFO - DAG(s) dict_keys(['example_sla_dag']) retrieved from /home/airflow/.local/lib/python3.8/site-packages/airflow/example_dags/example_sla_dag.py
[2023-11-15T04:25:11.691+0000] {logging_mixin.py:151} INFO - [2023-11-15T04:25:11.691+0000] {dag.py:2941} INFO - Sync 1 DAGs
[2023-11-15T04:25:11.722+0000] {logging_mixin.py:151} INFO - [2023-11-15T04:25:11.722+0000] {dag.py:3722} INFO - Setting next_dagrun for example_sla_dag to 2023-11-15T04:22:00+00:00, run_after=2023-11-15T04:24:00+00:00
[2023-11-15T04:25:11.744+0000] {processor.py:179} INFO - Processing /home/airflow/.local/lib/python3.8/site-packages/airflow/example_dags/example_sla_dag.py took 0.095 seconds
[2023-11-15T04:25:42.113+0000] {processor.py:157} INFO - Started process (PID=3308) to work on /home/airflow/.local/lib/python3.8/site-packages/airflow/example_dags/example_sla_dag.py
[2023-11-15T04:25:42.114+0000] {processor.py:829} INFO - Processing file /home/airflow/.local/lib/python3.8/site-packages/airflow/example_dags/example_sla_dag.py for tasks to queue
[2023-11-15T04:25:42.118+0000] {logging_mixin.py:151} INFO - [2023-11-15T04:25:42.117+0000] {dagbag.py:536} INFO - Filling up the DagBag from /home/airflow/.local/lib/python3.8/site-packages/airflow/example_dags/example_sla_dag.py
[2023-11-15T04:25:42.133+0000] {processor.py:839} INFO - DAG(s) dict_keys(['example_sla_dag']) retrieved from /home/airflow/.local/lib/python3.8/site-packages/airflow/example_dags/example_sla_dag.py
[2023-11-15T04:25:42.168+0000] {logging_mixin.py:151} INFO - [2023-11-15T04:25:42.168+0000] {dag.py:2941} INFO - Sync 1 DAGs
[2023-11-15T04:25:42.220+0000] {logging_mixin.py:151} INFO - [2023-11-15T04:25:42.220+0000] {dag.py:3722} INFO - Setting next_dagrun for example_sla_dag to 2023-11-15T04:22:00+00:00, run_after=2023-11-15T04:24:00+00:00
[2023-11-15T04:25:42.255+0000] {processor.py:179} INFO - Processing /home/airflow/.local/lib/python3.8/site-packages/airflow/example_dags/example_sla_dag.py took 0.150 seconds
[2023-11-15T04:26:12.328+0000] {processor.py:157} INFO - Started process (PID=3366) to work on /home/airflow/.local/lib/python3.8/site-packages/airflow/example_dags/example_sla_dag.py
[2023-11-15T04:26:12.330+0000] {processor.py:829} INFO - Processing file /home/airflow/.local/lib/python3.8/site-packages/airflow/example_dags/example_sla_dag.py for tasks to queue
[2023-11-15T04:26:12.333+0000] {logging_mixin.py:151} INFO - [2023-11-15T04:26:12.333+0000] {dagbag.py:536} INFO - Filling up the DagBag from /home/airflow/.local/lib/python3.8/site-packages/airflow/example_dags/example_sla_dag.py
[2023-11-15T04:26:12.346+0000] {processor.py:839} INFO - DAG(s) dict_keys(['example_sla_dag']) retrieved from /home/airflow/.local/lib/python3.8/site-packages/airflow/example_dags/example_sla_dag.py
[2023-11-15T04:26:12.379+0000] {logging_mixin.py:151} INFO - [2023-11-15T04:26:12.379+0000] {dag.py:2941} INFO - Sync 1 DAGs
[2023-11-15T04:26:12.428+0000] {logging_mixin.py:151} INFO - [2023-11-15T04:26:12.428+0000] {dag.py:3722} INFO - Setting next_dagrun for example_sla_dag to 2023-11-15T04:24:00+00:00, run_after=2023-11-15T04:26:00+00:00
[2023-11-15T04:26:12.459+0000] {processor.py:179} INFO - Processing /home/airflow/.local/lib/python3.8/site-packages/airflow/example_dags/example_sla_dag.py took 0.135 seconds
[2023-11-15T04:26:42.804+0000] {processor.py:157} INFO - Started process (PID=3424) to work on /home/airflow/.local/lib/python3.8/site-packages/airflow/example_dags/example_sla_dag.py
[2023-11-15T04:26:42.805+0000] {processor.py:829} INFO - Processing file /home/airflow/.local/lib/python3.8/site-packages/airflow/example_dags/example_sla_dag.py for tasks to queue
[2023-11-15T04:26:42.808+0000] {logging_mixin.py:151} INFO - [2023-11-15T04:26:42.807+0000] {dagbag.py:536} INFO - Filling up the DagBag from /home/airflow/.local/lib/python3.8/site-packages/airflow/example_dags/example_sla_dag.py
[2023-11-15T04:26:42.818+0000] {processor.py:839} INFO - DAG(s) dict_keys(['example_sla_dag']) retrieved from /home/airflow/.local/lib/python3.8/site-packages/airflow/example_dags/example_sla_dag.py
[2023-11-15T04:26:42.843+0000] {logging_mixin.py:151} INFO - [2023-11-15T04:26:42.843+0000] {dag.py:2941} INFO - Sync 1 DAGs
[2023-11-15T04:26:42.879+0000] {logging_mixin.py:151} INFO - [2023-11-15T04:26:42.879+0000] {dag.py:3722} INFO - Setting next_dagrun for example_sla_dag to 2023-11-15T04:24:00+00:00, run_after=2023-11-15T04:26:00+00:00
[2023-11-15T04:26:42.906+0000] {processor.py:179} INFO - Processing /home/airflow/.local/lib/python3.8/site-packages/airflow/example_dags/example_sla_dag.py took 0.105 seconds
