[2023-11-15T03:11:00.539+0000] {processor.py:157} INFO - Started process (PID=49) to work on /home/airflow/.local/lib/python3.8/site-packages/airflow/example_dags/example_skip_dag.py
[2023-11-15T03:11:00.542+0000] {processor.py:829} INFO - Processing file /home/airflow/.local/lib/python3.8/site-packages/airflow/example_dags/example_skip_dag.py for tasks to queue
[2023-11-15T03:11:00.549+0000] {logging_mixin.py:151} INFO - [2023-11-15T03:11:00.548+0000] {dagbag.py:536} INFO - Filling up the DagBag from /home/airflow/.local/lib/python3.8/site-packages/airflow/example_dags/example_skip_dag.py
[2023-11-15T03:11:00.598+0000] {processor.py:839} INFO - DAG(s) dict_keys(['example_skip_dag']) retrieved from /home/airflow/.local/lib/python3.8/site-packages/airflow/example_dags/example_skip_dag.py
[2023-11-15T03:11:00.675+0000] {logging_mixin.py:151} INFO - [2023-11-15T03:11:00.674+0000] {dag.py:2941} INFO - Sync 1 DAGs
[2023-11-15T03:11:00.727+0000] {logging_mixin.py:151} INFO - [2023-11-15T03:11:00.726+0000] {dag.py:3722} INFO - Setting next_dagrun for example_skip_dag to 2023-11-14T03:11:00.725934+00:00, run_after=2023-11-15T03:11:00.725934+00:00
[2023-11-15T03:11:00.777+0000] {processor.py:179} INFO - Processing /home/airflow/.local/lib/python3.8/site-packages/airflow/example_dags/example_skip_dag.py took 0.245 seconds
[2023-11-15T03:57:35.013+0000] {processor.py:157} INFO - Started process (PID=51) to work on /home/airflow/.local/lib/python3.8/site-packages/airflow/example_dags/example_skip_dag.py
[2023-11-15T03:57:35.015+0000] {processor.py:829} INFO - Processing file /home/airflow/.local/lib/python3.8/site-packages/airflow/example_dags/example_skip_dag.py for tasks to queue
[2023-11-15T03:57:35.018+0000] {logging_mixin.py:151} INFO - [2023-11-15T03:57:35.017+0000] {dagbag.py:536} INFO - Filling up the DagBag from /home/airflow/.local/lib/python3.8/site-packages/airflow/example_dags/example_skip_dag.py
[2023-11-15T03:57:35.030+0000] {processor.py:839} INFO - DAG(s) dict_keys(['example_skip_dag']) retrieved from /home/airflow/.local/lib/python3.8/site-packages/airflow/example_dags/example_skip_dag.py
[2023-11-15T03:57:35.075+0000] {logging_mixin.py:151} INFO - [2023-11-15T03:57:35.075+0000] {dag.py:2941} INFO - Sync 1 DAGs
[2023-11-15T03:57:35.114+0000] {logging_mixin.py:151} INFO - [2023-11-15T03:57:35.113+0000] {dag.py:3722} INFO - Setting next_dagrun for example_skip_dag to 2023-11-14T03:57:35.113709+00:00, run_after=2023-11-15T03:57:35.113709+00:00
[2023-11-15T03:57:35.140+0000] {processor.py:179} INFO - Processing /home/airflow/.local/lib/python3.8/site-packages/airflow/example_dags/example_skip_dag.py took 0.131 seconds
[2023-11-15T03:58:05.550+0000] {processor.py:157} INFO - Started process (PID=109) to work on /home/airflow/.local/lib/python3.8/site-packages/airflow/example_dags/example_skip_dag.py
[2023-11-15T03:58:05.551+0000] {processor.py:829} INFO - Processing file /home/airflow/.local/lib/python3.8/site-packages/airflow/example_dags/example_skip_dag.py for tasks to queue
[2023-11-15T03:58:05.553+0000] {logging_mixin.py:151} INFO - [2023-11-15T03:58:05.553+0000] {dagbag.py:536} INFO - Filling up the DagBag from /home/airflow/.local/lib/python3.8/site-packages/airflow/example_dags/example_skip_dag.py
[2023-11-15T03:58:05.561+0000] {processor.py:839} INFO - DAG(s) dict_keys(['example_skip_dag']) retrieved from /home/airflow/.local/lib/python3.8/site-packages/airflow/example_dags/example_skip_dag.py
[2023-11-15T03:58:05.589+0000] {logging_mixin.py:151} INFO - [2023-11-15T03:58:05.589+0000] {dag.py:2941} INFO - Sync 1 DAGs
[2023-11-15T03:58:05.620+0000] {logging_mixin.py:151} INFO - [2023-11-15T03:58:05.619+0000] {dag.py:3722} INFO - Setting next_dagrun for example_skip_dag to 2023-11-14T03:58:05.619557+00:00, run_after=2023-11-15T03:58:05.619557+00:00
[2023-11-15T03:58:05.643+0000] {processor.py:179} INFO - Processing /home/airflow/.local/lib/python3.8/site-packages/airflow/example_dags/example_skip_dag.py took 0.097 seconds
[2023-11-15T03:58:35.923+0000] {processor.py:157} INFO - Started process (PID=167) to work on /home/airflow/.local/lib/python3.8/site-packages/airflow/example_dags/example_skip_dag.py
[2023-11-15T03:58:35.925+0000] {processor.py:829} INFO - Processing file /home/airflow/.local/lib/python3.8/site-packages/airflow/example_dags/example_skip_dag.py for tasks to queue
[2023-11-15T03:58:35.928+0000] {logging_mixin.py:151} INFO - [2023-11-15T03:58:35.927+0000] {dagbag.py:536} INFO - Filling up the DagBag from /home/airflow/.local/lib/python3.8/site-packages/airflow/example_dags/example_skip_dag.py
[2023-11-15T03:58:35.936+0000] {processor.py:839} INFO - DAG(s) dict_keys(['example_skip_dag']) retrieved from /home/airflow/.local/lib/python3.8/site-packages/airflow/example_dags/example_skip_dag.py
[2023-11-15T03:58:35.964+0000] {logging_mixin.py:151} INFO - [2023-11-15T03:58:35.964+0000] {dag.py:2941} INFO - Sync 1 DAGs
[2023-11-15T03:58:36.000+0000] {logging_mixin.py:151} INFO - [2023-11-15T03:58:36.000+0000] {dag.py:3722} INFO - Setting next_dagrun for example_skip_dag to 2023-11-14T03:58:35.999662+00:00, run_after=2023-11-15T03:58:35.999662+00:00
[2023-11-15T03:58:36.027+0000] {processor.py:179} INFO - Processing /home/airflow/.local/lib/python3.8/site-packages/airflow/example_dags/example_skip_dag.py took 0.110 seconds
[2023-11-15T03:59:06.934+0000] {processor.py:157} INFO - Started process (PID=229) to work on /home/airflow/.local/lib/python3.8/site-packages/airflow/example_dags/example_skip_dag.py
[2023-11-15T03:59:06.936+0000] {processor.py:829} INFO - Processing file /home/airflow/.local/lib/python3.8/site-packages/airflow/example_dags/example_skip_dag.py for tasks to queue
[2023-11-15T03:59:06.938+0000] {logging_mixin.py:151} INFO - [2023-11-15T03:59:06.938+0000] {dagbag.py:536} INFO - Filling up the DagBag from /home/airflow/.local/lib/python3.8/site-packages/airflow/example_dags/example_skip_dag.py
[2023-11-15T03:59:06.946+0000] {processor.py:839} INFO - DAG(s) dict_keys(['example_skip_dag']) retrieved from /home/airflow/.local/lib/python3.8/site-packages/airflow/example_dags/example_skip_dag.py
[2023-11-15T03:59:06.972+0000] {logging_mixin.py:151} INFO - [2023-11-15T03:59:06.972+0000] {dag.py:2941} INFO - Sync 1 DAGs
[2023-11-15T03:59:06.999+0000] {logging_mixin.py:151} INFO - [2023-11-15T03:59:06.998+0000] {dag.py:3722} INFO - Setting next_dagrun for example_skip_dag to 2023-11-14T03:59:06.998518+00:00, run_after=2023-11-15T03:59:06.998518+00:00
[2023-11-15T03:59:07.023+0000] {processor.py:179} INFO - Processing /home/airflow/.local/lib/python3.8/site-packages/airflow/example_dags/example_skip_dag.py took 0.092 seconds
[2023-11-15T03:59:38.086+0000] {processor.py:157} INFO - Started process (PID=287) to work on /home/airflow/.local/lib/python3.8/site-packages/airflow/example_dags/example_skip_dag.py
[2023-11-15T03:59:38.087+0000] {processor.py:829} INFO - Processing file /home/airflow/.local/lib/python3.8/site-packages/airflow/example_dags/example_skip_dag.py for tasks to queue
[2023-11-15T03:59:38.090+0000] {logging_mixin.py:151} INFO - [2023-11-15T03:59:38.089+0000] {dagbag.py:536} INFO - Filling up the DagBag from /home/airflow/.local/lib/python3.8/site-packages/airflow/example_dags/example_skip_dag.py
[2023-11-15T03:59:38.098+0000] {processor.py:839} INFO - DAG(s) dict_keys(['example_skip_dag']) retrieved from /home/airflow/.local/lib/python3.8/site-packages/airflow/example_dags/example_skip_dag.py
[2023-11-15T03:59:38.123+0000] {logging_mixin.py:151} INFO - [2023-11-15T03:59:38.123+0000] {dag.py:2941} INFO - Sync 1 DAGs
[2023-11-15T03:59:38.149+0000] {logging_mixin.py:151} INFO - [2023-11-15T03:59:38.149+0000] {dag.py:3722} INFO - Setting next_dagrun for example_skip_dag to 2023-11-14T03:59:38.149308+00:00, run_after=2023-11-15T03:59:38.149308+00:00
[2023-11-15T03:59:38.171+0000] {processor.py:179} INFO - Processing /home/airflow/.local/lib/python3.8/site-packages/airflow/example_dags/example_skip_dag.py took 0.089 seconds
[2023-11-15T04:00:08.977+0000] {processor.py:157} INFO - Started process (PID=345) to work on /home/airflow/.local/lib/python3.8/site-packages/airflow/example_dags/example_skip_dag.py
[2023-11-15T04:00:08.978+0000] {processor.py:829} INFO - Processing file /home/airflow/.local/lib/python3.8/site-packages/airflow/example_dags/example_skip_dag.py for tasks to queue
[2023-11-15T04:00:08.981+0000] {logging_mixin.py:151} INFO - [2023-11-15T04:00:08.980+0000] {dagbag.py:536} INFO - Filling up the DagBag from /home/airflow/.local/lib/python3.8/site-packages/airflow/example_dags/example_skip_dag.py
[2023-11-15T04:00:08.990+0000] {processor.py:839} INFO - DAG(s) dict_keys(['example_skip_dag']) retrieved from /home/airflow/.local/lib/python3.8/site-packages/airflow/example_dags/example_skip_dag.py
[2023-11-15T04:00:09.018+0000] {logging_mixin.py:151} INFO - [2023-11-15T04:00:09.018+0000] {dag.py:2941} INFO - Sync 1 DAGs
[2023-11-15T04:00:09.045+0000] {logging_mixin.py:151} INFO - [2023-11-15T04:00:09.044+0000] {dag.py:3722} INFO - Setting next_dagrun for example_skip_dag to 2023-11-14T04:00:09.044636+00:00, run_after=2023-11-15T04:00:09.044636+00:00
[2023-11-15T04:00:09.069+0000] {processor.py:179} INFO - Processing /home/airflow/.local/lib/python3.8/site-packages/airflow/example_dags/example_skip_dag.py took 0.096 seconds
[2023-11-15T04:00:39.753+0000] {processor.py:157} INFO - Started process (PID=404) to work on /home/airflow/.local/lib/python3.8/site-packages/airflow/example_dags/example_skip_dag.py
[2023-11-15T04:00:39.754+0000] {processor.py:829} INFO - Processing file /home/airflow/.local/lib/python3.8/site-packages/airflow/example_dags/example_skip_dag.py for tasks to queue
[2023-11-15T04:00:39.757+0000] {logging_mixin.py:151} INFO - [2023-11-15T04:00:39.757+0000] {dagbag.py:536} INFO - Filling up the DagBag from /home/airflow/.local/lib/python3.8/site-packages/airflow/example_dags/example_skip_dag.py
[2023-11-15T04:00:39.765+0000] {processor.py:839} INFO - DAG(s) dict_keys(['example_skip_dag']) retrieved from /home/airflow/.local/lib/python3.8/site-packages/airflow/example_dags/example_skip_dag.py
[2023-11-15T04:00:39.805+0000] {logging_mixin.py:151} INFO - [2023-11-15T04:00:39.804+0000] {dag.py:2941} INFO - Sync 1 DAGs
[2023-11-15T04:00:39.832+0000] {logging_mixin.py:151} INFO - [2023-11-15T04:00:39.832+0000] {dag.py:3722} INFO - Setting next_dagrun for example_skip_dag to 2023-11-14T04:00:39.832233+00:00, run_after=2023-11-15T04:00:39.832233+00:00
[2023-11-15T04:00:39.857+0000] {processor.py:179} INFO - Processing /home/airflow/.local/lib/python3.8/site-packages/airflow/example_dags/example_skip_dag.py took 0.108 seconds
[2023-11-15T04:01:10.435+0000] {processor.py:157} INFO - Started process (PID=462) to work on /home/airflow/.local/lib/python3.8/site-packages/airflow/example_dags/example_skip_dag.py
[2023-11-15T04:01:10.437+0000] {processor.py:829} INFO - Processing file /home/airflow/.local/lib/python3.8/site-packages/airflow/example_dags/example_skip_dag.py for tasks to queue
[2023-11-15T04:01:10.439+0000] {logging_mixin.py:151} INFO - [2023-11-15T04:01:10.439+0000] {dagbag.py:536} INFO - Filling up the DagBag from /home/airflow/.local/lib/python3.8/site-packages/airflow/example_dags/example_skip_dag.py
[2023-11-15T04:01:10.449+0000] {processor.py:839} INFO - DAG(s) dict_keys(['example_skip_dag']) retrieved from /home/airflow/.local/lib/python3.8/site-packages/airflow/example_dags/example_skip_dag.py
[2023-11-15T04:01:10.480+0000] {logging_mixin.py:151} INFO - [2023-11-15T04:01:10.479+0000] {dag.py:2941} INFO - Sync 1 DAGs
[2023-11-15T04:01:10.518+0000] {logging_mixin.py:151} INFO - [2023-11-15T04:01:10.518+0000] {dag.py:3722} INFO - Setting next_dagrun for example_skip_dag to 2023-11-14T04:01:10.517940+00:00, run_after=2023-11-15T04:01:10.517940+00:00
[2023-11-15T04:01:10.549+0000] {processor.py:179} INFO - Processing /home/airflow/.local/lib/python3.8/site-packages/airflow/example_dags/example_skip_dag.py took 0.118 seconds
[2023-11-15T04:01:41.706+0000] {processor.py:157} INFO - Started process (PID=520) to work on /home/airflow/.local/lib/python3.8/site-packages/airflow/example_dags/example_skip_dag.py
[2023-11-15T04:01:41.710+0000] {processor.py:829} INFO - Processing file /home/airflow/.local/lib/python3.8/site-packages/airflow/example_dags/example_skip_dag.py for tasks to queue
[2023-11-15T04:01:41.716+0000] {logging_mixin.py:151} INFO - [2023-11-15T04:01:41.715+0000] {dagbag.py:536} INFO - Filling up the DagBag from /home/airflow/.local/lib/python3.8/site-packages/airflow/example_dags/example_skip_dag.py
[2023-11-15T04:01:41.757+0000] {processor.py:839} INFO - DAG(s) dict_keys(['example_skip_dag']) retrieved from /home/airflow/.local/lib/python3.8/site-packages/airflow/example_dags/example_skip_dag.py
[2023-11-15T04:01:41.840+0000] {logging_mixin.py:151} INFO - [2023-11-15T04:01:41.840+0000] {dag.py:2941} INFO - Sync 1 DAGs
[2023-11-15T04:01:41.906+0000] {logging_mixin.py:151} INFO - [2023-11-15T04:01:41.905+0000] {dag.py:3722} INFO - Setting next_dagrun for example_skip_dag to 2023-11-14T04:01:41.905658+00:00, run_after=2023-11-15T04:01:41.905658+00:00
[2023-11-15T04:01:41.933+0000] {processor.py:179} INFO - Processing /home/airflow/.local/lib/python3.8/site-packages/airflow/example_dags/example_skip_dag.py took 0.241 seconds
[2023-11-15T04:02:12.494+0000] {processor.py:157} INFO - Started process (PID=583) to work on /home/airflow/.local/lib/python3.8/site-packages/airflow/example_dags/example_skip_dag.py
[2023-11-15T04:02:12.495+0000] {processor.py:829} INFO - Processing file /home/airflow/.local/lib/python3.8/site-packages/airflow/example_dags/example_skip_dag.py for tasks to queue
[2023-11-15T04:02:12.498+0000] {logging_mixin.py:151} INFO - [2023-11-15T04:02:12.497+0000] {dagbag.py:536} INFO - Filling up the DagBag from /home/airflow/.local/lib/python3.8/site-packages/airflow/example_dags/example_skip_dag.py
[2023-11-15T04:02:12.506+0000] {processor.py:839} INFO - DAG(s) dict_keys(['example_skip_dag']) retrieved from /home/airflow/.local/lib/python3.8/site-packages/airflow/example_dags/example_skip_dag.py
[2023-11-15T04:02:12.536+0000] {logging_mixin.py:151} INFO - [2023-11-15T04:02:12.535+0000] {dag.py:2941} INFO - Sync 1 DAGs
[2023-11-15T04:02:12.565+0000] {logging_mixin.py:151} INFO - [2023-11-15T04:02:12.565+0000] {dag.py:3722} INFO - Setting next_dagrun for example_skip_dag to 2023-11-14T04:02:12.564845+00:00, run_after=2023-11-15T04:02:12.564845+00:00
[2023-11-15T04:02:12.595+0000] {processor.py:179} INFO - Processing /home/airflow/.local/lib/python3.8/site-packages/airflow/example_dags/example_skip_dag.py took 0.105 seconds
[2023-11-15T04:02:43.203+0000] {processor.py:157} INFO - Started process (PID=642) to work on /home/airflow/.local/lib/python3.8/site-packages/airflow/example_dags/example_skip_dag.py
[2023-11-15T04:02:43.205+0000] {processor.py:829} INFO - Processing file /home/airflow/.local/lib/python3.8/site-packages/airflow/example_dags/example_skip_dag.py for tasks to queue
[2023-11-15T04:02:43.207+0000] {logging_mixin.py:151} INFO - [2023-11-15T04:02:43.207+0000] {dagbag.py:536} INFO - Filling up the DagBag from /home/airflow/.local/lib/python3.8/site-packages/airflow/example_dags/example_skip_dag.py
[2023-11-15T04:02:43.215+0000] {processor.py:839} INFO - DAG(s) dict_keys(['example_skip_dag']) retrieved from /home/airflow/.local/lib/python3.8/site-packages/airflow/example_dags/example_skip_dag.py
[2023-11-15T04:02:43.242+0000] {logging_mixin.py:151} INFO - [2023-11-15T04:02:43.242+0000] {dag.py:2941} INFO - Sync 1 DAGs
[2023-11-15T04:02:43.272+0000] {logging_mixin.py:151} INFO - [2023-11-15T04:02:43.271+0000] {dag.py:3722} INFO - Setting next_dagrun for example_skip_dag to 2023-11-14T04:02:43.271480+00:00, run_after=2023-11-15T04:02:43.271480+00:00
[2023-11-15T04:02:43.301+0000] {processor.py:179} INFO - Processing /home/airflow/.local/lib/python3.8/site-packages/airflow/example_dags/example_skip_dag.py took 0.102 seconds
[2023-11-15T04:03:13.711+0000] {processor.py:157} INFO - Started process (PID=699) to work on /home/airflow/.local/lib/python3.8/site-packages/airflow/example_dags/example_skip_dag.py
[2023-11-15T04:03:13.712+0000] {processor.py:829} INFO - Processing file /home/airflow/.local/lib/python3.8/site-packages/airflow/example_dags/example_skip_dag.py for tasks to queue
[2023-11-15T04:03:13.714+0000] {logging_mixin.py:151} INFO - [2023-11-15T04:03:13.714+0000] {dagbag.py:536} INFO - Filling up the DagBag from /home/airflow/.local/lib/python3.8/site-packages/airflow/example_dags/example_skip_dag.py
[2023-11-15T04:03:13.722+0000] {processor.py:839} INFO - DAG(s) dict_keys(['example_skip_dag']) retrieved from /home/airflow/.local/lib/python3.8/site-packages/airflow/example_dags/example_skip_dag.py
[2023-11-15T04:03:13.749+0000] {logging_mixin.py:151} INFO - [2023-11-15T04:03:13.748+0000] {dag.py:2941} INFO - Sync 1 DAGs
[2023-11-15T04:03:13.782+0000] {logging_mixin.py:151} INFO - [2023-11-15T04:03:13.782+0000] {dag.py:3722} INFO - Setting next_dagrun for example_skip_dag to 2023-11-14T04:03:13.782416+00:00, run_after=2023-11-15T04:03:13.782416+00:00
[2023-11-15T04:03:13.807+0000] {processor.py:179} INFO - Processing /home/airflow/.local/lib/python3.8/site-packages/airflow/example_dags/example_skip_dag.py took 0.100 seconds
[2023-11-15T04:03:44.060+0000] {processor.py:157} INFO - Started process (PID=757) to work on /home/airflow/.local/lib/python3.8/site-packages/airflow/example_dags/example_skip_dag.py
[2023-11-15T04:03:44.061+0000] {processor.py:829} INFO - Processing file /home/airflow/.local/lib/python3.8/site-packages/airflow/example_dags/example_skip_dag.py for tasks to queue
[2023-11-15T04:03:44.064+0000] {logging_mixin.py:151} INFO - [2023-11-15T04:03:44.064+0000] {dagbag.py:536} INFO - Filling up the DagBag from /home/airflow/.local/lib/python3.8/site-packages/airflow/example_dags/example_skip_dag.py
[2023-11-15T04:03:44.072+0000] {processor.py:839} INFO - DAG(s) dict_keys(['example_skip_dag']) retrieved from /home/airflow/.local/lib/python3.8/site-packages/airflow/example_dags/example_skip_dag.py
[2023-11-15T04:03:44.100+0000] {logging_mixin.py:151} INFO - [2023-11-15T04:03:44.100+0000] {dag.py:2941} INFO - Sync 1 DAGs
[2023-11-15T04:03:44.130+0000] {logging_mixin.py:151} INFO - [2023-11-15T04:03:44.130+0000] {dag.py:3722} INFO - Setting next_dagrun for example_skip_dag to 2023-11-14T04:03:44.129788+00:00, run_after=2023-11-15T04:03:44.129788+00:00
[2023-11-15T04:03:44.156+0000] {processor.py:179} INFO - Processing /home/airflow/.local/lib/python3.8/site-packages/airflow/example_dags/example_skip_dag.py took 0.100 seconds
[2023-11-15T04:04:15.131+0000] {processor.py:157} INFO - Started process (PID=817) to work on /home/airflow/.local/lib/python3.8/site-packages/airflow/example_dags/example_skip_dag.py
[2023-11-15T04:04:15.132+0000] {processor.py:829} INFO - Processing file /home/airflow/.local/lib/python3.8/site-packages/airflow/example_dags/example_skip_dag.py for tasks to queue
[2023-11-15T04:04:15.134+0000] {logging_mixin.py:151} INFO - [2023-11-15T04:04:15.134+0000] {dagbag.py:536} INFO - Filling up the DagBag from /home/airflow/.local/lib/python3.8/site-packages/airflow/example_dags/example_skip_dag.py
[2023-11-15T04:04:15.142+0000] {processor.py:839} INFO - DAG(s) dict_keys(['example_skip_dag']) retrieved from /home/airflow/.local/lib/python3.8/site-packages/airflow/example_dags/example_skip_dag.py
[2023-11-15T04:04:15.169+0000] {logging_mixin.py:151} INFO - [2023-11-15T04:04:15.169+0000] {dag.py:2941} INFO - Sync 1 DAGs
[2023-11-15T04:04:15.196+0000] {logging_mixin.py:151} INFO - [2023-11-15T04:04:15.196+0000] {dag.py:3722} INFO - Setting next_dagrun for example_skip_dag to 2023-11-14T04:04:15.196039+00:00, run_after=2023-11-15T04:04:15.196039+00:00
[2023-11-15T04:04:15.219+0000] {processor.py:179} INFO - Processing /home/airflow/.local/lib/python3.8/site-packages/airflow/example_dags/example_skip_dag.py took 0.092 seconds
[2023-11-15T04:04:45.399+0000] {processor.py:157} INFO - Started process (PID=875) to work on /home/airflow/.local/lib/python3.8/site-packages/airflow/example_dags/example_skip_dag.py
[2023-11-15T04:04:45.401+0000] {processor.py:829} INFO - Processing file /home/airflow/.local/lib/python3.8/site-packages/airflow/example_dags/example_skip_dag.py for tasks to queue
[2023-11-15T04:04:45.403+0000] {logging_mixin.py:151} INFO - [2023-11-15T04:04:45.403+0000] {dagbag.py:536} INFO - Filling up the DagBag from /home/airflow/.local/lib/python3.8/site-packages/airflow/example_dags/example_skip_dag.py
[2023-11-15T04:04:45.411+0000] {processor.py:839} INFO - DAG(s) dict_keys(['example_skip_dag']) retrieved from /home/airflow/.local/lib/python3.8/site-packages/airflow/example_dags/example_skip_dag.py
[2023-11-15T04:04:45.438+0000] {logging_mixin.py:151} INFO - [2023-11-15T04:04:45.437+0000] {dag.py:2941} INFO - Sync 1 DAGs
[2023-11-15T04:04:45.464+0000] {logging_mixin.py:151} INFO - [2023-11-15T04:04:45.464+0000] {dag.py:3722} INFO - Setting next_dagrun for example_skip_dag to 2023-11-14T04:04:45.464102+00:00, run_after=2023-11-15T04:04:45.464102+00:00
[2023-11-15T04:04:45.490+0000] {processor.py:179} INFO - Processing /home/airflow/.local/lib/python3.8/site-packages/airflow/example_dags/example_skip_dag.py took 0.094 seconds
[2023-11-15T04:05:16.589+0000] {processor.py:157} INFO - Started process (PID=941) to work on /home/airflow/.local/lib/python3.8/site-packages/airflow/example_dags/example_skip_dag.py
[2023-11-15T04:05:16.591+0000] {processor.py:829} INFO - Processing file /home/airflow/.local/lib/python3.8/site-packages/airflow/example_dags/example_skip_dag.py for tasks to queue
[2023-11-15T04:05:16.595+0000] {logging_mixin.py:151} INFO - [2023-11-15T04:05:16.595+0000] {dagbag.py:536} INFO - Filling up the DagBag from /home/airflow/.local/lib/python3.8/site-packages/airflow/example_dags/example_skip_dag.py
[2023-11-15T04:05:16.604+0000] {processor.py:839} INFO - DAG(s) dict_keys(['example_skip_dag']) retrieved from /home/airflow/.local/lib/python3.8/site-packages/airflow/example_dags/example_skip_dag.py
[2023-11-15T04:05:16.640+0000] {logging_mixin.py:151} INFO - [2023-11-15T04:05:16.640+0000] {dag.py:2941} INFO - Sync 1 DAGs
[2023-11-15T04:05:16.675+0000] {logging_mixin.py:151} INFO - [2023-11-15T04:05:16.675+0000] {dag.py:3722} INFO - Setting next_dagrun for example_skip_dag to 2023-11-14T04:05:16.674679+00:00, run_after=2023-11-15T04:05:16.674679+00:00
[2023-11-15T04:05:16.703+0000] {processor.py:179} INFO - Processing /home/airflow/.local/lib/python3.8/site-packages/airflow/example_dags/example_skip_dag.py took 0.119 seconds
[2023-11-15T04:05:46.897+0000] {processor.py:157} INFO - Started process (PID=1000) to work on /home/airflow/.local/lib/python3.8/site-packages/airflow/example_dags/example_skip_dag.py
[2023-11-15T04:05:46.898+0000] {processor.py:829} INFO - Processing file /home/airflow/.local/lib/python3.8/site-packages/airflow/example_dags/example_skip_dag.py for tasks to queue
[2023-11-15T04:05:46.900+0000] {logging_mixin.py:151} INFO - [2023-11-15T04:05:46.900+0000] {dagbag.py:536} INFO - Filling up the DagBag from /home/airflow/.local/lib/python3.8/site-packages/airflow/example_dags/example_skip_dag.py
[2023-11-15T04:05:46.908+0000] {processor.py:839} INFO - DAG(s) dict_keys(['example_skip_dag']) retrieved from /home/airflow/.local/lib/python3.8/site-packages/airflow/example_dags/example_skip_dag.py
[2023-11-15T04:05:46.935+0000] {logging_mixin.py:151} INFO - [2023-11-15T04:05:46.935+0000] {dag.py:2941} INFO - Sync 1 DAGs
[2023-11-15T04:05:46.965+0000] {logging_mixin.py:151} INFO - [2023-11-15T04:05:46.965+0000] {dag.py:3722} INFO - Setting next_dagrun for example_skip_dag to 2023-11-14T04:05:46.965304+00:00, run_after=2023-11-15T04:05:46.965304+00:00
[2023-11-15T04:05:46.990+0000] {processor.py:179} INFO - Processing /home/airflow/.local/lib/python3.8/site-packages/airflow/example_dags/example_skip_dag.py took 0.098 seconds
[2023-11-15T04:06:17.566+0000] {processor.py:157} INFO - Started process (PID=1059) to work on /home/airflow/.local/lib/python3.8/site-packages/airflow/example_dags/example_skip_dag.py
[2023-11-15T04:06:17.568+0000] {processor.py:829} INFO - Processing file /home/airflow/.local/lib/python3.8/site-packages/airflow/example_dags/example_skip_dag.py for tasks to queue
[2023-11-15T04:06:17.571+0000] {logging_mixin.py:151} INFO - [2023-11-15T04:06:17.570+0000] {dagbag.py:536} INFO - Filling up the DagBag from /home/airflow/.local/lib/python3.8/site-packages/airflow/example_dags/example_skip_dag.py
[2023-11-15T04:06:17.579+0000] {processor.py:839} INFO - DAG(s) dict_keys(['example_skip_dag']) retrieved from /home/airflow/.local/lib/python3.8/site-packages/airflow/example_dags/example_skip_dag.py
[2023-11-15T04:06:17.609+0000] {logging_mixin.py:151} INFO - [2023-11-15T04:06:17.608+0000] {dag.py:2941} INFO - Sync 1 DAGs
[2023-11-15T04:06:17.639+0000] {logging_mixin.py:151} INFO - [2023-11-15T04:06:17.639+0000] {dag.py:3722} INFO - Setting next_dagrun for example_skip_dag to 2023-11-14T04:06:17.639357+00:00, run_after=2023-11-15T04:06:17.639357+00:00
[2023-11-15T04:06:17.667+0000] {processor.py:179} INFO - Processing /home/airflow/.local/lib/python3.8/site-packages/airflow/example_dags/example_skip_dag.py took 0.105 seconds
[2023-11-15T04:06:47.859+0000] {processor.py:157} INFO - Started process (PID=1116) to work on /home/airflow/.local/lib/python3.8/site-packages/airflow/example_dags/example_skip_dag.py
[2023-11-15T04:06:47.860+0000] {processor.py:829} INFO - Processing file /home/airflow/.local/lib/python3.8/site-packages/airflow/example_dags/example_skip_dag.py for tasks to queue
[2023-11-15T04:06:47.863+0000] {logging_mixin.py:151} INFO - [2023-11-15T04:06:47.862+0000] {dagbag.py:536} INFO - Filling up the DagBag from /home/airflow/.local/lib/python3.8/site-packages/airflow/example_dags/example_skip_dag.py
[2023-11-15T04:06:47.894+0000] {processor.py:839} INFO - DAG(s) dict_keys(['example_skip_dag']) retrieved from /home/airflow/.local/lib/python3.8/site-packages/airflow/example_dags/example_skip_dag.py
[2023-11-15T04:06:47.921+0000] {logging_mixin.py:151} INFO - [2023-11-15T04:06:47.921+0000] {dag.py:2941} INFO - Sync 1 DAGs
[2023-11-15T04:06:47.949+0000] {logging_mixin.py:151} INFO - [2023-11-15T04:06:47.949+0000] {dag.py:3722} INFO - Setting next_dagrun for example_skip_dag to 2023-11-14T04:06:47.949388+00:00, run_after=2023-11-15T04:06:47.949388+00:00
[2023-11-15T04:06:47.972+0000] {processor.py:179} INFO - Processing /home/airflow/.local/lib/python3.8/site-packages/airflow/example_dags/example_skip_dag.py took 0.118 seconds
[2023-11-15T04:07:18.820+0000] {processor.py:157} INFO - Started process (PID=1176) to work on /home/airflow/.local/lib/python3.8/site-packages/airflow/example_dags/example_skip_dag.py
[2023-11-15T04:07:18.822+0000] {processor.py:829} INFO - Processing file /home/airflow/.local/lib/python3.8/site-packages/airflow/example_dags/example_skip_dag.py for tasks to queue
[2023-11-15T04:07:18.824+0000] {logging_mixin.py:151} INFO - [2023-11-15T04:07:18.824+0000] {dagbag.py:536} INFO - Filling up the DagBag from /home/airflow/.local/lib/python3.8/site-packages/airflow/example_dags/example_skip_dag.py
[2023-11-15T04:07:18.832+0000] {processor.py:839} INFO - DAG(s) dict_keys(['example_skip_dag']) retrieved from /home/airflow/.local/lib/python3.8/site-packages/airflow/example_dags/example_skip_dag.py
[2023-11-15T04:07:18.861+0000] {logging_mixin.py:151} INFO - [2023-11-15T04:07:18.860+0000] {dag.py:2941} INFO - Sync 1 DAGs
[2023-11-15T04:07:18.890+0000] {logging_mixin.py:151} INFO - [2023-11-15T04:07:18.890+0000] {dag.py:3722} INFO - Setting next_dagrun for example_skip_dag to 2023-11-14T04:07:18.890360+00:00, run_after=2023-11-15T04:07:18.890360+00:00
[2023-11-15T04:07:18.916+0000] {processor.py:179} INFO - Processing /home/airflow/.local/lib/python3.8/site-packages/airflow/example_dags/example_skip_dag.py took 0.100 seconds
[2023-11-15T04:07:49.136+0000] {processor.py:157} INFO - Started process (PID=1233) to work on /home/airflow/.local/lib/python3.8/site-packages/airflow/example_dags/example_skip_dag.py
[2023-11-15T04:07:49.138+0000] {processor.py:829} INFO - Processing file /home/airflow/.local/lib/python3.8/site-packages/airflow/example_dags/example_skip_dag.py for tasks to queue
[2023-11-15T04:07:49.141+0000] {logging_mixin.py:151} INFO - [2023-11-15T04:07:49.140+0000] {dagbag.py:536} INFO - Filling up the DagBag from /home/airflow/.local/lib/python3.8/site-packages/airflow/example_dags/example_skip_dag.py
[2023-11-15T04:07:49.151+0000] {processor.py:839} INFO - DAG(s) dict_keys(['example_skip_dag']) retrieved from /home/airflow/.local/lib/python3.8/site-packages/airflow/example_dags/example_skip_dag.py
[2023-11-15T04:07:49.181+0000] {logging_mixin.py:151} INFO - [2023-11-15T04:07:49.181+0000] {dag.py:2941} INFO - Sync 1 DAGs
[2023-11-15T04:07:49.215+0000] {logging_mixin.py:151} INFO - [2023-11-15T04:07:49.214+0000] {dag.py:3722} INFO - Setting next_dagrun for example_skip_dag to 2023-11-14T04:07:49.214195+00:00, run_after=2023-11-15T04:07:49.214195+00:00
[2023-11-15T04:07:49.245+0000] {processor.py:179} INFO - Processing /home/airflow/.local/lib/python3.8/site-packages/airflow/example_dags/example_skip_dag.py took 0.115 seconds
[2023-11-15T04:08:19.313+0000] {processor.py:157} INFO - Started process (PID=1290) to work on /home/airflow/.local/lib/python3.8/site-packages/airflow/example_dags/example_skip_dag.py
[2023-11-15T04:08:19.315+0000] {processor.py:829} INFO - Processing file /home/airflow/.local/lib/python3.8/site-packages/airflow/example_dags/example_skip_dag.py for tasks to queue
[2023-11-15T04:08:19.317+0000] {logging_mixin.py:151} INFO - [2023-11-15T04:08:19.317+0000] {dagbag.py:536} INFO - Filling up the DagBag from /home/airflow/.local/lib/python3.8/site-packages/airflow/example_dags/example_skip_dag.py
[2023-11-15T04:08:19.327+0000] {processor.py:839} INFO - DAG(s) dict_keys(['example_skip_dag']) retrieved from /home/airflow/.local/lib/python3.8/site-packages/airflow/example_dags/example_skip_dag.py
[2023-11-15T04:08:19.358+0000] {logging_mixin.py:151} INFO - [2023-11-15T04:08:19.357+0000] {dag.py:2941} INFO - Sync 1 DAGs
[2023-11-15T04:08:19.388+0000] {logging_mixin.py:151} INFO - [2023-11-15T04:08:19.387+0000] {dag.py:3722} INFO - Setting next_dagrun for example_skip_dag to 2023-11-14T04:08:19.387315+00:00, run_after=2023-11-15T04:08:19.387315+00:00
[2023-11-15T04:08:19.412+0000] {processor.py:179} INFO - Processing /home/airflow/.local/lib/python3.8/site-packages/airflow/example_dags/example_skip_dag.py took 0.108 seconds
[2023-11-15T04:08:49.689+0000] {processor.py:157} INFO - Started process (PID=1347) to work on /home/airflow/.local/lib/python3.8/site-packages/airflow/example_dags/example_skip_dag.py
[2023-11-15T04:08:49.691+0000] {processor.py:829} INFO - Processing file /home/airflow/.local/lib/python3.8/site-packages/airflow/example_dags/example_skip_dag.py for tasks to queue
[2023-11-15T04:08:49.694+0000] {logging_mixin.py:151} INFO - [2023-11-15T04:08:49.693+0000] {dagbag.py:536} INFO - Filling up the DagBag from /home/airflow/.local/lib/python3.8/site-packages/airflow/example_dags/example_skip_dag.py
[2023-11-15T04:08:49.703+0000] {processor.py:839} INFO - DAG(s) dict_keys(['example_skip_dag']) retrieved from /home/airflow/.local/lib/python3.8/site-packages/airflow/example_dags/example_skip_dag.py
[2023-11-15T04:08:49.731+0000] {logging_mixin.py:151} INFO - [2023-11-15T04:08:49.731+0000] {dag.py:2941} INFO - Sync 1 DAGs
[2023-11-15T04:08:49.760+0000] {logging_mixin.py:151} INFO - [2023-11-15T04:08:49.759+0000] {dag.py:3722} INFO - Setting next_dagrun for example_skip_dag to 2023-11-14T04:08:49.759275+00:00, run_after=2023-11-15T04:08:49.759275+00:00
[2023-11-15T04:08:49.785+0000] {processor.py:179} INFO - Processing /home/airflow/.local/lib/python3.8/site-packages/airflow/example_dags/example_skip_dag.py took 0.101 seconds
[2023-11-15T04:09:20.481+0000] {processor.py:157} INFO - Started process (PID=1404) to work on /home/airflow/.local/lib/python3.8/site-packages/airflow/example_dags/example_skip_dag.py
[2023-11-15T04:09:20.482+0000] {processor.py:829} INFO - Processing file /home/airflow/.local/lib/python3.8/site-packages/airflow/example_dags/example_skip_dag.py for tasks to queue
[2023-11-15T04:09:20.484+0000] {logging_mixin.py:151} INFO - [2023-11-15T04:09:20.484+0000] {dagbag.py:536} INFO - Filling up the DagBag from /home/airflow/.local/lib/python3.8/site-packages/airflow/example_dags/example_skip_dag.py
[2023-11-15T04:09:20.492+0000] {processor.py:839} INFO - DAG(s) dict_keys(['example_skip_dag']) retrieved from /home/airflow/.local/lib/python3.8/site-packages/airflow/example_dags/example_skip_dag.py
[2023-11-15T04:09:20.519+0000] {logging_mixin.py:151} INFO - [2023-11-15T04:09:20.519+0000] {dag.py:2941} INFO - Sync 1 DAGs
[2023-11-15T04:09:20.548+0000] {logging_mixin.py:151} INFO - [2023-11-15T04:09:20.548+0000] {dag.py:3722} INFO - Setting next_dagrun for example_skip_dag to 2023-11-14T04:09:20.547790+00:00, run_after=2023-11-15T04:09:20.547790+00:00
[2023-11-15T04:09:20.573+0000] {processor.py:179} INFO - Processing /home/airflow/.local/lib/python3.8/site-packages/airflow/example_dags/example_skip_dag.py took 0.096 seconds
[2023-11-15T04:09:50.717+0000] {processor.py:157} INFO - Started process (PID=1461) to work on /home/airflow/.local/lib/python3.8/site-packages/airflow/example_dags/example_skip_dag.py
[2023-11-15T04:09:50.718+0000] {processor.py:829} INFO - Processing file /home/airflow/.local/lib/python3.8/site-packages/airflow/example_dags/example_skip_dag.py for tasks to queue
[2023-11-15T04:09:50.721+0000] {logging_mixin.py:151} INFO - [2023-11-15T04:09:50.721+0000] {dagbag.py:536} INFO - Filling up the DagBag from /home/airflow/.local/lib/python3.8/site-packages/airflow/example_dags/example_skip_dag.py
[2023-11-15T04:09:50.730+0000] {processor.py:839} INFO - DAG(s) dict_keys(['example_skip_dag']) retrieved from /home/airflow/.local/lib/python3.8/site-packages/airflow/example_dags/example_skip_dag.py
[2023-11-15T04:09:50.758+0000] {logging_mixin.py:151} INFO - [2023-11-15T04:09:50.758+0000] {dag.py:2941} INFO - Sync 1 DAGs
[2023-11-15T04:09:50.785+0000] {logging_mixin.py:151} INFO - [2023-11-15T04:09:50.785+0000] {dag.py:3722} INFO - Setting next_dagrun for example_skip_dag to 2023-11-14T04:09:50.784915+00:00, run_after=2023-11-15T04:09:50.784915+00:00
[2023-11-15T04:09:50.810+0000] {processor.py:179} INFO - Processing /home/airflow/.local/lib/python3.8/site-packages/airflow/example_dags/example_skip_dag.py took 0.097 seconds
[2023-11-15T04:10:21.271+0000] {processor.py:157} INFO - Started process (PID=1518) to work on /home/airflow/.local/lib/python3.8/site-packages/airflow/example_dags/example_skip_dag.py
[2023-11-15T04:10:21.272+0000] {processor.py:829} INFO - Processing file /home/airflow/.local/lib/python3.8/site-packages/airflow/example_dags/example_skip_dag.py for tasks to queue
[2023-11-15T04:10:21.275+0000] {logging_mixin.py:151} INFO - [2023-11-15T04:10:21.274+0000] {dagbag.py:536} INFO - Filling up the DagBag from /home/airflow/.local/lib/python3.8/site-packages/airflow/example_dags/example_skip_dag.py
[2023-11-15T04:10:21.287+0000] {processor.py:839} INFO - DAG(s) dict_keys(['example_skip_dag']) retrieved from /home/airflow/.local/lib/python3.8/site-packages/airflow/example_dags/example_skip_dag.py
[2023-11-15T04:10:21.323+0000] {logging_mixin.py:151} INFO - [2023-11-15T04:10:21.322+0000] {dag.py:2941} INFO - Sync 1 DAGs
[2023-11-15T04:10:21.354+0000] {logging_mixin.py:151} INFO - [2023-11-15T04:10:21.354+0000] {dag.py:3722} INFO - Setting next_dagrun for example_skip_dag to 2023-11-14T04:10:21.353786+00:00, run_after=2023-11-15T04:10:21.353786+00:00
[2023-11-15T04:10:21.392+0000] {processor.py:179} INFO - Processing /home/airflow/.local/lib/python3.8/site-packages/airflow/example_dags/example_skip_dag.py took 0.125 seconds
[2023-11-15T04:10:52.148+0000] {processor.py:157} INFO - Started process (PID=1576) to work on /home/airflow/.local/lib/python3.8/site-packages/airflow/example_dags/example_skip_dag.py
[2023-11-15T04:10:52.149+0000] {processor.py:829} INFO - Processing file /home/airflow/.local/lib/python3.8/site-packages/airflow/example_dags/example_skip_dag.py for tasks to queue
[2023-11-15T04:10:52.151+0000] {logging_mixin.py:151} INFO - [2023-11-15T04:10:52.151+0000] {dagbag.py:536} INFO - Filling up the DagBag from /home/airflow/.local/lib/python3.8/site-packages/airflow/example_dags/example_skip_dag.py
[2023-11-15T04:10:52.159+0000] {processor.py:839} INFO - DAG(s) dict_keys(['example_skip_dag']) retrieved from /home/airflow/.local/lib/python3.8/site-packages/airflow/example_dags/example_skip_dag.py
[2023-11-15T04:10:52.187+0000] {logging_mixin.py:151} INFO - [2023-11-15T04:10:52.187+0000] {dag.py:2941} INFO - Sync 1 DAGs
[2023-11-15T04:10:52.215+0000] {logging_mixin.py:151} INFO - [2023-11-15T04:10:52.215+0000] {dag.py:3722} INFO - Setting next_dagrun for example_skip_dag to 2023-11-14T04:10:52.215391+00:00, run_after=2023-11-15T04:10:52.215391+00:00
[2023-11-15T04:10:52.240+0000] {processor.py:179} INFO - Processing /home/airflow/.local/lib/python3.8/site-packages/airflow/example_dags/example_skip_dag.py took 0.096 seconds
[2023-11-15T04:11:22.347+0000] {processor.py:157} INFO - Started process (PID=1637) to work on /home/airflow/.local/lib/python3.8/site-packages/airflow/example_dags/example_skip_dag.py
[2023-11-15T04:11:22.348+0000] {processor.py:829} INFO - Processing file /home/airflow/.local/lib/python3.8/site-packages/airflow/example_dags/example_skip_dag.py for tasks to queue
[2023-11-15T04:11:22.350+0000] {logging_mixin.py:151} INFO - [2023-11-15T04:11:22.350+0000] {dagbag.py:536} INFO - Filling up the DagBag from /home/airflow/.local/lib/python3.8/site-packages/airflow/example_dags/example_skip_dag.py
[2023-11-15T04:11:22.359+0000] {processor.py:839} INFO - DAG(s) dict_keys(['example_skip_dag']) retrieved from /home/airflow/.local/lib/python3.8/site-packages/airflow/example_dags/example_skip_dag.py
[2023-11-15T04:11:22.388+0000] {logging_mixin.py:151} INFO - [2023-11-15T04:11:22.388+0000] {dag.py:2941} INFO - Sync 1 DAGs
[2023-11-15T04:11:22.416+0000] {logging_mixin.py:151} INFO - [2023-11-15T04:11:22.415+0000] {dag.py:3722} INFO - Setting next_dagrun for example_skip_dag to 2023-11-14T04:11:22.415693+00:00, run_after=2023-11-15T04:11:22.415693+00:00
[2023-11-15T04:11:22.442+0000] {processor.py:179} INFO - Processing /home/airflow/.local/lib/python3.8/site-packages/airflow/example_dags/example_skip_dag.py took 0.100 seconds
[2023-11-15T04:11:53.208+0000] {processor.py:157} INFO - Started process (PID=1697) to work on /home/airflow/.local/lib/python3.8/site-packages/airflow/example_dags/example_skip_dag.py
[2023-11-15T04:11:53.209+0000] {processor.py:829} INFO - Processing file /home/airflow/.local/lib/python3.8/site-packages/airflow/example_dags/example_skip_dag.py for tasks to queue
[2023-11-15T04:11:53.211+0000] {logging_mixin.py:151} INFO - [2023-11-15T04:11:53.211+0000] {dagbag.py:536} INFO - Filling up the DagBag from /home/airflow/.local/lib/python3.8/site-packages/airflow/example_dags/example_skip_dag.py
[2023-11-15T04:11:53.219+0000] {processor.py:839} INFO - DAG(s) dict_keys(['example_skip_dag']) retrieved from /home/airflow/.local/lib/python3.8/site-packages/airflow/example_dags/example_skip_dag.py
[2023-11-15T04:11:53.244+0000] {logging_mixin.py:151} INFO - [2023-11-15T04:11:53.243+0000] {dag.py:2941} INFO - Sync 1 DAGs
[2023-11-15T04:11:53.269+0000] {logging_mixin.py:151} INFO - [2023-11-15T04:11:53.268+0000] {dag.py:3722} INFO - Setting next_dagrun for example_skip_dag to 2023-11-14T04:11:53.268681+00:00, run_after=2023-11-15T04:11:53.268681+00:00
[2023-11-15T04:11:53.291+0000] {processor.py:179} INFO - Processing /home/airflow/.local/lib/python3.8/site-packages/airflow/example_dags/example_skip_dag.py took 0.088 seconds
[2023-11-15T04:12:23.395+0000] {processor.py:157} INFO - Started process (PID=1757) to work on /home/airflow/.local/lib/python3.8/site-packages/airflow/example_dags/example_skip_dag.py
[2023-11-15T04:12:23.396+0000] {processor.py:829} INFO - Processing file /home/airflow/.local/lib/python3.8/site-packages/airflow/example_dags/example_skip_dag.py for tasks to queue
[2023-11-15T04:12:23.398+0000] {logging_mixin.py:151} INFO - [2023-11-15T04:12:23.398+0000] {dagbag.py:536} INFO - Filling up the DagBag from /home/airflow/.local/lib/python3.8/site-packages/airflow/example_dags/example_skip_dag.py
[2023-11-15T04:12:23.406+0000] {processor.py:839} INFO - DAG(s) dict_keys(['example_skip_dag']) retrieved from /home/airflow/.local/lib/python3.8/site-packages/airflow/example_dags/example_skip_dag.py
[2023-11-15T04:12:23.434+0000] {logging_mixin.py:151} INFO - [2023-11-15T04:12:23.434+0000] {dag.py:2941} INFO - Sync 1 DAGs
[2023-11-15T04:12:23.462+0000] {logging_mixin.py:151} INFO - [2023-11-15T04:12:23.462+0000] {dag.py:3722} INFO - Setting next_dagrun for example_skip_dag to 2023-11-14T04:12:23.461915+00:00, run_after=2023-11-15T04:12:23.461915+00:00
[2023-11-15T04:12:23.485+0000] {processor.py:179} INFO - Processing /home/airflow/.local/lib/python3.8/site-packages/airflow/example_dags/example_skip_dag.py took 0.094 seconds
[2023-11-15T04:12:53.918+0000] {processor.py:157} INFO - Started process (PID=1819) to work on /home/airflow/.local/lib/python3.8/site-packages/airflow/example_dags/example_skip_dag.py
[2023-11-15T04:12:53.920+0000] {processor.py:829} INFO - Processing file /home/airflow/.local/lib/python3.8/site-packages/airflow/example_dags/example_skip_dag.py for tasks to queue
[2023-11-15T04:12:53.923+0000] {logging_mixin.py:151} INFO - [2023-11-15T04:12:53.922+0000] {dagbag.py:536} INFO - Filling up the DagBag from /home/airflow/.local/lib/python3.8/site-packages/airflow/example_dags/example_skip_dag.py
[2023-11-15T04:12:53.930+0000] {processor.py:839} INFO - DAG(s) dict_keys(['example_skip_dag']) retrieved from /home/airflow/.local/lib/python3.8/site-packages/airflow/example_dags/example_skip_dag.py
[2023-11-15T04:12:53.958+0000] {logging_mixin.py:151} INFO - [2023-11-15T04:12:53.957+0000] {dag.py:2941} INFO - Sync 1 DAGs
[2023-11-15T04:12:53.985+0000] {logging_mixin.py:151} INFO - [2023-11-15T04:12:53.985+0000] {dag.py:3722} INFO - Setting next_dagrun for example_skip_dag to 2023-11-14T04:12:53.985028+00:00, run_after=2023-11-15T04:12:53.985028+00:00
[2023-11-15T04:12:54.008+0000] {processor.py:179} INFO - Processing /home/airflow/.local/lib/python3.8/site-packages/airflow/example_dags/example_skip_dag.py took 0.094 seconds
[2023-11-15T04:13:24.556+0000] {processor.py:157} INFO - Started process (PID=1881) to work on /home/airflow/.local/lib/python3.8/site-packages/airflow/example_dags/example_skip_dag.py
[2023-11-15T04:13:24.558+0000] {processor.py:829} INFO - Processing file /home/airflow/.local/lib/python3.8/site-packages/airflow/example_dags/example_skip_dag.py for tasks to queue
[2023-11-15T04:13:24.561+0000] {logging_mixin.py:151} INFO - [2023-11-15T04:13:24.560+0000] {dagbag.py:536} INFO - Filling up the DagBag from /home/airflow/.local/lib/python3.8/site-packages/airflow/example_dags/example_skip_dag.py
[2023-11-15T04:13:24.569+0000] {processor.py:839} INFO - DAG(s) dict_keys(['example_skip_dag']) retrieved from /home/airflow/.local/lib/python3.8/site-packages/airflow/example_dags/example_skip_dag.py
[2023-11-15T04:13:24.599+0000] {logging_mixin.py:151} INFO - [2023-11-15T04:13:24.598+0000] {dag.py:2941} INFO - Sync 1 DAGs
[2023-11-15T04:13:24.801+0000] {logging_mixin.py:151} INFO - [2023-11-15T04:13:24.800+0000] {dag.py:3722} INFO - Setting next_dagrun for example_skip_dag to 2023-11-14T04:13:24.800489+00:00, run_after=2023-11-15T04:13:24.800489+00:00
[2023-11-15T04:13:24.827+0000] {processor.py:179} INFO - Processing /home/airflow/.local/lib/python3.8/site-packages/airflow/example_dags/example_skip_dag.py took 0.275 seconds
[2023-11-15T04:13:55.027+0000] {processor.py:157} INFO - Started process (PID=1938) to work on /home/airflow/.local/lib/python3.8/site-packages/airflow/example_dags/example_skip_dag.py
[2023-11-15T04:13:55.028+0000] {processor.py:829} INFO - Processing file /home/airflow/.local/lib/python3.8/site-packages/airflow/example_dags/example_skip_dag.py for tasks to queue
[2023-11-15T04:13:55.031+0000] {logging_mixin.py:151} INFO - [2023-11-15T04:13:55.031+0000] {dagbag.py:536} INFO - Filling up the DagBag from /home/airflow/.local/lib/python3.8/site-packages/airflow/example_dags/example_skip_dag.py
[2023-11-15T04:13:55.039+0000] {processor.py:839} INFO - DAG(s) dict_keys(['example_skip_dag']) retrieved from /home/airflow/.local/lib/python3.8/site-packages/airflow/example_dags/example_skip_dag.py
[2023-11-15T04:13:55.066+0000] {logging_mixin.py:151} INFO - [2023-11-15T04:13:55.066+0000] {dag.py:2941} INFO - Sync 1 DAGs
[2023-11-15T04:13:55.094+0000] {logging_mixin.py:151} INFO - [2023-11-15T04:13:55.094+0000] {dag.py:3722} INFO - Setting next_dagrun for example_skip_dag to 2023-11-14T04:13:55.093999+00:00, run_after=2023-11-15T04:13:55.093999+00:00
[2023-11-15T04:13:55.289+0000] {processor.py:179} INFO - Processing /home/airflow/.local/lib/python3.8/site-packages/airflow/example_dags/example_skip_dag.py took 0.265 seconds
[2023-11-15T04:14:25.516+0000] {processor.py:157} INFO - Started process (PID=1995) to work on /home/airflow/.local/lib/python3.8/site-packages/airflow/example_dags/example_skip_dag.py
[2023-11-15T04:14:25.518+0000] {processor.py:829} INFO - Processing file /home/airflow/.local/lib/python3.8/site-packages/airflow/example_dags/example_skip_dag.py for tasks to queue
[2023-11-15T04:14:25.521+0000] {logging_mixin.py:151} INFO - [2023-11-15T04:14:25.520+0000] {dagbag.py:536} INFO - Filling up the DagBag from /home/airflow/.local/lib/python3.8/site-packages/airflow/example_dags/example_skip_dag.py
[2023-11-15T04:14:25.529+0000] {processor.py:839} INFO - DAG(s) dict_keys(['example_skip_dag']) retrieved from /home/airflow/.local/lib/python3.8/site-packages/airflow/example_dags/example_skip_dag.py
[2023-11-15T04:14:25.557+0000] {logging_mixin.py:151} INFO - [2023-11-15T04:14:25.556+0000] {dag.py:2941} INFO - Sync 1 DAGs
[2023-11-15T04:14:25.586+0000] {logging_mixin.py:151} INFO - [2023-11-15T04:14:25.585+0000] {dag.py:3722} INFO - Setting next_dagrun for example_skip_dag to 2023-11-14T04:14:25.585592+00:00, run_after=2023-11-15T04:14:25.585592+00:00
[2023-11-15T04:14:25.611+0000] {processor.py:179} INFO - Processing /home/airflow/.local/lib/python3.8/site-packages/airflow/example_dags/example_skip_dag.py took 0.099 seconds
[2023-11-15T04:14:55.972+0000] {processor.py:157} INFO - Started process (PID=2052) to work on /home/airflow/.local/lib/python3.8/site-packages/airflow/example_dags/example_skip_dag.py
[2023-11-15T04:14:55.973+0000] {processor.py:829} INFO - Processing file /home/airflow/.local/lib/python3.8/site-packages/airflow/example_dags/example_skip_dag.py for tasks to queue
[2023-11-15T04:14:55.977+0000] {logging_mixin.py:151} INFO - [2023-11-15T04:14:55.976+0000] {dagbag.py:536} INFO - Filling up the DagBag from /home/airflow/.local/lib/python3.8/site-packages/airflow/example_dags/example_skip_dag.py
[2023-11-15T04:14:55.988+0000] {processor.py:839} INFO - DAG(s) dict_keys(['example_skip_dag']) retrieved from /home/airflow/.local/lib/python3.8/site-packages/airflow/example_dags/example_skip_dag.py
[2023-11-15T04:14:56.028+0000] {logging_mixin.py:151} INFO - [2023-11-15T04:14:56.027+0000] {dag.py:2941} INFO - Sync 1 DAGs
[2023-11-15T04:14:56.063+0000] {logging_mixin.py:151} INFO - [2023-11-15T04:14:56.063+0000] {dag.py:3722} INFO - Setting next_dagrun for example_skip_dag to 2023-11-14T04:14:56.063287+00:00, run_after=2023-11-15T04:14:56.063287+00:00
[2023-11-15T04:14:56.089+0000] {processor.py:179} INFO - Processing /home/airflow/.local/lib/python3.8/site-packages/airflow/example_dags/example_skip_dag.py took 0.123 seconds
[2023-11-15T04:15:26.488+0000] {processor.py:157} INFO - Started process (PID=2110) to work on /home/airflow/.local/lib/python3.8/site-packages/airflow/example_dags/example_skip_dag.py
[2023-11-15T04:15:26.490+0000] {processor.py:829} INFO - Processing file /home/airflow/.local/lib/python3.8/site-packages/airflow/example_dags/example_skip_dag.py for tasks to queue
[2023-11-15T04:15:26.492+0000] {logging_mixin.py:151} INFO - [2023-11-15T04:15:26.492+0000] {dagbag.py:536} INFO - Filling up the DagBag from /home/airflow/.local/lib/python3.8/site-packages/airflow/example_dags/example_skip_dag.py
[2023-11-15T04:15:26.501+0000] {processor.py:839} INFO - DAG(s) dict_keys(['example_skip_dag']) retrieved from /home/airflow/.local/lib/python3.8/site-packages/airflow/example_dags/example_skip_dag.py
[2023-11-15T04:15:26.527+0000] {logging_mixin.py:151} INFO - [2023-11-15T04:15:26.527+0000] {dag.py:2941} INFO - Sync 1 DAGs
[2023-11-15T04:15:26.724+0000] {logging_mixin.py:151} INFO - [2023-11-15T04:15:26.723+0000] {dag.py:3722} INFO - Setting next_dagrun for example_skip_dag to 2023-11-14T04:15:26.723628+00:00, run_after=2023-11-15T04:15:26.723628+00:00
[2023-11-15T04:15:26.751+0000] {processor.py:179} INFO - Processing /home/airflow/.local/lib/python3.8/site-packages/airflow/example_dags/example_skip_dag.py took 0.268 seconds
[2023-11-15T04:15:57.023+0000] {processor.py:157} INFO - Started process (PID=2169) to work on /home/airflow/.local/lib/python3.8/site-packages/airflow/example_dags/example_skip_dag.py
[2023-11-15T04:15:57.024+0000] {processor.py:829} INFO - Processing file /home/airflow/.local/lib/python3.8/site-packages/airflow/example_dags/example_skip_dag.py for tasks to queue
[2023-11-15T04:15:57.026+0000] {logging_mixin.py:151} INFO - [2023-11-15T04:15:57.026+0000] {dagbag.py:536} INFO - Filling up the DagBag from /home/airflow/.local/lib/python3.8/site-packages/airflow/example_dags/example_skip_dag.py
[2023-11-15T04:15:57.034+0000] {processor.py:839} INFO - DAG(s) dict_keys(['example_skip_dag']) retrieved from /home/airflow/.local/lib/python3.8/site-packages/airflow/example_dags/example_skip_dag.py
[2023-11-15T04:15:57.062+0000] {logging_mixin.py:151} INFO - [2023-11-15T04:15:57.061+0000] {dag.py:2941} INFO - Sync 1 DAGs
[2023-11-15T04:15:57.089+0000] {logging_mixin.py:151} INFO - [2023-11-15T04:15:57.089+0000] {dag.py:3722} INFO - Setting next_dagrun for example_skip_dag to 2023-11-14T04:15:57.089123+00:00, run_after=2023-11-15T04:15:57.089123+00:00
[2023-11-15T04:15:57.288+0000] {processor.py:179} INFO - Processing /home/airflow/.local/lib/python3.8/site-packages/airflow/example_dags/example_skip_dag.py took 0.270 seconds
[2023-11-15T04:16:27.724+0000] {processor.py:157} INFO - Started process (PID=2227) to work on /home/airflow/.local/lib/python3.8/site-packages/airflow/example_dags/example_skip_dag.py
[2023-11-15T04:16:27.725+0000] {processor.py:829} INFO - Processing file /home/airflow/.local/lib/python3.8/site-packages/airflow/example_dags/example_skip_dag.py for tasks to queue
[2023-11-15T04:16:27.727+0000] {logging_mixin.py:151} INFO - [2023-11-15T04:16:27.727+0000] {dagbag.py:536} INFO - Filling up the DagBag from /home/airflow/.local/lib/python3.8/site-packages/airflow/example_dags/example_skip_dag.py
[2023-11-15T04:16:27.735+0000] {processor.py:839} INFO - DAG(s) dict_keys(['example_skip_dag']) retrieved from /home/airflow/.local/lib/python3.8/site-packages/airflow/example_dags/example_skip_dag.py
[2023-11-15T04:16:27.761+0000] {logging_mixin.py:151} INFO - [2023-11-15T04:16:27.760+0000] {dag.py:2941} INFO - Sync 1 DAGs
[2023-11-15T04:16:27.786+0000] {logging_mixin.py:151} INFO - [2023-11-15T04:16:27.785+0000] {dag.py:3722} INFO - Setting next_dagrun for example_skip_dag to 2023-11-14T04:16:27.785630+00:00, run_after=2023-11-15T04:16:27.785630+00:00
[2023-11-15T04:16:27.813+0000] {processor.py:179} INFO - Processing /home/airflow/.local/lib/python3.8/site-packages/airflow/example_dags/example_skip_dag.py took 0.094 seconds
[2023-11-15T04:16:58.002+0000] {processor.py:157} INFO - Started process (PID=2285) to work on /home/airflow/.local/lib/python3.8/site-packages/airflow/example_dags/example_skip_dag.py
[2023-11-15T04:16:58.003+0000] {processor.py:829} INFO - Processing file /home/airflow/.local/lib/python3.8/site-packages/airflow/example_dags/example_skip_dag.py for tasks to queue
[2023-11-15T04:16:58.005+0000] {logging_mixin.py:151} INFO - [2023-11-15T04:16:58.005+0000] {dagbag.py:536} INFO - Filling up the DagBag from /home/airflow/.local/lib/python3.8/site-packages/airflow/example_dags/example_skip_dag.py
[2023-11-15T04:16:58.014+0000] {processor.py:839} INFO - DAG(s) dict_keys(['example_skip_dag']) retrieved from /home/airflow/.local/lib/python3.8/site-packages/airflow/example_dags/example_skip_dag.py
[2023-11-15T04:16:58.041+0000] {logging_mixin.py:151} INFO - [2023-11-15T04:16:58.041+0000] {dag.py:2941} INFO - Sync 1 DAGs
[2023-11-15T04:16:58.069+0000] {logging_mixin.py:151} INFO - [2023-11-15T04:16:58.068+0000] {dag.py:3722} INFO - Setting next_dagrun for example_skip_dag to 2023-11-14T04:16:58.068490+00:00, run_after=2023-11-15T04:16:58.068490+00:00
[2023-11-15T04:16:58.092+0000] {processor.py:179} INFO - Processing /home/airflow/.local/lib/python3.8/site-packages/airflow/example_dags/example_skip_dag.py took 0.096 seconds
[2023-11-15T04:17:28.942+0000] {processor.py:157} INFO - Started process (PID=2342) to work on /home/airflow/.local/lib/python3.8/site-packages/airflow/example_dags/example_skip_dag.py
[2023-11-15T04:17:28.943+0000] {processor.py:829} INFO - Processing file /home/airflow/.local/lib/python3.8/site-packages/airflow/example_dags/example_skip_dag.py for tasks to queue
[2023-11-15T04:17:28.946+0000] {logging_mixin.py:151} INFO - [2023-11-15T04:17:28.946+0000] {dagbag.py:536} INFO - Filling up the DagBag from /home/airflow/.local/lib/python3.8/site-packages/airflow/example_dags/example_skip_dag.py
[2023-11-15T04:17:28.954+0000] {processor.py:839} INFO - DAG(s) dict_keys(['example_skip_dag']) retrieved from /home/airflow/.local/lib/python3.8/site-packages/airflow/example_dags/example_skip_dag.py
[2023-11-15T04:17:28.980+0000] {logging_mixin.py:151} INFO - [2023-11-15T04:17:28.980+0000] {dag.py:2941} INFO - Sync 1 DAGs
[2023-11-15T04:17:29.013+0000] {logging_mixin.py:151} INFO - [2023-11-15T04:17:29.013+0000] {dag.py:3722} INFO - Setting next_dagrun for example_skip_dag to 2023-11-14T04:17:29.013235+00:00, run_after=2023-11-15T04:17:29.013235+00:00
[2023-11-15T04:17:29.035+0000] {processor.py:179} INFO - Processing /home/airflow/.local/lib/python3.8/site-packages/airflow/example_dags/example_skip_dag.py took 0.096 seconds
[2023-11-15T04:17:59.295+0000] {processor.py:157} INFO - Started process (PID=2400) to work on /home/airflow/.local/lib/python3.8/site-packages/airflow/example_dags/example_skip_dag.py
[2023-11-15T04:17:59.296+0000] {processor.py:829} INFO - Processing file /home/airflow/.local/lib/python3.8/site-packages/airflow/example_dags/example_skip_dag.py for tasks to queue
[2023-11-15T04:17:59.299+0000] {logging_mixin.py:151} INFO - [2023-11-15T04:17:59.298+0000] {dagbag.py:536} INFO - Filling up the DagBag from /home/airflow/.local/lib/python3.8/site-packages/airflow/example_dags/example_skip_dag.py
[2023-11-15T04:17:59.307+0000] {processor.py:839} INFO - DAG(s) dict_keys(['example_skip_dag']) retrieved from /home/airflow/.local/lib/python3.8/site-packages/airflow/example_dags/example_skip_dag.py
[2023-11-15T04:17:59.333+0000] {logging_mixin.py:151} INFO - [2023-11-15T04:17:59.332+0000] {dag.py:2941} INFO - Sync 1 DAGs
[2023-11-15T04:17:59.362+0000] {logging_mixin.py:151} INFO - [2023-11-15T04:17:59.361+0000] {dag.py:3722} INFO - Setting next_dagrun for example_skip_dag to 2023-11-14T04:17:59.361617+00:00, run_after=2023-11-15T04:17:59.361617+00:00
[2023-11-15T04:17:59.384+0000] {processor.py:179} INFO - Processing /home/airflow/.local/lib/python3.8/site-packages/airflow/example_dags/example_skip_dag.py took 0.092 seconds
[2023-11-15T04:18:29.862+0000] {processor.py:157} INFO - Started process (PID=2457) to work on /home/airflow/.local/lib/python3.8/site-packages/airflow/example_dags/example_skip_dag.py
[2023-11-15T04:18:29.864+0000] {processor.py:829} INFO - Processing file /home/airflow/.local/lib/python3.8/site-packages/airflow/example_dags/example_skip_dag.py for tasks to queue
[2023-11-15T04:18:29.866+0000] {logging_mixin.py:151} INFO - [2023-11-15T04:18:29.866+0000] {dagbag.py:536} INFO - Filling up the DagBag from /home/airflow/.local/lib/python3.8/site-packages/airflow/example_dags/example_skip_dag.py
[2023-11-15T04:18:29.874+0000] {processor.py:839} INFO - DAG(s) dict_keys(['example_skip_dag']) retrieved from /home/airflow/.local/lib/python3.8/site-packages/airflow/example_dags/example_skip_dag.py
[2023-11-15T04:18:29.902+0000] {logging_mixin.py:151} INFO - [2023-11-15T04:18:29.902+0000] {dag.py:2941} INFO - Sync 1 DAGs
[2023-11-15T04:18:29.931+0000] {logging_mixin.py:151} INFO - [2023-11-15T04:18:29.931+0000] {dag.py:3722} INFO - Setting next_dagrun for example_skip_dag to 2023-11-14T04:18:29.931197+00:00, run_after=2023-11-15T04:18:29.931197+00:00
[2023-11-15T04:18:29.955+0000] {processor.py:179} INFO - Processing /home/airflow/.local/lib/python3.8/site-packages/airflow/example_dags/example_skip_dag.py took 0.097 seconds
[2023-11-15T04:19:01.008+0000] {processor.py:157} INFO - Started process (PID=2515) to work on /home/airflow/.local/lib/python3.8/site-packages/airflow/example_dags/example_skip_dag.py
[2023-11-15T04:19:01.009+0000] {processor.py:829} INFO - Processing file /home/airflow/.local/lib/python3.8/site-packages/airflow/example_dags/example_skip_dag.py for tasks to queue
[2023-11-15T04:19:01.012+0000] {logging_mixin.py:151} INFO - [2023-11-15T04:19:01.011+0000] {dagbag.py:536} INFO - Filling up the DagBag from /home/airflow/.local/lib/python3.8/site-packages/airflow/example_dags/example_skip_dag.py
[2023-11-15T04:19:01.020+0000] {processor.py:839} INFO - DAG(s) dict_keys(['example_skip_dag']) retrieved from /home/airflow/.local/lib/python3.8/site-packages/airflow/example_dags/example_skip_dag.py
[2023-11-15T04:19:01.051+0000] {logging_mixin.py:151} INFO - [2023-11-15T04:19:01.050+0000] {dag.py:2941} INFO - Sync 1 DAGs
[2023-11-15T04:19:01.079+0000] {logging_mixin.py:151} INFO - [2023-11-15T04:19:01.078+0000] {dag.py:3722} INFO - Setting next_dagrun for example_skip_dag to 2023-11-14T04:19:01.078635+00:00, run_after=2023-11-15T04:19:01.078635+00:00
[2023-11-15T04:19:01.101+0000] {processor.py:179} INFO - Processing /home/airflow/.local/lib/python3.8/site-packages/airflow/example_dags/example_skip_dag.py took 0.097 seconds
[2023-11-15T04:19:31.795+0000] {processor.py:157} INFO - Started process (PID=2576) to work on /home/airflow/.local/lib/python3.8/site-packages/airflow/example_dags/example_skip_dag.py
[2023-11-15T04:19:31.798+0000] {processor.py:829} INFO - Processing file /home/airflow/.local/lib/python3.8/site-packages/airflow/example_dags/example_skip_dag.py for tasks to queue
[2023-11-15T04:19:31.800+0000] {logging_mixin.py:151} INFO - [2023-11-15T04:19:31.800+0000] {dagbag.py:536} INFO - Filling up the DagBag from /home/airflow/.local/lib/python3.8/site-packages/airflow/example_dags/example_skip_dag.py
[2023-11-15T04:19:31.808+0000] {processor.py:839} INFO - DAG(s) dict_keys(['example_skip_dag']) retrieved from /home/airflow/.local/lib/python3.8/site-packages/airflow/example_dags/example_skip_dag.py
[2023-11-15T04:19:31.835+0000] {logging_mixin.py:151} INFO - [2023-11-15T04:19:31.835+0000] {dag.py:2941} INFO - Sync 1 DAGs
[2023-11-15T04:19:31.863+0000] {logging_mixin.py:151} INFO - [2023-11-15T04:19:31.862+0000] {dag.py:3722} INFO - Setting next_dagrun for example_skip_dag to 2023-11-14T04:19:31.862681+00:00, run_after=2023-11-15T04:19:31.862681+00:00
[2023-11-15T04:19:31.892+0000] {processor.py:179} INFO - Processing /home/airflow/.local/lib/python3.8/site-packages/airflow/example_dags/example_skip_dag.py took 0.101 seconds
[2023-11-15T04:20:02.081+0000] {processor.py:157} INFO - Started process (PID=2636) to work on /home/airflow/.local/lib/python3.8/site-packages/airflow/example_dags/example_skip_dag.py
[2023-11-15T04:20:02.082+0000] {processor.py:829} INFO - Processing file /home/airflow/.local/lib/python3.8/site-packages/airflow/example_dags/example_skip_dag.py for tasks to queue
[2023-11-15T04:20:02.084+0000] {logging_mixin.py:151} INFO - [2023-11-15T04:20:02.084+0000] {dagbag.py:536} INFO - Filling up the DagBag from /home/airflow/.local/lib/python3.8/site-packages/airflow/example_dags/example_skip_dag.py
[2023-11-15T04:20:02.094+0000] {processor.py:839} INFO - DAG(s) dict_keys(['example_skip_dag']) retrieved from /home/airflow/.local/lib/python3.8/site-packages/airflow/example_dags/example_skip_dag.py
[2023-11-15T04:20:02.122+0000] {logging_mixin.py:151} INFO - [2023-11-15T04:20:02.122+0000] {dag.py:2941} INFO - Sync 1 DAGs
[2023-11-15T04:20:02.150+0000] {logging_mixin.py:151} INFO - [2023-11-15T04:20:02.149+0000] {dag.py:3722} INFO - Setting next_dagrun for example_skip_dag to 2023-11-14T04:20:02.149612+00:00, run_after=2023-11-15T04:20:02.149612+00:00
[2023-11-15T04:20:02.171+0000] {processor.py:179} INFO - Processing /home/airflow/.local/lib/python3.8/site-packages/airflow/example_dags/example_skip_dag.py took 0.094 seconds
[2023-11-15T04:20:32.732+0000] {processor.py:157} INFO - Started process (PID=2696) to work on /home/airflow/.local/lib/python3.8/site-packages/airflow/example_dags/example_skip_dag.py
[2023-11-15T04:20:32.733+0000] {processor.py:829} INFO - Processing file /home/airflow/.local/lib/python3.8/site-packages/airflow/example_dags/example_skip_dag.py for tasks to queue
[2023-11-15T04:20:32.736+0000] {logging_mixin.py:151} INFO - [2023-11-15T04:20:32.735+0000] {dagbag.py:536} INFO - Filling up the DagBag from /home/airflow/.local/lib/python3.8/site-packages/airflow/example_dags/example_skip_dag.py
[2023-11-15T04:20:32.744+0000] {processor.py:839} INFO - DAG(s) dict_keys(['example_skip_dag']) retrieved from /home/airflow/.local/lib/python3.8/site-packages/airflow/example_dags/example_skip_dag.py
[2023-11-15T04:20:32.772+0000] {logging_mixin.py:151} INFO - [2023-11-15T04:20:32.772+0000] {dag.py:2941} INFO - Sync 1 DAGs
[2023-11-15T04:20:32.801+0000] {logging_mixin.py:151} INFO - [2023-11-15T04:20:32.801+0000] {dag.py:3722} INFO - Setting next_dagrun for example_skip_dag to 2023-11-14T04:20:32.801044+00:00, run_after=2023-11-15T04:20:32.801044+00:00
[2023-11-15T04:20:32.826+0000] {processor.py:179} INFO - Processing /home/airflow/.local/lib/python3.8/site-packages/airflow/example_dags/example_skip_dag.py took 0.098 seconds
[2023-11-15T04:21:03.047+0000] {processor.py:157} INFO - Started process (PID=2760) to work on /home/airflow/.local/lib/python3.8/site-packages/airflow/example_dags/example_skip_dag.py
[2023-11-15T04:21:03.049+0000] {processor.py:829} INFO - Processing file /home/airflow/.local/lib/python3.8/site-packages/airflow/example_dags/example_skip_dag.py for tasks to queue
[2023-11-15T04:21:03.051+0000] {logging_mixin.py:151} INFO - [2023-11-15T04:21:03.051+0000] {dagbag.py:536} INFO - Filling up the DagBag from /home/airflow/.local/lib/python3.8/site-packages/airflow/example_dags/example_skip_dag.py
[2023-11-15T04:21:03.059+0000] {processor.py:839} INFO - DAG(s) dict_keys(['example_skip_dag']) retrieved from /home/airflow/.local/lib/python3.8/site-packages/airflow/example_dags/example_skip_dag.py
[2023-11-15T04:21:03.087+0000] {logging_mixin.py:151} INFO - [2023-11-15T04:21:03.086+0000] {dag.py:2941} INFO - Sync 1 DAGs
[2023-11-15T04:21:03.114+0000] {logging_mixin.py:151} INFO - [2023-11-15T04:21:03.114+0000] {dag.py:3722} INFO - Setting next_dagrun for example_skip_dag to 2023-11-14T04:21:03.114017+00:00, run_after=2023-11-15T04:21:03.114017+00:00
[2023-11-15T04:21:03.138+0000] {processor.py:179} INFO - Processing /home/airflow/.local/lib/python3.8/site-packages/airflow/example_dags/example_skip_dag.py took 0.094 seconds
[2023-11-15T04:21:33.486+0000] {processor.py:157} INFO - Started process (PID=2820) to work on /home/airflow/.local/lib/python3.8/site-packages/airflow/example_dags/example_skip_dag.py
[2023-11-15T04:21:33.488+0000] {processor.py:829} INFO - Processing file /home/airflow/.local/lib/python3.8/site-packages/airflow/example_dags/example_skip_dag.py for tasks to queue
[2023-11-15T04:21:33.490+0000] {logging_mixin.py:151} INFO - [2023-11-15T04:21:33.490+0000] {dagbag.py:536} INFO - Filling up the DagBag from /home/airflow/.local/lib/python3.8/site-packages/airflow/example_dags/example_skip_dag.py
[2023-11-15T04:21:33.500+0000] {processor.py:839} INFO - DAG(s) dict_keys(['example_skip_dag']) retrieved from /home/airflow/.local/lib/python3.8/site-packages/airflow/example_dags/example_skip_dag.py
[2023-11-15T04:21:33.527+0000] {logging_mixin.py:151} INFO - [2023-11-15T04:21:33.526+0000] {dag.py:2941} INFO - Sync 1 DAGs
[2023-11-15T04:21:33.554+0000] {logging_mixin.py:151} INFO - [2023-11-15T04:21:33.554+0000] {dag.py:3722} INFO - Setting next_dagrun for example_skip_dag to 2023-11-14T04:21:33.553835+00:00, run_after=2023-11-15T04:21:33.553835+00:00
[2023-11-15T04:21:33.579+0000] {processor.py:179} INFO - Processing /home/airflow/.local/lib/python3.8/site-packages/airflow/example_dags/example_skip_dag.py took 0.098 seconds
[2023-11-15T04:22:04.080+0000] {processor.py:157} INFO - Started process (PID=2881) to work on /home/airflow/.local/lib/python3.8/site-packages/airflow/example_dags/example_skip_dag.py
[2023-11-15T04:22:04.081+0000] {processor.py:829} INFO - Processing file /home/airflow/.local/lib/python3.8/site-packages/airflow/example_dags/example_skip_dag.py for tasks to queue
[2023-11-15T04:22:04.084+0000] {logging_mixin.py:151} INFO - [2023-11-15T04:22:04.084+0000] {dagbag.py:536} INFO - Filling up the DagBag from /home/airflow/.local/lib/python3.8/site-packages/airflow/example_dags/example_skip_dag.py
[2023-11-15T04:22:04.094+0000] {processor.py:839} INFO - DAG(s) dict_keys(['example_skip_dag']) retrieved from /home/airflow/.local/lib/python3.8/site-packages/airflow/example_dags/example_skip_dag.py
[2023-11-15T04:22:04.121+0000] {logging_mixin.py:151} INFO - [2023-11-15T04:22:04.121+0000] {dag.py:2941} INFO - Sync 1 DAGs
[2023-11-15T04:22:04.149+0000] {logging_mixin.py:151} INFO - [2023-11-15T04:22:04.149+0000] {dag.py:3722} INFO - Setting next_dagrun for example_skip_dag to 2023-11-14T04:22:04.148808+00:00, run_after=2023-11-15T04:22:04.148808+00:00
[2023-11-15T04:22:04.177+0000] {processor.py:179} INFO - Processing /home/airflow/.local/lib/python3.8/site-packages/airflow/example_dags/example_skip_dag.py took 0.104 seconds
[2023-11-15T04:22:34.425+0000] {processor.py:157} INFO - Started process (PID=2941) to work on /home/airflow/.local/lib/python3.8/site-packages/airflow/example_dags/example_skip_dag.py
[2023-11-15T04:22:34.427+0000] {processor.py:829} INFO - Processing file /home/airflow/.local/lib/python3.8/site-packages/airflow/example_dags/example_skip_dag.py for tasks to queue
[2023-11-15T04:22:34.430+0000] {logging_mixin.py:151} INFO - [2023-11-15T04:22:34.429+0000] {dagbag.py:536} INFO - Filling up the DagBag from /home/airflow/.local/lib/python3.8/site-packages/airflow/example_dags/example_skip_dag.py
[2023-11-15T04:22:34.441+0000] {processor.py:839} INFO - DAG(s) dict_keys(['example_skip_dag']) retrieved from /home/airflow/.local/lib/python3.8/site-packages/airflow/example_dags/example_skip_dag.py
[2023-11-15T04:22:34.472+0000] {logging_mixin.py:151} INFO - [2023-11-15T04:22:34.472+0000] {dag.py:2941} INFO - Sync 1 DAGs
[2023-11-15T04:22:34.497+0000] {logging_mixin.py:151} INFO - [2023-11-15T04:22:34.497+0000] {dag.py:3722} INFO - Setting next_dagrun for example_skip_dag to 2023-11-14T04:22:34.497108+00:00, run_after=2023-11-15T04:22:34.497108+00:00
[2023-11-15T04:22:34.521+0000] {processor.py:179} INFO - Processing /home/airflow/.local/lib/python3.8/site-packages/airflow/example_dags/example_skip_dag.py took 0.103 seconds
[2023-11-15T04:23:04.645+0000] {processor.py:157} INFO - Started process (PID=3000) to work on /home/airflow/.local/lib/python3.8/site-packages/airflow/example_dags/example_skip_dag.py
[2023-11-15T04:23:04.646+0000] {processor.py:829} INFO - Processing file /home/airflow/.local/lib/python3.8/site-packages/airflow/example_dags/example_skip_dag.py for tasks to queue
[2023-11-15T04:23:04.648+0000] {logging_mixin.py:151} INFO - [2023-11-15T04:23:04.648+0000] {dagbag.py:536} INFO - Filling up the DagBag from /home/airflow/.local/lib/python3.8/site-packages/airflow/example_dags/example_skip_dag.py
[2023-11-15T04:23:04.657+0000] {processor.py:839} INFO - DAG(s) dict_keys(['example_skip_dag']) retrieved from /home/airflow/.local/lib/python3.8/site-packages/airflow/example_dags/example_skip_dag.py
[2023-11-15T04:23:04.684+0000] {logging_mixin.py:151} INFO - [2023-11-15T04:23:04.684+0000] {dag.py:2941} INFO - Sync 1 DAGs
[2023-11-15T04:23:04.711+0000] {logging_mixin.py:151} INFO - [2023-11-15T04:23:04.711+0000] {dag.py:3722} INFO - Setting next_dagrun for example_skip_dag to 2023-11-14T04:23:04.711161+00:00, run_after=2023-11-15T04:23:04.711161+00:00
[2023-11-15T04:23:04.734+0000] {processor.py:179} INFO - Processing /home/airflow/.local/lib/python3.8/site-packages/airflow/example_dags/example_skip_dag.py took 0.094 seconds
[2023-11-15T04:23:35.365+0000] {processor.py:157} INFO - Started process (PID=3058) to work on /home/airflow/.local/lib/python3.8/site-packages/airflow/example_dags/example_skip_dag.py
[2023-11-15T04:23:35.367+0000] {processor.py:829} INFO - Processing file /home/airflow/.local/lib/python3.8/site-packages/airflow/example_dags/example_skip_dag.py for tasks to queue
[2023-11-15T04:23:35.371+0000] {logging_mixin.py:151} INFO - [2023-11-15T04:23:35.371+0000] {dagbag.py:536} INFO - Filling up the DagBag from /home/airflow/.local/lib/python3.8/site-packages/airflow/example_dags/example_skip_dag.py
[2023-11-15T04:23:35.385+0000] {processor.py:839} INFO - DAG(s) dict_keys(['example_skip_dag']) retrieved from /home/airflow/.local/lib/python3.8/site-packages/airflow/example_dags/example_skip_dag.py
[2023-11-15T04:23:35.423+0000] {logging_mixin.py:151} INFO - [2023-11-15T04:23:35.422+0000] {dag.py:2941} INFO - Sync 1 DAGs
[2023-11-15T04:23:35.458+0000] {logging_mixin.py:151} INFO - [2023-11-15T04:23:35.457+0000] {dag.py:3722} INFO - Setting next_dagrun for example_skip_dag to 2023-11-14T04:23:35.457453+00:00, run_after=2023-11-15T04:23:35.457453+00:00
[2023-11-15T04:23:35.490+0000] {processor.py:179} INFO - Processing /home/airflow/.local/lib/python3.8/site-packages/airflow/example_dags/example_skip_dag.py took 0.131 seconds
[2023-11-15T04:24:05.623+0000] {processor.py:157} INFO - Started process (PID=3116) to work on /home/airflow/.local/lib/python3.8/site-packages/airflow/example_dags/example_skip_dag.py
[2023-11-15T04:24:05.624+0000] {processor.py:829} INFO - Processing file /home/airflow/.local/lib/python3.8/site-packages/airflow/example_dags/example_skip_dag.py for tasks to queue
[2023-11-15T04:24:05.626+0000] {logging_mixin.py:151} INFO - [2023-11-15T04:24:05.626+0000] {dagbag.py:536} INFO - Filling up the DagBag from /home/airflow/.local/lib/python3.8/site-packages/airflow/example_dags/example_skip_dag.py
[2023-11-15T04:24:05.633+0000] {processor.py:839} INFO - DAG(s) dict_keys(['example_skip_dag']) retrieved from /home/airflow/.local/lib/python3.8/site-packages/airflow/example_dags/example_skip_dag.py
[2023-11-15T04:24:05.660+0000] {logging_mixin.py:151} INFO - [2023-11-15T04:24:05.659+0000] {dag.py:2941} INFO - Sync 1 DAGs
[2023-11-15T04:24:05.686+0000] {logging_mixin.py:151} INFO - [2023-11-15T04:24:05.686+0000] {dag.py:3722} INFO - Setting next_dagrun for example_skip_dag to 2023-11-14T04:24:05.686086+00:00, run_after=2023-11-15T04:24:05.686086+00:00
[2023-11-15T04:24:05.713+0000] {processor.py:179} INFO - Processing /home/airflow/.local/lib/python3.8/site-packages/airflow/example_dags/example_skip_dag.py took 0.094 seconds
[2023-11-15T04:24:35.789+0000] {processor.py:157} INFO - Started process (PID=3174) to work on /home/airflow/.local/lib/python3.8/site-packages/airflow/example_dags/example_skip_dag.py
[2023-11-15T04:24:35.790+0000] {processor.py:829} INFO - Processing file /home/airflow/.local/lib/python3.8/site-packages/airflow/example_dags/example_skip_dag.py for tasks to queue
[2023-11-15T04:24:35.793+0000] {logging_mixin.py:151} INFO - [2023-11-15T04:24:35.792+0000] {dagbag.py:536} INFO - Filling up the DagBag from /home/airflow/.local/lib/python3.8/site-packages/airflow/example_dags/example_skip_dag.py
[2023-11-15T04:24:35.800+0000] {processor.py:839} INFO - DAG(s) dict_keys(['example_skip_dag']) retrieved from /home/airflow/.local/lib/python3.8/site-packages/airflow/example_dags/example_skip_dag.py
[2023-11-15T04:24:35.827+0000] {logging_mixin.py:151} INFO - [2023-11-15T04:24:35.826+0000] {dag.py:2941} INFO - Sync 1 DAGs
[2023-11-15T04:24:35.852+0000] {logging_mixin.py:151} INFO - [2023-11-15T04:24:35.852+0000] {dag.py:3722} INFO - Setting next_dagrun for example_skip_dag to 2023-11-14T04:24:35.851981+00:00, run_after=2023-11-15T04:24:35.851981+00:00
[2023-11-15T04:24:35.876+0000] {processor.py:179} INFO - Processing /home/airflow/.local/lib/python3.8/site-packages/airflow/example_dags/example_skip_dag.py took 0.091 seconds
[2023-11-15T04:25:06.353+0000] {processor.py:157} INFO - Started process (PID=3232) to work on /home/airflow/.local/lib/python3.8/site-packages/airflow/example_dags/example_skip_dag.py
[2023-11-15T04:25:06.355+0000] {processor.py:829} INFO - Processing file /home/airflow/.local/lib/python3.8/site-packages/airflow/example_dags/example_skip_dag.py for tasks to queue
[2023-11-15T04:25:06.358+0000] {logging_mixin.py:151} INFO - [2023-11-15T04:25:06.357+0000] {dagbag.py:536} INFO - Filling up the DagBag from /home/airflow/.local/lib/python3.8/site-packages/airflow/example_dags/example_skip_dag.py
[2023-11-15T04:25:06.367+0000] {processor.py:839} INFO - DAG(s) dict_keys(['example_skip_dag']) retrieved from /home/airflow/.local/lib/python3.8/site-packages/airflow/example_dags/example_skip_dag.py
[2023-11-15T04:25:06.400+0000] {logging_mixin.py:151} INFO - [2023-11-15T04:25:06.399+0000] {dag.py:2941} INFO - Sync 1 DAGs
[2023-11-15T04:25:06.433+0000] {logging_mixin.py:151} INFO - [2023-11-15T04:25:06.432+0000] {dag.py:3722} INFO - Setting next_dagrun for example_skip_dag to 2023-11-14T04:25:06.432618+00:00, run_after=2023-11-15T04:25:06.432618+00:00
[2023-11-15T04:25:06.463+0000] {processor.py:179} INFO - Processing /home/airflow/.local/lib/python3.8/site-packages/airflow/example_dags/example_skip_dag.py took 0.114 seconds
[2023-11-15T04:25:37.301+0000] {processor.py:157} INFO - Started process (PID=3292) to work on /home/airflow/.local/lib/python3.8/site-packages/airflow/example_dags/example_skip_dag.py
[2023-11-15T04:25:37.302+0000] {processor.py:829} INFO - Processing file /home/airflow/.local/lib/python3.8/site-packages/airflow/example_dags/example_skip_dag.py for tasks to queue
[2023-11-15T04:25:37.305+0000] {logging_mixin.py:151} INFO - [2023-11-15T04:25:37.305+0000] {dagbag.py:536} INFO - Filling up the DagBag from /home/airflow/.local/lib/python3.8/site-packages/airflow/example_dags/example_skip_dag.py
[2023-11-15T04:25:37.313+0000] {processor.py:839} INFO - DAG(s) dict_keys(['example_skip_dag']) retrieved from /home/airflow/.local/lib/python3.8/site-packages/airflow/example_dags/example_skip_dag.py
[2023-11-15T04:25:37.344+0000] {logging_mixin.py:151} INFO - [2023-11-15T04:25:37.344+0000] {dag.py:2941} INFO - Sync 1 DAGs
[2023-11-15T04:25:37.374+0000] {logging_mixin.py:151} INFO - [2023-11-15T04:25:37.374+0000] {dag.py:3722} INFO - Setting next_dagrun for example_skip_dag to 2023-11-14T04:25:37.374056+00:00, run_after=2023-11-15T04:25:37.374056+00:00
[2023-11-15T04:25:37.406+0000] {processor.py:179} INFO - Processing /home/airflow/.local/lib/python3.8/site-packages/airflow/example_dags/example_skip_dag.py took 0.110 seconds
[2023-11-15T04:26:07.564+0000] {processor.py:157} INFO - Started process (PID=3350) to work on /home/airflow/.local/lib/python3.8/site-packages/airflow/example_dags/example_skip_dag.py
[2023-11-15T04:26:07.565+0000] {processor.py:829} INFO - Processing file /home/airflow/.local/lib/python3.8/site-packages/airflow/example_dags/example_skip_dag.py for tasks to queue
[2023-11-15T04:26:07.567+0000] {logging_mixin.py:151} INFO - [2023-11-15T04:26:07.567+0000] {dagbag.py:536} INFO - Filling up the DagBag from /home/airflow/.local/lib/python3.8/site-packages/airflow/example_dags/example_skip_dag.py
[2023-11-15T04:26:07.576+0000] {processor.py:839} INFO - DAG(s) dict_keys(['example_skip_dag']) retrieved from /home/airflow/.local/lib/python3.8/site-packages/airflow/example_dags/example_skip_dag.py
[2023-11-15T04:26:07.603+0000] {logging_mixin.py:151} INFO - [2023-11-15T04:26:07.603+0000] {dag.py:2941} INFO - Sync 1 DAGs
[2023-11-15T04:26:07.630+0000] {logging_mixin.py:151} INFO - [2023-11-15T04:26:07.630+0000] {dag.py:3722} INFO - Setting next_dagrun for example_skip_dag to 2023-11-14T04:26:07.630332+00:00, run_after=2023-11-15T04:26:07.630332+00:00
[2023-11-15T04:26:07.656+0000] {processor.py:179} INFO - Processing /home/airflow/.local/lib/python3.8/site-packages/airflow/example_dags/example_skip_dag.py took 0.096 seconds
[2023-11-15T04:26:37.992+0000] {processor.py:157} INFO - Started process (PID=3408) to work on /home/airflow/.local/lib/python3.8/site-packages/airflow/example_dags/example_skip_dag.py
[2023-11-15T04:26:37.994+0000] {processor.py:829} INFO - Processing file /home/airflow/.local/lib/python3.8/site-packages/airflow/example_dags/example_skip_dag.py for tasks to queue
[2023-11-15T04:26:37.997+0000] {logging_mixin.py:151} INFO - [2023-11-15T04:26:37.996+0000] {dagbag.py:536} INFO - Filling up the DagBag from /home/airflow/.local/lib/python3.8/site-packages/airflow/example_dags/example_skip_dag.py
[2023-11-15T04:26:38.009+0000] {processor.py:839} INFO - DAG(s) dict_keys(['example_skip_dag']) retrieved from /home/airflow/.local/lib/python3.8/site-packages/airflow/example_dags/example_skip_dag.py
[2023-11-15T04:26:38.042+0000] {logging_mixin.py:151} INFO - [2023-11-15T04:26:38.041+0000] {dag.py:2941} INFO - Sync 1 DAGs
[2023-11-15T04:26:38.083+0000] {logging_mixin.py:151} INFO - [2023-11-15T04:26:38.083+0000] {dag.py:3722} INFO - Setting next_dagrun for example_skip_dag to 2023-11-14T04:26:38.082858+00:00, run_after=2023-11-15T04:26:38.082858+00:00
[2023-11-15T04:26:38.130+0000] {processor.py:179} INFO - Processing /home/airflow/.local/lib/python3.8/site-packages/airflow/example_dags/example_skip_dag.py took 0.144 seconds
