[2023-11-15T03:11:02.802+0000] {processor.py:157} INFO - Started process (PID=69) to work on /home/airflow/.local/lib/python3.8/site-packages/airflow/example_dags/example_branch_python_dop_operator_3.py
[2023-11-15T03:11:02.803+0000] {processor.py:829} INFO - Processing file /home/airflow/.local/lib/python3.8/site-packages/airflow/example_dags/example_branch_python_dop_operator_3.py for tasks to queue
[2023-11-15T03:11:02.809+0000] {logging_mixin.py:151} INFO - [2023-11-15T03:11:02.808+0000] {dagbag.py:536} INFO - Filling up the DagBag from /home/airflow/.local/lib/python3.8/site-packages/airflow/example_dags/example_branch_python_dop_operator_3.py
[2023-11-15T03:11:02.828+0000] {processor.py:839} INFO - DAG(s) dict_keys(['example_branch_dop_operator_v3']) retrieved from /home/airflow/.local/lib/python3.8/site-packages/airflow/example_dags/example_branch_python_dop_operator_3.py
[2023-11-15T03:11:02.868+0000] {logging_mixin.py:151} INFO - [2023-11-15T03:11:02.868+0000] {dag.py:2941} INFO - Sync 1 DAGs
[2023-11-15T03:11:02.912+0000] {logging_mixin.py:151} INFO - [2023-11-15T03:11:02.911+0000] {dag.py:3722} INFO - Setting next_dagrun for example_branch_dop_operator_v3 to 2023-11-15T03:10:00+00:00, run_after=2023-11-15T03:11:00+00:00
[2023-11-15T03:11:02.939+0000] {processor.py:179} INFO - Processing /home/airflow/.local/lib/python3.8/site-packages/airflow/example_dags/example_branch_python_dop_operator_3.py took 0.140 seconds
[2023-11-15T03:57:36.713+0000] {processor.py:157} INFO - Started process (PID=71) to work on /home/airflow/.local/lib/python3.8/site-packages/airflow/example_dags/example_branch_python_dop_operator_3.py
[2023-11-15T03:57:36.715+0000] {processor.py:829} INFO - Processing file /home/airflow/.local/lib/python3.8/site-packages/airflow/example_dags/example_branch_python_dop_operator_3.py for tasks to queue
[2023-11-15T03:57:36.720+0000] {logging_mixin.py:151} INFO - [2023-11-15T03:57:36.718+0000] {dagbag.py:536} INFO - Filling up the DagBag from /home/airflow/.local/lib/python3.8/site-packages/airflow/example_dags/example_branch_python_dop_operator_3.py
[2023-11-15T03:57:36.738+0000] {processor.py:839} INFO - DAG(s) dict_keys(['example_branch_dop_operator_v3']) retrieved from /home/airflow/.local/lib/python3.8/site-packages/airflow/example_dags/example_branch_python_dop_operator_3.py
[2023-11-15T03:57:36.771+0000] {logging_mixin.py:151} INFO - [2023-11-15T03:57:36.771+0000] {dag.py:2941} INFO - Sync 1 DAGs
[2023-11-15T03:57:36.806+0000] {logging_mixin.py:151} INFO - [2023-11-15T03:57:36.806+0000] {dag.py:3722} INFO - Setting next_dagrun for example_branch_dop_operator_v3 to 2023-11-15T03:56:00+00:00, run_after=2023-11-15T03:57:00+00:00
[2023-11-15T03:57:36.838+0000] {processor.py:179} INFO - Processing /home/airflow/.local/lib/python3.8/site-packages/airflow/example_dags/example_branch_python_dop_operator_3.py took 0.129 seconds
[2023-11-15T03:58:07.893+0000] {processor.py:157} INFO - Started process (PID=129) to work on /home/airflow/.local/lib/python3.8/site-packages/airflow/example_dags/example_branch_python_dop_operator_3.py
[2023-11-15T03:58:07.894+0000] {processor.py:829} INFO - Processing file /home/airflow/.local/lib/python3.8/site-packages/airflow/example_dags/example_branch_python_dop_operator_3.py for tasks to queue
[2023-11-15T03:58:07.897+0000] {logging_mixin.py:151} INFO - [2023-11-15T03:58:07.896+0000] {dagbag.py:536} INFO - Filling up the DagBag from /home/airflow/.local/lib/python3.8/site-packages/airflow/example_dags/example_branch_python_dop_operator_3.py
[2023-11-15T03:58:07.907+0000] {processor.py:839} INFO - DAG(s) dict_keys(['example_branch_dop_operator_v3']) retrieved from /home/airflow/.local/lib/python3.8/site-packages/airflow/example_dags/example_branch_python_dop_operator_3.py
[2023-11-15T03:58:07.932+0000] {logging_mixin.py:151} INFO - [2023-11-15T03:58:07.932+0000] {dag.py:2941} INFO - Sync 1 DAGs
[2023-11-15T03:58:07.964+0000] {logging_mixin.py:151} INFO - [2023-11-15T03:58:07.964+0000] {dag.py:3722} INFO - Setting next_dagrun for example_branch_dop_operator_v3 to 2023-11-15T03:57:00+00:00, run_after=2023-11-15T03:58:00+00:00
[2023-11-15T03:58:07.994+0000] {processor.py:179} INFO - Processing /home/airflow/.local/lib/python3.8/site-packages/airflow/example_dags/example_branch_python_dop_operator_3.py took 0.105 seconds
[2023-11-15T03:58:38.439+0000] {processor.py:157} INFO - Started process (PID=187) to work on /home/airflow/.local/lib/python3.8/site-packages/airflow/example_dags/example_branch_python_dop_operator_3.py
[2023-11-15T03:58:38.440+0000] {processor.py:829} INFO - Processing file /home/airflow/.local/lib/python3.8/site-packages/airflow/example_dags/example_branch_python_dop_operator_3.py for tasks to queue
[2023-11-15T03:58:38.443+0000] {logging_mixin.py:151} INFO - [2023-11-15T03:58:38.442+0000] {dagbag.py:536} INFO - Filling up the DagBag from /home/airflow/.local/lib/python3.8/site-packages/airflow/example_dags/example_branch_python_dop_operator_3.py
[2023-11-15T03:58:38.455+0000] {processor.py:839} INFO - DAG(s) dict_keys(['example_branch_dop_operator_v3']) retrieved from /home/airflow/.local/lib/python3.8/site-packages/airflow/example_dags/example_branch_python_dop_operator_3.py
[2023-11-15T03:58:38.479+0000] {logging_mixin.py:151} INFO - [2023-11-15T03:58:38.478+0000] {dag.py:2941} INFO - Sync 1 DAGs
[2023-11-15T03:58:38.514+0000] {logging_mixin.py:151} INFO - [2023-11-15T03:58:38.514+0000] {dag.py:3722} INFO - Setting next_dagrun for example_branch_dop_operator_v3 to 2023-11-15T03:57:00+00:00, run_after=2023-11-15T03:58:00+00:00
[2023-11-15T03:58:38.538+0000] {processor.py:179} INFO - Processing /home/airflow/.local/lib/python3.8/site-packages/airflow/example_dags/example_branch_python_dop_operator_3.py took 0.103 seconds
[2023-11-15T03:59:09.319+0000] {processor.py:157} INFO - Started process (PID=249) to work on /home/airflow/.local/lib/python3.8/site-packages/airflow/example_dags/example_branch_python_dop_operator_3.py
[2023-11-15T03:59:09.321+0000] {processor.py:829} INFO - Processing file /home/airflow/.local/lib/python3.8/site-packages/airflow/example_dags/example_branch_python_dop_operator_3.py for tasks to queue
[2023-11-15T03:59:09.323+0000] {logging_mixin.py:151} INFO - [2023-11-15T03:59:09.323+0000] {dagbag.py:536} INFO - Filling up the DagBag from /home/airflow/.local/lib/python3.8/site-packages/airflow/example_dags/example_branch_python_dop_operator_3.py
[2023-11-15T03:59:09.334+0000] {processor.py:839} INFO - DAG(s) dict_keys(['example_branch_dop_operator_v3']) retrieved from /home/airflow/.local/lib/python3.8/site-packages/airflow/example_dags/example_branch_python_dop_operator_3.py
[2023-11-15T03:59:09.359+0000] {logging_mixin.py:151} INFO - [2023-11-15T03:59:09.359+0000] {dag.py:2941} INFO - Sync 1 DAGs
[2023-11-15T03:59:09.392+0000] {logging_mixin.py:151} INFO - [2023-11-15T03:59:09.392+0000] {dag.py:3722} INFO - Setting next_dagrun for example_branch_dop_operator_v3 to 2023-11-15T03:58:00+00:00, run_after=2023-11-15T03:59:00+00:00
[2023-11-15T03:59:09.415+0000] {processor.py:179} INFO - Processing /home/airflow/.local/lib/python3.8/site-packages/airflow/example_dags/example_branch_python_dop_operator_3.py took 0.100 seconds
[2023-11-15T03:59:39.947+0000] {processor.py:157} INFO - Started process (PID=307) to work on /home/airflow/.local/lib/python3.8/site-packages/airflow/example_dags/example_branch_python_dop_operator_3.py
[2023-11-15T03:59:39.948+0000] {processor.py:829} INFO - Processing file /home/airflow/.local/lib/python3.8/site-packages/airflow/example_dags/example_branch_python_dop_operator_3.py for tasks to queue
[2023-11-15T03:59:39.951+0000] {logging_mixin.py:151} INFO - [2023-11-15T03:59:39.950+0000] {dagbag.py:536} INFO - Filling up the DagBag from /home/airflow/.local/lib/python3.8/site-packages/airflow/example_dags/example_branch_python_dop_operator_3.py
[2023-11-15T03:59:39.961+0000] {processor.py:839} INFO - DAG(s) dict_keys(['example_branch_dop_operator_v3']) retrieved from /home/airflow/.local/lib/python3.8/site-packages/airflow/example_dags/example_branch_python_dop_operator_3.py
[2023-11-15T03:59:39.988+0000] {logging_mixin.py:151} INFO - [2023-11-15T03:59:39.987+0000] {dag.py:2941} INFO - Sync 1 DAGs
[2023-11-15T03:59:40.023+0000] {logging_mixin.py:151} INFO - [2023-11-15T03:59:40.023+0000] {dag.py:3722} INFO - Setting next_dagrun for example_branch_dop_operator_v3 to 2023-11-15T03:58:00+00:00, run_after=2023-11-15T03:59:00+00:00
[2023-11-15T03:59:40.050+0000] {processor.py:179} INFO - Processing /home/airflow/.local/lib/python3.8/site-packages/airflow/example_dags/example_branch_python_dop_operator_3.py took 0.108 seconds
[2023-11-15T04:00:10.257+0000] {processor.py:157} INFO - Started process (PID=365) to work on /home/airflow/.local/lib/python3.8/site-packages/airflow/example_dags/example_branch_python_dop_operator_3.py
[2023-11-15T04:00:10.258+0000] {processor.py:829} INFO - Processing file /home/airflow/.local/lib/python3.8/site-packages/airflow/example_dags/example_branch_python_dop_operator_3.py for tasks to queue
[2023-11-15T04:00:10.261+0000] {logging_mixin.py:151} INFO - [2023-11-15T04:00:10.260+0000] {dagbag.py:536} INFO - Filling up the DagBag from /home/airflow/.local/lib/python3.8/site-packages/airflow/example_dags/example_branch_python_dop_operator_3.py
[2023-11-15T04:00:10.272+0000] {processor.py:839} INFO - DAG(s) dict_keys(['example_branch_dop_operator_v3']) retrieved from /home/airflow/.local/lib/python3.8/site-packages/airflow/example_dags/example_branch_python_dop_operator_3.py
[2023-11-15T04:00:10.295+0000] {logging_mixin.py:151} INFO - [2023-11-15T04:00:10.295+0000] {dag.py:2941} INFO - Sync 1 DAGs
[2023-11-15T04:00:10.328+0000] {logging_mixin.py:151} INFO - [2023-11-15T04:00:10.328+0000] {dag.py:3722} INFO - Setting next_dagrun for example_branch_dop_operator_v3 to 2023-11-15T03:59:00+00:00, run_after=2023-11-15T04:00:00+00:00
[2023-11-15T04:00:10.352+0000] {processor.py:179} INFO - Processing /home/airflow/.local/lib/python3.8/site-packages/airflow/example_dags/example_branch_python_dop_operator_3.py took 0.099 seconds
[2023-11-15T04:00:41.029+0000] {processor.py:157} INFO - Started process (PID=424) to work on /home/airflow/.local/lib/python3.8/site-packages/airflow/example_dags/example_branch_python_dop_operator_3.py
[2023-11-15T04:00:41.030+0000] {processor.py:829} INFO - Processing file /home/airflow/.local/lib/python3.8/site-packages/airflow/example_dags/example_branch_python_dop_operator_3.py for tasks to queue
[2023-11-15T04:00:41.032+0000] {logging_mixin.py:151} INFO - [2023-11-15T04:00:41.032+0000] {dagbag.py:536} INFO - Filling up the DagBag from /home/airflow/.local/lib/python3.8/site-packages/airflow/example_dags/example_branch_python_dop_operator_3.py
[2023-11-15T04:00:41.043+0000] {processor.py:839} INFO - DAG(s) dict_keys(['example_branch_dop_operator_v3']) retrieved from /home/airflow/.local/lib/python3.8/site-packages/airflow/example_dags/example_branch_python_dop_operator_3.py
[2023-11-15T04:00:41.071+0000] {logging_mixin.py:151} INFO - [2023-11-15T04:00:41.070+0000] {dag.py:2941} INFO - Sync 1 DAGs
[2023-11-15T04:00:41.112+0000] {logging_mixin.py:151} INFO - [2023-11-15T04:00:41.112+0000] {dag.py:3722} INFO - Setting next_dagrun for example_branch_dop_operator_v3 to 2023-11-15T03:59:00+00:00, run_after=2023-11-15T04:00:00+00:00
[2023-11-15T04:00:41.136+0000] {processor.py:179} INFO - Processing /home/airflow/.local/lib/python3.8/site-packages/airflow/example_dags/example_branch_python_dop_operator_3.py took 0.111 seconds
[2023-11-15T04:01:11.786+0000] {processor.py:157} INFO - Started process (PID=482) to work on /home/airflow/.local/lib/python3.8/site-packages/airflow/example_dags/example_branch_python_dop_operator_3.py
[2023-11-15T04:01:11.787+0000] {processor.py:829} INFO - Processing file /home/airflow/.local/lib/python3.8/site-packages/airflow/example_dags/example_branch_python_dop_operator_3.py for tasks to queue
[2023-11-15T04:01:11.790+0000] {logging_mixin.py:151} INFO - [2023-11-15T04:01:11.789+0000] {dagbag.py:536} INFO - Filling up the DagBag from /home/airflow/.local/lib/python3.8/site-packages/airflow/example_dags/example_branch_python_dop_operator_3.py
[2023-11-15T04:01:11.800+0000] {processor.py:839} INFO - DAG(s) dict_keys(['example_branch_dop_operator_v3']) retrieved from /home/airflow/.local/lib/python3.8/site-packages/airflow/example_dags/example_branch_python_dop_operator_3.py
[2023-11-15T04:01:11.826+0000] {logging_mixin.py:151} INFO - [2023-11-15T04:01:11.826+0000] {dag.py:2941} INFO - Sync 1 DAGs
[2023-11-15T04:01:11.861+0000] {logging_mixin.py:151} INFO - [2023-11-15T04:01:11.861+0000] {dag.py:3722} INFO - Setting next_dagrun for example_branch_dop_operator_v3 to 2023-11-15T04:00:00+00:00, run_after=2023-11-15T04:01:00+00:00
[2023-11-15T04:01:11.887+0000] {processor.py:179} INFO - Processing /home/airflow/.local/lib/python3.8/site-packages/airflow/example_dags/example_branch_python_dop_operator_3.py took 0.104 seconds
[2023-11-15T04:01:43.039+0000] {processor.py:157} INFO - Started process (PID=540) to work on /home/airflow/.local/lib/python3.8/site-packages/airflow/example_dags/example_branch_python_dop_operator_3.py
[2023-11-15T04:01:43.041+0000] {processor.py:829} INFO - Processing file /home/airflow/.local/lib/python3.8/site-packages/airflow/example_dags/example_branch_python_dop_operator_3.py for tasks to queue
[2023-11-15T04:01:43.043+0000] {logging_mixin.py:151} INFO - [2023-11-15T04:01:43.043+0000] {dagbag.py:536} INFO - Filling up the DagBag from /home/airflow/.local/lib/python3.8/site-packages/airflow/example_dags/example_branch_python_dop_operator_3.py
[2023-11-15T04:01:43.054+0000] {processor.py:839} INFO - DAG(s) dict_keys(['example_branch_dop_operator_v3']) retrieved from /home/airflow/.local/lib/python3.8/site-packages/airflow/example_dags/example_branch_python_dop_operator_3.py
[2023-11-15T04:01:43.079+0000] {logging_mixin.py:151} INFO - [2023-11-15T04:01:43.079+0000] {dag.py:2941} INFO - Sync 1 DAGs
[2023-11-15T04:01:43.115+0000] {logging_mixin.py:151} INFO - [2023-11-15T04:01:43.115+0000] {dag.py:3722} INFO - Setting next_dagrun for example_branch_dop_operator_v3 to 2023-11-15T04:00:00+00:00, run_after=2023-11-15T04:01:00+00:00
[2023-11-15T04:01:43.137+0000] {processor.py:179} INFO - Processing /home/airflow/.local/lib/python3.8/site-packages/airflow/example_dags/example_branch_python_dop_operator_3.py took 0.102 seconds
[2023-11-15T04:02:13.857+0000] {processor.py:157} INFO - Started process (PID=603) to work on /home/airflow/.local/lib/python3.8/site-packages/airflow/example_dags/example_branch_python_dop_operator_3.py
[2023-11-15T04:02:13.858+0000] {processor.py:829} INFO - Processing file /home/airflow/.local/lib/python3.8/site-packages/airflow/example_dags/example_branch_python_dop_operator_3.py for tasks to queue
[2023-11-15T04:02:13.860+0000] {logging_mixin.py:151} INFO - [2023-11-15T04:02:13.860+0000] {dagbag.py:536} INFO - Filling up the DagBag from /home/airflow/.local/lib/python3.8/site-packages/airflow/example_dags/example_branch_python_dop_operator_3.py
[2023-11-15T04:02:13.871+0000] {processor.py:839} INFO - DAG(s) dict_keys(['example_branch_dop_operator_v3']) retrieved from /home/airflow/.local/lib/python3.8/site-packages/airflow/example_dags/example_branch_python_dop_operator_3.py
[2023-11-15T04:02:13.898+0000] {logging_mixin.py:151} INFO - [2023-11-15T04:02:13.898+0000] {dag.py:2941} INFO - Sync 1 DAGs
[2023-11-15T04:02:13.936+0000] {logging_mixin.py:151} INFO - [2023-11-15T04:02:13.936+0000] {dag.py:3722} INFO - Setting next_dagrun for example_branch_dop_operator_v3 to 2023-11-15T04:01:00+00:00, run_after=2023-11-15T04:02:00+00:00
[2023-11-15T04:02:13.962+0000] {processor.py:179} INFO - Processing /home/airflow/.local/lib/python3.8/site-packages/airflow/example_dags/example_branch_python_dop_operator_3.py took 0.110 seconds
[2023-11-15T04:02:44.870+0000] {processor.py:157} INFO - Started process (PID=663) to work on /home/airflow/.local/lib/python3.8/site-packages/airflow/example_dags/example_branch_python_dop_operator_3.py
[2023-11-15T04:02:44.871+0000] {processor.py:829} INFO - Processing file /home/airflow/.local/lib/python3.8/site-packages/airflow/example_dags/example_branch_python_dop_operator_3.py for tasks to queue
[2023-11-15T04:02:44.873+0000] {logging_mixin.py:151} INFO - [2023-11-15T04:02:44.873+0000] {dagbag.py:536} INFO - Filling up the DagBag from /home/airflow/.local/lib/python3.8/site-packages/airflow/example_dags/example_branch_python_dop_operator_3.py
[2023-11-15T04:02:44.885+0000] {processor.py:839} INFO - DAG(s) dict_keys(['example_branch_dop_operator_v3']) retrieved from /home/airflow/.local/lib/python3.8/site-packages/airflow/example_dags/example_branch_python_dop_operator_3.py
[2023-11-15T04:02:44.914+0000] {logging_mixin.py:151} INFO - [2023-11-15T04:02:44.913+0000] {dag.py:2941} INFO - Sync 1 DAGs
[2023-11-15T04:02:44.951+0000] {logging_mixin.py:151} INFO - [2023-11-15T04:02:44.951+0000] {dag.py:3722} INFO - Setting next_dagrun for example_branch_dop_operator_v3 to 2023-11-15T04:01:00+00:00, run_after=2023-11-15T04:02:00+00:00
[2023-11-15T04:02:44.976+0000] {processor.py:179} INFO - Processing /home/airflow/.local/lib/python3.8/site-packages/airflow/example_dags/example_branch_python_dop_operator_3.py took 0.110 seconds
[2023-11-15T04:03:15.567+0000] {processor.py:157} INFO - Started process (PID=721) to work on /home/airflow/.local/lib/python3.8/site-packages/airflow/example_dags/example_branch_python_dop_operator_3.py
[2023-11-15T04:03:15.568+0000] {processor.py:829} INFO - Processing file /home/airflow/.local/lib/python3.8/site-packages/airflow/example_dags/example_branch_python_dop_operator_3.py for tasks to queue
[2023-11-15T04:03:15.570+0000] {logging_mixin.py:151} INFO - [2023-11-15T04:03:15.570+0000] {dagbag.py:536} INFO - Filling up the DagBag from /home/airflow/.local/lib/python3.8/site-packages/airflow/example_dags/example_branch_python_dop_operator_3.py
[2023-11-15T04:03:15.581+0000] {processor.py:839} INFO - DAG(s) dict_keys(['example_branch_dop_operator_v3']) retrieved from /home/airflow/.local/lib/python3.8/site-packages/airflow/example_dags/example_branch_python_dop_operator_3.py
[2023-11-15T04:03:15.611+0000] {logging_mixin.py:151} INFO - [2023-11-15T04:03:15.611+0000] {dag.py:2941} INFO - Sync 1 DAGs
[2023-11-15T04:03:15.648+0000] {logging_mixin.py:151} INFO - [2023-11-15T04:03:15.648+0000] {dag.py:3722} INFO - Setting next_dagrun for example_branch_dop_operator_v3 to 2023-11-15T04:02:00+00:00, run_after=2023-11-15T04:03:00+00:00
[2023-11-15T04:03:15.672+0000] {processor.py:179} INFO - Processing /home/airflow/.local/lib/python3.8/site-packages/airflow/example_dags/example_branch_python_dop_operator_3.py took 0.110 seconds
[2023-11-15T04:03:46.416+0000] {processor.py:157} INFO - Started process (PID=788) to work on /home/airflow/.local/lib/python3.8/site-packages/airflow/example_dags/example_branch_python_dop_operator_3.py
[2023-11-15T04:03:46.418+0000] {processor.py:829} INFO - Processing file /home/airflow/.local/lib/python3.8/site-packages/airflow/example_dags/example_branch_python_dop_operator_3.py for tasks to queue
[2023-11-15T04:03:46.420+0000] {logging_mixin.py:151} INFO - [2023-11-15T04:03:46.420+0000] {dagbag.py:536} INFO - Filling up the DagBag from /home/airflow/.local/lib/python3.8/site-packages/airflow/example_dags/example_branch_python_dop_operator_3.py
[2023-11-15T04:03:46.431+0000] {processor.py:839} INFO - DAG(s) dict_keys(['example_branch_dop_operator_v3']) retrieved from /home/airflow/.local/lib/python3.8/site-packages/airflow/example_dags/example_branch_python_dop_operator_3.py
[2023-11-15T04:03:46.456+0000] {logging_mixin.py:151} INFO - [2023-11-15T04:03:46.455+0000] {dag.py:2941} INFO - Sync 1 DAGs
[2023-11-15T04:03:46.490+0000] {logging_mixin.py:151} INFO - [2023-11-15T04:03:46.490+0000] {dag.py:3722} INFO - Setting next_dagrun for example_branch_dop_operator_v3 to 2023-11-15T04:02:00+00:00, run_after=2023-11-15T04:03:00+00:00
[2023-11-15T04:03:46.517+0000] {processor.py:179} INFO - Processing /home/airflow/.local/lib/python3.8/site-packages/airflow/example_dags/example_branch_python_dop_operator_3.py took 0.105 seconds
[2023-11-15T04:04:16.995+0000] {processor.py:157} INFO - Started process (PID=846) to work on /home/airflow/.local/lib/python3.8/site-packages/airflow/example_dags/example_branch_python_dop_operator_3.py
[2023-11-15T04:04:16.996+0000] {processor.py:829} INFO - Processing file /home/airflow/.local/lib/python3.8/site-packages/airflow/example_dags/example_branch_python_dop_operator_3.py for tasks to queue
[2023-11-15T04:04:16.998+0000] {logging_mixin.py:151} INFO - [2023-11-15T04:04:16.998+0000] {dagbag.py:536} INFO - Filling up the DagBag from /home/airflow/.local/lib/python3.8/site-packages/airflow/example_dags/example_branch_python_dop_operator_3.py
[2023-11-15T04:04:17.010+0000] {processor.py:839} INFO - DAG(s) dict_keys(['example_branch_dop_operator_v3']) retrieved from /home/airflow/.local/lib/python3.8/site-packages/airflow/example_dags/example_branch_python_dop_operator_3.py
[2023-11-15T04:04:17.035+0000] {logging_mixin.py:151} INFO - [2023-11-15T04:04:17.035+0000] {dag.py:2941} INFO - Sync 1 DAGs
[2023-11-15T04:04:17.070+0000] {logging_mixin.py:151} INFO - [2023-11-15T04:04:17.070+0000] {dag.py:3722} INFO - Setting next_dagrun for example_branch_dop_operator_v3 to 2023-11-15T04:03:00+00:00, run_after=2023-11-15T04:04:00+00:00
[2023-11-15T04:04:17.093+0000] {processor.py:179} INFO - Processing /home/airflow/.local/lib/python3.8/site-packages/airflow/example_dags/example_branch_python_dop_operator_3.py took 0.101 seconds
[2023-11-15T04:04:48.067+0000] {processor.py:157} INFO - Started process (PID=904) to work on /home/airflow/.local/lib/python3.8/site-packages/airflow/example_dags/example_branch_python_dop_operator_3.py
[2023-11-15T04:04:48.069+0000] {processor.py:829} INFO - Processing file /home/airflow/.local/lib/python3.8/site-packages/airflow/example_dags/example_branch_python_dop_operator_3.py for tasks to queue
[2023-11-15T04:04:48.072+0000] {logging_mixin.py:151} INFO - [2023-11-15T04:04:48.072+0000] {dagbag.py:536} INFO - Filling up the DagBag from /home/airflow/.local/lib/python3.8/site-packages/airflow/example_dags/example_branch_python_dop_operator_3.py
[2023-11-15T04:04:48.086+0000] {processor.py:839} INFO - DAG(s) dict_keys(['example_branch_dop_operator_v3']) retrieved from /home/airflow/.local/lib/python3.8/site-packages/airflow/example_dags/example_branch_python_dop_operator_3.py
[2023-11-15T04:04:48.113+0000] {logging_mixin.py:151} INFO - [2023-11-15T04:04:48.112+0000] {dag.py:2941} INFO - Sync 1 DAGs
[2023-11-15T04:04:48.148+0000] {logging_mixin.py:151} INFO - [2023-11-15T04:04:48.148+0000] {dag.py:3722} INFO - Setting next_dagrun for example_branch_dop_operator_v3 to 2023-11-15T04:03:00+00:00, run_after=2023-11-15T04:04:00+00:00
[2023-11-15T04:04:48.174+0000] {processor.py:179} INFO - Processing /home/airflow/.local/lib/python3.8/site-packages/airflow/example_dags/example_branch_python_dop_operator_3.py took 0.111 seconds
[2023-11-15T04:05:18.576+0000] {processor.py:157} INFO - Started process (PID=963) to work on /home/airflow/.local/lib/python3.8/site-packages/airflow/example_dags/example_branch_python_dop_operator_3.py
[2023-11-15T04:05:18.578+0000] {processor.py:829} INFO - Processing file /home/airflow/.local/lib/python3.8/site-packages/airflow/example_dags/example_branch_python_dop_operator_3.py for tasks to queue
[2023-11-15T04:05:18.580+0000] {logging_mixin.py:151} INFO - [2023-11-15T04:05:18.580+0000] {dagbag.py:536} INFO - Filling up the DagBag from /home/airflow/.local/lib/python3.8/site-packages/airflow/example_dags/example_branch_python_dop_operator_3.py
[2023-11-15T04:05:18.592+0000] {processor.py:839} INFO - DAG(s) dict_keys(['example_branch_dop_operator_v3']) retrieved from /home/airflow/.local/lib/python3.8/site-packages/airflow/example_dags/example_branch_python_dop_operator_3.py
[2023-11-15T04:05:18.617+0000] {logging_mixin.py:151} INFO - [2023-11-15T04:05:18.616+0000] {dag.py:2941} INFO - Sync 1 DAGs
[2023-11-15T04:05:18.655+0000] {logging_mixin.py:151} INFO - [2023-11-15T04:05:18.654+0000] {dag.py:3722} INFO - Setting next_dagrun for example_branch_dop_operator_v3 to 2023-11-15T04:04:00+00:00, run_after=2023-11-15T04:05:00+00:00
[2023-11-15T04:05:18.683+0000] {processor.py:179} INFO - Processing /home/airflow/.local/lib/python3.8/site-packages/airflow/example_dags/example_branch_python_dop_operator_3.py took 0.111 seconds
[2023-11-15T04:05:49.589+0000] {processor.py:157} INFO - Started process (PID=1022) to work on /home/airflow/.local/lib/python3.8/site-packages/airflow/example_dags/example_branch_python_dop_operator_3.py
[2023-11-15T04:05:49.590+0000] {processor.py:829} INFO - Processing file /home/airflow/.local/lib/python3.8/site-packages/airflow/example_dags/example_branch_python_dop_operator_3.py for tasks to queue
[2023-11-15T04:05:49.592+0000] {logging_mixin.py:151} INFO - [2023-11-15T04:05:49.592+0000] {dagbag.py:536} INFO - Filling up the DagBag from /home/airflow/.local/lib/python3.8/site-packages/airflow/example_dags/example_branch_python_dop_operator_3.py
[2023-11-15T04:05:49.606+0000] {processor.py:839} INFO - DAG(s) dict_keys(['example_branch_dop_operator_v3']) retrieved from /home/airflow/.local/lib/python3.8/site-packages/airflow/example_dags/example_branch_python_dop_operator_3.py
[2023-11-15T04:05:49.634+0000] {logging_mixin.py:151} INFO - [2023-11-15T04:05:49.634+0000] {dag.py:2941} INFO - Sync 1 DAGs
[2023-11-15T04:05:49.670+0000] {logging_mixin.py:151} INFO - [2023-11-15T04:05:49.670+0000] {dag.py:3722} INFO - Setting next_dagrun for example_branch_dop_operator_v3 to 2023-11-15T04:04:00+00:00, run_after=2023-11-15T04:05:00+00:00
[2023-11-15T04:05:49.701+0000] {processor.py:179} INFO - Processing /home/airflow/.local/lib/python3.8/site-packages/airflow/example_dags/example_branch_python_dop_operator_3.py took 0.116 seconds
[2023-11-15T04:06:19.959+0000] {processor.py:157} INFO - Started process (PID=1080) to work on /home/airflow/.local/lib/python3.8/site-packages/airflow/example_dags/example_branch_python_dop_operator_3.py
[2023-11-15T04:06:19.961+0000] {processor.py:829} INFO - Processing file /home/airflow/.local/lib/python3.8/site-packages/airflow/example_dags/example_branch_python_dop_operator_3.py for tasks to queue
[2023-11-15T04:06:19.963+0000] {logging_mixin.py:151} INFO - [2023-11-15T04:06:19.963+0000] {dagbag.py:536} INFO - Filling up the DagBag from /home/airflow/.local/lib/python3.8/site-packages/airflow/example_dags/example_branch_python_dop_operator_3.py
[2023-11-15T04:06:19.974+0000] {processor.py:839} INFO - DAG(s) dict_keys(['example_branch_dop_operator_v3']) retrieved from /home/airflow/.local/lib/python3.8/site-packages/airflow/example_dags/example_branch_python_dop_operator_3.py
[2023-11-15T04:06:19.999+0000] {logging_mixin.py:151} INFO - [2023-11-15T04:06:19.999+0000] {dag.py:2941} INFO - Sync 1 DAGs
[2023-11-15T04:06:20.040+0000] {logging_mixin.py:151} INFO - [2023-11-15T04:06:20.040+0000] {dag.py:3722} INFO - Setting next_dagrun for example_branch_dop_operator_v3 to 2023-11-15T04:05:00+00:00, run_after=2023-11-15T04:06:00+00:00
[2023-11-15T04:06:20.064+0000] {processor.py:179} INFO - Processing /home/airflow/.local/lib/python3.8/site-packages/airflow/example_dags/example_branch_python_dop_operator_3.py took 0.108 seconds
[2023-11-15T04:06:50.571+0000] {processor.py:157} INFO - Started process (PID=1137) to work on /home/airflow/.local/lib/python3.8/site-packages/airflow/example_dags/example_branch_python_dop_operator_3.py
[2023-11-15T04:06:50.573+0000] {processor.py:829} INFO - Processing file /home/airflow/.local/lib/python3.8/site-packages/airflow/example_dags/example_branch_python_dop_operator_3.py for tasks to queue
[2023-11-15T04:06:50.576+0000] {logging_mixin.py:151} INFO - [2023-11-15T04:06:50.576+0000] {dagbag.py:536} INFO - Filling up the DagBag from /home/airflow/.local/lib/python3.8/site-packages/airflow/example_dags/example_branch_python_dop_operator_3.py
[2023-11-15T04:06:50.588+0000] {processor.py:839} INFO - DAG(s) dict_keys(['example_branch_dop_operator_v3']) retrieved from /home/airflow/.local/lib/python3.8/site-packages/airflow/example_dags/example_branch_python_dop_operator_3.py
[2023-11-15T04:06:50.616+0000] {logging_mixin.py:151} INFO - [2023-11-15T04:06:50.615+0000] {dag.py:2941} INFO - Sync 1 DAGs
[2023-11-15T04:06:50.654+0000] {logging_mixin.py:151} INFO - [2023-11-15T04:06:50.654+0000] {dag.py:3722} INFO - Setting next_dagrun for example_branch_dop_operator_v3 to 2023-11-15T04:05:00+00:00, run_after=2023-11-15T04:06:00+00:00
[2023-11-15T04:06:50.688+0000] {processor.py:179} INFO - Processing /home/airflow/.local/lib/python3.8/site-packages/airflow/example_dags/example_branch_python_dop_operator_3.py took 0.123 seconds
[2023-11-15T04:07:21.352+0000] {processor.py:157} INFO - Started process (PID=1196) to work on /home/airflow/.local/lib/python3.8/site-packages/airflow/example_dags/example_branch_python_dop_operator_3.py
[2023-11-15T04:07:21.353+0000] {processor.py:829} INFO - Processing file /home/airflow/.local/lib/python3.8/site-packages/airflow/example_dags/example_branch_python_dop_operator_3.py for tasks to queue
[2023-11-15T04:07:21.356+0000] {logging_mixin.py:151} INFO - [2023-11-15T04:07:21.355+0000] {dagbag.py:536} INFO - Filling up the DagBag from /home/airflow/.local/lib/python3.8/site-packages/airflow/example_dags/example_branch_python_dop_operator_3.py
[2023-11-15T04:07:21.367+0000] {processor.py:839} INFO - DAG(s) dict_keys(['example_branch_dop_operator_v3']) retrieved from /home/airflow/.local/lib/python3.8/site-packages/airflow/example_dags/example_branch_python_dop_operator_3.py
[2023-11-15T04:07:21.393+0000] {logging_mixin.py:151} INFO - [2023-11-15T04:07:21.393+0000] {dag.py:2941} INFO - Sync 1 DAGs
[2023-11-15T04:07:21.427+0000] {logging_mixin.py:151} INFO - [2023-11-15T04:07:21.427+0000] {dag.py:3722} INFO - Setting next_dagrun for example_branch_dop_operator_v3 to 2023-11-15T04:06:00+00:00, run_after=2023-11-15T04:07:00+00:00
[2023-11-15T04:07:21.458+0000] {processor.py:179} INFO - Processing /home/airflow/.local/lib/python3.8/site-packages/airflow/example_dags/example_branch_python_dop_operator_3.py took 0.111 seconds
[2023-11-15T04:07:51.858+0000] {processor.py:157} INFO - Started process (PID=1253) to work on /home/airflow/.local/lib/python3.8/site-packages/airflow/example_dags/example_branch_python_dop_operator_3.py
[2023-11-15T04:07:51.860+0000] {processor.py:829} INFO - Processing file /home/airflow/.local/lib/python3.8/site-packages/airflow/example_dags/example_branch_python_dop_operator_3.py for tasks to queue
[2023-11-15T04:07:51.863+0000] {logging_mixin.py:151} INFO - [2023-11-15T04:07:51.863+0000] {dagbag.py:536} INFO - Filling up the DagBag from /home/airflow/.local/lib/python3.8/site-packages/airflow/example_dags/example_branch_python_dop_operator_3.py
[2023-11-15T04:07:51.875+0000] {processor.py:839} INFO - DAG(s) dict_keys(['example_branch_dop_operator_v3']) retrieved from /home/airflow/.local/lib/python3.8/site-packages/airflow/example_dags/example_branch_python_dop_operator_3.py
[2023-11-15T04:07:51.906+0000] {logging_mixin.py:151} INFO - [2023-11-15T04:07:51.905+0000] {dag.py:2941} INFO - Sync 1 DAGs
[2023-11-15T04:07:51.959+0000] {logging_mixin.py:151} INFO - [2023-11-15T04:07:51.958+0000] {dag.py:3722} INFO - Setting next_dagrun for example_branch_dop_operator_v3 to 2023-11-15T04:06:00+00:00, run_after=2023-11-15T04:07:00+00:00
[2023-11-15T04:07:51.989+0000] {processor.py:179} INFO - Processing /home/airflow/.local/lib/python3.8/site-packages/airflow/example_dags/example_branch_python_dop_operator_3.py took 0.136 seconds
[2023-11-15T04:08:22.075+0000] {processor.py:157} INFO - Started process (PID=1311) to work on /home/airflow/.local/lib/python3.8/site-packages/airflow/example_dags/example_branch_python_dop_operator_3.py
[2023-11-15T04:08:22.076+0000] {processor.py:829} INFO - Processing file /home/airflow/.local/lib/python3.8/site-packages/airflow/example_dags/example_branch_python_dop_operator_3.py for tasks to queue
[2023-11-15T04:08:22.079+0000] {logging_mixin.py:151} INFO - [2023-11-15T04:08:22.078+0000] {dagbag.py:536} INFO - Filling up the DagBag from /home/airflow/.local/lib/python3.8/site-packages/airflow/example_dags/example_branch_python_dop_operator_3.py
[2023-11-15T04:08:22.090+0000] {processor.py:839} INFO - DAG(s) dict_keys(['example_branch_dop_operator_v3']) retrieved from /home/airflow/.local/lib/python3.8/site-packages/airflow/example_dags/example_branch_python_dop_operator_3.py
[2023-11-15T04:08:22.116+0000] {logging_mixin.py:151} INFO - [2023-11-15T04:08:22.116+0000] {dag.py:2941} INFO - Sync 1 DAGs
[2023-11-15T04:08:22.153+0000] {logging_mixin.py:151} INFO - [2023-11-15T04:08:22.153+0000] {dag.py:3722} INFO - Setting next_dagrun for example_branch_dop_operator_v3 to 2023-11-15T04:07:00+00:00, run_after=2023-11-15T04:08:00+00:00
[2023-11-15T04:08:22.190+0000] {processor.py:179} INFO - Processing /home/airflow/.local/lib/python3.8/site-packages/airflow/example_dags/example_branch_python_dop_operator_3.py took 0.119 seconds
[2023-11-15T04:08:52.466+0000] {processor.py:157} INFO - Started process (PID=1368) to work on /home/airflow/.local/lib/python3.8/site-packages/airflow/example_dags/example_branch_python_dop_operator_3.py
[2023-11-15T04:08:52.468+0000] {processor.py:829} INFO - Processing file /home/airflow/.local/lib/python3.8/site-packages/airflow/example_dags/example_branch_python_dop_operator_3.py for tasks to queue
[2023-11-15T04:08:52.470+0000] {logging_mixin.py:151} INFO - [2023-11-15T04:08:52.470+0000] {dagbag.py:536} INFO - Filling up the DagBag from /home/airflow/.local/lib/python3.8/site-packages/airflow/example_dags/example_branch_python_dop_operator_3.py
[2023-11-15T04:08:52.483+0000] {processor.py:839} INFO - DAG(s) dict_keys(['example_branch_dop_operator_v3']) retrieved from /home/airflow/.local/lib/python3.8/site-packages/airflow/example_dags/example_branch_python_dop_operator_3.py
[2023-11-15T04:08:52.509+0000] {logging_mixin.py:151} INFO - [2023-11-15T04:08:52.508+0000] {dag.py:2941} INFO - Sync 1 DAGs
[2023-11-15T04:08:52.540+0000] {logging_mixin.py:151} INFO - [2023-11-15T04:08:52.540+0000] {dag.py:3722} INFO - Setting next_dagrun for example_branch_dop_operator_v3 to 2023-11-15T04:07:00+00:00, run_after=2023-11-15T04:08:00+00:00
[2023-11-15T04:08:52.563+0000] {processor.py:179} INFO - Processing /home/airflow/.local/lib/python3.8/site-packages/airflow/example_dags/example_branch_python_dop_operator_3.py took 0.101 seconds
[2023-11-15T04:09:22.963+0000] {processor.py:157} INFO - Started process (PID=1425) to work on /home/airflow/.local/lib/python3.8/site-packages/airflow/example_dags/example_branch_python_dop_operator_3.py
[2023-11-15T04:09:22.965+0000] {processor.py:829} INFO - Processing file /home/airflow/.local/lib/python3.8/site-packages/airflow/example_dags/example_branch_python_dop_operator_3.py for tasks to queue
[2023-11-15T04:09:22.968+0000] {logging_mixin.py:151} INFO - [2023-11-15T04:09:22.967+0000] {dagbag.py:536} INFO - Filling up the DagBag from /home/airflow/.local/lib/python3.8/site-packages/airflow/example_dags/example_branch_python_dop_operator_3.py
[2023-11-15T04:09:22.982+0000] {processor.py:839} INFO - DAG(s) dict_keys(['example_branch_dop_operator_v3']) retrieved from /home/airflow/.local/lib/python3.8/site-packages/airflow/example_dags/example_branch_python_dop_operator_3.py
[2023-11-15T04:09:23.007+0000] {logging_mixin.py:151} INFO - [2023-11-15T04:09:23.007+0000] {dag.py:2941} INFO - Sync 1 DAGs
[2023-11-15T04:09:23.046+0000] {logging_mixin.py:151} INFO - [2023-11-15T04:09:23.045+0000] {dag.py:3722} INFO - Setting next_dagrun for example_branch_dop_operator_v3 to 2023-11-15T04:08:00+00:00, run_after=2023-11-15T04:09:00+00:00
[2023-11-15T04:09:23.074+0000] {processor.py:179} INFO - Processing /home/airflow/.local/lib/python3.8/site-packages/airflow/example_dags/example_branch_python_dop_operator_3.py took 0.115 seconds
[2023-11-15T04:09:53.562+0000] {processor.py:157} INFO - Started process (PID=1482) to work on /home/airflow/.local/lib/python3.8/site-packages/airflow/example_dags/example_branch_python_dop_operator_3.py
[2023-11-15T04:09:53.563+0000] {processor.py:829} INFO - Processing file /home/airflow/.local/lib/python3.8/site-packages/airflow/example_dags/example_branch_python_dop_operator_3.py for tasks to queue
[2023-11-15T04:09:53.566+0000] {logging_mixin.py:151} INFO - [2023-11-15T04:09:53.566+0000] {dagbag.py:536} INFO - Filling up the DagBag from /home/airflow/.local/lib/python3.8/site-packages/airflow/example_dags/example_branch_python_dop_operator_3.py
[2023-11-15T04:09:53.577+0000] {processor.py:839} INFO - DAG(s) dict_keys(['example_branch_dop_operator_v3']) retrieved from /home/airflow/.local/lib/python3.8/site-packages/airflow/example_dags/example_branch_python_dop_operator_3.py
[2023-11-15T04:09:53.601+0000] {logging_mixin.py:151} INFO - [2023-11-15T04:09:53.601+0000] {dag.py:2941} INFO - Sync 1 DAGs
[2023-11-15T04:09:53.643+0000] {logging_mixin.py:151} INFO - [2023-11-15T04:09:53.642+0000] {dag.py:3722} INFO - Setting next_dagrun for example_branch_dop_operator_v3 to 2023-11-15T04:08:00+00:00, run_after=2023-11-15T04:09:00+00:00
[2023-11-15T04:09:53.669+0000] {processor.py:179} INFO - Processing /home/airflow/.local/lib/python3.8/site-packages/airflow/example_dags/example_branch_python_dop_operator_3.py took 0.111 seconds
[2023-11-15T04:10:24.237+0000] {processor.py:157} INFO - Started process (PID=1539) to work on /home/airflow/.local/lib/python3.8/site-packages/airflow/example_dags/example_branch_python_dop_operator_3.py
[2023-11-15T04:10:24.238+0000] {processor.py:829} INFO - Processing file /home/airflow/.local/lib/python3.8/site-packages/airflow/example_dags/example_branch_python_dop_operator_3.py for tasks to queue
[2023-11-15T04:10:24.240+0000] {logging_mixin.py:151} INFO - [2023-11-15T04:10:24.240+0000] {dagbag.py:536} INFO - Filling up the DagBag from /home/airflow/.local/lib/python3.8/site-packages/airflow/example_dags/example_branch_python_dop_operator_3.py
[2023-11-15T04:10:24.252+0000] {processor.py:839} INFO - DAG(s) dict_keys(['example_branch_dop_operator_v3']) retrieved from /home/airflow/.local/lib/python3.8/site-packages/airflow/example_dags/example_branch_python_dop_operator_3.py
[2023-11-15T04:10:24.277+0000] {logging_mixin.py:151} INFO - [2023-11-15T04:10:24.277+0000] {dag.py:2941} INFO - Sync 1 DAGs
[2023-11-15T04:10:24.311+0000] {logging_mixin.py:151} INFO - [2023-11-15T04:10:24.311+0000] {dag.py:3722} INFO - Setting next_dagrun for example_branch_dop_operator_v3 to 2023-11-15T04:09:00+00:00, run_after=2023-11-15T04:10:00+00:00
[2023-11-15T04:10:24.339+0000] {processor.py:179} INFO - Processing /home/airflow/.local/lib/python3.8/site-packages/airflow/example_dags/example_branch_python_dop_operator_3.py took 0.106 seconds
[2023-11-15T04:10:54.755+0000] {processor.py:157} INFO - Started process (PID=1597) to work on /home/airflow/.local/lib/python3.8/site-packages/airflow/example_dags/example_branch_python_dop_operator_3.py
[2023-11-15T04:10:54.756+0000] {processor.py:829} INFO - Processing file /home/airflow/.local/lib/python3.8/site-packages/airflow/example_dags/example_branch_python_dop_operator_3.py for tasks to queue
[2023-11-15T04:10:54.759+0000] {logging_mixin.py:151} INFO - [2023-11-15T04:10:54.758+0000] {dagbag.py:536} INFO - Filling up the DagBag from /home/airflow/.local/lib/python3.8/site-packages/airflow/example_dags/example_branch_python_dop_operator_3.py
[2023-11-15T04:10:54.770+0000] {processor.py:839} INFO - DAG(s) dict_keys(['example_branch_dop_operator_v3']) retrieved from /home/airflow/.local/lib/python3.8/site-packages/airflow/example_dags/example_branch_python_dop_operator_3.py
[2023-11-15T04:10:54.796+0000] {logging_mixin.py:151} INFO - [2023-11-15T04:10:54.796+0000] {dag.py:2941} INFO - Sync 1 DAGs
[2023-11-15T04:10:54.830+0000] {logging_mixin.py:151} INFO - [2023-11-15T04:10:54.830+0000] {dag.py:3722} INFO - Setting next_dagrun for example_branch_dop_operator_v3 to 2023-11-15T04:09:00+00:00, run_after=2023-11-15T04:10:00+00:00
[2023-11-15T04:10:54.860+0000] {processor.py:179} INFO - Processing /home/airflow/.local/lib/python3.8/site-packages/airflow/example_dags/example_branch_python_dop_operator_3.py took 0.110 seconds
[2023-11-15T04:11:25.304+0000] {processor.py:157} INFO - Started process (PID=1658) to work on /home/airflow/.local/lib/python3.8/site-packages/airflow/example_dags/example_branch_python_dop_operator_3.py
[2023-11-15T04:11:25.305+0000] {processor.py:829} INFO - Processing file /home/airflow/.local/lib/python3.8/site-packages/airflow/example_dags/example_branch_python_dop_operator_3.py for tasks to queue
[2023-11-15T04:11:25.308+0000] {logging_mixin.py:151} INFO - [2023-11-15T04:11:25.308+0000] {dagbag.py:536} INFO - Filling up the DagBag from /home/airflow/.local/lib/python3.8/site-packages/airflow/example_dags/example_branch_python_dop_operator_3.py
[2023-11-15T04:11:25.319+0000] {processor.py:839} INFO - DAG(s) dict_keys(['example_branch_dop_operator_v3']) retrieved from /home/airflow/.local/lib/python3.8/site-packages/airflow/example_dags/example_branch_python_dop_operator_3.py
[2023-11-15T04:11:25.343+0000] {logging_mixin.py:151} INFO - [2023-11-15T04:11:25.342+0000] {dag.py:2941} INFO - Sync 1 DAGs
[2023-11-15T04:11:25.381+0000] {logging_mixin.py:151} INFO - [2023-11-15T04:11:25.381+0000] {dag.py:3722} INFO - Setting next_dagrun for example_branch_dop_operator_v3 to 2023-11-15T04:10:00+00:00, run_after=2023-11-15T04:11:00+00:00
[2023-11-15T04:11:25.406+0000] {processor.py:179} INFO - Processing /home/airflow/.local/lib/python3.8/site-packages/airflow/example_dags/example_branch_python_dop_operator_3.py took 0.106 seconds
[2023-11-15T04:11:56.471+0000] {processor.py:157} INFO - Started process (PID=1720) to work on /home/airflow/.local/lib/python3.8/site-packages/airflow/example_dags/example_branch_python_dop_operator_3.py
[2023-11-15T04:11:56.472+0000] {processor.py:829} INFO - Processing file /home/airflow/.local/lib/python3.8/site-packages/airflow/example_dags/example_branch_python_dop_operator_3.py for tasks to queue
[2023-11-15T04:11:56.475+0000] {logging_mixin.py:151} INFO - [2023-11-15T04:11:56.475+0000] {dagbag.py:536} INFO - Filling up the DagBag from /home/airflow/.local/lib/python3.8/site-packages/airflow/example_dags/example_branch_python_dop_operator_3.py
[2023-11-15T04:11:56.486+0000] {processor.py:839} INFO - DAG(s) dict_keys(['example_branch_dop_operator_v3']) retrieved from /home/airflow/.local/lib/python3.8/site-packages/airflow/example_dags/example_branch_python_dop_operator_3.py
[2023-11-15T04:11:56.513+0000] {logging_mixin.py:151} INFO - [2023-11-15T04:11:56.512+0000] {dag.py:2941} INFO - Sync 1 DAGs
[2023-11-15T04:11:56.548+0000] {logging_mixin.py:151} INFO - [2023-11-15T04:11:56.548+0000] {dag.py:3722} INFO - Setting next_dagrun for example_branch_dop_operator_v3 to 2023-11-15T04:10:00+00:00, run_after=2023-11-15T04:11:00+00:00
[2023-11-15T04:11:56.572+0000] {processor.py:179} INFO - Processing /home/airflow/.local/lib/python3.8/site-packages/airflow/example_dags/example_branch_python_dop_operator_3.py took 0.105 seconds
[2023-11-15T04:12:27.249+0000] {processor.py:157} INFO - Started process (PID=1780) to work on /home/airflow/.local/lib/python3.8/site-packages/airflow/example_dags/example_branch_python_dop_operator_3.py
[2023-11-15T04:12:27.250+0000] {processor.py:829} INFO - Processing file /home/airflow/.local/lib/python3.8/site-packages/airflow/example_dags/example_branch_python_dop_operator_3.py for tasks to queue
[2023-11-15T04:12:27.252+0000] {logging_mixin.py:151} INFO - [2023-11-15T04:12:27.252+0000] {dagbag.py:536} INFO - Filling up the DagBag from /home/airflow/.local/lib/python3.8/site-packages/airflow/example_dags/example_branch_python_dop_operator_3.py
[2023-11-15T04:12:27.262+0000] {processor.py:839} INFO - DAG(s) dict_keys(['example_branch_dop_operator_v3']) retrieved from /home/airflow/.local/lib/python3.8/site-packages/airflow/example_dags/example_branch_python_dop_operator_3.py
[2023-11-15T04:12:27.287+0000] {logging_mixin.py:151} INFO - [2023-11-15T04:12:27.287+0000] {dag.py:2941} INFO - Sync 1 DAGs
[2023-11-15T04:12:27.323+0000] {logging_mixin.py:151} INFO - [2023-11-15T04:12:27.323+0000] {dag.py:3722} INFO - Setting next_dagrun for example_branch_dop_operator_v3 to 2023-11-15T04:11:00+00:00, run_after=2023-11-15T04:12:00+00:00
[2023-11-15T04:12:27.347+0000] {processor.py:179} INFO - Processing /home/airflow/.local/lib/python3.8/site-packages/airflow/example_dags/example_branch_python_dop_operator_3.py took 0.102 seconds
[2023-11-15T04:12:57.527+0000] {processor.py:157} INFO - Started process (PID=1840) to work on /home/airflow/.local/lib/python3.8/site-packages/airflow/example_dags/example_branch_python_dop_operator_3.py
[2023-11-15T04:12:57.528+0000] {processor.py:829} INFO - Processing file /home/airflow/.local/lib/python3.8/site-packages/airflow/example_dags/example_branch_python_dop_operator_3.py for tasks to queue
[2023-11-15T04:12:57.531+0000] {logging_mixin.py:151} INFO - [2023-11-15T04:12:57.531+0000] {dagbag.py:536} INFO - Filling up the DagBag from /home/airflow/.local/lib/python3.8/site-packages/airflow/example_dags/example_branch_python_dop_operator_3.py
[2023-11-15T04:12:57.541+0000] {processor.py:839} INFO - DAG(s) dict_keys(['example_branch_dop_operator_v3']) retrieved from /home/airflow/.local/lib/python3.8/site-packages/airflow/example_dags/example_branch_python_dop_operator_3.py
[2023-11-15T04:12:57.565+0000] {logging_mixin.py:151} INFO - [2023-11-15T04:12:57.565+0000] {dag.py:2941} INFO - Sync 1 DAGs
[2023-11-15T04:12:57.607+0000] {logging_mixin.py:151} INFO - [2023-11-15T04:12:57.607+0000] {dag.py:3722} INFO - Setting next_dagrun for example_branch_dop_operator_v3 to 2023-11-15T04:11:00+00:00, run_after=2023-11-15T04:12:00+00:00
[2023-11-15T04:12:57.635+0000] {processor.py:179} INFO - Processing /home/airflow/.local/lib/python3.8/site-packages/airflow/example_dags/example_branch_python_dop_operator_3.py took 0.112 seconds
[2023-11-15T04:13:27.949+0000] {processor.py:157} INFO - Started process (PID=1901) to work on /home/airflow/.local/lib/python3.8/site-packages/airflow/example_dags/example_branch_python_dop_operator_3.py
[2023-11-15T04:13:27.950+0000] {processor.py:829} INFO - Processing file /home/airflow/.local/lib/python3.8/site-packages/airflow/example_dags/example_branch_python_dop_operator_3.py for tasks to queue
[2023-11-15T04:13:27.953+0000] {logging_mixin.py:151} INFO - [2023-11-15T04:13:27.953+0000] {dagbag.py:536} INFO - Filling up the DagBag from /home/airflow/.local/lib/python3.8/site-packages/airflow/example_dags/example_branch_python_dop_operator_3.py
[2023-11-15T04:13:27.969+0000] {processor.py:839} INFO - DAG(s) dict_keys(['example_branch_dop_operator_v3']) retrieved from /home/airflow/.local/lib/python3.8/site-packages/airflow/example_dags/example_branch_python_dop_operator_3.py
[2023-11-15T04:13:27.995+0000] {logging_mixin.py:151} INFO - [2023-11-15T04:13:27.994+0000] {dag.py:2941} INFO - Sync 1 DAGs
[2023-11-15T04:13:28.036+0000] {logging_mixin.py:151} INFO - [2023-11-15T04:13:28.036+0000] {dag.py:3722} INFO - Setting next_dagrun for example_branch_dop_operator_v3 to 2023-11-15T04:12:00+00:00, run_after=2023-11-15T04:13:00+00:00
[2023-11-15T04:13:28.063+0000] {processor.py:179} INFO - Processing /home/airflow/.local/lib/python3.8/site-packages/airflow/example_dags/example_branch_python_dop_operator_3.py took 0.120 seconds
[2023-11-15T04:13:59.631+0000] {processor.py:157} INFO - Started process (PID=1959) to work on /home/airflow/.local/lib/python3.8/site-packages/airflow/example_dags/example_branch_python_dop_operator_3.py
[2023-11-15T04:13:59.632+0000] {processor.py:829} INFO - Processing file /home/airflow/.local/lib/python3.8/site-packages/airflow/example_dags/example_branch_python_dop_operator_3.py for tasks to queue
[2023-11-15T04:13:59.637+0000] {logging_mixin.py:151} INFO - [2023-11-15T04:13:59.636+0000] {dagbag.py:536} INFO - Filling up the DagBag from /home/airflow/.local/lib/python3.8/site-packages/airflow/example_dags/example_branch_python_dop_operator_3.py
[2023-11-15T04:13:59.650+0000] {processor.py:839} INFO - DAG(s) dict_keys(['example_branch_dop_operator_v3']) retrieved from /home/airflow/.local/lib/python3.8/site-packages/airflow/example_dags/example_branch_python_dop_operator_3.py
[2023-11-15T04:13:59.680+0000] {logging_mixin.py:151} INFO - [2023-11-15T04:13:59.680+0000] {dag.py:2941} INFO - Sync 1 DAGs
[2023-11-15T04:13:59.925+0000] {logging_mixin.py:151} INFO - [2023-11-15T04:13:59.925+0000] {dag.py:3722} INFO - Setting next_dagrun for example_branch_dop_operator_v3 to 2023-11-15T04:12:00+00:00, run_after=2023-11-15T04:13:00+00:00
[2023-11-15T04:13:59.959+0000] {processor.py:179} INFO - Processing /home/airflow/.local/lib/python3.8/site-packages/airflow/example_dags/example_branch_python_dop_operator_3.py took 0.332 seconds
[2023-11-15T04:14:30.017+0000] {processor.py:157} INFO - Started process (PID=2016) to work on /home/airflow/.local/lib/python3.8/site-packages/airflow/example_dags/example_branch_python_dop_operator_3.py
[2023-11-15T04:14:30.018+0000] {processor.py:829} INFO - Processing file /home/airflow/.local/lib/python3.8/site-packages/airflow/example_dags/example_branch_python_dop_operator_3.py for tasks to queue
[2023-11-15T04:14:30.020+0000] {logging_mixin.py:151} INFO - [2023-11-15T04:14:30.020+0000] {dagbag.py:536} INFO - Filling up the DagBag from /home/airflow/.local/lib/python3.8/site-packages/airflow/example_dags/example_branch_python_dop_operator_3.py
[2023-11-15T04:14:30.032+0000] {processor.py:839} INFO - DAG(s) dict_keys(['example_branch_dop_operator_v3']) retrieved from /home/airflow/.local/lib/python3.8/site-packages/airflow/example_dags/example_branch_python_dop_operator_3.py
[2023-11-15T04:14:30.057+0000] {logging_mixin.py:151} INFO - [2023-11-15T04:14:30.056+0000] {dag.py:2941} INFO - Sync 1 DAGs
[2023-11-15T04:14:30.095+0000] {logging_mixin.py:151} INFO - [2023-11-15T04:14:30.094+0000] {dag.py:3722} INFO - Setting next_dagrun for example_branch_dop_operator_v3 to 2023-11-15T04:13:00+00:00, run_after=2023-11-15T04:14:00+00:00
[2023-11-15T04:14:30.290+0000] {processor.py:179} INFO - Processing /home/airflow/.local/lib/python3.8/site-packages/airflow/example_dags/example_branch_python_dop_operator_3.py took 0.277 seconds
[2023-11-15T04:15:00.527+0000] {processor.py:157} INFO - Started process (PID=2073) to work on /home/airflow/.local/lib/python3.8/site-packages/airflow/example_dags/example_branch_python_dop_operator_3.py
[2023-11-15T04:15:00.528+0000] {processor.py:829} INFO - Processing file /home/airflow/.local/lib/python3.8/site-packages/airflow/example_dags/example_branch_python_dop_operator_3.py for tasks to queue
[2023-11-15T04:15:00.531+0000] {logging_mixin.py:151} INFO - [2023-11-15T04:15:00.530+0000] {dagbag.py:536} INFO - Filling up the DagBag from /home/airflow/.local/lib/python3.8/site-packages/airflow/example_dags/example_branch_python_dop_operator_3.py
[2023-11-15T04:15:00.544+0000] {processor.py:839} INFO - DAG(s) dict_keys(['example_branch_dop_operator_v3']) retrieved from /home/airflow/.local/lib/python3.8/site-packages/airflow/example_dags/example_branch_python_dop_operator_3.py
[2023-11-15T04:15:00.572+0000] {logging_mixin.py:151} INFO - [2023-11-15T04:15:00.572+0000] {dag.py:2941} INFO - Sync 1 DAGs
[2023-11-15T04:15:00.605+0000] {logging_mixin.py:151} INFO - [2023-11-15T04:15:00.604+0000] {dag.py:3722} INFO - Setting next_dagrun for example_branch_dop_operator_v3 to 2023-11-15T04:14:00+00:00, run_after=2023-11-15T04:15:00+00:00
[2023-11-15T04:15:00.631+0000] {processor.py:179} INFO - Processing /home/airflow/.local/lib/python3.8/site-packages/airflow/example_dags/example_branch_python_dop_operator_3.py took 0.108 seconds
[2023-11-15T04:15:31.954+0000] {processor.py:157} INFO - Started process (PID=2131) to work on /home/airflow/.local/lib/python3.8/site-packages/airflow/example_dags/example_branch_python_dop_operator_3.py
[2023-11-15T04:15:31.955+0000] {processor.py:829} INFO - Processing file /home/airflow/.local/lib/python3.8/site-packages/airflow/example_dags/example_branch_python_dop_operator_3.py for tasks to queue
[2023-11-15T04:15:31.957+0000] {logging_mixin.py:151} INFO - [2023-11-15T04:15:31.957+0000] {dagbag.py:536} INFO - Filling up the DagBag from /home/airflow/.local/lib/python3.8/site-packages/airflow/example_dags/example_branch_python_dop_operator_3.py
[2023-11-15T04:15:31.968+0000] {processor.py:839} INFO - DAG(s) dict_keys(['example_branch_dop_operator_v3']) retrieved from /home/airflow/.local/lib/python3.8/site-packages/airflow/example_dags/example_branch_python_dop_operator_3.py
[2023-11-15T04:15:32.177+0000] {logging_mixin.py:151} INFO - [2023-11-15T04:15:32.177+0000] {dag.py:2941} INFO - Sync 1 DAGs
[2023-11-15T04:15:32.213+0000] {logging_mixin.py:151} INFO - [2023-11-15T04:15:32.213+0000] {dag.py:3722} INFO - Setting next_dagrun for example_branch_dop_operator_v3 to 2023-11-15T04:14:00+00:00, run_after=2023-11-15T04:15:00+00:00
[2023-11-15T04:15:32.245+0000] {processor.py:179} INFO - Processing /home/airflow/.local/lib/python3.8/site-packages/airflow/example_dags/example_branch_python_dop_operator_3.py took 0.295 seconds
[2023-11-15T04:16:02.387+0000] {processor.py:157} INFO - Started process (PID=2191) to work on /home/airflow/.local/lib/python3.8/site-packages/airflow/example_dags/example_branch_python_dop_operator_3.py
[2023-11-15T04:16:02.388+0000] {processor.py:829} INFO - Processing file /home/airflow/.local/lib/python3.8/site-packages/airflow/example_dags/example_branch_python_dop_operator_3.py for tasks to queue
[2023-11-15T04:16:02.392+0000] {logging_mixin.py:151} INFO - [2023-11-15T04:16:02.391+0000] {dagbag.py:536} INFO - Filling up the DagBag from /home/airflow/.local/lib/python3.8/site-packages/airflow/example_dags/example_branch_python_dop_operator_3.py
[2023-11-15T04:16:02.403+0000] {processor.py:839} INFO - DAG(s) dict_keys(['example_branch_dop_operator_v3']) retrieved from /home/airflow/.local/lib/python3.8/site-packages/airflow/example_dags/example_branch_python_dop_operator_3.py
[2023-11-15T04:16:02.427+0000] {logging_mixin.py:151} INFO - [2023-11-15T04:16:02.427+0000] {dag.py:2941} INFO - Sync 1 DAGs
[2023-11-15T04:16:02.615+0000] {logging_mixin.py:151} INFO - [2023-11-15T04:16:02.615+0000] {dag.py:3722} INFO - Setting next_dagrun for example_branch_dop_operator_v3 to 2023-11-15T04:15:00+00:00, run_after=2023-11-15T04:16:00+00:00
[2023-11-15T04:16:02.641+0000] {processor.py:179} INFO - Processing /home/airflow/.local/lib/python3.8/site-packages/airflow/example_dags/example_branch_python_dop_operator_3.py took 0.260 seconds
[2023-11-15T04:16:33.387+0000] {processor.py:157} INFO - Started process (PID=2249) to work on /home/airflow/.local/lib/python3.8/site-packages/airflow/example_dags/example_branch_python_dop_operator_3.py
[2023-11-15T04:16:33.388+0000] {processor.py:829} INFO - Processing file /home/airflow/.local/lib/python3.8/site-packages/airflow/example_dags/example_branch_python_dop_operator_3.py for tasks to queue
[2023-11-15T04:16:33.391+0000] {logging_mixin.py:151} INFO - [2023-11-15T04:16:33.391+0000] {dagbag.py:536} INFO - Filling up the DagBag from /home/airflow/.local/lib/python3.8/site-packages/airflow/example_dags/example_branch_python_dop_operator_3.py
[2023-11-15T04:16:33.402+0000] {processor.py:839} INFO - DAG(s) dict_keys(['example_branch_dop_operator_v3']) retrieved from /home/airflow/.local/lib/python3.8/site-packages/airflow/example_dags/example_branch_python_dop_operator_3.py
[2023-11-15T04:16:33.430+0000] {logging_mixin.py:151} INFO - [2023-11-15T04:16:33.430+0000] {dag.py:2941} INFO - Sync 1 DAGs
[2023-11-15T04:16:33.466+0000] {logging_mixin.py:151} INFO - [2023-11-15T04:16:33.466+0000] {dag.py:3722} INFO - Setting next_dagrun for example_branch_dop_operator_v3 to 2023-11-15T04:15:00+00:00, run_after=2023-11-15T04:16:00+00:00
[2023-11-15T04:16:33.496+0000] {processor.py:179} INFO - Processing /home/airflow/.local/lib/python3.8/site-packages/airflow/example_dags/example_branch_python_dop_operator_3.py took 0.114 seconds
[2023-11-15T04:17:03.578+0000] {processor.py:157} INFO - Started process (PID=2306) to work on /home/airflow/.local/lib/python3.8/site-packages/airflow/example_dags/example_branch_python_dop_operator_3.py
[2023-11-15T04:17:03.579+0000] {processor.py:829} INFO - Processing file /home/airflow/.local/lib/python3.8/site-packages/airflow/example_dags/example_branch_python_dop_operator_3.py for tasks to queue
[2023-11-15T04:17:03.582+0000] {logging_mixin.py:151} INFO - [2023-11-15T04:17:03.582+0000] {dagbag.py:536} INFO - Filling up the DagBag from /home/airflow/.local/lib/python3.8/site-packages/airflow/example_dags/example_branch_python_dop_operator_3.py
[2023-11-15T04:17:03.593+0000] {processor.py:839} INFO - DAG(s) dict_keys(['example_branch_dop_operator_v3']) retrieved from /home/airflow/.local/lib/python3.8/site-packages/airflow/example_dags/example_branch_python_dop_operator_3.py
[2023-11-15T04:17:03.617+0000] {logging_mixin.py:151} INFO - [2023-11-15T04:17:03.617+0000] {dag.py:2941} INFO - Sync 1 DAGs
[2023-11-15T04:17:03.650+0000] {logging_mixin.py:151} INFO - [2023-11-15T04:17:03.650+0000] {dag.py:3722} INFO - Setting next_dagrun for example_branch_dop_operator_v3 to 2023-11-15T04:16:00+00:00, run_after=2023-11-15T04:17:00+00:00
[2023-11-15T04:17:03.674+0000] {processor.py:179} INFO - Processing /home/airflow/.local/lib/python3.8/site-packages/airflow/example_dags/example_branch_python_dop_operator_3.py took 0.099 seconds
[2023-11-15T04:17:34.292+0000] {processor.py:157} INFO - Started process (PID=2364) to work on /home/airflow/.local/lib/python3.8/site-packages/airflow/example_dags/example_branch_python_dop_operator_3.py
[2023-11-15T04:17:34.295+0000] {processor.py:829} INFO - Processing file /home/airflow/.local/lib/python3.8/site-packages/airflow/example_dags/example_branch_python_dop_operator_3.py for tasks to queue
[2023-11-15T04:17:34.298+0000] {logging_mixin.py:151} INFO - [2023-11-15T04:17:34.298+0000] {dagbag.py:536} INFO - Filling up the DagBag from /home/airflow/.local/lib/python3.8/site-packages/airflow/example_dags/example_branch_python_dop_operator_3.py
[2023-11-15T04:17:34.309+0000] {processor.py:839} INFO - DAG(s) dict_keys(['example_branch_dop_operator_v3']) retrieved from /home/airflow/.local/lib/python3.8/site-packages/airflow/example_dags/example_branch_python_dop_operator_3.py
[2023-11-15T04:17:34.332+0000] {logging_mixin.py:151} INFO - [2023-11-15T04:17:34.332+0000] {dag.py:2941} INFO - Sync 1 DAGs
[2023-11-15T04:17:34.366+0000] {logging_mixin.py:151} INFO - [2023-11-15T04:17:34.366+0000] {dag.py:3722} INFO - Setting next_dagrun for example_branch_dop_operator_v3 to 2023-11-15T04:16:00+00:00, run_after=2023-11-15T04:17:00+00:00
[2023-11-15T04:17:34.391+0000] {processor.py:179} INFO - Processing /home/airflow/.local/lib/python3.8/site-packages/airflow/example_dags/example_branch_python_dop_operator_3.py took 0.102 seconds
[2023-11-15T04:18:04.793+0000] {processor.py:157} INFO - Started process (PID=2421) to work on /home/airflow/.local/lib/python3.8/site-packages/airflow/example_dags/example_branch_python_dop_operator_3.py
[2023-11-15T04:18:04.794+0000] {processor.py:829} INFO - Processing file /home/airflow/.local/lib/python3.8/site-packages/airflow/example_dags/example_branch_python_dop_operator_3.py for tasks to queue
[2023-11-15T04:18:04.796+0000] {logging_mixin.py:151} INFO - [2023-11-15T04:18:04.796+0000] {dagbag.py:536} INFO - Filling up the DagBag from /home/airflow/.local/lib/python3.8/site-packages/airflow/example_dags/example_branch_python_dop_operator_3.py
[2023-11-15T04:18:04.807+0000] {processor.py:839} INFO - DAG(s) dict_keys(['example_branch_dop_operator_v3']) retrieved from /home/airflow/.local/lib/python3.8/site-packages/airflow/example_dags/example_branch_python_dop_operator_3.py
[2023-11-15T04:18:04.832+0000] {logging_mixin.py:151} INFO - [2023-11-15T04:18:04.832+0000] {dag.py:2941} INFO - Sync 1 DAGs
[2023-11-15T04:18:04.867+0000] {logging_mixin.py:151} INFO - [2023-11-15T04:18:04.866+0000] {dag.py:3722} INFO - Setting next_dagrun for example_branch_dop_operator_v3 to 2023-11-15T04:17:00+00:00, run_after=2023-11-15T04:18:00+00:00
[2023-11-15T04:18:04.889+0000] {processor.py:179} INFO - Processing /home/airflow/.local/lib/python3.8/site-packages/airflow/example_dags/example_branch_python_dop_operator_3.py took 0.100 seconds
[2023-11-15T04:18:35.160+0000] {processor.py:157} INFO - Started process (PID=2478) to work on /home/airflow/.local/lib/python3.8/site-packages/airflow/example_dags/example_branch_python_dop_operator_3.py
[2023-11-15T04:18:35.161+0000] {processor.py:829} INFO - Processing file /home/airflow/.local/lib/python3.8/site-packages/airflow/example_dags/example_branch_python_dop_operator_3.py for tasks to queue
[2023-11-15T04:18:35.164+0000] {logging_mixin.py:151} INFO - [2023-11-15T04:18:35.164+0000] {dagbag.py:536} INFO - Filling up the DagBag from /home/airflow/.local/lib/python3.8/site-packages/airflow/example_dags/example_branch_python_dop_operator_3.py
[2023-11-15T04:18:35.177+0000] {processor.py:839} INFO - DAG(s) dict_keys(['example_branch_dop_operator_v3']) retrieved from /home/airflow/.local/lib/python3.8/site-packages/airflow/example_dags/example_branch_python_dop_operator_3.py
[2023-11-15T04:18:35.207+0000] {logging_mixin.py:151} INFO - [2023-11-15T04:18:35.207+0000] {dag.py:2941} INFO - Sync 1 DAGs
[2023-11-15T04:18:35.244+0000] {logging_mixin.py:151} INFO - [2023-11-15T04:18:35.244+0000] {dag.py:3722} INFO - Setting next_dagrun for example_branch_dop_operator_v3 to 2023-11-15T04:17:00+00:00, run_after=2023-11-15T04:18:00+00:00
[2023-11-15T04:18:35.272+0000] {processor.py:179} INFO - Processing /home/airflow/.local/lib/python3.8/site-packages/airflow/example_dags/example_branch_python_dop_operator_3.py took 0.117 seconds
[2023-11-15T04:19:05.800+0000] {processor.py:157} INFO - Started process (PID=2537) to work on /home/airflow/.local/lib/python3.8/site-packages/airflow/example_dags/example_branch_python_dop_operator_3.py
[2023-11-15T04:19:05.801+0000] {processor.py:829} INFO - Processing file /home/airflow/.local/lib/python3.8/site-packages/airflow/example_dags/example_branch_python_dop_operator_3.py for tasks to queue
[2023-11-15T04:19:05.803+0000] {logging_mixin.py:151} INFO - [2023-11-15T04:19:05.803+0000] {dagbag.py:536} INFO - Filling up the DagBag from /home/airflow/.local/lib/python3.8/site-packages/airflow/example_dags/example_branch_python_dop_operator_3.py
[2023-11-15T04:19:05.819+0000] {processor.py:839} INFO - DAG(s) dict_keys(['example_branch_dop_operator_v3']) retrieved from /home/airflow/.local/lib/python3.8/site-packages/airflow/example_dags/example_branch_python_dop_operator_3.py
[2023-11-15T04:19:05.846+0000] {logging_mixin.py:151} INFO - [2023-11-15T04:19:05.846+0000] {dag.py:2941} INFO - Sync 1 DAGs
[2023-11-15T04:19:05.887+0000] {logging_mixin.py:151} INFO - [2023-11-15T04:19:05.887+0000] {dag.py:3722} INFO - Setting next_dagrun for example_branch_dop_operator_v3 to 2023-11-15T04:18:00+00:00, run_after=2023-11-15T04:19:00+00:00
[2023-11-15T04:19:05.915+0000] {processor.py:179} INFO - Processing /home/airflow/.local/lib/python3.8/site-packages/airflow/example_dags/example_branch_python_dop_operator_3.py took 0.120 seconds
[2023-11-15T04:19:36.014+0000] {processor.py:157} INFO - Started process (PID=2597) to work on /home/airflow/.local/lib/python3.8/site-packages/airflow/example_dags/example_branch_python_dop_operator_3.py
[2023-11-15T04:19:36.016+0000] {processor.py:829} INFO - Processing file /home/airflow/.local/lib/python3.8/site-packages/airflow/example_dags/example_branch_python_dop_operator_3.py for tasks to queue
[2023-11-15T04:19:36.018+0000] {logging_mixin.py:151} INFO - [2023-11-15T04:19:36.018+0000] {dagbag.py:536} INFO - Filling up the DagBag from /home/airflow/.local/lib/python3.8/site-packages/airflow/example_dags/example_branch_python_dop_operator_3.py
[2023-11-15T04:19:36.030+0000] {processor.py:839} INFO - DAG(s) dict_keys(['example_branch_dop_operator_v3']) retrieved from /home/airflow/.local/lib/python3.8/site-packages/airflow/example_dags/example_branch_python_dop_operator_3.py
[2023-11-15T04:19:36.054+0000] {logging_mixin.py:151} INFO - [2023-11-15T04:19:36.054+0000] {dag.py:2941} INFO - Sync 1 DAGs
[2023-11-15T04:19:36.088+0000] {logging_mixin.py:151} INFO - [2023-11-15T04:19:36.088+0000] {dag.py:3722} INFO - Setting next_dagrun for example_branch_dop_operator_v3 to 2023-11-15T04:18:00+00:00, run_after=2023-11-15T04:19:00+00:00
[2023-11-15T04:19:36.111+0000] {processor.py:179} INFO - Processing /home/airflow/.local/lib/python3.8/site-packages/airflow/example_dags/example_branch_python_dop_operator_3.py took 0.101 seconds
[2023-11-15T04:20:06.392+0000] {processor.py:157} INFO - Started process (PID=2657) to work on /home/airflow/.local/lib/python3.8/site-packages/airflow/example_dags/example_branch_python_dop_operator_3.py
[2023-11-15T04:20:06.393+0000] {processor.py:829} INFO - Processing file /home/airflow/.local/lib/python3.8/site-packages/airflow/example_dags/example_branch_python_dop_operator_3.py for tasks to queue
[2023-11-15T04:20:06.397+0000] {logging_mixin.py:151} INFO - [2023-11-15T04:20:06.396+0000] {dagbag.py:536} INFO - Filling up the DagBag from /home/airflow/.local/lib/python3.8/site-packages/airflow/example_dags/example_branch_python_dop_operator_3.py
[2023-11-15T04:20:06.412+0000] {processor.py:839} INFO - DAG(s) dict_keys(['example_branch_dop_operator_v3']) retrieved from /home/airflow/.local/lib/python3.8/site-packages/airflow/example_dags/example_branch_python_dop_operator_3.py
[2023-11-15T04:20:06.437+0000] {logging_mixin.py:151} INFO - [2023-11-15T04:20:06.437+0000] {dag.py:2941} INFO - Sync 1 DAGs
[2023-11-15T04:20:06.472+0000] {logging_mixin.py:151} INFO - [2023-11-15T04:20:06.472+0000] {dag.py:3722} INFO - Setting next_dagrun for example_branch_dop_operator_v3 to 2023-11-15T04:19:00+00:00, run_after=2023-11-15T04:20:00+00:00
[2023-11-15T04:20:06.503+0000] {processor.py:179} INFO - Processing /home/airflow/.local/lib/python3.8/site-packages/airflow/example_dags/example_branch_python_dop_operator_3.py took 0.116 seconds
[2023-11-15T04:20:37.133+0000] {processor.py:157} INFO - Started process (PID=2717) to work on /home/airflow/.local/lib/python3.8/site-packages/airflow/example_dags/example_branch_python_dop_operator_3.py
[2023-11-15T04:20:37.134+0000] {processor.py:829} INFO - Processing file /home/airflow/.local/lib/python3.8/site-packages/airflow/example_dags/example_branch_python_dop_operator_3.py for tasks to queue
[2023-11-15T04:20:37.136+0000] {logging_mixin.py:151} INFO - [2023-11-15T04:20:37.136+0000] {dagbag.py:536} INFO - Filling up the DagBag from /home/airflow/.local/lib/python3.8/site-packages/airflow/example_dags/example_branch_python_dop_operator_3.py
[2023-11-15T04:20:37.147+0000] {processor.py:839} INFO - DAG(s) dict_keys(['example_branch_dop_operator_v3']) retrieved from /home/airflow/.local/lib/python3.8/site-packages/airflow/example_dags/example_branch_python_dop_operator_3.py
[2023-11-15T04:20:37.171+0000] {logging_mixin.py:151} INFO - [2023-11-15T04:20:37.171+0000] {dag.py:2941} INFO - Sync 1 DAGs
[2023-11-15T04:20:37.210+0000] {logging_mixin.py:151} INFO - [2023-11-15T04:20:37.210+0000] {dag.py:3722} INFO - Setting next_dagrun for example_branch_dop_operator_v3 to 2023-11-15T04:19:00+00:00, run_after=2023-11-15T04:20:00+00:00
[2023-11-15T04:20:37.233+0000] {processor.py:179} INFO - Processing /home/airflow/.local/lib/python3.8/site-packages/airflow/example_dags/example_branch_python_dop_operator_3.py took 0.104 seconds
[2023-11-15T04:21:07.463+0000] {processor.py:157} INFO - Started process (PID=2781) to work on /home/airflow/.local/lib/python3.8/site-packages/airflow/example_dags/example_branch_python_dop_operator_3.py
[2023-11-15T04:21:07.465+0000] {processor.py:829} INFO - Processing file /home/airflow/.local/lib/python3.8/site-packages/airflow/example_dags/example_branch_python_dop_operator_3.py for tasks to queue
[2023-11-15T04:21:07.468+0000] {logging_mixin.py:151} INFO - [2023-11-15T04:21:07.468+0000] {dagbag.py:536} INFO - Filling up the DagBag from /home/airflow/.local/lib/python3.8/site-packages/airflow/example_dags/example_branch_python_dop_operator_3.py
[2023-11-15T04:21:07.482+0000] {processor.py:839} INFO - DAG(s) dict_keys(['example_branch_dop_operator_v3']) retrieved from /home/airflow/.local/lib/python3.8/site-packages/airflow/example_dags/example_branch_python_dop_operator_3.py
[2023-11-15T04:21:07.513+0000] {logging_mixin.py:151} INFO - [2023-11-15T04:21:07.513+0000] {dag.py:2941} INFO - Sync 1 DAGs
[2023-11-15T04:21:07.556+0000] {logging_mixin.py:151} INFO - [2023-11-15T04:21:07.556+0000] {dag.py:3722} INFO - Setting next_dagrun for example_branch_dop_operator_v3 to 2023-11-15T04:20:00+00:00, run_after=2023-11-15T04:21:00+00:00
[2023-11-15T04:21:07.589+0000] {processor.py:179} INFO - Processing /home/airflow/.local/lib/python3.8/site-packages/airflow/example_dags/example_branch_python_dop_operator_3.py took 0.131 seconds
[2023-11-15T04:21:38.037+0000] {processor.py:157} INFO - Started process (PID=2841) to work on /home/airflow/.local/lib/python3.8/site-packages/airflow/example_dags/example_branch_python_dop_operator_3.py
[2023-11-15T04:21:38.038+0000] {processor.py:829} INFO - Processing file /home/airflow/.local/lib/python3.8/site-packages/airflow/example_dags/example_branch_python_dop_operator_3.py for tasks to queue
[2023-11-15T04:21:38.041+0000] {logging_mixin.py:151} INFO - [2023-11-15T04:21:38.040+0000] {dagbag.py:536} INFO - Filling up the DagBag from /home/airflow/.local/lib/python3.8/site-packages/airflow/example_dags/example_branch_python_dop_operator_3.py
[2023-11-15T04:21:38.053+0000] {processor.py:839} INFO - DAG(s) dict_keys(['example_branch_dop_operator_v3']) retrieved from /home/airflow/.local/lib/python3.8/site-packages/airflow/example_dags/example_branch_python_dop_operator_3.py
[2023-11-15T04:21:38.077+0000] {logging_mixin.py:151} INFO - [2023-11-15T04:21:38.076+0000] {dag.py:2941} INFO - Sync 1 DAGs
[2023-11-15T04:21:38.109+0000] {logging_mixin.py:151} INFO - [2023-11-15T04:21:38.109+0000] {dag.py:3722} INFO - Setting next_dagrun for example_branch_dop_operator_v3 to 2023-11-15T04:20:00+00:00, run_after=2023-11-15T04:21:00+00:00
[2023-11-15T04:21:38.134+0000] {processor.py:179} INFO - Processing /home/airflow/.local/lib/python3.8/site-packages/airflow/example_dags/example_branch_python_dop_operator_3.py took 0.101 seconds
[2023-11-15T04:22:08.618+0000] {processor.py:157} INFO - Started process (PID=2902) to work on /home/airflow/.local/lib/python3.8/site-packages/airflow/example_dags/example_branch_python_dop_operator_3.py
[2023-11-15T04:22:08.619+0000] {processor.py:829} INFO - Processing file /home/airflow/.local/lib/python3.8/site-packages/airflow/example_dags/example_branch_python_dop_operator_3.py for tasks to queue
[2023-11-15T04:22:08.623+0000] {logging_mixin.py:151} INFO - [2023-11-15T04:22:08.623+0000] {dagbag.py:536} INFO - Filling up the DagBag from /home/airflow/.local/lib/python3.8/site-packages/airflow/example_dags/example_branch_python_dop_operator_3.py
[2023-11-15T04:22:08.635+0000] {processor.py:839} INFO - DAG(s) dict_keys(['example_branch_dop_operator_v3']) retrieved from /home/airflow/.local/lib/python3.8/site-packages/airflow/example_dags/example_branch_python_dop_operator_3.py
[2023-11-15T04:22:08.666+0000] {logging_mixin.py:151} INFO - [2023-11-15T04:22:08.665+0000] {dag.py:2941} INFO - Sync 1 DAGs
[2023-11-15T04:22:08.710+0000] {logging_mixin.py:151} INFO - [2023-11-15T04:22:08.710+0000] {dag.py:3722} INFO - Setting next_dagrun for example_branch_dop_operator_v3 to 2023-11-15T04:21:00+00:00, run_after=2023-11-15T04:22:00+00:00
[2023-11-15T04:22:08.744+0000] {processor.py:179} INFO - Processing /home/airflow/.local/lib/python3.8/site-packages/airflow/example_dags/example_branch_python_dop_operator_3.py took 0.131 seconds
[2023-11-15T04:22:38.955+0000] {processor.py:157} INFO - Started process (PID=2962) to work on /home/airflow/.local/lib/python3.8/site-packages/airflow/example_dags/example_branch_python_dop_operator_3.py
[2023-11-15T04:22:38.956+0000] {processor.py:829} INFO - Processing file /home/airflow/.local/lib/python3.8/site-packages/airflow/example_dags/example_branch_python_dop_operator_3.py for tasks to queue
[2023-11-15T04:22:38.959+0000] {logging_mixin.py:151} INFO - [2023-11-15T04:22:38.958+0000] {dagbag.py:536} INFO - Filling up the DagBag from /home/airflow/.local/lib/python3.8/site-packages/airflow/example_dags/example_branch_python_dop_operator_3.py
[2023-11-15T04:22:38.970+0000] {processor.py:839} INFO - DAG(s) dict_keys(['example_branch_dop_operator_v3']) retrieved from /home/airflow/.local/lib/python3.8/site-packages/airflow/example_dags/example_branch_python_dop_operator_3.py
[2023-11-15T04:22:38.995+0000] {logging_mixin.py:151} INFO - [2023-11-15T04:22:38.994+0000] {dag.py:2941} INFO - Sync 1 DAGs
[2023-11-15T04:22:39.027+0000] {logging_mixin.py:151} INFO - [2023-11-15T04:22:39.027+0000] {dag.py:3722} INFO - Setting next_dagrun for example_branch_dop_operator_v3 to 2023-11-15T04:21:00+00:00, run_after=2023-11-15T04:22:00+00:00
[2023-11-15T04:22:39.050+0000] {processor.py:179} INFO - Processing /home/airflow/.local/lib/python3.8/site-packages/airflow/example_dags/example_branch_python_dop_operator_3.py took 0.100 seconds
[2023-11-15T04:23:09.508+0000] {processor.py:157} INFO - Started process (PID=3023) to work on /home/airflow/.local/lib/python3.8/site-packages/airflow/example_dags/example_branch_python_dop_operator_3.py
[2023-11-15T04:23:09.509+0000] {processor.py:829} INFO - Processing file /home/airflow/.local/lib/python3.8/site-packages/airflow/example_dags/example_branch_python_dop_operator_3.py for tasks to queue
[2023-11-15T04:23:09.512+0000] {logging_mixin.py:151} INFO - [2023-11-15T04:23:09.512+0000] {dagbag.py:536} INFO - Filling up the DagBag from /home/airflow/.local/lib/python3.8/site-packages/airflow/example_dags/example_branch_python_dop_operator_3.py
[2023-11-15T04:23:09.524+0000] {processor.py:839} INFO - DAG(s) dict_keys(['example_branch_dop_operator_v3']) retrieved from /home/airflow/.local/lib/python3.8/site-packages/airflow/example_dags/example_branch_python_dop_operator_3.py
[2023-11-15T04:23:09.551+0000] {logging_mixin.py:151} INFO - [2023-11-15T04:23:09.550+0000] {dag.py:2941} INFO - Sync 1 DAGs
[2023-11-15T04:23:09.586+0000] {logging_mixin.py:151} INFO - [2023-11-15T04:23:09.586+0000] {dag.py:3722} INFO - Setting next_dagrun for example_branch_dop_operator_v3 to 2023-11-15T04:22:00+00:00, run_after=2023-11-15T04:23:00+00:00
[2023-11-15T04:23:09.610+0000] {processor.py:179} INFO - Processing /home/airflow/.local/lib/python3.8/site-packages/airflow/example_dags/example_branch_python_dop_operator_3.py took 0.108 seconds
[2023-11-15T04:23:40.120+0000] {processor.py:157} INFO - Started process (PID=3081) to work on /home/airflow/.local/lib/python3.8/site-packages/airflow/example_dags/example_branch_python_dop_operator_3.py
[2023-11-15T04:23:40.122+0000] {processor.py:829} INFO - Processing file /home/airflow/.local/lib/python3.8/site-packages/airflow/example_dags/example_branch_python_dop_operator_3.py for tasks to queue
[2023-11-15T04:23:40.124+0000] {logging_mixin.py:151} INFO - [2023-11-15T04:23:40.124+0000] {dagbag.py:536} INFO - Filling up the DagBag from /home/airflow/.local/lib/python3.8/site-packages/airflow/example_dags/example_branch_python_dop_operator_3.py
[2023-11-15T04:23:40.135+0000] {processor.py:839} INFO - DAG(s) dict_keys(['example_branch_dop_operator_v3']) retrieved from /home/airflow/.local/lib/python3.8/site-packages/airflow/example_dags/example_branch_python_dop_operator_3.py
[2023-11-15T04:23:40.160+0000] {logging_mixin.py:151} INFO - [2023-11-15T04:23:40.159+0000] {dag.py:2941} INFO - Sync 1 DAGs
[2023-11-15T04:23:40.194+0000] {logging_mixin.py:151} INFO - [2023-11-15T04:23:40.193+0000] {dag.py:3722} INFO - Setting next_dagrun for example_branch_dop_operator_v3 to 2023-11-15T04:22:00+00:00, run_after=2023-11-15T04:23:00+00:00
[2023-11-15T04:23:40.218+0000] {processor.py:179} INFO - Processing /home/airflow/.local/lib/python3.8/site-packages/airflow/example_dags/example_branch_python_dop_operator_3.py took 0.101 seconds
[2023-11-15T04:24:10.485+0000] {processor.py:157} INFO - Started process (PID=3139) to work on /home/airflow/.local/lib/python3.8/site-packages/airflow/example_dags/example_branch_python_dop_operator_3.py
[2023-11-15T04:24:10.486+0000] {processor.py:829} INFO - Processing file /home/airflow/.local/lib/python3.8/site-packages/airflow/example_dags/example_branch_python_dop_operator_3.py for tasks to queue
[2023-11-15T04:24:10.488+0000] {logging_mixin.py:151} INFO - [2023-11-15T04:24:10.488+0000] {dagbag.py:536} INFO - Filling up the DagBag from /home/airflow/.local/lib/python3.8/site-packages/airflow/example_dags/example_branch_python_dop_operator_3.py
[2023-11-15T04:24:10.502+0000] {processor.py:839} INFO - DAG(s) dict_keys(['example_branch_dop_operator_v3']) retrieved from /home/airflow/.local/lib/python3.8/site-packages/airflow/example_dags/example_branch_python_dop_operator_3.py
[2023-11-15T04:24:10.533+0000] {logging_mixin.py:151} INFO - [2023-11-15T04:24:10.533+0000] {dag.py:2941} INFO - Sync 1 DAGs
[2023-11-15T04:24:10.585+0000] {logging_mixin.py:151} INFO - [2023-11-15T04:24:10.585+0000] {dag.py:3722} INFO - Setting next_dagrun for example_branch_dop_operator_v3 to 2023-11-15T04:23:00+00:00, run_after=2023-11-15T04:24:00+00:00
[2023-11-15T04:24:10.618+0000] {processor.py:179} INFO - Processing /home/airflow/.local/lib/python3.8/site-packages/airflow/example_dags/example_branch_python_dop_operator_3.py took 0.137 seconds
[2023-11-15T04:24:41.885+0000] {processor.py:157} INFO - Started process (PID=3197) to work on /home/airflow/.local/lib/python3.8/site-packages/airflow/example_dags/example_branch_python_dop_operator_3.py
[2023-11-15T04:24:41.887+0000] {processor.py:829} INFO - Processing file /home/airflow/.local/lib/python3.8/site-packages/airflow/example_dags/example_branch_python_dop_operator_3.py for tasks to queue
[2023-11-15T04:24:41.891+0000] {logging_mixin.py:151} INFO - [2023-11-15T04:24:41.891+0000] {dagbag.py:536} INFO - Filling up the DagBag from /home/airflow/.local/lib/python3.8/site-packages/airflow/example_dags/example_branch_python_dop_operator_3.py
[2023-11-15T04:24:41.916+0000] {processor.py:839} INFO - DAG(s) dict_keys(['example_branch_dop_operator_v3']) retrieved from /home/airflow/.local/lib/python3.8/site-packages/airflow/example_dags/example_branch_python_dop_operator_3.py
[2023-11-15T04:24:41.964+0000] {logging_mixin.py:151} INFO - [2023-11-15T04:24:41.964+0000] {dag.py:2941} INFO - Sync 1 DAGs
[2023-11-15T04:24:42.055+0000] {logging_mixin.py:151} INFO - [2023-11-15T04:24:42.055+0000] {dag.py:3722} INFO - Setting next_dagrun for example_branch_dop_operator_v3 to 2023-11-15T04:23:00+00:00, run_after=2023-11-15T04:24:00+00:00
[2023-11-15T04:24:42.113+0000] {processor.py:179} INFO - Processing /home/airflow/.local/lib/python3.8/site-packages/airflow/example_dags/example_branch_python_dop_operator_3.py took 0.236 seconds
[2023-11-15T04:25:12.207+0000] {processor.py:157} INFO - Started process (PID=3255) to work on /home/airflow/.local/lib/python3.8/site-packages/airflow/example_dags/example_branch_python_dop_operator_3.py
[2023-11-15T04:25:12.208+0000] {processor.py:829} INFO - Processing file /home/airflow/.local/lib/python3.8/site-packages/airflow/example_dags/example_branch_python_dop_operator_3.py for tasks to queue
[2023-11-15T04:25:12.212+0000] {logging_mixin.py:151} INFO - [2023-11-15T04:25:12.211+0000] {dagbag.py:536} INFO - Filling up the DagBag from /home/airflow/.local/lib/python3.8/site-packages/airflow/example_dags/example_branch_python_dop_operator_3.py
[2023-11-15T04:25:12.225+0000] {processor.py:839} INFO - DAG(s) dict_keys(['example_branch_dop_operator_v3']) retrieved from /home/airflow/.local/lib/python3.8/site-packages/airflow/example_dags/example_branch_python_dop_operator_3.py
[2023-11-15T04:25:12.253+0000] {logging_mixin.py:151} INFO - [2023-11-15T04:25:12.253+0000] {dag.py:2941} INFO - Sync 1 DAGs
[2023-11-15T04:25:12.291+0000] {logging_mixin.py:151} INFO - [2023-11-15T04:25:12.291+0000] {dag.py:3722} INFO - Setting next_dagrun for example_branch_dop_operator_v3 to 2023-11-15T04:24:00+00:00, run_after=2023-11-15T04:25:00+00:00
[2023-11-15T04:25:12.316+0000] {processor.py:179} INFO - Processing /home/airflow/.local/lib/python3.8/site-packages/airflow/example_dags/example_branch_python_dop_operator_3.py took 0.113 seconds
[2023-11-15T04:25:43.030+0000] {processor.py:157} INFO - Started process (PID=3315) to work on /home/airflow/.local/lib/python3.8/site-packages/airflow/example_dags/example_branch_python_dop_operator_3.py
[2023-11-15T04:25:43.032+0000] {processor.py:829} INFO - Processing file /home/airflow/.local/lib/python3.8/site-packages/airflow/example_dags/example_branch_python_dop_operator_3.py for tasks to queue
[2023-11-15T04:25:43.035+0000] {logging_mixin.py:151} INFO - [2023-11-15T04:25:43.034+0000] {dagbag.py:536} INFO - Filling up the DagBag from /home/airflow/.local/lib/python3.8/site-packages/airflow/example_dags/example_branch_python_dop_operator_3.py
[2023-11-15T04:25:43.051+0000] {processor.py:839} INFO - DAG(s) dict_keys(['example_branch_dop_operator_v3']) retrieved from /home/airflow/.local/lib/python3.8/site-packages/airflow/example_dags/example_branch_python_dop_operator_3.py
[2023-11-15T04:25:43.088+0000] {logging_mixin.py:151} INFO - [2023-11-15T04:25:43.087+0000] {dag.py:2941} INFO - Sync 1 DAGs
[2023-11-15T04:25:43.142+0000] {logging_mixin.py:151} INFO - [2023-11-15T04:25:43.142+0000] {dag.py:3722} INFO - Setting next_dagrun for example_branch_dop_operator_v3 to 2023-11-15T04:24:00+00:00, run_after=2023-11-15T04:25:00+00:00
[2023-11-15T04:25:43.174+0000] {processor.py:179} INFO - Processing /home/airflow/.local/lib/python3.8/site-packages/airflow/example_dags/example_branch_python_dop_operator_3.py took 0.150 seconds
[2023-11-15T04:26:13.760+0000] {processor.py:157} INFO - Started process (PID=3373) to work on /home/airflow/.local/lib/python3.8/site-packages/airflow/example_dags/example_branch_python_dop_operator_3.py
[2023-11-15T04:26:13.761+0000] {processor.py:829} INFO - Processing file /home/airflow/.local/lib/python3.8/site-packages/airflow/example_dags/example_branch_python_dop_operator_3.py for tasks to queue
[2023-11-15T04:26:13.763+0000] {logging_mixin.py:151} INFO - [2023-11-15T04:26:13.763+0000] {dagbag.py:536} INFO - Filling up the DagBag from /home/airflow/.local/lib/python3.8/site-packages/airflow/example_dags/example_branch_python_dop_operator_3.py
[2023-11-15T04:26:13.775+0000] {processor.py:839} INFO - DAG(s) dict_keys(['example_branch_dop_operator_v3']) retrieved from /home/airflow/.local/lib/python3.8/site-packages/airflow/example_dags/example_branch_python_dop_operator_3.py
[2023-11-15T04:26:13.799+0000] {logging_mixin.py:151} INFO - [2023-11-15T04:26:13.799+0000] {dag.py:2941} INFO - Sync 1 DAGs
[2023-11-15T04:26:13.831+0000] {logging_mixin.py:151} INFO - [2023-11-15T04:26:13.831+0000] {dag.py:3722} INFO - Setting next_dagrun for example_branch_dop_operator_v3 to 2023-11-15T04:25:00+00:00, run_after=2023-11-15T04:26:00+00:00
[2023-11-15T04:26:13.858+0000] {processor.py:179} INFO - Processing /home/airflow/.local/lib/python3.8/site-packages/airflow/example_dags/example_branch_python_dop_operator_3.py took 0.101 seconds
[2023-11-15T04:26:44.256+0000] {processor.py:157} INFO - Started process (PID=3431) to work on /home/airflow/.local/lib/python3.8/site-packages/airflow/example_dags/example_branch_python_dop_operator_3.py
[2023-11-15T04:26:44.257+0000] {processor.py:829} INFO - Processing file /home/airflow/.local/lib/python3.8/site-packages/airflow/example_dags/example_branch_python_dop_operator_3.py for tasks to queue
[2023-11-15T04:26:44.262+0000] {logging_mixin.py:151} INFO - [2023-11-15T04:26:44.260+0000] {dagbag.py:536} INFO - Filling up the DagBag from /home/airflow/.local/lib/python3.8/site-packages/airflow/example_dags/example_branch_python_dop_operator_3.py
[2023-11-15T04:26:44.274+0000] {processor.py:839} INFO - DAG(s) dict_keys(['example_branch_dop_operator_v3']) retrieved from /home/airflow/.local/lib/python3.8/site-packages/airflow/example_dags/example_branch_python_dop_operator_3.py
[2023-11-15T04:26:44.307+0000] {logging_mixin.py:151} INFO - [2023-11-15T04:26:44.307+0000] {dag.py:2941} INFO - Sync 1 DAGs
[2023-11-15T04:26:44.347+0000] {logging_mixin.py:151} INFO - [2023-11-15T04:26:44.346+0000] {dag.py:3722} INFO - Setting next_dagrun for example_branch_dop_operator_v3 to 2023-11-15T04:25:00+00:00, run_after=2023-11-15T04:26:00+00:00
[2023-11-15T04:26:44.371+0000] {processor.py:179} INFO - Processing /home/airflow/.local/lib/python3.8/site-packages/airflow/example_dags/example_branch_python_dop_operator_3.py took 0.120 seconds
