[2023-11-15T03:11:01.557+0000] {processor.py:157} INFO - Started process (PID=58) to work on /home/airflow/.local/lib/python3.8/site-packages/airflow/example_dags/example_branch_day_of_week_operator.py
[2023-11-15T03:11:01.559+0000] {processor.py:829} INFO - Processing file /home/airflow/.local/lib/python3.8/site-packages/airflow/example_dags/example_branch_day_of_week_operator.py for tasks to queue
[2023-11-15T03:11:01.562+0000] {logging_mixin.py:151} INFO - [2023-11-15T03:11:01.562+0000] {dagbag.py:536} INFO - Filling up the DagBag from /home/airflow/.local/lib/python3.8/site-packages/airflow/example_dags/example_branch_day_of_week_operator.py
[2023-11-15T03:11:01.586+0000] {processor.py:839} INFO - DAG(s) dict_keys(['example_weekday_branch_operator']) retrieved from /home/airflow/.local/lib/python3.8/site-packages/airflow/example_dags/example_branch_day_of_week_operator.py
[2023-11-15T03:11:01.675+0000] {logging_mixin.py:151} INFO - [2023-11-15T03:11:01.674+0000] {dag.py:2941} INFO - Sync 1 DAGs
[2023-11-15T03:11:01.722+0000] {logging_mixin.py:151} INFO - [2023-11-15T03:11:01.721+0000] {dag.py:3722} INFO - Setting next_dagrun for example_weekday_branch_operator to 2023-11-14T00:00:00+00:00, run_after=2023-11-15T00:00:00+00:00
[2023-11-15T03:11:01.766+0000] {processor.py:179} INFO - Processing /home/airflow/.local/lib/python3.8/site-packages/airflow/example_dags/example_branch_day_of_week_operator.py took 0.214 seconds
[2023-11-15T03:57:35.874+0000] {processor.py:157} INFO - Started process (PID=60) to work on /home/airflow/.local/lib/python3.8/site-packages/airflow/example_dags/example_branch_day_of_week_operator.py
[2023-11-15T03:57:35.876+0000] {processor.py:829} INFO - Processing file /home/airflow/.local/lib/python3.8/site-packages/airflow/example_dags/example_branch_day_of_week_operator.py for tasks to queue
[2023-11-15T03:57:35.880+0000] {logging_mixin.py:151} INFO - [2023-11-15T03:57:35.879+0000] {dagbag.py:536} INFO - Filling up the DagBag from /home/airflow/.local/lib/python3.8/site-packages/airflow/example_dags/example_branch_day_of_week_operator.py
[2023-11-15T03:57:35.895+0000] {processor.py:839} INFO - DAG(s) dict_keys(['example_weekday_branch_operator']) retrieved from /home/airflow/.local/lib/python3.8/site-packages/airflow/example_dags/example_branch_day_of_week_operator.py
[2023-11-15T03:57:35.930+0000] {logging_mixin.py:151} INFO - [2023-11-15T03:57:35.930+0000] {dag.py:2941} INFO - Sync 1 DAGs
[2023-11-15T03:57:35.960+0000] {logging_mixin.py:151} INFO - [2023-11-15T03:57:35.959+0000] {dag.py:3722} INFO - Setting next_dagrun for example_weekday_branch_operator to 2023-11-14T00:00:00+00:00, run_after=2023-11-15T00:00:00+00:00
[2023-11-15T03:57:35.988+0000] {processor.py:179} INFO - Processing /home/airflow/.local/lib/python3.8/site-packages/airflow/example_dags/example_branch_day_of_week_operator.py took 0.120 seconds
[2023-11-15T03:58:06.087+0000] {processor.py:157} INFO - Started process (PID=118) to work on /home/airflow/.local/lib/python3.8/site-packages/airflow/example_dags/example_branch_day_of_week_operator.py
[2023-11-15T03:58:06.088+0000] {processor.py:829} INFO - Processing file /home/airflow/.local/lib/python3.8/site-packages/airflow/example_dags/example_branch_day_of_week_operator.py for tasks to queue
[2023-11-15T03:58:06.091+0000] {logging_mixin.py:151} INFO - [2023-11-15T03:58:06.090+0000] {dagbag.py:536} INFO - Filling up the DagBag from /home/airflow/.local/lib/python3.8/site-packages/airflow/example_dags/example_branch_day_of_week_operator.py
[2023-11-15T03:58:06.101+0000] {processor.py:839} INFO - DAG(s) dict_keys(['example_weekday_branch_operator']) retrieved from /home/airflow/.local/lib/python3.8/site-packages/airflow/example_dags/example_branch_day_of_week_operator.py
[2023-11-15T03:58:06.129+0000] {logging_mixin.py:151} INFO - [2023-11-15T03:58:06.129+0000] {dag.py:2941} INFO - Sync 1 DAGs
[2023-11-15T03:58:06.165+0000] {logging_mixin.py:151} INFO - [2023-11-15T03:58:06.164+0000] {dag.py:3722} INFO - Setting next_dagrun for example_weekday_branch_operator to 2023-11-14T00:00:00+00:00, run_after=2023-11-15T00:00:00+00:00
[2023-11-15T03:58:06.206+0000] {processor.py:179} INFO - Processing /home/airflow/.local/lib/python3.8/site-packages/airflow/example_dags/example_branch_day_of_week_operator.py took 0.123 seconds
[2023-11-15T03:58:36.543+0000] {processor.py:157} INFO - Started process (PID=176) to work on /home/airflow/.local/lib/python3.8/site-packages/airflow/example_dags/example_branch_day_of_week_operator.py
[2023-11-15T03:58:36.544+0000] {processor.py:829} INFO - Processing file /home/airflow/.local/lib/python3.8/site-packages/airflow/example_dags/example_branch_day_of_week_operator.py for tasks to queue
[2023-11-15T03:58:36.547+0000] {logging_mixin.py:151} INFO - [2023-11-15T03:58:36.546+0000] {dagbag.py:536} INFO - Filling up the DagBag from /home/airflow/.local/lib/python3.8/site-packages/airflow/example_dags/example_branch_day_of_week_operator.py
[2023-11-15T03:58:36.556+0000] {processor.py:839} INFO - DAG(s) dict_keys(['example_weekday_branch_operator']) retrieved from /home/airflow/.local/lib/python3.8/site-packages/airflow/example_dags/example_branch_day_of_week_operator.py
[2023-11-15T03:58:36.586+0000] {logging_mixin.py:151} INFO - [2023-11-15T03:58:36.586+0000] {dag.py:2941} INFO - Sync 1 DAGs
[2023-11-15T03:58:36.614+0000] {logging_mixin.py:151} INFO - [2023-11-15T03:58:36.614+0000] {dag.py:3722} INFO - Setting next_dagrun for example_weekday_branch_operator to 2023-11-14T00:00:00+00:00, run_after=2023-11-15T00:00:00+00:00
[2023-11-15T03:58:36.643+0000] {processor.py:179} INFO - Processing /home/airflow/.local/lib/python3.8/site-packages/airflow/example_dags/example_branch_day_of_week_operator.py took 0.104 seconds
[2023-11-15T03:59:07.525+0000] {processor.py:157} INFO - Started process (PID=238) to work on /home/airflow/.local/lib/python3.8/site-packages/airflow/example_dags/example_branch_day_of_week_operator.py
[2023-11-15T03:59:07.527+0000] {processor.py:829} INFO - Processing file /home/airflow/.local/lib/python3.8/site-packages/airflow/example_dags/example_branch_day_of_week_operator.py for tasks to queue
[2023-11-15T03:59:07.529+0000] {logging_mixin.py:151} INFO - [2023-11-15T03:59:07.529+0000] {dagbag.py:536} INFO - Filling up the DagBag from /home/airflow/.local/lib/python3.8/site-packages/airflow/example_dags/example_branch_day_of_week_operator.py
[2023-11-15T03:59:07.540+0000] {processor.py:839} INFO - DAG(s) dict_keys(['example_weekday_branch_operator']) retrieved from /home/airflow/.local/lib/python3.8/site-packages/airflow/example_dags/example_branch_day_of_week_operator.py
[2023-11-15T03:59:07.566+0000] {logging_mixin.py:151} INFO - [2023-11-15T03:59:07.565+0000] {dag.py:2941} INFO - Sync 1 DAGs
[2023-11-15T03:59:07.597+0000] {logging_mixin.py:151} INFO - [2023-11-15T03:59:07.597+0000] {dag.py:3722} INFO - Setting next_dagrun for example_weekday_branch_operator to 2023-11-14T00:00:00+00:00, run_after=2023-11-15T00:00:00+00:00
[2023-11-15T03:59:07.622+0000] {processor.py:179} INFO - Processing /home/airflow/.local/lib/python3.8/site-packages/airflow/example_dags/example_branch_day_of_week_operator.py took 0.102 seconds
[2023-11-15T03:59:38.724+0000] {processor.py:157} INFO - Started process (PID=296) to work on /home/airflow/.local/lib/python3.8/site-packages/airflow/example_dags/example_branch_day_of_week_operator.py
[2023-11-15T03:59:38.732+0000] {processor.py:829} INFO - Processing file /home/airflow/.local/lib/python3.8/site-packages/airflow/example_dags/example_branch_day_of_week_operator.py for tasks to queue
[2023-11-15T03:59:38.736+0000] {logging_mixin.py:151} INFO - [2023-11-15T03:59:38.735+0000] {dagbag.py:536} INFO - Filling up the DagBag from /home/airflow/.local/lib/python3.8/site-packages/airflow/example_dags/example_branch_day_of_week_operator.py
[2023-11-15T03:59:38.751+0000] {processor.py:839} INFO - DAG(s) dict_keys(['example_weekday_branch_operator']) retrieved from /home/airflow/.local/lib/python3.8/site-packages/airflow/example_dags/example_branch_day_of_week_operator.py
[2023-11-15T03:59:38.841+0000] {logging_mixin.py:151} INFO - [2023-11-15T03:59:38.840+0000] {dag.py:2941} INFO - Sync 1 DAGs
[2023-11-15T03:59:38.961+0000] {logging_mixin.py:151} INFO - [2023-11-15T03:59:38.960+0000] {dag.py:3722} INFO - Setting next_dagrun for example_weekday_branch_operator to 2023-11-14T00:00:00+00:00, run_after=2023-11-15T00:00:00+00:00
[2023-11-15T03:59:39.020+0000] {processor.py:179} INFO - Processing /home/airflow/.local/lib/python3.8/site-packages/airflow/example_dags/example_branch_day_of_week_operator.py took 0.310 seconds
[2023-11-15T04:00:09.568+0000] {processor.py:157} INFO - Started process (PID=354) to work on /home/airflow/.local/lib/python3.8/site-packages/airflow/example_dags/example_branch_day_of_week_operator.py
[2023-11-15T04:00:09.569+0000] {processor.py:829} INFO - Processing file /home/airflow/.local/lib/python3.8/site-packages/airflow/example_dags/example_branch_day_of_week_operator.py for tasks to queue
[2023-11-15T04:00:09.572+0000] {logging_mixin.py:151} INFO - [2023-11-15T04:00:09.572+0000] {dagbag.py:536} INFO - Filling up the DagBag from /home/airflow/.local/lib/python3.8/site-packages/airflow/example_dags/example_branch_day_of_week_operator.py
[2023-11-15T04:00:09.581+0000] {processor.py:839} INFO - DAG(s) dict_keys(['example_weekday_branch_operator']) retrieved from /home/airflow/.local/lib/python3.8/site-packages/airflow/example_dags/example_branch_day_of_week_operator.py
[2023-11-15T04:00:09.606+0000] {logging_mixin.py:151} INFO - [2023-11-15T04:00:09.606+0000] {dag.py:2941} INFO - Sync 1 DAGs
[2023-11-15T04:00:09.633+0000] {logging_mixin.py:151} INFO - [2023-11-15T04:00:09.632+0000] {dag.py:3722} INFO - Setting next_dagrun for example_weekday_branch_operator to 2023-11-14T00:00:00+00:00, run_after=2023-11-15T00:00:00+00:00
[2023-11-15T04:00:09.656+0000] {processor.py:179} INFO - Processing /home/airflow/.local/lib/python3.8/site-packages/airflow/example_dags/example_branch_day_of_week_operator.py took 0.091 seconds
[2023-11-15T04:00:40.326+0000] {processor.py:157} INFO - Started process (PID=413) to work on /home/airflow/.local/lib/python3.8/site-packages/airflow/example_dags/example_branch_day_of_week_operator.py
[2023-11-15T04:00:40.328+0000] {processor.py:829} INFO - Processing file /home/airflow/.local/lib/python3.8/site-packages/airflow/example_dags/example_branch_day_of_week_operator.py for tasks to queue
[2023-11-15T04:00:40.331+0000] {logging_mixin.py:151} INFO - [2023-11-15T04:00:40.330+0000] {dagbag.py:536} INFO - Filling up the DagBag from /home/airflow/.local/lib/python3.8/site-packages/airflow/example_dags/example_branch_day_of_week_operator.py
[2023-11-15T04:00:40.340+0000] {processor.py:839} INFO - DAG(s) dict_keys(['example_weekday_branch_operator']) retrieved from /home/airflow/.local/lib/python3.8/site-packages/airflow/example_dags/example_branch_day_of_week_operator.py
[2023-11-15T04:00:40.371+0000] {logging_mixin.py:151} INFO - [2023-11-15T04:00:40.371+0000] {dag.py:2941} INFO - Sync 1 DAGs
[2023-11-15T04:00:40.401+0000] {logging_mixin.py:151} INFO - [2023-11-15T04:00:40.401+0000] {dag.py:3722} INFO - Setting next_dagrun for example_weekday_branch_operator to 2023-11-14T00:00:00+00:00, run_after=2023-11-15T00:00:00+00:00
[2023-11-15T04:00:40.427+0000] {processor.py:179} INFO - Processing /home/airflow/.local/lib/python3.8/site-packages/airflow/example_dags/example_branch_day_of_week_operator.py took 0.105 seconds
[2023-11-15T04:01:11.049+0000] {processor.py:157} INFO - Started process (PID=471) to work on /home/airflow/.local/lib/python3.8/site-packages/airflow/example_dags/example_branch_day_of_week_operator.py
[2023-11-15T04:01:11.050+0000] {processor.py:829} INFO - Processing file /home/airflow/.local/lib/python3.8/site-packages/airflow/example_dags/example_branch_day_of_week_operator.py for tasks to queue
[2023-11-15T04:01:11.052+0000] {logging_mixin.py:151} INFO - [2023-11-15T04:01:11.052+0000] {dagbag.py:536} INFO - Filling up the DagBag from /home/airflow/.local/lib/python3.8/site-packages/airflow/example_dags/example_branch_day_of_week_operator.py
[2023-11-15T04:01:11.062+0000] {processor.py:839} INFO - DAG(s) dict_keys(['example_weekday_branch_operator']) retrieved from /home/airflow/.local/lib/python3.8/site-packages/airflow/example_dags/example_branch_day_of_week_operator.py
[2023-11-15T04:01:11.088+0000] {logging_mixin.py:151} INFO - [2023-11-15T04:01:11.087+0000] {dag.py:2941} INFO - Sync 1 DAGs
[2023-11-15T04:01:11.116+0000] {logging_mixin.py:151} INFO - [2023-11-15T04:01:11.116+0000] {dag.py:3722} INFO - Setting next_dagrun for example_weekday_branch_operator to 2023-11-14T00:00:00+00:00, run_after=2023-11-15T00:00:00+00:00
[2023-11-15T04:01:11.139+0000] {processor.py:179} INFO - Processing /home/airflow/.local/lib/python3.8/site-packages/airflow/example_dags/example_branch_day_of_week_operator.py took 0.094 seconds
[2023-11-15T04:01:42.388+0000] {processor.py:157} INFO - Started process (PID=529) to work on /home/airflow/.local/lib/python3.8/site-packages/airflow/example_dags/example_branch_day_of_week_operator.py
[2023-11-15T04:01:42.389+0000] {processor.py:829} INFO - Processing file /home/airflow/.local/lib/python3.8/site-packages/airflow/example_dags/example_branch_day_of_week_operator.py for tasks to queue
[2023-11-15T04:01:42.392+0000] {logging_mixin.py:151} INFO - [2023-11-15T04:01:42.391+0000] {dagbag.py:536} INFO - Filling up the DagBag from /home/airflow/.local/lib/python3.8/site-packages/airflow/example_dags/example_branch_day_of_week_operator.py
[2023-11-15T04:01:42.401+0000] {processor.py:839} INFO - DAG(s) dict_keys(['example_weekday_branch_operator']) retrieved from /home/airflow/.local/lib/python3.8/site-packages/airflow/example_dags/example_branch_day_of_week_operator.py
[2023-11-15T04:01:42.426+0000] {logging_mixin.py:151} INFO - [2023-11-15T04:01:42.426+0000] {dag.py:2941} INFO - Sync 1 DAGs
[2023-11-15T04:01:42.455+0000] {logging_mixin.py:151} INFO - [2023-11-15T04:01:42.454+0000] {dag.py:3722} INFO - Setting next_dagrun for example_weekday_branch_operator to 2023-11-14T00:00:00+00:00, run_after=2023-11-15T00:00:00+00:00
[2023-11-15T04:01:42.479+0000] {processor.py:179} INFO - Processing /home/airflow/.local/lib/python3.8/site-packages/airflow/example_dags/example_branch_day_of_week_operator.py took 0.096 seconds
[2023-11-15T04:02:13.161+0000] {processor.py:157} INFO - Started process (PID=592) to work on /home/airflow/.local/lib/python3.8/site-packages/airflow/example_dags/example_branch_day_of_week_operator.py
[2023-11-15T04:02:13.163+0000] {processor.py:829} INFO - Processing file /home/airflow/.local/lib/python3.8/site-packages/airflow/example_dags/example_branch_day_of_week_operator.py for tasks to queue
[2023-11-15T04:02:13.165+0000] {logging_mixin.py:151} INFO - [2023-11-15T04:02:13.165+0000] {dagbag.py:536} INFO - Filling up the DagBag from /home/airflow/.local/lib/python3.8/site-packages/airflow/example_dags/example_branch_day_of_week_operator.py
[2023-11-15T04:02:13.178+0000] {processor.py:839} INFO - DAG(s) dict_keys(['example_weekday_branch_operator']) retrieved from /home/airflow/.local/lib/python3.8/site-packages/airflow/example_dags/example_branch_day_of_week_operator.py
[2023-11-15T04:02:13.205+0000] {logging_mixin.py:151} INFO - [2023-11-15T04:02:13.204+0000] {dag.py:2941} INFO - Sync 1 DAGs
[2023-11-15T04:02:13.238+0000] {logging_mixin.py:151} INFO - [2023-11-15T04:02:13.238+0000] {dag.py:3722} INFO - Setting next_dagrun for example_weekday_branch_operator to 2023-11-14T00:00:00+00:00, run_after=2023-11-15T00:00:00+00:00
[2023-11-15T04:02:13.266+0000] {processor.py:179} INFO - Processing /home/airflow/.local/lib/python3.8/site-packages/airflow/example_dags/example_branch_day_of_week_operator.py took 0.109 seconds
[2023-11-15T04:02:44.120+0000] {processor.py:157} INFO - Started process (PID=652) to work on /home/airflow/.local/lib/python3.8/site-packages/airflow/example_dags/example_branch_day_of_week_operator.py
[2023-11-15T04:02:44.121+0000] {processor.py:829} INFO - Processing file /home/airflow/.local/lib/python3.8/site-packages/airflow/example_dags/example_branch_day_of_week_operator.py for tasks to queue
[2023-11-15T04:02:44.124+0000] {logging_mixin.py:151} INFO - [2023-11-15T04:02:44.124+0000] {dagbag.py:536} INFO - Filling up the DagBag from /home/airflow/.local/lib/python3.8/site-packages/airflow/example_dags/example_branch_day_of_week_operator.py
[2023-11-15T04:02:44.136+0000] {processor.py:839} INFO - DAG(s) dict_keys(['example_weekday_branch_operator']) retrieved from /home/airflow/.local/lib/python3.8/site-packages/airflow/example_dags/example_branch_day_of_week_operator.py
[2023-11-15T04:02:44.164+0000] {logging_mixin.py:151} INFO - [2023-11-15T04:02:44.164+0000] {dag.py:2941} INFO - Sync 1 DAGs
[2023-11-15T04:02:44.196+0000] {logging_mixin.py:151} INFO - [2023-11-15T04:02:44.196+0000] {dag.py:3722} INFO - Setting next_dagrun for example_weekday_branch_operator to 2023-11-14T00:00:00+00:00, run_after=2023-11-15T00:00:00+00:00
[2023-11-15T04:02:44.224+0000] {processor.py:179} INFO - Processing /home/airflow/.local/lib/python3.8/site-packages/airflow/example_dags/example_branch_day_of_week_operator.py took 0.108 seconds
[2023-11-15T04:03:14.799+0000] {processor.py:157} INFO - Started process (PID=710) to work on /home/airflow/.local/lib/python3.8/site-packages/airflow/example_dags/example_branch_day_of_week_operator.py
[2023-11-15T04:03:14.800+0000] {processor.py:829} INFO - Processing file /home/airflow/.local/lib/python3.8/site-packages/airflow/example_dags/example_branch_day_of_week_operator.py for tasks to queue
[2023-11-15T04:03:14.803+0000] {logging_mixin.py:151} INFO - [2023-11-15T04:03:14.803+0000] {dagbag.py:536} INFO - Filling up the DagBag from /home/airflow/.local/lib/python3.8/site-packages/airflow/example_dags/example_branch_day_of_week_operator.py
[2023-11-15T04:03:14.813+0000] {processor.py:839} INFO - DAG(s) dict_keys(['example_weekday_branch_operator']) retrieved from /home/airflow/.local/lib/python3.8/site-packages/airflow/example_dags/example_branch_day_of_week_operator.py
[2023-11-15T04:03:14.837+0000] {logging_mixin.py:151} INFO - [2023-11-15T04:03:14.837+0000] {dag.py:2941} INFO - Sync 1 DAGs
[2023-11-15T04:03:14.866+0000] {logging_mixin.py:151} INFO - [2023-11-15T04:03:14.865+0000] {dag.py:3722} INFO - Setting next_dagrun for example_weekday_branch_operator to 2023-11-14T00:00:00+00:00, run_after=2023-11-15T00:00:00+00:00
[2023-11-15T04:03:14.896+0000] {processor.py:179} INFO - Processing /home/airflow/.local/lib/python3.8/site-packages/airflow/example_dags/example_branch_day_of_week_operator.py took 0.101 seconds
[2023-11-15T04:03:45.338+0000] {processor.py:157} INFO - Started process (PID=769) to work on /home/airflow/.local/lib/python3.8/site-packages/airflow/example_dags/example_branch_day_of_week_operator.py
[2023-11-15T04:03:45.339+0000] {processor.py:829} INFO - Processing file /home/airflow/.local/lib/python3.8/site-packages/airflow/example_dags/example_branch_day_of_week_operator.py for tasks to queue
[2023-11-15T04:03:45.342+0000] {logging_mixin.py:151} INFO - [2023-11-15T04:03:45.341+0000] {dagbag.py:536} INFO - Filling up the DagBag from /home/airflow/.local/lib/python3.8/site-packages/airflow/example_dags/example_branch_day_of_week_operator.py
[2023-11-15T04:03:45.351+0000] {processor.py:839} INFO - DAG(s) dict_keys(['example_weekday_branch_operator']) retrieved from /home/airflow/.local/lib/python3.8/site-packages/airflow/example_dags/example_branch_day_of_week_operator.py
[2023-11-15T04:03:45.380+0000] {logging_mixin.py:151} INFO - [2023-11-15T04:03:45.380+0000] {dag.py:2941} INFO - Sync 1 DAGs
[2023-11-15T04:03:45.415+0000] {logging_mixin.py:151} INFO - [2023-11-15T04:03:45.415+0000] {dag.py:3722} INFO - Setting next_dagrun for example_weekday_branch_operator to 2023-11-14T00:00:00+00:00, run_after=2023-11-15T00:00:00+00:00
[2023-11-15T04:03:45.443+0000] {processor.py:179} INFO - Processing /home/airflow/.local/lib/python3.8/site-packages/airflow/example_dags/example_branch_day_of_week_operator.py took 0.109 seconds
[2023-11-15T04:04:15.638+0000] {processor.py:157} INFO - Started process (PID=826) to work on /home/airflow/.local/lib/python3.8/site-packages/airflow/example_dags/example_branch_day_of_week_operator.py
[2023-11-15T04:04:15.639+0000] {processor.py:829} INFO - Processing file /home/airflow/.local/lib/python3.8/site-packages/airflow/example_dags/example_branch_day_of_week_operator.py for tasks to queue
[2023-11-15T04:04:15.642+0000] {logging_mixin.py:151} INFO - [2023-11-15T04:04:15.641+0000] {dagbag.py:536} INFO - Filling up the DagBag from /home/airflow/.local/lib/python3.8/site-packages/airflow/example_dags/example_branch_day_of_week_operator.py
[2023-11-15T04:04:15.652+0000] {processor.py:839} INFO - DAG(s) dict_keys(['example_weekday_branch_operator']) retrieved from /home/airflow/.local/lib/python3.8/site-packages/airflow/example_dags/example_branch_day_of_week_operator.py
[2023-11-15T04:04:15.678+0000] {logging_mixin.py:151} INFO - [2023-11-15T04:04:15.677+0000] {dag.py:2941} INFO - Sync 1 DAGs
[2023-11-15T04:04:15.707+0000] {logging_mixin.py:151} INFO - [2023-11-15T04:04:15.706+0000] {dag.py:3722} INFO - Setting next_dagrun for example_weekday_branch_operator to 2023-11-14T00:00:00+00:00, run_after=2023-11-15T00:00:00+00:00
[2023-11-15T04:04:15.729+0000] {processor.py:179} INFO - Processing /home/airflow/.local/lib/python3.8/site-packages/airflow/example_dags/example_branch_day_of_week_operator.py took 0.095 seconds
[2023-11-15T04:04:46.102+0000] {processor.py:157} INFO - Started process (PID=884) to work on /home/airflow/.local/lib/python3.8/site-packages/airflow/example_dags/example_branch_day_of_week_operator.py
[2023-11-15T04:04:46.103+0000] {processor.py:829} INFO - Processing file /home/airflow/.local/lib/python3.8/site-packages/airflow/example_dags/example_branch_day_of_week_operator.py for tasks to queue
[2023-11-15T04:04:46.105+0000] {logging_mixin.py:151} INFO - [2023-11-15T04:04:46.105+0000] {dagbag.py:536} INFO - Filling up the DagBag from /home/airflow/.local/lib/python3.8/site-packages/airflow/example_dags/example_branch_day_of_week_operator.py
[2023-11-15T04:04:46.115+0000] {processor.py:839} INFO - DAG(s) dict_keys(['example_weekday_branch_operator']) retrieved from /home/airflow/.local/lib/python3.8/site-packages/airflow/example_dags/example_branch_day_of_week_operator.py
[2023-11-15T04:04:46.142+0000] {logging_mixin.py:151} INFO - [2023-11-15T04:04:46.142+0000] {dag.py:2941} INFO - Sync 1 DAGs
[2023-11-15T04:04:46.172+0000] {logging_mixin.py:151} INFO - [2023-11-15T04:04:46.172+0000] {dag.py:3722} INFO - Setting next_dagrun for example_weekday_branch_operator to 2023-11-14T00:00:00+00:00, run_after=2023-11-15T00:00:00+00:00
[2023-11-15T04:04:46.197+0000] {processor.py:179} INFO - Processing /home/airflow/.local/lib/python3.8/site-packages/airflow/example_dags/example_branch_day_of_week_operator.py took 0.100 seconds
[2023-11-15T04:05:17.228+0000] {processor.py:157} INFO - Started process (PID=950) to work on /home/airflow/.local/lib/python3.8/site-packages/airflow/example_dags/example_branch_day_of_week_operator.py
[2023-11-15T04:05:17.232+0000] {processor.py:829} INFO - Processing file /home/airflow/.local/lib/python3.8/site-packages/airflow/example_dags/example_branch_day_of_week_operator.py for tasks to queue
[2023-11-15T04:05:17.235+0000] {logging_mixin.py:151} INFO - [2023-11-15T04:05:17.235+0000] {dagbag.py:536} INFO - Filling up the DagBag from /home/airflow/.local/lib/python3.8/site-packages/airflow/example_dags/example_branch_day_of_week_operator.py
[2023-11-15T04:05:17.249+0000] {processor.py:839} INFO - DAG(s) dict_keys(['example_weekday_branch_operator']) retrieved from /home/airflow/.local/lib/python3.8/site-packages/airflow/example_dags/example_branch_day_of_week_operator.py
[2023-11-15T04:05:17.282+0000] {logging_mixin.py:151} INFO - [2023-11-15T04:05:17.282+0000] {dag.py:2941} INFO - Sync 1 DAGs
[2023-11-15T04:05:17.322+0000] {logging_mixin.py:151} INFO - [2023-11-15T04:05:17.322+0000] {dag.py:3722} INFO - Setting next_dagrun for example_weekday_branch_operator to 2023-11-14T00:00:00+00:00, run_after=2023-11-15T00:00:00+00:00
[2023-11-15T04:05:17.349+0000] {processor.py:179} INFO - Processing /home/airflow/.local/lib/python3.8/site-packages/airflow/example_dags/example_branch_day_of_week_operator.py took 0.128 seconds
[2023-11-15T04:05:47.498+0000] {processor.py:157} INFO - Started process (PID=1009) to work on /home/airflow/.local/lib/python3.8/site-packages/airflow/example_dags/example_branch_day_of_week_operator.py
[2023-11-15T04:05:47.499+0000] {processor.py:829} INFO - Processing file /home/airflow/.local/lib/python3.8/site-packages/airflow/example_dags/example_branch_day_of_week_operator.py for tasks to queue
[2023-11-15T04:05:47.501+0000] {logging_mixin.py:151} INFO - [2023-11-15T04:05:47.501+0000] {dagbag.py:536} INFO - Filling up the DagBag from /home/airflow/.local/lib/python3.8/site-packages/airflow/example_dags/example_branch_day_of_week_operator.py
[2023-11-15T04:05:47.510+0000] {processor.py:839} INFO - DAG(s) dict_keys(['example_weekday_branch_operator']) retrieved from /home/airflow/.local/lib/python3.8/site-packages/airflow/example_dags/example_branch_day_of_week_operator.py
[2023-11-15T04:05:47.540+0000] {logging_mixin.py:151} INFO - [2023-11-15T04:05:47.539+0000] {dag.py:2941} INFO - Sync 1 DAGs
[2023-11-15T04:05:47.570+0000] {logging_mixin.py:151} INFO - [2023-11-15T04:05:47.570+0000] {dag.py:3722} INFO - Setting next_dagrun for example_weekday_branch_operator to 2023-11-14T00:00:00+00:00, run_after=2023-11-15T00:00:00+00:00
[2023-11-15T04:05:47.598+0000] {processor.py:179} INFO - Processing /home/airflow/.local/lib/python3.8/site-packages/airflow/example_dags/example_branch_day_of_week_operator.py took 0.104 seconds
[2023-11-15T04:06:18.169+0000] {processor.py:157} INFO - Started process (PID=1068) to work on /home/airflow/.local/lib/python3.8/site-packages/airflow/example_dags/example_branch_day_of_week_operator.py
[2023-11-15T04:06:18.170+0000] {processor.py:829} INFO - Processing file /home/airflow/.local/lib/python3.8/site-packages/airflow/example_dags/example_branch_day_of_week_operator.py for tasks to queue
[2023-11-15T04:06:18.173+0000] {logging_mixin.py:151} INFO - [2023-11-15T04:06:18.172+0000] {dagbag.py:536} INFO - Filling up the DagBag from /home/airflow/.local/lib/python3.8/site-packages/airflow/example_dags/example_branch_day_of_week_operator.py
[2023-11-15T04:06:18.182+0000] {processor.py:839} INFO - DAG(s) dict_keys(['example_weekday_branch_operator']) retrieved from /home/airflow/.local/lib/python3.8/site-packages/airflow/example_dags/example_branch_day_of_week_operator.py
[2023-11-15T04:06:18.209+0000] {logging_mixin.py:151} INFO - [2023-11-15T04:06:18.209+0000] {dag.py:2941} INFO - Sync 1 DAGs
[2023-11-15T04:06:18.242+0000] {logging_mixin.py:151} INFO - [2023-11-15T04:06:18.242+0000] {dag.py:3722} INFO - Setting next_dagrun for example_weekday_branch_operator to 2023-11-14T00:00:00+00:00, run_after=2023-11-15T00:00:00+00:00
[2023-11-15T04:06:18.269+0000] {processor.py:179} INFO - Processing /home/airflow/.local/lib/python3.8/site-packages/airflow/example_dags/example_branch_day_of_week_operator.py took 0.104 seconds
[2023-11-15T04:06:48.667+0000] {processor.py:157} INFO - Started process (PID=1126) to work on /home/airflow/.local/lib/python3.8/site-packages/airflow/example_dags/example_branch_day_of_week_operator.py
[2023-11-15T04:06:48.669+0000] {processor.py:829} INFO - Processing file /home/airflow/.local/lib/python3.8/site-packages/airflow/example_dags/example_branch_day_of_week_operator.py for tasks to queue
[2023-11-15T04:06:48.672+0000] {logging_mixin.py:151} INFO - [2023-11-15T04:06:48.672+0000] {dagbag.py:536} INFO - Filling up the DagBag from /home/airflow/.local/lib/python3.8/site-packages/airflow/example_dags/example_branch_day_of_week_operator.py
[2023-11-15T04:06:48.684+0000] {processor.py:839} INFO - DAG(s) dict_keys(['example_weekday_branch_operator']) retrieved from /home/airflow/.local/lib/python3.8/site-packages/airflow/example_dags/example_branch_day_of_week_operator.py
[2023-11-15T04:06:48.710+0000] {logging_mixin.py:151} INFO - [2023-11-15T04:06:48.710+0000] {dag.py:2941} INFO - Sync 1 DAGs
[2023-11-15T04:06:48.741+0000] {logging_mixin.py:151} INFO - [2023-11-15T04:06:48.741+0000] {dag.py:3722} INFO - Setting next_dagrun for example_weekday_branch_operator to 2023-11-14T00:00:00+00:00, run_after=2023-11-15T00:00:00+00:00
[2023-11-15T04:06:48.767+0000] {processor.py:179} INFO - Processing /home/airflow/.local/lib/python3.8/site-packages/airflow/example_dags/example_branch_day_of_week_operator.py took 0.106 seconds
[2023-11-15T04:07:19.589+0000] {processor.py:157} INFO - Started process (PID=1185) to work on /home/airflow/.local/lib/python3.8/site-packages/airflow/example_dags/example_branch_day_of_week_operator.py
[2023-11-15T04:07:19.590+0000] {processor.py:829} INFO - Processing file /home/airflow/.local/lib/python3.8/site-packages/airflow/example_dags/example_branch_day_of_week_operator.py for tasks to queue
[2023-11-15T04:07:19.593+0000] {logging_mixin.py:151} INFO - [2023-11-15T04:07:19.592+0000] {dagbag.py:536} INFO - Filling up the DagBag from /home/airflow/.local/lib/python3.8/site-packages/airflow/example_dags/example_branch_day_of_week_operator.py
[2023-11-15T04:07:19.609+0000] {processor.py:839} INFO - DAG(s) dict_keys(['example_weekday_branch_operator']) retrieved from /home/airflow/.local/lib/python3.8/site-packages/airflow/example_dags/example_branch_day_of_week_operator.py
[2023-11-15T04:07:19.648+0000] {logging_mixin.py:151} INFO - [2023-11-15T04:07:19.647+0000] {dag.py:2941} INFO - Sync 1 DAGs
[2023-11-15T04:07:19.685+0000] {logging_mixin.py:151} INFO - [2023-11-15T04:07:19.685+0000] {dag.py:3722} INFO - Setting next_dagrun for example_weekday_branch_operator to 2023-11-14T00:00:00+00:00, run_after=2023-11-15T00:00:00+00:00
[2023-11-15T04:07:19.714+0000] {processor.py:179} INFO - Processing /home/airflow/.local/lib/python3.8/site-packages/airflow/example_dags/example_branch_day_of_week_operator.py took 0.130 seconds
[2023-11-15T04:07:49.901+0000] {processor.py:157} INFO - Started process (PID=1242) to work on /home/airflow/.local/lib/python3.8/site-packages/airflow/example_dags/example_branch_day_of_week_operator.py
[2023-11-15T04:07:49.903+0000] {processor.py:829} INFO - Processing file /home/airflow/.local/lib/python3.8/site-packages/airflow/example_dags/example_branch_day_of_week_operator.py for tasks to queue
[2023-11-15T04:07:49.910+0000] {logging_mixin.py:151} INFO - [2023-11-15T04:07:49.909+0000] {dagbag.py:536} INFO - Filling up the DagBag from /home/airflow/.local/lib/python3.8/site-packages/airflow/example_dags/example_branch_day_of_week_operator.py
[2023-11-15T04:07:49.924+0000] {processor.py:839} INFO - DAG(s) dict_keys(['example_weekday_branch_operator']) retrieved from /home/airflow/.local/lib/python3.8/site-packages/airflow/example_dags/example_branch_day_of_week_operator.py
[2023-11-15T04:07:50.016+0000] {logging_mixin.py:151} INFO - [2023-11-15T04:07:50.016+0000] {dag.py:2941} INFO - Sync 1 DAGs
[2023-11-15T04:07:50.048+0000] {logging_mixin.py:151} INFO - [2023-11-15T04:07:50.047+0000] {dag.py:3722} INFO - Setting next_dagrun for example_weekday_branch_operator to 2023-11-14T00:00:00+00:00, run_after=2023-11-15T00:00:00+00:00
[2023-11-15T04:07:50.073+0000] {processor.py:179} INFO - Processing /home/airflow/.local/lib/python3.8/site-packages/airflow/example_dags/example_branch_day_of_week_operator.py took 0.176 seconds
[2023-11-15T04:08:21.302+0000] {processor.py:157} INFO - Started process (PID=1300) to work on /home/airflow/.local/lib/python3.8/site-packages/airflow/example_dags/example_branch_day_of_week_operator.py
[2023-11-15T04:08:21.303+0000] {processor.py:829} INFO - Processing file /home/airflow/.local/lib/python3.8/site-packages/airflow/example_dags/example_branch_day_of_week_operator.py for tasks to queue
[2023-11-15T04:08:21.305+0000] {logging_mixin.py:151} INFO - [2023-11-15T04:08:21.305+0000] {dagbag.py:536} INFO - Filling up the DagBag from /home/airflow/.local/lib/python3.8/site-packages/airflow/example_dags/example_branch_day_of_week_operator.py
[2023-11-15T04:08:21.316+0000] {processor.py:839} INFO - DAG(s) dict_keys(['example_weekday_branch_operator']) retrieved from /home/airflow/.local/lib/python3.8/site-packages/airflow/example_dags/example_branch_day_of_week_operator.py
[2023-11-15T04:08:21.347+0000] {logging_mixin.py:151} INFO - [2023-11-15T04:08:21.347+0000] {dag.py:2941} INFO - Sync 1 DAGs
[2023-11-15T04:08:21.387+0000] {logging_mixin.py:151} INFO - [2023-11-15T04:08:21.387+0000] {dag.py:3722} INFO - Setting next_dagrun for example_weekday_branch_operator to 2023-11-14T00:00:00+00:00, run_after=2023-11-15T00:00:00+00:00
[2023-11-15T04:08:21.412+0000] {processor.py:179} INFO - Processing /home/airflow/.local/lib/python3.8/site-packages/airflow/example_dags/example_branch_day_of_week_operator.py took 0.114 seconds
[2023-11-15T04:08:51.653+0000] {processor.py:157} INFO - Started process (PID=1357) to work on /home/airflow/.local/lib/python3.8/site-packages/airflow/example_dags/example_branch_day_of_week_operator.py
[2023-11-15T04:08:51.654+0000] {processor.py:829} INFO - Processing file /home/airflow/.local/lib/python3.8/site-packages/airflow/example_dags/example_branch_day_of_week_operator.py for tasks to queue
[2023-11-15T04:08:51.657+0000] {logging_mixin.py:151} INFO - [2023-11-15T04:08:51.656+0000] {dagbag.py:536} INFO - Filling up the DagBag from /home/airflow/.local/lib/python3.8/site-packages/airflow/example_dags/example_branch_day_of_week_operator.py
[2023-11-15T04:08:51.666+0000] {processor.py:839} INFO - DAG(s) dict_keys(['example_weekday_branch_operator']) retrieved from /home/airflow/.local/lib/python3.8/site-packages/airflow/example_dags/example_branch_day_of_week_operator.py
[2023-11-15T04:08:51.690+0000] {logging_mixin.py:151} INFO - [2023-11-15T04:08:51.690+0000] {dag.py:2941} INFO - Sync 1 DAGs
[2023-11-15T04:08:51.717+0000] {logging_mixin.py:151} INFO - [2023-11-15T04:08:51.717+0000] {dag.py:3722} INFO - Setting next_dagrun for example_weekday_branch_operator to 2023-11-14T00:00:00+00:00, run_after=2023-11-15T00:00:00+00:00
[2023-11-15T04:08:51.742+0000] {processor.py:179} INFO - Processing /home/airflow/.local/lib/python3.8/site-packages/airflow/example_dags/example_branch_day_of_week_operator.py took 0.093 seconds
[2023-11-15T04:09:22.164+0000] {processor.py:157} INFO - Started process (PID=1414) to work on /home/airflow/.local/lib/python3.8/site-packages/airflow/example_dags/example_branch_day_of_week_operator.py
[2023-11-15T04:09:22.165+0000] {processor.py:829} INFO - Processing file /home/airflow/.local/lib/python3.8/site-packages/airflow/example_dags/example_branch_day_of_week_operator.py for tasks to queue
[2023-11-15T04:09:22.167+0000] {logging_mixin.py:151} INFO - [2023-11-15T04:09:22.167+0000] {dagbag.py:536} INFO - Filling up the DagBag from /home/airflow/.local/lib/python3.8/site-packages/airflow/example_dags/example_branch_day_of_week_operator.py
[2023-11-15T04:09:22.182+0000] {processor.py:839} INFO - DAG(s) dict_keys(['example_weekday_branch_operator']) retrieved from /home/airflow/.local/lib/python3.8/site-packages/airflow/example_dags/example_branch_day_of_week_operator.py
[2023-11-15T04:09:22.226+0000] {logging_mixin.py:151} INFO - [2023-11-15T04:09:22.225+0000] {dag.py:2941} INFO - Sync 1 DAGs
[2023-11-15T04:09:22.257+0000] {logging_mixin.py:151} INFO - [2023-11-15T04:09:22.257+0000] {dag.py:3722} INFO - Setting next_dagrun for example_weekday_branch_operator to 2023-11-14T00:00:00+00:00, run_after=2023-11-15T00:00:00+00:00
[2023-11-15T04:09:22.284+0000] {processor.py:179} INFO - Processing /home/airflow/.local/lib/python3.8/site-packages/airflow/example_dags/example_branch_day_of_week_operator.py took 0.125 seconds
[2023-11-15T04:09:52.576+0000] {processor.py:157} INFO - Started process (PID=1471) to work on /home/airflow/.local/lib/python3.8/site-packages/airflow/example_dags/example_branch_day_of_week_operator.py
[2023-11-15T04:09:52.578+0000] {processor.py:829} INFO - Processing file /home/airflow/.local/lib/python3.8/site-packages/airflow/example_dags/example_branch_day_of_week_operator.py for tasks to queue
[2023-11-15T04:09:52.580+0000] {logging_mixin.py:151} INFO - [2023-11-15T04:09:52.580+0000] {dagbag.py:536} INFO - Filling up the DagBag from /home/airflow/.local/lib/python3.8/site-packages/airflow/example_dags/example_branch_day_of_week_operator.py
[2023-11-15T04:09:52.590+0000] {processor.py:839} INFO - DAG(s) dict_keys(['example_weekday_branch_operator']) retrieved from /home/airflow/.local/lib/python3.8/site-packages/airflow/example_dags/example_branch_day_of_week_operator.py
[2023-11-15T04:09:52.618+0000] {logging_mixin.py:151} INFO - [2023-11-15T04:09:52.617+0000] {dag.py:2941} INFO - Sync 1 DAGs
[2023-11-15T04:09:52.653+0000] {logging_mixin.py:151} INFO - [2023-11-15T04:09:52.653+0000] {dag.py:3722} INFO - Setting next_dagrun for example_weekday_branch_operator to 2023-11-14T00:00:00+00:00, run_after=2023-11-15T00:00:00+00:00
[2023-11-15T04:09:52.683+0000] {processor.py:179} INFO - Processing /home/airflow/.local/lib/python3.8/site-packages/airflow/example_dags/example_branch_day_of_week_operator.py took 0.111 seconds
[2023-11-15T04:10:22.891+0000] {processor.py:157} INFO - Started process (PID=1527) to work on /home/airflow/.local/lib/python3.8/site-packages/airflow/example_dags/example_branch_day_of_week_operator.py
[2023-11-15T04:10:22.892+0000] {processor.py:829} INFO - Processing file /home/airflow/.local/lib/python3.8/site-packages/airflow/example_dags/example_branch_day_of_week_operator.py for tasks to queue
[2023-11-15T04:10:22.895+0000] {logging_mixin.py:151} INFO - [2023-11-15T04:10:22.895+0000] {dagbag.py:536} INFO - Filling up the DagBag from /home/airflow/.local/lib/python3.8/site-packages/airflow/example_dags/example_branch_day_of_week_operator.py
[2023-11-15T04:10:22.905+0000] {processor.py:839} INFO - DAG(s) dict_keys(['example_weekday_branch_operator']) retrieved from /home/airflow/.local/lib/python3.8/site-packages/airflow/example_dags/example_branch_day_of_week_operator.py
[2023-11-15T04:10:22.930+0000] {logging_mixin.py:151} INFO - [2023-11-15T04:10:22.930+0000] {dag.py:2941} INFO - Sync 1 DAGs
[2023-11-15T04:10:22.957+0000] {logging_mixin.py:151} INFO - [2023-11-15T04:10:22.957+0000] {dag.py:3722} INFO - Setting next_dagrun for example_weekday_branch_operator to 2023-11-14T00:00:00+00:00, run_after=2023-11-15T00:00:00+00:00
[2023-11-15T04:10:22.981+0000] {processor.py:179} INFO - Processing /home/airflow/.local/lib/python3.8/site-packages/airflow/example_dags/example_branch_day_of_week_operator.py took 0.094 seconds
[2023-11-15T04:10:53.682+0000] {processor.py:157} INFO - Started process (PID=1585) to work on /home/airflow/.local/lib/python3.8/site-packages/airflow/example_dags/example_branch_day_of_week_operator.py
[2023-11-15T04:10:53.684+0000] {processor.py:829} INFO - Processing file /home/airflow/.local/lib/python3.8/site-packages/airflow/example_dags/example_branch_day_of_week_operator.py for tasks to queue
[2023-11-15T04:10:53.686+0000] {logging_mixin.py:151} INFO - [2023-11-15T04:10:53.686+0000] {dagbag.py:536} INFO - Filling up the DagBag from /home/airflow/.local/lib/python3.8/site-packages/airflow/example_dags/example_branch_day_of_week_operator.py
[2023-11-15T04:10:53.696+0000] {processor.py:839} INFO - DAG(s) dict_keys(['example_weekday_branch_operator']) retrieved from /home/airflow/.local/lib/python3.8/site-packages/airflow/example_dags/example_branch_day_of_week_operator.py
[2023-11-15T04:10:53.724+0000] {logging_mixin.py:151} INFO - [2023-11-15T04:10:53.724+0000] {dag.py:2941} INFO - Sync 1 DAGs
[2023-11-15T04:10:53.753+0000] {logging_mixin.py:151} INFO - [2023-11-15T04:10:53.753+0000] {dag.py:3722} INFO - Setting next_dagrun for example_weekday_branch_operator to 2023-11-14T00:00:00+00:00, run_after=2023-11-15T00:00:00+00:00
[2023-11-15T04:10:53.775+0000] {processor.py:179} INFO - Processing /home/airflow/.local/lib/python3.8/site-packages/airflow/example_dags/example_branch_day_of_week_operator.py took 0.097 seconds
[2023-11-15T04:11:23.885+0000] {processor.py:157} INFO - Started process (PID=1646) to work on /home/airflow/.local/lib/python3.8/site-packages/airflow/example_dags/example_branch_day_of_week_operator.py
[2023-11-15T04:11:23.886+0000] {processor.py:829} INFO - Processing file /home/airflow/.local/lib/python3.8/site-packages/airflow/example_dags/example_branch_day_of_week_operator.py for tasks to queue
[2023-11-15T04:11:23.889+0000] {logging_mixin.py:151} INFO - [2023-11-15T04:11:23.888+0000] {dagbag.py:536} INFO - Filling up the DagBag from /home/airflow/.local/lib/python3.8/site-packages/airflow/example_dags/example_branch_day_of_week_operator.py
[2023-11-15T04:11:23.901+0000] {processor.py:839} INFO - DAG(s) dict_keys(['example_weekday_branch_operator']) retrieved from /home/airflow/.local/lib/python3.8/site-packages/airflow/example_dags/example_branch_day_of_week_operator.py
[2023-11-15T04:11:23.928+0000] {logging_mixin.py:151} INFO - [2023-11-15T04:11:23.928+0000] {dag.py:2941} INFO - Sync 1 DAGs
[2023-11-15T04:11:23.959+0000] {logging_mixin.py:151} INFO - [2023-11-15T04:11:23.959+0000] {dag.py:3722} INFO - Setting next_dagrun for example_weekday_branch_operator to 2023-11-14T00:00:00+00:00, run_after=2023-11-15T00:00:00+00:00
[2023-11-15T04:11:24.019+0000] {processor.py:179} INFO - Processing /home/airflow/.local/lib/python3.8/site-packages/airflow/example_dags/example_branch_day_of_week_operator.py took 0.138 seconds
[2023-11-15T04:11:54.455+0000] {processor.py:157} INFO - Started process (PID=1708) to work on /home/airflow/.local/lib/python3.8/site-packages/airflow/example_dags/example_branch_day_of_week_operator.py
[2023-11-15T04:11:54.456+0000] {processor.py:829} INFO - Processing file /home/airflow/.local/lib/python3.8/site-packages/airflow/example_dags/example_branch_day_of_week_operator.py for tasks to queue
[2023-11-15T04:11:54.459+0000] {logging_mixin.py:151} INFO - [2023-11-15T04:11:54.458+0000] {dagbag.py:536} INFO - Filling up the DagBag from /home/airflow/.local/lib/python3.8/site-packages/airflow/example_dags/example_branch_day_of_week_operator.py
[2023-11-15T04:11:54.468+0000] {processor.py:839} INFO - DAG(s) dict_keys(['example_weekday_branch_operator']) retrieved from /home/airflow/.local/lib/python3.8/site-packages/airflow/example_dags/example_branch_day_of_week_operator.py
[2023-11-15T04:11:54.494+0000] {logging_mixin.py:151} INFO - [2023-11-15T04:11:54.494+0000] {dag.py:2941} INFO - Sync 1 DAGs
[2023-11-15T04:11:54.521+0000] {logging_mixin.py:151} INFO - [2023-11-15T04:11:54.521+0000] {dag.py:3722} INFO - Setting next_dagrun for example_weekday_branch_operator to 2023-11-14T00:00:00+00:00, run_after=2023-11-15T00:00:00+00:00
[2023-11-15T04:11:54.552+0000] {processor.py:179} INFO - Processing /home/airflow/.local/lib/python3.8/site-packages/airflow/example_dags/example_branch_day_of_week_operator.py took 0.101 seconds
[2023-11-15T04:12:25.366+0000] {processor.py:157} INFO - Started process (PID=1768) to work on /home/airflow/.local/lib/python3.8/site-packages/airflow/example_dags/example_branch_day_of_week_operator.py
[2023-11-15T04:12:25.367+0000] {processor.py:829} INFO - Processing file /home/airflow/.local/lib/python3.8/site-packages/airflow/example_dags/example_branch_day_of_week_operator.py for tasks to queue
[2023-11-15T04:12:25.369+0000] {logging_mixin.py:151} INFO - [2023-11-15T04:12:25.369+0000] {dagbag.py:536} INFO - Filling up the DagBag from /home/airflow/.local/lib/python3.8/site-packages/airflow/example_dags/example_branch_day_of_week_operator.py
[2023-11-15T04:12:25.378+0000] {processor.py:839} INFO - DAG(s) dict_keys(['example_weekday_branch_operator']) retrieved from /home/airflow/.local/lib/python3.8/site-packages/airflow/example_dags/example_branch_day_of_week_operator.py
[2023-11-15T04:12:25.405+0000] {logging_mixin.py:151} INFO - [2023-11-15T04:12:25.405+0000] {dag.py:2941} INFO - Sync 1 DAGs
[2023-11-15T04:12:25.435+0000] {logging_mixin.py:151} INFO - [2023-11-15T04:12:25.434+0000] {dag.py:3722} INFO - Setting next_dagrun for example_weekday_branch_operator to 2023-11-14T00:00:00+00:00, run_after=2023-11-15T00:00:00+00:00
[2023-11-15T04:12:25.458+0000] {processor.py:179} INFO - Processing /home/airflow/.local/lib/python3.8/site-packages/airflow/example_dags/example_branch_day_of_week_operator.py took 0.098 seconds
[2023-11-15T04:12:55.493+0000] {processor.py:157} INFO - Started process (PID=1828) to work on /home/airflow/.local/lib/python3.8/site-packages/airflow/example_dags/example_branch_day_of_week_operator.py
[2023-11-15T04:12:55.494+0000] {processor.py:829} INFO - Processing file /home/airflow/.local/lib/python3.8/site-packages/airflow/example_dags/example_branch_day_of_week_operator.py for tasks to queue
[2023-11-15T04:12:55.496+0000] {logging_mixin.py:151} INFO - [2023-11-15T04:12:55.496+0000] {dagbag.py:536} INFO - Filling up the DagBag from /home/airflow/.local/lib/python3.8/site-packages/airflow/example_dags/example_branch_day_of_week_operator.py
[2023-11-15T04:12:55.505+0000] {processor.py:839} INFO - DAG(s) dict_keys(['example_weekday_branch_operator']) retrieved from /home/airflow/.local/lib/python3.8/site-packages/airflow/example_dags/example_branch_day_of_week_operator.py
[2023-11-15T04:12:55.531+0000] {logging_mixin.py:151} INFO - [2023-11-15T04:12:55.531+0000] {dag.py:2941} INFO - Sync 1 DAGs
[2023-11-15T04:12:55.559+0000] {logging_mixin.py:151} INFO - [2023-11-15T04:12:55.559+0000] {dag.py:3722} INFO - Setting next_dagrun for example_weekday_branch_operator to 2023-11-14T00:00:00+00:00, run_after=2023-11-15T00:00:00+00:00
[2023-11-15T04:12:55.582+0000] {processor.py:179} INFO - Processing /home/airflow/.local/lib/python3.8/site-packages/airflow/example_dags/example_branch_day_of_week_operator.py took 0.094 seconds
[2023-11-15T04:13:26.294+0000] {processor.py:157} INFO - Started process (PID=1890) to work on /home/airflow/.local/lib/python3.8/site-packages/airflow/example_dags/example_branch_day_of_week_operator.py
[2023-11-15T04:13:26.294+0000] {processor.py:829} INFO - Processing file /home/airflow/.local/lib/python3.8/site-packages/airflow/example_dags/example_branch_day_of_week_operator.py for tasks to queue
[2023-11-15T04:13:26.297+0000] {logging_mixin.py:151} INFO - [2023-11-15T04:13:26.297+0000] {dagbag.py:536} INFO - Filling up the DagBag from /home/airflow/.local/lib/python3.8/site-packages/airflow/example_dags/example_branch_day_of_week_operator.py
[2023-11-15T04:13:26.306+0000] {processor.py:839} INFO - DAG(s) dict_keys(['example_weekday_branch_operator']) retrieved from /home/airflow/.local/lib/python3.8/site-packages/airflow/example_dags/example_branch_day_of_week_operator.py
[2023-11-15T04:13:26.335+0000] {logging_mixin.py:151} INFO - [2023-11-15T04:13:26.335+0000] {dag.py:2941} INFO - Sync 1 DAGs
[2023-11-15T04:13:26.367+0000] {logging_mixin.py:151} INFO - [2023-11-15T04:13:26.366+0000] {dag.py:3722} INFO - Setting next_dagrun for example_weekday_branch_operator to 2023-11-14T00:00:00+00:00, run_after=2023-11-15T00:00:00+00:00
[2023-11-15T04:13:26.392+0000] {processor.py:179} INFO - Processing /home/airflow/.local/lib/python3.8/site-packages/airflow/example_dags/example_branch_day_of_week_operator.py took 0.103 seconds
[2023-11-15T04:13:57.302+0000] {processor.py:157} INFO - Started process (PID=1947) to work on /home/airflow/.local/lib/python3.8/site-packages/airflow/example_dags/example_branch_day_of_week_operator.py
[2023-11-15T04:13:57.303+0000] {processor.py:829} INFO - Processing file /home/airflow/.local/lib/python3.8/site-packages/airflow/example_dags/example_branch_day_of_week_operator.py for tasks to queue
[2023-11-15T04:13:57.307+0000] {logging_mixin.py:151} INFO - [2023-11-15T04:13:57.306+0000] {dagbag.py:536} INFO - Filling up the DagBag from /home/airflow/.local/lib/python3.8/site-packages/airflow/example_dags/example_branch_day_of_week_operator.py
[2023-11-15T04:13:57.321+0000] {processor.py:839} INFO - DAG(s) dict_keys(['example_weekday_branch_operator']) retrieved from /home/airflow/.local/lib/python3.8/site-packages/airflow/example_dags/example_branch_day_of_week_operator.py
[2023-11-15T04:13:57.353+0000] {logging_mixin.py:151} INFO - [2023-11-15T04:13:57.352+0000] {dag.py:2941} INFO - Sync 1 DAGs
[2023-11-15T04:13:57.611+0000] {logging_mixin.py:151} INFO - [2023-11-15T04:13:57.610+0000] {dag.py:3722} INFO - Setting next_dagrun for example_weekday_branch_operator to 2023-11-14T00:00:00+00:00, run_after=2023-11-15T00:00:00+00:00
[2023-11-15T04:13:57.643+0000] {processor.py:179} INFO - Processing /home/airflow/.local/lib/python3.8/site-packages/airflow/example_dags/example_branch_day_of_week_operator.py took 0.347 seconds
[2023-11-15T04:14:28.074+0000] {processor.py:157} INFO - Started process (PID=2004) to work on /home/airflow/.local/lib/python3.8/site-packages/airflow/example_dags/example_branch_day_of_week_operator.py
[2023-11-15T04:14:28.075+0000] {processor.py:829} INFO - Processing file /home/airflow/.local/lib/python3.8/site-packages/airflow/example_dags/example_branch_day_of_week_operator.py for tasks to queue
[2023-11-15T04:14:28.078+0000] {logging_mixin.py:151} INFO - [2023-11-15T04:14:28.078+0000] {dagbag.py:536} INFO - Filling up the DagBag from /home/airflow/.local/lib/python3.8/site-packages/airflow/example_dags/example_branch_day_of_week_operator.py
[2023-11-15T04:14:28.090+0000] {processor.py:839} INFO - DAG(s) dict_keys(['example_weekday_branch_operator']) retrieved from /home/airflow/.local/lib/python3.8/site-packages/airflow/example_dags/example_branch_day_of_week_operator.py
[2023-11-15T04:14:28.117+0000] {logging_mixin.py:151} INFO - [2023-11-15T04:14:28.116+0000] {dag.py:2941} INFO - Sync 1 DAGs
[2023-11-15T04:14:28.148+0000] {logging_mixin.py:151} INFO - [2023-11-15T04:14:28.147+0000] {dag.py:3722} INFO - Setting next_dagrun for example_weekday_branch_operator to 2023-11-14T00:00:00+00:00, run_after=2023-11-15T00:00:00+00:00
[2023-11-15T04:14:28.176+0000] {processor.py:179} INFO - Processing /home/airflow/.local/lib/python3.8/site-packages/airflow/example_dags/example_branch_day_of_week_operator.py took 0.106 seconds
[2023-11-15T04:14:58.537+0000] {processor.py:157} INFO - Started process (PID=2061) to work on /home/airflow/.local/lib/python3.8/site-packages/airflow/example_dags/example_branch_day_of_week_operator.py
[2023-11-15T04:14:58.538+0000] {processor.py:829} INFO - Processing file /home/airflow/.local/lib/python3.8/site-packages/airflow/example_dags/example_branch_day_of_week_operator.py for tasks to queue
[2023-11-15T04:14:58.541+0000] {logging_mixin.py:151} INFO - [2023-11-15T04:14:58.540+0000] {dagbag.py:536} INFO - Filling up the DagBag from /home/airflow/.local/lib/python3.8/site-packages/airflow/example_dags/example_branch_day_of_week_operator.py
[2023-11-15T04:14:58.550+0000] {processor.py:839} INFO - DAG(s) dict_keys(['example_weekday_branch_operator']) retrieved from /home/airflow/.local/lib/python3.8/site-packages/airflow/example_dags/example_branch_day_of_week_operator.py
[2023-11-15T04:14:58.576+0000] {logging_mixin.py:151} INFO - [2023-11-15T04:14:58.576+0000] {dag.py:2941} INFO - Sync 1 DAGs
[2023-11-15T04:14:58.606+0000] {logging_mixin.py:151} INFO - [2023-11-15T04:14:58.606+0000] {dag.py:3722} INFO - Setting next_dagrun for example_weekday_branch_operator to 2023-11-14T00:00:00+00:00, run_after=2023-11-15T00:00:00+00:00
[2023-11-15T04:14:58.631+0000] {processor.py:179} INFO - Processing /home/airflow/.local/lib/python3.8/site-packages/airflow/example_dags/example_branch_day_of_week_operator.py took 0.099 seconds
[2023-11-15T04:15:29.942+0000] {processor.py:157} INFO - Started process (PID=2119) to work on /home/airflow/.local/lib/python3.8/site-packages/airflow/example_dags/example_branch_day_of_week_operator.py
[2023-11-15T04:15:29.942+0000] {processor.py:829} INFO - Processing file /home/airflow/.local/lib/python3.8/site-packages/airflow/example_dags/example_branch_day_of_week_operator.py for tasks to queue
[2023-11-15T04:15:29.945+0000] {logging_mixin.py:151} INFO - [2023-11-15T04:15:29.945+0000] {dagbag.py:536} INFO - Filling up the DagBag from /home/airflow/.local/lib/python3.8/site-packages/airflow/example_dags/example_branch_day_of_week_operator.py
[2023-11-15T04:15:29.955+0000] {processor.py:839} INFO - DAG(s) dict_keys(['example_weekday_branch_operator']) retrieved from /home/airflow/.local/lib/python3.8/site-packages/airflow/example_dags/example_branch_day_of_week_operator.py
[2023-11-15T04:15:29.982+0000] {logging_mixin.py:151} INFO - [2023-11-15T04:15:29.982+0000] {dag.py:2941} INFO - Sync 1 DAGs
[2023-11-15T04:15:30.172+0000] {logging_mixin.py:151} INFO - [2023-11-15T04:15:30.172+0000] {dag.py:3722} INFO - Setting next_dagrun for example_weekday_branch_operator to 2023-11-14T00:00:00+00:00, run_after=2023-11-15T00:00:00+00:00
[2023-11-15T04:15:30.194+0000] {processor.py:179} INFO - Processing /home/airflow/.local/lib/python3.8/site-packages/airflow/example_dags/example_branch_day_of_week_operator.py took 0.257 seconds
[2023-11-15T04:16:00.252+0000] {processor.py:157} INFO - Started process (PID=2178) to work on /home/airflow/.local/lib/python3.8/site-packages/airflow/example_dags/example_branch_day_of_week_operator.py
[2023-11-15T04:16:00.253+0000] {processor.py:829} INFO - Processing file /home/airflow/.local/lib/python3.8/site-packages/airflow/example_dags/example_branch_day_of_week_operator.py for tasks to queue
[2023-11-15T04:16:00.255+0000] {logging_mixin.py:151} INFO - [2023-11-15T04:16:00.255+0000] {dagbag.py:536} INFO - Filling up the DagBag from /home/airflow/.local/lib/python3.8/site-packages/airflow/example_dags/example_branch_day_of_week_operator.py
[2023-11-15T04:16:00.264+0000] {processor.py:839} INFO - DAG(s) dict_keys(['example_weekday_branch_operator']) retrieved from /home/airflow/.local/lib/python3.8/site-packages/airflow/example_dags/example_branch_day_of_week_operator.py
[2023-11-15T04:16:00.292+0000] {logging_mixin.py:151} INFO - [2023-11-15T04:16:00.292+0000] {dag.py:2941} INFO - Sync 1 DAGs
[2023-11-15T04:16:00.508+0000] {logging_mixin.py:151} INFO - [2023-11-15T04:16:00.508+0000] {dag.py:3722} INFO - Setting next_dagrun for example_weekday_branch_operator to 2023-11-14T00:00:00+00:00, run_after=2023-11-15T00:00:00+00:00
[2023-11-15T04:16:00.531+0000] {processor.py:179} INFO - Processing /home/airflow/.local/lib/python3.8/site-packages/airflow/example_dags/example_branch_day_of_week_operator.py took 0.284 seconds
[2023-11-15T04:16:31.194+0000] {processor.py:157} INFO - Started process (PID=2237) to work on /home/airflow/.local/lib/python3.8/site-packages/airflow/example_dags/example_branch_day_of_week_operator.py
[2023-11-15T04:16:31.195+0000] {processor.py:829} INFO - Processing file /home/airflow/.local/lib/python3.8/site-packages/airflow/example_dags/example_branch_day_of_week_operator.py for tasks to queue
[2023-11-15T04:16:31.198+0000] {logging_mixin.py:151} INFO - [2023-11-15T04:16:31.197+0000] {dagbag.py:536} INFO - Filling up the DagBag from /home/airflow/.local/lib/python3.8/site-packages/airflow/example_dags/example_branch_day_of_week_operator.py
[2023-11-15T04:16:31.206+0000] {processor.py:839} INFO - DAG(s) dict_keys(['example_weekday_branch_operator']) retrieved from /home/airflow/.local/lib/python3.8/site-packages/airflow/example_dags/example_branch_day_of_week_operator.py
[2023-11-15T04:16:31.231+0000] {logging_mixin.py:151} INFO - [2023-11-15T04:16:31.231+0000] {dag.py:2941} INFO - Sync 1 DAGs
[2023-11-15T04:16:31.259+0000] {logging_mixin.py:151} INFO - [2023-11-15T04:16:31.258+0000] {dag.py:3722} INFO - Setting next_dagrun for example_weekday_branch_operator to 2023-11-14T00:00:00+00:00, run_after=2023-11-15T00:00:00+00:00
[2023-11-15T04:16:31.286+0000] {processor.py:179} INFO - Processing /home/airflow/.local/lib/python3.8/site-packages/airflow/example_dags/example_branch_day_of_week_operator.py took 0.097 seconds
[2023-11-15T04:17:01.576+0000] {processor.py:157} INFO - Started process (PID=2294) to work on /home/airflow/.local/lib/python3.8/site-packages/airflow/example_dags/example_branch_day_of_week_operator.py
[2023-11-15T04:17:01.577+0000] {processor.py:829} INFO - Processing file /home/airflow/.local/lib/python3.8/site-packages/airflow/example_dags/example_branch_day_of_week_operator.py for tasks to queue
[2023-11-15T04:17:01.580+0000] {logging_mixin.py:151} INFO - [2023-11-15T04:17:01.580+0000] {dagbag.py:536} INFO - Filling up the DagBag from /home/airflow/.local/lib/python3.8/site-packages/airflow/example_dags/example_branch_day_of_week_operator.py
[2023-11-15T04:17:01.589+0000] {processor.py:839} INFO - DAG(s) dict_keys(['example_weekday_branch_operator']) retrieved from /home/airflow/.local/lib/python3.8/site-packages/airflow/example_dags/example_branch_day_of_week_operator.py
[2023-11-15T04:17:01.617+0000] {logging_mixin.py:151} INFO - [2023-11-15T04:17:01.616+0000] {dag.py:2941} INFO - Sync 1 DAGs
[2023-11-15T04:17:01.645+0000] {logging_mixin.py:151} INFO - [2023-11-15T04:17:01.645+0000] {dag.py:3722} INFO - Setting next_dagrun for example_weekday_branch_operator to 2023-11-14T00:00:00+00:00, run_after=2023-11-15T00:00:00+00:00
[2023-11-15T04:17:01.671+0000] {processor.py:179} INFO - Processing /home/airflow/.local/lib/python3.8/site-packages/airflow/example_dags/example_branch_day_of_week_operator.py took 0.100 seconds
[2023-11-15T04:17:32.566+0000] {processor.py:157} INFO - Started process (PID=2352) to work on /home/airflow/.local/lib/python3.8/site-packages/airflow/example_dags/example_branch_day_of_week_operator.py
[2023-11-15T04:17:32.567+0000] {processor.py:829} INFO - Processing file /home/airflow/.local/lib/python3.8/site-packages/airflow/example_dags/example_branch_day_of_week_operator.py for tasks to queue
[2023-11-15T04:17:32.570+0000] {logging_mixin.py:151} INFO - [2023-11-15T04:17:32.570+0000] {dagbag.py:536} INFO - Filling up the DagBag from /home/airflow/.local/lib/python3.8/site-packages/airflow/example_dags/example_branch_day_of_week_operator.py
[2023-11-15T04:17:32.579+0000] {processor.py:839} INFO - DAG(s) dict_keys(['example_weekday_branch_operator']) retrieved from /home/airflow/.local/lib/python3.8/site-packages/airflow/example_dags/example_branch_day_of_week_operator.py
[2023-11-15T04:17:32.608+0000] {logging_mixin.py:151} INFO - [2023-11-15T04:17:32.608+0000] {dag.py:2941} INFO - Sync 1 DAGs
[2023-11-15T04:17:32.641+0000] {logging_mixin.py:151} INFO - [2023-11-15T04:17:32.641+0000] {dag.py:3722} INFO - Setting next_dagrun for example_weekday_branch_operator to 2023-11-14T00:00:00+00:00, run_after=2023-11-15T00:00:00+00:00
[2023-11-15T04:17:32.665+0000] {processor.py:179} INFO - Processing /home/airflow/.local/lib/python3.8/site-packages/airflow/example_dags/example_branch_day_of_week_operator.py took 0.103 seconds
[2023-11-15T04:18:03.032+0000] {processor.py:157} INFO - Started process (PID=2410) to work on /home/airflow/.local/lib/python3.8/site-packages/airflow/example_dags/example_branch_day_of_week_operator.py
[2023-11-15T04:18:03.033+0000] {processor.py:829} INFO - Processing file /home/airflow/.local/lib/python3.8/site-packages/airflow/example_dags/example_branch_day_of_week_operator.py for tasks to queue
[2023-11-15T04:18:03.036+0000] {logging_mixin.py:151} INFO - [2023-11-15T04:18:03.036+0000] {dagbag.py:536} INFO - Filling up the DagBag from /home/airflow/.local/lib/python3.8/site-packages/airflow/example_dags/example_branch_day_of_week_operator.py
[2023-11-15T04:18:03.046+0000] {processor.py:839} INFO - DAG(s) dict_keys(['example_weekday_branch_operator']) retrieved from /home/airflow/.local/lib/python3.8/site-packages/airflow/example_dags/example_branch_day_of_week_operator.py
[2023-11-15T04:18:03.074+0000] {logging_mixin.py:151} INFO - [2023-11-15T04:18:03.074+0000] {dag.py:2941} INFO - Sync 1 DAGs
[2023-11-15T04:18:03.102+0000] {logging_mixin.py:151} INFO - [2023-11-15T04:18:03.102+0000] {dag.py:3722} INFO - Setting next_dagrun for example_weekday_branch_operator to 2023-11-14T00:00:00+00:00, run_after=2023-11-15T00:00:00+00:00
[2023-11-15T04:18:03.123+0000] {processor.py:179} INFO - Processing /home/airflow/.local/lib/python3.8/site-packages/airflow/example_dags/example_branch_day_of_week_operator.py took 0.095 seconds
[2023-11-15T04:18:33.508+0000] {processor.py:157} INFO - Started process (PID=2467) to work on /home/airflow/.local/lib/python3.8/site-packages/airflow/example_dags/example_branch_day_of_week_operator.py
[2023-11-15T04:18:33.509+0000] {processor.py:829} INFO - Processing file /home/airflow/.local/lib/python3.8/site-packages/airflow/example_dags/example_branch_day_of_week_operator.py for tasks to queue
[2023-11-15T04:18:33.512+0000] {logging_mixin.py:151} INFO - [2023-11-15T04:18:33.512+0000] {dagbag.py:536} INFO - Filling up the DagBag from /home/airflow/.local/lib/python3.8/site-packages/airflow/example_dags/example_branch_day_of_week_operator.py
[2023-11-15T04:18:33.523+0000] {processor.py:839} INFO - DAG(s) dict_keys(['example_weekday_branch_operator']) retrieved from /home/airflow/.local/lib/python3.8/site-packages/airflow/example_dags/example_branch_day_of_week_operator.py
[2023-11-15T04:18:33.551+0000] {logging_mixin.py:151} INFO - [2023-11-15T04:18:33.551+0000] {dag.py:2941} INFO - Sync 1 DAGs
[2023-11-15T04:18:33.581+0000] {logging_mixin.py:151} INFO - [2023-11-15T04:18:33.581+0000] {dag.py:3722} INFO - Setting next_dagrun for example_weekday_branch_operator to 2023-11-14T00:00:00+00:00, run_after=2023-11-15T00:00:00+00:00
[2023-11-15T04:18:33.605+0000] {processor.py:179} INFO - Processing /home/airflow/.local/lib/python3.8/site-packages/airflow/example_dags/example_branch_day_of_week_operator.py took 0.101 seconds
[2023-11-15T04:19:03.923+0000] {processor.py:157} INFO - Started process (PID=2526) to work on /home/airflow/.local/lib/python3.8/site-packages/airflow/example_dags/example_branch_day_of_week_operator.py
[2023-11-15T04:19:03.925+0000] {processor.py:829} INFO - Processing file /home/airflow/.local/lib/python3.8/site-packages/airflow/example_dags/example_branch_day_of_week_operator.py for tasks to queue
[2023-11-15T04:19:03.930+0000] {logging_mixin.py:151} INFO - [2023-11-15T04:19:03.929+0000] {dagbag.py:536} INFO - Filling up the DagBag from /home/airflow/.local/lib/python3.8/site-packages/airflow/example_dags/example_branch_day_of_week_operator.py
[2023-11-15T04:19:03.943+0000] {processor.py:839} INFO - DAG(s) dict_keys(['example_weekday_branch_operator']) retrieved from /home/airflow/.local/lib/python3.8/site-packages/airflow/example_dags/example_branch_day_of_week_operator.py
[2023-11-15T04:19:03.980+0000] {logging_mixin.py:151} INFO - [2023-11-15T04:19:03.979+0000] {dag.py:2941} INFO - Sync 1 DAGs
[2023-11-15T04:19:04.023+0000] {logging_mixin.py:151} INFO - [2023-11-15T04:19:04.022+0000] {dag.py:3722} INFO - Setting next_dagrun for example_weekday_branch_operator to 2023-11-14T00:00:00+00:00, run_after=2023-11-15T00:00:00+00:00
[2023-11-15T04:19:04.062+0000] {processor.py:179} INFO - Processing /home/airflow/.local/lib/python3.8/site-packages/airflow/example_dags/example_branch_day_of_week_operator.py took 0.146 seconds
[2023-11-15T04:19:34.418+0000] {processor.py:157} INFO - Started process (PID=2586) to work on /home/airflow/.local/lib/python3.8/site-packages/airflow/example_dags/example_branch_day_of_week_operator.py
[2023-11-15T04:19:34.419+0000] {processor.py:829} INFO - Processing file /home/airflow/.local/lib/python3.8/site-packages/airflow/example_dags/example_branch_day_of_week_operator.py for tasks to queue
[2023-11-15T04:19:34.422+0000] {logging_mixin.py:151} INFO - [2023-11-15T04:19:34.422+0000] {dagbag.py:536} INFO - Filling up the DagBag from /home/airflow/.local/lib/python3.8/site-packages/airflow/example_dags/example_branch_day_of_week_operator.py
[2023-11-15T04:19:34.432+0000] {processor.py:839} INFO - DAG(s) dict_keys(['example_weekday_branch_operator']) retrieved from /home/airflow/.local/lib/python3.8/site-packages/airflow/example_dags/example_branch_day_of_week_operator.py
[2023-11-15T04:19:34.498+0000] {logging_mixin.py:151} INFO - [2023-11-15T04:19:34.498+0000] {dag.py:2941} INFO - Sync 1 DAGs
[2023-11-15T04:19:34.529+0000] {logging_mixin.py:151} INFO - [2023-11-15T04:19:34.529+0000] {dag.py:3722} INFO - Setting next_dagrun for example_weekday_branch_operator to 2023-11-14T00:00:00+00:00, run_after=2023-11-15T00:00:00+00:00
[2023-11-15T04:19:34.555+0000] {processor.py:179} INFO - Processing /home/airflow/.local/lib/python3.8/site-packages/airflow/example_dags/example_branch_day_of_week_operator.py took 0.141 seconds
[2023-11-15T04:20:04.802+0000] {processor.py:157} INFO - Started process (PID=2646) to work on /home/airflow/.local/lib/python3.8/site-packages/airflow/example_dags/example_branch_day_of_week_operator.py
[2023-11-15T04:20:04.803+0000] {processor.py:829} INFO - Processing file /home/airflow/.local/lib/python3.8/site-packages/airflow/example_dags/example_branch_day_of_week_operator.py for tasks to queue
[2023-11-15T04:20:04.806+0000] {logging_mixin.py:151} INFO - [2023-11-15T04:20:04.806+0000] {dagbag.py:536} INFO - Filling up the DagBag from /home/airflow/.local/lib/python3.8/site-packages/airflow/example_dags/example_branch_day_of_week_operator.py
[2023-11-15T04:20:04.815+0000] {processor.py:839} INFO - DAG(s) dict_keys(['example_weekday_branch_operator']) retrieved from /home/airflow/.local/lib/python3.8/site-packages/airflow/example_dags/example_branch_day_of_week_operator.py
[2023-11-15T04:20:04.843+0000] {logging_mixin.py:151} INFO - [2023-11-15T04:20:04.843+0000] {dag.py:2941} INFO - Sync 1 DAGs
[2023-11-15T04:20:04.873+0000] {logging_mixin.py:151} INFO - [2023-11-15T04:20:04.873+0000] {dag.py:3722} INFO - Setting next_dagrun for example_weekday_branch_operator to 2023-11-14T00:00:00+00:00, run_after=2023-11-15T00:00:00+00:00
[2023-11-15T04:20:04.896+0000] {processor.py:179} INFO - Processing /home/airflow/.local/lib/python3.8/site-packages/airflow/example_dags/example_branch_day_of_week_operator.py took 0.098 seconds
[2023-11-15T04:20:35.454+0000] {processor.py:157} INFO - Started process (PID=2706) to work on /home/airflow/.local/lib/python3.8/site-packages/airflow/example_dags/example_branch_day_of_week_operator.py
[2023-11-15T04:20:35.455+0000] {processor.py:829} INFO - Processing file /home/airflow/.local/lib/python3.8/site-packages/airflow/example_dags/example_branch_day_of_week_operator.py for tasks to queue
[2023-11-15T04:20:35.458+0000] {logging_mixin.py:151} INFO - [2023-11-15T04:20:35.458+0000] {dagbag.py:536} INFO - Filling up the DagBag from /home/airflow/.local/lib/python3.8/site-packages/airflow/example_dags/example_branch_day_of_week_operator.py
[2023-11-15T04:20:35.467+0000] {processor.py:839} INFO - DAG(s) dict_keys(['example_weekday_branch_operator']) retrieved from /home/airflow/.local/lib/python3.8/site-packages/airflow/example_dags/example_branch_day_of_week_operator.py
[2023-11-15T04:20:35.492+0000] {logging_mixin.py:151} INFO - [2023-11-15T04:20:35.492+0000] {dag.py:2941} INFO - Sync 1 DAGs
[2023-11-15T04:20:35.520+0000] {logging_mixin.py:151} INFO - [2023-11-15T04:20:35.520+0000] {dag.py:3722} INFO - Setting next_dagrun for example_weekday_branch_operator to 2023-11-14T00:00:00+00:00, run_after=2023-11-15T00:00:00+00:00
[2023-11-15T04:20:35.543+0000] {processor.py:179} INFO - Processing /home/airflow/.local/lib/python3.8/site-packages/airflow/example_dags/example_branch_day_of_week_operator.py took 0.093 seconds
[2023-11-15T04:21:05.646+0000] {processor.py:157} INFO - Started process (PID=2770) to work on /home/airflow/.local/lib/python3.8/site-packages/airflow/example_dags/example_branch_day_of_week_operator.py
[2023-11-15T04:21:05.648+0000] {processor.py:829} INFO - Processing file /home/airflow/.local/lib/python3.8/site-packages/airflow/example_dags/example_branch_day_of_week_operator.py for tasks to queue
[2023-11-15T04:21:05.651+0000] {logging_mixin.py:151} INFO - [2023-11-15T04:21:05.651+0000] {dagbag.py:536} INFO - Filling up the DagBag from /home/airflow/.local/lib/python3.8/site-packages/airflow/example_dags/example_branch_day_of_week_operator.py
[2023-11-15T04:21:05.660+0000] {processor.py:839} INFO - DAG(s) dict_keys(['example_weekday_branch_operator']) retrieved from /home/airflow/.local/lib/python3.8/site-packages/airflow/example_dags/example_branch_day_of_week_operator.py
[2023-11-15T04:21:05.687+0000] {logging_mixin.py:151} INFO - [2023-11-15T04:21:05.687+0000] {dag.py:2941} INFO - Sync 1 DAGs
[2023-11-15T04:21:05.715+0000] {logging_mixin.py:151} INFO - [2023-11-15T04:21:05.714+0000] {dag.py:3722} INFO - Setting next_dagrun for example_weekday_branch_operator to 2023-11-14T00:00:00+00:00, run_after=2023-11-15T00:00:00+00:00
[2023-11-15T04:21:05.738+0000] {processor.py:179} INFO - Processing /home/airflow/.local/lib/python3.8/site-packages/airflow/example_dags/example_branch_day_of_week_operator.py took 0.096 seconds
[2023-11-15T04:21:36.303+0000] {processor.py:157} INFO - Started process (PID=2830) to work on /home/airflow/.local/lib/python3.8/site-packages/airflow/example_dags/example_branch_day_of_week_operator.py
[2023-11-15T04:21:36.304+0000] {processor.py:829} INFO - Processing file /home/airflow/.local/lib/python3.8/site-packages/airflow/example_dags/example_branch_day_of_week_operator.py for tasks to queue
[2023-11-15T04:21:36.309+0000] {logging_mixin.py:151} INFO - [2023-11-15T04:21:36.309+0000] {dagbag.py:536} INFO - Filling up the DagBag from /home/airflow/.local/lib/python3.8/site-packages/airflow/example_dags/example_branch_day_of_week_operator.py
[2023-11-15T04:21:36.324+0000] {processor.py:839} INFO - DAG(s) dict_keys(['example_weekday_branch_operator']) retrieved from /home/airflow/.local/lib/python3.8/site-packages/airflow/example_dags/example_branch_day_of_week_operator.py
[2023-11-15T04:21:36.371+0000] {logging_mixin.py:151} INFO - [2023-11-15T04:21:36.371+0000] {dag.py:2941} INFO - Sync 1 DAGs
[2023-11-15T04:21:36.431+0000] {logging_mixin.py:151} INFO - [2023-11-15T04:21:36.430+0000] {dag.py:3722} INFO - Setting next_dagrun for example_weekday_branch_operator to 2023-11-14T00:00:00+00:00, run_after=2023-11-15T00:00:00+00:00
[2023-11-15T04:21:36.471+0000] {processor.py:179} INFO - Processing /home/airflow/.local/lib/python3.8/site-packages/airflow/example_dags/example_branch_day_of_week_operator.py took 0.175 seconds
[2023-11-15T04:22:06.854+0000] {processor.py:157} INFO - Started process (PID=2891) to work on /home/airflow/.local/lib/python3.8/site-packages/airflow/example_dags/example_branch_day_of_week_operator.py
[2023-11-15T04:22:06.855+0000] {processor.py:829} INFO - Processing file /home/airflow/.local/lib/python3.8/site-packages/airflow/example_dags/example_branch_day_of_week_operator.py for tasks to queue
[2023-11-15T04:22:06.858+0000] {logging_mixin.py:151} INFO - [2023-11-15T04:22:06.858+0000] {dagbag.py:536} INFO - Filling up the DagBag from /home/airflow/.local/lib/python3.8/site-packages/airflow/example_dags/example_branch_day_of_week_operator.py
[2023-11-15T04:22:06.868+0000] {processor.py:839} INFO - DAG(s) dict_keys(['example_weekday_branch_operator']) retrieved from /home/airflow/.local/lib/python3.8/site-packages/airflow/example_dags/example_branch_day_of_week_operator.py
[2023-11-15T04:22:06.894+0000] {logging_mixin.py:151} INFO - [2023-11-15T04:22:06.894+0000] {dag.py:2941} INFO - Sync 1 DAGs
[2023-11-15T04:22:06.924+0000] {logging_mixin.py:151} INFO - [2023-11-15T04:22:06.924+0000] {dag.py:3722} INFO - Setting next_dagrun for example_weekday_branch_operator to 2023-11-14T00:00:00+00:00, run_after=2023-11-15T00:00:00+00:00
[2023-11-15T04:22:06.948+0000] {processor.py:179} INFO - Processing /home/airflow/.local/lib/python3.8/site-packages/airflow/example_dags/example_branch_day_of_week_operator.py took 0.099 seconds
[2023-11-15T04:22:37.091+0000] {processor.py:157} INFO - Started process (PID=2951) to work on /home/airflow/.local/lib/python3.8/site-packages/airflow/example_dags/example_branch_day_of_week_operator.py
[2023-11-15T04:22:37.092+0000] {processor.py:829} INFO - Processing file /home/airflow/.local/lib/python3.8/site-packages/airflow/example_dags/example_branch_day_of_week_operator.py for tasks to queue
[2023-11-15T04:22:37.095+0000] {logging_mixin.py:151} INFO - [2023-11-15T04:22:37.094+0000] {dagbag.py:536} INFO - Filling up the DagBag from /home/airflow/.local/lib/python3.8/site-packages/airflow/example_dags/example_branch_day_of_week_operator.py
[2023-11-15T04:22:37.103+0000] {processor.py:839} INFO - DAG(s) dict_keys(['example_weekday_branch_operator']) retrieved from /home/airflow/.local/lib/python3.8/site-packages/airflow/example_dags/example_branch_day_of_week_operator.py
[2023-11-15T04:22:37.130+0000] {logging_mixin.py:151} INFO - [2023-11-15T04:22:37.130+0000] {dag.py:2941} INFO - Sync 1 DAGs
[2023-11-15T04:22:37.160+0000] {logging_mixin.py:151} INFO - [2023-11-15T04:22:37.160+0000] {dag.py:3722} INFO - Setting next_dagrun for example_weekday_branch_operator to 2023-11-14T00:00:00+00:00, run_after=2023-11-15T00:00:00+00:00
[2023-11-15T04:22:37.183+0000] {processor.py:179} INFO - Processing /home/airflow/.local/lib/python3.8/site-packages/airflow/example_dags/example_branch_day_of_week_operator.py took 0.096 seconds
[2023-11-15T04:23:07.235+0000] {processor.py:157} INFO - Started process (PID=3009) to work on /home/airflow/.local/lib/python3.8/site-packages/airflow/example_dags/example_branch_day_of_week_operator.py
[2023-11-15T04:23:07.237+0000] {processor.py:829} INFO - Processing file /home/airflow/.local/lib/python3.8/site-packages/airflow/example_dags/example_branch_day_of_week_operator.py for tasks to queue
[2023-11-15T04:23:07.241+0000] {logging_mixin.py:151} INFO - [2023-11-15T04:23:07.240+0000] {dagbag.py:536} INFO - Filling up the DagBag from /home/airflow/.local/lib/python3.8/site-packages/airflow/example_dags/example_branch_day_of_week_operator.py
[2023-11-15T04:23:07.254+0000] {processor.py:839} INFO - DAG(s) dict_keys(['example_weekday_branch_operator']) retrieved from /home/airflow/.local/lib/python3.8/site-packages/airflow/example_dags/example_branch_day_of_week_operator.py
[2023-11-15T04:23:07.283+0000] {logging_mixin.py:151} INFO - [2023-11-15T04:23:07.283+0000] {dag.py:2941} INFO - Sync 1 DAGs
[2023-11-15T04:23:07.315+0000] {logging_mixin.py:151} INFO - [2023-11-15T04:23:07.315+0000] {dag.py:3722} INFO - Setting next_dagrun for example_weekday_branch_operator to 2023-11-14T00:00:00+00:00, run_after=2023-11-15T00:00:00+00:00
[2023-11-15T04:23:07.338+0000] {processor.py:179} INFO - Processing /home/airflow/.local/lib/python3.8/site-packages/airflow/example_dags/example_branch_day_of_week_operator.py took 0.108 seconds
[2023-11-15T04:23:38.467+0000] {processor.py:157} INFO - Started process (PID=3070) to work on /home/airflow/.local/lib/python3.8/site-packages/airflow/example_dags/example_branch_day_of_week_operator.py
[2023-11-15T04:23:38.468+0000] {processor.py:829} INFO - Processing file /home/airflow/.local/lib/python3.8/site-packages/airflow/example_dags/example_branch_day_of_week_operator.py for tasks to queue
[2023-11-15T04:23:38.471+0000] {logging_mixin.py:151} INFO - [2023-11-15T04:23:38.471+0000] {dagbag.py:536} INFO - Filling up the DagBag from /home/airflow/.local/lib/python3.8/site-packages/airflow/example_dags/example_branch_day_of_week_operator.py
[2023-11-15T04:23:38.480+0000] {processor.py:839} INFO - DAG(s) dict_keys(['example_weekday_branch_operator']) retrieved from /home/airflow/.local/lib/python3.8/site-packages/airflow/example_dags/example_branch_day_of_week_operator.py
[2023-11-15T04:23:38.506+0000] {logging_mixin.py:151} INFO - [2023-11-15T04:23:38.505+0000] {dag.py:2941} INFO - Sync 1 DAGs
[2023-11-15T04:23:38.535+0000] {logging_mixin.py:151} INFO - [2023-11-15T04:23:38.534+0000] {dag.py:3722} INFO - Setting next_dagrun for example_weekday_branch_operator to 2023-11-14T00:00:00+00:00, run_after=2023-11-15T00:00:00+00:00
[2023-11-15T04:23:38.560+0000] {processor.py:179} INFO - Processing /home/airflow/.local/lib/python3.8/site-packages/airflow/example_dags/example_branch_day_of_week_operator.py took 0.099 seconds
[2023-11-15T04:24:09.653+0000] {processor.py:157} INFO - Started process (PID=3128) to work on /home/airflow/.local/lib/python3.8/site-packages/airflow/example_dags/example_branch_day_of_week_operator.py
[2023-11-15T04:24:09.654+0000] {processor.py:829} INFO - Processing file /home/airflow/.local/lib/python3.8/site-packages/airflow/example_dags/example_branch_day_of_week_operator.py for tasks to queue
[2023-11-15T04:24:09.656+0000] {logging_mixin.py:151} INFO - [2023-11-15T04:24:09.656+0000] {dagbag.py:536} INFO - Filling up the DagBag from /home/airflow/.local/lib/python3.8/site-packages/airflow/example_dags/example_branch_day_of_week_operator.py
[2023-11-15T04:24:09.666+0000] {processor.py:839} INFO - DAG(s) dict_keys(['example_weekday_branch_operator']) retrieved from /home/airflow/.local/lib/python3.8/site-packages/airflow/example_dags/example_branch_day_of_week_operator.py
[2023-11-15T04:24:09.694+0000] {logging_mixin.py:151} INFO - [2023-11-15T04:24:09.693+0000] {dag.py:2941} INFO - Sync 1 DAGs
[2023-11-15T04:24:09.726+0000] {logging_mixin.py:151} INFO - [2023-11-15T04:24:09.726+0000] {dag.py:3722} INFO - Setting next_dagrun for example_weekday_branch_operator to 2023-11-14T00:00:00+00:00, run_after=2023-11-15T00:00:00+00:00
[2023-11-15T04:24:09.764+0000] {processor.py:179} INFO - Processing /home/airflow/.local/lib/python3.8/site-packages/airflow/example_dags/example_branch_day_of_week_operator.py took 0.115 seconds
[2023-11-15T04:24:40.976+0000] {processor.py:157} INFO - Started process (PID=3186) to work on /home/airflow/.local/lib/python3.8/site-packages/airflow/example_dags/example_branch_day_of_week_operator.py
[2023-11-15T04:24:40.977+0000] {processor.py:829} INFO - Processing file /home/airflow/.local/lib/python3.8/site-packages/airflow/example_dags/example_branch_day_of_week_operator.py for tasks to queue
[2023-11-15T04:24:40.981+0000] {logging_mixin.py:151} INFO - [2023-11-15T04:24:40.980+0000] {dagbag.py:536} INFO - Filling up the DagBag from /home/airflow/.local/lib/python3.8/site-packages/airflow/example_dags/example_branch_day_of_week_operator.py
[2023-11-15T04:24:40.993+0000] {processor.py:839} INFO - DAG(s) dict_keys(['example_weekday_branch_operator']) retrieved from /home/airflow/.local/lib/python3.8/site-packages/airflow/example_dags/example_branch_day_of_week_operator.py
[2023-11-15T04:24:41.028+0000] {logging_mixin.py:151} INFO - [2023-11-15T04:24:41.027+0000] {dag.py:2941} INFO - Sync 1 DAGs
[2023-11-15T04:24:41.063+0000] {logging_mixin.py:151} INFO - [2023-11-15T04:24:41.063+0000] {dag.py:3722} INFO - Setting next_dagrun for example_weekday_branch_operator to 2023-11-14T00:00:00+00:00, run_after=2023-11-15T00:00:00+00:00
[2023-11-15T04:24:41.096+0000] {processor.py:179} INFO - Processing /home/airflow/.local/lib/python3.8/site-packages/airflow/example_dags/example_branch_day_of_week_operator.py took 0.126 seconds
[2023-11-15T04:25:11.369+0000] {processor.py:157} INFO - Started process (PID=3244) to work on /home/airflow/.local/lib/python3.8/site-packages/airflow/example_dags/example_branch_day_of_week_operator.py
[2023-11-15T04:25:11.370+0000] {processor.py:829} INFO - Processing file /home/airflow/.local/lib/python3.8/site-packages/airflow/example_dags/example_branch_day_of_week_operator.py for tasks to queue
[2023-11-15T04:25:11.373+0000] {logging_mixin.py:151} INFO - [2023-11-15T04:25:11.373+0000] {dagbag.py:536} INFO - Filling up the DagBag from /home/airflow/.local/lib/python3.8/site-packages/airflow/example_dags/example_branch_day_of_week_operator.py
[2023-11-15T04:25:11.383+0000] {processor.py:839} INFO - DAG(s) dict_keys(['example_weekday_branch_operator']) retrieved from /home/airflow/.local/lib/python3.8/site-packages/airflow/example_dags/example_branch_day_of_week_operator.py
[2023-11-15T04:25:11.408+0000] {logging_mixin.py:151} INFO - [2023-11-15T04:25:11.408+0000] {dag.py:2941} INFO - Sync 1 DAGs
[2023-11-15T04:25:11.436+0000] {logging_mixin.py:151} INFO - [2023-11-15T04:25:11.436+0000] {dag.py:3722} INFO - Setting next_dagrun for example_weekday_branch_operator to 2023-11-14T00:00:00+00:00, run_after=2023-11-15T00:00:00+00:00
[2023-11-15T04:25:11.461+0000] {processor.py:179} INFO - Processing /home/airflow/.local/lib/python3.8/site-packages/airflow/example_dags/example_branch_day_of_week_operator.py took 0.096 seconds
[2023-11-15T04:25:41.760+0000] {processor.py:157} INFO - Started process (PID=3304) to work on /home/airflow/.local/lib/python3.8/site-packages/airflow/example_dags/example_branch_day_of_week_operator.py
[2023-11-15T04:25:41.761+0000] {processor.py:829} INFO - Processing file /home/airflow/.local/lib/python3.8/site-packages/airflow/example_dags/example_branch_day_of_week_operator.py for tasks to queue
[2023-11-15T04:25:41.763+0000] {logging_mixin.py:151} INFO - [2023-11-15T04:25:41.763+0000] {dagbag.py:536} INFO - Filling up the DagBag from /home/airflow/.local/lib/python3.8/site-packages/airflow/example_dags/example_branch_day_of_week_operator.py
[2023-11-15T04:25:41.773+0000] {processor.py:839} INFO - DAG(s) dict_keys(['example_weekday_branch_operator']) retrieved from /home/airflow/.local/lib/python3.8/site-packages/airflow/example_dags/example_branch_day_of_week_operator.py
[2023-11-15T04:25:41.805+0000] {logging_mixin.py:151} INFO - [2023-11-15T04:25:41.805+0000] {dag.py:2941} INFO - Sync 1 DAGs
[2023-11-15T04:25:41.838+0000] {logging_mixin.py:151} INFO - [2023-11-15T04:25:41.838+0000] {dag.py:3722} INFO - Setting next_dagrun for example_weekday_branch_operator to 2023-11-14T00:00:00+00:00, run_after=2023-11-15T00:00:00+00:00
[2023-11-15T04:25:41.892+0000] {processor.py:179} INFO - Processing /home/airflow/.local/lib/python3.8/site-packages/airflow/example_dags/example_branch_day_of_week_operator.py took 0.137 seconds
[2023-11-15T04:26:11.981+0000] {processor.py:157} INFO - Started process (PID=3362) to work on /home/airflow/.local/lib/python3.8/site-packages/airflow/example_dags/example_branch_day_of_week_operator.py
[2023-11-15T04:26:11.982+0000] {processor.py:829} INFO - Processing file /home/airflow/.local/lib/python3.8/site-packages/airflow/example_dags/example_branch_day_of_week_operator.py for tasks to queue
[2023-11-15T04:26:11.985+0000] {logging_mixin.py:151} INFO - [2023-11-15T04:26:11.985+0000] {dagbag.py:536} INFO - Filling up the DagBag from /home/airflow/.local/lib/python3.8/site-packages/airflow/example_dags/example_branch_day_of_week_operator.py
[2023-11-15T04:26:11.996+0000] {processor.py:839} INFO - DAG(s) dict_keys(['example_weekday_branch_operator']) retrieved from /home/airflow/.local/lib/python3.8/site-packages/airflow/example_dags/example_branch_day_of_week_operator.py
[2023-11-15T04:26:12.023+0000] {logging_mixin.py:151} INFO - [2023-11-15T04:26:12.023+0000] {dag.py:2941} INFO - Sync 1 DAGs
[2023-11-15T04:26:12.064+0000] {logging_mixin.py:151} INFO - [2023-11-15T04:26:12.064+0000] {dag.py:3722} INFO - Setting next_dagrun for example_weekday_branch_operator to 2023-11-14T00:00:00+00:00, run_after=2023-11-15T00:00:00+00:00
[2023-11-15T04:26:12.090+0000] {processor.py:179} INFO - Processing /home/airflow/.local/lib/python3.8/site-packages/airflow/example_dags/example_branch_day_of_week_operator.py took 0.112 seconds
[2023-11-15T04:26:42.488+0000] {processor.py:157} INFO - Started process (PID=3420) to work on /home/airflow/.local/lib/python3.8/site-packages/airflow/example_dags/example_branch_day_of_week_operator.py
[2023-11-15T04:26:42.489+0000] {processor.py:829} INFO - Processing file /home/airflow/.local/lib/python3.8/site-packages/airflow/example_dags/example_branch_day_of_week_operator.py for tasks to queue
[2023-11-15T04:26:42.493+0000] {logging_mixin.py:151} INFO - [2023-11-15T04:26:42.492+0000] {dagbag.py:536} INFO - Filling up the DagBag from /home/airflow/.local/lib/python3.8/site-packages/airflow/example_dags/example_branch_day_of_week_operator.py
[2023-11-15T04:26:42.504+0000] {processor.py:839} INFO - DAG(s) dict_keys(['example_weekday_branch_operator']) retrieved from /home/airflow/.local/lib/python3.8/site-packages/airflow/example_dags/example_branch_day_of_week_operator.py
[2023-11-15T04:26:42.533+0000] {logging_mixin.py:151} INFO - [2023-11-15T04:26:42.533+0000] {dag.py:2941} INFO - Sync 1 DAGs
[2023-11-15T04:26:42.570+0000] {logging_mixin.py:151} INFO - [2023-11-15T04:26:42.570+0000] {dag.py:3722} INFO - Setting next_dagrun for example_weekday_branch_operator to 2023-11-14T00:00:00+00:00, run_after=2023-11-15T00:00:00+00:00
[2023-11-15T04:26:42.604+0000] {processor.py:179} INFO - Processing /home/airflow/.local/lib/python3.8/site-packages/airflow/example_dags/example_branch_day_of_week_operator.py took 0.122 seconds
