[2023-11-15T03:11:01.368+0000] {processor.py:157} INFO - Started process (PID=56) to work on /home/airflow/.local/lib/python3.8/site-packages/airflow/example_dags/example_setup_teardown.py
[2023-11-15T03:11:01.369+0000] {processor.py:829} INFO - Processing file /home/airflow/.local/lib/python3.8/site-packages/airflow/example_dags/example_setup_teardown.py for tasks to queue
[2023-11-15T03:11:01.374+0000] {logging_mixin.py:151} INFO - [2023-11-15T03:11:01.374+0000] {dagbag.py:536} INFO - Filling up the DagBag from /home/airflow/.local/lib/python3.8/site-packages/airflow/example_dags/example_setup_teardown.py
[2023-11-15T03:11:01.400+0000] {processor.py:839} INFO - DAG(s) dict_keys(['example_setup_teardown']) retrieved from /home/airflow/.local/lib/python3.8/site-packages/airflow/example_dags/example_setup_teardown.py
[2023-11-15T03:11:01.455+0000] {logging_mixin.py:151} INFO - [2023-11-15T03:11:01.454+0000] {dag.py:2941} INFO - Sync 1 DAGs
[2023-11-15T03:11:01.487+0000] {logging_mixin.py:151} INFO - [2023-11-15T03:11:01.487+0000] {dag.py:3722} INFO - Setting next_dagrun for example_setup_teardown to 2023-11-14T03:11:01.486719+00:00, run_after=2023-11-15T03:11:01.486719+00:00
[2023-11-15T03:11:01.518+0000] {processor.py:179} INFO - Processing /home/airflow/.local/lib/python3.8/site-packages/airflow/example_dags/example_setup_teardown.py took 0.160 seconds
[2023-11-15T03:57:35.723+0000] {processor.py:157} INFO - Started process (PID=58) to work on /home/airflow/.local/lib/python3.8/site-packages/airflow/example_dags/example_setup_teardown.py
[2023-11-15T03:57:35.726+0000] {processor.py:829} INFO - Processing file /home/airflow/.local/lib/python3.8/site-packages/airflow/example_dags/example_setup_teardown.py for tasks to queue
[2023-11-15T03:57:35.730+0000] {logging_mixin.py:151} INFO - [2023-11-15T03:57:35.729+0000] {dagbag.py:536} INFO - Filling up the DagBag from /home/airflow/.local/lib/python3.8/site-packages/airflow/example_dags/example_setup_teardown.py
[2023-11-15T03:57:35.747+0000] {processor.py:839} INFO - DAG(s) dict_keys(['example_setup_teardown']) retrieved from /home/airflow/.local/lib/python3.8/site-packages/airflow/example_dags/example_setup_teardown.py
[2023-11-15T03:57:35.784+0000] {logging_mixin.py:151} INFO - [2023-11-15T03:57:35.784+0000] {dag.py:2941} INFO - Sync 1 DAGs
[2023-11-15T03:57:35.812+0000] {logging_mixin.py:151} INFO - [2023-11-15T03:57:35.812+0000] {dag.py:3722} INFO - Setting next_dagrun for example_setup_teardown to 2023-11-14T03:57:35.812290+00:00, run_after=2023-11-15T03:57:35.812290+00:00
[2023-11-15T03:57:35.843+0000] {processor.py:179} INFO - Processing /home/airflow/.local/lib/python3.8/site-packages/airflow/example_dags/example_setup_teardown.py took 0.125 seconds
[2023-11-15T03:58:05.976+0000] {processor.py:157} INFO - Started process (PID=116) to work on /home/airflow/.local/lib/python3.8/site-packages/airflow/example_dags/example_setup_teardown.py
[2023-11-15T03:58:05.977+0000] {processor.py:829} INFO - Processing file /home/airflow/.local/lib/python3.8/site-packages/airflow/example_dags/example_setup_teardown.py for tasks to queue
[2023-11-15T03:58:05.979+0000] {logging_mixin.py:151} INFO - [2023-11-15T03:58:05.979+0000] {dagbag.py:536} INFO - Filling up the DagBag from /home/airflow/.local/lib/python3.8/site-packages/airflow/example_dags/example_setup_teardown.py
[2023-11-15T03:58:05.987+0000] {processor.py:839} INFO - DAG(s) dict_keys(['example_setup_teardown']) retrieved from /home/airflow/.local/lib/python3.8/site-packages/airflow/example_dags/example_setup_teardown.py
[2023-11-15T03:58:06.013+0000] {logging_mixin.py:151} INFO - [2023-11-15T03:58:06.013+0000] {dag.py:2941} INFO - Sync 1 DAGs
[2023-11-15T03:58:06.040+0000] {logging_mixin.py:151} INFO - [2023-11-15T03:58:06.040+0000] {dag.py:3722} INFO - Setting next_dagrun for example_setup_teardown to 2023-11-14T03:58:06.040159+00:00, run_after=2023-11-15T03:58:06.040159+00:00
[2023-11-15T03:58:06.064+0000] {processor.py:179} INFO - Processing /home/airflow/.local/lib/python3.8/site-packages/airflow/example_dags/example_setup_teardown.py took 0.092 seconds
[2023-11-15T03:58:36.417+0000] {processor.py:157} INFO - Started process (PID=174) to work on /home/airflow/.local/lib/python3.8/site-packages/airflow/example_dags/example_setup_teardown.py
[2023-11-15T03:58:36.418+0000] {processor.py:829} INFO - Processing file /home/airflow/.local/lib/python3.8/site-packages/airflow/example_dags/example_setup_teardown.py for tasks to queue
[2023-11-15T03:58:36.420+0000] {logging_mixin.py:151} INFO - [2023-11-15T03:58:36.420+0000] {dagbag.py:536} INFO - Filling up the DagBag from /home/airflow/.local/lib/python3.8/site-packages/airflow/example_dags/example_setup_teardown.py
[2023-11-15T03:58:36.431+0000] {processor.py:839} INFO - DAG(s) dict_keys(['example_setup_teardown']) retrieved from /home/airflow/.local/lib/python3.8/site-packages/airflow/example_dags/example_setup_teardown.py
[2023-11-15T03:58:36.460+0000] {logging_mixin.py:151} INFO - [2023-11-15T03:58:36.460+0000] {dag.py:2941} INFO - Sync 1 DAGs
[2023-11-15T03:58:36.489+0000] {logging_mixin.py:151} INFO - [2023-11-15T03:58:36.489+0000] {dag.py:3722} INFO - Setting next_dagrun for example_setup_teardown to 2023-11-14T03:58:36.488885+00:00, run_after=2023-11-15T03:58:36.488885+00:00
[2023-11-15T03:58:36.514+0000] {processor.py:179} INFO - Processing /home/airflow/.local/lib/python3.8/site-packages/airflow/example_dags/example_setup_teardown.py took 0.102 seconds
[2023-11-15T03:59:07.398+0000] {processor.py:157} INFO - Started process (PID=236) to work on /home/airflow/.local/lib/python3.8/site-packages/airflow/example_dags/example_setup_teardown.py
[2023-11-15T03:59:07.400+0000] {processor.py:829} INFO - Processing file /home/airflow/.local/lib/python3.8/site-packages/airflow/example_dags/example_setup_teardown.py for tasks to queue
[2023-11-15T03:59:07.403+0000] {logging_mixin.py:151} INFO - [2023-11-15T03:59:07.402+0000] {dagbag.py:536} INFO - Filling up the DagBag from /home/airflow/.local/lib/python3.8/site-packages/airflow/example_dags/example_setup_teardown.py
[2023-11-15T03:59:07.411+0000] {processor.py:839} INFO - DAG(s) dict_keys(['example_setup_teardown']) retrieved from /home/airflow/.local/lib/python3.8/site-packages/airflow/example_dags/example_setup_teardown.py
[2023-11-15T03:59:07.437+0000] {logging_mixin.py:151} INFO - [2023-11-15T03:59:07.436+0000] {dag.py:2941} INFO - Sync 1 DAGs
[2023-11-15T03:59:07.468+0000] {logging_mixin.py:151} INFO - [2023-11-15T03:59:07.467+0000] {dag.py:3722} INFO - Setting next_dagrun for example_setup_teardown to 2023-11-14T03:59:07.467222+00:00, run_after=2023-11-15T03:59:07.467222+00:00
[2023-11-15T03:59:07.499+0000] {processor.py:179} INFO - Processing /home/airflow/.local/lib/python3.8/site-packages/airflow/example_dags/example_setup_teardown.py took 0.105 seconds
[2023-11-15T03:59:38.565+0000] {processor.py:157} INFO - Started process (PID=294) to work on /home/airflow/.local/lib/python3.8/site-packages/airflow/example_dags/example_setup_teardown.py
[2023-11-15T03:59:38.567+0000] {processor.py:829} INFO - Processing file /home/airflow/.local/lib/python3.8/site-packages/airflow/example_dags/example_setup_teardown.py for tasks to queue
[2023-11-15T03:59:38.569+0000] {logging_mixin.py:151} INFO - [2023-11-15T03:59:38.569+0000] {dagbag.py:536} INFO - Filling up the DagBag from /home/airflow/.local/lib/python3.8/site-packages/airflow/example_dags/example_setup_teardown.py
[2023-11-15T03:59:38.576+0000] {processor.py:839} INFO - DAG(s) dict_keys(['example_setup_teardown']) retrieved from /home/airflow/.local/lib/python3.8/site-packages/airflow/example_dags/example_setup_teardown.py
[2023-11-15T03:59:38.601+0000] {logging_mixin.py:151} INFO - [2023-11-15T03:59:38.601+0000] {dag.py:2941} INFO - Sync 1 DAGs
[2023-11-15T03:59:38.627+0000] {logging_mixin.py:151} INFO - [2023-11-15T03:59:38.627+0000] {dag.py:3722} INFO - Setting next_dagrun for example_setup_teardown to 2023-11-14T03:59:38.627295+00:00, run_after=2023-11-15T03:59:38.627295+00:00
[2023-11-15T03:59:38.668+0000] {processor.py:179} INFO - Processing /home/airflow/.local/lib/python3.8/site-packages/airflow/example_dags/example_setup_teardown.py took 0.107 seconds
[2023-11-15T04:00:09.452+0000] {processor.py:157} INFO - Started process (PID=352) to work on /home/airflow/.local/lib/python3.8/site-packages/airflow/example_dags/example_setup_teardown.py
[2023-11-15T04:00:09.454+0000] {processor.py:829} INFO - Processing file /home/airflow/.local/lib/python3.8/site-packages/airflow/example_dags/example_setup_teardown.py for tasks to queue
[2023-11-15T04:00:09.456+0000] {logging_mixin.py:151} INFO - [2023-11-15T04:00:09.456+0000] {dagbag.py:536} INFO - Filling up the DagBag from /home/airflow/.local/lib/python3.8/site-packages/airflow/example_dags/example_setup_teardown.py
[2023-11-15T04:00:09.464+0000] {processor.py:839} INFO - DAG(s) dict_keys(['example_setup_teardown']) retrieved from /home/airflow/.local/lib/python3.8/site-packages/airflow/example_dags/example_setup_teardown.py
[2023-11-15T04:00:09.489+0000] {logging_mixin.py:151} INFO - [2023-11-15T04:00:09.489+0000] {dag.py:2941} INFO - Sync 1 DAGs
[2023-11-15T04:00:09.516+0000] {logging_mixin.py:151} INFO - [2023-11-15T04:00:09.515+0000] {dag.py:3722} INFO - Setting next_dagrun for example_setup_teardown to 2023-11-14T04:00:09.515355+00:00, run_after=2023-11-15T04:00:09.515355+00:00
[2023-11-15T04:00:09.540+0000] {processor.py:179} INFO - Processing /home/airflow/.local/lib/python3.8/site-packages/airflow/example_dags/example_setup_teardown.py took 0.091 seconds
[2023-11-15T04:00:40.219+0000] {processor.py:157} INFO - Started process (PID=411) to work on /home/airflow/.local/lib/python3.8/site-packages/airflow/example_dags/example_setup_teardown.py
[2023-11-15T04:00:40.221+0000] {processor.py:829} INFO - Processing file /home/airflow/.local/lib/python3.8/site-packages/airflow/example_dags/example_setup_teardown.py for tasks to queue
[2023-11-15T04:00:40.223+0000] {logging_mixin.py:151} INFO - [2023-11-15T04:00:40.223+0000] {dagbag.py:536} INFO - Filling up the DagBag from /home/airflow/.local/lib/python3.8/site-packages/airflow/example_dags/example_setup_teardown.py
[2023-11-15T04:00:40.231+0000] {processor.py:839} INFO - DAG(s) dict_keys(['example_setup_teardown']) retrieved from /home/airflow/.local/lib/python3.8/site-packages/airflow/example_dags/example_setup_teardown.py
[2023-11-15T04:00:40.255+0000] {logging_mixin.py:151} INFO - [2023-11-15T04:00:40.255+0000] {dag.py:2941} INFO - Sync 1 DAGs
[2023-11-15T04:00:40.281+0000] {logging_mixin.py:151} INFO - [2023-11-15T04:00:40.281+0000] {dag.py:3722} INFO - Setting next_dagrun for example_setup_teardown to 2023-11-14T04:00:40.281432+00:00, run_after=2023-11-15T04:00:40.281432+00:00
[2023-11-15T04:00:40.304+0000] {processor.py:179} INFO - Processing /home/airflow/.local/lib/python3.8/site-packages/airflow/example_dags/example_setup_teardown.py took 0.089 seconds
[2023-11-15T04:01:10.923+0000] {processor.py:157} INFO - Started process (PID=469) to work on /home/airflow/.local/lib/python3.8/site-packages/airflow/example_dags/example_setup_teardown.py
[2023-11-15T04:01:10.925+0000] {processor.py:829} INFO - Processing file /home/airflow/.local/lib/python3.8/site-packages/airflow/example_dags/example_setup_teardown.py for tasks to queue
[2023-11-15T04:01:10.927+0000] {logging_mixin.py:151} INFO - [2023-11-15T04:01:10.927+0000] {dagbag.py:536} INFO - Filling up the DagBag from /home/airflow/.local/lib/python3.8/site-packages/airflow/example_dags/example_setup_teardown.py
[2023-11-15T04:01:10.935+0000] {processor.py:839} INFO - DAG(s) dict_keys(['example_setup_teardown']) retrieved from /home/airflow/.local/lib/python3.8/site-packages/airflow/example_dags/example_setup_teardown.py
[2023-11-15T04:01:10.960+0000] {logging_mixin.py:151} INFO - [2023-11-15T04:01:10.960+0000] {dag.py:2941} INFO - Sync 1 DAGs
[2023-11-15T04:01:10.992+0000] {logging_mixin.py:151} INFO - [2023-11-15T04:01:10.992+0000] {dag.py:3722} INFO - Setting next_dagrun for example_setup_teardown to 2023-11-14T04:01:10.992138+00:00, run_after=2023-11-15T04:01:10.992138+00:00
[2023-11-15T04:01:11.025+0000] {processor.py:179} INFO - Processing /home/airflow/.local/lib/python3.8/site-packages/airflow/example_dags/example_setup_teardown.py took 0.107 seconds
[2023-11-15T04:01:42.271+0000] {processor.py:157} INFO - Started process (PID=527) to work on /home/airflow/.local/lib/python3.8/site-packages/airflow/example_dags/example_setup_teardown.py
[2023-11-15T04:01:42.273+0000] {processor.py:829} INFO - Processing file /home/airflow/.local/lib/python3.8/site-packages/airflow/example_dags/example_setup_teardown.py for tasks to queue
[2023-11-15T04:01:42.275+0000] {logging_mixin.py:151} INFO - [2023-11-15T04:01:42.275+0000] {dagbag.py:536} INFO - Filling up the DagBag from /home/airflow/.local/lib/python3.8/site-packages/airflow/example_dags/example_setup_teardown.py
[2023-11-15T04:01:42.283+0000] {processor.py:839} INFO - DAG(s) dict_keys(['example_setup_teardown']) retrieved from /home/airflow/.local/lib/python3.8/site-packages/airflow/example_dags/example_setup_teardown.py
[2023-11-15T04:01:42.309+0000] {logging_mixin.py:151} INFO - [2023-11-15T04:01:42.308+0000] {dag.py:2941} INFO - Sync 1 DAGs
[2023-11-15T04:01:42.336+0000] {logging_mixin.py:151} INFO - [2023-11-15T04:01:42.336+0000] {dag.py:3722} INFO - Setting next_dagrun for example_setup_teardown to 2023-11-14T04:01:42.336011+00:00, run_after=2023-11-15T04:01:42.336011+00:00
[2023-11-15T04:01:42.361+0000] {processor.py:179} INFO - Processing /home/airflow/.local/lib/python3.8/site-packages/airflow/example_dags/example_setup_teardown.py took 0.094 seconds
[2023-11-15T04:02:13.031+0000] {processor.py:157} INFO - Started process (PID=590) to work on /home/airflow/.local/lib/python3.8/site-packages/airflow/example_dags/example_setup_teardown.py
[2023-11-15T04:02:13.032+0000] {processor.py:829} INFO - Processing file /home/airflow/.local/lib/python3.8/site-packages/airflow/example_dags/example_setup_teardown.py for tasks to queue
[2023-11-15T04:02:13.035+0000] {logging_mixin.py:151} INFO - [2023-11-15T04:02:13.035+0000] {dagbag.py:536} INFO - Filling up the DagBag from /home/airflow/.local/lib/python3.8/site-packages/airflow/example_dags/example_setup_teardown.py
[2023-11-15T04:02:13.046+0000] {processor.py:839} INFO - DAG(s) dict_keys(['example_setup_teardown']) retrieved from /home/airflow/.local/lib/python3.8/site-packages/airflow/example_dags/example_setup_teardown.py
[2023-11-15T04:02:13.074+0000] {logging_mixin.py:151} INFO - [2023-11-15T04:02:13.074+0000] {dag.py:2941} INFO - Sync 1 DAGs
[2023-11-15T04:02:13.108+0000] {logging_mixin.py:151} INFO - [2023-11-15T04:02:13.107+0000] {dag.py:3722} INFO - Setting next_dagrun for example_setup_teardown to 2023-11-14T04:02:13.107555+00:00, run_after=2023-11-15T04:02:13.107555+00:00
[2023-11-15T04:02:13.134+0000] {processor.py:179} INFO - Processing /home/airflow/.local/lib/python3.8/site-packages/airflow/example_dags/example_setup_teardown.py took 0.108 seconds
[2023-11-15T04:02:43.996+0000] {processor.py:157} INFO - Started process (PID=650) to work on /home/airflow/.local/lib/python3.8/site-packages/airflow/example_dags/example_setup_teardown.py
[2023-11-15T04:02:43.997+0000] {processor.py:829} INFO - Processing file /home/airflow/.local/lib/python3.8/site-packages/airflow/example_dags/example_setup_teardown.py for tasks to queue
[2023-11-15T04:02:44.000+0000] {logging_mixin.py:151} INFO - [2023-11-15T04:02:43.999+0000] {dagbag.py:536} INFO - Filling up the DagBag from /home/airflow/.local/lib/python3.8/site-packages/airflow/example_dags/example_setup_teardown.py
[2023-11-15T04:02:44.008+0000] {processor.py:839} INFO - DAG(s) dict_keys(['example_setup_teardown']) retrieved from /home/airflow/.local/lib/python3.8/site-packages/airflow/example_dags/example_setup_teardown.py
[2023-11-15T04:02:44.035+0000] {logging_mixin.py:151} INFO - [2023-11-15T04:02:44.034+0000] {dag.py:2941} INFO - Sync 1 DAGs
[2023-11-15T04:02:44.068+0000] {logging_mixin.py:151} INFO - [2023-11-15T04:02:44.068+0000] {dag.py:3722} INFO - Setting next_dagrun for example_setup_teardown to 2023-11-14T04:02:44.067981+00:00, run_after=2023-11-15T04:02:44.067981+00:00
[2023-11-15T04:02:44.096+0000] {processor.py:179} INFO - Processing /home/airflow/.local/lib/python3.8/site-packages/airflow/example_dags/example_setup_teardown.py took 0.105 seconds
[2023-11-15T04:03:14.552+0000] {processor.py:157} INFO - Started process (PID=708) to work on /home/airflow/.local/lib/python3.8/site-packages/airflow/example_dags/example_setup_teardown.py
[2023-11-15T04:03:14.553+0000] {processor.py:829} INFO - Processing file /home/airflow/.local/lib/python3.8/site-packages/airflow/example_dags/example_setup_teardown.py for tasks to queue
[2023-11-15T04:03:14.556+0000] {logging_mixin.py:151} INFO - [2023-11-15T04:03:14.555+0000] {dagbag.py:536} INFO - Filling up the DagBag from /home/airflow/.local/lib/python3.8/site-packages/airflow/example_dags/example_setup_teardown.py
[2023-11-15T04:03:14.566+0000] {processor.py:839} INFO - DAG(s) dict_keys(['example_setup_teardown']) retrieved from /home/airflow/.local/lib/python3.8/site-packages/airflow/example_dags/example_setup_teardown.py
[2023-11-15T04:03:14.593+0000] {logging_mixin.py:151} INFO - [2023-11-15T04:03:14.592+0000] {dag.py:2941} INFO - Sync 1 DAGs
[2023-11-15T04:03:14.629+0000] {logging_mixin.py:151} INFO - [2023-11-15T04:03:14.629+0000] {dag.py:3722} INFO - Setting next_dagrun for example_setup_teardown to 2023-11-14T04:03:14.629022+00:00, run_after=2023-11-15T04:03:14.629022+00:00
[2023-11-15T04:03:14.656+0000] {processor.py:179} INFO - Processing /home/airflow/.local/lib/python3.8/site-packages/airflow/example_dags/example_setup_teardown.py took 0.109 seconds
[2023-11-15T04:03:45.094+0000] {processor.py:157} INFO - Started process (PID=765) to work on /home/airflow/.local/lib/python3.8/site-packages/airflow/example_dags/example_setup_teardown.py
[2023-11-15T04:03:45.095+0000] {processor.py:829} INFO - Processing file /home/airflow/.local/lib/python3.8/site-packages/airflow/example_dags/example_setup_teardown.py for tasks to queue
[2023-11-15T04:03:45.097+0000] {logging_mixin.py:151} INFO - [2023-11-15T04:03:45.097+0000] {dagbag.py:536} INFO - Filling up the DagBag from /home/airflow/.local/lib/python3.8/site-packages/airflow/example_dags/example_setup_teardown.py
[2023-11-15T04:03:45.106+0000] {processor.py:839} INFO - DAG(s) dict_keys(['example_setup_teardown']) retrieved from /home/airflow/.local/lib/python3.8/site-packages/airflow/example_dags/example_setup_teardown.py
[2023-11-15T04:03:45.132+0000] {logging_mixin.py:151} INFO - [2023-11-15T04:03:45.132+0000] {dag.py:2941} INFO - Sync 1 DAGs
[2023-11-15T04:03:45.164+0000] {logging_mixin.py:151} INFO - [2023-11-15T04:03:45.164+0000] {dag.py:3722} INFO - Setting next_dagrun for example_setup_teardown to 2023-11-14T04:03:45.163917+00:00, run_after=2023-11-15T04:03:45.163917+00:00
[2023-11-15T04:03:45.191+0000] {processor.py:179} INFO - Processing /home/airflow/.local/lib/python3.8/site-packages/airflow/example_dags/example_setup_teardown.py took 0.102 seconds
[2023-11-15T04:04:15.530+0000] {processor.py:157} INFO - Started process (PID=824) to work on /home/airflow/.local/lib/python3.8/site-packages/airflow/example_dags/example_setup_teardown.py
[2023-11-15T04:04:15.531+0000] {processor.py:829} INFO - Processing file /home/airflow/.local/lib/python3.8/site-packages/airflow/example_dags/example_setup_teardown.py for tasks to queue
[2023-11-15T04:04:15.533+0000] {logging_mixin.py:151} INFO - [2023-11-15T04:04:15.533+0000] {dagbag.py:536} INFO - Filling up the DagBag from /home/airflow/.local/lib/python3.8/site-packages/airflow/example_dags/example_setup_teardown.py
[2023-11-15T04:04:15.541+0000] {processor.py:839} INFO - DAG(s) dict_keys(['example_setup_teardown']) retrieved from /home/airflow/.local/lib/python3.8/site-packages/airflow/example_dags/example_setup_teardown.py
[2023-11-15T04:04:15.567+0000] {logging_mixin.py:151} INFO - [2023-11-15T04:04:15.567+0000] {dag.py:2941} INFO - Sync 1 DAGs
[2023-11-15T04:04:15.593+0000] {logging_mixin.py:151} INFO - [2023-11-15T04:04:15.593+0000] {dag.py:3722} INFO - Setting next_dagrun for example_setup_teardown to 2023-11-14T04:04:15.593127+00:00, run_after=2023-11-15T04:04:15.593127+00:00
[2023-11-15T04:04:15.616+0000] {processor.py:179} INFO - Processing /home/airflow/.local/lib/python3.8/site-packages/airflow/example_dags/example_setup_teardown.py took 0.090 seconds
[2023-11-15T04:04:45.983+0000] {processor.py:157} INFO - Started process (PID=882) to work on /home/airflow/.local/lib/python3.8/site-packages/airflow/example_dags/example_setup_teardown.py
[2023-11-15T04:04:45.985+0000] {processor.py:829} INFO - Processing file /home/airflow/.local/lib/python3.8/site-packages/airflow/example_dags/example_setup_teardown.py for tasks to queue
[2023-11-15T04:04:45.987+0000] {logging_mixin.py:151} INFO - [2023-11-15T04:04:45.987+0000] {dagbag.py:536} INFO - Filling up the DagBag from /home/airflow/.local/lib/python3.8/site-packages/airflow/example_dags/example_setup_teardown.py
[2023-11-15T04:04:45.995+0000] {processor.py:839} INFO - DAG(s) dict_keys(['example_setup_teardown']) retrieved from /home/airflow/.local/lib/python3.8/site-packages/airflow/example_dags/example_setup_teardown.py
[2023-11-15T04:04:46.022+0000] {logging_mixin.py:151} INFO - [2023-11-15T04:04:46.021+0000] {dag.py:2941} INFO - Sync 1 DAGs
[2023-11-15T04:04:46.053+0000] {logging_mixin.py:151} INFO - [2023-11-15T04:04:46.052+0000] {dag.py:3722} INFO - Setting next_dagrun for example_setup_teardown to 2023-11-14T04:04:46.052547+00:00, run_after=2023-11-15T04:04:46.052547+00:00
[2023-11-15T04:04:46.077+0000] {processor.py:179} INFO - Processing /home/airflow/.local/lib/python3.8/site-packages/airflow/example_dags/example_setup_teardown.py took 0.099 seconds
[2023-11-15T04:05:17.100+0000] {processor.py:157} INFO - Started process (PID=948) to work on /home/airflow/.local/lib/python3.8/site-packages/airflow/example_dags/example_setup_teardown.py
[2023-11-15T04:05:17.101+0000] {processor.py:829} INFO - Processing file /home/airflow/.local/lib/python3.8/site-packages/airflow/example_dags/example_setup_teardown.py for tasks to queue
[2023-11-15T04:05:17.104+0000] {logging_mixin.py:151} INFO - [2023-11-15T04:05:17.103+0000] {dagbag.py:536} INFO - Filling up the DagBag from /home/airflow/.local/lib/python3.8/site-packages/airflow/example_dags/example_setup_teardown.py
[2023-11-15T04:05:17.115+0000] {processor.py:839} INFO - DAG(s) dict_keys(['example_setup_teardown']) retrieved from /home/airflow/.local/lib/python3.8/site-packages/airflow/example_dags/example_setup_teardown.py
[2023-11-15T04:05:17.145+0000] {logging_mixin.py:151} INFO - [2023-11-15T04:05:17.144+0000] {dag.py:2941} INFO - Sync 1 DAGs
[2023-11-15T04:05:17.174+0000] {logging_mixin.py:151} INFO - [2023-11-15T04:05:17.173+0000] {dag.py:3722} INFO - Setting next_dagrun for example_setup_teardown to 2023-11-14T04:05:17.173608+00:00, run_after=2023-11-15T04:05:17.173608+00:00
[2023-11-15T04:05:17.200+0000] {processor.py:179} INFO - Processing /home/airflow/.local/lib/python3.8/site-packages/airflow/example_dags/example_setup_teardown.py took 0.106 seconds
[2023-11-15T04:05:47.381+0000] {processor.py:157} INFO - Started process (PID=1007) to work on /home/airflow/.local/lib/python3.8/site-packages/airflow/example_dags/example_setup_teardown.py
[2023-11-15T04:05:47.382+0000] {processor.py:829} INFO - Processing file /home/airflow/.local/lib/python3.8/site-packages/airflow/example_dags/example_setup_teardown.py for tasks to queue
[2023-11-15T04:05:47.384+0000] {logging_mixin.py:151} INFO - [2023-11-15T04:05:47.384+0000] {dagbag.py:536} INFO - Filling up the DagBag from /home/airflow/.local/lib/python3.8/site-packages/airflow/example_dags/example_setup_teardown.py
[2023-11-15T04:05:47.392+0000] {processor.py:839} INFO - DAG(s) dict_keys(['example_setup_teardown']) retrieved from /home/airflow/.local/lib/python3.8/site-packages/airflow/example_dags/example_setup_teardown.py
[2023-11-15T04:05:47.418+0000] {logging_mixin.py:151} INFO - [2023-11-15T04:05:47.417+0000] {dag.py:2941} INFO - Sync 1 DAGs
[2023-11-15T04:05:47.444+0000] {logging_mixin.py:151} INFO - [2023-11-15T04:05:47.443+0000] {dag.py:3722} INFO - Setting next_dagrun for example_setup_teardown to 2023-11-14T04:05:47.443648+00:00, run_after=2023-11-15T04:05:47.443648+00:00
[2023-11-15T04:05:47.469+0000] {processor.py:179} INFO - Processing /home/airflow/.local/lib/python3.8/site-packages/airflow/example_dags/example_setup_teardown.py took 0.093 seconds
[2023-11-15T04:06:18.046+0000] {processor.py:157} INFO - Started process (PID=1066) to work on /home/airflow/.local/lib/python3.8/site-packages/airflow/example_dags/example_setup_teardown.py
[2023-11-15T04:06:18.047+0000] {processor.py:829} INFO - Processing file /home/airflow/.local/lib/python3.8/site-packages/airflow/example_dags/example_setup_teardown.py for tasks to queue
[2023-11-15T04:06:18.050+0000] {logging_mixin.py:151} INFO - [2023-11-15T04:06:18.049+0000] {dagbag.py:536} INFO - Filling up the DagBag from /home/airflow/.local/lib/python3.8/site-packages/airflow/example_dags/example_setup_teardown.py
[2023-11-15T04:06:18.058+0000] {processor.py:839} INFO - DAG(s) dict_keys(['example_setup_teardown']) retrieved from /home/airflow/.local/lib/python3.8/site-packages/airflow/example_dags/example_setup_teardown.py
[2023-11-15T04:06:18.086+0000] {logging_mixin.py:151} INFO - [2023-11-15T04:06:18.086+0000] {dag.py:2941} INFO - Sync 1 DAGs
[2023-11-15T04:06:18.118+0000] {logging_mixin.py:151} INFO - [2023-11-15T04:06:18.118+0000] {dag.py:3722} INFO - Setting next_dagrun for example_setup_teardown to 2023-11-14T04:06:18.117836+00:00, run_after=2023-11-15T04:06:18.117836+00:00
[2023-11-15T04:06:18.145+0000] {processor.py:179} INFO - Processing /home/airflow/.local/lib/python3.8/site-packages/airflow/example_dags/example_setup_teardown.py took 0.103 seconds
[2023-11-15T04:06:48.549+0000] {processor.py:157} INFO - Started process (PID=1124) to work on /home/airflow/.local/lib/python3.8/site-packages/airflow/example_dags/example_setup_teardown.py
[2023-11-15T04:06:48.550+0000] {processor.py:829} INFO - Processing file /home/airflow/.local/lib/python3.8/site-packages/airflow/example_dags/example_setup_teardown.py for tasks to queue
[2023-11-15T04:06:48.552+0000] {logging_mixin.py:151} INFO - [2023-11-15T04:06:48.552+0000] {dagbag.py:536} INFO - Filling up the DagBag from /home/airflow/.local/lib/python3.8/site-packages/airflow/example_dags/example_setup_teardown.py
[2023-11-15T04:06:48.561+0000] {processor.py:839} INFO - DAG(s) dict_keys(['example_setup_teardown']) retrieved from /home/airflow/.local/lib/python3.8/site-packages/airflow/example_dags/example_setup_teardown.py
[2023-11-15T04:06:48.587+0000] {logging_mixin.py:151} INFO - [2023-11-15T04:06:48.586+0000] {dag.py:2941} INFO - Sync 1 DAGs
[2023-11-15T04:06:48.614+0000] {logging_mixin.py:151} INFO - [2023-11-15T04:06:48.613+0000] {dag.py:3722} INFO - Setting next_dagrun for example_setup_teardown to 2023-11-14T04:06:48.613557+00:00, run_after=2023-11-15T04:06:48.613557+00:00
[2023-11-15T04:06:48.638+0000] {processor.py:179} INFO - Processing /home/airflow/.local/lib/python3.8/site-packages/airflow/example_dags/example_setup_teardown.py took 0.093 seconds
[2023-11-15T04:07:19.349+0000] {processor.py:157} INFO - Started process (PID=1183) to work on /home/airflow/.local/lib/python3.8/site-packages/airflow/example_dags/example_setup_teardown.py
[2023-11-15T04:07:19.351+0000] {processor.py:829} INFO - Processing file /home/airflow/.local/lib/python3.8/site-packages/airflow/example_dags/example_setup_teardown.py for tasks to queue
[2023-11-15T04:07:19.355+0000] {logging_mixin.py:151} INFO - [2023-11-15T04:07:19.354+0000] {dagbag.py:536} INFO - Filling up the DagBag from /home/airflow/.local/lib/python3.8/site-packages/airflow/example_dags/example_setup_teardown.py
[2023-11-15T04:07:19.363+0000] {processor.py:839} INFO - DAG(s) dict_keys(['example_setup_teardown']) retrieved from /home/airflow/.local/lib/python3.8/site-packages/airflow/example_dags/example_setup_teardown.py
[2023-11-15T04:07:19.394+0000] {logging_mixin.py:151} INFO - [2023-11-15T04:07:19.394+0000] {dag.py:2941} INFO - Sync 1 DAGs
[2023-11-15T04:07:19.420+0000] {logging_mixin.py:151} INFO - [2023-11-15T04:07:19.419+0000] {dag.py:3722} INFO - Setting next_dagrun for example_setup_teardown to 2023-11-14T04:07:19.419476+00:00, run_after=2023-11-15T04:07:19.419476+00:00
[2023-11-15T04:07:19.440+0000] {processor.py:179} INFO - Processing /home/airflow/.local/lib/python3.8/site-packages/airflow/example_dags/example_setup_teardown.py took 0.097 seconds
[2023-11-15T04:07:49.791+0000] {processor.py:157} INFO - Started process (PID=1240) to work on /home/airflow/.local/lib/python3.8/site-packages/airflow/example_dags/example_setup_teardown.py
[2023-11-15T04:07:49.792+0000] {processor.py:829} INFO - Processing file /home/airflow/.local/lib/python3.8/site-packages/airflow/example_dags/example_setup_teardown.py for tasks to queue
[2023-11-15T04:07:49.795+0000] {logging_mixin.py:151} INFO - [2023-11-15T04:07:49.794+0000] {dagbag.py:536} INFO - Filling up the DagBag from /home/airflow/.local/lib/python3.8/site-packages/airflow/example_dags/example_setup_teardown.py
[2023-11-15T04:07:49.803+0000] {processor.py:839} INFO - DAG(s) dict_keys(['example_setup_teardown']) retrieved from /home/airflow/.local/lib/python3.8/site-packages/airflow/example_dags/example_setup_teardown.py
[2023-11-15T04:07:49.828+0000] {logging_mixin.py:151} INFO - [2023-11-15T04:07:49.828+0000] {dag.py:2941} INFO - Sync 1 DAGs
[2023-11-15T04:07:49.855+0000] {logging_mixin.py:151} INFO - [2023-11-15T04:07:49.855+0000] {dag.py:3722} INFO - Setting next_dagrun for example_setup_teardown to 2023-11-14T04:07:49.855123+00:00, run_after=2023-11-15T04:07:49.855123+00:00
[2023-11-15T04:07:49.877+0000] {processor.py:179} INFO - Processing /home/airflow/.local/lib/python3.8/site-packages/airflow/example_dags/example_setup_teardown.py took 0.090 seconds
[2023-11-15T04:08:21.182+0000] {processor.py:157} INFO - Started process (PID=1298) to work on /home/airflow/.local/lib/python3.8/site-packages/airflow/example_dags/example_setup_teardown.py
[2023-11-15T04:08:21.183+0000] {processor.py:829} INFO - Processing file /home/airflow/.local/lib/python3.8/site-packages/airflow/example_dags/example_setup_teardown.py for tasks to queue
[2023-11-15T04:08:21.185+0000] {logging_mixin.py:151} INFO - [2023-11-15T04:08:21.185+0000] {dagbag.py:536} INFO - Filling up the DagBag from /home/airflow/.local/lib/python3.8/site-packages/airflow/example_dags/example_setup_teardown.py
[2023-11-15T04:08:21.195+0000] {processor.py:839} INFO - DAG(s) dict_keys(['example_setup_teardown']) retrieved from /home/airflow/.local/lib/python3.8/site-packages/airflow/example_dags/example_setup_teardown.py
[2023-11-15T04:08:21.221+0000] {logging_mixin.py:151} INFO - [2023-11-15T04:08:21.221+0000] {dag.py:2941} INFO - Sync 1 DAGs
[2023-11-15T04:08:21.251+0000] {logging_mixin.py:151} INFO - [2023-11-15T04:08:21.250+0000] {dag.py:3722} INFO - Setting next_dagrun for example_setup_teardown to 2023-11-14T04:08:21.250448+00:00, run_after=2023-11-15T04:08:21.250448+00:00
[2023-11-15T04:08:21.278+0000] {processor.py:179} INFO - Processing /home/airflow/.local/lib/python3.8/site-packages/airflow/example_dags/example_setup_teardown.py took 0.100 seconds
[2023-11-15T04:08:51.431+0000] {processor.py:157} INFO - Started process (PID=1355) to work on /home/airflow/.local/lib/python3.8/site-packages/airflow/example_dags/example_setup_teardown.py
[2023-11-15T04:08:51.433+0000] {processor.py:829} INFO - Processing file /home/airflow/.local/lib/python3.8/site-packages/airflow/example_dags/example_setup_teardown.py for tasks to queue
[2023-11-15T04:08:51.436+0000] {logging_mixin.py:151} INFO - [2023-11-15T04:08:51.435+0000] {dagbag.py:536} INFO - Filling up the DagBag from /home/airflow/.local/lib/python3.8/site-packages/airflow/example_dags/example_setup_teardown.py
[2023-11-15T04:08:51.443+0000] {processor.py:839} INFO - DAG(s) dict_keys(['example_setup_teardown']) retrieved from /home/airflow/.local/lib/python3.8/site-packages/airflow/example_dags/example_setup_teardown.py
[2023-11-15T04:08:51.469+0000] {logging_mixin.py:151} INFO - [2023-11-15T04:08:51.469+0000] {dag.py:2941} INFO - Sync 1 DAGs
[2023-11-15T04:08:51.494+0000] {logging_mixin.py:151} INFO - [2023-11-15T04:08:51.494+0000] {dag.py:3722} INFO - Setting next_dagrun for example_setup_teardown to 2023-11-14T04:08:51.494435+00:00, run_after=2023-11-15T04:08:51.494435+00:00
[2023-11-15T04:08:51.517+0000] {processor.py:179} INFO - Processing /home/airflow/.local/lib/python3.8/site-packages/airflow/example_dags/example_setup_teardown.py took 0.089 seconds
[2023-11-15T04:09:21.892+0000] {processor.py:157} INFO - Started process (PID=1411) to work on /home/airflow/.local/lib/python3.8/site-packages/airflow/example_dags/example_setup_teardown.py
[2023-11-15T04:09:21.893+0000] {processor.py:829} INFO - Processing file /home/airflow/.local/lib/python3.8/site-packages/airflow/example_dags/example_setup_teardown.py for tasks to queue
[2023-11-15T04:09:21.897+0000] {logging_mixin.py:151} INFO - [2023-11-15T04:09:21.896+0000] {dagbag.py:536} INFO - Filling up the DagBag from /home/airflow/.local/lib/python3.8/site-packages/airflow/example_dags/example_setup_teardown.py
[2023-11-15T04:09:21.907+0000] {processor.py:839} INFO - DAG(s) dict_keys(['example_setup_teardown']) retrieved from /home/airflow/.local/lib/python3.8/site-packages/airflow/example_dags/example_setup_teardown.py
[2023-11-15T04:09:21.936+0000] {logging_mixin.py:151} INFO - [2023-11-15T04:09:21.936+0000] {dag.py:2941} INFO - Sync 1 DAGs
[2023-11-15T04:09:21.986+0000] {logging_mixin.py:151} INFO - [2023-11-15T04:09:21.986+0000] {dag.py:3722} INFO - Setting next_dagrun for example_setup_teardown to 2023-11-14T04:09:21.985889+00:00, run_after=2023-11-15T04:09:21.985889+00:00
[2023-11-15T04:09:22.019+0000] {processor.py:179} INFO - Processing /home/airflow/.local/lib/python3.8/site-packages/airflow/example_dags/example_setup_teardown.py took 0.132 seconds
[2023-11-15T04:09:52.317+0000] {processor.py:157} INFO - Started process (PID=1468) to work on /home/airflow/.local/lib/python3.8/site-packages/airflow/example_dags/example_setup_teardown.py
[2023-11-15T04:09:52.318+0000] {processor.py:829} INFO - Processing file /home/airflow/.local/lib/python3.8/site-packages/airflow/example_dags/example_setup_teardown.py for tasks to queue
[2023-11-15T04:09:52.321+0000] {logging_mixin.py:151} INFO - [2023-11-15T04:09:52.321+0000] {dagbag.py:536} INFO - Filling up the DagBag from /home/airflow/.local/lib/python3.8/site-packages/airflow/example_dags/example_setup_teardown.py
[2023-11-15T04:09:52.329+0000] {processor.py:839} INFO - DAG(s) dict_keys(['example_setup_teardown']) retrieved from /home/airflow/.local/lib/python3.8/site-packages/airflow/example_dags/example_setup_teardown.py
[2023-11-15T04:09:52.356+0000] {logging_mixin.py:151} INFO - [2023-11-15T04:09:52.356+0000] {dag.py:2941} INFO - Sync 1 DAGs
[2023-11-15T04:09:52.386+0000] {logging_mixin.py:151} INFO - [2023-11-15T04:09:52.386+0000] {dag.py:3722} INFO - Setting next_dagrun for example_setup_teardown to 2023-11-14T04:09:52.386161+00:00, run_after=2023-11-15T04:09:52.386161+00:00
[2023-11-15T04:09:52.416+0000] {processor.py:179} INFO - Processing /home/airflow/.local/lib/python3.8/site-packages/airflow/example_dags/example_setup_teardown.py took 0.103 seconds
[2023-11-15T04:10:22.777+0000] {processor.py:157} INFO - Started process (PID=1525) to work on /home/airflow/.local/lib/python3.8/site-packages/airflow/example_dags/example_setup_teardown.py
[2023-11-15T04:10:22.778+0000] {processor.py:829} INFO - Processing file /home/airflow/.local/lib/python3.8/site-packages/airflow/example_dags/example_setup_teardown.py for tasks to queue
[2023-11-15T04:10:22.780+0000] {logging_mixin.py:151} INFO - [2023-11-15T04:10:22.780+0000] {dagbag.py:536} INFO - Filling up the DagBag from /home/airflow/.local/lib/python3.8/site-packages/airflow/example_dags/example_setup_teardown.py
[2023-11-15T04:10:22.789+0000] {processor.py:839} INFO - DAG(s) dict_keys(['example_setup_teardown']) retrieved from /home/airflow/.local/lib/python3.8/site-packages/airflow/example_dags/example_setup_teardown.py
[2023-11-15T04:10:22.815+0000] {logging_mixin.py:151} INFO - [2023-11-15T04:10:22.815+0000] {dag.py:2941} INFO - Sync 1 DAGs
[2023-11-15T04:10:22.845+0000] {logging_mixin.py:151} INFO - [2023-11-15T04:10:22.844+0000] {dag.py:3722} INFO - Setting next_dagrun for example_setup_teardown to 2023-11-14T04:10:22.844475+00:00, run_after=2023-11-15T04:10:22.844475+00:00
[2023-11-15T04:10:22.868+0000] {processor.py:179} INFO - Processing /home/airflow/.local/lib/python3.8/site-packages/airflow/example_dags/example_setup_teardown.py took 0.095 seconds
[2023-11-15T04:10:53.569+0000] {processor.py:157} INFO - Started process (PID=1583) to work on /home/airflow/.local/lib/python3.8/site-packages/airflow/example_dags/example_setup_teardown.py
[2023-11-15T04:10:53.570+0000] {processor.py:829} INFO - Processing file /home/airflow/.local/lib/python3.8/site-packages/airflow/example_dags/example_setup_teardown.py for tasks to queue
[2023-11-15T04:10:53.572+0000] {logging_mixin.py:151} INFO - [2023-11-15T04:10:53.572+0000] {dagbag.py:536} INFO - Filling up the DagBag from /home/airflow/.local/lib/python3.8/site-packages/airflow/example_dags/example_setup_teardown.py
[2023-11-15T04:10:53.580+0000] {processor.py:839} INFO - DAG(s) dict_keys(['example_setup_teardown']) retrieved from /home/airflow/.local/lib/python3.8/site-packages/airflow/example_dags/example_setup_teardown.py
[2023-11-15T04:10:53.607+0000] {logging_mixin.py:151} INFO - [2023-11-15T04:10:53.606+0000] {dag.py:2941} INFO - Sync 1 DAGs
[2023-11-15T04:10:53.634+0000] {logging_mixin.py:151} INFO - [2023-11-15T04:10:53.634+0000] {dag.py:3722} INFO - Setting next_dagrun for example_setup_teardown to 2023-11-14T04:10:53.633868+00:00, run_after=2023-11-15T04:10:53.633868+00:00
[2023-11-15T04:10:53.659+0000] {processor.py:179} INFO - Processing /home/airflow/.local/lib/python3.8/site-packages/airflow/example_dags/example_setup_teardown.py took 0.094 seconds
[2023-11-15T04:11:23.769+0000] {processor.py:157} INFO - Started process (PID=1644) to work on /home/airflow/.local/lib/python3.8/site-packages/airflow/example_dags/example_setup_teardown.py
[2023-11-15T04:11:23.769+0000] {processor.py:829} INFO - Processing file /home/airflow/.local/lib/python3.8/site-packages/airflow/example_dags/example_setup_teardown.py for tasks to queue
[2023-11-15T04:11:23.772+0000] {logging_mixin.py:151} INFO - [2023-11-15T04:11:23.772+0000] {dagbag.py:536} INFO - Filling up the DagBag from /home/airflow/.local/lib/python3.8/site-packages/airflow/example_dags/example_setup_teardown.py
[2023-11-15T04:11:23.780+0000] {processor.py:839} INFO - DAG(s) dict_keys(['example_setup_teardown']) retrieved from /home/airflow/.local/lib/python3.8/site-packages/airflow/example_dags/example_setup_teardown.py
[2023-11-15T04:11:23.806+0000] {logging_mixin.py:151} INFO - [2023-11-15T04:11:23.806+0000] {dag.py:2941} INFO - Sync 1 DAGs
[2023-11-15T04:11:23.834+0000] {logging_mixin.py:151} INFO - [2023-11-15T04:11:23.834+0000] {dag.py:3722} INFO - Setting next_dagrun for example_setup_teardown to 2023-11-14T04:11:23.834423+00:00, run_after=2023-11-15T04:11:23.834423+00:00
[2023-11-15T04:11:23.861+0000] {processor.py:179} INFO - Processing /home/airflow/.local/lib/python3.8/site-packages/airflow/example_dags/example_setup_teardown.py took 0.096 seconds
[2023-11-15T04:11:54.223+0000] {processor.py:157} INFO - Started process (PID=1706) to work on /home/airflow/.local/lib/python3.8/site-packages/airflow/example_dags/example_setup_teardown.py
[2023-11-15T04:11:54.224+0000] {processor.py:829} INFO - Processing file /home/airflow/.local/lib/python3.8/site-packages/airflow/example_dags/example_setup_teardown.py for tasks to queue
[2023-11-15T04:11:54.226+0000] {logging_mixin.py:151} INFO - [2023-11-15T04:11:54.226+0000] {dagbag.py:536} INFO - Filling up the DagBag from /home/airflow/.local/lib/python3.8/site-packages/airflow/example_dags/example_setup_teardown.py
[2023-11-15T04:11:54.236+0000] {processor.py:839} INFO - DAG(s) dict_keys(['example_setup_teardown']) retrieved from /home/airflow/.local/lib/python3.8/site-packages/airflow/example_dags/example_setup_teardown.py
[2023-11-15T04:11:54.261+0000] {logging_mixin.py:151} INFO - [2023-11-15T04:11:54.261+0000] {dag.py:2941} INFO - Sync 1 DAGs
[2023-11-15T04:11:54.288+0000] {logging_mixin.py:151} INFO - [2023-11-15T04:11:54.288+0000] {dag.py:3722} INFO - Setting next_dagrun for example_setup_teardown to 2023-11-14T04:11:54.287987+00:00, run_after=2023-11-15T04:11:54.287987+00:00
[2023-11-15T04:11:54.315+0000] {processor.py:179} INFO - Processing /home/airflow/.local/lib/python3.8/site-packages/airflow/example_dags/example_setup_teardown.py took 0.096 seconds
[2023-11-15T04:12:25.140+0000] {processor.py:157} INFO - Started process (PID=1766) to work on /home/airflow/.local/lib/python3.8/site-packages/airflow/example_dags/example_setup_teardown.py
[2023-11-15T04:12:25.141+0000] {processor.py:829} INFO - Processing file /home/airflow/.local/lib/python3.8/site-packages/airflow/example_dags/example_setup_teardown.py for tasks to queue
[2023-11-15T04:12:25.144+0000] {logging_mixin.py:151} INFO - [2023-11-15T04:12:25.144+0000] {dagbag.py:536} INFO - Filling up the DagBag from /home/airflow/.local/lib/python3.8/site-packages/airflow/example_dags/example_setup_teardown.py
[2023-11-15T04:12:25.153+0000] {processor.py:839} INFO - DAG(s) dict_keys(['example_setup_teardown']) retrieved from /home/airflow/.local/lib/python3.8/site-packages/airflow/example_dags/example_setup_teardown.py
[2023-11-15T04:12:25.184+0000] {logging_mixin.py:151} INFO - [2023-11-15T04:12:25.183+0000] {dag.py:2941} INFO - Sync 1 DAGs
[2023-11-15T04:12:25.210+0000] {logging_mixin.py:151} INFO - [2023-11-15T04:12:25.210+0000] {dag.py:3722} INFO - Setting next_dagrun for example_setup_teardown to 2023-11-14T04:12:25.210240+00:00, run_after=2023-11-15T04:12:25.210240+00:00
[2023-11-15T04:12:25.235+0000] {processor.py:179} INFO - Processing /home/airflow/.local/lib/python3.8/site-packages/airflow/example_dags/example_setup_teardown.py took 0.099 seconds
[2023-11-15T04:12:55.342+0000] {processor.py:157} INFO - Started process (PID=1826) to work on /home/airflow/.local/lib/python3.8/site-packages/airflow/example_dags/example_setup_teardown.py
[2023-11-15T04:12:55.343+0000] {processor.py:829} INFO - Processing file /home/airflow/.local/lib/python3.8/site-packages/airflow/example_dags/example_setup_teardown.py for tasks to queue
[2023-11-15T04:12:55.346+0000] {logging_mixin.py:151} INFO - [2023-11-15T04:12:55.346+0000] {dagbag.py:536} INFO - Filling up the DagBag from /home/airflow/.local/lib/python3.8/site-packages/airflow/example_dags/example_setup_teardown.py
[2023-11-15T04:12:55.354+0000] {processor.py:839} INFO - DAG(s) dict_keys(['example_setup_teardown']) retrieved from /home/airflow/.local/lib/python3.8/site-packages/airflow/example_dags/example_setup_teardown.py
[2023-11-15T04:12:55.380+0000] {logging_mixin.py:151} INFO - [2023-11-15T04:12:55.379+0000] {dag.py:2941} INFO - Sync 1 DAGs
[2023-11-15T04:12:55.408+0000] {logging_mixin.py:151} INFO - [2023-11-15T04:12:55.408+0000] {dag.py:3722} INFO - Setting next_dagrun for example_setup_teardown to 2023-11-14T04:12:55.407731+00:00, run_after=2023-11-15T04:12:55.407731+00:00
[2023-11-15T04:12:55.431+0000] {processor.py:179} INFO - Processing /home/airflow/.local/lib/python3.8/site-packages/airflow/example_dags/example_setup_teardown.py took 0.093 seconds
[2023-11-15T04:13:26.174+0000] {processor.py:157} INFO - Started process (PID=1888) to work on /home/airflow/.local/lib/python3.8/site-packages/airflow/example_dags/example_setup_teardown.py
[2023-11-15T04:13:26.175+0000] {processor.py:829} INFO - Processing file /home/airflow/.local/lib/python3.8/site-packages/airflow/example_dags/example_setup_teardown.py for tasks to queue
[2023-11-15T04:13:26.178+0000] {logging_mixin.py:151} INFO - [2023-11-15T04:13:26.178+0000] {dagbag.py:536} INFO - Filling up the DagBag from /home/airflow/.local/lib/python3.8/site-packages/airflow/example_dags/example_setup_teardown.py
[2023-11-15T04:13:26.187+0000] {processor.py:839} INFO - DAG(s) dict_keys(['example_setup_teardown']) retrieved from /home/airflow/.local/lib/python3.8/site-packages/airflow/example_dags/example_setup_teardown.py
[2023-11-15T04:13:26.214+0000] {logging_mixin.py:151} INFO - [2023-11-15T04:13:26.214+0000] {dag.py:2941} INFO - Sync 1 DAGs
[2023-11-15T04:13:26.244+0000] {logging_mixin.py:151} INFO - [2023-11-15T04:13:26.244+0000] {dag.py:3722} INFO - Setting next_dagrun for example_setup_teardown to 2023-11-14T04:13:26.244194+00:00, run_after=2023-11-15T04:13:26.244194+00:00
[2023-11-15T04:13:26.269+0000] {processor.py:179} INFO - Processing /home/airflow/.local/lib/python3.8/site-packages/airflow/example_dags/example_setup_teardown.py took 0.098 seconds
[2023-11-15T04:13:56.969+0000] {processor.py:157} INFO - Started process (PID=1945) to work on /home/airflow/.local/lib/python3.8/site-packages/airflow/example_dags/example_setup_teardown.py
[2023-11-15T04:13:56.970+0000] {processor.py:829} INFO - Processing file /home/airflow/.local/lib/python3.8/site-packages/airflow/example_dags/example_setup_teardown.py for tasks to queue
[2023-11-15T04:13:56.972+0000] {logging_mixin.py:151} INFO - [2023-11-15T04:13:56.972+0000] {dagbag.py:536} INFO - Filling up the DagBag from /home/airflow/.local/lib/python3.8/site-packages/airflow/example_dags/example_setup_teardown.py
[2023-11-15T04:13:56.980+0000] {processor.py:839} INFO - DAG(s) dict_keys(['example_setup_teardown']) retrieved from /home/airflow/.local/lib/python3.8/site-packages/airflow/example_dags/example_setup_teardown.py
[2023-11-15T04:13:57.008+0000] {logging_mixin.py:151} INFO - [2023-11-15T04:13:57.008+0000] {dag.py:2941} INFO - Sync 1 DAGs
[2023-11-15T04:13:57.243+0000] {logging_mixin.py:151} INFO - [2023-11-15T04:13:57.243+0000] {dag.py:3722} INFO - Setting next_dagrun for example_setup_teardown to 2023-11-14T04:13:57.242968+00:00, run_after=2023-11-15T04:13:57.242968+00:00
[2023-11-15T04:13:57.271+0000] {processor.py:179} INFO - Processing /home/airflow/.local/lib/python3.8/site-packages/airflow/example_dags/example_setup_teardown.py took 0.307 seconds
[2023-11-15T04:14:27.951+0000] {processor.py:157} INFO - Started process (PID=2002) to work on /home/airflow/.local/lib/python3.8/site-packages/airflow/example_dags/example_setup_teardown.py
[2023-11-15T04:14:27.952+0000] {processor.py:829} INFO - Processing file /home/airflow/.local/lib/python3.8/site-packages/airflow/example_dags/example_setup_teardown.py for tasks to queue
[2023-11-15T04:14:27.955+0000] {logging_mixin.py:151} INFO - [2023-11-15T04:14:27.954+0000] {dagbag.py:536} INFO - Filling up the DagBag from /home/airflow/.local/lib/python3.8/site-packages/airflow/example_dags/example_setup_teardown.py
[2023-11-15T04:14:27.963+0000] {processor.py:839} INFO - DAG(s) dict_keys(['example_setup_teardown']) retrieved from /home/airflow/.local/lib/python3.8/site-packages/airflow/example_dags/example_setup_teardown.py
[2023-11-15T04:14:27.989+0000] {logging_mixin.py:151} INFO - [2023-11-15T04:14:27.989+0000] {dag.py:2941} INFO - Sync 1 DAGs
[2023-11-15T04:14:28.019+0000] {logging_mixin.py:151} INFO - [2023-11-15T04:14:28.018+0000] {dag.py:3722} INFO - Setting next_dagrun for example_setup_teardown to 2023-11-14T04:14:28.018526+00:00, run_after=2023-11-15T04:14:28.018526+00:00
[2023-11-15T04:14:28.048+0000] {processor.py:179} INFO - Processing /home/airflow/.local/lib/python3.8/site-packages/airflow/example_dags/example_setup_teardown.py took 0.101 seconds
[2023-11-15T04:14:58.420+0000] {processor.py:157} INFO - Started process (PID=2059) to work on /home/airflow/.local/lib/python3.8/site-packages/airflow/example_dags/example_setup_teardown.py
[2023-11-15T04:14:58.421+0000] {processor.py:829} INFO - Processing file /home/airflow/.local/lib/python3.8/site-packages/airflow/example_dags/example_setup_teardown.py for tasks to queue
[2023-11-15T04:14:58.424+0000] {logging_mixin.py:151} INFO - [2023-11-15T04:14:58.423+0000] {dagbag.py:536} INFO - Filling up the DagBag from /home/airflow/.local/lib/python3.8/site-packages/airflow/example_dags/example_setup_teardown.py
[2023-11-15T04:14:58.432+0000] {processor.py:839} INFO - DAG(s) dict_keys(['example_setup_teardown']) retrieved from /home/airflow/.local/lib/python3.8/site-packages/airflow/example_dags/example_setup_teardown.py
[2023-11-15T04:14:58.458+0000] {logging_mixin.py:151} INFO - [2023-11-15T04:14:58.457+0000] {dag.py:2941} INFO - Sync 1 DAGs
[2023-11-15T04:14:58.486+0000] {logging_mixin.py:151} INFO - [2023-11-15T04:14:58.486+0000] {dag.py:3722} INFO - Setting next_dagrun for example_setup_teardown to 2023-11-14T04:14:58.486102+00:00, run_after=2023-11-15T04:14:58.486102+00:00
[2023-11-15T04:14:58.513+0000] {processor.py:179} INFO - Processing /home/airflow/.local/lib/python3.8/site-packages/airflow/example_dags/example_setup_teardown.py took 0.097 seconds
[2023-11-15T04:15:29.637+0000] {processor.py:157} INFO - Started process (PID=2117) to work on /home/airflow/.local/lib/python3.8/site-packages/airflow/example_dags/example_setup_teardown.py
[2023-11-15T04:15:29.638+0000] {processor.py:829} INFO - Processing file /home/airflow/.local/lib/python3.8/site-packages/airflow/example_dags/example_setup_teardown.py for tasks to queue
[2023-11-15T04:15:29.641+0000] {logging_mixin.py:151} INFO - [2023-11-15T04:15:29.641+0000] {dagbag.py:536} INFO - Filling up the DagBag from /home/airflow/.local/lib/python3.8/site-packages/airflow/example_dags/example_setup_teardown.py
[2023-11-15T04:15:29.656+0000] {processor.py:839} INFO - DAG(s) dict_keys(['example_setup_teardown']) retrieved from /home/airflow/.local/lib/python3.8/site-packages/airflow/example_dags/example_setup_teardown.py
[2023-11-15T04:15:29.865+0000] {logging_mixin.py:151} INFO - [2023-11-15T04:15:29.864+0000] {dag.py:2941} INFO - Sync 1 DAGs
[2023-11-15T04:15:29.891+0000] {logging_mixin.py:151} INFO - [2023-11-15T04:15:29.891+0000] {dag.py:3722} INFO - Setting next_dagrun for example_setup_teardown to 2023-11-14T04:15:29.891093+00:00, run_after=2023-11-15T04:15:29.891093+00:00
[2023-11-15T04:15:29.914+0000] {processor.py:179} INFO - Processing /home/airflow/.local/lib/python3.8/site-packages/airflow/example_dags/example_setup_teardown.py took 0.284 seconds
[2023-11-15T04:15:59.968+0000] {processor.py:157} INFO - Started process (PID=2176) to work on /home/airflow/.local/lib/python3.8/site-packages/airflow/example_dags/example_setup_teardown.py
[2023-11-15T04:15:59.969+0000] {processor.py:829} INFO - Processing file /home/airflow/.local/lib/python3.8/site-packages/airflow/example_dags/example_setup_teardown.py for tasks to queue
[2023-11-15T04:15:59.972+0000] {logging_mixin.py:151} INFO - [2023-11-15T04:15:59.971+0000] {dagbag.py:536} INFO - Filling up the DagBag from /home/airflow/.local/lib/python3.8/site-packages/airflow/example_dags/example_setup_teardown.py
[2023-11-15T04:15:59.980+0000] {processor.py:839} INFO - DAG(s) dict_keys(['example_setup_teardown']) retrieved from /home/airflow/.local/lib/python3.8/site-packages/airflow/example_dags/example_setup_teardown.py
[2023-11-15T04:16:00.004+0000] {logging_mixin.py:151} INFO - [2023-11-15T04:16:00.004+0000] {dag.py:2941} INFO - Sync 1 DAGs
[2023-11-15T04:16:00.195+0000] {logging_mixin.py:151} INFO - [2023-11-15T04:16:00.195+0000] {dag.py:3722} INFO - Setting next_dagrun for example_setup_teardown to 2023-11-14T04:16:00.194852+00:00, run_after=2023-11-15T04:16:00.194852+00:00
[2023-11-15T04:16:00.221+0000] {processor.py:179} INFO - Processing /home/airflow/.local/lib/python3.8/site-packages/airflow/example_dags/example_setup_teardown.py took 0.257 seconds
[2023-11-15T04:16:31.084+0000] {processor.py:157} INFO - Started process (PID=2235) to work on /home/airflow/.local/lib/python3.8/site-packages/airflow/example_dags/example_setup_teardown.py
[2023-11-15T04:16:31.085+0000] {processor.py:829} INFO - Processing file /home/airflow/.local/lib/python3.8/site-packages/airflow/example_dags/example_setup_teardown.py for tasks to queue
[2023-11-15T04:16:31.087+0000] {logging_mixin.py:151} INFO - [2023-11-15T04:16:31.087+0000] {dagbag.py:536} INFO - Filling up the DagBag from /home/airflow/.local/lib/python3.8/site-packages/airflow/example_dags/example_setup_teardown.py
[2023-11-15T04:16:31.095+0000] {processor.py:839} INFO - DAG(s) dict_keys(['example_setup_teardown']) retrieved from /home/airflow/.local/lib/python3.8/site-packages/airflow/example_dags/example_setup_teardown.py
[2023-11-15T04:16:31.121+0000] {logging_mixin.py:151} INFO - [2023-11-15T04:16:31.121+0000] {dag.py:2941} INFO - Sync 1 DAGs
[2023-11-15T04:16:31.147+0000] {logging_mixin.py:151} INFO - [2023-11-15T04:16:31.147+0000] {dag.py:3722} INFO - Setting next_dagrun for example_setup_teardown to 2023-11-14T04:16:31.146764+00:00, run_after=2023-11-15T04:16:31.146764+00:00
[2023-11-15T04:16:31.170+0000] {processor.py:179} INFO - Processing /home/airflow/.local/lib/python3.8/site-packages/airflow/example_dags/example_setup_teardown.py took 0.090 seconds
[2023-11-15T04:17:01.460+0000] {processor.py:157} INFO - Started process (PID=2292) to work on /home/airflow/.local/lib/python3.8/site-packages/airflow/example_dags/example_setup_teardown.py
[2023-11-15T04:17:01.461+0000] {processor.py:829} INFO - Processing file /home/airflow/.local/lib/python3.8/site-packages/airflow/example_dags/example_setup_teardown.py for tasks to queue
[2023-11-15T04:17:01.465+0000] {logging_mixin.py:151} INFO - [2023-11-15T04:17:01.464+0000] {dagbag.py:536} INFO - Filling up the DagBag from /home/airflow/.local/lib/python3.8/site-packages/airflow/example_dags/example_setup_teardown.py
[2023-11-15T04:17:01.473+0000] {processor.py:839} INFO - DAG(s) dict_keys(['example_setup_teardown']) retrieved from /home/airflow/.local/lib/python3.8/site-packages/airflow/example_dags/example_setup_teardown.py
[2023-11-15T04:17:01.498+0000] {logging_mixin.py:151} INFO - [2023-11-15T04:17:01.497+0000] {dag.py:2941} INFO - Sync 1 DAGs
[2023-11-15T04:17:01.526+0000] {logging_mixin.py:151} INFO - [2023-11-15T04:17:01.525+0000] {dag.py:3722} INFO - Setting next_dagrun for example_setup_teardown to 2023-11-14T04:17:01.525475+00:00, run_after=2023-11-15T04:17:01.525475+00:00
[2023-11-15T04:17:01.550+0000] {processor.py:179} INFO - Processing /home/airflow/.local/lib/python3.8/site-packages/airflow/example_dags/example_setup_teardown.py took 0.096 seconds
[2023-11-15T04:17:32.451+0000] {processor.py:157} INFO - Started process (PID=2350) to work on /home/airflow/.local/lib/python3.8/site-packages/airflow/example_dags/example_setup_teardown.py
[2023-11-15T04:17:32.452+0000] {processor.py:829} INFO - Processing file /home/airflow/.local/lib/python3.8/site-packages/airflow/example_dags/example_setup_teardown.py for tasks to queue
[2023-11-15T04:17:32.455+0000] {logging_mixin.py:151} INFO - [2023-11-15T04:17:32.454+0000] {dagbag.py:536} INFO - Filling up the DagBag from /home/airflow/.local/lib/python3.8/site-packages/airflow/example_dags/example_setup_teardown.py
[2023-11-15T04:17:32.463+0000] {processor.py:839} INFO - DAG(s) dict_keys(['example_setup_teardown']) retrieved from /home/airflow/.local/lib/python3.8/site-packages/airflow/example_dags/example_setup_teardown.py
[2023-11-15T04:17:32.489+0000] {logging_mixin.py:151} INFO - [2023-11-15T04:17:32.488+0000] {dag.py:2941} INFO - Sync 1 DAGs
[2023-11-15T04:17:32.516+0000] {logging_mixin.py:151} INFO - [2023-11-15T04:17:32.516+0000] {dag.py:3722} INFO - Setting next_dagrun for example_setup_teardown to 2023-11-14T04:17:32.516403+00:00, run_after=2023-11-15T04:17:32.516403+00:00
[2023-11-15T04:17:32.540+0000] {processor.py:179} INFO - Processing /home/airflow/.local/lib/python3.8/site-packages/airflow/example_dags/example_setup_teardown.py took 0.093 seconds
[2023-11-15T04:18:02.841+0000] {processor.py:157} INFO - Started process (PID=2408) to work on /home/airflow/.local/lib/python3.8/site-packages/airflow/example_dags/example_setup_teardown.py
[2023-11-15T04:18:02.842+0000] {processor.py:829} INFO - Processing file /home/airflow/.local/lib/python3.8/site-packages/airflow/example_dags/example_setup_teardown.py for tasks to queue
[2023-11-15T04:18:02.844+0000] {logging_mixin.py:151} INFO - [2023-11-15T04:18:02.844+0000] {dagbag.py:536} INFO - Filling up the DagBag from /home/airflow/.local/lib/python3.8/site-packages/airflow/example_dags/example_setup_teardown.py
[2023-11-15T04:18:02.853+0000] {processor.py:839} INFO - DAG(s) dict_keys(['example_setup_teardown']) retrieved from /home/airflow/.local/lib/python3.8/site-packages/airflow/example_dags/example_setup_teardown.py
[2023-11-15T04:18:02.877+0000] {logging_mixin.py:151} INFO - [2023-11-15T04:18:02.877+0000] {dag.py:2941} INFO - Sync 1 DAGs
[2023-11-15T04:18:02.905+0000] {logging_mixin.py:151} INFO - [2023-11-15T04:18:02.905+0000] {dag.py:3722} INFO - Setting next_dagrun for example_setup_teardown to 2023-11-14T04:18:02.905032+00:00, run_after=2023-11-15T04:18:02.905032+00:00
[2023-11-15T04:18:02.928+0000] {processor.py:179} INFO - Processing /home/airflow/.local/lib/python3.8/site-packages/airflow/example_dags/example_setup_teardown.py took 0.090 seconds
[2023-11-15T04:18:33.386+0000] {processor.py:157} INFO - Started process (PID=2465) to work on /home/airflow/.local/lib/python3.8/site-packages/airflow/example_dags/example_setup_teardown.py
[2023-11-15T04:18:33.388+0000] {processor.py:829} INFO - Processing file /home/airflow/.local/lib/python3.8/site-packages/airflow/example_dags/example_setup_teardown.py for tasks to queue
[2023-11-15T04:18:33.390+0000] {logging_mixin.py:151} INFO - [2023-11-15T04:18:33.390+0000] {dagbag.py:536} INFO - Filling up the DagBag from /home/airflow/.local/lib/python3.8/site-packages/airflow/example_dags/example_setup_teardown.py
[2023-11-15T04:18:33.399+0000] {processor.py:839} INFO - DAG(s) dict_keys(['example_setup_teardown']) retrieved from /home/airflow/.local/lib/python3.8/site-packages/airflow/example_dags/example_setup_teardown.py
[2023-11-15T04:18:33.428+0000] {logging_mixin.py:151} INFO - [2023-11-15T04:18:33.428+0000] {dag.py:2941} INFO - Sync 1 DAGs
[2023-11-15T04:18:33.457+0000] {logging_mixin.py:151} INFO - [2023-11-15T04:18:33.457+0000] {dag.py:3722} INFO - Setting next_dagrun for example_setup_teardown to 2023-11-14T04:18:33.457209+00:00, run_after=2023-11-15T04:18:33.457209+00:00
[2023-11-15T04:18:33.483+0000] {processor.py:179} INFO - Processing /home/airflow/.local/lib/python3.8/site-packages/airflow/example_dags/example_setup_teardown.py took 0.100 seconds
[2023-11-15T04:19:03.571+0000] {processor.py:157} INFO - Started process (PID=2524) to work on /home/airflow/.local/lib/python3.8/site-packages/airflow/example_dags/example_setup_teardown.py
[2023-11-15T04:19:03.572+0000] {processor.py:829} INFO - Processing file /home/airflow/.local/lib/python3.8/site-packages/airflow/example_dags/example_setup_teardown.py for tasks to queue
[2023-11-15T04:19:03.576+0000] {logging_mixin.py:151} INFO - [2023-11-15T04:19:03.575+0000] {dagbag.py:536} INFO - Filling up the DagBag from /home/airflow/.local/lib/python3.8/site-packages/airflow/example_dags/example_setup_teardown.py
[2023-11-15T04:19:03.585+0000] {processor.py:839} INFO - DAG(s) dict_keys(['example_setup_teardown']) retrieved from /home/airflow/.local/lib/python3.8/site-packages/airflow/example_dags/example_setup_teardown.py
[2023-11-15T04:19:03.622+0000] {logging_mixin.py:151} INFO - [2023-11-15T04:19:03.621+0000] {dag.py:2941} INFO - Sync 1 DAGs
[2023-11-15T04:19:03.667+0000] {logging_mixin.py:151} INFO - [2023-11-15T04:19:03.666+0000] {dag.py:3722} INFO - Setting next_dagrun for example_setup_teardown to 2023-11-14T04:19:03.666480+00:00, run_after=2023-11-15T04:19:03.666480+00:00
[2023-11-15T04:19:03.705+0000] {processor.py:179} INFO - Processing /home/airflow/.local/lib/python3.8/site-packages/airflow/example_dags/example_setup_teardown.py took 0.139 seconds
[2023-11-15T04:19:34.220+0000] {processor.py:157} INFO - Started process (PID=2584) to work on /home/airflow/.local/lib/python3.8/site-packages/airflow/example_dags/example_setup_teardown.py
[2023-11-15T04:19:34.222+0000] {processor.py:829} INFO - Processing file /home/airflow/.local/lib/python3.8/site-packages/airflow/example_dags/example_setup_teardown.py for tasks to queue
[2023-11-15T04:19:34.224+0000] {logging_mixin.py:151} INFO - [2023-11-15T04:19:34.224+0000] {dagbag.py:536} INFO - Filling up the DagBag from /home/airflow/.local/lib/python3.8/site-packages/airflow/example_dags/example_setup_teardown.py
[2023-11-15T04:19:34.232+0000] {processor.py:839} INFO - DAG(s) dict_keys(['example_setup_teardown']) retrieved from /home/airflow/.local/lib/python3.8/site-packages/airflow/example_dags/example_setup_teardown.py
[2023-11-15T04:19:34.256+0000] {logging_mixin.py:151} INFO - [2023-11-15T04:19:34.256+0000] {dag.py:2941} INFO - Sync 1 DAGs
[2023-11-15T04:19:34.281+0000] {logging_mixin.py:151} INFO - [2023-11-15T04:19:34.281+0000] {dag.py:3722} INFO - Setting next_dagrun for example_setup_teardown to 2023-11-14T04:19:34.281217+00:00, run_after=2023-11-15T04:19:34.281217+00:00
[2023-11-15T04:19:34.304+0000] {processor.py:179} INFO - Processing /home/airflow/.local/lib/python3.8/site-packages/airflow/example_dags/example_setup_teardown.py took 0.087 seconds
[2023-11-15T04:20:04.602+0000] {processor.py:157} INFO - Started process (PID=2644) to work on /home/airflow/.local/lib/python3.8/site-packages/airflow/example_dags/example_setup_teardown.py
[2023-11-15T04:20:04.603+0000] {processor.py:829} INFO - Processing file /home/airflow/.local/lib/python3.8/site-packages/airflow/example_dags/example_setup_teardown.py for tasks to queue
[2023-11-15T04:20:04.605+0000] {logging_mixin.py:151} INFO - [2023-11-15T04:20:04.605+0000] {dagbag.py:536} INFO - Filling up the DagBag from /home/airflow/.local/lib/python3.8/site-packages/airflow/example_dags/example_setup_teardown.py
[2023-11-15T04:20:04.613+0000] {processor.py:839} INFO - DAG(s) dict_keys(['example_setup_teardown']) retrieved from /home/airflow/.local/lib/python3.8/site-packages/airflow/example_dags/example_setup_teardown.py
[2023-11-15T04:20:04.642+0000] {logging_mixin.py:151} INFO - [2023-11-15T04:20:04.641+0000] {dag.py:2941} INFO - Sync 1 DAGs
[2023-11-15T04:20:04.676+0000] {logging_mixin.py:151} INFO - [2023-11-15T04:20:04.676+0000] {dag.py:3722} INFO - Setting next_dagrun for example_setup_teardown to 2023-11-14T04:20:04.676249+00:00, run_after=2023-11-15T04:20:04.676249+00:00
[2023-11-15T04:20:04.699+0000] {processor.py:179} INFO - Processing /home/airflow/.local/lib/python3.8/site-packages/airflow/example_dags/example_setup_teardown.py took 0.101 seconds
[2023-11-15T04:20:35.263+0000] {processor.py:157} INFO - Started process (PID=2704) to work on /home/airflow/.local/lib/python3.8/site-packages/airflow/example_dags/example_setup_teardown.py
[2023-11-15T04:20:35.264+0000] {processor.py:829} INFO - Processing file /home/airflow/.local/lib/python3.8/site-packages/airflow/example_dags/example_setup_teardown.py for tasks to queue
[2023-11-15T04:20:35.266+0000] {logging_mixin.py:151} INFO - [2023-11-15T04:20:35.266+0000] {dagbag.py:536} INFO - Filling up the DagBag from /home/airflow/.local/lib/python3.8/site-packages/airflow/example_dags/example_setup_teardown.py
[2023-11-15T04:20:35.275+0000] {processor.py:839} INFO - DAG(s) dict_keys(['example_setup_teardown']) retrieved from /home/airflow/.local/lib/python3.8/site-packages/airflow/example_dags/example_setup_teardown.py
[2023-11-15T04:20:35.300+0000] {logging_mixin.py:151} INFO - [2023-11-15T04:20:35.300+0000] {dag.py:2941} INFO - Sync 1 DAGs
[2023-11-15T04:20:35.327+0000] {logging_mixin.py:151} INFO - [2023-11-15T04:20:35.327+0000] {dag.py:3722} INFO - Setting next_dagrun for example_setup_teardown to 2023-11-14T04:20:35.326974+00:00, run_after=2023-11-15T04:20:35.326974+00:00
[2023-11-15T04:20:35.351+0000] {processor.py:179} INFO - Processing /home/airflow/.local/lib/python3.8/site-packages/airflow/example_dags/example_setup_teardown.py took 0.093 seconds
[2023-11-15T04:21:05.410+0000] {processor.py:157} INFO - Started process (PID=2767) to work on /home/airflow/.local/lib/python3.8/site-packages/airflow/example_dags/example_setup_teardown.py
[2023-11-15T04:21:05.413+0000] {processor.py:829} INFO - Processing file /home/airflow/.local/lib/python3.8/site-packages/airflow/example_dags/example_setup_teardown.py for tasks to queue
[2023-11-15T04:21:05.415+0000] {logging_mixin.py:151} INFO - [2023-11-15T04:21:05.415+0000] {dagbag.py:536} INFO - Filling up the DagBag from /home/airflow/.local/lib/python3.8/site-packages/airflow/example_dags/example_setup_teardown.py
[2023-11-15T04:21:05.423+0000] {processor.py:839} INFO - DAG(s) dict_keys(['example_setup_teardown']) retrieved from /home/airflow/.local/lib/python3.8/site-packages/airflow/example_dags/example_setup_teardown.py
[2023-11-15T04:21:05.448+0000] {logging_mixin.py:151} INFO - [2023-11-15T04:21:05.447+0000] {dag.py:2941} INFO - Sync 1 DAGs
[2023-11-15T04:21:05.476+0000] {logging_mixin.py:151} INFO - [2023-11-15T04:21:05.475+0000] {dag.py:3722} INFO - Setting next_dagrun for example_setup_teardown to 2023-11-14T04:21:05.474945+00:00, run_after=2023-11-15T04:21:05.474945+00:00
[2023-11-15T04:21:05.500+0000] {processor.py:179} INFO - Processing /home/airflow/.local/lib/python3.8/site-packages/airflow/example_dags/example_setup_teardown.py took 0.096 seconds
[2023-11-15T04:21:36.037+0000] {processor.py:157} INFO - Started process (PID=2828) to work on /home/airflow/.local/lib/python3.8/site-packages/airflow/example_dags/example_setup_teardown.py
[2023-11-15T04:21:36.038+0000] {processor.py:829} INFO - Processing file /home/airflow/.local/lib/python3.8/site-packages/airflow/example_dags/example_setup_teardown.py for tasks to queue
[2023-11-15T04:21:36.042+0000] {logging_mixin.py:151} INFO - [2023-11-15T04:21:36.041+0000] {dagbag.py:536} INFO - Filling up the DagBag from /home/airflow/.local/lib/python3.8/site-packages/airflow/example_dags/example_setup_teardown.py
[2023-11-15T04:21:36.050+0000] {processor.py:839} INFO - DAG(s) dict_keys(['example_setup_teardown']) retrieved from /home/airflow/.local/lib/python3.8/site-packages/airflow/example_dags/example_setup_teardown.py
[2023-11-15T04:21:36.080+0000] {logging_mixin.py:151} INFO - [2023-11-15T04:21:36.080+0000] {dag.py:2941} INFO - Sync 1 DAGs
[2023-11-15T04:21:36.107+0000] {logging_mixin.py:151} INFO - [2023-11-15T04:21:36.107+0000] {dag.py:3722} INFO - Setting next_dagrun for example_setup_teardown to 2023-11-14T04:21:36.106932+00:00, run_after=2023-11-15T04:21:36.106932+00:00
[2023-11-15T04:21:36.139+0000] {processor.py:179} INFO - Processing /home/airflow/.local/lib/python3.8/site-packages/airflow/example_dags/example_setup_teardown.py took 0.108 seconds
[2023-11-15T04:22:06.651+0000] {processor.py:157} INFO - Started process (PID=2889) to work on /home/airflow/.local/lib/python3.8/site-packages/airflow/example_dags/example_setup_teardown.py
[2023-11-15T04:22:06.653+0000] {processor.py:829} INFO - Processing file /home/airflow/.local/lib/python3.8/site-packages/airflow/example_dags/example_setup_teardown.py for tasks to queue
[2023-11-15T04:22:06.656+0000] {logging_mixin.py:151} INFO - [2023-11-15T04:22:06.656+0000] {dagbag.py:536} INFO - Filling up the DagBag from /home/airflow/.local/lib/python3.8/site-packages/airflow/example_dags/example_setup_teardown.py
[2023-11-15T04:22:06.664+0000] {processor.py:839} INFO - DAG(s) dict_keys(['example_setup_teardown']) retrieved from /home/airflow/.local/lib/python3.8/site-packages/airflow/example_dags/example_setup_teardown.py
[2023-11-15T04:22:06.690+0000] {logging_mixin.py:151} INFO - [2023-11-15T04:22:06.690+0000] {dag.py:2941} INFO - Sync 1 DAGs
[2023-11-15T04:22:06.717+0000] {logging_mixin.py:151} INFO - [2023-11-15T04:22:06.716+0000] {dag.py:3722} INFO - Setting next_dagrun for example_setup_teardown to 2023-11-14T04:22:06.716527+00:00, run_after=2023-11-15T04:22:06.716527+00:00
[2023-11-15T04:22:06.740+0000] {processor.py:179} INFO - Processing /home/airflow/.local/lib/python3.8/site-packages/airflow/example_dags/example_setup_teardown.py took 0.094 seconds
[2023-11-15T04:22:36.854+0000] {processor.py:157} INFO - Started process (PID=2948) to work on /home/airflow/.local/lib/python3.8/site-packages/airflow/example_dags/example_setup_teardown.py
[2023-11-15T04:22:36.855+0000] {processor.py:829} INFO - Processing file /home/airflow/.local/lib/python3.8/site-packages/airflow/example_dags/example_setup_teardown.py for tasks to queue
[2023-11-15T04:22:36.859+0000] {logging_mixin.py:151} INFO - [2023-11-15T04:22:36.858+0000] {dagbag.py:536} INFO - Filling up the DagBag from /home/airflow/.local/lib/python3.8/site-packages/airflow/example_dags/example_setup_teardown.py
[2023-11-15T04:22:36.869+0000] {processor.py:839} INFO - DAG(s) dict_keys(['example_setup_teardown']) retrieved from /home/airflow/.local/lib/python3.8/site-packages/airflow/example_dags/example_setup_teardown.py
[2023-11-15T04:22:36.894+0000] {logging_mixin.py:151} INFO - [2023-11-15T04:22:36.894+0000] {dag.py:2941} INFO - Sync 1 DAGs
[2023-11-15T04:22:36.926+0000] {logging_mixin.py:151} INFO - [2023-11-15T04:22:36.926+0000] {dag.py:3722} INFO - Setting next_dagrun for example_setup_teardown to 2023-11-14T04:22:36.926021+00:00, run_after=2023-11-15T04:22:36.926021+00:00
[2023-11-15T04:22:36.951+0000] {processor.py:179} INFO - Processing /home/airflow/.local/lib/python3.8/site-packages/airflow/example_dags/example_setup_teardown.py took 0.103 seconds
[2023-11-15T04:23:07.124+0000] {processor.py:157} INFO - Started process (PID=3007) to work on /home/airflow/.local/lib/python3.8/site-packages/airflow/example_dags/example_setup_teardown.py
[2023-11-15T04:23:07.125+0000] {processor.py:829} INFO - Processing file /home/airflow/.local/lib/python3.8/site-packages/airflow/example_dags/example_setup_teardown.py for tasks to queue
[2023-11-15T04:23:07.127+0000] {logging_mixin.py:151} INFO - [2023-11-15T04:23:07.127+0000] {dagbag.py:536} INFO - Filling up the DagBag from /home/airflow/.local/lib/python3.8/site-packages/airflow/example_dags/example_setup_teardown.py
[2023-11-15T04:23:07.136+0000] {processor.py:839} INFO - DAG(s) dict_keys(['example_setup_teardown']) retrieved from /home/airflow/.local/lib/python3.8/site-packages/airflow/example_dags/example_setup_teardown.py
[2023-11-15T04:23:07.160+0000] {logging_mixin.py:151} INFO - [2023-11-15T04:23:07.160+0000] {dag.py:2941} INFO - Sync 1 DAGs
[2023-11-15T04:23:07.186+0000] {logging_mixin.py:151} INFO - [2023-11-15T04:23:07.186+0000] {dag.py:3722} INFO - Setting next_dagrun for example_setup_teardown to 2023-11-14T04:23:07.185897+00:00, run_after=2023-11-15T04:23:07.185897+00:00
[2023-11-15T04:23:07.208+0000] {processor.py:179} INFO - Processing /home/airflow/.local/lib/python3.8/site-packages/airflow/example_dags/example_setup_teardown.py took 0.091 seconds
[2023-11-15T04:23:38.304+0000] {processor.py:157} INFO - Started process (PID=3068) to work on /home/airflow/.local/lib/python3.8/site-packages/airflow/example_dags/example_setup_teardown.py
[2023-11-15T04:23:38.305+0000] {processor.py:829} INFO - Processing file /home/airflow/.local/lib/python3.8/site-packages/airflow/example_dags/example_setup_teardown.py for tasks to queue
[2023-11-15T04:23:38.308+0000] {logging_mixin.py:151} INFO - [2023-11-15T04:23:38.307+0000] {dagbag.py:536} INFO - Filling up the DagBag from /home/airflow/.local/lib/python3.8/site-packages/airflow/example_dags/example_setup_teardown.py
[2023-11-15T04:23:38.315+0000] {processor.py:839} INFO - DAG(s) dict_keys(['example_setup_teardown']) retrieved from /home/airflow/.local/lib/python3.8/site-packages/airflow/example_dags/example_setup_teardown.py
[2023-11-15T04:23:38.339+0000] {logging_mixin.py:151} INFO - [2023-11-15T04:23:38.339+0000] {dag.py:2941} INFO - Sync 1 DAGs
[2023-11-15T04:23:38.366+0000] {logging_mixin.py:151} INFO - [2023-11-15T04:23:38.365+0000] {dag.py:3722} INFO - Setting next_dagrun for example_setup_teardown to 2023-11-14T04:23:38.365679+00:00, run_after=2023-11-15T04:23:38.365679+00:00
[2023-11-15T04:23:38.389+0000] {processor.py:179} INFO - Processing /home/airflow/.local/lib/python3.8/site-packages/airflow/example_dags/example_setup_teardown.py took 0.089 seconds
[2023-11-15T04:24:09.428+0000] {processor.py:157} INFO - Started process (PID=3126) to work on /home/airflow/.local/lib/python3.8/site-packages/airflow/example_dags/example_setup_teardown.py
[2023-11-15T04:24:09.429+0000] {processor.py:829} INFO - Processing file /home/airflow/.local/lib/python3.8/site-packages/airflow/example_dags/example_setup_teardown.py for tasks to queue
[2023-11-15T04:24:09.432+0000] {logging_mixin.py:151} INFO - [2023-11-15T04:24:09.431+0000] {dagbag.py:536} INFO - Filling up the DagBag from /home/airflow/.local/lib/python3.8/site-packages/airflow/example_dags/example_setup_teardown.py
[2023-11-15T04:24:09.439+0000] {processor.py:839} INFO - DAG(s) dict_keys(['example_setup_teardown']) retrieved from /home/airflow/.local/lib/python3.8/site-packages/airflow/example_dags/example_setup_teardown.py
[2023-11-15T04:24:09.466+0000] {logging_mixin.py:151} INFO - [2023-11-15T04:24:09.466+0000] {dag.py:2941} INFO - Sync 1 DAGs
[2023-11-15T04:24:09.493+0000] {logging_mixin.py:151} INFO - [2023-11-15T04:24:09.492+0000] {dag.py:3722} INFO - Setting next_dagrun for example_setup_teardown to 2023-11-14T04:24:09.492732+00:00, run_after=2023-11-15T04:24:09.492732+00:00
[2023-11-15T04:24:09.516+0000] {processor.py:179} INFO - Processing /home/airflow/.local/lib/python3.8/site-packages/airflow/example_dags/example_setup_teardown.py took 0.092 seconds
[2023-11-15T04:24:40.796+0000] {processor.py:157} INFO - Started process (PID=3184) to work on /home/airflow/.local/lib/python3.8/site-packages/airflow/example_dags/example_setup_teardown.py
[2023-11-15T04:24:40.797+0000] {processor.py:829} INFO - Processing file /home/airflow/.local/lib/python3.8/site-packages/airflow/example_dags/example_setup_teardown.py for tasks to queue
[2023-11-15T04:24:40.801+0000] {logging_mixin.py:151} INFO - [2023-11-15T04:24:40.801+0000] {dagbag.py:536} INFO - Filling up the DagBag from /home/airflow/.local/lib/python3.8/site-packages/airflow/example_dags/example_setup_teardown.py
[2023-11-15T04:24:40.813+0000] {processor.py:839} INFO - DAG(s) dict_keys(['example_setup_teardown']) retrieved from /home/airflow/.local/lib/python3.8/site-packages/airflow/example_dags/example_setup_teardown.py
[2023-11-15T04:24:40.844+0000] {logging_mixin.py:151} INFO - [2023-11-15T04:24:40.843+0000] {dag.py:2941} INFO - Sync 1 DAGs
[2023-11-15T04:24:40.882+0000] {logging_mixin.py:151} INFO - [2023-11-15T04:24:40.882+0000] {dag.py:3722} INFO - Setting next_dagrun for example_setup_teardown to 2023-11-14T04:24:40.882271+00:00, run_after=2023-11-15T04:24:40.882271+00:00
[2023-11-15T04:24:40.915+0000] {processor.py:179} INFO - Processing /home/airflow/.local/lib/python3.8/site-packages/airflow/example_dags/example_setup_teardown.py took 0.123 seconds
[2023-11-15T04:25:11.148+0000] {processor.py:157} INFO - Started process (PID=3242) to work on /home/airflow/.local/lib/python3.8/site-packages/airflow/example_dags/example_setup_teardown.py
[2023-11-15T04:25:11.149+0000] {processor.py:829} INFO - Processing file /home/airflow/.local/lib/python3.8/site-packages/airflow/example_dags/example_setup_teardown.py for tasks to queue
[2023-11-15T04:25:11.151+0000] {logging_mixin.py:151} INFO - [2023-11-15T04:25:11.151+0000] {dagbag.py:536} INFO - Filling up the DagBag from /home/airflow/.local/lib/python3.8/site-packages/airflow/example_dags/example_setup_teardown.py
[2023-11-15T04:25:11.159+0000] {processor.py:839} INFO - DAG(s) dict_keys(['example_setup_teardown']) retrieved from /home/airflow/.local/lib/python3.8/site-packages/airflow/example_dags/example_setup_teardown.py
[2023-11-15T04:25:11.183+0000] {logging_mixin.py:151} INFO - [2023-11-15T04:25:11.183+0000] {dag.py:2941} INFO - Sync 1 DAGs
[2023-11-15T04:25:11.208+0000] {logging_mixin.py:151} INFO - [2023-11-15T04:25:11.208+0000] {dag.py:3722} INFO - Setting next_dagrun for example_setup_teardown to 2023-11-14T04:25:11.208416+00:00, run_after=2023-11-15T04:25:11.208416+00:00
[2023-11-15T04:25:11.233+0000] {processor.py:179} INFO - Processing /home/airflow/.local/lib/python3.8/site-packages/airflow/example_dags/example_setup_teardown.py took 0.089 seconds
[2023-11-15T04:25:41.559+0000] {processor.py:157} INFO - Started process (PID=3302) to work on /home/airflow/.local/lib/python3.8/site-packages/airflow/example_dags/example_setup_teardown.py
[2023-11-15T04:25:41.560+0000] {processor.py:829} INFO - Processing file /home/airflow/.local/lib/python3.8/site-packages/airflow/example_dags/example_setup_teardown.py for tasks to queue
[2023-11-15T04:25:41.563+0000] {logging_mixin.py:151} INFO - [2023-11-15T04:25:41.563+0000] {dagbag.py:536} INFO - Filling up the DagBag from /home/airflow/.local/lib/python3.8/site-packages/airflow/example_dags/example_setup_teardown.py
[2023-11-15T04:25:41.571+0000] {processor.py:839} INFO - DAG(s) dict_keys(['example_setup_teardown']) retrieved from /home/airflow/.local/lib/python3.8/site-packages/airflow/example_dags/example_setup_teardown.py
[2023-11-15T04:25:41.597+0000] {logging_mixin.py:151} INFO - [2023-11-15T04:25:41.596+0000] {dag.py:2941} INFO - Sync 1 DAGs
[2023-11-15T04:25:41.624+0000] {logging_mixin.py:151} INFO - [2023-11-15T04:25:41.623+0000] {dag.py:3722} INFO - Setting next_dagrun for example_setup_teardown to 2023-11-14T04:25:41.623462+00:00, run_after=2023-11-15T04:25:41.623462+00:00
[2023-11-15T04:25:41.648+0000] {processor.py:179} INFO - Processing /home/airflow/.local/lib/python3.8/site-packages/airflow/example_dags/example_setup_teardown.py took 0.093 seconds
[2023-11-15T04:26:11.685+0000] {processor.py:157} INFO - Started process (PID=3359) to work on /home/airflow/.local/lib/python3.8/site-packages/airflow/example_dags/example_setup_teardown.py
[2023-11-15T04:26:11.685+0000] {processor.py:829} INFO - Processing file /home/airflow/.local/lib/python3.8/site-packages/airflow/example_dags/example_setup_teardown.py for tasks to queue
[2023-11-15T04:26:11.688+0000] {logging_mixin.py:151} INFO - [2023-11-15T04:26:11.688+0000] {dagbag.py:536} INFO - Filling up the DagBag from /home/airflow/.local/lib/python3.8/site-packages/airflow/example_dags/example_setup_teardown.py
[2023-11-15T04:26:11.696+0000] {processor.py:839} INFO - DAG(s) dict_keys(['example_setup_teardown']) retrieved from /home/airflow/.local/lib/python3.8/site-packages/airflow/example_dags/example_setup_teardown.py
[2023-11-15T04:26:11.735+0000] {logging_mixin.py:151} INFO - [2023-11-15T04:26:11.734+0000] {dag.py:2941} INFO - Sync 1 DAGs
[2023-11-15T04:26:11.795+0000] {logging_mixin.py:151} INFO - [2023-11-15T04:26:11.795+0000] {dag.py:3722} INFO - Setting next_dagrun for example_setup_teardown to 2023-11-14T04:26:11.794341+00:00, run_after=2023-11-15T04:26:11.794341+00:00
[2023-11-15T04:26:11.823+0000] {processor.py:179} INFO - Processing /home/airflow/.local/lib/python3.8/site-packages/airflow/example_dags/example_setup_teardown.py took 0.143 seconds
[2023-11-15T04:26:41.897+0000] {processor.py:157} INFO - Started process (PID=3417) to work on /home/airflow/.local/lib/python3.8/site-packages/airflow/example_dags/example_setup_teardown.py
[2023-11-15T04:26:41.899+0000] {processor.py:829} INFO - Processing file /home/airflow/.local/lib/python3.8/site-packages/airflow/example_dags/example_setup_teardown.py for tasks to queue
[2023-11-15T04:26:41.903+0000] {logging_mixin.py:151} INFO - [2023-11-15T04:26:41.902+0000] {dagbag.py:536} INFO - Filling up the DagBag from /home/airflow/.local/lib/python3.8/site-packages/airflow/example_dags/example_setup_teardown.py
[2023-11-15T04:26:41.911+0000] {processor.py:839} INFO - DAG(s) dict_keys(['example_setup_teardown']) retrieved from /home/airflow/.local/lib/python3.8/site-packages/airflow/example_dags/example_setup_teardown.py
[2023-11-15T04:26:41.939+0000] {logging_mixin.py:151} INFO - [2023-11-15T04:26:41.939+0000] {dag.py:2941} INFO - Sync 1 DAGs
[2023-11-15T04:26:41.977+0000] {logging_mixin.py:151} INFO - [2023-11-15T04:26:41.977+0000] {dag.py:3722} INFO - Setting next_dagrun for example_setup_teardown to 2023-11-14T04:26:41.977459+00:00, run_after=2023-11-15T04:26:41.977459+00:00
[2023-11-15T04:26:42.012+0000] {processor.py:179} INFO - Processing /home/airflow/.local/lib/python3.8/site-packages/airflow/example_dags/example_setup_teardown.py took 0.120 seconds
