[2023-11-15T03:11:00.995+0000] {processor.py:157} INFO - Started process (PID=52) to work on /home/airflow/.local/lib/python3.8/site-packages/airflow/example_dags/example_setup_teardown_taskflow.py
[2023-11-15T03:11:00.997+0000] {processor.py:829} INFO - Processing file /home/airflow/.local/lib/python3.8/site-packages/airflow/example_dags/example_setup_teardown_taskflow.py for tasks to queue
[2023-11-15T03:11:01.000+0000] {logging_mixin.py:151} INFO - [2023-11-15T03:11:01.000+0000] {dagbag.py:536} INFO - Filling up the DagBag from /home/airflow/.local/lib/python3.8/site-packages/airflow/example_dags/example_setup_teardown_taskflow.py
[2023-11-15T03:11:01.019+0000] {processor.py:839} INFO - DAG(s) dict_keys(['example_setup_teardown_taskflow']) retrieved from /home/airflow/.local/lib/python3.8/site-packages/airflow/example_dags/example_setup_teardown_taskflow.py
[2023-11-15T03:11:01.068+0000] {logging_mixin.py:151} INFO - [2023-11-15T03:11:01.067+0000] {dag.py:2941} INFO - Sync 1 DAGs
[2023-11-15T03:11:01.121+0000] {logging_mixin.py:151} INFO - [2023-11-15T03:11:01.121+0000] {dag.py:3722} INFO - Setting next_dagrun for example_setup_teardown_taskflow to 2023-11-14T03:11:01.120399+00:00, run_after=2023-11-15T03:11:01.120399+00:00
[2023-11-15T03:11:01.158+0000] {processor.py:179} INFO - Processing /home/airflow/.local/lib/python3.8/site-packages/airflow/example_dags/example_setup_teardown_taskflow.py took 0.169 seconds
[2023-11-15T03:57:35.255+0000] {processor.py:157} INFO - Started process (PID=54) to work on /home/airflow/.local/lib/python3.8/site-packages/airflow/example_dags/example_setup_teardown_taskflow.py
[2023-11-15T03:57:35.258+0000] {processor.py:829} INFO - Processing file /home/airflow/.local/lib/python3.8/site-packages/airflow/example_dags/example_setup_teardown_taskflow.py for tasks to queue
[2023-11-15T03:57:35.263+0000] {logging_mixin.py:151} INFO - [2023-11-15T03:57:35.262+0000] {dagbag.py:536} INFO - Filling up the DagBag from /home/airflow/.local/lib/python3.8/site-packages/airflow/example_dags/example_setup_teardown_taskflow.py
[2023-11-15T03:57:35.287+0000] {processor.py:839} INFO - DAG(s) dict_keys(['example_setup_teardown_taskflow']) retrieved from /home/airflow/.local/lib/python3.8/site-packages/airflow/example_dags/example_setup_teardown_taskflow.py
[2023-11-15T03:57:35.330+0000] {logging_mixin.py:151} INFO - [2023-11-15T03:57:35.330+0000] {dag.py:2941} INFO - Sync 1 DAGs
[2023-11-15T03:57:35.366+0000] {logging_mixin.py:151} INFO - [2023-11-15T03:57:35.366+0000] {dag.py:3722} INFO - Setting next_dagrun for example_setup_teardown_taskflow to 2023-11-14T03:57:35.365710+00:00, run_after=2023-11-15T03:57:35.365710+00:00
[2023-11-15T03:57:35.393+0000] {processor.py:179} INFO - Processing /home/airflow/.local/lib/python3.8/site-packages/airflow/example_dags/example_setup_teardown_taskflow.py took 0.143 seconds
[2023-11-15T03:58:05.729+0000] {processor.py:157} INFO - Started process (PID=112) to work on /home/airflow/.local/lib/python3.8/site-packages/airflow/example_dags/example_setup_teardown_taskflow.py
[2023-11-15T03:58:05.730+0000] {processor.py:829} INFO - Processing file /home/airflow/.local/lib/python3.8/site-packages/airflow/example_dags/example_setup_teardown_taskflow.py for tasks to queue
[2023-11-15T03:58:05.733+0000] {logging_mixin.py:151} INFO - [2023-11-15T03:58:05.732+0000] {dagbag.py:536} INFO - Filling up the DagBag from /home/airflow/.local/lib/python3.8/site-packages/airflow/example_dags/example_setup_teardown_taskflow.py
[2023-11-15T03:58:05.743+0000] {processor.py:839} INFO - DAG(s) dict_keys(['example_setup_teardown_taskflow']) retrieved from /home/airflow/.local/lib/python3.8/site-packages/airflow/example_dags/example_setup_teardown_taskflow.py
[2023-11-15T03:58:05.772+0000] {logging_mixin.py:151} INFO - [2023-11-15T03:58:05.772+0000] {dag.py:2941} INFO - Sync 1 DAGs
[2023-11-15T03:58:05.804+0000] {logging_mixin.py:151} INFO - [2023-11-15T03:58:05.804+0000] {dag.py:3722} INFO - Setting next_dagrun for example_setup_teardown_taskflow to 2023-11-14T03:58:05.803917+00:00, run_after=2023-11-15T03:58:05.803917+00:00
[2023-11-15T03:58:05.831+0000] {processor.py:179} INFO - Processing /home/airflow/.local/lib/python3.8/site-packages/airflow/example_dags/example_setup_teardown_taskflow.py took 0.106 seconds
[2023-11-15T03:58:36.096+0000] {processor.py:157} INFO - Started process (PID=170) to work on /home/airflow/.local/lib/python3.8/site-packages/airflow/example_dags/example_setup_teardown_taskflow.py
[2023-11-15T03:58:36.097+0000] {processor.py:829} INFO - Processing file /home/airflow/.local/lib/python3.8/site-packages/airflow/example_dags/example_setup_teardown_taskflow.py for tasks to queue
[2023-11-15T03:58:36.099+0000] {logging_mixin.py:151} INFO - [2023-11-15T03:58:36.099+0000] {dagbag.py:536} INFO - Filling up the DagBag from /home/airflow/.local/lib/python3.8/site-packages/airflow/example_dags/example_setup_teardown_taskflow.py
[2023-11-15T03:58:36.110+0000] {processor.py:839} INFO - DAG(s) dict_keys(['example_setup_teardown_taskflow']) retrieved from /home/airflow/.local/lib/python3.8/site-packages/airflow/example_dags/example_setup_teardown_taskflow.py
[2023-11-15T03:58:36.136+0000] {logging_mixin.py:151} INFO - [2023-11-15T03:58:36.136+0000] {dag.py:2941} INFO - Sync 1 DAGs
[2023-11-15T03:58:36.162+0000] {logging_mixin.py:151} INFO - [2023-11-15T03:58:36.161+0000] {dag.py:3722} INFO - Setting next_dagrun for example_setup_teardown_taskflow to 2023-11-14T03:58:36.161539+00:00, run_after=2023-11-15T03:58:36.161539+00:00
[2023-11-15T03:58:36.188+0000] {processor.py:179} INFO - Processing /home/airflow/.local/lib/python3.8/site-packages/airflow/example_dags/example_setup_teardown_taskflow.py took 0.096 seconds
[2023-11-15T03:59:07.078+0000] {processor.py:157} INFO - Started process (PID=232) to work on /home/airflow/.local/lib/python3.8/site-packages/airflow/example_dags/example_setup_teardown_taskflow.py
[2023-11-15T03:59:07.080+0000] {processor.py:829} INFO - Processing file /home/airflow/.local/lib/python3.8/site-packages/airflow/example_dags/example_setup_teardown_taskflow.py for tasks to queue
[2023-11-15T03:59:07.083+0000] {logging_mixin.py:151} INFO - [2023-11-15T03:59:07.082+0000] {dagbag.py:536} INFO - Filling up the DagBag from /home/airflow/.local/lib/python3.8/site-packages/airflow/example_dags/example_setup_teardown_taskflow.py
[2023-11-15T03:59:07.093+0000] {processor.py:839} INFO - DAG(s) dict_keys(['example_setup_teardown_taskflow']) retrieved from /home/airflow/.local/lib/python3.8/site-packages/airflow/example_dags/example_setup_teardown_taskflow.py
[2023-11-15T03:59:07.119+0000] {logging_mixin.py:151} INFO - [2023-11-15T03:59:07.119+0000] {dag.py:2941} INFO - Sync 1 DAGs
[2023-11-15T03:59:07.149+0000] {logging_mixin.py:151} INFO - [2023-11-15T03:59:07.149+0000] {dag.py:3722} INFO - Setting next_dagrun for example_setup_teardown_taskflow to 2023-11-14T03:59:07.149013+00:00, run_after=2023-11-15T03:59:07.149013+00:00
[2023-11-15T03:59:07.179+0000] {processor.py:179} INFO - Processing /home/airflow/.local/lib/python3.8/site-packages/airflow/example_dags/example_setup_teardown_taskflow.py took 0.104 seconds
[2023-11-15T03:59:38.248+0000] {processor.py:157} INFO - Started process (PID=290) to work on /home/airflow/.local/lib/python3.8/site-packages/airflow/example_dags/example_setup_teardown_taskflow.py
[2023-11-15T03:59:38.250+0000] {processor.py:829} INFO - Processing file /home/airflow/.local/lib/python3.8/site-packages/airflow/example_dags/example_setup_teardown_taskflow.py for tasks to queue
[2023-11-15T03:59:38.253+0000] {logging_mixin.py:151} INFO - [2023-11-15T03:59:38.252+0000] {dagbag.py:536} INFO - Filling up the DagBag from /home/airflow/.local/lib/python3.8/site-packages/airflow/example_dags/example_setup_teardown_taskflow.py
[2023-11-15T03:59:38.264+0000] {processor.py:839} INFO - DAG(s) dict_keys(['example_setup_teardown_taskflow']) retrieved from /home/airflow/.local/lib/python3.8/site-packages/airflow/example_dags/example_setup_teardown_taskflow.py
[2023-11-15T03:59:38.289+0000] {logging_mixin.py:151} INFO - [2023-11-15T03:59:38.288+0000] {dag.py:2941} INFO - Sync 1 DAGs
[2023-11-15T03:59:38.314+0000] {logging_mixin.py:151} INFO - [2023-11-15T03:59:38.313+0000] {dag.py:3722} INFO - Setting next_dagrun for example_setup_teardown_taskflow to 2023-11-14T03:59:38.313682+00:00, run_after=2023-11-15T03:59:38.313682+00:00
[2023-11-15T03:59:38.343+0000] {processor.py:179} INFO - Processing /home/airflow/.local/lib/python3.8/site-packages/airflow/example_dags/example_setup_teardown_taskflow.py took 0.099 seconds
[2023-11-15T04:00:09.243+0000] {processor.py:157} INFO - Started process (PID=348) to work on /home/airflow/.local/lib/python3.8/site-packages/airflow/example_dags/example_setup_teardown_taskflow.py
[2023-11-15T04:00:09.245+0000] {processor.py:829} INFO - Processing file /home/airflow/.local/lib/python3.8/site-packages/airflow/example_dags/example_setup_teardown_taskflow.py for tasks to queue
[2023-11-15T04:00:09.247+0000] {logging_mixin.py:151} INFO - [2023-11-15T04:00:09.247+0000] {dagbag.py:536} INFO - Filling up the DagBag from /home/airflow/.local/lib/python3.8/site-packages/airflow/example_dags/example_setup_teardown_taskflow.py
[2023-11-15T04:00:09.259+0000] {processor.py:839} INFO - DAG(s) dict_keys(['example_setup_teardown_taskflow']) retrieved from /home/airflow/.local/lib/python3.8/site-packages/airflow/example_dags/example_setup_teardown_taskflow.py
[2023-11-15T04:00:09.286+0000] {logging_mixin.py:151} INFO - [2023-11-15T04:00:09.286+0000] {dag.py:2941} INFO - Sync 1 DAGs
[2023-11-15T04:00:09.313+0000] {logging_mixin.py:151} INFO - [2023-11-15T04:00:09.312+0000] {dag.py:3722} INFO - Setting next_dagrun for example_setup_teardown_taskflow to 2023-11-14T04:00:09.312502+00:00, run_after=2023-11-15T04:00:09.312502+00:00
[2023-11-15T04:00:09.336+0000] {processor.py:179} INFO - Processing /home/airflow/.local/lib/python3.8/site-packages/airflow/example_dags/example_setup_teardown_taskflow.py took 0.097 seconds
[2023-11-15T04:00:39.995+0000] {processor.py:157} INFO - Started process (PID=407) to work on /home/airflow/.local/lib/python3.8/site-packages/airflow/example_dags/example_setup_teardown_taskflow.py
[2023-11-15T04:00:39.996+0000] {processor.py:829} INFO - Processing file /home/airflow/.local/lib/python3.8/site-packages/airflow/example_dags/example_setup_teardown_taskflow.py for tasks to queue
[2023-11-15T04:00:39.998+0000] {logging_mixin.py:151} INFO - [2023-11-15T04:00:39.998+0000] {dagbag.py:536} INFO - Filling up the DagBag from /home/airflow/.local/lib/python3.8/site-packages/airflow/example_dags/example_setup_teardown_taskflow.py
[2023-11-15T04:00:40.011+0000] {processor.py:839} INFO - DAG(s) dict_keys(['example_setup_teardown_taskflow']) retrieved from /home/airflow/.local/lib/python3.8/site-packages/airflow/example_dags/example_setup_teardown_taskflow.py
[2023-11-15T04:00:40.039+0000] {logging_mixin.py:151} INFO - [2023-11-15T04:00:40.038+0000] {dag.py:2941} INFO - Sync 1 DAGs
[2023-11-15T04:00:40.066+0000] {logging_mixin.py:151} INFO - [2023-11-15T04:00:40.065+0000] {dag.py:3722} INFO - Setting next_dagrun for example_setup_teardown_taskflow to 2023-11-14T04:00:40.065547+00:00, run_after=2023-11-15T04:00:40.065547+00:00
[2023-11-15T04:00:40.090+0000] {processor.py:179} INFO - Processing /home/airflow/.local/lib/python3.8/site-packages/airflow/example_dags/example_setup_teardown_taskflow.py took 0.100 seconds
[2023-11-15T04:01:10.691+0000] {processor.py:157} INFO - Started process (PID=465) to work on /home/airflow/.local/lib/python3.8/site-packages/airflow/example_dags/example_setup_teardown_taskflow.py
[2023-11-15T04:01:10.692+0000] {processor.py:829} INFO - Processing file /home/airflow/.local/lib/python3.8/site-packages/airflow/example_dags/example_setup_teardown_taskflow.py for tasks to queue
[2023-11-15T04:01:10.695+0000] {logging_mixin.py:151} INFO - [2023-11-15T04:01:10.694+0000] {dagbag.py:536} INFO - Filling up the DagBag from /home/airflow/.local/lib/python3.8/site-packages/airflow/example_dags/example_setup_teardown_taskflow.py
[2023-11-15T04:01:10.706+0000] {processor.py:839} INFO - DAG(s) dict_keys(['example_setup_teardown_taskflow']) retrieved from /home/airflow/.local/lib/python3.8/site-packages/airflow/example_dags/example_setup_teardown_taskflow.py
[2023-11-15T04:01:10.734+0000] {logging_mixin.py:151} INFO - [2023-11-15T04:01:10.734+0000] {dag.py:2941} INFO - Sync 1 DAGs
[2023-11-15T04:01:10.764+0000] {logging_mixin.py:151} INFO - [2023-11-15T04:01:10.763+0000] {dag.py:3722} INFO - Setting next_dagrun for example_setup_teardown_taskflow to 2023-11-14T04:01:10.763376+00:00, run_after=2023-11-15T04:01:10.763376+00:00
[2023-11-15T04:01:10.787+0000] {processor.py:179} INFO - Processing /home/airflow/.local/lib/python3.8/site-packages/airflow/example_dags/example_setup_teardown_taskflow.py took 0.100 seconds
[2023-11-15T04:01:42.041+0000] {processor.py:157} INFO - Started process (PID=523) to work on /home/airflow/.local/lib/python3.8/site-packages/airflow/example_dags/example_setup_teardown_taskflow.py
[2023-11-15T04:01:42.042+0000] {processor.py:829} INFO - Processing file /home/airflow/.local/lib/python3.8/site-packages/airflow/example_dags/example_setup_teardown_taskflow.py for tasks to queue
[2023-11-15T04:01:42.044+0000] {logging_mixin.py:151} INFO - [2023-11-15T04:01:42.044+0000] {dagbag.py:536} INFO - Filling up the DagBag from /home/airflow/.local/lib/python3.8/site-packages/airflow/example_dags/example_setup_teardown_taskflow.py
[2023-11-15T04:01:42.055+0000] {processor.py:839} INFO - DAG(s) dict_keys(['example_setup_teardown_taskflow']) retrieved from /home/airflow/.local/lib/python3.8/site-packages/airflow/example_dags/example_setup_teardown_taskflow.py
[2023-11-15T04:01:42.082+0000] {logging_mixin.py:151} INFO - [2023-11-15T04:01:42.082+0000] {dag.py:2941} INFO - Sync 1 DAGs
[2023-11-15T04:01:42.112+0000] {logging_mixin.py:151} INFO - [2023-11-15T04:01:42.111+0000] {dag.py:3722} INFO - Setting next_dagrun for example_setup_teardown_taskflow to 2023-11-14T04:01:42.111434+00:00, run_after=2023-11-15T04:01:42.111434+00:00
[2023-11-15T04:01:42.136+0000] {processor.py:179} INFO - Processing /home/airflow/.local/lib/python3.8/site-packages/airflow/example_dags/example_setup_teardown_taskflow.py took 0.100 seconds
[2023-11-15T04:02:12.791+0000] {processor.py:157} INFO - Started process (PID=586) to work on /home/airflow/.local/lib/python3.8/site-packages/airflow/example_dags/example_setup_teardown_taskflow.py
[2023-11-15T04:02:12.793+0000] {processor.py:829} INFO - Processing file /home/airflow/.local/lib/python3.8/site-packages/airflow/example_dags/example_setup_teardown_taskflow.py for tasks to queue
[2023-11-15T04:02:12.795+0000] {logging_mixin.py:151} INFO - [2023-11-15T04:02:12.795+0000] {dagbag.py:536} INFO - Filling up the DagBag from /home/airflow/.local/lib/python3.8/site-packages/airflow/example_dags/example_setup_teardown_taskflow.py
[2023-11-15T04:02:12.807+0000] {processor.py:839} INFO - DAG(s) dict_keys(['example_setup_teardown_taskflow']) retrieved from /home/airflow/.local/lib/python3.8/site-packages/airflow/example_dags/example_setup_teardown_taskflow.py
[2023-11-15T04:02:12.835+0000] {logging_mixin.py:151} INFO - [2023-11-15T04:02:12.835+0000] {dag.py:2941} INFO - Sync 1 DAGs
[2023-11-15T04:02:12.869+0000] {logging_mixin.py:151} INFO - [2023-11-15T04:02:12.868+0000] {dag.py:3722} INFO - Setting next_dagrun for example_setup_teardown_taskflow to 2023-11-14T04:02:12.868715+00:00, run_after=2023-11-15T04:02:12.868715+00:00
[2023-11-15T04:02:12.896+0000] {processor.py:179} INFO - Processing /home/airflow/.local/lib/python3.8/site-packages/airflow/example_dags/example_setup_teardown_taskflow.py took 0.109 seconds
[2023-11-15T04:02:43.713+0000] {processor.py:157} INFO - Started process (PID=646) to work on /home/airflow/.local/lib/python3.8/site-packages/airflow/example_dags/example_setup_teardown_taskflow.py
[2023-11-15T04:02:43.715+0000] {processor.py:829} INFO - Processing file /home/airflow/.local/lib/python3.8/site-packages/airflow/example_dags/example_setup_teardown_taskflow.py for tasks to queue
[2023-11-15T04:02:43.717+0000] {logging_mixin.py:151} INFO - [2023-11-15T04:02:43.717+0000] {dagbag.py:536} INFO - Filling up the DagBag from /home/airflow/.local/lib/python3.8/site-packages/airflow/example_dags/example_setup_teardown_taskflow.py
[2023-11-15T04:02:43.729+0000] {processor.py:839} INFO - DAG(s) dict_keys(['example_setup_teardown_taskflow']) retrieved from /home/airflow/.local/lib/python3.8/site-packages/airflow/example_dags/example_setup_teardown_taskflow.py
[2023-11-15T04:02:43.759+0000] {logging_mixin.py:151} INFO - [2023-11-15T04:02:43.759+0000] {dag.py:2941} INFO - Sync 1 DAGs
[2023-11-15T04:02:43.792+0000] {logging_mixin.py:151} INFO - [2023-11-15T04:02:43.791+0000] {dag.py:3722} INFO - Setting next_dagrun for example_setup_teardown_taskflow to 2023-11-14T04:02:43.791467+00:00, run_after=2023-11-15T04:02:43.791467+00:00
[2023-11-15T04:02:43.820+0000] {processor.py:179} INFO - Processing /home/airflow/.local/lib/python3.8/site-packages/airflow/example_dags/example_setup_teardown_taskflow.py took 0.111 seconds
[2023-11-15T04:03:14.074+0000] {processor.py:157} INFO - Started process (PID=704) to work on /home/airflow/.local/lib/python3.8/site-packages/airflow/example_dags/example_setup_teardown_taskflow.py
[2023-11-15T04:03:14.076+0000] {processor.py:829} INFO - Processing file /home/airflow/.local/lib/python3.8/site-packages/airflow/example_dags/example_setup_teardown_taskflow.py for tasks to queue
[2023-11-15T04:03:14.079+0000] {logging_mixin.py:151} INFO - [2023-11-15T04:03:14.079+0000] {dagbag.py:536} INFO - Filling up the DagBag from /home/airflow/.local/lib/python3.8/site-packages/airflow/example_dags/example_setup_teardown_taskflow.py
[2023-11-15T04:03:14.097+0000] {processor.py:839} INFO - DAG(s) dict_keys(['example_setup_teardown_taskflow']) retrieved from /home/airflow/.local/lib/python3.8/site-packages/airflow/example_dags/example_setup_teardown_taskflow.py
[2023-11-15T04:03:14.128+0000] {logging_mixin.py:151} INFO - [2023-11-15T04:03:14.128+0000] {dag.py:2941} INFO - Sync 1 DAGs
[2023-11-15T04:03:14.158+0000] {logging_mixin.py:151} INFO - [2023-11-15T04:03:14.158+0000] {dag.py:3722} INFO - Setting next_dagrun for example_setup_teardown_taskflow to 2023-11-14T04:03:14.157725+00:00, run_after=2023-11-15T04:03:14.157725+00:00
[2023-11-15T04:03:14.195+0000] {processor.py:179} INFO - Processing /home/airflow/.local/lib/python3.8/site-packages/airflow/example_dags/example_setup_teardown_taskflow.py took 0.126 seconds
[2023-11-15T04:03:44.465+0000] {processor.py:157} INFO - Started process (PID=761) to work on /home/airflow/.local/lib/python3.8/site-packages/airflow/example_dags/example_setup_teardown_taskflow.py
[2023-11-15T04:03:44.466+0000] {processor.py:829} INFO - Processing file /home/airflow/.local/lib/python3.8/site-packages/airflow/example_dags/example_setup_teardown_taskflow.py for tasks to queue
[2023-11-15T04:03:44.468+0000] {logging_mixin.py:151} INFO - [2023-11-15T04:03:44.468+0000] {dagbag.py:536} INFO - Filling up the DagBag from /home/airflow/.local/lib/python3.8/site-packages/airflow/example_dags/example_setup_teardown_taskflow.py
[2023-11-15T04:03:44.483+0000] {processor.py:839} INFO - DAG(s) dict_keys(['example_setup_teardown_taskflow']) retrieved from /home/airflow/.local/lib/python3.8/site-packages/airflow/example_dags/example_setup_teardown_taskflow.py
[2023-11-15T04:03:44.562+0000] {logging_mixin.py:151} INFO - [2023-11-15T04:03:44.562+0000] {dag.py:2941} INFO - Sync 1 DAGs
[2023-11-15T04:03:44.647+0000] {logging_mixin.py:151} INFO - [2023-11-15T04:03:44.646+0000] {dag.py:3722} INFO - Setting next_dagrun for example_setup_teardown_taskflow to 2023-11-14T04:03:44.646418+00:00, run_after=2023-11-15T04:03:44.646418+00:00
[2023-11-15T04:03:44.697+0000] {processor.py:179} INFO - Processing /home/airflow/.local/lib/python3.8/site-packages/airflow/example_dags/example_setup_teardown_taskflow.py took 0.236 seconds
[2023-11-15T04:04:15.303+0000] {processor.py:157} INFO - Started process (PID=820) to work on /home/airflow/.local/lib/python3.8/site-packages/airflow/example_dags/example_setup_teardown_taskflow.py
[2023-11-15T04:04:15.304+0000] {processor.py:829} INFO - Processing file /home/airflow/.local/lib/python3.8/site-packages/airflow/example_dags/example_setup_teardown_taskflow.py for tasks to queue
[2023-11-15T04:04:15.306+0000] {logging_mixin.py:151} INFO - [2023-11-15T04:04:15.306+0000] {dagbag.py:536} INFO - Filling up the DagBag from /home/airflow/.local/lib/python3.8/site-packages/airflow/example_dags/example_setup_teardown_taskflow.py
[2023-11-15T04:04:15.317+0000] {processor.py:839} INFO - DAG(s) dict_keys(['example_setup_teardown_taskflow']) retrieved from /home/airflow/.local/lib/python3.8/site-packages/airflow/example_dags/example_setup_teardown_taskflow.py
[2023-11-15T04:04:15.343+0000] {logging_mixin.py:151} INFO - [2023-11-15T04:04:15.343+0000] {dag.py:2941} INFO - Sync 1 DAGs
[2023-11-15T04:04:15.371+0000] {logging_mixin.py:151} INFO - [2023-11-15T04:04:15.370+0000] {dag.py:3722} INFO - Setting next_dagrun for example_setup_teardown_taskflow to 2023-11-14T04:04:15.370694+00:00, run_after=2023-11-15T04:04:15.370694+00:00
[2023-11-15T04:04:15.395+0000] {processor.py:179} INFO - Processing /home/airflow/.local/lib/python3.8/site-packages/airflow/example_dags/example_setup_teardown_taskflow.py took 0.097 seconds
[2023-11-15T04:04:45.741+0000] {processor.py:157} INFO - Started process (PID=878) to work on /home/airflow/.local/lib/python3.8/site-packages/airflow/example_dags/example_setup_teardown_taskflow.py
[2023-11-15T04:04:45.742+0000] {processor.py:829} INFO - Processing file /home/airflow/.local/lib/python3.8/site-packages/airflow/example_dags/example_setup_teardown_taskflow.py for tasks to queue
[2023-11-15T04:04:45.745+0000] {logging_mixin.py:151} INFO - [2023-11-15T04:04:45.744+0000] {dagbag.py:536} INFO - Filling up the DagBag from /home/airflow/.local/lib/python3.8/site-packages/airflow/example_dags/example_setup_teardown_taskflow.py
[2023-11-15T04:04:45.757+0000] {processor.py:839} INFO - DAG(s) dict_keys(['example_setup_teardown_taskflow']) retrieved from /home/airflow/.local/lib/python3.8/site-packages/airflow/example_dags/example_setup_teardown_taskflow.py
[2023-11-15T04:04:45.786+0000] {logging_mixin.py:151} INFO - [2023-11-15T04:04:45.785+0000] {dag.py:2941} INFO - Sync 1 DAGs
[2023-11-15T04:04:45.819+0000] {logging_mixin.py:151} INFO - [2023-11-15T04:04:45.819+0000] {dag.py:3722} INFO - Setting next_dagrun for example_setup_teardown_taskflow to 2023-11-14T04:04:45.818943+00:00, run_after=2023-11-15T04:04:45.818943+00:00
[2023-11-15T04:04:45.842+0000] {processor.py:179} INFO - Processing /home/airflow/.local/lib/python3.8/site-packages/airflow/example_dags/example_setup_teardown_taskflow.py took 0.105 seconds
[2023-11-15T04:05:16.842+0000] {processor.py:157} INFO - Started process (PID=944) to work on /home/airflow/.local/lib/python3.8/site-packages/airflow/example_dags/example_setup_teardown_taskflow.py
[2023-11-15T04:05:16.843+0000] {processor.py:829} INFO - Processing file /home/airflow/.local/lib/python3.8/site-packages/airflow/example_dags/example_setup_teardown_taskflow.py for tasks to queue
[2023-11-15T04:05:16.846+0000] {logging_mixin.py:151} INFO - [2023-11-15T04:05:16.845+0000] {dagbag.py:536} INFO - Filling up the DagBag from /home/airflow/.local/lib/python3.8/site-packages/airflow/example_dags/example_setup_teardown_taskflow.py
[2023-11-15T04:05:16.858+0000] {processor.py:839} INFO - DAG(s) dict_keys(['example_setup_teardown_taskflow']) retrieved from /home/airflow/.local/lib/python3.8/site-packages/airflow/example_dags/example_setup_teardown_taskflow.py
[2023-11-15T04:05:16.889+0000] {logging_mixin.py:151} INFO - [2023-11-15T04:05:16.888+0000] {dag.py:2941} INFO - Sync 1 DAGs
[2023-11-15T04:05:16.920+0000] {logging_mixin.py:151} INFO - [2023-11-15T04:05:16.920+0000] {dag.py:3722} INFO - Setting next_dagrun for example_setup_teardown_taskflow to 2023-11-14T04:05:16.919975+00:00, run_after=2023-11-15T04:05:16.919975+00:00
[2023-11-15T04:05:16.945+0000] {processor.py:179} INFO - Processing /home/airflow/.local/lib/python3.8/site-packages/airflow/example_dags/example_setup_teardown_taskflow.py took 0.108 seconds
[2023-11-15T04:05:47.049+0000] {processor.py:157} INFO - Started process (PID=1003) to work on /home/airflow/.local/lib/python3.8/site-packages/airflow/example_dags/example_setup_teardown_taskflow.py
[2023-11-15T04:05:47.050+0000] {processor.py:829} INFO - Processing file /home/airflow/.local/lib/python3.8/site-packages/airflow/example_dags/example_setup_teardown_taskflow.py for tasks to queue
[2023-11-15T04:05:47.052+0000] {logging_mixin.py:151} INFO - [2023-11-15T04:05:47.052+0000] {dagbag.py:536} INFO - Filling up the DagBag from /home/airflow/.local/lib/python3.8/site-packages/airflow/example_dags/example_setup_teardown_taskflow.py
[2023-11-15T04:05:47.064+0000] {processor.py:839} INFO - DAG(s) dict_keys(['example_setup_teardown_taskflow']) retrieved from /home/airflow/.local/lib/python3.8/site-packages/airflow/example_dags/example_setup_teardown_taskflow.py
[2023-11-15T04:05:47.091+0000] {logging_mixin.py:151} INFO - [2023-11-15T04:05:47.091+0000] {dag.py:2941} INFO - Sync 1 DAGs
[2023-11-15T04:05:47.120+0000] {logging_mixin.py:151} INFO - [2023-11-15T04:05:47.119+0000] {dag.py:3722} INFO - Setting next_dagrun for example_setup_teardown_taskflow to 2023-11-14T04:05:47.119713+00:00, run_after=2023-11-15T04:05:47.119713+00:00
[2023-11-15T04:05:47.145+0000] {processor.py:179} INFO - Processing /home/airflow/.local/lib/python3.8/site-packages/airflow/example_dags/example_setup_teardown_taskflow.py took 0.101 seconds
[2023-11-15T04:06:17.807+0000] {processor.py:157} INFO - Started process (PID=1062) to work on /home/airflow/.local/lib/python3.8/site-packages/airflow/example_dags/example_setup_teardown_taskflow.py
[2023-11-15T04:06:17.808+0000] {processor.py:829} INFO - Processing file /home/airflow/.local/lib/python3.8/site-packages/airflow/example_dags/example_setup_teardown_taskflow.py for tasks to queue
[2023-11-15T04:06:17.811+0000] {logging_mixin.py:151} INFO - [2023-11-15T04:06:17.811+0000] {dagbag.py:536} INFO - Filling up the DagBag from /home/airflow/.local/lib/python3.8/site-packages/airflow/example_dags/example_setup_teardown_taskflow.py
[2023-11-15T04:06:17.823+0000] {processor.py:839} INFO - DAG(s) dict_keys(['example_setup_teardown_taskflow']) retrieved from /home/airflow/.local/lib/python3.8/site-packages/airflow/example_dags/example_setup_teardown_taskflow.py
[2023-11-15T04:06:17.853+0000] {logging_mixin.py:151} INFO - [2023-11-15T04:06:17.853+0000] {dag.py:2941} INFO - Sync 1 DAGs
[2023-11-15T04:06:17.883+0000] {logging_mixin.py:151} INFO - [2023-11-15T04:06:17.882+0000] {dag.py:3722} INFO - Setting next_dagrun for example_setup_teardown_taskflow to 2023-11-14T04:06:17.882606+00:00, run_after=2023-11-15T04:06:17.882606+00:00
[2023-11-15T04:06:17.910+0000] {processor.py:179} INFO - Processing /home/airflow/.local/lib/python3.8/site-packages/airflow/example_dags/example_setup_teardown_taskflow.py took 0.107 seconds
[2023-11-15T04:06:48.302+0000] {processor.py:157} INFO - Started process (PID=1120) to work on /home/airflow/.local/lib/python3.8/site-packages/airflow/example_dags/example_setup_teardown_taskflow.py
[2023-11-15T04:06:48.303+0000] {processor.py:829} INFO - Processing file /home/airflow/.local/lib/python3.8/site-packages/airflow/example_dags/example_setup_teardown_taskflow.py for tasks to queue
[2023-11-15T04:06:48.306+0000] {logging_mixin.py:151} INFO - [2023-11-15T04:06:48.306+0000] {dagbag.py:536} INFO - Filling up the DagBag from /home/airflow/.local/lib/python3.8/site-packages/airflow/example_dags/example_setup_teardown_taskflow.py
[2023-11-15T04:06:48.320+0000] {processor.py:839} INFO - DAG(s) dict_keys(['example_setup_teardown_taskflow']) retrieved from /home/airflow/.local/lib/python3.8/site-packages/airflow/example_dags/example_setup_teardown_taskflow.py
[2023-11-15T04:06:48.349+0000] {logging_mixin.py:151} INFO - [2023-11-15T04:06:48.349+0000] {dag.py:2941} INFO - Sync 1 DAGs
[2023-11-15T04:06:48.378+0000] {logging_mixin.py:151} INFO - [2023-11-15T04:06:48.378+0000] {dag.py:3722} INFO - Setting next_dagrun for example_setup_teardown_taskflow to 2023-11-14T04:06:48.378196+00:00, run_after=2023-11-15T04:06:48.378196+00:00
[2023-11-15T04:06:48.403+0000] {processor.py:179} INFO - Processing /home/airflow/.local/lib/python3.8/site-packages/airflow/example_dags/example_setup_teardown_taskflow.py took 0.105 seconds
[2023-11-15T04:07:19.045+0000] {processor.py:157} INFO - Started process (PID=1179) to work on /home/airflow/.local/lib/python3.8/site-packages/airflow/example_dags/example_setup_teardown_taskflow.py
[2023-11-15T04:07:19.047+0000] {processor.py:829} INFO - Processing file /home/airflow/.local/lib/python3.8/site-packages/airflow/example_dags/example_setup_teardown_taskflow.py for tasks to queue
[2023-11-15T04:07:19.049+0000] {logging_mixin.py:151} INFO - [2023-11-15T04:07:19.049+0000] {dagbag.py:536} INFO - Filling up the DagBag from /home/airflow/.local/lib/python3.8/site-packages/airflow/example_dags/example_setup_teardown_taskflow.py
[2023-11-15T04:07:19.064+0000] {processor.py:839} INFO - DAG(s) dict_keys(['example_setup_teardown_taskflow']) retrieved from /home/airflow/.local/lib/python3.8/site-packages/airflow/example_dags/example_setup_teardown_taskflow.py
[2023-11-15T04:07:19.100+0000] {logging_mixin.py:151} INFO - [2023-11-15T04:07:19.099+0000] {dag.py:2941} INFO - Sync 1 DAGs
[2023-11-15T04:07:19.143+0000] {logging_mixin.py:151} INFO - [2023-11-15T04:07:19.143+0000] {dag.py:3722} INFO - Setting next_dagrun for example_setup_teardown_taskflow to 2023-11-14T04:07:19.142861+00:00, run_after=2023-11-15T04:07:19.142861+00:00
[2023-11-15T04:07:19.182+0000] {processor.py:179} INFO - Processing /home/airflow/.local/lib/python3.8/site-packages/airflow/example_dags/example_setup_teardown_taskflow.py took 0.142 seconds
[2023-11-15T04:07:49.568+0000] {processor.py:157} INFO - Started process (PID=1236) to work on /home/airflow/.local/lib/python3.8/site-packages/airflow/example_dags/example_setup_teardown_taskflow.py
[2023-11-15T04:07:49.570+0000] {processor.py:829} INFO - Processing file /home/airflow/.local/lib/python3.8/site-packages/airflow/example_dags/example_setup_teardown_taskflow.py for tasks to queue
[2023-11-15T04:07:49.572+0000] {logging_mixin.py:151} INFO - [2023-11-15T04:07:49.572+0000] {dagbag.py:536} INFO - Filling up the DagBag from /home/airflow/.local/lib/python3.8/site-packages/airflow/example_dags/example_setup_teardown_taskflow.py
[2023-11-15T04:07:49.583+0000] {processor.py:839} INFO - DAG(s) dict_keys(['example_setup_teardown_taskflow']) retrieved from /home/airflow/.local/lib/python3.8/site-packages/airflow/example_dags/example_setup_teardown_taskflow.py
[2023-11-15T04:07:49.609+0000] {logging_mixin.py:151} INFO - [2023-11-15T04:07:49.609+0000] {dag.py:2941} INFO - Sync 1 DAGs
[2023-11-15T04:07:49.636+0000] {logging_mixin.py:151} INFO - [2023-11-15T04:07:49.635+0000] {dag.py:3722} INFO - Setting next_dagrun for example_setup_teardown_taskflow to 2023-11-14T04:07:49.635453+00:00, run_after=2023-11-15T04:07:49.635453+00:00
[2023-11-15T04:07:49.659+0000] {processor.py:179} INFO - Processing /home/airflow/.local/lib/python3.8/site-packages/airflow/example_dags/example_setup_teardown_taskflow.py took 0.095 seconds
[2023-11-15T04:08:20.821+0000] {processor.py:157} INFO - Started process (PID=1294) to work on /home/airflow/.local/lib/python3.8/site-packages/airflow/example_dags/example_setup_teardown_taskflow.py
[2023-11-15T04:08:20.823+0000] {processor.py:829} INFO - Processing file /home/airflow/.local/lib/python3.8/site-packages/airflow/example_dags/example_setup_teardown_taskflow.py for tasks to queue
[2023-11-15T04:08:20.826+0000] {logging_mixin.py:151} INFO - [2023-11-15T04:08:20.826+0000] {dagbag.py:536} INFO - Filling up the DagBag from /home/airflow/.local/lib/python3.8/site-packages/airflow/example_dags/example_setup_teardown_taskflow.py
[2023-11-15T04:08:20.839+0000] {processor.py:839} INFO - DAG(s) dict_keys(['example_setup_teardown_taskflow']) retrieved from /home/airflow/.local/lib/python3.8/site-packages/airflow/example_dags/example_setup_teardown_taskflow.py
[2023-11-15T04:08:20.867+0000] {logging_mixin.py:151} INFO - [2023-11-15T04:08:20.867+0000] {dag.py:2941} INFO - Sync 1 DAGs
[2023-11-15T04:08:20.897+0000] {logging_mixin.py:151} INFO - [2023-11-15T04:08:20.897+0000] {dag.py:3722} INFO - Setting next_dagrun for example_setup_teardown_taskflow to 2023-11-14T04:08:20.896989+00:00, run_after=2023-11-15T04:08:20.896989+00:00
[2023-11-15T04:08:20.926+0000] {processor.py:179} INFO - Processing /home/airflow/.local/lib/python3.8/site-packages/airflow/example_dags/example_setup_teardown_taskflow.py took 0.110 seconds
[2023-11-15T04:08:51.067+0000] {processor.py:157} INFO - Started process (PID=1350) to work on /home/airflow/.local/lib/python3.8/site-packages/airflow/example_dags/example_setup_teardown_taskflow.py
[2023-11-15T04:08:51.069+0000] {processor.py:829} INFO - Processing file /home/airflow/.local/lib/python3.8/site-packages/airflow/example_dags/example_setup_teardown_taskflow.py for tasks to queue
[2023-11-15T04:08:51.072+0000] {logging_mixin.py:151} INFO - [2023-11-15T04:08:51.071+0000] {dagbag.py:536} INFO - Filling up the DagBag from /home/airflow/.local/lib/python3.8/site-packages/airflow/example_dags/example_setup_teardown_taskflow.py
[2023-11-15T04:08:51.089+0000] {processor.py:839} INFO - DAG(s) dict_keys(['example_setup_teardown_taskflow']) retrieved from /home/airflow/.local/lib/python3.8/site-packages/airflow/example_dags/example_setup_teardown_taskflow.py
[2023-11-15T04:08:51.122+0000] {logging_mixin.py:151} INFO - [2023-11-15T04:08:51.122+0000] {dag.py:2941} INFO - Sync 1 DAGs
[2023-11-15T04:08:51.154+0000] {logging_mixin.py:151} INFO - [2023-11-15T04:08:51.154+0000] {dag.py:3722} INFO - Setting next_dagrun for example_setup_teardown_taskflow to 2023-11-14T04:08:51.154173+00:00, run_after=2023-11-15T04:08:51.154173+00:00
[2023-11-15T04:08:51.180+0000] {processor.py:179} INFO - Processing /home/airflow/.local/lib/python3.8/site-packages/airflow/example_dags/example_setup_teardown_taskflow.py took 0.117 seconds
[2023-11-15T04:09:21.608+0000] {processor.py:157} INFO - Started process (PID=1407) to work on /home/airflow/.local/lib/python3.8/site-packages/airflow/example_dags/example_setup_teardown_taskflow.py
[2023-11-15T04:09:21.609+0000] {processor.py:829} INFO - Processing file /home/airflow/.local/lib/python3.8/site-packages/airflow/example_dags/example_setup_teardown_taskflow.py for tasks to queue
[2023-11-15T04:09:21.612+0000] {logging_mixin.py:151} INFO - [2023-11-15T04:09:21.611+0000] {dagbag.py:536} INFO - Filling up the DagBag from /home/airflow/.local/lib/python3.8/site-packages/airflow/example_dags/example_setup_teardown_taskflow.py
[2023-11-15T04:09:21.628+0000] {processor.py:839} INFO - DAG(s) dict_keys(['example_setup_teardown_taskflow']) retrieved from /home/airflow/.local/lib/python3.8/site-packages/airflow/example_dags/example_setup_teardown_taskflow.py
[2023-11-15T04:09:21.655+0000] {logging_mixin.py:151} INFO - [2023-11-15T04:09:21.654+0000] {dag.py:2941} INFO - Sync 1 DAGs
[2023-11-15T04:09:21.681+0000] {logging_mixin.py:151} INFO - [2023-11-15T04:09:21.680+0000] {dag.py:3722} INFO - Setting next_dagrun for example_setup_teardown_taskflow to 2023-11-14T04:09:21.680720+00:00, run_after=2023-11-15T04:09:21.680720+00:00
[2023-11-15T04:09:21.704+0000] {processor.py:179} INFO - Processing /home/airflow/.local/lib/python3.8/site-packages/airflow/example_dags/example_setup_teardown_taskflow.py took 0.099 seconds
[2023-11-15T04:09:51.945+0000] {processor.py:157} INFO - Started process (PID=1464) to work on /home/airflow/.local/lib/python3.8/site-packages/airflow/example_dags/example_setup_teardown_taskflow.py
[2023-11-15T04:09:51.947+0000] {processor.py:829} INFO - Processing file /home/airflow/.local/lib/python3.8/site-packages/airflow/example_dags/example_setup_teardown_taskflow.py for tasks to queue
[2023-11-15T04:09:51.951+0000] {logging_mixin.py:151} INFO - [2023-11-15T04:09:51.950+0000] {dagbag.py:536} INFO - Filling up the DagBag from /home/airflow/.local/lib/python3.8/site-packages/airflow/example_dags/example_setup_teardown_taskflow.py
[2023-11-15T04:09:51.966+0000] {processor.py:839} INFO - DAG(s) dict_keys(['example_setup_teardown_taskflow']) retrieved from /home/airflow/.local/lib/python3.8/site-packages/airflow/example_dags/example_setup_teardown_taskflow.py
[2023-11-15T04:09:52.021+0000] {logging_mixin.py:151} INFO - [2023-11-15T04:09:52.021+0000] {dag.py:2941} INFO - Sync 1 DAGs
[2023-11-15T04:09:52.058+0000] {logging_mixin.py:151} INFO - [2023-11-15T04:09:52.058+0000] {dag.py:3722} INFO - Setting next_dagrun for example_setup_teardown_taskflow to 2023-11-14T04:09:52.057910+00:00, run_after=2023-11-15T04:09:52.057910+00:00
[2023-11-15T04:09:52.083+0000] {processor.py:179} INFO - Processing /home/airflow/.local/lib/python3.8/site-packages/airflow/example_dags/example_setup_teardown_taskflow.py took 0.144 seconds
[2023-11-15T04:10:22.486+0000] {processor.py:157} INFO - Started process (PID=1521) to work on /home/airflow/.local/lib/python3.8/site-packages/airflow/example_dags/example_setup_teardown_taskflow.py
[2023-11-15T04:10:22.487+0000] {processor.py:829} INFO - Processing file /home/airflow/.local/lib/python3.8/site-packages/airflow/example_dags/example_setup_teardown_taskflow.py for tasks to queue
[2023-11-15T04:10:22.490+0000] {logging_mixin.py:151} INFO - [2023-11-15T04:10:22.490+0000] {dagbag.py:536} INFO - Filling up the DagBag from /home/airflow/.local/lib/python3.8/site-packages/airflow/example_dags/example_setup_teardown_taskflow.py
[2023-11-15T04:10:22.511+0000] {processor.py:839} INFO - DAG(s) dict_keys(['example_setup_teardown_taskflow']) retrieved from /home/airflow/.local/lib/python3.8/site-packages/airflow/example_dags/example_setup_teardown_taskflow.py
[2023-11-15T04:10:22.544+0000] {logging_mixin.py:151} INFO - [2023-11-15T04:10:22.543+0000] {dag.py:2941} INFO - Sync 1 DAGs
[2023-11-15T04:10:22.570+0000] {logging_mixin.py:151} INFO - [2023-11-15T04:10:22.569+0000] {dag.py:3722} INFO - Setting next_dagrun for example_setup_teardown_taskflow to 2023-11-14T04:10:22.569574+00:00, run_after=2023-11-15T04:10:22.569574+00:00
[2023-11-15T04:10:22.592+0000] {processor.py:179} INFO - Processing /home/airflow/.local/lib/python3.8/site-packages/airflow/example_dags/example_setup_teardown_taskflow.py took 0.112 seconds
[2023-11-15T04:10:53.277+0000] {processor.py:157} INFO - Started process (PID=1579) to work on /home/airflow/.local/lib/python3.8/site-packages/airflow/example_dags/example_setup_teardown_taskflow.py
[2023-11-15T04:10:53.278+0000] {processor.py:829} INFO - Processing file /home/airflow/.local/lib/python3.8/site-packages/airflow/example_dags/example_setup_teardown_taskflow.py for tasks to queue
[2023-11-15T04:10:53.281+0000] {logging_mixin.py:151} INFO - [2023-11-15T04:10:53.280+0000] {dagbag.py:536} INFO - Filling up the DagBag from /home/airflow/.local/lib/python3.8/site-packages/airflow/example_dags/example_setup_teardown_taskflow.py
[2023-11-15T04:10:53.292+0000] {processor.py:839} INFO - DAG(s) dict_keys(['example_setup_teardown_taskflow']) retrieved from /home/airflow/.local/lib/python3.8/site-packages/airflow/example_dags/example_setup_teardown_taskflow.py
[2023-11-15T04:10:53.320+0000] {logging_mixin.py:151} INFO - [2023-11-15T04:10:53.320+0000] {dag.py:2941} INFO - Sync 1 DAGs
[2023-11-15T04:10:53.347+0000] {logging_mixin.py:151} INFO - [2023-11-15T04:10:53.346+0000] {dag.py:3722} INFO - Setting next_dagrun for example_setup_teardown_taskflow to 2023-11-14T04:10:53.346711+00:00, run_after=2023-11-15T04:10:53.346711+00:00
[2023-11-15T04:10:53.370+0000] {processor.py:179} INFO - Processing /home/airflow/.local/lib/python3.8/site-packages/airflow/example_dags/example_setup_teardown_taskflow.py took 0.097 seconds
[2023-11-15T04:11:23.493+0000] {processor.py:157} INFO - Started process (PID=1640) to work on /home/airflow/.local/lib/python3.8/site-packages/airflow/example_dags/example_setup_teardown_taskflow.py
[2023-11-15T04:11:23.494+0000] {processor.py:829} INFO - Processing file /home/airflow/.local/lib/python3.8/site-packages/airflow/example_dags/example_setup_teardown_taskflow.py for tasks to queue
[2023-11-15T04:11:23.497+0000] {logging_mixin.py:151} INFO - [2023-11-15T04:11:23.496+0000] {dagbag.py:536} INFO - Filling up the DagBag from /home/airflow/.local/lib/python3.8/site-packages/airflow/example_dags/example_setup_teardown_taskflow.py
[2023-11-15T04:11:23.514+0000] {processor.py:839} INFO - DAG(s) dict_keys(['example_setup_teardown_taskflow']) retrieved from /home/airflow/.local/lib/python3.8/site-packages/airflow/example_dags/example_setup_teardown_taskflow.py
[2023-11-15T04:11:23.545+0000] {logging_mixin.py:151} INFO - [2023-11-15T04:11:23.545+0000] {dag.py:2941} INFO - Sync 1 DAGs
[2023-11-15T04:11:23.575+0000] {logging_mixin.py:151} INFO - [2023-11-15T04:11:23.575+0000] {dag.py:3722} INFO - Setting next_dagrun for example_setup_teardown_taskflow to 2023-11-14T04:11:23.574745+00:00, run_after=2023-11-15T04:11:23.574745+00:00
[2023-11-15T04:11:23.598+0000] {processor.py:179} INFO - Processing /home/airflow/.local/lib/python3.8/site-packages/airflow/example_dags/example_setup_teardown_taskflow.py took 0.111 seconds
[2023-11-15T04:11:53.711+0000] {processor.py:157} INFO - Started process (PID=1700) to work on /home/airflow/.local/lib/python3.8/site-packages/airflow/example_dags/example_setup_teardown_taskflow.py
[2023-11-15T04:11:53.712+0000] {processor.py:829} INFO - Processing file /home/airflow/.local/lib/python3.8/site-packages/airflow/example_dags/example_setup_teardown_taskflow.py for tasks to queue
[2023-11-15T04:11:53.715+0000] {logging_mixin.py:151} INFO - [2023-11-15T04:11:53.714+0000] {dagbag.py:536} INFO - Filling up the DagBag from /home/airflow/.local/lib/python3.8/site-packages/airflow/example_dags/example_setup_teardown_taskflow.py
[2023-11-15T04:11:53.727+0000] {processor.py:839} INFO - DAG(s) dict_keys(['example_setup_teardown_taskflow']) retrieved from /home/airflow/.local/lib/python3.8/site-packages/airflow/example_dags/example_setup_teardown_taskflow.py
[2023-11-15T04:11:53.755+0000] {logging_mixin.py:151} INFO - [2023-11-15T04:11:53.754+0000] {dag.py:2941} INFO - Sync 1 DAGs
[2023-11-15T04:11:53.781+0000] {logging_mixin.py:151} INFO - [2023-11-15T04:11:53.781+0000] {dag.py:3722} INFO - Setting next_dagrun for example_setup_teardown_taskflow to 2023-11-14T04:11:53.781231+00:00, run_after=2023-11-15T04:11:53.781231+00:00
[2023-11-15T04:11:53.812+0000] {processor.py:179} INFO - Processing /home/airflow/.local/lib/python3.8/site-packages/airflow/example_dags/example_setup_teardown_taskflow.py took 0.105 seconds
[2023-11-15T04:12:24.706+0000] {processor.py:157} INFO - Started process (PID=1762) to work on /home/airflow/.local/lib/python3.8/site-packages/airflow/example_dags/example_setup_teardown_taskflow.py
[2023-11-15T04:12:24.707+0000] {processor.py:829} INFO - Processing file /home/airflow/.local/lib/python3.8/site-packages/airflow/example_dags/example_setup_teardown_taskflow.py for tasks to queue
[2023-11-15T04:12:24.709+0000] {logging_mixin.py:151} INFO - [2023-11-15T04:12:24.709+0000] {dagbag.py:536} INFO - Filling up the DagBag from /home/airflow/.local/lib/python3.8/site-packages/airflow/example_dags/example_setup_teardown_taskflow.py
[2023-11-15T04:12:24.720+0000] {processor.py:839} INFO - DAG(s) dict_keys(['example_setup_teardown_taskflow']) retrieved from /home/airflow/.local/lib/python3.8/site-packages/airflow/example_dags/example_setup_teardown_taskflow.py
[2023-11-15T04:12:24.746+0000] {logging_mixin.py:151} INFO - [2023-11-15T04:12:24.746+0000] {dag.py:2941} INFO - Sync 1 DAGs
[2023-11-15T04:12:24.774+0000] {logging_mixin.py:151} INFO - [2023-11-15T04:12:24.774+0000] {dag.py:3722} INFO - Setting next_dagrun for example_setup_teardown_taskflow to 2023-11-14T04:12:24.774240+00:00, run_after=2023-11-15T04:12:24.774240+00:00
[2023-11-15T04:12:24.803+0000] {processor.py:179} INFO - Processing /home/airflow/.local/lib/python3.8/site-packages/airflow/example_dags/example_setup_teardown_taskflow.py took 0.101 seconds
[2023-11-15T04:12:55.070+0000] {processor.py:157} INFO - Started process (PID=1822) to work on /home/airflow/.local/lib/python3.8/site-packages/airflow/example_dags/example_setup_teardown_taskflow.py
[2023-11-15T04:12:55.072+0000] {processor.py:829} INFO - Processing file /home/airflow/.local/lib/python3.8/site-packages/airflow/example_dags/example_setup_teardown_taskflow.py for tasks to queue
[2023-11-15T04:12:55.076+0000] {logging_mixin.py:151} INFO - [2023-11-15T04:12:55.075+0000] {dagbag.py:536} INFO - Filling up the DagBag from /home/airflow/.local/lib/python3.8/site-packages/airflow/example_dags/example_setup_teardown_taskflow.py
[2023-11-15T04:12:55.087+0000] {processor.py:839} INFO - DAG(s) dict_keys(['example_setup_teardown_taskflow']) retrieved from /home/airflow/.local/lib/python3.8/site-packages/airflow/example_dags/example_setup_teardown_taskflow.py
[2023-11-15T04:12:55.121+0000] {logging_mixin.py:151} INFO - [2023-11-15T04:12:55.121+0000] {dag.py:2941} INFO - Sync 1 DAGs
[2023-11-15T04:12:55.148+0000] {logging_mixin.py:151} INFO - [2023-11-15T04:12:55.148+0000] {dag.py:3722} INFO - Setting next_dagrun for example_setup_teardown_taskflow to 2023-11-14T04:12:55.147779+00:00, run_after=2023-11-15T04:12:55.147779+00:00
[2023-11-15T04:12:55.169+0000] {processor.py:179} INFO - Processing /home/airflow/.local/lib/python3.8/site-packages/airflow/example_dags/example_setup_teardown_taskflow.py took 0.105 seconds
[2023-11-15T04:13:25.892+0000] {processor.py:157} INFO - Started process (PID=1884) to work on /home/airflow/.local/lib/python3.8/site-packages/airflow/example_dags/example_setup_teardown_taskflow.py
[2023-11-15T04:13:25.893+0000] {processor.py:829} INFO - Processing file /home/airflow/.local/lib/python3.8/site-packages/airflow/example_dags/example_setup_teardown_taskflow.py for tasks to queue
[2023-11-15T04:13:25.895+0000] {logging_mixin.py:151} INFO - [2023-11-15T04:13:25.895+0000] {dagbag.py:536} INFO - Filling up the DagBag from /home/airflow/.local/lib/python3.8/site-packages/airflow/example_dags/example_setup_teardown_taskflow.py
[2023-11-15T04:13:25.906+0000] {processor.py:839} INFO - DAG(s) dict_keys(['example_setup_teardown_taskflow']) retrieved from /home/airflow/.local/lib/python3.8/site-packages/airflow/example_dags/example_setup_teardown_taskflow.py
[2023-11-15T04:13:25.938+0000] {logging_mixin.py:151} INFO - [2023-11-15T04:13:25.937+0000] {dag.py:2941} INFO - Sync 1 DAGs
[2023-11-15T04:13:25.967+0000] {logging_mixin.py:151} INFO - [2023-11-15T04:13:25.967+0000] {dag.py:3722} INFO - Setting next_dagrun for example_setup_teardown_taskflow to 2023-11-14T04:13:25.967143+00:00, run_after=2023-11-15T04:13:25.967143+00:00
[2023-11-15T04:13:25.991+0000] {processor.py:179} INFO - Processing /home/airflow/.local/lib/python3.8/site-packages/airflow/example_dags/example_setup_teardown_taskflow.py took 0.103 seconds
[2023-11-15T04:13:56.328+0000] {processor.py:157} INFO - Started process (PID=1941) to work on /home/airflow/.local/lib/python3.8/site-packages/airflow/example_dags/example_setup_teardown_taskflow.py
[2023-11-15T04:13:56.329+0000] {processor.py:829} INFO - Processing file /home/airflow/.local/lib/python3.8/site-packages/airflow/example_dags/example_setup_teardown_taskflow.py for tasks to queue
[2023-11-15T04:13:56.332+0000] {logging_mixin.py:151} INFO - [2023-11-15T04:13:56.331+0000] {dagbag.py:536} INFO - Filling up the DagBag from /home/airflow/.local/lib/python3.8/site-packages/airflow/example_dags/example_setup_teardown_taskflow.py
[2023-11-15T04:13:56.343+0000] {processor.py:839} INFO - DAG(s) dict_keys(['example_setup_teardown_taskflow']) retrieved from /home/airflow/.local/lib/python3.8/site-packages/airflow/example_dags/example_setup_teardown_taskflow.py
[2023-11-15T04:13:56.371+0000] {logging_mixin.py:151} INFO - [2023-11-15T04:13:56.371+0000] {dag.py:2941} INFO - Sync 1 DAGs
[2023-11-15T04:13:56.576+0000] {logging_mixin.py:151} INFO - [2023-11-15T04:13:56.576+0000] {dag.py:3722} INFO - Setting next_dagrun for example_setup_teardown_taskflow to 2023-11-14T04:13:56.575822+00:00, run_after=2023-11-15T04:13:56.575822+00:00
[2023-11-15T04:13:56.603+0000] {processor.py:179} INFO - Processing /home/airflow/.local/lib/python3.8/site-packages/airflow/example_dags/example_setup_teardown_taskflow.py took 0.279 seconds
[2023-11-15T04:14:26.650+0000] {processor.py:157} INFO - Started process (PID=1997) to work on /home/airflow/.local/lib/python3.8/site-packages/airflow/example_dags/example_setup_teardown_taskflow.py
[2023-11-15T04:14:26.652+0000] {processor.py:829} INFO - Processing file /home/airflow/.local/lib/python3.8/site-packages/airflow/example_dags/example_setup_teardown_taskflow.py for tasks to queue
[2023-11-15T04:14:26.658+0000] {logging_mixin.py:151} INFO - [2023-11-15T04:14:26.657+0000] {dagbag.py:536} INFO - Filling up the DagBag from /home/airflow/.local/lib/python3.8/site-packages/airflow/example_dags/example_setup_teardown_taskflow.py
[2023-11-15T04:14:26.674+0000] {processor.py:839} INFO - DAG(s) dict_keys(['example_setup_teardown_taskflow']) retrieved from /home/airflow/.local/lib/python3.8/site-packages/airflow/example_dags/example_setup_teardown_taskflow.py
[2023-11-15T04:14:26.701+0000] {logging_mixin.py:151} INFO - [2023-11-15T04:14:26.701+0000] {dag.py:2941} INFO - Sync 1 DAGs
[2023-11-15T04:14:26.729+0000] {logging_mixin.py:151} INFO - [2023-11-15T04:14:26.729+0000] {dag.py:3722} INFO - Setting next_dagrun for example_setup_teardown_taskflow to 2023-11-14T04:14:26.729236+00:00, run_after=2023-11-15T04:14:26.729236+00:00
[2023-11-15T04:14:26.757+0000] {processor.py:179} INFO - Processing /home/airflow/.local/lib/python3.8/site-packages/airflow/example_dags/example_setup_teardown_taskflow.py took 0.116 seconds
[2023-11-15T04:14:57.162+0000] {processor.py:157} INFO - Started process (PID=2055) to work on /home/airflow/.local/lib/python3.8/site-packages/airflow/example_dags/example_setup_teardown_taskflow.py
[2023-11-15T04:14:57.164+0000] {processor.py:829} INFO - Processing file /home/airflow/.local/lib/python3.8/site-packages/airflow/example_dags/example_setup_teardown_taskflow.py for tasks to queue
[2023-11-15T04:14:57.167+0000] {logging_mixin.py:151} INFO - [2023-11-15T04:14:57.167+0000] {dagbag.py:536} INFO - Filling up the DagBag from /home/airflow/.local/lib/python3.8/site-packages/airflow/example_dags/example_setup_teardown_taskflow.py
[2023-11-15T04:14:57.182+0000] {processor.py:839} INFO - DAG(s) dict_keys(['example_setup_teardown_taskflow']) retrieved from /home/airflow/.local/lib/python3.8/site-packages/airflow/example_dags/example_setup_teardown_taskflow.py
[2023-11-15T04:14:57.210+0000] {logging_mixin.py:151} INFO - [2023-11-15T04:14:57.210+0000] {dag.py:2941} INFO - Sync 1 DAGs
[2023-11-15T04:14:57.235+0000] {logging_mixin.py:151} INFO - [2023-11-15T04:14:57.235+0000] {dag.py:3722} INFO - Setting next_dagrun for example_setup_teardown_taskflow to 2023-11-14T04:14:57.235176+00:00, run_after=2023-11-15T04:14:57.235176+00:00
[2023-11-15T04:14:57.257+0000] {processor.py:179} INFO - Processing /home/airflow/.local/lib/python3.8/site-packages/airflow/example_dags/example_setup_teardown_taskflow.py took 0.101 seconds
[2023-11-15T04:15:27.793+0000] {processor.py:157} INFO - Started process (PID=2113) to work on /home/airflow/.local/lib/python3.8/site-packages/airflow/example_dags/example_setup_teardown_taskflow.py
[2023-11-15T04:15:27.794+0000] {processor.py:829} INFO - Processing file /home/airflow/.local/lib/python3.8/site-packages/airflow/example_dags/example_setup_teardown_taskflow.py for tasks to queue
[2023-11-15T04:15:27.796+0000] {logging_mixin.py:151} INFO - [2023-11-15T04:15:27.796+0000] {dagbag.py:536} INFO - Filling up the DagBag from /home/airflow/.local/lib/python3.8/site-packages/airflow/example_dags/example_setup_teardown_taskflow.py
[2023-11-15T04:15:27.808+0000] {processor.py:839} INFO - DAG(s) dict_keys(['example_setup_teardown_taskflow']) retrieved from /home/airflow/.local/lib/python3.8/site-packages/airflow/example_dags/example_setup_teardown_taskflow.py
[2023-11-15T04:15:27.841+0000] {logging_mixin.py:151} INFO - [2023-11-15T04:15:27.840+0000] {dag.py:2941} INFO - Sync 1 DAGs
[2023-11-15T04:15:28.043+0000] {logging_mixin.py:151} INFO - [2023-11-15T04:15:28.042+0000] {dag.py:3722} INFO - Setting next_dagrun for example_setup_teardown_taskflow to 2023-11-14T04:15:28.042594+00:00, run_after=2023-11-15T04:15:28.042594+00:00
[2023-11-15T04:15:28.068+0000] {processor.py:179} INFO - Processing /home/airflow/.local/lib/python3.8/site-packages/airflow/example_dags/example_setup_teardown_taskflow.py took 0.279 seconds
[2023-11-15T04:15:58.328+0000] {processor.py:157} INFO - Started process (PID=2172) to work on /home/airflow/.local/lib/python3.8/site-packages/airflow/example_dags/example_setup_teardown_taskflow.py
[2023-11-15T04:15:58.330+0000] {processor.py:829} INFO - Processing file /home/airflow/.local/lib/python3.8/site-packages/airflow/example_dags/example_setup_teardown_taskflow.py for tasks to queue
[2023-11-15T04:15:58.332+0000] {logging_mixin.py:151} INFO - [2023-11-15T04:15:58.332+0000] {dagbag.py:536} INFO - Filling up the DagBag from /home/airflow/.local/lib/python3.8/site-packages/airflow/example_dags/example_setup_teardown_taskflow.py
[2023-11-15T04:15:58.343+0000] {processor.py:839} INFO - DAG(s) dict_keys(['example_setup_teardown_taskflow']) retrieved from /home/airflow/.local/lib/python3.8/site-packages/airflow/example_dags/example_setup_teardown_taskflow.py
[2023-11-15T04:15:58.371+0000] {logging_mixin.py:151} INFO - [2023-11-15T04:15:58.371+0000] {dag.py:2941} INFO - Sync 1 DAGs
[2023-11-15T04:15:58.579+0000] {logging_mixin.py:151} INFO - [2023-11-15T04:15:58.578+0000] {dag.py:3722} INFO - Setting next_dagrun for example_setup_teardown_taskflow to 2023-11-14T04:15:58.578650+00:00, run_after=2023-11-15T04:15:58.578650+00:00
[2023-11-15T04:15:58.603+0000] {processor.py:179} INFO - Processing /home/airflow/.local/lib/python3.8/site-packages/airflow/example_dags/example_setup_teardown_taskflow.py took 0.279 seconds
[2023-11-15T04:16:28.932+0000] {processor.py:157} INFO - Started process (PID=2231) to work on /home/airflow/.local/lib/python3.8/site-packages/airflow/example_dags/example_setup_teardown_taskflow.py
[2023-11-15T04:16:28.933+0000] {processor.py:829} INFO - Processing file /home/airflow/.local/lib/python3.8/site-packages/airflow/example_dags/example_setup_teardown_taskflow.py for tasks to queue
[2023-11-15T04:16:28.936+0000] {logging_mixin.py:151} INFO - [2023-11-15T04:16:28.935+0000] {dagbag.py:536} INFO - Filling up the DagBag from /home/airflow/.local/lib/python3.8/site-packages/airflow/example_dags/example_setup_teardown_taskflow.py
[2023-11-15T04:16:28.946+0000] {processor.py:839} INFO - DAG(s) dict_keys(['example_setup_teardown_taskflow']) retrieved from /home/airflow/.local/lib/python3.8/site-packages/airflow/example_dags/example_setup_teardown_taskflow.py
[2023-11-15T04:16:28.973+0000] {logging_mixin.py:151} INFO - [2023-11-15T04:16:28.973+0000] {dag.py:2941} INFO - Sync 1 DAGs
[2023-11-15T04:16:29.000+0000] {logging_mixin.py:151} INFO - [2023-11-15T04:16:29.000+0000] {dag.py:3722} INFO - Setting next_dagrun for example_setup_teardown_taskflow to 2023-11-14T04:16:29.000056+00:00, run_after=2023-11-15T04:16:29.000056+00:00
[2023-11-15T04:16:29.028+0000] {processor.py:179} INFO - Processing /home/airflow/.local/lib/python3.8/site-packages/airflow/example_dags/example_setup_teardown_taskflow.py took 0.100 seconds
[2023-11-15T04:16:59.140+0000] {processor.py:157} INFO - Started process (PID=2288) to work on /home/airflow/.local/lib/python3.8/site-packages/airflow/example_dags/example_setup_teardown_taskflow.py
[2023-11-15T04:16:59.141+0000] {processor.py:829} INFO - Processing file /home/airflow/.local/lib/python3.8/site-packages/airflow/example_dags/example_setup_teardown_taskflow.py for tasks to queue
[2023-11-15T04:16:59.144+0000] {logging_mixin.py:151} INFO - [2023-11-15T04:16:59.144+0000] {dagbag.py:536} INFO - Filling up the DagBag from /home/airflow/.local/lib/python3.8/site-packages/airflow/example_dags/example_setup_teardown_taskflow.py
[2023-11-15T04:16:59.156+0000] {processor.py:839} INFO - DAG(s) dict_keys(['example_setup_teardown_taskflow']) retrieved from /home/airflow/.local/lib/python3.8/site-packages/airflow/example_dags/example_setup_teardown_taskflow.py
[2023-11-15T04:16:59.194+0000] {logging_mixin.py:151} INFO - [2023-11-15T04:16:59.194+0000] {dag.py:2941} INFO - Sync 1 DAGs
[2023-11-15T04:16:59.231+0000] {logging_mixin.py:151} INFO - [2023-11-15T04:16:59.231+0000] {dag.py:3722} INFO - Setting next_dagrun for example_setup_teardown_taskflow to 2023-11-14T04:16:59.231327+00:00, run_after=2023-11-15T04:16:59.231327+00:00
[2023-11-15T04:16:59.261+0000] {processor.py:179} INFO - Processing /home/airflow/.local/lib/python3.8/site-packages/airflow/example_dags/example_setup_teardown_taskflow.py took 0.128 seconds
[2023-11-15T04:17:30.098+0000] {processor.py:157} INFO - Started process (PID=2345) to work on /home/airflow/.local/lib/python3.8/site-packages/airflow/example_dags/example_setup_teardown_taskflow.py
[2023-11-15T04:17:30.099+0000] {processor.py:829} INFO - Processing file /home/airflow/.local/lib/python3.8/site-packages/airflow/example_dags/example_setup_teardown_taskflow.py for tasks to queue
[2023-11-15T04:17:30.101+0000] {logging_mixin.py:151} INFO - [2023-11-15T04:17:30.101+0000] {dagbag.py:536} INFO - Filling up the DagBag from /home/airflow/.local/lib/python3.8/site-packages/airflow/example_dags/example_setup_teardown_taskflow.py
[2023-11-15T04:17:30.113+0000] {processor.py:839} INFO - DAG(s) dict_keys(['example_setup_teardown_taskflow']) retrieved from /home/airflow/.local/lib/python3.8/site-packages/airflow/example_dags/example_setup_teardown_taskflow.py
[2023-11-15T04:17:30.140+0000] {logging_mixin.py:151} INFO - [2023-11-15T04:17:30.140+0000] {dag.py:2941} INFO - Sync 1 DAGs
[2023-11-15T04:17:30.166+0000] {logging_mixin.py:151} INFO - [2023-11-15T04:17:30.166+0000] {dag.py:3722} INFO - Setting next_dagrun for example_setup_teardown_taskflow to 2023-11-14T04:17:30.166012+00:00, run_after=2023-11-15T04:17:30.166012+00:00
[2023-11-15T04:17:30.192+0000] {processor.py:179} INFO - Processing /home/airflow/.local/lib/python3.8/site-packages/airflow/example_dags/example_setup_teardown_taskflow.py took 0.099 seconds
[2023-11-15T04:18:00.451+0000] {processor.py:157} INFO - Started process (PID=2403) to work on /home/airflow/.local/lib/python3.8/site-packages/airflow/example_dags/example_setup_teardown_taskflow.py
[2023-11-15T04:18:00.453+0000] {processor.py:829} INFO - Processing file /home/airflow/.local/lib/python3.8/site-packages/airflow/example_dags/example_setup_teardown_taskflow.py for tasks to queue
[2023-11-15T04:18:00.456+0000] {logging_mixin.py:151} INFO - [2023-11-15T04:18:00.456+0000] {dagbag.py:536} INFO - Filling up the DagBag from /home/airflow/.local/lib/python3.8/site-packages/airflow/example_dags/example_setup_teardown_taskflow.py
[2023-11-15T04:18:00.470+0000] {processor.py:839} INFO - DAG(s) dict_keys(['example_setup_teardown_taskflow']) retrieved from /home/airflow/.local/lib/python3.8/site-packages/airflow/example_dags/example_setup_teardown_taskflow.py
[2023-11-15T04:18:00.498+0000] {logging_mixin.py:151} INFO - [2023-11-15T04:18:00.497+0000] {dag.py:2941} INFO - Sync 1 DAGs
[2023-11-15T04:18:00.526+0000] {logging_mixin.py:151} INFO - [2023-11-15T04:18:00.526+0000] {dag.py:3722} INFO - Setting next_dagrun for example_setup_teardown_taskflow to 2023-11-14T04:18:00.525911+00:00, run_after=2023-11-15T04:18:00.525911+00:00
[2023-11-15T04:18:00.550+0000] {processor.py:179} INFO - Processing /home/airflow/.local/lib/python3.8/site-packages/airflow/example_dags/example_setup_teardown_taskflow.py took 0.104 seconds
[2023-11-15T04:18:30.996+0000] {processor.py:157} INFO - Started process (PID=2460) to work on /home/airflow/.local/lib/python3.8/site-packages/airflow/example_dags/example_setup_teardown_taskflow.py
[2023-11-15T04:18:30.997+0000] {processor.py:829} INFO - Processing file /home/airflow/.local/lib/python3.8/site-packages/airflow/example_dags/example_setup_teardown_taskflow.py for tasks to queue
[2023-11-15T04:18:30.999+0000] {logging_mixin.py:151} INFO - [2023-11-15T04:18:30.999+0000] {dagbag.py:536} INFO - Filling up the DagBag from /home/airflow/.local/lib/python3.8/site-packages/airflow/example_dags/example_setup_teardown_taskflow.py
[2023-11-15T04:18:31.010+0000] {processor.py:839} INFO - DAG(s) dict_keys(['example_setup_teardown_taskflow']) retrieved from /home/airflow/.local/lib/python3.8/site-packages/airflow/example_dags/example_setup_teardown_taskflow.py
[2023-11-15T04:18:31.039+0000] {logging_mixin.py:151} INFO - [2023-11-15T04:18:31.039+0000] {dag.py:2941} INFO - Sync 1 DAGs
[2023-11-15T04:18:31.070+0000] {logging_mixin.py:151} INFO - [2023-11-15T04:18:31.070+0000] {dag.py:3722} INFO - Setting next_dagrun for example_setup_teardown_taskflow to 2023-11-14T04:18:31.070269+00:00, run_after=2023-11-15T04:18:31.070269+00:00
[2023-11-15T04:18:31.101+0000] {processor.py:179} INFO - Processing /home/airflow/.local/lib/python3.8/site-packages/airflow/example_dags/example_setup_teardown_taskflow.py took 0.109 seconds
[2023-11-15T04:19:01.142+0000] {processor.py:157} INFO - Started process (PID=2517) to work on /home/airflow/.local/lib/python3.8/site-packages/airflow/example_dags/example_setup_teardown_taskflow.py
[2023-11-15T04:19:01.144+0000] {processor.py:829} INFO - Processing file /home/airflow/.local/lib/python3.8/site-packages/airflow/example_dags/example_setup_teardown_taskflow.py for tasks to queue
[2023-11-15T04:19:01.147+0000] {logging_mixin.py:151} INFO - [2023-11-15T04:19:01.146+0000] {dagbag.py:536} INFO - Filling up the DagBag from /home/airflow/.local/lib/python3.8/site-packages/airflow/example_dags/example_setup_teardown_taskflow.py
[2023-11-15T04:19:01.160+0000] {processor.py:839} INFO - DAG(s) dict_keys(['example_setup_teardown_taskflow']) retrieved from /home/airflow/.local/lib/python3.8/site-packages/airflow/example_dags/example_setup_teardown_taskflow.py
[2023-11-15T04:19:01.190+0000] {logging_mixin.py:151} INFO - [2023-11-15T04:19:01.190+0000] {dag.py:2941} INFO - Sync 1 DAGs
[2023-11-15T04:19:01.217+0000] {logging_mixin.py:151} INFO - [2023-11-15T04:19:01.217+0000] {dag.py:3722} INFO - Setting next_dagrun for example_setup_teardown_taskflow to 2023-11-14T04:19:01.216990+00:00, run_after=2023-11-15T04:19:01.216990+00:00
[2023-11-15T04:19:01.241+0000] {processor.py:179} INFO - Processing /home/airflow/.local/lib/python3.8/site-packages/airflow/example_dags/example_setup_teardown_taskflow.py took 0.103 seconds
[2023-11-15T04:19:31.968+0000] {processor.py:157} INFO - Started process (PID=2579) to work on /home/airflow/.local/lib/python3.8/site-packages/airflow/example_dags/example_setup_teardown_taskflow.py
[2023-11-15T04:19:31.969+0000] {processor.py:829} INFO - Processing file /home/airflow/.local/lib/python3.8/site-packages/airflow/example_dags/example_setup_teardown_taskflow.py for tasks to queue
[2023-11-15T04:19:31.972+0000] {logging_mixin.py:151} INFO - [2023-11-15T04:19:31.972+0000] {dagbag.py:536} INFO - Filling up the DagBag from /home/airflow/.local/lib/python3.8/site-packages/airflow/example_dags/example_setup_teardown_taskflow.py
[2023-11-15T04:19:31.987+0000] {processor.py:839} INFO - DAG(s) dict_keys(['example_setup_teardown_taskflow']) retrieved from /home/airflow/.local/lib/python3.8/site-packages/airflow/example_dags/example_setup_teardown_taskflow.py
[2023-11-15T04:19:32.017+0000] {logging_mixin.py:151} INFO - [2023-11-15T04:19:32.016+0000] {dag.py:2941} INFO - Sync 1 DAGs
[2023-11-15T04:19:32.046+0000] {logging_mixin.py:151} INFO - [2023-11-15T04:19:32.046+0000] {dag.py:3722} INFO - Setting next_dagrun for example_setup_teardown_taskflow to 2023-11-14T04:19:32.046163+00:00, run_after=2023-11-15T04:19:32.046163+00:00
[2023-11-15T04:19:32.081+0000] {processor.py:179} INFO - Processing /home/airflow/.local/lib/python3.8/site-packages/airflow/example_dags/example_setup_teardown_taskflow.py took 0.118 seconds
[2023-11-15T04:20:02.232+0000] {processor.py:157} INFO - Started process (PID=2639) to work on /home/airflow/.local/lib/python3.8/site-packages/airflow/example_dags/example_setup_teardown_taskflow.py
[2023-11-15T04:20:02.233+0000] {processor.py:829} INFO - Processing file /home/airflow/.local/lib/python3.8/site-packages/airflow/example_dags/example_setup_teardown_taskflow.py for tasks to queue
[2023-11-15T04:20:02.235+0000] {logging_mixin.py:151} INFO - [2023-11-15T04:20:02.235+0000] {dagbag.py:536} INFO - Filling up the DagBag from /home/airflow/.local/lib/python3.8/site-packages/airflow/example_dags/example_setup_teardown_taskflow.py
[2023-11-15T04:20:02.246+0000] {processor.py:839} INFO - DAG(s) dict_keys(['example_setup_teardown_taskflow']) retrieved from /home/airflow/.local/lib/python3.8/site-packages/airflow/example_dags/example_setup_teardown_taskflow.py
[2023-11-15T04:20:02.272+0000] {logging_mixin.py:151} INFO - [2023-11-15T04:20:02.272+0000] {dag.py:2941} INFO - Sync 1 DAGs
[2023-11-15T04:20:02.300+0000] {logging_mixin.py:151} INFO - [2023-11-15T04:20:02.300+0000] {dag.py:3722} INFO - Setting next_dagrun for example_setup_teardown_taskflow to 2023-11-14T04:20:02.300069+00:00, run_after=2023-11-15T04:20:02.300069+00:00
[2023-11-15T04:20:02.325+0000] {processor.py:179} INFO - Processing /home/airflow/.local/lib/python3.8/site-packages/airflow/example_dags/example_setup_teardown_taskflow.py took 0.097 seconds
[2023-11-15T04:20:32.885+0000] {processor.py:157} INFO - Started process (PID=2699) to work on /home/airflow/.local/lib/python3.8/site-packages/airflow/example_dags/example_setup_teardown_taskflow.py
[2023-11-15T04:20:32.887+0000] {processor.py:829} INFO - Processing file /home/airflow/.local/lib/python3.8/site-packages/airflow/example_dags/example_setup_teardown_taskflow.py for tasks to queue
[2023-11-15T04:20:32.889+0000] {logging_mixin.py:151} INFO - [2023-11-15T04:20:32.889+0000] {dagbag.py:536} INFO - Filling up the DagBag from /home/airflow/.local/lib/python3.8/site-packages/airflow/example_dags/example_setup_teardown_taskflow.py
[2023-11-15T04:20:32.900+0000] {processor.py:839} INFO - DAG(s) dict_keys(['example_setup_teardown_taskflow']) retrieved from /home/airflow/.local/lib/python3.8/site-packages/airflow/example_dags/example_setup_teardown_taskflow.py
[2023-11-15T04:20:32.929+0000] {logging_mixin.py:151} INFO - [2023-11-15T04:20:32.928+0000] {dag.py:2941} INFO - Sync 1 DAGs
[2023-11-15T04:20:32.958+0000] {logging_mixin.py:151} INFO - [2023-11-15T04:20:32.957+0000] {dag.py:3722} INFO - Setting next_dagrun for example_setup_teardown_taskflow to 2023-11-14T04:20:32.957484+00:00, run_after=2023-11-15T04:20:32.957484+00:00
[2023-11-15T04:20:32.983+0000] {processor.py:179} INFO - Processing /home/airflow/.local/lib/python3.8/site-packages/airflow/example_dags/example_setup_teardown_taskflow.py took 0.103 seconds
[2023-11-15T04:21:03.212+0000] {processor.py:157} INFO - Started process (PID=2763) to work on /home/airflow/.local/lib/python3.8/site-packages/airflow/example_dags/example_setup_teardown_taskflow.py
[2023-11-15T04:21:03.213+0000] {processor.py:829} INFO - Processing file /home/airflow/.local/lib/python3.8/site-packages/airflow/example_dags/example_setup_teardown_taskflow.py for tasks to queue
[2023-11-15T04:21:03.215+0000] {logging_mixin.py:151} INFO - [2023-11-15T04:21:03.215+0000] {dagbag.py:536} INFO - Filling up the DagBag from /home/airflow/.local/lib/python3.8/site-packages/airflow/example_dags/example_setup_teardown_taskflow.py
[2023-11-15T04:21:03.227+0000] {processor.py:839} INFO - DAG(s) dict_keys(['example_setup_teardown_taskflow']) retrieved from /home/airflow/.local/lib/python3.8/site-packages/airflow/example_dags/example_setup_teardown_taskflow.py
[2023-11-15T04:21:03.253+0000] {logging_mixin.py:151} INFO - [2023-11-15T04:21:03.253+0000] {dag.py:2941} INFO - Sync 1 DAGs
[2023-11-15T04:21:03.280+0000] {logging_mixin.py:151} INFO - [2023-11-15T04:21:03.280+0000] {dag.py:3722} INFO - Setting next_dagrun for example_setup_teardown_taskflow to 2023-11-14T04:21:03.280063+00:00, run_after=2023-11-15T04:21:03.280063+00:00
[2023-11-15T04:21:03.305+0000] {processor.py:179} INFO - Processing /home/airflow/.local/lib/python3.8/site-packages/airflow/example_dags/example_setup_teardown_taskflow.py took 0.097 seconds
[2023-11-15T04:21:33.655+0000] {processor.py:157} INFO - Started process (PID=2823) to work on /home/airflow/.local/lib/python3.8/site-packages/airflow/example_dags/example_setup_teardown_taskflow.py
[2023-11-15T04:21:33.656+0000] {processor.py:829} INFO - Processing file /home/airflow/.local/lib/python3.8/site-packages/airflow/example_dags/example_setup_teardown_taskflow.py for tasks to queue
[2023-11-15T04:21:33.659+0000] {logging_mixin.py:151} INFO - [2023-11-15T04:21:33.658+0000] {dagbag.py:536} INFO - Filling up the DagBag from /home/airflow/.local/lib/python3.8/site-packages/airflow/example_dags/example_setup_teardown_taskflow.py
[2023-11-15T04:21:33.670+0000] {processor.py:839} INFO - DAG(s) dict_keys(['example_setup_teardown_taskflow']) retrieved from /home/airflow/.local/lib/python3.8/site-packages/airflow/example_dags/example_setup_teardown_taskflow.py
[2023-11-15T04:21:33.699+0000] {logging_mixin.py:151} INFO - [2023-11-15T04:21:33.698+0000] {dag.py:2941} INFO - Sync 1 DAGs
[2023-11-15T04:21:33.732+0000] {logging_mixin.py:151} INFO - [2023-11-15T04:21:33.732+0000] {dag.py:3722} INFO - Setting next_dagrun for example_setup_teardown_taskflow to 2023-11-14T04:21:33.732263+00:00, run_after=2023-11-15T04:21:33.732263+00:00
[2023-11-15T04:21:33.759+0000] {processor.py:179} INFO - Processing /home/airflow/.local/lib/python3.8/site-packages/airflow/example_dags/example_setup_teardown_taskflow.py took 0.108 seconds
[2023-11-15T04:22:04.264+0000] {processor.py:157} INFO - Started process (PID=2884) to work on /home/airflow/.local/lib/python3.8/site-packages/airflow/example_dags/example_setup_teardown_taskflow.py
[2023-11-15T04:22:04.266+0000] {processor.py:829} INFO - Processing file /home/airflow/.local/lib/python3.8/site-packages/airflow/example_dags/example_setup_teardown_taskflow.py for tasks to queue
[2023-11-15T04:22:04.269+0000] {logging_mixin.py:151} INFO - [2023-11-15T04:22:04.269+0000] {dagbag.py:536} INFO - Filling up the DagBag from /home/airflow/.local/lib/python3.8/site-packages/airflow/example_dags/example_setup_teardown_taskflow.py
[2023-11-15T04:22:04.288+0000] {processor.py:839} INFO - DAG(s) dict_keys(['example_setup_teardown_taskflow']) retrieved from /home/airflow/.local/lib/python3.8/site-packages/airflow/example_dags/example_setup_teardown_taskflow.py
[2023-11-15T04:22:04.319+0000] {logging_mixin.py:151} INFO - [2023-11-15T04:22:04.319+0000] {dag.py:2941} INFO - Sync 1 DAGs
[2023-11-15T04:22:04.358+0000] {logging_mixin.py:151} INFO - [2023-11-15T04:22:04.358+0000] {dag.py:3722} INFO - Setting next_dagrun for example_setup_teardown_taskflow to 2023-11-14T04:22:04.358309+00:00, run_after=2023-11-15T04:22:04.358309+00:00
[2023-11-15T04:22:04.386+0000] {processor.py:179} INFO - Processing /home/airflow/.local/lib/python3.8/site-packages/airflow/example_dags/example_setup_teardown_taskflow.py took 0.126 seconds
[2023-11-15T04:22:34.655+0000] {processor.py:157} INFO - Started process (PID=2944) to work on /home/airflow/.local/lib/python3.8/site-packages/airflow/example_dags/example_setup_teardown_taskflow.py
[2023-11-15T04:22:34.657+0000] {processor.py:829} INFO - Processing file /home/airflow/.local/lib/python3.8/site-packages/airflow/example_dags/example_setup_teardown_taskflow.py for tasks to queue
[2023-11-15T04:22:34.659+0000] {logging_mixin.py:151} INFO - [2023-11-15T04:22:34.659+0000] {dagbag.py:536} INFO - Filling up the DagBag from /home/airflow/.local/lib/python3.8/site-packages/airflow/example_dags/example_setup_teardown_taskflow.py
[2023-11-15T04:22:34.675+0000] {processor.py:839} INFO - DAG(s) dict_keys(['example_setup_teardown_taskflow']) retrieved from /home/airflow/.local/lib/python3.8/site-packages/airflow/example_dags/example_setup_teardown_taskflow.py
[2023-11-15T04:22:34.702+0000] {logging_mixin.py:151} INFO - [2023-11-15T04:22:34.702+0000] {dag.py:2941} INFO - Sync 1 DAGs
[2023-11-15T04:22:34.735+0000] {logging_mixin.py:151} INFO - [2023-11-15T04:22:34.734+0000] {dag.py:3722} INFO - Setting next_dagrun for example_setup_teardown_taskflow to 2023-11-14T04:22:34.734570+00:00, run_after=2023-11-15T04:22:34.734570+00:00
[2023-11-15T04:22:34.766+0000] {processor.py:179} INFO - Processing /home/airflow/.local/lib/python3.8/site-packages/airflow/example_dags/example_setup_teardown_taskflow.py took 0.115 seconds
[2023-11-15T04:23:04.793+0000] {processor.py:157} INFO - Started process (PID=3003) to work on /home/airflow/.local/lib/python3.8/site-packages/airflow/example_dags/example_setup_teardown_taskflow.py
[2023-11-15T04:23:04.794+0000] {processor.py:829} INFO - Processing file /home/airflow/.local/lib/python3.8/site-packages/airflow/example_dags/example_setup_teardown_taskflow.py for tasks to queue
[2023-11-15T04:23:04.797+0000] {logging_mixin.py:151} INFO - [2023-11-15T04:23:04.797+0000] {dagbag.py:536} INFO - Filling up the DagBag from /home/airflow/.local/lib/python3.8/site-packages/airflow/example_dags/example_setup_teardown_taskflow.py
[2023-11-15T04:23:04.812+0000] {processor.py:839} INFO - DAG(s) dict_keys(['example_setup_teardown_taskflow']) retrieved from /home/airflow/.local/lib/python3.8/site-packages/airflow/example_dags/example_setup_teardown_taskflow.py
[2023-11-15T04:23:04.840+0000] {logging_mixin.py:151} INFO - [2023-11-15T04:23:04.840+0000] {dag.py:2941} INFO - Sync 1 DAGs
[2023-11-15T04:23:04.866+0000] {logging_mixin.py:151} INFO - [2023-11-15T04:23:04.866+0000] {dag.py:3722} INFO - Setting next_dagrun for example_setup_teardown_taskflow to 2023-11-14T04:23:04.866023+00:00, run_after=2023-11-15T04:23:04.866023+00:00
[2023-11-15T04:23:04.893+0000] {processor.py:179} INFO - Processing /home/airflow/.local/lib/python3.8/site-packages/airflow/example_dags/example_setup_teardown_taskflow.py took 0.104 seconds
[2023-11-15T04:23:35.552+0000] {processor.py:157} INFO - Started process (PID=3061) to work on /home/airflow/.local/lib/python3.8/site-packages/airflow/example_dags/example_setup_teardown_taskflow.py
[2023-11-15T04:23:35.553+0000] {processor.py:829} INFO - Processing file /home/airflow/.local/lib/python3.8/site-packages/airflow/example_dags/example_setup_teardown_taskflow.py for tasks to queue
[2023-11-15T04:23:35.556+0000] {logging_mixin.py:151} INFO - [2023-11-15T04:23:35.555+0000] {dagbag.py:536} INFO - Filling up the DagBag from /home/airflow/.local/lib/python3.8/site-packages/airflow/example_dags/example_setup_teardown_taskflow.py
[2023-11-15T04:23:35.572+0000] {processor.py:839} INFO - DAG(s) dict_keys(['example_setup_teardown_taskflow']) retrieved from /home/airflow/.local/lib/python3.8/site-packages/airflow/example_dags/example_setup_teardown_taskflow.py
[2023-11-15T04:23:35.605+0000] {logging_mixin.py:151} INFO - [2023-11-15T04:23:35.605+0000] {dag.py:2941} INFO - Sync 1 DAGs
[2023-11-15T04:23:35.639+0000] {logging_mixin.py:151} INFO - [2023-11-15T04:23:35.639+0000] {dag.py:3722} INFO - Setting next_dagrun for example_setup_teardown_taskflow to 2023-11-14T04:23:35.639057+00:00, run_after=2023-11-15T04:23:35.639057+00:00
[2023-11-15T04:23:35.676+0000] {processor.py:179} INFO - Processing /home/airflow/.local/lib/python3.8/site-packages/airflow/example_dags/example_setup_teardown_taskflow.py took 0.131 seconds
[2023-11-15T04:24:05.745+0000] {processor.py:157} INFO - Started process (PID=3119) to work on /home/airflow/.local/lib/python3.8/site-packages/airflow/example_dags/example_setup_teardown_taskflow.py
[2023-11-15T04:24:05.746+0000] {processor.py:829} INFO - Processing file /home/airflow/.local/lib/python3.8/site-packages/airflow/example_dags/example_setup_teardown_taskflow.py for tasks to queue
[2023-11-15T04:24:05.748+0000] {logging_mixin.py:151} INFO - [2023-11-15T04:24:05.748+0000] {dagbag.py:536} INFO - Filling up the DagBag from /home/airflow/.local/lib/python3.8/site-packages/airflow/example_dags/example_setup_teardown_taskflow.py
[2023-11-15T04:24:05.763+0000] {processor.py:839} INFO - DAG(s) dict_keys(['example_setup_teardown_taskflow']) retrieved from /home/airflow/.local/lib/python3.8/site-packages/airflow/example_dags/example_setup_teardown_taskflow.py
[2023-11-15T04:24:05.792+0000] {logging_mixin.py:151} INFO - [2023-11-15T04:24:05.792+0000] {dag.py:2941} INFO - Sync 1 DAGs
[2023-11-15T04:24:05.820+0000] {logging_mixin.py:151} INFO - [2023-11-15T04:24:05.820+0000] {dag.py:3722} INFO - Setting next_dagrun for example_setup_teardown_taskflow to 2023-11-14T04:24:05.819711+00:00, run_after=2023-11-15T04:24:05.819711+00:00
[2023-11-15T04:24:05.848+0000] {processor.py:179} INFO - Processing /home/airflow/.local/lib/python3.8/site-packages/airflow/example_dags/example_setup_teardown_taskflow.py took 0.107 seconds
[2023-11-15T04:24:36.052+0000] {processor.py:157} INFO - Started process (PID=3177) to work on /home/airflow/.local/lib/python3.8/site-packages/airflow/example_dags/example_setup_teardown_taskflow.py
[2023-11-15T04:24:36.053+0000] {processor.py:829} INFO - Processing file /home/airflow/.local/lib/python3.8/site-packages/airflow/example_dags/example_setup_teardown_taskflow.py for tasks to queue
[2023-11-15T04:24:36.055+0000] {logging_mixin.py:151} INFO - [2023-11-15T04:24:36.055+0000] {dagbag.py:536} INFO - Filling up the DagBag from /home/airflow/.local/lib/python3.8/site-packages/airflow/example_dags/example_setup_teardown_taskflow.py
[2023-11-15T04:24:36.067+0000] {processor.py:839} INFO - DAG(s) dict_keys(['example_setup_teardown_taskflow']) retrieved from /home/airflow/.local/lib/python3.8/site-packages/airflow/example_dags/example_setup_teardown_taskflow.py
[2023-11-15T04:24:36.095+0000] {logging_mixin.py:151} INFO - [2023-11-15T04:24:36.095+0000] {dag.py:2941} INFO - Sync 1 DAGs
[2023-11-15T04:24:36.120+0000] {logging_mixin.py:151} INFO - [2023-11-15T04:24:36.120+0000] {dag.py:3722} INFO - Setting next_dagrun for example_setup_teardown_taskflow to 2023-11-14T04:24:36.120225+00:00, run_after=2023-11-15T04:24:36.120225+00:00
[2023-11-15T04:24:36.144+0000] {processor.py:179} INFO - Processing /home/airflow/.local/lib/python3.8/site-packages/airflow/example_dags/example_setup_teardown_taskflow.py took 0.096 seconds
[2023-11-15T04:25:06.542+0000] {processor.py:157} INFO - Started process (PID=3235) to work on /home/airflow/.local/lib/python3.8/site-packages/airflow/example_dags/example_setup_teardown_taskflow.py
[2023-11-15T04:25:06.544+0000] {processor.py:829} INFO - Processing file /home/airflow/.local/lib/python3.8/site-packages/airflow/example_dags/example_setup_teardown_taskflow.py for tasks to queue
[2023-11-15T04:25:06.546+0000] {logging_mixin.py:151} INFO - [2023-11-15T04:25:06.546+0000] {dagbag.py:536} INFO - Filling up the DagBag from /home/airflow/.local/lib/python3.8/site-packages/airflow/example_dags/example_setup_teardown_taskflow.py
[2023-11-15T04:25:06.566+0000] {processor.py:839} INFO - DAG(s) dict_keys(['example_setup_teardown_taskflow']) retrieved from /home/airflow/.local/lib/python3.8/site-packages/airflow/example_dags/example_setup_teardown_taskflow.py
[2023-11-15T04:25:06.599+0000] {logging_mixin.py:151} INFO - [2023-11-15T04:25:06.598+0000] {dag.py:2941} INFO - Sync 1 DAGs
[2023-11-15T04:25:06.631+0000] {logging_mixin.py:151} INFO - [2023-11-15T04:25:06.631+0000] {dag.py:3722} INFO - Setting next_dagrun for example_setup_teardown_taskflow to 2023-11-14T04:25:06.631351+00:00, run_after=2023-11-15T04:25:06.631351+00:00
[2023-11-15T04:25:06.659+0000] {processor.py:179} INFO - Processing /home/airflow/.local/lib/python3.8/site-packages/airflow/example_dags/example_setup_teardown_taskflow.py took 0.123 seconds
[2023-11-15T04:25:37.445+0000] {processor.py:157} INFO - Started process (PID=3295) to work on /home/airflow/.local/lib/python3.8/site-packages/airflow/example_dags/example_setup_teardown_taskflow.py
[2023-11-15T04:25:37.446+0000] {processor.py:829} INFO - Processing file /home/airflow/.local/lib/python3.8/site-packages/airflow/example_dags/example_setup_teardown_taskflow.py for tasks to queue
[2023-11-15T04:25:37.449+0000] {logging_mixin.py:151} INFO - [2023-11-15T04:25:37.449+0000] {dagbag.py:536} INFO - Filling up the DagBag from /home/airflow/.local/lib/python3.8/site-packages/airflow/example_dags/example_setup_teardown_taskflow.py
[2023-11-15T04:25:37.465+0000] {processor.py:839} INFO - DAG(s) dict_keys(['example_setup_teardown_taskflow']) retrieved from /home/airflow/.local/lib/python3.8/site-packages/airflow/example_dags/example_setup_teardown_taskflow.py
[2023-11-15T04:25:37.494+0000] {logging_mixin.py:151} INFO - [2023-11-15T04:25:37.494+0000] {dag.py:2941} INFO - Sync 1 DAGs
[2023-11-15T04:25:37.527+0000] {logging_mixin.py:151} INFO - [2023-11-15T04:25:37.527+0000] {dag.py:3722} INFO - Setting next_dagrun for example_setup_teardown_taskflow to 2023-11-14T04:25:37.527149+00:00, run_after=2023-11-15T04:25:37.527149+00:00
[2023-11-15T04:25:37.556+0000] {processor.py:179} INFO - Processing /home/airflow/.local/lib/python3.8/site-packages/airflow/example_dags/example_setup_teardown_taskflow.py took 0.116 seconds
[2023-11-15T04:26:07.810+0000] {processor.py:157} INFO - Started process (PID=3353) to work on /home/airflow/.local/lib/python3.8/site-packages/airflow/example_dags/example_setup_teardown_taskflow.py
[2023-11-15T04:26:07.811+0000] {processor.py:829} INFO - Processing file /home/airflow/.local/lib/python3.8/site-packages/airflow/example_dags/example_setup_teardown_taskflow.py for tasks to queue
[2023-11-15T04:26:07.815+0000] {logging_mixin.py:151} INFO - [2023-11-15T04:26:07.814+0000] {dagbag.py:536} INFO - Filling up the DagBag from /home/airflow/.local/lib/python3.8/site-packages/airflow/example_dags/example_setup_teardown_taskflow.py
[2023-11-15T04:26:07.830+0000] {processor.py:839} INFO - DAG(s) dict_keys(['example_setup_teardown_taskflow']) retrieved from /home/airflow/.local/lib/python3.8/site-packages/airflow/example_dags/example_setup_teardown_taskflow.py
[2023-11-15T04:26:07.856+0000] {logging_mixin.py:151} INFO - [2023-11-15T04:26:07.856+0000] {dag.py:2941} INFO - Sync 1 DAGs
[2023-11-15T04:26:07.882+0000] {logging_mixin.py:151} INFO - [2023-11-15T04:26:07.882+0000] {dag.py:3722} INFO - Setting next_dagrun for example_setup_teardown_taskflow to 2023-11-14T04:26:07.882167+00:00, run_after=2023-11-15T04:26:07.882167+00:00
[2023-11-15T04:26:07.905+0000] {processor.py:179} INFO - Processing /home/airflow/.local/lib/python3.8/site-packages/airflow/example_dags/example_setup_teardown_taskflow.py took 0.101 seconds
[2023-11-15T04:26:38.274+0000] {processor.py:157} INFO - Started process (PID=3411) to work on /home/airflow/.local/lib/python3.8/site-packages/airflow/example_dags/example_setup_teardown_taskflow.py
[2023-11-15T04:26:38.276+0000] {processor.py:829} INFO - Processing file /home/airflow/.local/lib/python3.8/site-packages/airflow/example_dags/example_setup_teardown_taskflow.py for tasks to queue
[2023-11-15T04:26:38.280+0000] {logging_mixin.py:151} INFO - [2023-11-15T04:26:38.279+0000] {dagbag.py:536} INFO - Filling up the DagBag from /home/airflow/.local/lib/python3.8/site-packages/airflow/example_dags/example_setup_teardown_taskflow.py
[2023-11-15T04:26:38.309+0000] {processor.py:839} INFO - DAG(s) dict_keys(['example_setup_teardown_taskflow']) retrieved from /home/airflow/.local/lib/python3.8/site-packages/airflow/example_dags/example_setup_teardown_taskflow.py
[2023-11-15T04:26:38.379+0000] {logging_mixin.py:151} INFO - [2023-11-15T04:26:38.379+0000] {dag.py:2941} INFO - Sync 1 DAGs
[2023-11-15T04:26:38.459+0000] {logging_mixin.py:151} INFO - [2023-11-15T04:26:38.459+0000] {dag.py:3722} INFO - Setting next_dagrun for example_setup_teardown_taskflow to 2023-11-14T04:26:38.458843+00:00, run_after=2023-11-15T04:26:38.458843+00:00
[2023-11-15T04:26:38.524+0000] {processor.py:179} INFO - Processing /home/airflow/.local/lib/python3.8/site-packages/airflow/example_dags/example_setup_teardown_taskflow.py took 0.261 seconds
