[2023-11-15T03:10:58.638+0000] {processor.py:157} INFO - Started process (PID=38) to work on /home/airflow/.local/lib/python3.8/site-packages/airflow/example_dags/example_short_circuit_operator.py
[2023-11-15T03:10:58.639+0000] {processor.py:829} INFO - Processing file /home/airflow/.local/lib/python3.8/site-packages/airflow/example_dags/example_short_circuit_operator.py for tasks to queue
[2023-11-15T03:10:58.642+0000] {logging_mixin.py:151} INFO - [2023-11-15T03:10:58.642+0000] {dagbag.py:536} INFO - Filling up the DagBag from /home/airflow/.local/lib/python3.8/site-packages/airflow/example_dags/example_short_circuit_operator.py
[2023-11-15T03:10:58.668+0000] {processor.py:839} INFO - DAG(s) dict_keys(['example_short_circuit_operator']) retrieved from /home/airflow/.local/lib/python3.8/site-packages/airflow/example_dags/example_short_circuit_operator.py
[2023-11-15T03:10:58.728+0000] {logging_mixin.py:151} INFO - [2023-11-15T03:10:58.727+0000] {dag.py:2941} INFO - Sync 1 DAGs
[2023-11-15T03:10:58.773+0000] {logging_mixin.py:151} INFO - [2023-11-15T03:10:58.772+0000] {dag.py:3722} INFO - Setting next_dagrun for example_short_circuit_operator to 2023-11-14T03:10:58.772478+00:00, run_after=2023-11-15T03:10:58.772478+00:00
[2023-11-15T03:10:58.804+0000] {processor.py:179} INFO - Processing /home/airflow/.local/lib/python3.8/site-packages/airflow/example_dags/example_short_circuit_operator.py took 0.170 seconds
[2023-11-15T03:57:33.820+0000] {processor.py:157} INFO - Started process (PID=40) to work on /home/airflow/.local/lib/python3.8/site-packages/airflow/example_dags/example_short_circuit_operator.py
[2023-11-15T03:57:33.822+0000] {processor.py:829} INFO - Processing file /home/airflow/.local/lib/python3.8/site-packages/airflow/example_dags/example_short_circuit_operator.py for tasks to queue
[2023-11-15T03:57:33.826+0000] {logging_mixin.py:151} INFO - [2023-11-15T03:57:33.825+0000] {dagbag.py:536} INFO - Filling up the DagBag from /home/airflow/.local/lib/python3.8/site-packages/airflow/example_dags/example_short_circuit_operator.py
[2023-11-15T03:57:33.843+0000] {processor.py:839} INFO - DAG(s) dict_keys(['example_short_circuit_operator']) retrieved from /home/airflow/.local/lib/python3.8/site-packages/airflow/example_dags/example_short_circuit_operator.py
[2023-11-15T03:57:33.882+0000] {logging_mixin.py:151} INFO - [2023-11-15T03:57:33.882+0000] {dag.py:2941} INFO - Sync 1 DAGs
[2023-11-15T03:57:33.920+0000] {logging_mixin.py:151} INFO - [2023-11-15T03:57:33.919+0000] {dag.py:3722} INFO - Setting next_dagrun for example_short_circuit_operator to 2023-11-14T03:57:33.919359+00:00, run_after=2023-11-15T03:57:33.919359+00:00
[2023-11-15T03:57:33.949+0000] {processor.py:179} INFO - Processing /home/airflow/.local/lib/python3.8/site-packages/airflow/example_dags/example_short_circuit_operator.py took 0.135 seconds
[2023-11-15T03:58:04.507+0000] {processor.py:157} INFO - Started process (PID=98) to work on /home/airflow/.local/lib/python3.8/site-packages/airflow/example_dags/example_short_circuit_operator.py
[2023-11-15T03:58:04.508+0000] {processor.py:829} INFO - Processing file /home/airflow/.local/lib/python3.8/site-packages/airflow/example_dags/example_short_circuit_operator.py for tasks to queue
[2023-11-15T03:58:04.511+0000] {logging_mixin.py:151} INFO - [2023-11-15T03:58:04.510+0000] {dagbag.py:536} INFO - Filling up the DagBag from /home/airflow/.local/lib/python3.8/site-packages/airflow/example_dags/example_short_circuit_operator.py
[2023-11-15T03:58:04.519+0000] {processor.py:839} INFO - DAG(s) dict_keys(['example_short_circuit_operator']) retrieved from /home/airflow/.local/lib/python3.8/site-packages/airflow/example_dags/example_short_circuit_operator.py
[2023-11-15T03:58:04.548+0000] {logging_mixin.py:151} INFO - [2023-11-15T03:58:04.548+0000] {dag.py:2941} INFO - Sync 1 DAGs
[2023-11-15T03:58:04.579+0000] {logging_mixin.py:151} INFO - [2023-11-15T03:58:04.579+0000] {dag.py:3722} INFO - Setting next_dagrun for example_short_circuit_operator to 2023-11-14T03:58:04.579310+00:00, run_after=2023-11-15T03:58:04.579310+00:00
[2023-11-15T03:58:04.603+0000] {processor.py:179} INFO - Processing /home/airflow/.local/lib/python3.8/site-packages/airflow/example_dags/example_short_circuit_operator.py took 0.099 seconds
[2023-11-15T03:58:34.656+0000] {processor.py:157} INFO - Started process (PID=154) to work on /home/airflow/.local/lib/python3.8/site-packages/airflow/example_dags/example_short_circuit_operator.py
[2023-11-15T03:58:34.677+0000] {processor.py:829} INFO - Processing file /home/airflow/.local/lib/python3.8/site-packages/airflow/example_dags/example_short_circuit_operator.py for tasks to queue
[2023-11-15T03:58:34.681+0000] {logging_mixin.py:151} INFO - [2023-11-15T03:58:34.681+0000] {dagbag.py:536} INFO - Filling up the DagBag from /home/airflow/.local/lib/python3.8/site-packages/airflow/example_dags/example_short_circuit_operator.py
[2023-11-15T03:58:34.700+0000] {processor.py:839} INFO - DAG(s) dict_keys(['example_short_circuit_operator']) retrieved from /home/airflow/.local/lib/python3.8/site-packages/airflow/example_dags/example_short_circuit_operator.py
[2023-11-15T03:58:34.791+0000] {logging_mixin.py:151} INFO - [2023-11-15T03:58:34.790+0000] {dag.py:2941} INFO - Sync 1 DAGs
[2023-11-15T03:58:34.842+0000] {logging_mixin.py:151} INFO - [2023-11-15T03:58:34.841+0000] {dag.py:3722} INFO - Setting next_dagrun for example_short_circuit_operator to 2023-11-14T03:58:34.841553+00:00, run_after=2023-11-15T03:58:34.841553+00:00
[2023-11-15T03:58:34.868+0000] {processor.py:179} INFO - Processing /home/airflow/.local/lib/python3.8/site-packages/airflow/example_dags/example_short_circuit_operator.py took 0.224 seconds
[2023-11-15T03:59:05.099+0000] {processor.py:157} INFO - Started process (PID=214) to work on /home/airflow/.local/lib/python3.8/site-packages/airflow/example_dags/example_short_circuit_operator.py
[2023-11-15T03:59:05.100+0000] {processor.py:829} INFO - Processing file /home/airflow/.local/lib/python3.8/site-packages/airflow/example_dags/example_short_circuit_operator.py for tasks to queue
[2023-11-15T03:59:05.103+0000] {logging_mixin.py:151} INFO - [2023-11-15T03:59:05.103+0000] {dagbag.py:536} INFO - Filling up the DagBag from /home/airflow/.local/lib/python3.8/site-packages/airflow/example_dags/example_short_circuit_operator.py
[2023-11-15T03:59:05.112+0000] {processor.py:839} INFO - DAG(s) dict_keys(['example_short_circuit_operator']) retrieved from /home/airflow/.local/lib/python3.8/site-packages/airflow/example_dags/example_short_circuit_operator.py
[2023-11-15T03:59:05.141+0000] {logging_mixin.py:151} INFO - [2023-11-15T03:59:05.141+0000] {dag.py:2941} INFO - Sync 1 DAGs
[2023-11-15T03:59:05.168+0000] {logging_mixin.py:151} INFO - [2023-11-15T03:59:05.168+0000] {dag.py:3722} INFO - Setting next_dagrun for example_short_circuit_operator to 2023-11-14T03:59:05.167998+00:00, run_after=2023-11-15T03:59:05.167998+00:00
[2023-11-15T03:59:05.191+0000] {processor.py:179} INFO - Processing /home/airflow/.local/lib/python3.8/site-packages/airflow/example_dags/example_short_circuit_operator.py took 0.096 seconds
[2023-11-15T03:59:35.549+0000] {processor.py:157} INFO - Started process (PID=272) to work on /home/airflow/.local/lib/python3.8/site-packages/airflow/example_dags/example_short_circuit_operator.py
[2023-11-15T03:59:35.551+0000] {processor.py:829} INFO - Processing file /home/airflow/.local/lib/python3.8/site-packages/airflow/example_dags/example_short_circuit_operator.py for tasks to queue
[2023-11-15T03:59:35.554+0000] {logging_mixin.py:151} INFO - [2023-11-15T03:59:35.553+0000] {dagbag.py:536} INFO - Filling up the DagBag from /home/airflow/.local/lib/python3.8/site-packages/airflow/example_dags/example_short_circuit_operator.py
[2023-11-15T03:59:35.564+0000] {processor.py:839} INFO - DAG(s) dict_keys(['example_short_circuit_operator']) retrieved from /home/airflow/.local/lib/python3.8/site-packages/airflow/example_dags/example_short_circuit_operator.py
[2023-11-15T03:59:35.597+0000] {logging_mixin.py:151} INFO - [2023-11-15T03:59:35.597+0000] {dag.py:2941} INFO - Sync 1 DAGs
[2023-11-15T03:59:35.629+0000] {logging_mixin.py:151} INFO - [2023-11-15T03:59:35.629+0000] {dag.py:3722} INFO - Setting next_dagrun for example_short_circuit_operator to 2023-11-14T03:59:35.628694+00:00, run_after=2023-11-15T03:59:35.628694+00:00
[2023-11-15T03:59:35.658+0000] {processor.py:179} INFO - Processing /home/airflow/.local/lib/python3.8/site-packages/airflow/example_dags/example_short_circuit_operator.py took 0.113 seconds
[2023-11-15T04:00:05.729+0000] {processor.py:157} INFO - Started process (PID=332) to work on /home/airflow/.local/lib/python3.8/site-packages/airflow/example_dags/example_short_circuit_operator.py
[2023-11-15T04:00:05.731+0000] {processor.py:829} INFO - Processing file /home/airflow/.local/lib/python3.8/site-packages/airflow/example_dags/example_short_circuit_operator.py for tasks to queue
[2023-11-15T04:00:05.734+0000] {logging_mixin.py:151} INFO - [2023-11-15T04:00:05.733+0000] {dagbag.py:536} INFO - Filling up the DagBag from /home/airflow/.local/lib/python3.8/site-packages/airflow/example_dags/example_short_circuit_operator.py
[2023-11-15T04:00:05.742+0000] {processor.py:839} INFO - DAG(s) dict_keys(['example_short_circuit_operator']) retrieved from /home/airflow/.local/lib/python3.8/site-packages/airflow/example_dags/example_short_circuit_operator.py
[2023-11-15T04:00:05.771+0000] {logging_mixin.py:151} INFO - [2023-11-15T04:00:05.771+0000] {dag.py:2941} INFO - Sync 1 DAGs
[2023-11-15T04:00:05.798+0000] {logging_mixin.py:151} INFO - [2023-11-15T04:00:05.798+0000] {dag.py:3722} INFO - Setting next_dagrun for example_short_circuit_operator to 2023-11-14T04:00:05.797791+00:00, run_after=2023-11-15T04:00:05.797791+00:00
[2023-11-15T04:00:05.821+0000] {processor.py:179} INFO - Processing /home/airflow/.local/lib/python3.8/site-packages/airflow/example_dags/example_short_circuit_operator.py took 0.098 seconds
[2023-11-15T04:00:36.541+0000] {processor.py:157} INFO - Started process (PID=391) to work on /home/airflow/.local/lib/python3.8/site-packages/airflow/example_dags/example_short_circuit_operator.py
[2023-11-15T04:00:36.542+0000] {processor.py:829} INFO - Processing file /home/airflow/.local/lib/python3.8/site-packages/airflow/example_dags/example_short_circuit_operator.py for tasks to queue
[2023-11-15T04:00:36.545+0000] {logging_mixin.py:151} INFO - [2023-11-15T04:00:36.545+0000] {dagbag.py:536} INFO - Filling up the DagBag from /home/airflow/.local/lib/python3.8/site-packages/airflow/example_dags/example_short_circuit_operator.py
[2023-11-15T04:00:36.554+0000] {processor.py:839} INFO - DAG(s) dict_keys(['example_short_circuit_operator']) retrieved from /home/airflow/.local/lib/python3.8/site-packages/airflow/example_dags/example_short_circuit_operator.py
[2023-11-15T04:00:36.587+0000] {logging_mixin.py:151} INFO - [2023-11-15T04:00:36.586+0000] {dag.py:2941} INFO - Sync 1 DAGs
[2023-11-15T04:00:36.617+0000] {logging_mixin.py:151} INFO - [2023-11-15T04:00:36.617+0000] {dag.py:3722} INFO - Setting next_dagrun for example_short_circuit_operator to 2023-11-14T04:00:36.617468+00:00, run_after=2023-11-15T04:00:36.617468+00:00
[2023-11-15T04:00:36.640+0000] {processor.py:179} INFO - Processing /home/airflow/.local/lib/python3.8/site-packages/airflow/example_dags/example_short_circuit_operator.py took 0.103 seconds
[2023-11-15T04:01:07.252+0000] {processor.py:157} INFO - Started process (PID=449) to work on /home/airflow/.local/lib/python3.8/site-packages/airflow/example_dags/example_short_circuit_operator.py
[2023-11-15T04:01:07.254+0000] {processor.py:829} INFO - Processing file /home/airflow/.local/lib/python3.8/site-packages/airflow/example_dags/example_short_circuit_operator.py for tasks to queue
[2023-11-15T04:01:07.256+0000] {logging_mixin.py:151} INFO - [2023-11-15T04:01:07.256+0000] {dagbag.py:536} INFO - Filling up the DagBag from /home/airflow/.local/lib/python3.8/site-packages/airflow/example_dags/example_short_circuit_operator.py
[2023-11-15T04:01:07.266+0000] {processor.py:839} INFO - DAG(s) dict_keys(['example_short_circuit_operator']) retrieved from /home/airflow/.local/lib/python3.8/site-packages/airflow/example_dags/example_short_circuit_operator.py
[2023-11-15T04:01:07.296+0000] {logging_mixin.py:151} INFO - [2023-11-15T04:01:07.295+0000] {dag.py:2941} INFO - Sync 1 DAGs
[2023-11-15T04:01:07.326+0000] {logging_mixin.py:151} INFO - [2023-11-15T04:01:07.325+0000] {dag.py:3722} INFO - Setting next_dagrun for example_short_circuit_operator to 2023-11-14T04:01:07.325711+00:00, run_after=2023-11-15T04:01:07.325711+00:00
[2023-11-15T04:01:07.352+0000] {processor.py:179} INFO - Processing /home/airflow/.local/lib/python3.8/site-packages/airflow/example_dags/example_short_circuit_operator.py took 0.104 seconds
[2023-11-15T04:01:37.430+0000] {processor.py:157} INFO - Started process (PID=507) to work on /home/airflow/.local/lib/python3.8/site-packages/airflow/example_dags/example_short_circuit_operator.py
[2023-11-15T04:01:37.432+0000] {processor.py:829} INFO - Processing file /home/airflow/.local/lib/python3.8/site-packages/airflow/example_dags/example_short_circuit_operator.py for tasks to queue
[2023-11-15T04:01:37.435+0000] {logging_mixin.py:151} INFO - [2023-11-15T04:01:37.434+0000] {dagbag.py:536} INFO - Filling up the DagBag from /home/airflow/.local/lib/python3.8/site-packages/airflow/example_dags/example_short_circuit_operator.py
[2023-11-15T04:01:37.443+0000] {processor.py:839} INFO - DAG(s) dict_keys(['example_short_circuit_operator']) retrieved from /home/airflow/.local/lib/python3.8/site-packages/airflow/example_dags/example_short_circuit_operator.py
[2023-11-15T04:01:37.472+0000] {logging_mixin.py:151} INFO - [2023-11-15T04:01:37.472+0000] {dag.py:2941} INFO - Sync 1 DAGs
[2023-11-15T04:01:37.500+0000] {logging_mixin.py:151} INFO - [2023-11-15T04:01:37.500+0000] {dag.py:3722} INFO - Setting next_dagrun for example_short_circuit_operator to 2023-11-14T04:01:37.499844+00:00, run_after=2023-11-15T04:01:37.499844+00:00
[2023-11-15T04:01:37.523+0000] {processor.py:179} INFO - Processing /home/airflow/.local/lib/python3.8/site-packages/airflow/example_dags/example_short_circuit_operator.py took 0.097 seconds
[2023-11-15T04:02:07.553+0000] {processor.py:157} INFO - Started process (PID=569) to work on /home/airflow/.local/lib/python3.8/site-packages/airflow/example_dags/example_short_circuit_operator.py
[2023-11-15T04:02:07.554+0000] {processor.py:829} INFO - Processing file /home/airflow/.local/lib/python3.8/site-packages/airflow/example_dags/example_short_circuit_operator.py for tasks to queue
[2023-11-15T04:02:07.558+0000] {logging_mixin.py:151} INFO - [2023-11-15T04:02:07.557+0000] {dagbag.py:536} INFO - Filling up the DagBag from /home/airflow/.local/lib/python3.8/site-packages/airflow/example_dags/example_short_circuit_operator.py
[2023-11-15T04:02:07.567+0000] {processor.py:839} INFO - DAG(s) dict_keys(['example_short_circuit_operator']) retrieved from /home/airflow/.local/lib/python3.8/site-packages/airflow/example_dags/example_short_circuit_operator.py
[2023-11-15T04:02:07.599+0000] {logging_mixin.py:151} INFO - [2023-11-15T04:02:07.599+0000] {dag.py:2941} INFO - Sync 1 DAGs
[2023-11-15T04:02:07.629+0000] {logging_mixin.py:151} INFO - [2023-11-15T04:02:07.629+0000] {dag.py:3722} INFO - Setting next_dagrun for example_short_circuit_operator to 2023-11-14T04:02:07.629251+00:00, run_after=2023-11-15T04:02:07.629251+00:00
[2023-11-15T04:02:07.659+0000] {processor.py:179} INFO - Processing /home/airflow/.local/lib/python3.8/site-packages/airflow/example_dags/example_short_circuit_operator.py took 0.111 seconds
[2023-11-15T04:02:37.910+0000] {processor.py:157} INFO - Started process (PID=627) to work on /home/airflow/.local/lib/python3.8/site-packages/airflow/example_dags/example_short_circuit_operator.py
[2023-11-15T04:02:37.912+0000] {processor.py:829} INFO - Processing file /home/airflow/.local/lib/python3.8/site-packages/airflow/example_dags/example_short_circuit_operator.py for tasks to queue
[2023-11-15T04:02:37.917+0000] {logging_mixin.py:151} INFO - [2023-11-15T04:02:37.916+0000] {dagbag.py:536} INFO - Filling up the DagBag from /home/airflow/.local/lib/python3.8/site-packages/airflow/example_dags/example_short_circuit_operator.py
[2023-11-15T04:02:37.930+0000] {processor.py:839} INFO - DAG(s) dict_keys(['example_short_circuit_operator']) retrieved from /home/airflow/.local/lib/python3.8/site-packages/airflow/example_dags/example_short_circuit_operator.py
[2023-11-15T04:02:37.956+0000] {logging_mixin.py:151} INFO - [2023-11-15T04:02:37.956+0000] {dag.py:2941} INFO - Sync 1 DAGs
[2023-11-15T04:02:37.980+0000] {logging_mixin.py:151} INFO - [2023-11-15T04:02:37.980+0000] {dag.py:3722} INFO - Setting next_dagrun for example_short_circuit_operator to 2023-11-14T04:02:37.980302+00:00, run_after=2023-11-15T04:02:37.980302+00:00
[2023-11-15T04:02:38.006+0000] {processor.py:179} INFO - Processing /home/airflow/.local/lib/python3.8/site-packages/airflow/example_dags/example_short_circuit_operator.py took 0.101 seconds
[2023-11-15T04:03:08.487+0000] {processor.py:157} INFO - Started process (PID=686) to work on /home/airflow/.local/lib/python3.8/site-packages/airflow/example_dags/example_short_circuit_operator.py
[2023-11-15T04:03:08.488+0000] {processor.py:829} INFO - Processing file /home/airflow/.local/lib/python3.8/site-packages/airflow/example_dags/example_short_circuit_operator.py for tasks to queue
[2023-11-15T04:03:08.490+0000] {logging_mixin.py:151} INFO - [2023-11-15T04:03:08.490+0000] {dagbag.py:536} INFO - Filling up the DagBag from /home/airflow/.local/lib/python3.8/site-packages/airflow/example_dags/example_short_circuit_operator.py
[2023-11-15T04:03:08.499+0000] {processor.py:839} INFO - DAG(s) dict_keys(['example_short_circuit_operator']) retrieved from /home/airflow/.local/lib/python3.8/site-packages/airflow/example_dags/example_short_circuit_operator.py
[2023-11-15T04:03:08.527+0000] {logging_mixin.py:151} INFO - [2023-11-15T04:03:08.526+0000] {dag.py:2941} INFO - Sync 1 DAGs
[2023-11-15T04:03:08.558+0000] {logging_mixin.py:151} INFO - [2023-11-15T04:03:08.558+0000] {dag.py:3722} INFO - Setting next_dagrun for example_short_circuit_operator to 2023-11-14T04:03:08.557634+00:00, run_after=2023-11-15T04:03:08.557634+00:00
[2023-11-15T04:03:08.585+0000] {processor.py:179} INFO - Processing /home/airflow/.local/lib/python3.8/site-packages/airflow/example_dags/example_short_circuit_operator.py took 0.102 seconds
[2023-11-15T04:03:38.706+0000] {processor.py:157} INFO - Started process (PID=745) to work on /home/airflow/.local/lib/python3.8/site-packages/airflow/example_dags/example_short_circuit_operator.py
[2023-11-15T04:03:38.707+0000] {processor.py:829} INFO - Processing file /home/airflow/.local/lib/python3.8/site-packages/airflow/example_dags/example_short_circuit_operator.py for tasks to queue
[2023-11-15T04:03:38.709+0000] {logging_mixin.py:151} INFO - [2023-11-15T04:03:38.709+0000] {dagbag.py:536} INFO - Filling up the DagBag from /home/airflow/.local/lib/python3.8/site-packages/airflow/example_dags/example_short_circuit_operator.py
[2023-11-15T04:03:38.719+0000] {processor.py:839} INFO - DAG(s) dict_keys(['example_short_circuit_operator']) retrieved from /home/airflow/.local/lib/python3.8/site-packages/airflow/example_dags/example_short_circuit_operator.py
[2023-11-15T04:03:38.747+0000] {logging_mixin.py:151} INFO - [2023-11-15T04:03:38.747+0000] {dag.py:2941} INFO - Sync 1 DAGs
[2023-11-15T04:03:38.775+0000] {logging_mixin.py:151} INFO - [2023-11-15T04:03:38.775+0000] {dag.py:3722} INFO - Setting next_dagrun for example_short_circuit_operator to 2023-11-14T04:03:38.774889+00:00, run_after=2023-11-15T04:03:38.774889+00:00
[2023-11-15T04:03:38.797+0000] {processor.py:179} INFO - Processing /home/airflow/.local/lib/python3.8/site-packages/airflow/example_dags/example_short_circuit_operator.py took 0.096 seconds
[2023-11-15T04:04:08.908+0000] {processor.py:157} INFO - Started process (PID=805) to work on /home/airflow/.local/lib/python3.8/site-packages/airflow/example_dags/example_short_circuit_operator.py
[2023-11-15T04:04:08.910+0000] {processor.py:829} INFO - Processing file /home/airflow/.local/lib/python3.8/site-packages/airflow/example_dags/example_short_circuit_operator.py for tasks to queue
[2023-11-15T04:04:08.915+0000] {logging_mixin.py:151} INFO - [2023-11-15T04:04:08.914+0000] {dagbag.py:536} INFO - Filling up the DagBag from /home/airflow/.local/lib/python3.8/site-packages/airflow/example_dags/example_short_circuit_operator.py
[2023-11-15T04:04:08.926+0000] {processor.py:839} INFO - DAG(s) dict_keys(['example_short_circuit_operator']) retrieved from /home/airflow/.local/lib/python3.8/site-packages/airflow/example_dags/example_short_circuit_operator.py
[2023-11-15T04:04:08.956+0000] {logging_mixin.py:151} INFO - [2023-11-15T04:04:08.956+0000] {dag.py:2941} INFO - Sync 1 DAGs
[2023-11-15T04:04:08.989+0000] {logging_mixin.py:151} INFO - [2023-11-15T04:04:08.989+0000] {dag.py:3722} INFO - Setting next_dagrun for example_short_circuit_operator to 2023-11-14T04:04:08.989160+00:00, run_after=2023-11-15T04:04:08.989160+00:00
[2023-11-15T04:04:09.025+0000] {processor.py:179} INFO - Processing /home/airflow/.local/lib/python3.8/site-packages/airflow/example_dags/example_short_circuit_operator.py took 0.124 seconds
[2023-11-15T04:04:39.407+0000] {processor.py:157} INFO - Started process (PID=864) to work on /home/airflow/.local/lib/python3.8/site-packages/airflow/example_dags/example_short_circuit_operator.py
[2023-11-15T04:04:39.408+0000] {processor.py:829} INFO - Processing file /home/airflow/.local/lib/python3.8/site-packages/airflow/example_dags/example_short_circuit_operator.py for tasks to queue
[2023-11-15T04:04:39.410+0000] {logging_mixin.py:151} INFO - [2023-11-15T04:04:39.410+0000] {dagbag.py:536} INFO - Filling up the DagBag from /home/airflow/.local/lib/python3.8/site-packages/airflow/example_dags/example_short_circuit_operator.py
[2023-11-15T04:04:39.420+0000] {processor.py:839} INFO - DAG(s) dict_keys(['example_short_circuit_operator']) retrieved from /home/airflow/.local/lib/python3.8/site-packages/airflow/example_dags/example_short_circuit_operator.py
[2023-11-15T04:04:39.450+0000] {logging_mixin.py:151} INFO - [2023-11-15T04:04:39.450+0000] {dag.py:2941} INFO - Sync 1 DAGs
[2023-11-15T04:04:39.482+0000] {logging_mixin.py:151} INFO - [2023-11-15T04:04:39.482+0000] {dag.py:3722} INFO - Setting next_dagrun for example_short_circuit_operator to 2023-11-14T04:04:39.481997+00:00, run_after=2023-11-15T04:04:39.481997+00:00
[2023-11-15T04:04:39.508+0000] {processor.py:179} INFO - Processing /home/airflow/.local/lib/python3.8/site-packages/airflow/example_dags/example_short_circuit_operator.py took 0.105 seconds
[2023-11-15T04:05:09.622+0000] {processor.py:157} INFO - Started process (PID=922) to work on /home/airflow/.local/lib/python3.8/site-packages/airflow/example_dags/example_short_circuit_operator.py
[2023-11-15T04:05:09.624+0000] {processor.py:829} INFO - Processing file /home/airflow/.local/lib/python3.8/site-packages/airflow/example_dags/example_short_circuit_operator.py for tasks to queue
[2023-11-15T04:05:09.626+0000] {logging_mixin.py:151} INFO - [2023-11-15T04:05:09.626+0000] {dagbag.py:536} INFO - Filling up the DagBag from /home/airflow/.local/lib/python3.8/site-packages/airflow/example_dags/example_short_circuit_operator.py
[2023-11-15T04:05:09.636+0000] {processor.py:839} INFO - DAG(s) dict_keys(['example_short_circuit_operator']) retrieved from /home/airflow/.local/lib/python3.8/site-packages/airflow/example_dags/example_short_circuit_operator.py
[2023-11-15T04:05:09.667+0000] {logging_mixin.py:151} INFO - [2023-11-15T04:05:09.666+0000] {dag.py:2941} INFO - Sync 1 DAGs
[2023-11-15T04:05:09.699+0000] {logging_mixin.py:151} INFO - [2023-11-15T04:05:09.698+0000] {dag.py:3722} INFO - Setting next_dagrun for example_short_circuit_operator to 2023-11-14T04:05:09.698567+00:00, run_after=2023-11-15T04:05:09.698567+00:00
[2023-11-15T04:05:09.725+0000] {processor.py:179} INFO - Processing /home/airflow/.local/lib/python3.8/site-packages/airflow/example_dags/example_short_circuit_operator.py took 0.107 seconds
[2023-11-15T04:05:40.067+0000] {processor.py:157} INFO - Started process (PID=981) to work on /home/airflow/.local/lib/python3.8/site-packages/airflow/example_dags/example_short_circuit_operator.py
[2023-11-15T04:05:40.068+0000] {processor.py:829} INFO - Processing file /home/airflow/.local/lib/python3.8/site-packages/airflow/example_dags/example_short_circuit_operator.py for tasks to queue
[2023-11-15T04:05:40.070+0000] {logging_mixin.py:151} INFO - [2023-11-15T04:05:40.070+0000] {dagbag.py:536} INFO - Filling up the DagBag from /home/airflow/.local/lib/python3.8/site-packages/airflow/example_dags/example_short_circuit_operator.py
[2023-11-15T04:05:40.080+0000] {processor.py:839} INFO - DAG(s) dict_keys(['example_short_circuit_operator']) retrieved from /home/airflow/.local/lib/python3.8/site-packages/airflow/example_dags/example_short_circuit_operator.py
[2023-11-15T04:05:40.111+0000] {logging_mixin.py:151} INFO - [2023-11-15T04:05:40.110+0000] {dag.py:2941} INFO - Sync 1 DAGs
[2023-11-15T04:05:40.140+0000] {logging_mixin.py:151} INFO - [2023-11-15T04:05:40.139+0000] {dag.py:3722} INFO - Setting next_dagrun for example_short_circuit_operator to 2023-11-14T04:05:40.139492+00:00, run_after=2023-11-15T04:05:40.139492+00:00
[2023-11-15T04:05:40.165+0000] {processor.py:179} INFO - Processing /home/airflow/.local/lib/python3.8/site-packages/airflow/example_dags/example_short_circuit_operator.py took 0.104 seconds
[2023-11-15T04:06:10.724+0000] {processor.py:157} INFO - Started process (PID=1040) to work on /home/airflow/.local/lib/python3.8/site-packages/airflow/example_dags/example_short_circuit_operator.py
[2023-11-15T04:06:10.726+0000] {processor.py:829} INFO - Processing file /home/airflow/.local/lib/python3.8/site-packages/airflow/example_dags/example_short_circuit_operator.py for tasks to queue
[2023-11-15T04:06:10.729+0000] {logging_mixin.py:151} INFO - [2023-11-15T04:06:10.729+0000] {dagbag.py:536} INFO - Filling up the DagBag from /home/airflow/.local/lib/python3.8/site-packages/airflow/example_dags/example_short_circuit_operator.py
[2023-11-15T04:06:10.739+0000] {processor.py:839} INFO - DAG(s) dict_keys(['example_short_circuit_operator']) retrieved from /home/airflow/.local/lib/python3.8/site-packages/airflow/example_dags/example_short_circuit_operator.py
[2023-11-15T04:06:10.769+0000] {logging_mixin.py:151} INFO - [2023-11-15T04:06:10.769+0000] {dag.py:2941} INFO - Sync 1 DAGs
[2023-11-15T04:06:10.800+0000] {logging_mixin.py:151} INFO - [2023-11-15T04:06:10.800+0000] {dag.py:3722} INFO - Setting next_dagrun for example_short_circuit_operator to 2023-11-14T04:06:10.799714+00:00, run_after=2023-11-15T04:06:10.799714+00:00
[2023-11-15T04:06:10.825+0000] {processor.py:179} INFO - Processing /home/airflow/.local/lib/python3.8/site-packages/airflow/example_dags/example_short_circuit_operator.py took 0.107 seconds
[2023-11-15T04:06:41.210+0000] {processor.py:157} INFO - Started process (PID=1099) to work on /home/airflow/.local/lib/python3.8/site-packages/airflow/example_dags/example_short_circuit_operator.py
[2023-11-15T04:06:41.213+0000] {processor.py:829} INFO - Processing file /home/airflow/.local/lib/python3.8/site-packages/airflow/example_dags/example_short_circuit_operator.py for tasks to queue
[2023-11-15T04:06:41.220+0000] {logging_mixin.py:151} INFO - [2023-11-15T04:06:41.219+0000] {dagbag.py:536} INFO - Filling up the DagBag from /home/airflow/.local/lib/python3.8/site-packages/airflow/example_dags/example_short_circuit_operator.py
[2023-11-15T04:06:41.232+0000] {processor.py:839} INFO - DAG(s) dict_keys(['example_short_circuit_operator']) retrieved from /home/airflow/.local/lib/python3.8/site-packages/airflow/example_dags/example_short_circuit_operator.py
[2023-11-15T04:06:41.262+0000] {logging_mixin.py:151} INFO - [2023-11-15T04:06:41.262+0000] {dag.py:2941} INFO - Sync 1 DAGs
[2023-11-15T04:06:41.292+0000] {logging_mixin.py:151} INFO - [2023-11-15T04:06:41.292+0000] {dag.py:3722} INFO - Setting next_dagrun for example_short_circuit_operator to 2023-11-14T04:06:41.291796+00:00, run_after=2023-11-15T04:06:41.291796+00:00
[2023-11-15T04:06:41.319+0000] {processor.py:179} INFO - Processing /home/airflow/.local/lib/python3.8/site-packages/airflow/example_dags/example_short_circuit_operator.py took 0.114 seconds
[2023-11-15T04:07:11.959+0000] {processor.py:157} INFO - Started process (PID=1157) to work on /home/airflow/.local/lib/python3.8/site-packages/airflow/example_dags/example_short_circuit_operator.py
[2023-11-15T04:07:11.961+0000] {processor.py:829} INFO - Processing file /home/airflow/.local/lib/python3.8/site-packages/airflow/example_dags/example_short_circuit_operator.py for tasks to queue
[2023-11-15T04:07:11.964+0000] {logging_mixin.py:151} INFO - [2023-11-15T04:07:11.964+0000] {dagbag.py:536} INFO - Filling up the DagBag from /home/airflow/.local/lib/python3.8/site-packages/airflow/example_dags/example_short_circuit_operator.py
[2023-11-15T04:07:11.973+0000] {processor.py:839} INFO - DAG(s) dict_keys(['example_short_circuit_operator']) retrieved from /home/airflow/.local/lib/python3.8/site-packages/airflow/example_dags/example_short_circuit_operator.py
[2023-11-15T04:07:12.001+0000] {logging_mixin.py:151} INFO - [2023-11-15T04:07:12.001+0000] {dag.py:2941} INFO - Sync 1 DAGs
[2023-11-15T04:07:12.030+0000] {logging_mixin.py:151} INFO - [2023-11-15T04:07:12.030+0000] {dag.py:3722} INFO - Setting next_dagrun for example_short_circuit_operator to 2023-11-14T04:07:12.030070+00:00, run_after=2023-11-15T04:07:12.030070+00:00
[2023-11-15T04:07:12.061+0000] {processor.py:179} INFO - Processing /home/airflow/.local/lib/python3.8/site-packages/airflow/example_dags/example_short_circuit_operator.py took 0.106 seconds
[2023-11-15T04:07:42.382+0000] {processor.py:157} INFO - Started process (PID=1214) to work on /home/airflow/.local/lib/python3.8/site-packages/airflow/example_dags/example_short_circuit_operator.py
[2023-11-15T04:07:42.384+0000] {processor.py:829} INFO - Processing file /home/airflow/.local/lib/python3.8/site-packages/airflow/example_dags/example_short_circuit_operator.py for tasks to queue
[2023-11-15T04:07:42.387+0000] {logging_mixin.py:151} INFO - [2023-11-15T04:07:42.387+0000] {dagbag.py:536} INFO - Filling up the DagBag from /home/airflow/.local/lib/python3.8/site-packages/airflow/example_dags/example_short_circuit_operator.py
[2023-11-15T04:07:42.400+0000] {processor.py:839} INFO - DAG(s) dict_keys(['example_short_circuit_operator']) retrieved from /home/airflow/.local/lib/python3.8/site-packages/airflow/example_dags/example_short_circuit_operator.py
[2023-11-15T04:07:42.429+0000] {logging_mixin.py:151} INFO - [2023-11-15T04:07:42.429+0000] {dag.py:2941} INFO - Sync 1 DAGs
[2023-11-15T04:07:42.458+0000] {logging_mixin.py:151} INFO - [2023-11-15T04:07:42.458+0000] {dag.py:3722} INFO - Setting next_dagrun for example_short_circuit_operator to 2023-11-14T04:07:42.458090+00:00, run_after=2023-11-15T04:07:42.458090+00:00
[2023-11-15T04:07:42.483+0000] {processor.py:179} INFO - Processing /home/airflow/.local/lib/python3.8/site-packages/airflow/example_dags/example_short_circuit_operator.py took 0.105 seconds
[2023-11-15T04:08:12.550+0000] {processor.py:157} INFO - Started process (PID=1271) to work on /home/airflow/.local/lib/python3.8/site-packages/airflow/example_dags/example_short_circuit_operator.py
[2023-11-15T04:08:12.551+0000] {processor.py:829} INFO - Processing file /home/airflow/.local/lib/python3.8/site-packages/airflow/example_dags/example_short_circuit_operator.py for tasks to queue
[2023-11-15T04:08:12.554+0000] {logging_mixin.py:151} INFO - [2023-11-15T04:08:12.554+0000] {dagbag.py:536} INFO - Filling up the DagBag from /home/airflow/.local/lib/python3.8/site-packages/airflow/example_dags/example_short_circuit_operator.py
[2023-11-15T04:08:12.563+0000] {processor.py:839} INFO - DAG(s) dict_keys(['example_short_circuit_operator']) retrieved from /home/airflow/.local/lib/python3.8/site-packages/airflow/example_dags/example_short_circuit_operator.py
[2023-11-15T04:08:12.593+0000] {logging_mixin.py:151} INFO - [2023-11-15T04:08:12.593+0000] {dag.py:2941} INFO - Sync 1 DAGs
[2023-11-15T04:08:12.623+0000] {logging_mixin.py:151} INFO - [2023-11-15T04:08:12.623+0000] {dag.py:3722} INFO - Setting next_dagrun for example_short_circuit_operator to 2023-11-14T04:08:12.622742+00:00, run_after=2023-11-15T04:08:12.622742+00:00
[2023-11-15T04:08:12.647+0000] {processor.py:179} INFO - Processing /home/airflow/.local/lib/python3.8/site-packages/airflow/example_dags/example_short_circuit_operator.py took 0.101 seconds
[2023-11-15T04:08:42.989+0000] {processor.py:157} INFO - Started process (PID=1329) to work on /home/airflow/.local/lib/python3.8/site-packages/airflow/example_dags/example_short_circuit_operator.py
[2023-11-15T04:08:42.991+0000] {processor.py:829} INFO - Processing file /home/airflow/.local/lib/python3.8/site-packages/airflow/example_dags/example_short_circuit_operator.py for tasks to queue
[2023-11-15T04:08:42.993+0000] {logging_mixin.py:151} INFO - [2023-11-15T04:08:42.993+0000] {dagbag.py:536} INFO - Filling up the DagBag from /home/airflow/.local/lib/python3.8/site-packages/airflow/example_dags/example_short_circuit_operator.py
[2023-11-15T04:08:43.005+0000] {processor.py:839} INFO - DAG(s) dict_keys(['example_short_circuit_operator']) retrieved from /home/airflow/.local/lib/python3.8/site-packages/airflow/example_dags/example_short_circuit_operator.py
[2023-11-15T04:08:43.036+0000] {logging_mixin.py:151} INFO - [2023-11-15T04:08:43.036+0000] {dag.py:2941} INFO - Sync 1 DAGs
[2023-11-15T04:08:43.069+0000] {logging_mixin.py:151} INFO - [2023-11-15T04:08:43.068+0000] {dag.py:3722} INFO - Setting next_dagrun for example_short_circuit_operator to 2023-11-14T04:08:43.068611+00:00, run_after=2023-11-15T04:08:43.068611+00:00
[2023-11-15T04:08:43.099+0000] {processor.py:179} INFO - Processing /home/airflow/.local/lib/python3.8/site-packages/airflow/example_dags/example_short_circuit_operator.py took 0.114 seconds
[2023-11-15T04:09:13.588+0000] {processor.py:157} INFO - Started process (PID=1386) to work on /home/airflow/.local/lib/python3.8/site-packages/airflow/example_dags/example_short_circuit_operator.py
[2023-11-15T04:09:13.588+0000] {processor.py:829} INFO - Processing file /home/airflow/.local/lib/python3.8/site-packages/airflow/example_dags/example_short_circuit_operator.py for tasks to queue
[2023-11-15T04:09:13.591+0000] {logging_mixin.py:151} INFO - [2023-11-15T04:09:13.590+0000] {dagbag.py:536} INFO - Filling up the DagBag from /home/airflow/.local/lib/python3.8/site-packages/airflow/example_dags/example_short_circuit_operator.py
[2023-11-15T04:09:13.601+0000] {processor.py:839} INFO - DAG(s) dict_keys(['example_short_circuit_operator']) retrieved from /home/airflow/.local/lib/python3.8/site-packages/airflow/example_dags/example_short_circuit_operator.py
[2023-11-15T04:09:13.674+0000] {logging_mixin.py:151} INFO - [2023-11-15T04:09:13.673+0000] {dag.py:2941} INFO - Sync 1 DAGs
[2023-11-15T04:09:13.799+0000] {logging_mixin.py:151} INFO - [2023-11-15T04:09:13.799+0000] {dag.py:3722} INFO - Setting next_dagrun for example_short_circuit_operator to 2023-11-14T04:09:13.798715+00:00, run_after=2023-11-15T04:09:13.798715+00:00
[2023-11-15T04:09:13.838+0000] {processor.py:179} INFO - Processing /home/airflow/.local/lib/python3.8/site-packages/airflow/example_dags/example_short_circuit_operator.py took 0.254 seconds
[2023-11-15T04:09:44.108+0000] {processor.py:157} INFO - Started process (PID=1443) to work on /home/airflow/.local/lib/python3.8/site-packages/airflow/example_dags/example_short_circuit_operator.py
[2023-11-15T04:09:44.109+0000] {processor.py:829} INFO - Processing file /home/airflow/.local/lib/python3.8/site-packages/airflow/example_dags/example_short_circuit_operator.py for tasks to queue
[2023-11-15T04:09:44.111+0000] {logging_mixin.py:151} INFO - [2023-11-15T04:09:44.111+0000] {dagbag.py:536} INFO - Filling up the DagBag from /home/airflow/.local/lib/python3.8/site-packages/airflow/example_dags/example_short_circuit_operator.py
[2023-11-15T04:09:44.120+0000] {processor.py:839} INFO - DAG(s) dict_keys(['example_short_circuit_operator']) retrieved from /home/airflow/.local/lib/python3.8/site-packages/airflow/example_dags/example_short_circuit_operator.py
[2023-11-15T04:09:44.149+0000] {logging_mixin.py:151} INFO - [2023-11-15T04:09:44.148+0000] {dag.py:2941} INFO - Sync 1 DAGs
[2023-11-15T04:09:44.176+0000] {logging_mixin.py:151} INFO - [2023-11-15T04:09:44.175+0000] {dag.py:3722} INFO - Setting next_dagrun for example_short_circuit_operator to 2023-11-14T04:09:44.175588+00:00, run_after=2023-11-15T04:09:44.175588+00:00
[2023-11-15T04:09:44.199+0000] {processor.py:179} INFO - Processing /home/airflow/.local/lib/python3.8/site-packages/airflow/example_dags/example_short_circuit_operator.py took 0.095 seconds
[2023-11-15T04:10:14.600+0000] {processor.py:157} INFO - Started process (PID=1500) to work on /home/airflow/.local/lib/python3.8/site-packages/airflow/example_dags/example_short_circuit_operator.py
[2023-11-15T04:10:14.601+0000] {processor.py:829} INFO - Processing file /home/airflow/.local/lib/python3.8/site-packages/airflow/example_dags/example_short_circuit_operator.py for tasks to queue
[2023-11-15T04:10:14.603+0000] {logging_mixin.py:151} INFO - [2023-11-15T04:10:14.603+0000] {dagbag.py:536} INFO - Filling up the DagBag from /home/airflow/.local/lib/python3.8/site-packages/airflow/example_dags/example_short_circuit_operator.py
[2023-11-15T04:10:14.612+0000] {processor.py:839} INFO - DAG(s) dict_keys(['example_short_circuit_operator']) retrieved from /home/airflow/.local/lib/python3.8/site-packages/airflow/example_dags/example_short_circuit_operator.py
[2023-11-15T04:10:14.643+0000] {logging_mixin.py:151} INFO - [2023-11-15T04:10:14.643+0000] {dag.py:2941} INFO - Sync 1 DAGs
[2023-11-15T04:10:14.674+0000] {logging_mixin.py:151} INFO - [2023-11-15T04:10:14.673+0000] {dag.py:3722} INFO - Setting next_dagrun for example_short_circuit_operator to 2023-11-14T04:10:14.673371+00:00, run_after=2023-11-15T04:10:14.673371+00:00
[2023-11-15T04:10:14.699+0000] {processor.py:179} INFO - Processing /home/airflow/.local/lib/python3.8/site-packages/airflow/example_dags/example_short_circuit_operator.py took 0.103 seconds
[2023-11-15T04:10:45.425+0000] {processor.py:157} INFO - Started process (PID=1558) to work on /home/airflow/.local/lib/python3.8/site-packages/airflow/example_dags/example_short_circuit_operator.py
[2023-11-15T04:10:45.426+0000] {processor.py:829} INFO - Processing file /home/airflow/.local/lib/python3.8/site-packages/airflow/example_dags/example_short_circuit_operator.py for tasks to queue
[2023-11-15T04:10:45.428+0000] {logging_mixin.py:151} INFO - [2023-11-15T04:10:45.428+0000] {dagbag.py:536} INFO - Filling up the DagBag from /home/airflow/.local/lib/python3.8/site-packages/airflow/example_dags/example_short_circuit_operator.py
[2023-11-15T04:10:45.437+0000] {processor.py:839} INFO - DAG(s) dict_keys(['example_short_circuit_operator']) retrieved from /home/airflow/.local/lib/python3.8/site-packages/airflow/example_dags/example_short_circuit_operator.py
[2023-11-15T04:10:45.466+0000] {logging_mixin.py:151} INFO - [2023-11-15T04:10:45.466+0000] {dag.py:2941} INFO - Sync 1 DAGs
[2023-11-15T04:10:45.493+0000] {logging_mixin.py:151} INFO - [2023-11-15T04:10:45.492+0000] {dag.py:3722} INFO - Setting next_dagrun for example_short_circuit_operator to 2023-11-14T04:10:45.492591+00:00, run_after=2023-11-15T04:10:45.492591+00:00
[2023-11-15T04:10:45.515+0000] {processor.py:179} INFO - Processing /home/airflow/.local/lib/python3.8/site-packages/airflow/example_dags/example_short_circuit_operator.py took 0.095 seconds
[2023-11-15T04:11:15.705+0000] {processor.py:157} INFO - Started process (PID=1620) to work on /home/airflow/.local/lib/python3.8/site-packages/airflow/example_dags/example_short_circuit_operator.py
[2023-11-15T04:11:15.706+0000] {processor.py:829} INFO - Processing file /home/airflow/.local/lib/python3.8/site-packages/airflow/example_dags/example_short_circuit_operator.py for tasks to queue
[2023-11-15T04:11:15.708+0000] {logging_mixin.py:151} INFO - [2023-11-15T04:11:15.708+0000] {dagbag.py:536} INFO - Filling up the DagBag from /home/airflow/.local/lib/python3.8/site-packages/airflow/example_dags/example_short_circuit_operator.py
[2023-11-15T04:11:15.717+0000] {processor.py:839} INFO - DAG(s) dict_keys(['example_short_circuit_operator']) retrieved from /home/airflow/.local/lib/python3.8/site-packages/airflow/example_dags/example_short_circuit_operator.py
[2023-11-15T04:11:15.746+0000] {logging_mixin.py:151} INFO - [2023-11-15T04:11:15.745+0000] {dag.py:2941} INFO - Sync 1 DAGs
[2023-11-15T04:11:15.774+0000] {logging_mixin.py:151} INFO - [2023-11-15T04:11:15.773+0000] {dag.py:3722} INFO - Setting next_dagrun for example_short_circuit_operator to 2023-11-14T04:11:15.773720+00:00, run_after=2023-11-15T04:11:15.773720+00:00
[2023-11-15T04:11:15.796+0000] {processor.py:179} INFO - Processing /home/airflow/.local/lib/python3.8/site-packages/airflow/example_dags/example_short_circuit_operator.py took 0.095 seconds
[2023-11-15T04:11:46.162+0000] {processor.py:157} INFO - Started process (PID=1678) to work on /home/airflow/.local/lib/python3.8/site-packages/airflow/example_dags/example_short_circuit_operator.py
[2023-11-15T04:11:46.163+0000] {processor.py:829} INFO - Processing file /home/airflow/.local/lib/python3.8/site-packages/airflow/example_dags/example_short_circuit_operator.py for tasks to queue
[2023-11-15T04:11:46.166+0000] {logging_mixin.py:151} INFO - [2023-11-15T04:11:46.166+0000] {dagbag.py:536} INFO - Filling up the DagBag from /home/airflow/.local/lib/python3.8/site-packages/airflow/example_dags/example_short_circuit_operator.py
[2023-11-15T04:11:46.175+0000] {processor.py:839} INFO - DAG(s) dict_keys(['example_short_circuit_operator']) retrieved from /home/airflow/.local/lib/python3.8/site-packages/airflow/example_dags/example_short_circuit_operator.py
[2023-11-15T04:11:46.205+0000] {logging_mixin.py:151} INFO - [2023-11-15T04:11:46.205+0000] {dag.py:2941} INFO - Sync 1 DAGs
[2023-11-15T04:11:46.233+0000] {logging_mixin.py:151} INFO - [2023-11-15T04:11:46.233+0000] {dag.py:3722} INFO - Setting next_dagrun for example_short_circuit_operator to 2023-11-14T04:11:46.232793+00:00, run_after=2023-11-15T04:11:46.232793+00:00
[2023-11-15T04:11:46.432+0000] {processor.py:179} INFO - Processing /home/airflow/.local/lib/python3.8/site-packages/airflow/example_dags/example_short_circuit_operator.py took 0.274 seconds
[2023-11-15T04:12:16.462+0000] {processor.py:157} INFO - Started process (PID=1738) to work on /home/airflow/.local/lib/python3.8/site-packages/airflow/example_dags/example_short_circuit_operator.py
[2023-11-15T04:12:16.463+0000] {processor.py:829} INFO - Processing file /home/airflow/.local/lib/python3.8/site-packages/airflow/example_dags/example_short_circuit_operator.py for tasks to queue
[2023-11-15T04:12:16.465+0000] {logging_mixin.py:151} INFO - [2023-11-15T04:12:16.465+0000] {dagbag.py:536} INFO - Filling up the DagBag from /home/airflow/.local/lib/python3.8/site-packages/airflow/example_dags/example_short_circuit_operator.py
[2023-11-15T04:12:16.474+0000] {processor.py:839} INFO - DAG(s) dict_keys(['example_short_circuit_operator']) retrieved from /home/airflow/.local/lib/python3.8/site-packages/airflow/example_dags/example_short_circuit_operator.py
[2023-11-15T04:12:16.504+0000] {logging_mixin.py:151} INFO - [2023-11-15T04:12:16.504+0000] {dag.py:2941} INFO - Sync 1 DAGs
[2023-11-15T04:12:16.531+0000] {logging_mixin.py:151} INFO - [2023-11-15T04:12:16.531+0000] {dag.py:3722} INFO - Setting next_dagrun for example_short_circuit_operator to 2023-11-14T04:12:16.530861+00:00, run_after=2023-11-15T04:12:16.530861+00:00
[2023-11-15T04:12:16.720+0000] {processor.py:179} INFO - Processing /home/airflow/.local/lib/python3.8/site-packages/airflow/example_dags/example_short_circuit_operator.py took 0.263 seconds
[2023-11-15T04:12:47.587+0000] {processor.py:157} INFO - Started process (PID=1802) to work on /home/airflow/.local/lib/python3.8/site-packages/airflow/example_dags/example_short_circuit_operator.py
[2023-11-15T04:12:47.589+0000] {processor.py:829} INFO - Processing file /home/airflow/.local/lib/python3.8/site-packages/airflow/example_dags/example_short_circuit_operator.py for tasks to queue
[2023-11-15T04:12:47.591+0000] {logging_mixin.py:151} INFO - [2023-11-15T04:12:47.591+0000] {dagbag.py:536} INFO - Filling up the DagBag from /home/airflow/.local/lib/python3.8/site-packages/airflow/example_dags/example_short_circuit_operator.py
[2023-11-15T04:12:47.600+0000] {processor.py:839} INFO - DAG(s) dict_keys(['example_short_circuit_operator']) retrieved from /home/airflow/.local/lib/python3.8/site-packages/airflow/example_dags/example_short_circuit_operator.py
[2023-11-15T04:12:47.628+0000] {logging_mixin.py:151} INFO - [2023-11-15T04:12:47.628+0000] {dag.py:2941} INFO - Sync 1 DAGs
[2023-11-15T04:12:47.657+0000] {logging_mixin.py:151} INFO - [2023-11-15T04:12:47.657+0000] {dag.py:3722} INFO - Setting next_dagrun for example_short_circuit_operator to 2023-11-14T04:12:47.657133+00:00, run_after=2023-11-15T04:12:47.657133+00:00
[2023-11-15T04:12:47.893+0000] {processor.py:179} INFO - Processing /home/airflow/.local/lib/python3.8/site-packages/airflow/example_dags/example_short_circuit_operator.py took 0.310 seconds
[2023-11-15T04:13:18.412+0000] {processor.py:157} INFO - Started process (PID=1863) to work on /home/airflow/.local/lib/python3.8/site-packages/airflow/example_dags/example_short_circuit_operator.py
[2023-11-15T04:13:18.413+0000] {processor.py:829} INFO - Processing file /home/airflow/.local/lib/python3.8/site-packages/airflow/example_dags/example_short_circuit_operator.py for tasks to queue
[2023-11-15T04:13:18.415+0000] {logging_mixin.py:151} INFO - [2023-11-15T04:13:18.415+0000] {dagbag.py:536} INFO - Filling up the DagBag from /home/airflow/.local/lib/python3.8/site-packages/airflow/example_dags/example_short_circuit_operator.py
[2023-11-15T04:13:18.425+0000] {processor.py:839} INFO - DAG(s) dict_keys(['example_short_circuit_operator']) retrieved from /home/airflow/.local/lib/python3.8/site-packages/airflow/example_dags/example_short_circuit_operator.py
[2023-11-15T04:13:18.455+0000] {logging_mixin.py:151} INFO - [2023-11-15T04:13:18.455+0000] {dag.py:2941} INFO - Sync 1 DAGs
[2023-11-15T04:13:18.483+0000] {logging_mixin.py:151} INFO - [2023-11-15T04:13:18.483+0000] {dag.py:3722} INFO - Setting next_dagrun for example_short_circuit_operator to 2023-11-14T04:13:18.483199+00:00, run_after=2023-11-15T04:13:18.483199+00:00
[2023-11-15T04:13:18.674+0000] {processor.py:179} INFO - Processing /home/airflow/.local/lib/python3.8/site-packages/airflow/example_dags/example_short_circuit_operator.py took 0.266 seconds
[2023-11-15T04:13:48.886+0000] {processor.py:157} INFO - Started process (PID=1927) to work on /home/airflow/.local/lib/python3.8/site-packages/airflow/example_dags/example_short_circuit_operator.py
[2023-11-15T04:13:48.887+0000] {processor.py:829} INFO - Processing file /home/airflow/.local/lib/python3.8/site-packages/airflow/example_dags/example_short_circuit_operator.py for tasks to queue
[2023-11-15T04:13:48.890+0000] {logging_mixin.py:151} INFO - [2023-11-15T04:13:48.890+0000] {dagbag.py:536} INFO - Filling up the DagBag from /home/airflow/.local/lib/python3.8/site-packages/airflow/example_dags/example_short_circuit_operator.py
[2023-11-15T04:13:48.902+0000] {processor.py:839} INFO - DAG(s) dict_keys(['example_short_circuit_operator']) retrieved from /home/airflow/.local/lib/python3.8/site-packages/airflow/example_dags/example_short_circuit_operator.py
[2023-11-15T04:13:48.938+0000] {logging_mixin.py:151} INFO - [2023-11-15T04:13:48.937+0000] {dag.py:2941} INFO - Sync 1 DAGs
[2023-11-15T04:13:48.969+0000] {logging_mixin.py:151} INFO - [2023-11-15T04:13:48.969+0000] {dag.py:3722} INFO - Setting next_dagrun for example_short_circuit_operator to 2023-11-14T04:13:48.969121+00:00, run_after=2023-11-15T04:13:48.969121+00:00
[2023-11-15T04:13:49.000+0000] {processor.py:179} INFO - Processing /home/airflow/.local/lib/python3.8/site-packages/airflow/example_dags/example_short_circuit_operator.py took 0.121 seconds
[2023-11-15T04:14:19.813+0000] {processor.py:157} INFO - Started process (PID=1984) to work on /home/airflow/.local/lib/python3.8/site-packages/airflow/example_dags/example_short_circuit_operator.py
[2023-11-15T04:14:19.815+0000] {processor.py:829} INFO - Processing file /home/airflow/.local/lib/python3.8/site-packages/airflow/example_dags/example_short_circuit_operator.py for tasks to queue
[2023-11-15T04:14:19.817+0000] {logging_mixin.py:151} INFO - [2023-11-15T04:14:19.817+0000] {dagbag.py:536} INFO - Filling up the DagBag from /home/airflow/.local/lib/python3.8/site-packages/airflow/example_dags/example_short_circuit_operator.py
[2023-11-15T04:14:19.826+0000] {processor.py:839} INFO - DAG(s) dict_keys(['example_short_circuit_operator']) retrieved from /home/airflow/.local/lib/python3.8/site-packages/airflow/example_dags/example_short_circuit_operator.py
[2023-11-15T04:14:19.856+0000] {logging_mixin.py:151} INFO - [2023-11-15T04:14:19.856+0000] {dag.py:2941} INFO - Sync 1 DAGs
[2023-11-15T04:14:19.885+0000] {logging_mixin.py:151} INFO - [2023-11-15T04:14:19.885+0000] {dag.py:3722} INFO - Setting next_dagrun for example_short_circuit_operator to 2023-11-14T04:14:19.884768+00:00, run_after=2023-11-15T04:14:19.884768+00:00
[2023-11-15T04:14:19.910+0000] {processor.py:179} INFO - Processing /home/airflow/.local/lib/python3.8/site-packages/airflow/example_dags/example_short_circuit_operator.py took 0.101 seconds
[2023-11-15T04:14:50.246+0000] {processor.py:157} INFO - Started process (PID=2042) to work on /home/airflow/.local/lib/python3.8/site-packages/airflow/example_dags/example_short_circuit_operator.py
[2023-11-15T04:14:50.247+0000] {processor.py:829} INFO - Processing file /home/airflow/.local/lib/python3.8/site-packages/airflow/example_dags/example_short_circuit_operator.py for tasks to queue
[2023-11-15T04:14:50.249+0000] {logging_mixin.py:151} INFO - [2023-11-15T04:14:50.249+0000] {dagbag.py:536} INFO - Filling up the DagBag from /home/airflow/.local/lib/python3.8/site-packages/airflow/example_dags/example_short_circuit_operator.py
[2023-11-15T04:14:50.259+0000] {processor.py:839} INFO - DAG(s) dict_keys(['example_short_circuit_operator']) retrieved from /home/airflow/.local/lib/python3.8/site-packages/airflow/example_dags/example_short_circuit_operator.py
[2023-11-15T04:14:50.288+0000] {logging_mixin.py:151} INFO - [2023-11-15T04:14:50.287+0000] {dag.py:2941} INFO - Sync 1 DAGs
[2023-11-15T04:14:50.472+0000] {logging_mixin.py:151} INFO - [2023-11-15T04:14:50.472+0000] {dag.py:3722} INFO - Setting next_dagrun for example_short_circuit_operator to 2023-11-14T04:14:50.471754+00:00, run_after=2023-11-15T04:14:50.471754+00:00
[2023-11-15T04:14:50.502+0000] {processor.py:179} INFO - Processing /home/airflow/.local/lib/python3.8/site-packages/airflow/example_dags/example_short_circuit_operator.py took 0.261 seconds
[2023-11-15T04:15:20.869+0000] {processor.py:157} INFO - Started process (PID=2100) to work on /home/airflow/.local/lib/python3.8/site-packages/airflow/example_dags/example_short_circuit_operator.py
[2023-11-15T04:15:20.870+0000] {processor.py:829} INFO - Processing file /home/airflow/.local/lib/python3.8/site-packages/airflow/example_dags/example_short_circuit_operator.py for tasks to queue
[2023-11-15T04:15:20.873+0000] {logging_mixin.py:151} INFO - [2023-11-15T04:15:20.872+0000] {dagbag.py:536} INFO - Filling up the DagBag from /home/airflow/.local/lib/python3.8/site-packages/airflow/example_dags/example_short_circuit_operator.py
[2023-11-15T04:15:20.882+0000] {processor.py:839} INFO - DAG(s) dict_keys(['example_short_circuit_operator']) retrieved from /home/airflow/.local/lib/python3.8/site-packages/airflow/example_dags/example_short_circuit_operator.py
[2023-11-15T04:15:20.911+0000] {logging_mixin.py:151} INFO - [2023-11-15T04:15:20.910+0000] {dag.py:2941} INFO - Sync 1 DAGs
[2023-11-15T04:15:20.937+0000] {logging_mixin.py:151} INFO - [2023-11-15T04:15:20.937+0000] {dag.py:3722} INFO - Setting next_dagrun for example_short_circuit_operator to 2023-11-14T04:15:20.937040+00:00, run_after=2023-11-15T04:15:20.937040+00:00
[2023-11-15T04:15:21.136+0000] {processor.py:179} INFO - Processing /home/airflow/.local/lib/python3.8/site-packages/airflow/example_dags/example_short_circuit_operator.py took 0.271 seconds
[2023-11-15T04:15:52.009+0000] {processor.py:157} INFO - Started process (PID=2159) to work on /home/airflow/.local/lib/python3.8/site-packages/airflow/example_dags/example_short_circuit_operator.py
[2023-11-15T04:15:52.011+0000] {processor.py:829} INFO - Processing file /home/airflow/.local/lib/python3.8/site-packages/airflow/example_dags/example_short_circuit_operator.py for tasks to queue
[2023-11-15T04:15:52.015+0000] {logging_mixin.py:151} INFO - [2023-11-15T04:15:52.014+0000] {dagbag.py:536} INFO - Filling up the DagBag from /home/airflow/.local/lib/python3.8/site-packages/airflow/example_dags/example_short_circuit_operator.py
[2023-11-15T04:15:52.026+0000] {processor.py:839} INFO - DAG(s) dict_keys(['example_short_circuit_operator']) retrieved from /home/airflow/.local/lib/python3.8/site-packages/airflow/example_dags/example_short_circuit_operator.py
[2023-11-15T04:15:52.054+0000] {logging_mixin.py:151} INFO - [2023-11-15T04:15:52.054+0000] {dag.py:2941} INFO - Sync 1 DAGs
[2023-11-15T04:15:52.087+0000] {logging_mixin.py:151} INFO - [2023-11-15T04:15:52.086+0000] {dag.py:3722} INFO - Setting next_dagrun for example_short_circuit_operator to 2023-11-14T04:15:52.086532+00:00, run_after=2023-11-15T04:15:52.086532+00:00
[2023-11-15T04:15:52.110+0000] {processor.py:179} INFO - Processing /home/airflow/.local/lib/python3.8/site-packages/airflow/example_dags/example_short_circuit_operator.py took 0.108 seconds
[2023-11-15T04:16:22.678+0000] {processor.py:157} INFO - Started process (PID=2216) to work on /home/airflow/.local/lib/python3.8/site-packages/airflow/example_dags/example_short_circuit_operator.py
[2023-11-15T04:16:22.679+0000] {processor.py:829} INFO - Processing file /home/airflow/.local/lib/python3.8/site-packages/airflow/example_dags/example_short_circuit_operator.py for tasks to queue
[2023-11-15T04:16:22.681+0000] {logging_mixin.py:151} INFO - [2023-11-15T04:16:22.681+0000] {dagbag.py:536} INFO - Filling up the DagBag from /home/airflow/.local/lib/python3.8/site-packages/airflow/example_dags/example_short_circuit_operator.py
[2023-11-15T04:16:22.857+0000] {processor.py:839} INFO - DAG(s) dict_keys(['example_short_circuit_operator']) retrieved from /home/airflow/.local/lib/python3.8/site-packages/airflow/example_dags/example_short_circuit_operator.py
[2023-11-15T04:16:22.885+0000] {logging_mixin.py:151} INFO - [2023-11-15T04:16:22.885+0000] {dag.py:2941} INFO - Sync 1 DAGs
[2023-11-15T04:16:22.908+0000] {logging_mixin.py:151} INFO - [2023-11-15T04:16:22.908+0000] {dag.py:3722} INFO - Setting next_dagrun for example_short_circuit_operator to 2023-11-14T04:16:22.908072+00:00, run_after=2023-11-15T04:16:22.908072+00:00
[2023-11-15T04:16:22.929+0000] {processor.py:179} INFO - Processing /home/airflow/.local/lib/python3.8/site-packages/airflow/example_dags/example_short_circuit_operator.py took 0.257 seconds
[2023-11-15T04:16:53.238+0000] {processor.py:157} INFO - Started process (PID=2275) to work on /home/airflow/.local/lib/python3.8/site-packages/airflow/example_dags/example_short_circuit_operator.py
[2023-11-15T04:16:53.239+0000] {processor.py:829} INFO - Processing file /home/airflow/.local/lib/python3.8/site-packages/airflow/example_dags/example_short_circuit_operator.py for tasks to queue
[2023-11-15T04:16:53.242+0000] {logging_mixin.py:151} INFO - [2023-11-15T04:16:53.242+0000] {dagbag.py:536} INFO - Filling up the DagBag from /home/airflow/.local/lib/python3.8/site-packages/airflow/example_dags/example_short_circuit_operator.py
[2023-11-15T04:16:53.253+0000] {processor.py:839} INFO - DAG(s) dict_keys(['example_short_circuit_operator']) retrieved from /home/airflow/.local/lib/python3.8/site-packages/airflow/example_dags/example_short_circuit_operator.py
[2023-11-15T04:16:53.285+0000] {logging_mixin.py:151} INFO - [2023-11-15T04:16:53.285+0000] {dag.py:2941} INFO - Sync 1 DAGs
[2023-11-15T04:16:53.311+0000] {logging_mixin.py:151} INFO - [2023-11-15T04:16:53.311+0000] {dag.py:3722} INFO - Setting next_dagrun for example_short_circuit_operator to 2023-11-14T04:16:53.311018+00:00, run_after=2023-11-15T04:16:53.311018+00:00
[2023-11-15T04:16:53.333+0000] {processor.py:179} INFO - Processing /home/airflow/.local/lib/python3.8/site-packages/airflow/example_dags/example_short_circuit_operator.py took 0.099 seconds
[2023-11-15T04:17:24.214+0000] {processor.py:157} INFO - Started process (PID=2332) to work on /home/airflow/.local/lib/python3.8/site-packages/airflow/example_dags/example_short_circuit_operator.py
[2023-11-15T04:17:24.216+0000] {processor.py:829} INFO - Processing file /home/airflow/.local/lib/python3.8/site-packages/airflow/example_dags/example_short_circuit_operator.py for tasks to queue
[2023-11-15T04:17:24.218+0000] {logging_mixin.py:151} INFO - [2023-11-15T04:17:24.218+0000] {dagbag.py:536} INFO - Filling up the DagBag from /home/airflow/.local/lib/python3.8/site-packages/airflow/example_dags/example_short_circuit_operator.py
[2023-11-15T04:17:24.231+0000] {processor.py:839} INFO - DAG(s) dict_keys(['example_short_circuit_operator']) retrieved from /home/airflow/.local/lib/python3.8/site-packages/airflow/example_dags/example_short_circuit_operator.py
[2023-11-15T04:17:24.264+0000] {logging_mixin.py:151} INFO - [2023-11-15T04:17:24.263+0000] {dag.py:2941} INFO - Sync 1 DAGs
[2023-11-15T04:17:24.292+0000] {logging_mixin.py:151} INFO - [2023-11-15T04:17:24.292+0000] {dag.py:3722} INFO - Setting next_dagrun for example_short_circuit_operator to 2023-11-14T04:17:24.292220+00:00, run_after=2023-11-15T04:17:24.292220+00:00
[2023-11-15T04:17:24.316+0000] {processor.py:179} INFO - Processing /home/airflow/.local/lib/python3.8/site-packages/airflow/example_dags/example_short_circuit_operator.py took 0.106 seconds
[2023-11-15T04:17:54.583+0000] {processor.py:157} INFO - Started process (PID=2389) to work on /home/airflow/.local/lib/python3.8/site-packages/airflow/example_dags/example_short_circuit_operator.py
[2023-11-15T04:17:54.585+0000] {processor.py:829} INFO - Processing file /home/airflow/.local/lib/python3.8/site-packages/airflow/example_dags/example_short_circuit_operator.py for tasks to queue
[2023-11-15T04:17:54.588+0000] {logging_mixin.py:151} INFO - [2023-11-15T04:17:54.587+0000] {dagbag.py:536} INFO - Filling up the DagBag from /home/airflow/.local/lib/python3.8/site-packages/airflow/example_dags/example_short_circuit_operator.py
[2023-11-15T04:17:54.597+0000] {processor.py:839} INFO - DAG(s) dict_keys(['example_short_circuit_operator']) retrieved from /home/airflow/.local/lib/python3.8/site-packages/airflow/example_dags/example_short_circuit_operator.py
[2023-11-15T04:17:54.627+0000] {logging_mixin.py:151} INFO - [2023-11-15T04:17:54.626+0000] {dag.py:2941} INFO - Sync 1 DAGs
[2023-11-15T04:17:54.656+0000] {logging_mixin.py:151} INFO - [2023-11-15T04:17:54.656+0000] {dag.py:3722} INFO - Setting next_dagrun for example_short_circuit_operator to 2023-11-14T04:17:54.655995+00:00, run_after=2023-11-15T04:17:54.655995+00:00
[2023-11-15T04:17:54.679+0000] {processor.py:179} INFO - Processing /home/airflow/.local/lib/python3.8/site-packages/airflow/example_dags/example_short_circuit_operator.py took 0.104 seconds
[2023-11-15T04:18:25.184+0000] {processor.py:157} INFO - Started process (PID=2447) to work on /home/airflow/.local/lib/python3.8/site-packages/airflow/example_dags/example_short_circuit_operator.py
[2023-11-15T04:18:25.185+0000] {processor.py:829} INFO - Processing file /home/airflow/.local/lib/python3.8/site-packages/airflow/example_dags/example_short_circuit_operator.py for tasks to queue
[2023-11-15T04:18:25.187+0000] {logging_mixin.py:151} INFO - [2023-11-15T04:18:25.187+0000] {dagbag.py:536} INFO - Filling up the DagBag from /home/airflow/.local/lib/python3.8/site-packages/airflow/example_dags/example_short_circuit_operator.py
[2023-11-15T04:18:25.196+0000] {processor.py:839} INFO - DAG(s) dict_keys(['example_short_circuit_operator']) retrieved from /home/airflow/.local/lib/python3.8/site-packages/airflow/example_dags/example_short_circuit_operator.py
[2023-11-15T04:18:25.227+0000] {logging_mixin.py:151} INFO - [2023-11-15T04:18:25.227+0000] {dag.py:2941} INFO - Sync 1 DAGs
[2023-11-15T04:18:25.255+0000] {logging_mixin.py:151} INFO - [2023-11-15T04:18:25.254+0000] {dag.py:3722} INFO - Setting next_dagrun for example_short_circuit_operator to 2023-11-14T04:18:25.254612+00:00, run_after=2023-11-15T04:18:25.254612+00:00
[2023-11-15T04:18:25.280+0000] {processor.py:179} INFO - Processing /home/airflow/.local/lib/python3.8/site-packages/airflow/example_dags/example_short_circuit_operator.py took 0.102 seconds
[2023-11-15T04:18:56.230+0000] {processor.py:157} INFO - Started process (PID=2505) to work on /home/airflow/.local/lib/python3.8/site-packages/airflow/example_dags/example_short_circuit_operator.py
[2023-11-15T04:18:56.232+0000] {processor.py:829} INFO - Processing file /home/airflow/.local/lib/python3.8/site-packages/airflow/example_dags/example_short_circuit_operator.py for tasks to queue
[2023-11-15T04:18:56.235+0000] {logging_mixin.py:151} INFO - [2023-11-15T04:18:56.235+0000] {dagbag.py:536} INFO - Filling up the DagBag from /home/airflow/.local/lib/python3.8/site-packages/airflow/example_dags/example_short_circuit_operator.py
[2023-11-15T04:18:56.246+0000] {processor.py:839} INFO - DAG(s) dict_keys(['example_short_circuit_operator']) retrieved from /home/airflow/.local/lib/python3.8/site-packages/airflow/example_dags/example_short_circuit_operator.py
[2023-11-15T04:18:56.285+0000] {logging_mixin.py:151} INFO - [2023-11-15T04:18:56.284+0000] {dag.py:2941} INFO - Sync 1 DAGs
[2023-11-15T04:18:56.311+0000] {logging_mixin.py:151} INFO - [2023-11-15T04:18:56.310+0000] {dag.py:3722} INFO - Setting next_dagrun for example_short_circuit_operator to 2023-11-14T04:18:56.310501+00:00, run_after=2023-11-15T04:18:56.310501+00:00
[2023-11-15T04:18:56.333+0000] {processor.py:179} INFO - Processing /home/airflow/.local/lib/python3.8/site-packages/airflow/example_dags/example_short_circuit_operator.py took 0.112 seconds
[2023-11-15T04:19:27.003+0000] {processor.py:157} INFO - Started process (PID=2566) to work on /home/airflow/.local/lib/python3.8/site-packages/airflow/example_dags/example_short_circuit_operator.py
[2023-11-15T04:19:27.004+0000] {processor.py:829} INFO - Processing file /home/airflow/.local/lib/python3.8/site-packages/airflow/example_dags/example_short_circuit_operator.py for tasks to queue
[2023-11-15T04:19:27.007+0000] {logging_mixin.py:151} INFO - [2023-11-15T04:19:27.006+0000] {dagbag.py:536} INFO - Filling up the DagBag from /home/airflow/.local/lib/python3.8/site-packages/airflow/example_dags/example_short_circuit_operator.py
[2023-11-15T04:19:27.016+0000] {processor.py:839} INFO - DAG(s) dict_keys(['example_short_circuit_operator']) retrieved from /home/airflow/.local/lib/python3.8/site-packages/airflow/example_dags/example_short_circuit_operator.py
[2023-11-15T04:19:27.045+0000] {logging_mixin.py:151} INFO - [2023-11-15T04:19:27.045+0000] {dag.py:2941} INFO - Sync 1 DAGs
[2023-11-15T04:19:27.071+0000] {logging_mixin.py:151} INFO - [2023-11-15T04:19:27.071+0000] {dag.py:3722} INFO - Setting next_dagrun for example_short_circuit_operator to 2023-11-14T04:19:27.071338+00:00, run_after=2023-11-15T04:19:27.071338+00:00
[2023-11-15T04:19:27.094+0000] {processor.py:179} INFO - Processing /home/airflow/.local/lib/python3.8/site-packages/airflow/example_dags/example_short_circuit_operator.py took 0.096 seconds
[2023-11-15T04:19:57.187+0000] {processor.py:157} INFO - Started process (PID=2624) to work on /home/airflow/.local/lib/python3.8/site-packages/airflow/example_dags/example_short_circuit_operator.py
[2023-11-15T04:19:57.188+0000] {processor.py:829} INFO - Processing file /home/airflow/.local/lib/python3.8/site-packages/airflow/example_dags/example_short_circuit_operator.py for tasks to queue
[2023-11-15T04:19:57.190+0000] {logging_mixin.py:151} INFO - [2023-11-15T04:19:57.190+0000] {dagbag.py:536} INFO - Filling up the DagBag from /home/airflow/.local/lib/python3.8/site-packages/airflow/example_dags/example_short_circuit_operator.py
[2023-11-15T04:19:57.201+0000] {processor.py:839} INFO - DAG(s) dict_keys(['example_short_circuit_operator']) retrieved from /home/airflow/.local/lib/python3.8/site-packages/airflow/example_dags/example_short_circuit_operator.py
[2023-11-15T04:19:57.239+0000] {logging_mixin.py:151} INFO - [2023-11-15T04:19:57.239+0000] {dag.py:2941} INFO - Sync 1 DAGs
[2023-11-15T04:19:57.273+0000] {logging_mixin.py:151} INFO - [2023-11-15T04:19:57.272+0000] {dag.py:3722} INFO - Setting next_dagrun for example_short_circuit_operator to 2023-11-14T04:19:57.272446+00:00, run_after=2023-11-15T04:19:57.272446+00:00
[2023-11-15T04:19:57.301+0000] {processor.py:179} INFO - Processing /home/airflow/.local/lib/python3.8/site-packages/airflow/example_dags/example_short_circuit_operator.py took 0.119 seconds
[2023-11-15T04:20:27.960+0000] {processor.py:157} INFO - Started process (PID=2686) to work on /home/airflow/.local/lib/python3.8/site-packages/airflow/example_dags/example_short_circuit_operator.py
[2023-11-15T04:20:27.962+0000] {processor.py:829} INFO - Processing file /home/airflow/.local/lib/python3.8/site-packages/airflow/example_dags/example_short_circuit_operator.py for tasks to queue
[2023-11-15T04:20:27.966+0000] {logging_mixin.py:151} INFO - [2023-11-15T04:20:27.966+0000] {dagbag.py:536} INFO - Filling up the DagBag from /home/airflow/.local/lib/python3.8/site-packages/airflow/example_dags/example_short_circuit_operator.py
[2023-11-15T04:20:27.977+0000] {processor.py:839} INFO - DAG(s) dict_keys(['example_short_circuit_operator']) retrieved from /home/airflow/.local/lib/python3.8/site-packages/airflow/example_dags/example_short_circuit_operator.py
[2023-11-15T04:20:28.006+0000] {logging_mixin.py:151} INFO - [2023-11-15T04:20:28.006+0000] {dag.py:2941} INFO - Sync 1 DAGs
[2023-11-15T04:20:28.033+0000] {logging_mixin.py:151} INFO - [2023-11-15T04:20:28.033+0000] {dag.py:3722} INFO - Setting next_dagrun for example_short_circuit_operator to 2023-11-14T04:20:28.033390+00:00, run_after=2023-11-15T04:20:28.033390+00:00
[2023-11-15T04:20:28.055+0000] {processor.py:179} INFO - Processing /home/airflow/.local/lib/python3.8/site-packages/airflow/example_dags/example_short_circuit_operator.py took 0.101 seconds
[2023-11-15T04:20:58.281+0000] {processor.py:157} INFO - Started process (PID=2748) to work on /home/airflow/.local/lib/python3.8/site-packages/airflow/example_dags/example_short_circuit_operator.py
[2023-11-15T04:20:58.282+0000] {processor.py:829} INFO - Processing file /home/airflow/.local/lib/python3.8/site-packages/airflow/example_dags/example_short_circuit_operator.py for tasks to queue
[2023-11-15T04:20:58.284+0000] {logging_mixin.py:151} INFO - [2023-11-15T04:20:58.284+0000] {dagbag.py:536} INFO - Filling up the DagBag from /home/airflow/.local/lib/python3.8/site-packages/airflow/example_dags/example_short_circuit_operator.py
[2023-11-15T04:20:58.293+0000] {processor.py:839} INFO - DAG(s) dict_keys(['example_short_circuit_operator']) retrieved from /home/airflow/.local/lib/python3.8/site-packages/airflow/example_dags/example_short_circuit_operator.py
[2023-11-15T04:20:58.323+0000] {logging_mixin.py:151} INFO - [2023-11-15T04:20:58.322+0000] {dag.py:2941} INFO - Sync 1 DAGs
[2023-11-15T04:20:58.349+0000] {logging_mixin.py:151} INFO - [2023-11-15T04:20:58.349+0000] {dag.py:3722} INFO - Setting next_dagrun for example_short_circuit_operator to 2023-11-14T04:20:58.348838+00:00, run_after=2023-11-15T04:20:58.348838+00:00
[2023-11-15T04:20:58.375+0000] {processor.py:179} INFO - Processing /home/airflow/.local/lib/python3.8/site-packages/airflow/example_dags/example_short_circuit_operator.py took 0.099 seconds
[2023-11-15T04:21:28.579+0000] {processor.py:157} INFO - Started process (PID=2810) to work on /home/airflow/.local/lib/python3.8/site-packages/airflow/example_dags/example_short_circuit_operator.py
[2023-11-15T04:21:28.581+0000] {processor.py:829} INFO - Processing file /home/airflow/.local/lib/python3.8/site-packages/airflow/example_dags/example_short_circuit_operator.py for tasks to queue
[2023-11-15T04:21:28.584+0000] {logging_mixin.py:151} INFO - [2023-11-15T04:21:28.584+0000] {dagbag.py:536} INFO - Filling up the DagBag from /home/airflow/.local/lib/python3.8/site-packages/airflow/example_dags/example_short_circuit_operator.py
[2023-11-15T04:21:28.597+0000] {processor.py:839} INFO - DAG(s) dict_keys(['example_short_circuit_operator']) retrieved from /home/airflow/.local/lib/python3.8/site-packages/airflow/example_dags/example_short_circuit_operator.py
[2023-11-15T04:21:28.631+0000] {logging_mixin.py:151} INFO - [2023-11-15T04:21:28.630+0000] {dag.py:2941} INFO - Sync 1 DAGs
[2023-11-15T04:21:28.667+0000] {logging_mixin.py:151} INFO - [2023-11-15T04:21:28.667+0000] {dag.py:3722} INFO - Setting next_dagrun for example_short_circuit_operator to 2023-11-14T04:21:28.666919+00:00, run_after=2023-11-15T04:21:28.666919+00:00
[2023-11-15T04:21:28.703+0000] {processor.py:179} INFO - Processing /home/airflow/.local/lib/python3.8/site-packages/airflow/example_dags/example_short_circuit_operator.py took 0.130 seconds
[2023-11-15T04:21:59.298+0000] {processor.py:157} INFO - Started process (PID=2871) to work on /home/airflow/.local/lib/python3.8/site-packages/airflow/example_dags/example_short_circuit_operator.py
[2023-11-15T04:21:59.300+0000] {processor.py:829} INFO - Processing file /home/airflow/.local/lib/python3.8/site-packages/airflow/example_dags/example_short_circuit_operator.py for tasks to queue
[2023-11-15T04:21:59.304+0000] {logging_mixin.py:151} INFO - [2023-11-15T04:21:59.303+0000] {dagbag.py:536} INFO - Filling up the DagBag from /home/airflow/.local/lib/python3.8/site-packages/airflow/example_dags/example_short_circuit_operator.py
[2023-11-15T04:21:59.315+0000] {processor.py:839} INFO - DAG(s) dict_keys(['example_short_circuit_operator']) retrieved from /home/airflow/.local/lib/python3.8/site-packages/airflow/example_dags/example_short_circuit_operator.py
[2023-11-15T04:21:59.351+0000] {logging_mixin.py:151} INFO - [2023-11-15T04:21:59.351+0000] {dag.py:2941} INFO - Sync 1 DAGs
[2023-11-15T04:21:59.381+0000] {logging_mixin.py:151} INFO - [2023-11-15T04:21:59.380+0000] {dag.py:3722} INFO - Setting next_dagrun for example_short_circuit_operator to 2023-11-14T04:21:59.380623+00:00, run_after=2023-11-15T04:21:59.380623+00:00
[2023-11-15T04:21:59.412+0000] {processor.py:179} INFO - Processing /home/airflow/.local/lib/python3.8/site-packages/airflow/example_dags/example_short_circuit_operator.py took 0.118 seconds
[2023-11-15T04:22:29.740+0000] {processor.py:157} INFO - Started process (PID=2929) to work on /home/airflow/.local/lib/python3.8/site-packages/airflow/example_dags/example_short_circuit_operator.py
[2023-11-15T04:22:29.741+0000] {processor.py:829} INFO - Processing file /home/airflow/.local/lib/python3.8/site-packages/airflow/example_dags/example_short_circuit_operator.py for tasks to queue
[2023-11-15T04:22:29.744+0000] {logging_mixin.py:151} INFO - [2023-11-15T04:22:29.744+0000] {dagbag.py:536} INFO - Filling up the DagBag from /home/airflow/.local/lib/python3.8/site-packages/airflow/example_dags/example_short_circuit_operator.py
[2023-11-15T04:22:29.754+0000] {processor.py:839} INFO - DAG(s) dict_keys(['example_short_circuit_operator']) retrieved from /home/airflow/.local/lib/python3.8/site-packages/airflow/example_dags/example_short_circuit_operator.py
[2023-11-15T04:22:29.786+0000] {logging_mixin.py:151} INFO - [2023-11-15T04:22:29.786+0000] {dag.py:2941} INFO - Sync 1 DAGs
[2023-11-15T04:22:29.815+0000] {logging_mixin.py:151} INFO - [2023-11-15T04:22:29.815+0000] {dag.py:3722} INFO - Setting next_dagrun for example_short_circuit_operator to 2023-11-14T04:22:29.815330+00:00, run_after=2023-11-15T04:22:29.815330+00:00
[2023-11-15T04:22:29.844+0000] {processor.py:179} INFO - Processing /home/airflow/.local/lib/python3.8/site-packages/airflow/example_dags/example_short_circuit_operator.py took 0.112 seconds
[2023-11-15T04:22:59.896+0000] {processor.py:157} INFO - Started process (PID=2987) to work on /home/airflow/.local/lib/python3.8/site-packages/airflow/example_dags/example_short_circuit_operator.py
[2023-11-15T04:22:59.898+0000] {processor.py:829} INFO - Processing file /home/airflow/.local/lib/python3.8/site-packages/airflow/example_dags/example_short_circuit_operator.py for tasks to queue
[2023-11-15T04:22:59.901+0000] {logging_mixin.py:151} INFO - [2023-11-15T04:22:59.900+0000] {dagbag.py:536} INFO - Filling up the DagBag from /home/airflow/.local/lib/python3.8/site-packages/airflow/example_dags/example_short_circuit_operator.py
[2023-11-15T04:22:59.911+0000] {processor.py:839} INFO - DAG(s) dict_keys(['example_short_circuit_operator']) retrieved from /home/airflow/.local/lib/python3.8/site-packages/airflow/example_dags/example_short_circuit_operator.py
[2023-11-15T04:22:59.945+0000] {logging_mixin.py:151} INFO - [2023-11-15T04:22:59.945+0000] {dag.py:2941} INFO - Sync 1 DAGs
[2023-11-15T04:22:59.975+0000] {logging_mixin.py:151} INFO - [2023-11-15T04:22:59.975+0000] {dag.py:3722} INFO - Setting next_dagrun for example_short_circuit_operator to 2023-11-14T04:22:59.975201+00:00, run_after=2023-11-15T04:22:59.975201+00:00
[2023-11-15T04:23:00.004+0000] {processor.py:179} INFO - Processing /home/airflow/.local/lib/python3.8/site-packages/airflow/example_dags/example_short_circuit_operator.py took 0.114 seconds
[2023-11-15T04:23:30.119+0000] {processor.py:157} INFO - Started process (PID=3047) to work on /home/airflow/.local/lib/python3.8/site-packages/airflow/example_dags/example_short_circuit_operator.py
[2023-11-15T04:23:30.120+0000] {processor.py:829} INFO - Processing file /home/airflow/.local/lib/python3.8/site-packages/airflow/example_dags/example_short_circuit_operator.py for tasks to queue
[2023-11-15T04:23:30.123+0000] {logging_mixin.py:151} INFO - [2023-11-15T04:23:30.122+0000] {dagbag.py:536} INFO - Filling up the DagBag from /home/airflow/.local/lib/python3.8/site-packages/airflow/example_dags/example_short_circuit_operator.py
[2023-11-15T04:23:30.132+0000] {processor.py:839} INFO - DAG(s) dict_keys(['example_short_circuit_operator']) retrieved from /home/airflow/.local/lib/python3.8/site-packages/airflow/example_dags/example_short_circuit_operator.py
[2023-11-15T04:23:30.164+0000] {logging_mixin.py:151} INFO - [2023-11-15T04:23:30.164+0000] {dag.py:2941} INFO - Sync 1 DAGs
[2023-11-15T04:23:30.191+0000] {logging_mixin.py:151} INFO - [2023-11-15T04:23:30.191+0000] {dag.py:3722} INFO - Setting next_dagrun for example_short_circuit_operator to 2023-11-14T04:23:30.191209+00:00, run_after=2023-11-15T04:23:30.191209+00:00
[2023-11-15T04:23:30.219+0000] {processor.py:179} INFO - Processing /home/airflow/.local/lib/python3.8/site-packages/airflow/example_dags/example_short_circuit_operator.py took 0.104 seconds
[2023-11-15T04:24:00.480+0000] {processor.py:157} INFO - Started process (PID=3105) to work on /home/airflow/.local/lib/python3.8/site-packages/airflow/example_dags/example_short_circuit_operator.py
[2023-11-15T04:24:00.483+0000] {processor.py:829} INFO - Processing file /home/airflow/.local/lib/python3.8/site-packages/airflow/example_dags/example_short_circuit_operator.py for tasks to queue
[2023-11-15T04:24:00.487+0000] {logging_mixin.py:151} INFO - [2023-11-15T04:24:00.487+0000] {dagbag.py:536} INFO - Filling up the DagBag from /home/airflow/.local/lib/python3.8/site-packages/airflow/example_dags/example_short_circuit_operator.py
[2023-11-15T04:24:00.502+0000] {processor.py:839} INFO - DAG(s) dict_keys(['example_short_circuit_operator']) retrieved from /home/airflow/.local/lib/python3.8/site-packages/airflow/example_dags/example_short_circuit_operator.py
[2023-11-15T04:24:00.531+0000] {logging_mixin.py:151} INFO - [2023-11-15T04:24:00.531+0000] {dag.py:2941} INFO - Sync 1 DAGs
[2023-11-15T04:24:00.556+0000] {logging_mixin.py:151} INFO - [2023-11-15T04:24:00.556+0000] {dag.py:3722} INFO - Setting next_dagrun for example_short_circuit_operator to 2023-11-14T04:24:00.556243+00:00, run_after=2023-11-15T04:24:00.556243+00:00
[2023-11-15T04:24:00.580+0000] {processor.py:179} INFO - Processing /home/airflow/.local/lib/python3.8/site-packages/airflow/example_dags/example_short_circuit_operator.py took 0.106 seconds
[2023-11-15T04:24:30.818+0000] {processor.py:157} INFO - Started process (PID=3164) to work on /home/airflow/.local/lib/python3.8/site-packages/airflow/example_dags/example_short_circuit_operator.py
[2023-11-15T04:24:30.819+0000] {processor.py:829} INFO - Processing file /home/airflow/.local/lib/python3.8/site-packages/airflow/example_dags/example_short_circuit_operator.py for tasks to queue
[2023-11-15T04:24:30.823+0000] {logging_mixin.py:151} INFO - [2023-11-15T04:24:30.823+0000] {dagbag.py:536} INFO - Filling up the DagBag from /home/airflow/.local/lib/python3.8/site-packages/airflow/example_dags/example_short_circuit_operator.py
[2023-11-15T04:24:30.835+0000] {processor.py:839} INFO - DAG(s) dict_keys(['example_short_circuit_operator']) retrieved from /home/airflow/.local/lib/python3.8/site-packages/airflow/example_dags/example_short_circuit_operator.py
[2023-11-15T04:24:30.870+0000] {logging_mixin.py:151} INFO - [2023-11-15T04:24:30.870+0000] {dag.py:2941} INFO - Sync 1 DAGs
[2023-11-15T04:24:30.899+0000] {logging_mixin.py:151} INFO - [2023-11-15T04:24:30.899+0000] {dag.py:3722} INFO - Setting next_dagrun for example_short_circuit_operator to 2023-11-14T04:24:30.898744+00:00, run_after=2023-11-15T04:24:30.898744+00:00
[2023-11-15T04:24:30.931+0000] {processor.py:179} INFO - Processing /home/airflow/.local/lib/python3.8/site-packages/airflow/example_dags/example_short_circuit_operator.py took 0.117 seconds
[2023-11-15T04:25:01.500+0000] {processor.py:157} INFO - Started process (PID=3222) to work on /home/airflow/.local/lib/python3.8/site-packages/airflow/example_dags/example_short_circuit_operator.py
[2023-11-15T04:25:01.502+0000] {processor.py:829} INFO - Processing file /home/airflow/.local/lib/python3.8/site-packages/airflow/example_dags/example_short_circuit_operator.py for tasks to queue
[2023-11-15T04:25:01.506+0000] {logging_mixin.py:151} INFO - [2023-11-15T04:25:01.505+0000] {dagbag.py:536} INFO - Filling up the DagBag from /home/airflow/.local/lib/python3.8/site-packages/airflow/example_dags/example_short_circuit_operator.py
[2023-11-15T04:25:01.516+0000] {processor.py:839} INFO - DAG(s) dict_keys(['example_short_circuit_operator']) retrieved from /home/airflow/.local/lib/python3.8/site-packages/airflow/example_dags/example_short_circuit_operator.py
[2023-11-15T04:25:01.551+0000] {logging_mixin.py:151} INFO - [2023-11-15T04:25:01.551+0000] {dag.py:2941} INFO - Sync 1 DAGs
[2023-11-15T04:25:01.583+0000] {logging_mixin.py:151} INFO - [2023-11-15T04:25:01.582+0000] {dag.py:3722} INFO - Setting next_dagrun for example_short_circuit_operator to 2023-11-14T04:25:01.582607+00:00, run_after=2023-11-15T04:25:01.582607+00:00
[2023-11-15T04:25:01.612+0000] {processor.py:179} INFO - Processing /home/airflow/.local/lib/python3.8/site-packages/airflow/example_dags/example_short_circuit_operator.py took 0.121 seconds
[2023-11-15T04:25:31.671+0000] {processor.py:157} INFO - Started process (PID=3280) to work on /home/airflow/.local/lib/python3.8/site-packages/airflow/example_dags/example_short_circuit_operator.py
[2023-11-15T04:25:31.672+0000] {processor.py:829} INFO - Processing file /home/airflow/.local/lib/python3.8/site-packages/airflow/example_dags/example_short_circuit_operator.py for tasks to queue
[2023-11-15T04:25:31.675+0000] {logging_mixin.py:151} INFO - [2023-11-15T04:25:31.674+0000] {dagbag.py:536} INFO - Filling up the DagBag from /home/airflow/.local/lib/python3.8/site-packages/airflow/example_dags/example_short_circuit_operator.py
[2023-11-15T04:25:31.685+0000] {processor.py:839} INFO - DAG(s) dict_keys(['example_short_circuit_operator']) retrieved from /home/airflow/.local/lib/python3.8/site-packages/airflow/example_dags/example_short_circuit_operator.py
[2023-11-15T04:25:31.717+0000] {logging_mixin.py:151} INFO - [2023-11-15T04:25:31.717+0000] {dag.py:2941} INFO - Sync 1 DAGs
[2023-11-15T04:25:31.751+0000] {logging_mixin.py:151} INFO - [2023-11-15T04:25:31.751+0000] {dag.py:3722} INFO - Setting next_dagrun for example_short_circuit_operator to 2023-11-14T04:25:31.751457+00:00, run_after=2023-11-15T04:25:31.751457+00:00
[2023-11-15T04:25:31.775+0000] {processor.py:179} INFO - Processing /home/airflow/.local/lib/python3.8/site-packages/airflow/example_dags/example_short_circuit_operator.py took 0.109 seconds
[2023-11-15T04:26:01.817+0000] {processor.py:157} INFO - Started process (PID=3339) to work on /home/airflow/.local/lib/python3.8/site-packages/airflow/example_dags/example_short_circuit_operator.py
[2023-11-15T04:26:01.819+0000] {processor.py:829} INFO - Processing file /home/airflow/.local/lib/python3.8/site-packages/airflow/example_dags/example_short_circuit_operator.py for tasks to queue
[2023-11-15T04:26:01.821+0000] {logging_mixin.py:151} INFO - [2023-11-15T04:26:01.821+0000] {dagbag.py:536} INFO - Filling up the DagBag from /home/airflow/.local/lib/python3.8/site-packages/airflow/example_dags/example_short_circuit_operator.py
[2023-11-15T04:26:01.830+0000] {processor.py:839} INFO - DAG(s) dict_keys(['example_short_circuit_operator']) retrieved from /home/airflow/.local/lib/python3.8/site-packages/airflow/example_dags/example_short_circuit_operator.py
[2023-11-15T04:26:01.861+0000] {logging_mixin.py:151} INFO - [2023-11-15T04:26:01.861+0000] {dag.py:2941} INFO - Sync 1 DAGs
[2023-11-15T04:26:01.888+0000] {logging_mixin.py:151} INFO - [2023-11-15T04:26:01.887+0000] {dag.py:3722} INFO - Setting next_dagrun for example_short_circuit_operator to 2023-11-14T04:26:01.887363+00:00, run_after=2023-11-15T04:26:01.887363+00:00
[2023-11-15T04:26:01.917+0000] {processor.py:179} INFO - Processing /home/airflow/.local/lib/python3.8/site-packages/airflow/example_dags/example_short_circuit_operator.py took 0.104 seconds
[2023-11-15T04:26:32.154+0000] {processor.py:157} INFO - Started process (PID=3397) to work on /home/airflow/.local/lib/python3.8/site-packages/airflow/example_dags/example_short_circuit_operator.py
[2023-11-15T04:26:32.155+0000] {processor.py:829} INFO - Processing file /home/airflow/.local/lib/python3.8/site-packages/airflow/example_dags/example_short_circuit_operator.py for tasks to queue
[2023-11-15T04:26:32.158+0000] {logging_mixin.py:151} INFO - [2023-11-15T04:26:32.157+0000] {dagbag.py:536} INFO - Filling up the DagBag from /home/airflow/.local/lib/python3.8/site-packages/airflow/example_dags/example_short_circuit_operator.py
[2023-11-15T04:26:32.170+0000] {processor.py:839} INFO - DAG(s) dict_keys(['example_short_circuit_operator']) retrieved from /home/airflow/.local/lib/python3.8/site-packages/airflow/example_dags/example_short_circuit_operator.py
[2023-11-15T04:26:32.227+0000] {logging_mixin.py:151} INFO - [2023-11-15T04:26:32.227+0000] {dag.py:2941} INFO - Sync 1 DAGs
[2023-11-15T04:26:32.288+0000] {logging_mixin.py:151} INFO - [2023-11-15T04:26:32.287+0000] {dag.py:3722} INFO - Setting next_dagrun for example_short_circuit_operator to 2023-11-14T04:26:32.287108+00:00, run_after=2023-11-15T04:26:32.287108+00:00
[2023-11-15T04:26:32.338+0000] {processor.py:179} INFO - Processing /home/airflow/.local/lib/python3.8/site-packages/airflow/example_dags/example_short_circuit_operator.py took 0.188 seconds
