[2023-11-15T03:11:03.292+0000] {processor.py:157} INFO - Started process (PID=76) to work on /home/airflow/.local/lib/python3.8/site-packages/airflow/example_dags/example_external_task_marker_dag.py
[2023-11-15T03:11:03.293+0000] {processor.py:829} INFO - Processing file /home/airflow/.local/lib/python3.8/site-packages/airflow/example_dags/example_external_task_marker_dag.py for tasks to queue
[2023-11-15T03:11:03.296+0000] {logging_mixin.py:151} INFO - [2023-11-15T03:11:03.295+0000] {dagbag.py:536} INFO - Filling up the DagBag from /home/airflow/.local/lib/python3.8/site-packages/airflow/example_dags/example_external_task_marker_dag.py
[2023-11-15T03:11:03.302+0000] {processor.py:839} INFO - DAG(s) dict_keys(['example_external_task_marker_child', 'example_external_task_marker_parent']) retrieved from /home/airflow/.local/lib/python3.8/site-packages/airflow/example_dags/example_external_task_marker_dag.py
[2023-11-15T03:11:03.349+0000] {logging_mixin.py:151} INFO - [2023-11-15T03:11:03.349+0000] {dag.py:2941} INFO - Sync 2 DAGs
[2023-11-15T03:11:03.395+0000] {logging_mixin.py:151} INFO - [2023-11-15T03:11:03.395+0000] {dag.py:3722} INFO - Setting next_dagrun for example_external_task_marker_child to None, run_after=None
[2023-11-15T03:11:03.403+0000] {logging_mixin.py:151} INFO - [2023-11-15T03:11:03.403+0000] {dag.py:3722} INFO - Setting next_dagrun for example_external_task_marker_parent to None, run_after=None
[2023-11-15T03:11:03.447+0000] {processor.py:179} INFO - Processing /home/airflow/.local/lib/python3.8/site-packages/airflow/example_dags/example_external_task_marker_dag.py took 0.159 seconds
[2023-11-15T03:57:37.632+0000] {processor.py:157} INFO - Started process (PID=78) to work on /home/airflow/.local/lib/python3.8/site-packages/airflow/example_dags/example_external_task_marker_dag.py
[2023-11-15T03:57:37.635+0000] {processor.py:829} INFO - Processing file /home/airflow/.local/lib/python3.8/site-packages/airflow/example_dags/example_external_task_marker_dag.py for tasks to queue
[2023-11-15T03:57:37.638+0000] {logging_mixin.py:151} INFO - [2023-11-15T03:57:37.637+0000] {dagbag.py:536} INFO - Filling up the DagBag from /home/airflow/.local/lib/python3.8/site-packages/airflow/example_dags/example_external_task_marker_dag.py
[2023-11-15T03:57:37.648+0000] {processor.py:839} INFO - DAG(s) dict_keys(['example_external_task_marker_child', 'example_external_task_marker_parent']) retrieved from /home/airflow/.local/lib/python3.8/site-packages/airflow/example_dags/example_external_task_marker_dag.py
[2023-11-15T03:57:37.685+0000] {logging_mixin.py:151} INFO - [2023-11-15T03:57:37.685+0000] {dag.py:2941} INFO - Sync 2 DAGs
[2023-11-15T03:57:37.708+0000] {logging_mixin.py:151} INFO - [2023-11-15T03:57:37.708+0000] {dag.py:3722} INFO - Setting next_dagrun for example_external_task_marker_child to None, run_after=None
[2023-11-15T03:57:37.714+0000] {logging_mixin.py:151} INFO - [2023-11-15T03:57:37.713+0000] {dag.py:3722} INFO - Setting next_dagrun for example_external_task_marker_parent to None, run_after=None
[2023-11-15T03:57:37.737+0000] {processor.py:179} INFO - Processing /home/airflow/.local/lib/python3.8/site-packages/airflow/example_dags/example_external_task_marker_dag.py took 0.109 seconds
[2023-11-15T03:58:08.488+0000] {processor.py:157} INFO - Started process (PID=136) to work on /home/airflow/.local/lib/python3.8/site-packages/airflow/example_dags/example_external_task_marker_dag.py
[2023-11-15T03:58:08.489+0000] {processor.py:829} INFO - Processing file /home/airflow/.local/lib/python3.8/site-packages/airflow/example_dags/example_external_task_marker_dag.py for tasks to queue
[2023-11-15T03:58:08.492+0000] {logging_mixin.py:151} INFO - [2023-11-15T03:58:08.492+0000] {dagbag.py:536} INFO - Filling up the DagBag from /home/airflow/.local/lib/python3.8/site-packages/airflow/example_dags/example_external_task_marker_dag.py
[2023-11-15T03:58:08.500+0000] {processor.py:839} INFO - DAG(s) dict_keys(['example_external_task_marker_child', 'example_external_task_marker_parent']) retrieved from /home/airflow/.local/lib/python3.8/site-packages/airflow/example_dags/example_external_task_marker_dag.py
[2023-11-15T03:58:08.532+0000] {logging_mixin.py:151} INFO - [2023-11-15T03:58:08.532+0000] {dag.py:2941} INFO - Sync 2 DAGs
[2023-11-15T03:58:08.550+0000] {logging_mixin.py:151} INFO - [2023-11-15T03:58:08.549+0000] {dag.py:3722} INFO - Setting next_dagrun for example_external_task_marker_child to None, run_after=None
[2023-11-15T03:58:08.554+0000] {logging_mixin.py:151} INFO - [2023-11-15T03:58:08.554+0000] {dag.py:3722} INFO - Setting next_dagrun for example_external_task_marker_parent to None, run_after=None
[2023-11-15T03:58:08.576+0000] {processor.py:179} INFO - Processing /home/airflow/.local/lib/python3.8/site-packages/airflow/example_dags/example_external_task_marker_dag.py took 0.092 seconds
[2023-11-15T03:58:38.933+0000] {processor.py:157} INFO - Started process (PID=194) to work on /home/airflow/.local/lib/python3.8/site-packages/airflow/example_dags/example_external_task_marker_dag.py
[2023-11-15T03:58:38.934+0000] {processor.py:829} INFO - Processing file /home/airflow/.local/lib/python3.8/site-packages/airflow/example_dags/example_external_task_marker_dag.py for tasks to queue
[2023-11-15T03:58:38.937+0000] {logging_mixin.py:151} INFO - [2023-11-15T03:58:38.937+0000] {dagbag.py:536} INFO - Filling up the DagBag from /home/airflow/.local/lib/python3.8/site-packages/airflow/example_dags/example_external_task_marker_dag.py
[2023-11-15T03:58:38.943+0000] {processor.py:839} INFO - DAG(s) dict_keys(['example_external_task_marker_child', 'example_external_task_marker_parent']) retrieved from /home/airflow/.local/lib/python3.8/site-packages/airflow/example_dags/example_external_task_marker_dag.py
[2023-11-15T03:58:38.972+0000] {logging_mixin.py:151} INFO - [2023-11-15T03:58:38.971+0000] {dag.py:2941} INFO - Sync 2 DAGs
[2023-11-15T03:58:38.988+0000] {logging_mixin.py:151} INFO - [2023-11-15T03:58:38.988+0000] {dag.py:3722} INFO - Setting next_dagrun for example_external_task_marker_child to None, run_after=None
[2023-11-15T03:58:38.992+0000] {logging_mixin.py:151} INFO - [2023-11-15T03:58:38.992+0000] {dag.py:3722} INFO - Setting next_dagrun for example_external_task_marker_parent to None, run_after=None
[2023-11-15T03:58:39.013+0000] {processor.py:179} INFO - Processing /home/airflow/.local/lib/python3.8/site-packages/airflow/example_dags/example_external_task_marker_dag.py took 0.084 seconds
[2023-11-15T03:59:09.920+0000] {processor.py:157} INFO - Started process (PID=256) to work on /home/airflow/.local/lib/python3.8/site-packages/airflow/example_dags/example_external_task_marker_dag.py
[2023-11-15T03:59:09.921+0000] {processor.py:829} INFO - Processing file /home/airflow/.local/lib/python3.8/site-packages/airflow/example_dags/example_external_task_marker_dag.py for tasks to queue
[2023-11-15T03:59:09.924+0000] {logging_mixin.py:151} INFO - [2023-11-15T03:59:09.924+0000] {dagbag.py:536} INFO - Filling up the DagBag from /home/airflow/.local/lib/python3.8/site-packages/airflow/example_dags/example_external_task_marker_dag.py
[2023-11-15T03:59:09.930+0000] {processor.py:839} INFO - DAG(s) dict_keys(['example_external_task_marker_child', 'example_external_task_marker_parent']) retrieved from /home/airflow/.local/lib/python3.8/site-packages/airflow/example_dags/example_external_task_marker_dag.py
[2023-11-15T03:59:09.959+0000] {logging_mixin.py:151} INFO - [2023-11-15T03:59:09.959+0000] {dag.py:2941} INFO - Sync 2 DAGs
[2023-11-15T03:59:09.977+0000] {logging_mixin.py:151} INFO - [2023-11-15T03:59:09.977+0000] {dag.py:3722} INFO - Setting next_dagrun for example_external_task_marker_child to None, run_after=None
[2023-11-15T03:59:09.983+0000] {logging_mixin.py:151} INFO - [2023-11-15T03:59:09.983+0000] {dag.py:3722} INFO - Setting next_dagrun for example_external_task_marker_parent to None, run_after=None
[2023-11-15T03:59:10.005+0000] {processor.py:179} INFO - Processing /home/airflow/.local/lib/python3.8/site-packages/airflow/example_dags/example_external_task_marker_dag.py took 0.089 seconds
[2023-11-15T03:59:40.599+0000] {processor.py:157} INFO - Started process (PID=315) to work on /home/airflow/.local/lib/python3.8/site-packages/airflow/example_dags/example_external_task_marker_dag.py
[2023-11-15T03:59:40.600+0000] {processor.py:829} INFO - Processing file /home/airflow/.local/lib/python3.8/site-packages/airflow/example_dags/example_external_task_marker_dag.py for tasks to queue
[2023-11-15T03:59:40.603+0000] {logging_mixin.py:151} INFO - [2023-11-15T03:59:40.602+0000] {dagbag.py:536} INFO - Filling up the DagBag from /home/airflow/.local/lib/python3.8/site-packages/airflow/example_dags/example_external_task_marker_dag.py
[2023-11-15T03:59:40.609+0000] {processor.py:839} INFO - DAG(s) dict_keys(['example_external_task_marker_parent', 'example_external_task_marker_child']) retrieved from /home/airflow/.local/lib/python3.8/site-packages/airflow/example_dags/example_external_task_marker_dag.py
[2023-11-15T03:59:40.640+0000] {logging_mixin.py:151} INFO - [2023-11-15T03:59:40.640+0000] {dag.py:2941} INFO - Sync 2 DAGs
[2023-11-15T03:59:40.657+0000] {logging_mixin.py:151} INFO - [2023-11-15T03:59:40.657+0000] {dag.py:3722} INFO - Setting next_dagrun for example_external_task_marker_child to None, run_after=None
[2023-11-15T03:59:40.661+0000] {logging_mixin.py:151} INFO - [2023-11-15T03:59:40.661+0000] {dag.py:3722} INFO - Setting next_dagrun for example_external_task_marker_parent to None, run_after=None
[2023-11-15T03:59:40.683+0000] {processor.py:179} INFO - Processing /home/airflow/.local/lib/python3.8/site-packages/airflow/example_dags/example_external_task_marker_dag.py took 0.088 seconds
[2023-11-15T04:00:10.733+0000] {processor.py:157} INFO - Started process (PID=372) to work on /home/airflow/.local/lib/python3.8/site-packages/airflow/example_dags/example_external_task_marker_dag.py
[2023-11-15T04:00:10.734+0000] {processor.py:829} INFO - Processing file /home/airflow/.local/lib/python3.8/site-packages/airflow/example_dags/example_external_task_marker_dag.py for tasks to queue
[2023-11-15T04:00:10.737+0000] {logging_mixin.py:151} INFO - [2023-11-15T04:00:10.737+0000] {dagbag.py:536} INFO - Filling up the DagBag from /home/airflow/.local/lib/python3.8/site-packages/airflow/example_dags/example_external_task_marker_dag.py
[2023-11-15T04:00:10.744+0000] {processor.py:839} INFO - DAG(s) dict_keys(['example_external_task_marker_child', 'example_external_task_marker_parent']) retrieved from /home/airflow/.local/lib/python3.8/site-packages/airflow/example_dags/example_external_task_marker_dag.py
[2023-11-15T04:00:10.774+0000] {logging_mixin.py:151} INFO - [2023-11-15T04:00:10.774+0000] {dag.py:2941} INFO - Sync 2 DAGs
[2023-11-15T04:00:10.789+0000] {logging_mixin.py:151} INFO - [2023-11-15T04:00:10.789+0000] {dag.py:3722} INFO - Setting next_dagrun for example_external_task_marker_child to None, run_after=None
[2023-11-15T04:00:10.793+0000] {logging_mixin.py:151} INFO - [2023-11-15T04:00:10.793+0000] {dag.py:3722} INFO - Setting next_dagrun for example_external_task_marker_parent to None, run_after=None
[2023-11-15T04:00:10.816+0000] {processor.py:179} INFO - Processing /home/airflow/.local/lib/python3.8/site-packages/airflow/example_dags/example_external_task_marker_dag.py took 0.087 seconds
[2023-11-15T04:00:41.488+0000] {processor.py:157} INFO - Started process (PID=431) to work on /home/airflow/.local/lib/python3.8/site-packages/airflow/example_dags/example_external_task_marker_dag.py
[2023-11-15T04:00:41.490+0000] {processor.py:829} INFO - Processing file /home/airflow/.local/lib/python3.8/site-packages/airflow/example_dags/example_external_task_marker_dag.py for tasks to queue
[2023-11-15T04:00:41.494+0000] {logging_mixin.py:151} INFO - [2023-11-15T04:00:41.493+0000] {dagbag.py:536} INFO - Filling up the DagBag from /home/airflow/.local/lib/python3.8/site-packages/airflow/example_dags/example_external_task_marker_dag.py
[2023-11-15T04:00:41.504+0000] {processor.py:839} INFO - DAG(s) dict_keys(['example_external_task_marker_child', 'example_external_task_marker_parent']) retrieved from /home/airflow/.local/lib/python3.8/site-packages/airflow/example_dags/example_external_task_marker_dag.py
[2023-11-15T04:00:41.550+0000] {logging_mixin.py:151} INFO - [2023-11-15T04:00:41.550+0000] {dag.py:2941} INFO - Sync 2 DAGs
[2023-11-15T04:00:41.580+0000] {logging_mixin.py:151} INFO - [2023-11-15T04:00:41.580+0000] {dag.py:3722} INFO - Setting next_dagrun for example_external_task_marker_child to None, run_after=None
[2023-11-15T04:00:41.587+0000] {logging_mixin.py:151} INFO - [2023-11-15T04:00:41.586+0000] {dag.py:3722} INFO - Setting next_dagrun for example_external_task_marker_parent to None, run_after=None
[2023-11-15T04:00:41.637+0000] {processor.py:179} INFO - Processing /home/airflow/.local/lib/python3.8/site-packages/airflow/example_dags/example_external_task_marker_dag.py took 0.153 seconds
[2023-11-15T04:01:12.163+0000] {processor.py:157} INFO - Started process (PID=489) to work on /home/airflow/.local/lib/python3.8/site-packages/airflow/example_dags/example_external_task_marker_dag.py
[2023-11-15T04:01:12.164+0000] {processor.py:829} INFO - Processing file /home/airflow/.local/lib/python3.8/site-packages/airflow/example_dags/example_external_task_marker_dag.py for tasks to queue
[2023-11-15T04:01:12.167+0000] {logging_mixin.py:151} INFO - [2023-11-15T04:01:12.167+0000] {dagbag.py:536} INFO - Filling up the DagBag from /home/airflow/.local/lib/python3.8/site-packages/airflow/example_dags/example_external_task_marker_dag.py
[2023-11-15T04:01:12.173+0000] {processor.py:839} INFO - DAG(s) dict_keys(['example_external_task_marker_child', 'example_external_task_marker_parent']) retrieved from /home/airflow/.local/lib/python3.8/site-packages/airflow/example_dags/example_external_task_marker_dag.py
[2023-11-15T04:01:12.203+0000] {logging_mixin.py:151} INFO - [2023-11-15T04:01:12.203+0000] {dag.py:2941} INFO - Sync 2 DAGs
[2023-11-15T04:01:12.219+0000] {logging_mixin.py:151} INFO - [2023-11-15T04:01:12.218+0000] {dag.py:3722} INFO - Setting next_dagrun for example_external_task_marker_child to None, run_after=None
[2023-11-15T04:01:12.222+0000] {logging_mixin.py:151} INFO - [2023-11-15T04:01:12.222+0000] {dag.py:3722} INFO - Setting next_dagrun for example_external_task_marker_parent to None, run_after=None
[2023-11-15T04:01:12.244+0000] {processor.py:179} INFO - Processing /home/airflow/.local/lib/python3.8/site-packages/airflow/example_dags/example_external_task_marker_dag.py took 0.085 seconds
[2023-11-15T04:01:43.434+0000] {processor.py:157} INFO - Started process (PID=547) to work on /home/airflow/.local/lib/python3.8/site-packages/airflow/example_dags/example_external_task_marker_dag.py
[2023-11-15T04:01:43.435+0000] {processor.py:829} INFO - Processing file /home/airflow/.local/lib/python3.8/site-packages/airflow/example_dags/example_external_task_marker_dag.py for tasks to queue
[2023-11-15T04:01:43.439+0000] {logging_mixin.py:151} INFO - [2023-11-15T04:01:43.438+0000] {dagbag.py:536} INFO - Filling up the DagBag from /home/airflow/.local/lib/python3.8/site-packages/airflow/example_dags/example_external_task_marker_dag.py
[2023-11-15T04:01:43.447+0000] {processor.py:839} INFO - DAG(s) dict_keys(['example_external_task_marker_child', 'example_external_task_marker_parent']) retrieved from /home/airflow/.local/lib/python3.8/site-packages/airflow/example_dags/example_external_task_marker_dag.py
[2023-11-15T04:01:43.488+0000] {logging_mixin.py:151} INFO - [2023-11-15T04:01:43.487+0000] {dag.py:2941} INFO - Sync 2 DAGs
[2023-11-15T04:01:43.506+0000] {logging_mixin.py:151} INFO - [2023-11-15T04:01:43.505+0000] {dag.py:3722} INFO - Setting next_dagrun for example_external_task_marker_child to None, run_after=None
[2023-11-15T04:01:43.510+0000] {logging_mixin.py:151} INFO - [2023-11-15T04:01:43.510+0000] {dag.py:3722} INFO - Setting next_dagrun for example_external_task_marker_parent to None, run_after=None
[2023-11-15T04:01:43.534+0000] {processor.py:179} INFO - Processing /home/airflow/.local/lib/python3.8/site-packages/airflow/example_dags/example_external_task_marker_dag.py took 0.105 seconds
[2023-11-15T04:02:14.256+0000] {processor.py:157} INFO - Started process (PID=610) to work on /home/airflow/.local/lib/python3.8/site-packages/airflow/example_dags/example_external_task_marker_dag.py
[2023-11-15T04:02:14.257+0000] {processor.py:829} INFO - Processing file /home/airflow/.local/lib/python3.8/site-packages/airflow/example_dags/example_external_task_marker_dag.py for tasks to queue
[2023-11-15T04:02:14.260+0000] {logging_mixin.py:151} INFO - [2023-11-15T04:02:14.260+0000] {dagbag.py:536} INFO - Filling up the DagBag from /home/airflow/.local/lib/python3.8/site-packages/airflow/example_dags/example_external_task_marker_dag.py
[2023-11-15T04:02:14.266+0000] {processor.py:839} INFO - DAG(s) dict_keys(['example_external_task_marker_parent', 'example_external_task_marker_child']) retrieved from /home/airflow/.local/lib/python3.8/site-packages/airflow/example_dags/example_external_task_marker_dag.py
[2023-11-15T04:02:14.353+0000] {logging_mixin.py:151} INFO - [2023-11-15T04:02:14.353+0000] {dag.py:2941} INFO - Sync 2 DAGs
[2023-11-15T04:02:14.375+0000] {logging_mixin.py:151} INFO - [2023-11-15T04:02:14.375+0000] {dag.py:3722} INFO - Setting next_dagrun for example_external_task_marker_child to None, run_after=None
[2023-11-15T04:02:14.380+0000] {logging_mixin.py:151} INFO - [2023-11-15T04:02:14.379+0000] {dag.py:3722} INFO - Setting next_dagrun for example_external_task_marker_parent to None, run_after=None
[2023-11-15T04:02:14.406+0000] {processor.py:179} INFO - Processing /home/airflow/.local/lib/python3.8/site-packages/airflow/example_dags/example_external_task_marker_dag.py took 0.154 seconds
[2023-11-15T04:02:45.318+0000] {processor.py:157} INFO - Started process (PID=670) to work on /home/airflow/.local/lib/python3.8/site-packages/airflow/example_dags/example_external_task_marker_dag.py
[2023-11-15T04:02:45.320+0000] {processor.py:829} INFO - Processing file /home/airflow/.local/lib/python3.8/site-packages/airflow/example_dags/example_external_task_marker_dag.py for tasks to queue
[2023-11-15T04:02:45.323+0000] {logging_mixin.py:151} INFO - [2023-11-15T04:02:45.323+0000] {dagbag.py:536} INFO - Filling up the DagBag from /home/airflow/.local/lib/python3.8/site-packages/airflow/example_dags/example_external_task_marker_dag.py
[2023-11-15T04:02:45.330+0000] {processor.py:839} INFO - DAG(s) dict_keys(['example_external_task_marker_child', 'example_external_task_marker_parent']) retrieved from /home/airflow/.local/lib/python3.8/site-packages/airflow/example_dags/example_external_task_marker_dag.py
[2023-11-15T04:02:45.360+0000] {logging_mixin.py:151} INFO - [2023-11-15T04:02:45.360+0000] {dag.py:2941} INFO - Sync 2 DAGs
[2023-11-15T04:02:45.377+0000] {logging_mixin.py:151} INFO - [2023-11-15T04:02:45.377+0000] {dag.py:3722} INFO - Setting next_dagrun for example_external_task_marker_child to None, run_after=None
[2023-11-15T04:02:45.382+0000] {logging_mixin.py:151} INFO - [2023-11-15T04:02:45.382+0000] {dag.py:3722} INFO - Setting next_dagrun for example_external_task_marker_parent to None, run_after=None
[2023-11-15T04:02:45.406+0000] {processor.py:179} INFO - Processing /home/airflow/.local/lib/python3.8/site-packages/airflow/example_dags/example_external_task_marker_dag.py took 0.095 seconds
[2023-11-15T04:03:16.010+0000] {processor.py:157} INFO - Started process (PID=736) to work on /home/airflow/.local/lib/python3.8/site-packages/airflow/example_dags/example_external_task_marker_dag.py
[2023-11-15T04:03:16.011+0000] {processor.py:829} INFO - Processing file /home/airflow/.local/lib/python3.8/site-packages/airflow/example_dags/example_external_task_marker_dag.py for tasks to queue
[2023-11-15T04:03:16.015+0000] {logging_mixin.py:151} INFO - [2023-11-15T04:03:16.015+0000] {dagbag.py:536} INFO - Filling up the DagBag from /home/airflow/.local/lib/python3.8/site-packages/airflow/example_dags/example_external_task_marker_dag.py
[2023-11-15T04:03:16.022+0000] {processor.py:839} INFO - DAG(s) dict_keys(['example_external_task_marker_parent', 'example_external_task_marker_child']) retrieved from /home/airflow/.local/lib/python3.8/site-packages/airflow/example_dags/example_external_task_marker_dag.py
[2023-11-15T04:03:16.057+0000] {logging_mixin.py:151} INFO - [2023-11-15T04:03:16.056+0000] {dag.py:2941} INFO - Sync 2 DAGs
[2023-11-15T04:03:16.073+0000] {logging_mixin.py:151} INFO - [2023-11-15T04:03:16.072+0000] {dag.py:3722} INFO - Setting next_dagrun for example_external_task_marker_child to None, run_after=None
[2023-11-15T04:03:16.077+0000] {logging_mixin.py:151} INFO - [2023-11-15T04:03:16.077+0000] {dag.py:3722} INFO - Setting next_dagrun for example_external_task_marker_parent to None, run_after=None
[2023-11-15T04:03:16.098+0000] {processor.py:179} INFO - Processing /home/airflow/.local/lib/python3.8/site-packages/airflow/example_dags/example_external_task_marker_dag.py took 0.095 seconds
[2023-11-15T04:03:46.854+0000] {processor.py:157} INFO - Started process (PID=795) to work on /home/airflow/.local/lib/python3.8/site-packages/airflow/example_dags/example_external_task_marker_dag.py
[2023-11-15T04:03:46.855+0000] {processor.py:829} INFO - Processing file /home/airflow/.local/lib/python3.8/site-packages/airflow/example_dags/example_external_task_marker_dag.py for tasks to queue
[2023-11-15T04:03:46.858+0000] {logging_mixin.py:151} INFO - [2023-11-15T04:03:46.858+0000] {dagbag.py:536} INFO - Filling up the DagBag from /home/airflow/.local/lib/python3.8/site-packages/airflow/example_dags/example_external_task_marker_dag.py
[2023-11-15T04:03:46.865+0000] {processor.py:839} INFO - DAG(s) dict_keys(['example_external_task_marker_child', 'example_external_task_marker_parent']) retrieved from /home/airflow/.local/lib/python3.8/site-packages/airflow/example_dags/example_external_task_marker_dag.py
[2023-11-15T04:03:46.899+0000] {logging_mixin.py:151} INFO - [2023-11-15T04:03:46.898+0000] {dag.py:2941} INFO - Sync 2 DAGs
[2023-11-15T04:03:46.917+0000] {logging_mixin.py:151} INFO - [2023-11-15T04:03:46.917+0000] {dag.py:3722} INFO - Setting next_dagrun for example_external_task_marker_child to None, run_after=None
[2023-11-15T04:03:46.922+0000] {logging_mixin.py:151} INFO - [2023-11-15T04:03:46.921+0000] {dag.py:3722} INFO - Setting next_dagrun for example_external_task_marker_parent to None, run_after=None
[2023-11-15T04:03:46.943+0000] {processor.py:179} INFO - Processing /home/airflow/.local/lib/python3.8/site-packages/airflow/example_dags/example_external_task_marker_dag.py took 0.093 seconds
[2023-11-15T04:04:17.575+0000] {processor.py:157} INFO - Started process (PID=853) to work on /home/airflow/.local/lib/python3.8/site-packages/airflow/example_dags/example_external_task_marker_dag.py
[2023-11-15T04:04:17.575+0000] {processor.py:829} INFO - Processing file /home/airflow/.local/lib/python3.8/site-packages/airflow/example_dags/example_external_task_marker_dag.py for tasks to queue
[2023-11-15T04:04:17.578+0000] {logging_mixin.py:151} INFO - [2023-11-15T04:04:17.578+0000] {dagbag.py:536} INFO - Filling up the DagBag from /home/airflow/.local/lib/python3.8/site-packages/airflow/example_dags/example_external_task_marker_dag.py
[2023-11-15T04:04:17.585+0000] {processor.py:839} INFO - DAG(s) dict_keys(['example_external_task_marker_child', 'example_external_task_marker_parent']) retrieved from /home/airflow/.local/lib/python3.8/site-packages/airflow/example_dags/example_external_task_marker_dag.py
[2023-11-15T04:04:17.614+0000] {logging_mixin.py:151} INFO - [2023-11-15T04:04:17.613+0000] {dag.py:2941} INFO - Sync 2 DAGs
[2023-11-15T04:04:17.628+0000] {logging_mixin.py:151} INFO - [2023-11-15T04:04:17.628+0000] {dag.py:3722} INFO - Setting next_dagrun for example_external_task_marker_child to None, run_after=None
[2023-11-15T04:04:17.632+0000] {logging_mixin.py:151} INFO - [2023-11-15T04:04:17.632+0000] {dag.py:3722} INFO - Setting next_dagrun for example_external_task_marker_parent to None, run_after=None
[2023-11-15T04:04:17.656+0000] {processor.py:179} INFO - Processing /home/airflow/.local/lib/python3.8/site-packages/airflow/example_dags/example_external_task_marker_dag.py took 0.086 seconds
[2023-11-15T04:04:48.507+0000] {processor.py:157} INFO - Started process (PID=911) to work on /home/airflow/.local/lib/python3.8/site-packages/airflow/example_dags/example_external_task_marker_dag.py
[2023-11-15T04:04:48.509+0000] {processor.py:829} INFO - Processing file /home/airflow/.local/lib/python3.8/site-packages/airflow/example_dags/example_external_task_marker_dag.py for tasks to queue
[2023-11-15T04:04:48.512+0000] {logging_mixin.py:151} INFO - [2023-11-15T04:04:48.512+0000] {dagbag.py:536} INFO - Filling up the DagBag from /home/airflow/.local/lib/python3.8/site-packages/airflow/example_dags/example_external_task_marker_dag.py
[2023-11-15T04:04:48.519+0000] {processor.py:839} INFO - DAG(s) dict_keys(['example_external_task_marker_child', 'example_external_task_marker_parent']) retrieved from /home/airflow/.local/lib/python3.8/site-packages/airflow/example_dags/example_external_task_marker_dag.py
[2023-11-15T04:04:48.548+0000] {logging_mixin.py:151} INFO - [2023-11-15T04:04:48.547+0000] {dag.py:2941} INFO - Sync 2 DAGs
[2023-11-15T04:04:48.565+0000] {logging_mixin.py:151} INFO - [2023-11-15T04:04:48.565+0000] {dag.py:3722} INFO - Setting next_dagrun for example_external_task_marker_child to None, run_after=None
[2023-11-15T04:04:48.570+0000] {logging_mixin.py:151} INFO - [2023-11-15T04:04:48.570+0000] {dag.py:3722} INFO - Setting next_dagrun for example_external_task_marker_parent to None, run_after=None
[2023-11-15T04:04:48.593+0000] {processor.py:179} INFO - Processing /home/airflow/.local/lib/python3.8/site-packages/airflow/example_dags/example_external_task_marker_dag.py took 0.090 seconds
[2023-11-15T04:05:18.974+0000] {processor.py:157} INFO - Started process (PID=970) to work on /home/airflow/.local/lib/python3.8/site-packages/airflow/example_dags/example_external_task_marker_dag.py
[2023-11-15T04:05:18.976+0000] {processor.py:829} INFO - Processing file /home/airflow/.local/lib/python3.8/site-packages/airflow/example_dags/example_external_task_marker_dag.py for tasks to queue
[2023-11-15T04:05:18.980+0000] {logging_mixin.py:151} INFO - [2023-11-15T04:05:18.980+0000] {dagbag.py:536} INFO - Filling up the DagBag from /home/airflow/.local/lib/python3.8/site-packages/airflow/example_dags/example_external_task_marker_dag.py
[2023-11-15T04:05:18.987+0000] {processor.py:839} INFO - DAG(s) dict_keys(['example_external_task_marker_child', 'example_external_task_marker_parent']) retrieved from /home/airflow/.local/lib/python3.8/site-packages/airflow/example_dags/example_external_task_marker_dag.py
[2023-11-15T04:05:19.026+0000] {logging_mixin.py:151} INFO - [2023-11-15T04:05:19.026+0000] {dag.py:2941} INFO - Sync 2 DAGs
[2023-11-15T04:05:19.044+0000] {logging_mixin.py:151} INFO - [2023-11-15T04:05:19.044+0000] {dag.py:3722} INFO - Setting next_dagrun for example_external_task_marker_child to None, run_after=None
[2023-11-15T04:05:19.048+0000] {logging_mixin.py:151} INFO - [2023-11-15T04:05:19.048+0000] {dag.py:3722} INFO - Setting next_dagrun for example_external_task_marker_parent to None, run_after=None
[2023-11-15T04:05:19.073+0000] {processor.py:179} INFO - Processing /home/airflow/.local/lib/python3.8/site-packages/airflow/example_dags/example_external_task_marker_dag.py took 0.104 seconds
[2023-11-15T04:05:50.114+0000] {processor.py:157} INFO - Started process (PID=1029) to work on /home/airflow/.local/lib/python3.8/site-packages/airflow/example_dags/example_external_task_marker_dag.py
[2023-11-15T04:05:50.115+0000] {processor.py:829} INFO - Processing file /home/airflow/.local/lib/python3.8/site-packages/airflow/example_dags/example_external_task_marker_dag.py for tasks to queue
[2023-11-15T04:05:50.118+0000] {logging_mixin.py:151} INFO - [2023-11-15T04:05:50.118+0000] {dagbag.py:536} INFO - Filling up the DagBag from /home/airflow/.local/lib/python3.8/site-packages/airflow/example_dags/example_external_task_marker_dag.py
[2023-11-15T04:05:50.125+0000] {processor.py:839} INFO - DAG(s) dict_keys(['example_external_task_marker_parent', 'example_external_task_marker_child']) retrieved from /home/airflow/.local/lib/python3.8/site-packages/airflow/example_dags/example_external_task_marker_dag.py
[2023-11-15T04:05:50.158+0000] {logging_mixin.py:151} INFO - [2023-11-15T04:05:50.157+0000] {dag.py:2941} INFO - Sync 2 DAGs
[2023-11-15T04:05:50.178+0000] {logging_mixin.py:151} INFO - [2023-11-15T04:05:50.177+0000] {dag.py:3722} INFO - Setting next_dagrun for example_external_task_marker_child to None, run_after=None
[2023-11-15T04:05:50.183+0000] {logging_mixin.py:151} INFO - [2023-11-15T04:05:50.182+0000] {dag.py:3722} INFO - Setting next_dagrun for example_external_task_marker_parent to None, run_after=None
[2023-11-15T04:05:50.206+0000] {processor.py:179} INFO - Processing /home/airflow/.local/lib/python3.8/site-packages/airflow/example_dags/example_external_task_marker_dag.py took 0.096 seconds
[2023-11-15T04:06:20.663+0000] {processor.py:157} INFO - Started process (PID=1088) to work on /home/airflow/.local/lib/python3.8/site-packages/airflow/example_dags/example_external_task_marker_dag.py
[2023-11-15T04:06:20.664+0000] {processor.py:829} INFO - Processing file /home/airflow/.local/lib/python3.8/site-packages/airflow/example_dags/example_external_task_marker_dag.py for tasks to queue
[2023-11-15T04:06:20.666+0000] {logging_mixin.py:151} INFO - [2023-11-15T04:06:20.666+0000] {dagbag.py:536} INFO - Filling up the DagBag from /home/airflow/.local/lib/python3.8/site-packages/airflow/example_dags/example_external_task_marker_dag.py
[2023-11-15T04:06:20.674+0000] {processor.py:839} INFO - DAG(s) dict_keys(['example_external_task_marker_parent', 'example_external_task_marker_child']) retrieved from /home/airflow/.local/lib/python3.8/site-packages/airflow/example_dags/example_external_task_marker_dag.py
[2023-11-15T04:06:20.705+0000] {logging_mixin.py:151} INFO - [2023-11-15T04:06:20.705+0000] {dag.py:2941} INFO - Sync 2 DAGs
[2023-11-15T04:06:20.723+0000] {logging_mixin.py:151} INFO - [2023-11-15T04:06:20.723+0000] {dag.py:3722} INFO - Setting next_dagrun for example_external_task_marker_child to None, run_after=None
[2023-11-15T04:06:20.727+0000] {logging_mixin.py:151} INFO - [2023-11-15T04:06:20.727+0000] {dag.py:3722} INFO - Setting next_dagrun for example_external_task_marker_parent to None, run_after=None
[2023-11-15T04:06:20.750+0000] {processor.py:179} INFO - Processing /home/airflow/.local/lib/python3.8/site-packages/airflow/example_dags/example_external_task_marker_dag.py took 0.091 seconds
[2023-11-15T04:06:51.697+0000] {processor.py:157} INFO - Started process (PID=1146) to work on /home/airflow/.local/lib/python3.8/site-packages/airflow/example_dags/example_external_task_marker_dag.py
[2023-11-15T04:06:51.699+0000] {processor.py:829} INFO - Processing file /home/airflow/.local/lib/python3.8/site-packages/airflow/example_dags/example_external_task_marker_dag.py for tasks to queue
[2023-11-15T04:06:51.701+0000] {logging_mixin.py:151} INFO - [2023-11-15T04:06:51.701+0000] {dagbag.py:536} INFO - Filling up the DagBag from /home/airflow/.local/lib/python3.8/site-packages/airflow/example_dags/example_external_task_marker_dag.py
[2023-11-15T04:06:51.709+0000] {processor.py:839} INFO - DAG(s) dict_keys(['example_external_task_marker_parent', 'example_external_task_marker_child']) retrieved from /home/airflow/.local/lib/python3.8/site-packages/airflow/example_dags/example_external_task_marker_dag.py
[2023-11-15T04:06:51.739+0000] {logging_mixin.py:151} INFO - [2023-11-15T04:06:51.739+0000] {dag.py:2941} INFO - Sync 2 DAGs
[2023-11-15T04:06:51.755+0000] {logging_mixin.py:151} INFO - [2023-11-15T04:06:51.755+0000] {dag.py:3722} INFO - Setting next_dagrun for example_external_task_marker_child to None, run_after=None
[2023-11-15T04:06:51.761+0000] {logging_mixin.py:151} INFO - [2023-11-15T04:06:51.760+0000] {dag.py:3722} INFO - Setting next_dagrun for example_external_task_marker_parent to None, run_after=None
[2023-11-15T04:06:51.792+0000] {processor.py:179} INFO - Processing /home/airflow/.local/lib/python3.8/site-packages/airflow/example_dags/example_external_task_marker_dag.py took 0.099 seconds
[2023-11-15T04:07:22.697+0000] {processor.py:157} INFO - Started process (PID=1205) to work on /home/airflow/.local/lib/python3.8/site-packages/airflow/example_dags/example_external_task_marker_dag.py
[2023-11-15T04:07:22.710+0000] {processor.py:829} INFO - Processing file /home/airflow/.local/lib/python3.8/site-packages/airflow/example_dags/example_external_task_marker_dag.py for tasks to queue
[2023-11-15T04:07:22.717+0000] {logging_mixin.py:151} INFO - [2023-11-15T04:07:22.716+0000] {dagbag.py:536} INFO - Filling up the DagBag from /home/airflow/.local/lib/python3.8/site-packages/airflow/example_dags/example_external_task_marker_dag.py
[2023-11-15T04:07:22.742+0000] {processor.py:839} INFO - DAG(s) dict_keys(['example_external_task_marker_child', 'example_external_task_marker_parent']) retrieved from /home/airflow/.local/lib/python3.8/site-packages/airflow/example_dags/example_external_task_marker_dag.py
[2023-11-15T04:07:22.789+0000] {logging_mixin.py:151} INFO - [2023-11-15T04:07:22.789+0000] {dag.py:2941} INFO - Sync 2 DAGs
[2023-11-15T04:07:22.824+0000] {logging_mixin.py:151} INFO - [2023-11-15T04:07:22.823+0000] {dag.py:3722} INFO - Setting next_dagrun for example_external_task_marker_child to None, run_after=None
[2023-11-15T04:07:22.839+0000] {logging_mixin.py:151} INFO - [2023-11-15T04:07:22.839+0000] {dag.py:3722} INFO - Setting next_dagrun for example_external_task_marker_parent to None, run_after=None
[2023-11-15T04:07:22.872+0000] {processor.py:179} INFO - Processing /home/airflow/.local/lib/python3.8/site-packages/airflow/example_dags/example_external_task_marker_dag.py took 0.183 seconds
[2023-11-15T04:07:53.452+0000] {processor.py:157} INFO - Started process (PID=1262) to work on /home/airflow/.local/lib/python3.8/site-packages/airflow/example_dags/example_external_task_marker_dag.py
[2023-11-15T04:07:53.453+0000] {processor.py:829} INFO - Processing file /home/airflow/.local/lib/python3.8/site-packages/airflow/example_dags/example_external_task_marker_dag.py for tasks to queue
[2023-11-15T04:07:53.456+0000] {logging_mixin.py:151} INFO - [2023-11-15T04:07:53.456+0000] {dagbag.py:536} INFO - Filling up the DagBag from /home/airflow/.local/lib/python3.8/site-packages/airflow/example_dags/example_external_task_marker_dag.py
[2023-11-15T04:07:53.463+0000] {processor.py:839} INFO - DAG(s) dict_keys(['example_external_task_marker_child', 'example_external_task_marker_parent']) retrieved from /home/airflow/.local/lib/python3.8/site-packages/airflow/example_dags/example_external_task_marker_dag.py
[2023-11-15T04:07:53.492+0000] {logging_mixin.py:151} INFO - [2023-11-15T04:07:53.491+0000] {dag.py:2941} INFO - Sync 2 DAGs
[2023-11-15T04:07:53.508+0000] {logging_mixin.py:151} INFO - [2023-11-15T04:07:53.508+0000] {dag.py:3722} INFO - Setting next_dagrun for example_external_task_marker_child to None, run_after=None
[2023-11-15T04:07:53.512+0000] {logging_mixin.py:151} INFO - [2023-11-15T04:07:53.512+0000] {dag.py:3722} INFO - Setting next_dagrun for example_external_task_marker_parent to None, run_after=None
[2023-11-15T04:07:53.533+0000] {processor.py:179} INFO - Processing /home/airflow/.local/lib/python3.8/site-packages/airflow/example_dags/example_external_task_marker_dag.py took 0.086 seconds
[2023-11-15T04:08:23.713+0000] {processor.py:157} INFO - Started process (PID=1320) to work on /home/airflow/.local/lib/python3.8/site-packages/airflow/example_dags/example_external_task_marker_dag.py
[2023-11-15T04:08:23.714+0000] {processor.py:829} INFO - Processing file /home/airflow/.local/lib/python3.8/site-packages/airflow/example_dags/example_external_task_marker_dag.py for tasks to queue
[2023-11-15T04:08:23.716+0000] {logging_mixin.py:151} INFO - [2023-11-15T04:08:23.716+0000] {dagbag.py:536} INFO - Filling up the DagBag from /home/airflow/.local/lib/python3.8/site-packages/airflow/example_dags/example_external_task_marker_dag.py
[2023-11-15T04:08:23.723+0000] {processor.py:839} INFO - DAG(s) dict_keys(['example_external_task_marker_parent', 'example_external_task_marker_child']) retrieved from /home/airflow/.local/lib/python3.8/site-packages/airflow/example_dags/example_external_task_marker_dag.py
[2023-11-15T04:08:23.757+0000] {logging_mixin.py:151} INFO - [2023-11-15T04:08:23.757+0000] {dag.py:2941} INFO - Sync 2 DAGs
[2023-11-15T04:08:23.777+0000] {logging_mixin.py:151} INFO - [2023-11-15T04:08:23.777+0000] {dag.py:3722} INFO - Setting next_dagrun for example_external_task_marker_child to None, run_after=None
[2023-11-15T04:08:23.783+0000] {logging_mixin.py:151} INFO - [2023-11-15T04:08:23.783+0000] {dag.py:3722} INFO - Setting next_dagrun for example_external_task_marker_parent to None, run_after=None
[2023-11-15T04:08:23.809+0000] {processor.py:179} INFO - Processing /home/airflow/.local/lib/python3.8/site-packages/airflow/example_dags/example_external_task_marker_dag.py took 0.100 seconds
[2023-11-15T04:08:54.012+0000] {processor.py:157} INFO - Started process (PID=1375) to work on /home/airflow/.local/lib/python3.8/site-packages/airflow/example_dags/example_external_task_marker_dag.py
[2023-11-15T04:08:54.014+0000] {processor.py:829} INFO - Processing file /home/airflow/.local/lib/python3.8/site-packages/airflow/example_dags/example_external_task_marker_dag.py for tasks to queue
[2023-11-15T04:08:54.017+0000] {logging_mixin.py:151} INFO - [2023-11-15T04:08:54.016+0000] {dagbag.py:536} INFO - Filling up the DagBag from /home/airflow/.local/lib/python3.8/site-packages/airflow/example_dags/example_external_task_marker_dag.py
[2023-11-15T04:08:54.023+0000] {processor.py:839} INFO - DAG(s) dict_keys(['example_external_task_marker_parent', 'example_external_task_marker_child']) retrieved from /home/airflow/.local/lib/python3.8/site-packages/airflow/example_dags/example_external_task_marker_dag.py
[2023-11-15T04:08:54.054+0000] {logging_mixin.py:151} INFO - [2023-11-15T04:08:54.053+0000] {dag.py:2941} INFO - Sync 2 DAGs
[2023-11-15T04:08:54.072+0000] {logging_mixin.py:151} INFO - [2023-11-15T04:08:54.071+0000] {dag.py:3722} INFO - Setting next_dagrun for example_external_task_marker_child to None, run_after=None
[2023-11-15T04:08:54.076+0000] {logging_mixin.py:151} INFO - [2023-11-15T04:08:54.076+0000] {dag.py:3722} INFO - Setting next_dagrun for example_external_task_marker_parent to None, run_after=None
[2023-11-15T04:08:54.098+0000] {processor.py:179} INFO - Processing /home/airflow/.local/lib/python3.8/site-packages/airflow/example_dags/example_external_task_marker_dag.py took 0.090 seconds
[2023-11-15T04:09:24.478+0000] {processor.py:157} INFO - Started process (PID=1432) to work on /home/airflow/.local/lib/python3.8/site-packages/airflow/example_dags/example_external_task_marker_dag.py
[2023-11-15T04:09:24.479+0000] {processor.py:829} INFO - Processing file /home/airflow/.local/lib/python3.8/site-packages/airflow/example_dags/example_external_task_marker_dag.py for tasks to queue
[2023-11-15T04:09:24.483+0000] {logging_mixin.py:151} INFO - [2023-11-15T04:09:24.482+0000] {dagbag.py:536} INFO - Filling up the DagBag from /home/airflow/.local/lib/python3.8/site-packages/airflow/example_dags/example_external_task_marker_dag.py
[2023-11-15T04:09:24.491+0000] {processor.py:839} INFO - DAG(s) dict_keys(['example_external_task_marker_child', 'example_external_task_marker_parent']) retrieved from /home/airflow/.local/lib/python3.8/site-packages/airflow/example_dags/example_external_task_marker_dag.py
[2023-11-15T04:09:24.523+0000] {logging_mixin.py:151} INFO - [2023-11-15T04:09:24.523+0000] {dag.py:2941} INFO - Sync 2 DAGs
[2023-11-15T04:09:24.540+0000] {logging_mixin.py:151} INFO - [2023-11-15T04:09:24.540+0000] {dag.py:3722} INFO - Setting next_dagrun for example_external_task_marker_child to None, run_after=None
[2023-11-15T04:09:24.544+0000] {logging_mixin.py:151} INFO - [2023-11-15T04:09:24.544+0000] {dag.py:3722} INFO - Setting next_dagrun for example_external_task_marker_parent to None, run_after=None
[2023-11-15T04:09:24.567+0000] {processor.py:179} INFO - Processing /home/airflow/.local/lib/python3.8/site-packages/airflow/example_dags/example_external_task_marker_dag.py took 0.093 seconds
[2023-11-15T04:09:55.042+0000] {processor.py:157} INFO - Started process (PID=1489) to work on /home/airflow/.local/lib/python3.8/site-packages/airflow/example_dags/example_external_task_marker_dag.py
[2023-11-15T04:09:55.043+0000] {processor.py:829} INFO - Processing file /home/airflow/.local/lib/python3.8/site-packages/airflow/example_dags/example_external_task_marker_dag.py for tasks to queue
[2023-11-15T04:09:55.047+0000] {logging_mixin.py:151} INFO - [2023-11-15T04:09:55.046+0000] {dagbag.py:536} INFO - Filling up the DagBag from /home/airflow/.local/lib/python3.8/site-packages/airflow/example_dags/example_external_task_marker_dag.py
[2023-11-15T04:09:55.053+0000] {processor.py:839} INFO - DAG(s) dict_keys(['example_external_task_marker_child', 'example_external_task_marker_parent']) retrieved from /home/airflow/.local/lib/python3.8/site-packages/airflow/example_dags/example_external_task_marker_dag.py
[2023-11-15T04:09:55.084+0000] {logging_mixin.py:151} INFO - [2023-11-15T04:09:55.083+0000] {dag.py:2941} INFO - Sync 2 DAGs
[2023-11-15T04:09:55.101+0000] {logging_mixin.py:151} INFO - [2023-11-15T04:09:55.101+0000] {dag.py:3722} INFO - Setting next_dagrun for example_external_task_marker_child to None, run_after=None
[2023-11-15T04:09:55.107+0000] {logging_mixin.py:151} INFO - [2023-11-15T04:09:55.107+0000] {dag.py:3722} INFO - Setting next_dagrun for example_external_task_marker_parent to None, run_after=None
[2023-11-15T04:09:55.130+0000] {processor.py:179} INFO - Processing /home/airflow/.local/lib/python3.8/site-packages/airflow/example_dags/example_external_task_marker_dag.py took 0.093 seconds
[2023-11-15T04:10:25.872+0000] {processor.py:157} INFO - Started process (PID=1546) to work on /home/airflow/.local/lib/python3.8/site-packages/airflow/example_dags/example_external_task_marker_dag.py
[2023-11-15T04:10:25.873+0000] {processor.py:829} INFO - Processing file /home/airflow/.local/lib/python3.8/site-packages/airflow/example_dags/example_external_task_marker_dag.py for tasks to queue
[2023-11-15T04:10:25.876+0000] {logging_mixin.py:151} INFO - [2023-11-15T04:10:25.876+0000] {dagbag.py:536} INFO - Filling up the DagBag from /home/airflow/.local/lib/python3.8/site-packages/airflow/example_dags/example_external_task_marker_dag.py
[2023-11-15T04:10:25.883+0000] {processor.py:839} INFO - DAG(s) dict_keys(['example_external_task_marker_parent', 'example_external_task_marker_child']) retrieved from /home/airflow/.local/lib/python3.8/site-packages/airflow/example_dags/example_external_task_marker_dag.py
[2023-11-15T04:10:25.912+0000] {logging_mixin.py:151} INFO - [2023-11-15T04:10:25.912+0000] {dag.py:2941} INFO - Sync 2 DAGs
[2023-11-15T04:10:25.928+0000] {logging_mixin.py:151} INFO - [2023-11-15T04:10:25.928+0000] {dag.py:3722} INFO - Setting next_dagrun for example_external_task_marker_child to None, run_after=None
[2023-11-15T04:10:25.933+0000] {logging_mixin.py:151} INFO - [2023-11-15T04:10:25.932+0000] {dag.py:3722} INFO - Setting next_dagrun for example_external_task_marker_parent to None, run_after=None
[2023-11-15T04:10:25.958+0000] {processor.py:179} INFO - Processing /home/airflow/.local/lib/python3.8/site-packages/airflow/example_dags/example_external_task_marker_dag.py took 0.089 seconds
[2023-11-15T04:10:56.249+0000] {processor.py:157} INFO - Started process (PID=1604) to work on /home/airflow/.local/lib/python3.8/site-packages/airflow/example_dags/example_external_task_marker_dag.py
[2023-11-15T04:10:56.251+0000] {processor.py:829} INFO - Processing file /home/airflow/.local/lib/python3.8/site-packages/airflow/example_dags/example_external_task_marker_dag.py for tasks to queue
[2023-11-15T04:10:56.254+0000] {logging_mixin.py:151} INFO - [2023-11-15T04:10:56.254+0000] {dagbag.py:536} INFO - Filling up the DagBag from /home/airflow/.local/lib/python3.8/site-packages/airflow/example_dags/example_external_task_marker_dag.py
[2023-11-15T04:10:56.263+0000] {processor.py:839} INFO - DAG(s) dict_keys(['example_external_task_marker_child', 'example_external_task_marker_parent']) retrieved from /home/airflow/.local/lib/python3.8/site-packages/airflow/example_dags/example_external_task_marker_dag.py
[2023-11-15T04:10:56.296+0000] {logging_mixin.py:151} INFO - [2023-11-15T04:10:56.295+0000] {dag.py:2941} INFO - Sync 2 DAGs
[2023-11-15T04:10:56.315+0000] {logging_mixin.py:151} INFO - [2023-11-15T04:10:56.315+0000] {dag.py:3722} INFO - Setting next_dagrun for example_external_task_marker_child to None, run_after=None
[2023-11-15T04:10:56.321+0000] {logging_mixin.py:151} INFO - [2023-11-15T04:10:56.321+0000] {dag.py:3722} INFO - Setting next_dagrun for example_external_task_marker_parent to None, run_after=None
[2023-11-15T04:10:56.344+0000] {processor.py:179} INFO - Processing /home/airflow/.local/lib/python3.8/site-packages/airflow/example_dags/example_external_task_marker_dag.py took 0.099 seconds
[2023-11-15T04:11:26.789+0000] {processor.py:157} INFO - Started process (PID=1665) to work on /home/airflow/.local/lib/python3.8/site-packages/airflow/example_dags/example_external_task_marker_dag.py
[2023-11-15T04:11:26.790+0000] {processor.py:829} INFO - Processing file /home/airflow/.local/lib/python3.8/site-packages/airflow/example_dags/example_external_task_marker_dag.py for tasks to queue
[2023-11-15T04:11:26.792+0000] {logging_mixin.py:151} INFO - [2023-11-15T04:11:26.792+0000] {dagbag.py:536} INFO - Filling up the DagBag from /home/airflow/.local/lib/python3.8/site-packages/airflow/example_dags/example_external_task_marker_dag.py
[2023-11-15T04:11:26.799+0000] {processor.py:839} INFO - DAG(s) dict_keys(['example_external_task_marker_child', 'example_external_task_marker_parent']) retrieved from /home/airflow/.local/lib/python3.8/site-packages/airflow/example_dags/example_external_task_marker_dag.py
[2023-11-15T04:11:26.829+0000] {logging_mixin.py:151} INFO - [2023-11-15T04:11:26.829+0000] {dag.py:2941} INFO - Sync 2 DAGs
[2023-11-15T04:11:26.846+0000] {logging_mixin.py:151} INFO - [2023-11-15T04:11:26.845+0000] {dag.py:3722} INFO - Setting next_dagrun for example_external_task_marker_child to None, run_after=None
[2023-11-15T04:11:26.850+0000] {logging_mixin.py:151} INFO - [2023-11-15T04:11:26.850+0000] {dag.py:3722} INFO - Setting next_dagrun for example_external_task_marker_parent to None, run_after=None
[2023-11-15T04:11:26.872+0000] {processor.py:179} INFO - Processing /home/airflow/.local/lib/python3.8/site-packages/airflow/example_dags/example_external_task_marker_dag.py took 0.087 seconds
[2023-11-15T04:11:56.954+0000] {processor.py:157} INFO - Started process (PID=1727) to work on /home/airflow/.local/lib/python3.8/site-packages/airflow/example_dags/example_external_task_marker_dag.py
[2023-11-15T04:11:56.956+0000] {processor.py:829} INFO - Processing file /home/airflow/.local/lib/python3.8/site-packages/airflow/example_dags/example_external_task_marker_dag.py for tasks to queue
[2023-11-15T04:11:56.958+0000] {logging_mixin.py:151} INFO - [2023-11-15T04:11:56.958+0000] {dagbag.py:536} INFO - Filling up the DagBag from /home/airflow/.local/lib/python3.8/site-packages/airflow/example_dags/example_external_task_marker_dag.py
[2023-11-15T04:11:56.965+0000] {processor.py:839} INFO - DAG(s) dict_keys(['example_external_task_marker_child', 'example_external_task_marker_parent']) retrieved from /home/airflow/.local/lib/python3.8/site-packages/airflow/example_dags/example_external_task_marker_dag.py
[2023-11-15T04:11:56.995+0000] {logging_mixin.py:151} INFO - [2023-11-15T04:11:56.995+0000] {dag.py:2941} INFO - Sync 2 DAGs
[2023-11-15T04:11:57.012+0000] {logging_mixin.py:151} INFO - [2023-11-15T04:11:57.012+0000] {dag.py:3722} INFO - Setting next_dagrun for example_external_task_marker_child to None, run_after=None
[2023-11-15T04:11:57.017+0000] {logging_mixin.py:151} INFO - [2023-11-15T04:11:57.017+0000] {dag.py:3722} INFO - Setting next_dagrun for example_external_task_marker_parent to None, run_after=None
[2023-11-15T04:11:57.042+0000] {processor.py:179} INFO - Processing /home/airflow/.local/lib/python3.8/site-packages/airflow/example_dags/example_external_task_marker_dag.py took 0.091 seconds
[2023-11-15T04:12:27.626+0000] {processor.py:157} INFO - Started process (PID=1787) to work on /home/airflow/.local/lib/python3.8/site-packages/airflow/example_dags/example_external_task_marker_dag.py
[2023-11-15T04:12:27.627+0000] {processor.py:829} INFO - Processing file /home/airflow/.local/lib/python3.8/site-packages/airflow/example_dags/example_external_task_marker_dag.py for tasks to queue
[2023-11-15T04:12:27.630+0000] {logging_mixin.py:151} INFO - [2023-11-15T04:12:27.629+0000] {dagbag.py:536} INFO - Filling up the DagBag from /home/airflow/.local/lib/python3.8/site-packages/airflow/example_dags/example_external_task_marker_dag.py
[2023-11-15T04:12:27.636+0000] {processor.py:839} INFO - DAG(s) dict_keys(['example_external_task_marker_parent', 'example_external_task_marker_child']) retrieved from /home/airflow/.local/lib/python3.8/site-packages/airflow/example_dags/example_external_task_marker_dag.py
[2023-11-15T04:12:27.667+0000] {logging_mixin.py:151} INFO - [2023-11-15T04:12:27.667+0000] {dag.py:2941} INFO - Sync 2 DAGs
[2023-11-15T04:12:27.682+0000] {logging_mixin.py:151} INFO - [2023-11-15T04:12:27.682+0000] {dag.py:3722} INFO - Setting next_dagrun for example_external_task_marker_child to None, run_after=None
[2023-11-15T04:12:27.686+0000] {logging_mixin.py:151} INFO - [2023-11-15T04:12:27.686+0000] {dag.py:3722} INFO - Setting next_dagrun for example_external_task_marker_parent to None, run_after=None
[2023-11-15T04:12:27.708+0000] {processor.py:179} INFO - Processing /home/airflow/.local/lib/python3.8/site-packages/airflow/example_dags/example_external_task_marker_dag.py took 0.085 seconds
[2023-11-15T04:12:58.094+0000] {processor.py:157} INFO - Started process (PID=1847) to work on /home/airflow/.local/lib/python3.8/site-packages/airflow/example_dags/example_external_task_marker_dag.py
[2023-11-15T04:12:58.095+0000] {processor.py:829} INFO - Processing file /home/airflow/.local/lib/python3.8/site-packages/airflow/example_dags/example_external_task_marker_dag.py for tasks to queue
[2023-11-15T04:12:58.098+0000] {logging_mixin.py:151} INFO - [2023-11-15T04:12:58.097+0000] {dagbag.py:536} INFO - Filling up the DagBag from /home/airflow/.local/lib/python3.8/site-packages/airflow/example_dags/example_external_task_marker_dag.py
[2023-11-15T04:12:58.104+0000] {processor.py:839} INFO - DAG(s) dict_keys(['example_external_task_marker_parent', 'example_external_task_marker_child']) retrieved from /home/airflow/.local/lib/python3.8/site-packages/airflow/example_dags/example_external_task_marker_dag.py
[2023-11-15T04:12:58.133+0000] {logging_mixin.py:151} INFO - [2023-11-15T04:12:58.133+0000] {dag.py:2941} INFO - Sync 2 DAGs
[2023-11-15T04:12:58.149+0000] {logging_mixin.py:151} INFO - [2023-11-15T04:12:58.149+0000] {dag.py:3722} INFO - Setting next_dagrun for example_external_task_marker_child to None, run_after=None
[2023-11-15T04:12:58.153+0000] {logging_mixin.py:151} INFO - [2023-11-15T04:12:58.153+0000] {dag.py:3722} INFO - Setting next_dagrun for example_external_task_marker_parent to None, run_after=None
[2023-11-15T04:12:58.174+0000] {processor.py:179} INFO - Processing /home/airflow/.local/lib/python3.8/site-packages/airflow/example_dags/example_external_task_marker_dag.py took 0.084 seconds
[2023-11-15T04:13:29.031+0000] {processor.py:157} INFO - Started process (PID=1909) to work on /home/airflow/.local/lib/python3.8/site-packages/airflow/example_dags/example_external_task_marker_dag.py
[2023-11-15T04:13:29.033+0000] {processor.py:829} INFO - Processing file /home/airflow/.local/lib/python3.8/site-packages/airflow/example_dags/example_external_task_marker_dag.py for tasks to queue
[2023-11-15T04:13:29.036+0000] {logging_mixin.py:151} INFO - [2023-11-15T04:13:29.036+0000] {dagbag.py:536} INFO - Filling up the DagBag from /home/airflow/.local/lib/python3.8/site-packages/airflow/example_dags/example_external_task_marker_dag.py
[2023-11-15T04:13:29.046+0000] {processor.py:839} INFO - DAG(s) dict_keys(['example_external_task_marker_child', 'example_external_task_marker_parent']) retrieved from /home/airflow/.local/lib/python3.8/site-packages/airflow/example_dags/example_external_task_marker_dag.py
[2023-11-15T04:13:29.082+0000] {logging_mixin.py:151} INFO - [2023-11-15T04:13:29.082+0000] {dag.py:2941} INFO - Sync 2 DAGs
[2023-11-15T04:13:29.103+0000] {logging_mixin.py:151} INFO - [2023-11-15T04:13:29.103+0000] {dag.py:3722} INFO - Setting next_dagrun for example_external_task_marker_child to None, run_after=None
[2023-11-15T04:13:29.108+0000] {logging_mixin.py:151} INFO - [2023-11-15T04:13:29.108+0000] {dag.py:3722} INFO - Setting next_dagrun for example_external_task_marker_parent to None, run_after=None
[2023-11-15T04:13:29.133+0000] {processor.py:179} INFO - Processing /home/airflow/.local/lib/python3.8/site-packages/airflow/example_dags/example_external_task_marker_dag.py took 0.107 seconds
[2023-11-15T04:14:00.714+0000] {processor.py:157} INFO - Started process (PID=1966) to work on /home/airflow/.local/lib/python3.8/site-packages/airflow/example_dags/example_external_task_marker_dag.py
[2023-11-15T04:14:00.716+0000] {processor.py:829} INFO - Processing file /home/airflow/.local/lib/python3.8/site-packages/airflow/example_dags/example_external_task_marker_dag.py for tasks to queue
[2023-11-15T04:14:00.720+0000] {logging_mixin.py:151} INFO - [2023-11-15T04:14:00.719+0000] {dagbag.py:536} INFO - Filling up the DagBag from /home/airflow/.local/lib/python3.8/site-packages/airflow/example_dags/example_external_task_marker_dag.py
[2023-11-15T04:14:00.727+0000] {processor.py:839} INFO - DAG(s) dict_keys(['example_external_task_marker_parent', 'example_external_task_marker_child']) retrieved from /home/airflow/.local/lib/python3.8/site-packages/airflow/example_dags/example_external_task_marker_dag.py
[2023-11-15T04:14:00.764+0000] {logging_mixin.py:151} INFO - [2023-11-15T04:14:00.764+0000] {dag.py:2941} INFO - Sync 2 DAGs
[2023-11-15T04:14:00.986+0000] {logging_mixin.py:151} INFO - [2023-11-15T04:14:00.986+0000] {dag.py:3722} INFO - Setting next_dagrun for example_external_task_marker_child to None, run_after=None
[2023-11-15T04:14:00.992+0000] {logging_mixin.py:151} INFO - [2023-11-15T04:14:00.991+0000] {dag.py:3722} INFO - Setting next_dagrun for example_external_task_marker_parent to None, run_after=None
[2023-11-15T04:14:01.018+0000] {processor.py:179} INFO - Processing /home/airflow/.local/lib/python3.8/site-packages/airflow/example_dags/example_external_task_marker_dag.py took 0.308 seconds
[2023-11-15T04:14:31.224+0000] {processor.py:157} INFO - Started process (PID=2023) to work on /home/airflow/.local/lib/python3.8/site-packages/airflow/example_dags/example_external_task_marker_dag.py
[2023-11-15T04:14:31.225+0000] {processor.py:829} INFO - Processing file /home/airflow/.local/lib/python3.8/site-packages/airflow/example_dags/example_external_task_marker_dag.py for tasks to queue
[2023-11-15T04:14:31.228+0000] {logging_mixin.py:151} INFO - [2023-11-15T04:14:31.228+0000] {dagbag.py:536} INFO - Filling up the DagBag from /home/airflow/.local/lib/python3.8/site-packages/airflow/example_dags/example_external_task_marker_dag.py
[2023-11-15T04:14:31.235+0000] {processor.py:839} INFO - DAG(s) dict_keys(['example_external_task_marker_parent', 'example_external_task_marker_child']) retrieved from /home/airflow/.local/lib/python3.8/site-packages/airflow/example_dags/example_external_task_marker_dag.py
[2023-11-15T04:14:31.265+0000] {logging_mixin.py:151} INFO - [2023-11-15T04:14:31.265+0000] {dag.py:2941} INFO - Sync 2 DAGs
[2023-11-15T04:14:31.281+0000] {logging_mixin.py:151} INFO - [2023-11-15T04:14:31.281+0000] {dag.py:3722} INFO - Setting next_dagrun for example_external_task_marker_child to None, run_after=None
[2023-11-15T04:14:31.286+0000] {logging_mixin.py:151} INFO - [2023-11-15T04:14:31.285+0000] {dag.py:3722} INFO - Setting next_dagrun for example_external_task_marker_parent to None, run_after=None
[2023-11-15T04:14:31.317+0000] {processor.py:179} INFO - Processing /home/airflow/.local/lib/python3.8/site-packages/airflow/example_dags/example_external_task_marker_dag.py took 0.097 seconds
[2023-11-15T04:15:01.974+0000] {processor.py:157} INFO - Started process (PID=2080) to work on /home/airflow/.local/lib/python3.8/site-packages/airflow/example_dags/example_external_task_marker_dag.py
[2023-11-15T04:15:01.975+0000] {processor.py:829} INFO - Processing file /home/airflow/.local/lib/python3.8/site-packages/airflow/example_dags/example_external_task_marker_dag.py for tasks to queue
[2023-11-15T04:15:01.979+0000] {logging_mixin.py:151} INFO - [2023-11-15T04:15:01.978+0000] {dagbag.py:536} INFO - Filling up the DagBag from /home/airflow/.local/lib/python3.8/site-packages/airflow/example_dags/example_external_task_marker_dag.py
[2023-11-15T04:15:01.985+0000] {processor.py:839} INFO - DAG(s) dict_keys(['example_external_task_marker_child', 'example_external_task_marker_parent']) retrieved from /home/airflow/.local/lib/python3.8/site-packages/airflow/example_dags/example_external_task_marker_dag.py
[2023-11-15T04:15:02.016+0000] {logging_mixin.py:151} INFO - [2023-11-15T04:15:02.016+0000] {dag.py:2941} INFO - Sync 2 DAGs
[2023-11-15T04:15:02.032+0000] {logging_mixin.py:151} INFO - [2023-11-15T04:15:02.031+0000] {dag.py:3722} INFO - Setting next_dagrun for example_external_task_marker_child to None, run_after=None
[2023-11-15T04:15:02.036+0000] {logging_mixin.py:151} INFO - [2023-11-15T04:15:02.035+0000] {dag.py:3722} INFO - Setting next_dagrun for example_external_task_marker_parent to None, run_after=None
[2023-11-15T04:15:02.057+0000] {processor.py:179} INFO - Processing /home/airflow/.local/lib/python3.8/site-packages/airflow/example_dags/example_external_task_marker_dag.py took 0.087 seconds
[2023-11-15T04:15:32.939+0000] {processor.py:157} INFO - Started process (PID=2138) to work on /home/airflow/.local/lib/python3.8/site-packages/airflow/example_dags/example_external_task_marker_dag.py
[2023-11-15T04:15:32.940+0000] {processor.py:829} INFO - Processing file /home/airflow/.local/lib/python3.8/site-packages/airflow/example_dags/example_external_task_marker_dag.py for tasks to queue
[2023-11-15T04:15:32.943+0000] {logging_mixin.py:151} INFO - [2023-11-15T04:15:32.943+0000] {dagbag.py:536} INFO - Filling up the DagBag from /home/airflow/.local/lib/python3.8/site-packages/airflow/example_dags/example_external_task_marker_dag.py
[2023-11-15T04:15:32.950+0000] {processor.py:839} INFO - DAG(s) dict_keys(['example_external_task_marker_child', 'example_external_task_marker_parent']) retrieved from /home/airflow/.local/lib/python3.8/site-packages/airflow/example_dags/example_external_task_marker_dag.py
[2023-11-15T04:15:33.144+0000] {logging_mixin.py:151} INFO - [2023-11-15T04:15:33.143+0000] {dag.py:2941} INFO - Sync 2 DAGs
[2023-11-15T04:15:33.157+0000] {logging_mixin.py:151} INFO - [2023-11-15T04:15:33.157+0000] {dag.py:3722} INFO - Setting next_dagrun for example_external_task_marker_child to None, run_after=None
[2023-11-15T04:15:33.161+0000] {logging_mixin.py:151} INFO - [2023-11-15T04:15:33.161+0000] {dag.py:3722} INFO - Setting next_dagrun for example_external_task_marker_parent to None, run_after=None
[2023-11-15T04:15:33.181+0000] {processor.py:179} INFO - Processing /home/airflow/.local/lib/python3.8/site-packages/airflow/example_dags/example_external_task_marker_dag.py took 0.246 seconds
[2023-11-15T04:16:03.476+0000] {processor.py:157} INFO - Started process (PID=2198) to work on /home/airflow/.local/lib/python3.8/site-packages/airflow/example_dags/example_external_task_marker_dag.py
[2023-11-15T04:16:03.477+0000] {processor.py:829} INFO - Processing file /home/airflow/.local/lib/python3.8/site-packages/airflow/example_dags/example_external_task_marker_dag.py for tasks to queue
[2023-11-15T04:16:03.479+0000] {logging_mixin.py:151} INFO - [2023-11-15T04:16:03.479+0000] {dagbag.py:536} INFO - Filling up the DagBag from /home/airflow/.local/lib/python3.8/site-packages/airflow/example_dags/example_external_task_marker_dag.py
[2023-11-15T04:16:03.486+0000] {processor.py:839} INFO - DAG(s) dict_keys(['example_external_task_marker_parent', 'example_external_task_marker_child']) retrieved from /home/airflow/.local/lib/python3.8/site-packages/airflow/example_dags/example_external_task_marker_dag.py
[2023-11-15T04:16:03.516+0000] {logging_mixin.py:151} INFO - [2023-11-15T04:16:03.516+0000] {dag.py:2941} INFO - Sync 2 DAGs
[2023-11-15T04:16:03.705+0000] {logging_mixin.py:151} INFO - [2023-11-15T04:16:03.705+0000] {dag.py:3722} INFO - Setting next_dagrun for example_external_task_marker_child to None, run_after=None
[2023-11-15T04:16:03.710+0000] {logging_mixin.py:151} INFO - [2023-11-15T04:16:03.709+0000] {dag.py:3722} INFO - Setting next_dagrun for example_external_task_marker_parent to None, run_after=None
[2023-11-15T04:16:03.738+0000] {processor.py:179} INFO - Processing /home/airflow/.local/lib/python3.8/site-packages/airflow/example_dags/example_external_task_marker_dag.py took 0.267 seconds
[2023-11-15T04:16:33.891+0000] {processor.py:157} INFO - Started process (PID=2256) to work on /home/airflow/.local/lib/python3.8/site-packages/airflow/example_dags/example_external_task_marker_dag.py
[2023-11-15T04:16:33.892+0000] {processor.py:829} INFO - Processing file /home/airflow/.local/lib/python3.8/site-packages/airflow/example_dags/example_external_task_marker_dag.py for tasks to queue
[2023-11-15T04:16:33.894+0000] {logging_mixin.py:151} INFO - [2023-11-15T04:16:33.894+0000] {dagbag.py:536} INFO - Filling up the DagBag from /home/airflow/.local/lib/python3.8/site-packages/airflow/example_dags/example_external_task_marker_dag.py
[2023-11-15T04:16:33.901+0000] {processor.py:839} INFO - DAG(s) dict_keys(['example_external_task_marker_child', 'example_external_task_marker_parent']) retrieved from /home/airflow/.local/lib/python3.8/site-packages/airflow/example_dags/example_external_task_marker_dag.py
[2023-11-15T04:16:33.931+0000] {logging_mixin.py:151} INFO - [2023-11-15T04:16:33.931+0000] {dag.py:2941} INFO - Sync 2 DAGs
[2023-11-15T04:16:33.948+0000] {logging_mixin.py:151} INFO - [2023-11-15T04:16:33.947+0000] {dag.py:3722} INFO - Setting next_dagrun for example_external_task_marker_child to None, run_after=None
[2023-11-15T04:16:33.952+0000] {logging_mixin.py:151} INFO - [2023-11-15T04:16:33.952+0000] {dag.py:3722} INFO - Setting next_dagrun for example_external_task_marker_parent to None, run_after=None
[2023-11-15T04:16:33.976+0000] {processor.py:179} INFO - Processing /home/airflow/.local/lib/python3.8/site-packages/airflow/example_dags/example_external_task_marker_dag.py took 0.090 seconds
[2023-11-15T04:17:04.139+0000] {processor.py:157} INFO - Started process (PID=2313) to work on /home/airflow/.local/lib/python3.8/site-packages/airflow/example_dags/example_external_task_marker_dag.py
[2023-11-15T04:17:04.141+0000] {processor.py:829} INFO - Processing file /home/airflow/.local/lib/python3.8/site-packages/airflow/example_dags/example_external_task_marker_dag.py for tasks to queue
[2023-11-15T04:17:04.144+0000] {logging_mixin.py:151} INFO - [2023-11-15T04:17:04.143+0000] {dagbag.py:536} INFO - Filling up the DagBag from /home/airflow/.local/lib/python3.8/site-packages/airflow/example_dags/example_external_task_marker_dag.py
[2023-11-15T04:17:04.150+0000] {processor.py:839} INFO - DAG(s) dict_keys(['example_external_task_marker_parent', 'example_external_task_marker_child']) retrieved from /home/airflow/.local/lib/python3.8/site-packages/airflow/example_dags/example_external_task_marker_dag.py
[2023-11-15T04:17:04.180+0000] {logging_mixin.py:151} INFO - [2023-11-15T04:17:04.180+0000] {dag.py:2941} INFO - Sync 2 DAGs
[2023-11-15T04:17:04.197+0000] {logging_mixin.py:151} INFO - [2023-11-15T04:17:04.197+0000] {dag.py:3722} INFO - Setting next_dagrun for example_external_task_marker_child to None, run_after=None
[2023-11-15T04:17:04.202+0000] {logging_mixin.py:151} INFO - [2023-11-15T04:17:04.201+0000] {dag.py:3722} INFO - Setting next_dagrun for example_external_task_marker_parent to None, run_after=None
[2023-11-15T04:17:04.224+0000] {processor.py:179} INFO - Processing /home/airflow/.local/lib/python3.8/site-packages/airflow/example_dags/example_external_task_marker_dag.py took 0.089 seconds
[2023-11-15T04:17:34.683+0000] {processor.py:157} INFO - Started process (PID=2371) to work on /home/airflow/.local/lib/python3.8/site-packages/airflow/example_dags/example_external_task_marker_dag.py
[2023-11-15T04:17:34.684+0000] {processor.py:829} INFO - Processing file /home/airflow/.local/lib/python3.8/site-packages/airflow/example_dags/example_external_task_marker_dag.py for tasks to queue
[2023-11-15T04:17:34.687+0000] {logging_mixin.py:151} INFO - [2023-11-15T04:17:34.687+0000] {dagbag.py:536} INFO - Filling up the DagBag from /home/airflow/.local/lib/python3.8/site-packages/airflow/example_dags/example_external_task_marker_dag.py
[2023-11-15T04:17:34.694+0000] {processor.py:839} INFO - DAG(s) dict_keys(['example_external_task_marker_child', 'example_external_task_marker_parent']) retrieved from /home/airflow/.local/lib/python3.8/site-packages/airflow/example_dags/example_external_task_marker_dag.py
[2023-11-15T04:17:34.725+0000] {logging_mixin.py:151} INFO - [2023-11-15T04:17:34.725+0000] {dag.py:2941} INFO - Sync 2 DAGs
[2023-11-15T04:17:34.741+0000] {logging_mixin.py:151} INFO - [2023-11-15T04:17:34.741+0000] {dag.py:3722} INFO - Setting next_dagrun for example_external_task_marker_child to None, run_after=None
[2023-11-15T04:17:34.746+0000] {logging_mixin.py:151} INFO - [2023-11-15T04:17:34.745+0000] {dag.py:3722} INFO - Setting next_dagrun for example_external_task_marker_parent to None, run_after=None
[2023-11-15T04:17:34.768+0000] {processor.py:179} INFO - Processing /home/airflow/.local/lib/python3.8/site-packages/airflow/example_dags/example_external_task_marker_dag.py took 0.089 seconds
[2023-11-15T04:18:05.231+0000] {processor.py:157} INFO - Started process (PID=2428) to work on /home/airflow/.local/lib/python3.8/site-packages/airflow/example_dags/example_external_task_marker_dag.py
[2023-11-15T04:18:05.232+0000] {processor.py:829} INFO - Processing file /home/airflow/.local/lib/python3.8/site-packages/airflow/example_dags/example_external_task_marker_dag.py for tasks to queue
[2023-11-15T04:18:05.235+0000] {logging_mixin.py:151} INFO - [2023-11-15T04:18:05.235+0000] {dagbag.py:536} INFO - Filling up the DagBag from /home/airflow/.local/lib/python3.8/site-packages/airflow/example_dags/example_external_task_marker_dag.py
[2023-11-15T04:18:05.242+0000] {processor.py:839} INFO - DAG(s) dict_keys(['example_external_task_marker_child', 'example_external_task_marker_parent']) retrieved from /home/airflow/.local/lib/python3.8/site-packages/airflow/example_dags/example_external_task_marker_dag.py
[2023-11-15T04:18:05.272+0000] {logging_mixin.py:151} INFO - [2023-11-15T04:18:05.271+0000] {dag.py:2941} INFO - Sync 2 DAGs
[2023-11-15T04:18:05.288+0000] {logging_mixin.py:151} INFO - [2023-11-15T04:18:05.287+0000] {dag.py:3722} INFO - Setting next_dagrun for example_external_task_marker_child to None, run_after=None
[2023-11-15T04:18:05.292+0000] {logging_mixin.py:151} INFO - [2023-11-15T04:18:05.292+0000] {dag.py:3722} INFO - Setting next_dagrun for example_external_task_marker_parent to None, run_after=None
[2023-11-15T04:18:05.313+0000] {processor.py:179} INFO - Processing /home/airflow/.local/lib/python3.8/site-packages/airflow/example_dags/example_external_task_marker_dag.py took 0.087 seconds
[2023-11-15T04:18:35.610+0000] {processor.py:157} INFO - Started process (PID=2485) to work on /home/airflow/.local/lib/python3.8/site-packages/airflow/example_dags/example_external_task_marker_dag.py
[2023-11-15T04:18:35.611+0000] {processor.py:829} INFO - Processing file /home/airflow/.local/lib/python3.8/site-packages/airflow/example_dags/example_external_task_marker_dag.py for tasks to queue
[2023-11-15T04:18:35.615+0000] {logging_mixin.py:151} INFO - [2023-11-15T04:18:35.614+0000] {dagbag.py:536} INFO - Filling up the DagBag from /home/airflow/.local/lib/python3.8/site-packages/airflow/example_dags/example_external_task_marker_dag.py
[2023-11-15T04:18:35.621+0000] {processor.py:839} INFO - DAG(s) dict_keys(['example_external_task_marker_parent', 'example_external_task_marker_child']) retrieved from /home/airflow/.local/lib/python3.8/site-packages/airflow/example_dags/example_external_task_marker_dag.py
[2023-11-15T04:18:35.652+0000] {logging_mixin.py:151} INFO - [2023-11-15T04:18:35.652+0000] {dag.py:2941} INFO - Sync 2 DAGs
[2023-11-15T04:18:35.668+0000] {logging_mixin.py:151} INFO - [2023-11-15T04:18:35.668+0000] {dag.py:3722} INFO - Setting next_dagrun for example_external_task_marker_child to None, run_after=None
[2023-11-15T04:18:35.673+0000] {logging_mixin.py:151} INFO - [2023-11-15T04:18:35.672+0000] {dag.py:3722} INFO - Setting next_dagrun for example_external_task_marker_parent to None, run_after=None
[2023-11-15T04:18:35.693+0000] {processor.py:179} INFO - Processing /home/airflow/.local/lib/python3.8/site-packages/airflow/example_dags/example_external_task_marker_dag.py took 0.087 seconds
[2023-11-15T04:19:06.277+0000] {processor.py:157} INFO - Started process (PID=2544) to work on /home/airflow/.local/lib/python3.8/site-packages/airflow/example_dags/example_external_task_marker_dag.py
[2023-11-15T04:19:06.278+0000] {processor.py:829} INFO - Processing file /home/airflow/.local/lib/python3.8/site-packages/airflow/example_dags/example_external_task_marker_dag.py for tasks to queue
[2023-11-15T04:19:06.283+0000] {logging_mixin.py:151} INFO - [2023-11-15T04:19:06.282+0000] {dagbag.py:536} INFO - Filling up the DagBag from /home/airflow/.local/lib/python3.8/site-packages/airflow/example_dags/example_external_task_marker_dag.py
[2023-11-15T04:19:06.291+0000] {processor.py:839} INFO - DAG(s) dict_keys(['example_external_task_marker_child', 'example_external_task_marker_parent']) retrieved from /home/airflow/.local/lib/python3.8/site-packages/airflow/example_dags/example_external_task_marker_dag.py
[2023-11-15T04:19:06.323+0000] {logging_mixin.py:151} INFO - [2023-11-15T04:19:06.322+0000] {dag.py:2941} INFO - Sync 2 DAGs
[2023-11-15T04:19:06.341+0000] {logging_mixin.py:151} INFO - [2023-11-15T04:19:06.341+0000] {dag.py:3722} INFO - Setting next_dagrun for example_external_task_marker_child to None, run_after=None
[2023-11-15T04:19:06.345+0000] {logging_mixin.py:151} INFO - [2023-11-15T04:19:06.345+0000] {dag.py:3722} INFO - Setting next_dagrun for example_external_task_marker_parent to None, run_after=None
[2023-11-15T04:19:06.368+0000] {processor.py:179} INFO - Processing /home/airflow/.local/lib/python3.8/site-packages/airflow/example_dags/example_external_task_marker_dag.py took 0.096 seconds
[2023-11-15T04:19:36.570+0000] {processor.py:157} INFO - Started process (PID=2604) to work on /home/airflow/.local/lib/python3.8/site-packages/airflow/example_dags/example_external_task_marker_dag.py
[2023-11-15T04:19:36.571+0000] {processor.py:829} INFO - Processing file /home/airflow/.local/lib/python3.8/site-packages/airflow/example_dags/example_external_task_marker_dag.py for tasks to queue
[2023-11-15T04:19:36.574+0000] {logging_mixin.py:151} INFO - [2023-11-15T04:19:36.574+0000] {dagbag.py:536} INFO - Filling up the DagBag from /home/airflow/.local/lib/python3.8/site-packages/airflow/example_dags/example_external_task_marker_dag.py
[2023-11-15T04:19:36.580+0000] {processor.py:839} INFO - DAG(s) dict_keys(['example_external_task_marker_child', 'example_external_task_marker_parent']) retrieved from /home/airflow/.local/lib/python3.8/site-packages/airflow/example_dags/example_external_task_marker_dag.py
[2023-11-15T04:19:36.611+0000] {logging_mixin.py:151} INFO - [2023-11-15T04:19:36.611+0000] {dag.py:2941} INFO - Sync 2 DAGs
[2023-11-15T04:19:36.628+0000] {logging_mixin.py:151} INFO - [2023-11-15T04:19:36.628+0000] {dag.py:3722} INFO - Setting next_dagrun for example_external_task_marker_child to None, run_after=None
[2023-11-15T04:19:36.633+0000] {logging_mixin.py:151} INFO - [2023-11-15T04:19:36.632+0000] {dag.py:3722} INFO - Setting next_dagrun for example_external_task_marker_parent to None, run_after=None
[2023-11-15T04:19:36.655+0000] {processor.py:179} INFO - Processing /home/airflow/.local/lib/python3.8/site-packages/airflow/example_dags/example_external_task_marker_dag.py took 0.089 seconds
[2023-11-15T04:20:07.047+0000] {processor.py:157} INFO - Started process (PID=2664) to work on /home/airflow/.local/lib/python3.8/site-packages/airflow/example_dags/example_external_task_marker_dag.py
[2023-11-15T04:20:07.048+0000] {processor.py:829} INFO - Processing file /home/airflow/.local/lib/python3.8/site-packages/airflow/example_dags/example_external_task_marker_dag.py for tasks to queue
[2023-11-15T04:20:07.051+0000] {logging_mixin.py:151} INFO - [2023-11-15T04:20:07.051+0000] {dagbag.py:536} INFO - Filling up the DagBag from /home/airflow/.local/lib/python3.8/site-packages/airflow/example_dags/example_external_task_marker_dag.py
[2023-11-15T04:20:07.058+0000] {processor.py:839} INFO - DAG(s) dict_keys(['example_external_task_marker_child', 'example_external_task_marker_parent']) retrieved from /home/airflow/.local/lib/python3.8/site-packages/airflow/example_dags/example_external_task_marker_dag.py
[2023-11-15T04:20:07.088+0000] {logging_mixin.py:151} INFO - [2023-11-15T04:20:07.087+0000] {dag.py:2941} INFO - Sync 2 DAGs
[2023-11-15T04:20:07.106+0000] {logging_mixin.py:151} INFO - [2023-11-15T04:20:07.105+0000] {dag.py:3722} INFO - Setting next_dagrun for example_external_task_marker_child to None, run_after=None
[2023-11-15T04:20:07.111+0000] {logging_mixin.py:151} INFO - [2023-11-15T04:20:07.110+0000] {dag.py:3722} INFO - Setting next_dagrun for example_external_task_marker_parent to None, run_after=None
[2023-11-15T04:20:07.138+0000] {processor.py:179} INFO - Processing /home/airflow/.local/lib/python3.8/site-packages/airflow/example_dags/example_external_task_marker_dag.py took 0.095 seconds
[2023-11-15T04:20:37.784+0000] {processor.py:157} INFO - Started process (PID=2724) to work on /home/airflow/.local/lib/python3.8/site-packages/airflow/example_dags/example_external_task_marker_dag.py
[2023-11-15T04:20:37.786+0000] {processor.py:829} INFO - Processing file /home/airflow/.local/lib/python3.8/site-packages/airflow/example_dags/example_external_task_marker_dag.py for tasks to queue
[2023-11-15T04:20:37.790+0000] {logging_mixin.py:151} INFO - [2023-11-15T04:20:37.790+0000] {dagbag.py:536} INFO - Filling up the DagBag from /home/airflow/.local/lib/python3.8/site-packages/airflow/example_dags/example_external_task_marker_dag.py
[2023-11-15T04:20:37.798+0000] {processor.py:839} INFO - DAG(s) dict_keys(['example_external_task_marker_child', 'example_external_task_marker_parent']) retrieved from /home/airflow/.local/lib/python3.8/site-packages/airflow/example_dags/example_external_task_marker_dag.py
[2023-11-15T04:20:37.830+0000] {logging_mixin.py:151} INFO - [2023-11-15T04:20:37.830+0000] {dag.py:2941} INFO - Sync 2 DAGs
[2023-11-15T04:20:37.850+0000] {logging_mixin.py:151} INFO - [2023-11-15T04:20:37.850+0000] {dag.py:3722} INFO - Setting next_dagrun for example_external_task_marker_child to None, run_after=None
[2023-11-15T04:20:37.856+0000] {logging_mixin.py:151} INFO - [2023-11-15T04:20:37.856+0000] {dag.py:3722} INFO - Setting next_dagrun for example_external_task_marker_parent to None, run_after=None
[2023-11-15T04:20:37.883+0000] {processor.py:179} INFO - Processing /home/airflow/.local/lib/python3.8/site-packages/airflow/example_dags/example_external_task_marker_dag.py took 0.103 seconds
[2023-11-15T04:21:08.197+0000] {processor.py:157} INFO - Started process (PID=2788) to work on /home/airflow/.local/lib/python3.8/site-packages/airflow/example_dags/example_external_task_marker_dag.py
[2023-11-15T04:21:08.199+0000] {processor.py:829} INFO - Processing file /home/airflow/.local/lib/python3.8/site-packages/airflow/example_dags/example_external_task_marker_dag.py for tasks to queue
[2023-11-15T04:21:08.202+0000] {logging_mixin.py:151} INFO - [2023-11-15T04:21:08.202+0000] {dagbag.py:536} INFO - Filling up the DagBag from /home/airflow/.local/lib/python3.8/site-packages/airflow/example_dags/example_external_task_marker_dag.py
[2023-11-15T04:21:08.209+0000] {processor.py:839} INFO - DAG(s) dict_keys(['example_external_task_marker_parent', 'example_external_task_marker_child']) retrieved from /home/airflow/.local/lib/python3.8/site-packages/airflow/example_dags/example_external_task_marker_dag.py
[2023-11-15T04:21:08.239+0000] {logging_mixin.py:151} INFO - [2023-11-15T04:21:08.239+0000] {dag.py:2941} INFO - Sync 2 DAGs
[2023-11-15T04:21:08.256+0000] {logging_mixin.py:151} INFO - [2023-11-15T04:21:08.255+0000] {dag.py:3722} INFO - Setting next_dagrun for example_external_task_marker_child to None, run_after=None
[2023-11-15T04:21:08.260+0000] {logging_mixin.py:151} INFO - [2023-11-15T04:21:08.259+0000] {dag.py:3722} INFO - Setting next_dagrun for example_external_task_marker_parent to None, run_after=None
[2023-11-15T04:21:08.281+0000] {processor.py:179} INFO - Processing /home/airflow/.local/lib/python3.8/site-packages/airflow/example_dags/example_external_task_marker_dag.py took 0.089 seconds
[2023-11-15T04:21:38.591+0000] {processor.py:157} INFO - Started process (PID=2848) to work on /home/airflow/.local/lib/python3.8/site-packages/airflow/example_dags/example_external_task_marker_dag.py
[2023-11-15T04:21:38.592+0000] {processor.py:829} INFO - Processing file /home/airflow/.local/lib/python3.8/site-packages/airflow/example_dags/example_external_task_marker_dag.py for tasks to queue
[2023-11-15T04:21:38.596+0000] {logging_mixin.py:151} INFO - [2023-11-15T04:21:38.595+0000] {dagbag.py:536} INFO - Filling up the DagBag from /home/airflow/.local/lib/python3.8/site-packages/airflow/example_dags/example_external_task_marker_dag.py
[2023-11-15T04:21:38.602+0000] {processor.py:839} INFO - DAG(s) dict_keys(['example_external_task_marker_child', 'example_external_task_marker_parent']) retrieved from /home/airflow/.local/lib/python3.8/site-packages/airflow/example_dags/example_external_task_marker_dag.py
[2023-11-15T04:21:38.633+0000] {logging_mixin.py:151} INFO - [2023-11-15T04:21:38.633+0000] {dag.py:2941} INFO - Sync 2 DAGs
[2023-11-15T04:21:38.656+0000] {logging_mixin.py:151} INFO - [2023-11-15T04:21:38.653+0000] {dag.py:3722} INFO - Setting next_dagrun for example_external_task_marker_child to None, run_after=None
[2023-11-15T04:21:38.663+0000] {logging_mixin.py:151} INFO - [2023-11-15T04:21:38.663+0000] {dag.py:3722} INFO - Setting next_dagrun for example_external_task_marker_parent to None, run_after=None
[2023-11-15T04:21:38.701+0000] {processor.py:179} INFO - Processing /home/airflow/.local/lib/python3.8/site-packages/airflow/example_dags/example_external_task_marker_dag.py took 0.114 seconds
[2023-11-15T04:22:09.227+0000] {processor.py:157} INFO - Started process (PID=2908) to work on /home/airflow/.local/lib/python3.8/site-packages/airflow/example_dags/example_external_task_marker_dag.py
[2023-11-15T04:22:09.229+0000] {processor.py:829} INFO - Processing file /home/airflow/.local/lib/python3.8/site-packages/airflow/example_dags/example_external_task_marker_dag.py for tasks to queue
[2023-11-15T04:22:09.232+0000] {logging_mixin.py:151} INFO - [2023-11-15T04:22:09.232+0000] {dagbag.py:536} INFO - Filling up the DagBag from /home/airflow/.local/lib/python3.8/site-packages/airflow/example_dags/example_external_task_marker_dag.py
[2023-11-15T04:22:09.242+0000] {processor.py:839} INFO - DAG(s) dict_keys(['example_external_task_marker_parent', 'example_external_task_marker_child']) retrieved from /home/airflow/.local/lib/python3.8/site-packages/airflow/example_dags/example_external_task_marker_dag.py
[2023-11-15T04:22:09.278+0000] {logging_mixin.py:151} INFO - [2023-11-15T04:22:09.278+0000] {dag.py:2941} INFO - Sync 2 DAGs
[2023-11-15T04:22:09.297+0000] {logging_mixin.py:151} INFO - [2023-11-15T04:22:09.297+0000] {dag.py:3722} INFO - Setting next_dagrun for example_external_task_marker_child to None, run_after=None
[2023-11-15T04:22:09.302+0000] {logging_mixin.py:151} INFO - [2023-11-15T04:22:09.302+0000] {dag.py:3722} INFO - Setting next_dagrun for example_external_task_marker_parent to None, run_after=None
[2023-11-15T04:22:09.332+0000] {processor.py:179} INFO - Processing /home/airflow/.local/lib/python3.8/site-packages/airflow/example_dags/example_external_task_marker_dag.py took 0.110 seconds
[2023-11-15T04:22:39.401+0000] {processor.py:157} INFO - Started process (PID=2968) to work on /home/airflow/.local/lib/python3.8/site-packages/airflow/example_dags/example_external_task_marker_dag.py
[2023-11-15T04:22:39.402+0000] {processor.py:829} INFO - Processing file /home/airflow/.local/lib/python3.8/site-packages/airflow/example_dags/example_external_task_marker_dag.py for tasks to queue
[2023-11-15T04:22:39.405+0000] {logging_mixin.py:151} INFO - [2023-11-15T04:22:39.405+0000] {dagbag.py:536} INFO - Filling up the DagBag from /home/airflow/.local/lib/python3.8/site-packages/airflow/example_dags/example_external_task_marker_dag.py
[2023-11-15T04:22:39.411+0000] {processor.py:839} INFO - DAG(s) dict_keys(['example_external_task_marker_parent', 'example_external_task_marker_child']) retrieved from /home/airflow/.local/lib/python3.8/site-packages/airflow/example_dags/example_external_task_marker_dag.py
[2023-11-15T04:22:39.441+0000] {logging_mixin.py:151} INFO - [2023-11-15T04:22:39.441+0000] {dag.py:2941} INFO - Sync 2 DAGs
[2023-11-15T04:22:39.456+0000] {logging_mixin.py:151} INFO - [2023-11-15T04:22:39.456+0000] {dag.py:3722} INFO - Setting next_dagrun for example_external_task_marker_child to None, run_after=None
[2023-11-15T04:22:39.460+0000] {logging_mixin.py:151} INFO - [2023-11-15T04:22:39.460+0000] {dag.py:3722} INFO - Setting next_dagrun for example_external_task_marker_parent to None, run_after=None
[2023-11-15T04:22:39.481+0000] {processor.py:179} INFO - Processing /home/airflow/.local/lib/python3.8/site-packages/airflow/example_dags/example_external_task_marker_dag.py took 0.084 seconds
[2023-11-15T04:23:10.026+0000] {processor.py:157} INFO - Started process (PID=3029) to work on /home/airflow/.local/lib/python3.8/site-packages/airflow/example_dags/example_external_task_marker_dag.py
[2023-11-15T04:23:10.027+0000] {processor.py:829} INFO - Processing file /home/airflow/.local/lib/python3.8/site-packages/airflow/example_dags/example_external_task_marker_dag.py for tasks to queue
[2023-11-15T04:23:10.030+0000] {logging_mixin.py:151} INFO - [2023-11-15T04:23:10.030+0000] {dagbag.py:536} INFO - Filling up the DagBag from /home/airflow/.local/lib/python3.8/site-packages/airflow/example_dags/example_external_task_marker_dag.py
[2023-11-15T04:23:10.037+0000] {processor.py:839} INFO - DAG(s) dict_keys(['example_external_task_marker_parent', 'example_external_task_marker_child']) retrieved from /home/airflow/.local/lib/python3.8/site-packages/airflow/example_dags/example_external_task_marker_dag.py
[2023-11-15T04:23:10.064+0000] {logging_mixin.py:151} INFO - [2023-11-15T04:23:10.064+0000] {dag.py:2941} INFO - Sync 2 DAGs
[2023-11-15T04:23:10.085+0000] {logging_mixin.py:151} INFO - [2023-11-15T04:23:10.085+0000] {dag.py:3722} INFO - Setting next_dagrun for example_external_task_marker_child to None, run_after=None
[2023-11-15T04:23:10.089+0000] {logging_mixin.py:151} INFO - [2023-11-15T04:23:10.089+0000] {dag.py:3722} INFO - Setting next_dagrun for example_external_task_marker_parent to None, run_after=None
[2023-11-15T04:23:10.108+0000] {processor.py:179} INFO - Processing /home/airflow/.local/lib/python3.8/site-packages/airflow/example_dags/example_external_task_marker_dag.py took 0.086 seconds
[2023-11-15T04:23:40.574+0000] {processor.py:157} INFO - Started process (PID=3087) to work on /home/airflow/.local/lib/python3.8/site-packages/airflow/example_dags/example_external_task_marker_dag.py
[2023-11-15T04:23:40.575+0000] {processor.py:829} INFO - Processing file /home/airflow/.local/lib/python3.8/site-packages/airflow/example_dags/example_external_task_marker_dag.py for tasks to queue
[2023-11-15T04:23:40.579+0000] {logging_mixin.py:151} INFO - [2023-11-15T04:23:40.578+0000] {dagbag.py:536} INFO - Filling up the DagBag from /home/airflow/.local/lib/python3.8/site-packages/airflow/example_dags/example_external_task_marker_dag.py
[2023-11-15T04:23:40.585+0000] {processor.py:839} INFO - DAG(s) dict_keys(['example_external_task_marker_parent', 'example_external_task_marker_child']) retrieved from /home/airflow/.local/lib/python3.8/site-packages/airflow/example_dags/example_external_task_marker_dag.py
[2023-11-15T04:23:40.614+0000] {logging_mixin.py:151} INFO - [2023-11-15T04:23:40.614+0000] {dag.py:2941} INFO - Sync 2 DAGs
[2023-11-15T04:23:40.630+0000] {logging_mixin.py:151} INFO - [2023-11-15T04:23:40.629+0000] {dag.py:3722} INFO - Setting next_dagrun for example_external_task_marker_child to None, run_after=None
[2023-11-15T04:23:40.633+0000] {logging_mixin.py:151} INFO - [2023-11-15T04:23:40.633+0000] {dag.py:3722} INFO - Setting next_dagrun for example_external_task_marker_parent to None, run_after=None
[2023-11-15T04:23:40.656+0000] {processor.py:179} INFO - Processing /home/airflow/.local/lib/python3.8/site-packages/airflow/example_dags/example_external_task_marker_dag.py took 0.085 seconds
[2023-11-15T04:24:10.924+0000] {processor.py:157} INFO - Started process (PID=3145) to work on /home/airflow/.local/lib/python3.8/site-packages/airflow/example_dags/example_external_task_marker_dag.py
[2023-11-15T04:24:10.927+0000] {processor.py:829} INFO - Processing file /home/airflow/.local/lib/python3.8/site-packages/airflow/example_dags/example_external_task_marker_dag.py for tasks to queue
[2023-11-15T04:24:10.934+0000] {logging_mixin.py:151} INFO - [2023-11-15T04:24:10.934+0000] {dagbag.py:536} INFO - Filling up the DagBag from /home/airflow/.local/lib/python3.8/site-packages/airflow/example_dags/example_external_task_marker_dag.py
[2023-11-15T04:24:10.941+0000] {processor.py:839} INFO - DAG(s) dict_keys(['example_external_task_marker_parent', 'example_external_task_marker_child']) retrieved from /home/airflow/.local/lib/python3.8/site-packages/airflow/example_dags/example_external_task_marker_dag.py
[2023-11-15T04:24:10.978+0000] {logging_mixin.py:151} INFO - [2023-11-15T04:24:10.978+0000] {dag.py:2941} INFO - Sync 2 DAGs
[2023-11-15T04:24:10.997+0000] {logging_mixin.py:151} INFO - [2023-11-15T04:24:10.997+0000] {dag.py:3722} INFO - Setting next_dagrun for example_external_task_marker_child to None, run_after=None
[2023-11-15T04:24:11.001+0000] {logging_mixin.py:151} INFO - [2023-11-15T04:24:11.001+0000] {dag.py:3722} INFO - Setting next_dagrun for example_external_task_marker_parent to None, run_after=None
[2023-11-15T04:24:11.024+0000] {processor.py:179} INFO - Processing /home/airflow/.local/lib/python3.8/site-packages/airflow/example_dags/example_external_task_marker_dag.py took 0.105 seconds
[2023-11-15T04:24:42.481+0000] {processor.py:157} INFO - Started process (PID=3203) to work on /home/airflow/.local/lib/python3.8/site-packages/airflow/example_dags/example_external_task_marker_dag.py
[2023-11-15T04:24:42.484+0000] {processor.py:829} INFO - Processing file /home/airflow/.local/lib/python3.8/site-packages/airflow/example_dags/example_external_task_marker_dag.py for tasks to queue
[2023-11-15T04:24:42.489+0000] {logging_mixin.py:151} INFO - [2023-11-15T04:24:42.489+0000] {dagbag.py:536} INFO - Filling up the DagBag from /home/airflow/.local/lib/python3.8/site-packages/airflow/example_dags/example_external_task_marker_dag.py
[2023-11-15T04:24:42.497+0000] {processor.py:839} INFO - DAG(s) dict_keys(['example_external_task_marker_parent', 'example_external_task_marker_child']) retrieved from /home/airflow/.local/lib/python3.8/site-packages/airflow/example_dags/example_external_task_marker_dag.py
[2023-11-15T04:24:42.540+0000] {logging_mixin.py:151} INFO - [2023-11-15T04:24:42.540+0000] {dag.py:2941} INFO - Sync 2 DAGs
[2023-11-15T04:24:42.567+0000] {logging_mixin.py:151} INFO - [2023-11-15T04:24:42.567+0000] {dag.py:3722} INFO - Setting next_dagrun for example_external_task_marker_child to None, run_after=None
[2023-11-15T04:24:42.574+0000] {logging_mixin.py:151} INFO - [2023-11-15T04:24:42.573+0000] {dag.py:3722} INFO - Setting next_dagrun for example_external_task_marker_parent to None, run_after=None
[2023-11-15T04:24:42.609+0000] {processor.py:179} INFO - Processing /home/airflow/.local/lib/python3.8/site-packages/airflow/example_dags/example_external_task_marker_dag.py took 0.133 seconds
[2023-11-15T04:25:12.708+0000] {processor.py:157} INFO - Started process (PID=3261) to work on /home/airflow/.local/lib/python3.8/site-packages/airflow/example_dags/example_external_task_marker_dag.py
[2023-11-15T04:25:12.709+0000] {processor.py:829} INFO - Processing file /home/airflow/.local/lib/python3.8/site-packages/airflow/example_dags/example_external_task_marker_dag.py for tasks to queue
[2023-11-15T04:25:12.713+0000] {logging_mixin.py:151} INFO - [2023-11-15T04:25:12.712+0000] {dagbag.py:536} INFO - Filling up the DagBag from /home/airflow/.local/lib/python3.8/site-packages/airflow/example_dags/example_external_task_marker_dag.py
[2023-11-15T04:25:12.721+0000] {processor.py:839} INFO - DAG(s) dict_keys(['example_external_task_marker_child', 'example_external_task_marker_parent']) retrieved from /home/airflow/.local/lib/python3.8/site-packages/airflow/example_dags/example_external_task_marker_dag.py
[2023-11-15T04:25:12.757+0000] {logging_mixin.py:151} INFO - [2023-11-15T04:25:12.757+0000] {dag.py:2941} INFO - Sync 2 DAGs
[2023-11-15T04:25:12.776+0000] {logging_mixin.py:151} INFO - [2023-11-15T04:25:12.776+0000] {dag.py:3722} INFO - Setting next_dagrun for example_external_task_marker_child to None, run_after=None
[2023-11-15T04:25:12.783+0000] {logging_mixin.py:151} INFO - [2023-11-15T04:25:12.782+0000] {dag.py:3722} INFO - Setting next_dagrun for example_external_task_marker_parent to None, run_after=None
[2023-11-15T04:25:12.805+0000] {processor.py:179} INFO - Processing /home/airflow/.local/lib/python3.8/site-packages/airflow/example_dags/example_external_task_marker_dag.py took 0.102 seconds
[2023-11-15T04:25:43.848+0000] {processor.py:157} INFO - Started process (PID=3322) to work on /home/airflow/.local/lib/python3.8/site-packages/airflow/example_dags/example_external_task_marker_dag.py
[2023-11-15T04:25:43.849+0000] {processor.py:829} INFO - Processing file /home/airflow/.local/lib/python3.8/site-packages/airflow/example_dags/example_external_task_marker_dag.py for tasks to queue
[2023-11-15T04:25:43.853+0000] {logging_mixin.py:151} INFO - [2023-11-15T04:25:43.853+0000] {dagbag.py:536} INFO - Filling up the DagBag from /home/airflow/.local/lib/python3.8/site-packages/airflow/example_dags/example_external_task_marker_dag.py
[2023-11-15T04:25:43.863+0000] {processor.py:839} INFO - DAG(s) dict_keys(['example_external_task_marker_parent', 'example_external_task_marker_child']) retrieved from /home/airflow/.local/lib/python3.8/site-packages/airflow/example_dags/example_external_task_marker_dag.py
[2023-11-15T04:25:43.909+0000] {logging_mixin.py:151} INFO - [2023-11-15T04:25:43.908+0000] {dag.py:2941} INFO - Sync 2 DAGs
[2023-11-15T04:25:43.933+0000] {logging_mixin.py:151} INFO - [2023-11-15T04:25:43.933+0000] {dag.py:3722} INFO - Setting next_dagrun for example_external_task_marker_child to None, run_after=None
[2023-11-15T04:25:43.940+0000] {logging_mixin.py:151} INFO - [2023-11-15T04:25:43.939+0000] {dag.py:3722} INFO - Setting next_dagrun for example_external_task_marker_parent to None, run_after=None
[2023-11-15T04:25:43.971+0000] {processor.py:179} INFO - Processing /home/airflow/.local/lib/python3.8/site-packages/airflow/example_dags/example_external_task_marker_dag.py took 0.128 seconds
[2023-11-15T04:26:14.345+0000] {processor.py:157} INFO - Started process (PID=3380) to work on /home/airflow/.local/lib/python3.8/site-packages/airflow/example_dags/example_external_task_marker_dag.py
[2023-11-15T04:26:14.347+0000] {processor.py:829} INFO - Processing file /home/airflow/.local/lib/python3.8/site-packages/airflow/example_dags/example_external_task_marker_dag.py for tasks to queue
[2023-11-15T04:26:14.350+0000] {logging_mixin.py:151} INFO - [2023-11-15T04:26:14.350+0000] {dagbag.py:536} INFO - Filling up the DagBag from /home/airflow/.local/lib/python3.8/site-packages/airflow/example_dags/example_external_task_marker_dag.py
[2023-11-15T04:26:14.356+0000] {processor.py:839} INFO - DAG(s) dict_keys(['example_external_task_marker_parent', 'example_external_task_marker_child']) retrieved from /home/airflow/.local/lib/python3.8/site-packages/airflow/example_dags/example_external_task_marker_dag.py
[2023-11-15T04:26:14.387+0000] {logging_mixin.py:151} INFO - [2023-11-15T04:26:14.387+0000] {dag.py:2941} INFO - Sync 2 DAGs
[2023-11-15T04:26:14.403+0000] {logging_mixin.py:151} INFO - [2023-11-15T04:26:14.403+0000] {dag.py:3722} INFO - Setting next_dagrun for example_external_task_marker_child to None, run_after=None
[2023-11-15T04:26:14.407+0000] {logging_mixin.py:151} INFO - [2023-11-15T04:26:14.407+0000] {dag.py:3722} INFO - Setting next_dagrun for example_external_task_marker_parent to None, run_after=None
[2023-11-15T04:26:14.430+0000] {processor.py:179} INFO - Processing /home/airflow/.local/lib/python3.8/site-packages/airflow/example_dags/example_external_task_marker_dag.py took 0.089 seconds
[2023-11-15T04:26:44.915+0000] {processor.py:157} INFO - Started process (PID=3438) to work on /home/airflow/.local/lib/python3.8/site-packages/airflow/example_dags/example_external_task_marker_dag.py
[2023-11-15T04:26:44.916+0000] {processor.py:829} INFO - Processing file /home/airflow/.local/lib/python3.8/site-packages/airflow/example_dags/example_external_task_marker_dag.py for tasks to queue
[2023-11-15T04:26:44.919+0000] {logging_mixin.py:151} INFO - [2023-11-15T04:26:44.919+0000] {dagbag.py:536} INFO - Filling up the DagBag from /home/airflow/.local/lib/python3.8/site-packages/airflow/example_dags/example_external_task_marker_dag.py
[2023-11-15T04:26:44.927+0000] {processor.py:839} INFO - DAG(s) dict_keys(['example_external_task_marker_child', 'example_external_task_marker_parent']) retrieved from /home/airflow/.local/lib/python3.8/site-packages/airflow/example_dags/example_external_task_marker_dag.py
[2023-11-15T04:26:44.960+0000] {logging_mixin.py:151} INFO - [2023-11-15T04:26:44.960+0000] {dag.py:2941} INFO - Sync 2 DAGs
[2023-11-15T04:26:44.979+0000] {logging_mixin.py:151} INFO - [2023-11-15T04:26:44.978+0000] {dag.py:3722} INFO - Setting next_dagrun for example_external_task_marker_child to None, run_after=None
[2023-11-15T04:26:44.983+0000] {logging_mixin.py:151} INFO - [2023-11-15T04:26:44.983+0000] {dag.py:3722} INFO - Setting next_dagrun for example_external_task_marker_parent to None, run_after=None
[2023-11-15T04:26:45.008+0000] {processor.py:179} INFO - Processing /home/airflow/.local/lib/python3.8/site-packages/airflow/example_dags/example_external_task_marker_dag.py took 0.097 seconds
