[2023-11-15T03:11:03.497+0000] {processor.py:157} INFO - Started process (PID=77) to work on /home/airflow/.local/lib/python3.8/site-packages/airflow/example_dags/example_xcomargs.py
[2023-11-15T03:11:03.498+0000] {processor.py:829} INFO - Processing file /home/airflow/.local/lib/python3.8/site-packages/airflow/example_dags/example_xcomargs.py for tasks to queue
[2023-11-15T03:11:03.501+0000] {logging_mixin.py:151} INFO - [2023-11-15T03:11:03.500+0000] {dagbag.py:536} INFO - Filling up the DagBag from /home/airflow/.local/lib/python3.8/site-packages/airflow/example_dags/example_xcomargs.py
[2023-11-15T03:11:03.512+0000] {processor.py:839} INFO - DAG(s) dict_keys(['example_xcom_args', 'example_xcom_args_with_operators']) retrieved from /home/airflow/.local/lib/python3.8/site-packages/airflow/example_dags/example_xcomargs.py
[2023-11-15T03:11:03.552+0000] {logging_mixin.py:151} INFO - [2023-11-15T03:11:03.552+0000] {dag.py:2941} INFO - Sync 2 DAGs
[2023-11-15T03:11:03.576+0000] {logging_mixin.py:151} INFO - [2023-11-15T03:11:03.576+0000] {dag.py:3722} INFO - Setting next_dagrun for example_xcom_args to None, run_after=None
[2023-11-15T03:11:03.583+0000] {logging_mixin.py:151} INFO - [2023-11-15T03:11:03.582+0000] {dag.py:3722} INFO - Setting next_dagrun for example_xcom_args_with_operators to None, run_after=None
[2023-11-15T03:11:03.615+0000] {processor.py:179} INFO - Processing /home/airflow/.local/lib/python3.8/site-packages/airflow/example_dags/example_xcomargs.py took 0.123 seconds
[2023-11-15T03:57:37.639+0000] {processor.py:157} INFO - Started process (PID=79) to work on /home/airflow/.local/lib/python3.8/site-packages/airflow/example_dags/example_xcomargs.py
[2023-11-15T03:57:37.642+0000] {processor.py:829} INFO - Processing file /home/airflow/.local/lib/python3.8/site-packages/airflow/example_dags/example_xcomargs.py for tasks to queue
[2023-11-15T03:57:37.645+0000] {logging_mixin.py:151} INFO - [2023-11-15T03:57:37.645+0000] {dagbag.py:536} INFO - Filling up the DagBag from /home/airflow/.local/lib/python3.8/site-packages/airflow/example_dags/example_xcomargs.py
[2023-11-15T03:57:37.656+0000] {processor.py:839} INFO - DAG(s) dict_keys(['example_xcom_args', 'example_xcom_args_with_operators']) retrieved from /home/airflow/.local/lib/python3.8/site-packages/airflow/example_dags/example_xcomargs.py
[2023-11-15T03:57:37.690+0000] {logging_mixin.py:151} INFO - [2023-11-15T03:57:37.689+0000] {dag.py:2941} INFO - Sync 2 DAGs
[2023-11-15T03:57:37.707+0000] {logging_mixin.py:151} INFO - [2023-11-15T03:57:37.707+0000] {dag.py:3722} INFO - Setting next_dagrun for example_xcom_args to None, run_after=None
[2023-11-15T03:57:37.714+0000] {logging_mixin.py:151} INFO - [2023-11-15T03:57:37.713+0000] {dag.py:3722} INFO - Setting next_dagrun for example_xcom_args_with_operators to None, run_after=None
[2023-11-15T03:57:37.740+0000] {processor.py:179} INFO - Processing /home/airflow/.local/lib/python3.8/site-packages/airflow/example_dags/example_xcomargs.py took 0.105 seconds
[2023-11-15T03:58:08.494+0000] {processor.py:157} INFO - Started process (PID=137) to work on /home/airflow/.local/lib/python3.8/site-packages/airflow/example_dags/example_xcomargs.py
[2023-11-15T03:58:08.496+0000] {processor.py:829} INFO - Processing file /home/airflow/.local/lib/python3.8/site-packages/airflow/example_dags/example_xcomargs.py for tasks to queue
[2023-11-15T03:58:08.500+0000] {logging_mixin.py:151} INFO - [2023-11-15T03:58:08.500+0000] {dagbag.py:536} INFO - Filling up the DagBag from /home/airflow/.local/lib/python3.8/site-packages/airflow/example_dags/example_xcomargs.py
[2023-11-15T03:58:08.511+0000] {processor.py:839} INFO - DAG(s) dict_keys(['example_xcom_args_with_operators', 'example_xcom_args']) retrieved from /home/airflow/.local/lib/python3.8/site-packages/airflow/example_dags/example_xcomargs.py
[2023-11-15T03:58:08.542+0000] {logging_mixin.py:151} INFO - [2023-11-15T03:58:08.542+0000] {dag.py:2941} INFO - Sync 2 DAGs
[2023-11-15T03:58:08.559+0000] {logging_mixin.py:151} INFO - [2023-11-15T03:58:08.559+0000] {dag.py:3722} INFO - Setting next_dagrun for example_xcom_args to None, run_after=None
[2023-11-15T03:58:08.564+0000] {logging_mixin.py:151} INFO - [2023-11-15T03:58:08.563+0000] {dag.py:3722} INFO - Setting next_dagrun for example_xcom_args_with_operators to None, run_after=None
[2023-11-15T03:58:08.587+0000] {processor.py:179} INFO - Processing /home/airflow/.local/lib/python3.8/site-packages/airflow/example_dags/example_xcomargs.py took 0.096 seconds
[2023-11-15T03:58:39.040+0000] {processor.py:157} INFO - Started process (PID=195) to work on /home/airflow/.local/lib/python3.8/site-packages/airflow/example_dags/example_xcomargs.py
[2023-11-15T03:58:39.041+0000] {processor.py:829} INFO - Processing file /home/airflow/.local/lib/python3.8/site-packages/airflow/example_dags/example_xcomargs.py for tasks to queue
[2023-11-15T03:58:39.044+0000] {logging_mixin.py:151} INFO - [2023-11-15T03:58:39.044+0000] {dagbag.py:536} INFO - Filling up the DagBag from /home/airflow/.local/lib/python3.8/site-packages/airflow/example_dags/example_xcomargs.py
[2023-11-15T03:58:39.053+0000] {processor.py:839} INFO - DAG(s) dict_keys(['example_xcom_args_with_operators', 'example_xcom_args']) retrieved from /home/airflow/.local/lib/python3.8/site-packages/airflow/example_dags/example_xcomargs.py
[2023-11-15T03:58:39.082+0000] {logging_mixin.py:151} INFO - [2023-11-15T03:58:39.082+0000] {dag.py:2941} INFO - Sync 2 DAGs
[2023-11-15T03:58:39.098+0000] {logging_mixin.py:151} INFO - [2023-11-15T03:58:39.098+0000] {dag.py:3722} INFO - Setting next_dagrun for example_xcom_args to None, run_after=None
[2023-11-15T03:58:39.102+0000] {logging_mixin.py:151} INFO - [2023-11-15T03:58:39.102+0000] {dag.py:3722} INFO - Setting next_dagrun for example_xcom_args_with_operators to None, run_after=None
[2023-11-15T03:58:39.122+0000] {processor.py:179} INFO - Processing /home/airflow/.local/lib/python3.8/site-packages/airflow/example_dags/example_xcomargs.py took 0.088 seconds
[2023-11-15T03:59:09.927+0000] {processor.py:157} INFO - Started process (PID=257) to work on /home/airflow/.local/lib/python3.8/site-packages/airflow/example_dags/example_xcomargs.py
[2023-11-15T03:59:09.928+0000] {processor.py:829} INFO - Processing file /home/airflow/.local/lib/python3.8/site-packages/airflow/example_dags/example_xcomargs.py for tasks to queue
[2023-11-15T03:59:09.931+0000] {logging_mixin.py:151} INFO - [2023-11-15T03:59:09.930+0000] {dagbag.py:536} INFO - Filling up the DagBag from /home/airflow/.local/lib/python3.8/site-packages/airflow/example_dags/example_xcomargs.py
[2023-11-15T03:59:09.940+0000] {processor.py:839} INFO - DAG(s) dict_keys(['example_xcom_args', 'example_xcom_args_with_operators']) retrieved from /home/airflow/.local/lib/python3.8/site-packages/airflow/example_dags/example_xcomargs.py
[2023-11-15T03:59:09.970+0000] {logging_mixin.py:151} INFO - [2023-11-15T03:59:09.970+0000] {dag.py:2941} INFO - Sync 2 DAGs
[2023-11-15T03:59:09.992+0000] {logging_mixin.py:151} INFO - [2023-11-15T03:59:09.991+0000] {dag.py:3722} INFO - Setting next_dagrun for example_xcom_args to None, run_after=None
[2023-11-15T03:59:09.997+0000] {logging_mixin.py:151} INFO - [2023-11-15T03:59:09.996+0000] {dag.py:3722} INFO - Setting next_dagrun for example_xcom_args_with_operators to None, run_after=None
[2023-11-15T03:59:10.019+0000] {processor.py:179} INFO - Processing /home/airflow/.local/lib/python3.8/site-packages/airflow/example_dags/example_xcomargs.py took 0.096 seconds
[2023-11-15T03:59:40.708+0000] {processor.py:157} INFO - Started process (PID=317) to work on /home/airflow/.local/lib/python3.8/site-packages/airflow/example_dags/example_xcomargs.py
[2023-11-15T03:59:40.709+0000] {processor.py:829} INFO - Processing file /home/airflow/.local/lib/python3.8/site-packages/airflow/example_dags/example_xcomargs.py for tasks to queue
[2023-11-15T03:59:40.711+0000] {logging_mixin.py:151} INFO - [2023-11-15T03:59:40.711+0000] {dagbag.py:536} INFO - Filling up the DagBag from /home/airflow/.local/lib/python3.8/site-packages/airflow/example_dags/example_xcomargs.py
[2023-11-15T03:59:40.720+0000] {processor.py:839} INFO - DAG(s) dict_keys(['example_xcom_args', 'example_xcom_args_with_operators']) retrieved from /home/airflow/.local/lib/python3.8/site-packages/airflow/example_dags/example_xcomargs.py
[2023-11-15T03:59:40.751+0000] {logging_mixin.py:151} INFO - [2023-11-15T03:59:40.750+0000] {dag.py:2941} INFO - Sync 2 DAGs
[2023-11-15T03:59:40.768+0000] {logging_mixin.py:151} INFO - [2023-11-15T03:59:40.767+0000] {dag.py:3722} INFO - Setting next_dagrun for example_xcom_args to None, run_after=None
[2023-11-15T03:59:40.772+0000] {logging_mixin.py:151} INFO - [2023-11-15T03:59:40.772+0000] {dag.py:3722} INFO - Setting next_dagrun for example_xcom_args_with_operators to None, run_after=None
[2023-11-15T03:59:40.803+0000] {processor.py:179} INFO - Processing /home/airflow/.local/lib/python3.8/site-packages/airflow/example_dags/example_xcomargs.py took 0.100 seconds
[2023-11-15T04:00:10.842+0000] {processor.py:157} INFO - Started process (PID=373) to work on /home/airflow/.local/lib/python3.8/site-packages/airflow/example_dags/example_xcomargs.py
[2023-11-15T04:00:10.843+0000] {processor.py:829} INFO - Processing file /home/airflow/.local/lib/python3.8/site-packages/airflow/example_dags/example_xcomargs.py for tasks to queue
[2023-11-15T04:00:10.846+0000] {logging_mixin.py:151} INFO - [2023-11-15T04:00:10.846+0000] {dagbag.py:536} INFO - Filling up the DagBag from /home/airflow/.local/lib/python3.8/site-packages/airflow/example_dags/example_xcomargs.py
[2023-11-15T04:00:10.856+0000] {processor.py:839} INFO - DAG(s) dict_keys(['example_xcom_args', 'example_xcom_args_with_operators']) retrieved from /home/airflow/.local/lib/python3.8/site-packages/airflow/example_dags/example_xcomargs.py
[2023-11-15T04:00:10.963+0000] {logging_mixin.py:151} INFO - [2023-11-15T04:00:10.963+0000] {dag.py:2941} INFO - Sync 2 DAGs
[2023-11-15T04:00:10.978+0000] {logging_mixin.py:151} INFO - [2023-11-15T04:00:10.978+0000] {dag.py:3722} INFO - Setting next_dagrun for example_xcom_args to None, run_after=None
[2023-11-15T04:00:10.982+0000] {logging_mixin.py:151} INFO - [2023-11-15T04:00:10.982+0000] {dag.py:3722} INFO - Setting next_dagrun for example_xcom_args_with_operators to None, run_after=None
[2023-11-15T04:00:11.003+0000] {processor.py:179} INFO - Processing /home/airflow/.local/lib/python3.8/site-packages/airflow/example_dags/example_xcomargs.py took 0.166 seconds
[2023-11-15T04:00:41.659+0000] {processor.py:157} INFO - Started process (PID=432) to work on /home/airflow/.local/lib/python3.8/site-packages/airflow/example_dags/example_xcomargs.py
[2023-11-15T04:00:41.661+0000] {processor.py:829} INFO - Processing file /home/airflow/.local/lib/python3.8/site-packages/airflow/example_dags/example_xcomargs.py for tasks to queue
[2023-11-15T04:00:41.666+0000] {logging_mixin.py:151} INFO - [2023-11-15T04:00:41.665+0000] {dagbag.py:536} INFO - Filling up the DagBag from /home/airflow/.local/lib/python3.8/site-packages/airflow/example_dags/example_xcomargs.py
[2023-11-15T04:00:41.679+0000] {processor.py:839} INFO - DAG(s) dict_keys(['example_xcom_args', 'example_xcom_args_with_operators']) retrieved from /home/airflow/.local/lib/python3.8/site-packages/airflow/example_dags/example_xcomargs.py
[2023-11-15T04:00:41.730+0000] {logging_mixin.py:151} INFO - [2023-11-15T04:00:41.729+0000] {dag.py:2941} INFO - Sync 2 DAGs
[2023-11-15T04:00:41.752+0000] {logging_mixin.py:151} INFO - [2023-11-15T04:00:41.752+0000] {dag.py:3722} INFO - Setting next_dagrun for example_xcom_args to None, run_after=None
[2023-11-15T04:00:41.757+0000] {logging_mixin.py:151} INFO - [2023-11-15T04:00:41.756+0000] {dag.py:3722} INFO - Setting next_dagrun for example_xcom_args_with_operators to None, run_after=None
[2023-11-15T04:00:41.788+0000] {processor.py:179} INFO - Processing /home/airflow/.local/lib/python3.8/site-packages/airflow/example_dags/example_xcomargs.py took 0.134 seconds
[2023-11-15T04:01:12.268+0000] {processor.py:157} INFO - Started process (PID=490) to work on /home/airflow/.local/lib/python3.8/site-packages/airflow/example_dags/example_xcomargs.py
[2023-11-15T04:01:12.269+0000] {processor.py:829} INFO - Processing file /home/airflow/.local/lib/python3.8/site-packages/airflow/example_dags/example_xcomargs.py for tasks to queue
[2023-11-15T04:01:12.272+0000] {logging_mixin.py:151} INFO - [2023-11-15T04:01:12.272+0000] {dagbag.py:536} INFO - Filling up the DagBag from /home/airflow/.local/lib/python3.8/site-packages/airflow/example_dags/example_xcomargs.py
[2023-11-15T04:01:12.281+0000] {processor.py:839} INFO - DAG(s) dict_keys(['example_xcom_args', 'example_xcom_args_with_operators']) retrieved from /home/airflow/.local/lib/python3.8/site-packages/airflow/example_dags/example_xcomargs.py
[2023-11-15T04:01:12.311+0000] {logging_mixin.py:151} INFO - [2023-11-15T04:01:12.311+0000] {dag.py:2941} INFO - Sync 2 DAGs
[2023-11-15T04:01:12.327+0000] {logging_mixin.py:151} INFO - [2023-11-15T04:01:12.327+0000] {dag.py:3722} INFO - Setting next_dagrun for example_xcom_args to None, run_after=None
[2023-11-15T04:01:12.332+0000] {logging_mixin.py:151} INFO - [2023-11-15T04:01:12.332+0000] {dag.py:3722} INFO - Setting next_dagrun for example_xcom_args_with_operators to None, run_after=None
[2023-11-15T04:01:12.356+0000] {processor.py:179} INFO - Processing /home/airflow/.local/lib/python3.8/site-packages/airflow/example_dags/example_xcomargs.py took 0.093 seconds
[2023-11-15T04:01:43.537+0000] {processor.py:157} INFO - Started process (PID=548) to work on /home/airflow/.local/lib/python3.8/site-packages/airflow/example_dags/example_xcomargs.py
[2023-11-15T04:01:43.538+0000] {processor.py:829} INFO - Processing file /home/airflow/.local/lib/python3.8/site-packages/airflow/example_dags/example_xcomargs.py for tasks to queue
[2023-11-15T04:01:43.541+0000] {logging_mixin.py:151} INFO - [2023-11-15T04:01:43.541+0000] {dagbag.py:536} INFO - Filling up the DagBag from /home/airflow/.local/lib/python3.8/site-packages/airflow/example_dags/example_xcomargs.py
[2023-11-15T04:01:43.551+0000] {processor.py:839} INFO - DAG(s) dict_keys(['example_xcom_args', 'example_xcom_args_with_operators']) retrieved from /home/airflow/.local/lib/python3.8/site-packages/airflow/example_dags/example_xcomargs.py
[2023-11-15T04:01:43.581+0000] {logging_mixin.py:151} INFO - [2023-11-15T04:01:43.581+0000] {dag.py:2941} INFO - Sync 2 DAGs
[2023-11-15T04:01:43.597+0000] {logging_mixin.py:151} INFO - [2023-11-15T04:01:43.597+0000] {dag.py:3722} INFO - Setting next_dagrun for example_xcom_args to None, run_after=None
[2023-11-15T04:01:43.602+0000] {logging_mixin.py:151} INFO - [2023-11-15T04:01:43.602+0000] {dag.py:3722} INFO - Setting next_dagrun for example_xcom_args_with_operators to None, run_after=None
[2023-11-15T04:01:43.625+0000] {processor.py:179} INFO - Processing /home/airflow/.local/lib/python3.8/site-packages/airflow/example_dags/example_xcomargs.py took 0.093 seconds
[2023-11-15T04:02:14.362+0000] {processor.py:157} INFO - Started process (PID=611) to work on /home/airflow/.local/lib/python3.8/site-packages/airflow/example_dags/example_xcomargs.py
[2023-11-15T04:02:14.363+0000] {processor.py:829} INFO - Processing file /home/airflow/.local/lib/python3.8/site-packages/airflow/example_dags/example_xcomargs.py for tasks to queue
[2023-11-15T04:02:14.366+0000] {logging_mixin.py:151} INFO - [2023-11-15T04:02:14.366+0000] {dagbag.py:536} INFO - Filling up the DagBag from /home/airflow/.local/lib/python3.8/site-packages/airflow/example_dags/example_xcomargs.py
[2023-11-15T04:02:14.375+0000] {processor.py:839} INFO - DAG(s) dict_keys(['example_xcom_args_with_operators', 'example_xcom_args']) retrieved from /home/airflow/.local/lib/python3.8/site-packages/airflow/example_dags/example_xcomargs.py
[2023-11-15T04:02:14.408+0000] {logging_mixin.py:151} INFO - [2023-11-15T04:02:14.408+0000] {dag.py:2941} INFO - Sync 2 DAGs
[2023-11-15T04:02:14.426+0000] {logging_mixin.py:151} INFO - [2023-11-15T04:02:14.425+0000] {dag.py:3722} INFO - Setting next_dagrun for example_xcom_args to None, run_after=None
[2023-11-15T04:02:14.430+0000] {logging_mixin.py:151} INFO - [2023-11-15T04:02:14.429+0000] {dag.py:3722} INFO - Setting next_dagrun for example_xcom_args_with_operators to None, run_after=None
[2023-11-15T04:02:14.452+0000] {processor.py:179} INFO - Processing /home/airflow/.local/lib/python3.8/site-packages/airflow/example_dags/example_xcomargs.py took 0.094 seconds
[2023-11-15T04:02:45.393+0000] {processor.py:157} INFO - Started process (PID=671) to work on /home/airflow/.local/lib/python3.8/site-packages/airflow/example_dags/example_xcomargs.py
[2023-11-15T04:02:45.395+0000] {processor.py:829} INFO - Processing file /home/airflow/.local/lib/python3.8/site-packages/airflow/example_dags/example_xcomargs.py for tasks to queue
[2023-11-15T04:02:45.398+0000] {logging_mixin.py:151} INFO - [2023-11-15T04:02:45.398+0000] {dagbag.py:536} INFO - Filling up the DagBag from /home/airflow/.local/lib/python3.8/site-packages/airflow/example_dags/example_xcomargs.py
[2023-11-15T04:02:45.408+0000] {processor.py:839} INFO - DAG(s) dict_keys(['example_xcom_args_with_operators', 'example_xcom_args']) retrieved from /home/airflow/.local/lib/python3.8/site-packages/airflow/example_dags/example_xcomargs.py
[2023-11-15T04:02:45.439+0000] {logging_mixin.py:151} INFO - [2023-11-15T04:02:45.439+0000] {dag.py:2941} INFO - Sync 2 DAGs
[2023-11-15T04:02:45.459+0000] {logging_mixin.py:151} INFO - [2023-11-15T04:02:45.459+0000] {dag.py:3722} INFO - Setting next_dagrun for example_xcom_args to None, run_after=None
[2023-11-15T04:02:45.465+0000] {logging_mixin.py:151} INFO - [2023-11-15T04:02:45.465+0000] {dag.py:3722} INFO - Setting next_dagrun for example_xcom_args_with_operators to None, run_after=None
[2023-11-15T04:02:45.489+0000] {processor.py:179} INFO - Processing /home/airflow/.local/lib/python3.8/site-packages/airflow/example_dags/example_xcomargs.py took 0.101 seconds
[2023-11-15T04:03:16.119+0000] {processor.py:157} INFO - Started process (PID=737) to work on /home/airflow/.local/lib/python3.8/site-packages/airflow/example_dags/example_xcomargs.py
[2023-11-15T04:03:16.120+0000] {processor.py:829} INFO - Processing file /home/airflow/.local/lib/python3.8/site-packages/airflow/example_dags/example_xcomargs.py for tasks to queue
[2023-11-15T04:03:16.123+0000] {logging_mixin.py:151} INFO - [2023-11-15T04:03:16.122+0000] {dagbag.py:536} INFO - Filling up the DagBag from /home/airflow/.local/lib/python3.8/site-packages/airflow/example_dags/example_xcomargs.py
[2023-11-15T04:03:16.136+0000] {processor.py:839} INFO - DAG(s) dict_keys(['example_xcom_args', 'example_xcom_args_with_operators']) retrieved from /home/airflow/.local/lib/python3.8/site-packages/airflow/example_dags/example_xcomargs.py
[2023-11-15T04:03:16.166+0000] {logging_mixin.py:151} INFO - [2023-11-15T04:03:16.166+0000] {dag.py:2941} INFO - Sync 2 DAGs
[2023-11-15T04:03:16.182+0000] {logging_mixin.py:151} INFO - [2023-11-15T04:03:16.182+0000] {dag.py:3722} INFO - Setting next_dagrun for example_xcom_args to None, run_after=None
[2023-11-15T04:03:16.186+0000] {logging_mixin.py:151} INFO - [2023-11-15T04:03:16.186+0000] {dag.py:3722} INFO - Setting next_dagrun for example_xcom_args_with_operators to None, run_after=None
[2023-11-15T04:03:16.210+0000] {processor.py:179} INFO - Processing /home/airflow/.local/lib/python3.8/site-packages/airflow/example_dags/example_xcomargs.py took 0.095 seconds
[2023-11-15T04:03:46.918+0000] {processor.py:157} INFO - Started process (PID=796) to work on /home/airflow/.local/lib/python3.8/site-packages/airflow/example_dags/example_xcomargs.py
[2023-11-15T04:03:46.919+0000] {processor.py:829} INFO - Processing file /home/airflow/.local/lib/python3.8/site-packages/airflow/example_dags/example_xcomargs.py for tasks to queue
[2023-11-15T04:03:46.922+0000] {logging_mixin.py:151} INFO - [2023-11-15T04:03:46.922+0000] {dagbag.py:536} INFO - Filling up the DagBag from /home/airflow/.local/lib/python3.8/site-packages/airflow/example_dags/example_xcomargs.py
[2023-11-15T04:03:46.933+0000] {processor.py:839} INFO - DAG(s) dict_keys(['example_xcom_args', 'example_xcom_args_with_operators']) retrieved from /home/airflow/.local/lib/python3.8/site-packages/airflow/example_dags/example_xcomargs.py
[2023-11-15T04:03:46.962+0000] {logging_mixin.py:151} INFO - [2023-11-15T04:03:46.961+0000] {dag.py:2941} INFO - Sync 2 DAGs
[2023-11-15T04:03:46.979+0000] {logging_mixin.py:151} INFO - [2023-11-15T04:03:46.979+0000] {dag.py:3722} INFO - Setting next_dagrun for example_xcom_args to None, run_after=None
[2023-11-15T04:03:46.985+0000] {logging_mixin.py:151} INFO - [2023-11-15T04:03:46.984+0000] {dag.py:3722} INFO - Setting next_dagrun for example_xcom_args_with_operators to None, run_after=None
[2023-11-15T04:03:47.005+0000] {processor.py:179} INFO - Processing /home/airflow/.local/lib/python3.8/site-packages/airflow/example_dags/example_xcomargs.py took 0.092 seconds
[2023-11-15T04:04:17.679+0000] {processor.py:157} INFO - Started process (PID=854) to work on /home/airflow/.local/lib/python3.8/site-packages/airflow/example_dags/example_xcomargs.py
[2023-11-15T04:04:17.680+0000] {processor.py:829} INFO - Processing file /home/airflow/.local/lib/python3.8/site-packages/airflow/example_dags/example_xcomargs.py for tasks to queue
[2023-11-15T04:04:17.683+0000] {logging_mixin.py:151} INFO - [2023-11-15T04:04:17.683+0000] {dagbag.py:536} INFO - Filling up the DagBag from /home/airflow/.local/lib/python3.8/site-packages/airflow/example_dags/example_xcomargs.py
[2023-11-15T04:04:17.692+0000] {processor.py:839} INFO - DAG(s) dict_keys(['example_xcom_args', 'example_xcom_args_with_operators']) retrieved from /home/airflow/.local/lib/python3.8/site-packages/airflow/example_dags/example_xcomargs.py
[2023-11-15T04:04:17.722+0000] {logging_mixin.py:151} INFO - [2023-11-15T04:04:17.722+0000] {dag.py:2941} INFO - Sync 2 DAGs
[2023-11-15T04:04:17.739+0000] {logging_mixin.py:151} INFO - [2023-11-15T04:04:17.739+0000] {dag.py:3722} INFO - Setting next_dagrun for example_xcom_args to None, run_after=None
[2023-11-15T04:04:17.743+0000] {logging_mixin.py:151} INFO - [2023-11-15T04:04:17.743+0000] {dag.py:3722} INFO - Setting next_dagrun for example_xcom_args_with_operators to None, run_after=None
[2023-11-15T04:04:17.765+0000] {processor.py:179} INFO - Processing /home/airflow/.local/lib/python3.8/site-packages/airflow/example_dags/example_xcomargs.py took 0.090 seconds
[2023-11-15T04:04:48.576+0000] {processor.py:157} INFO - Started process (PID=912) to work on /home/airflow/.local/lib/python3.8/site-packages/airflow/example_dags/example_xcomargs.py
[2023-11-15T04:04:48.578+0000] {processor.py:829} INFO - Processing file /home/airflow/.local/lib/python3.8/site-packages/airflow/example_dags/example_xcomargs.py for tasks to queue
[2023-11-15T04:04:48.580+0000] {logging_mixin.py:151} INFO - [2023-11-15T04:04:48.580+0000] {dagbag.py:536} INFO - Filling up the DagBag from /home/airflow/.local/lib/python3.8/site-packages/airflow/example_dags/example_xcomargs.py
[2023-11-15T04:04:48.590+0000] {processor.py:839} INFO - DAG(s) dict_keys(['example_xcom_args_with_operators', 'example_xcom_args']) retrieved from /home/airflow/.local/lib/python3.8/site-packages/airflow/example_dags/example_xcomargs.py
[2023-11-15T04:04:48.622+0000] {logging_mixin.py:151} INFO - [2023-11-15T04:04:48.622+0000] {dag.py:2941} INFO - Sync 2 DAGs
[2023-11-15T04:04:48.640+0000] {logging_mixin.py:151} INFO - [2023-11-15T04:04:48.640+0000] {dag.py:3722} INFO - Setting next_dagrun for example_xcom_args to None, run_after=None
[2023-11-15T04:04:48.645+0000] {logging_mixin.py:151} INFO - [2023-11-15T04:04:48.645+0000] {dag.py:3722} INFO - Setting next_dagrun for example_xcom_args_with_operators to None, run_after=None
[2023-11-15T04:04:48.668+0000] {processor.py:179} INFO - Processing /home/airflow/.local/lib/python3.8/site-packages/airflow/example_dags/example_xcomargs.py took 0.095 seconds
[2023-11-15T04:05:19.099+0000] {processor.py:157} INFO - Started process (PID=971) to work on /home/airflow/.local/lib/python3.8/site-packages/airflow/example_dags/example_xcomargs.py
[2023-11-15T04:05:19.100+0000] {processor.py:829} INFO - Processing file /home/airflow/.local/lib/python3.8/site-packages/airflow/example_dags/example_xcomargs.py for tasks to queue
[2023-11-15T04:05:19.103+0000] {logging_mixin.py:151} INFO - [2023-11-15T04:05:19.103+0000] {dagbag.py:536} INFO - Filling up the DagBag from /home/airflow/.local/lib/python3.8/site-packages/airflow/example_dags/example_xcomargs.py
[2023-11-15T04:05:19.115+0000] {processor.py:839} INFO - DAG(s) dict_keys(['example_xcom_args_with_operators', 'example_xcom_args']) retrieved from /home/airflow/.local/lib/python3.8/site-packages/airflow/example_dags/example_xcomargs.py
[2023-11-15T04:05:19.152+0000] {logging_mixin.py:151} INFO - [2023-11-15T04:05:19.152+0000] {dag.py:2941} INFO - Sync 2 DAGs
[2023-11-15T04:05:19.170+0000] {logging_mixin.py:151} INFO - [2023-11-15T04:05:19.169+0000] {dag.py:3722} INFO - Setting next_dagrun for example_xcom_args to None, run_after=None
[2023-11-15T04:05:19.174+0000] {logging_mixin.py:151} INFO - [2023-11-15T04:05:19.174+0000] {dag.py:3722} INFO - Setting next_dagrun for example_xcom_args_with_operators to None, run_after=None
[2023-11-15T04:05:19.202+0000] {processor.py:179} INFO - Processing /home/airflow/.local/lib/python3.8/site-packages/airflow/example_dags/example_xcomargs.py took 0.107 seconds
[2023-11-15T04:05:50.231+0000] {processor.py:157} INFO - Started process (PID=1030) to work on /home/airflow/.local/lib/python3.8/site-packages/airflow/example_dags/example_xcomargs.py
[2023-11-15T04:05:50.232+0000] {processor.py:829} INFO - Processing file /home/airflow/.local/lib/python3.8/site-packages/airflow/example_dags/example_xcomargs.py for tasks to queue
[2023-11-15T04:05:50.236+0000] {logging_mixin.py:151} INFO - [2023-11-15T04:05:50.235+0000] {dagbag.py:536} INFO - Filling up the DagBag from /home/airflow/.local/lib/python3.8/site-packages/airflow/example_dags/example_xcomargs.py
[2023-11-15T04:05:50.245+0000] {processor.py:839} INFO - DAG(s) dict_keys(['example_xcom_args_with_operators', 'example_xcom_args']) retrieved from /home/airflow/.local/lib/python3.8/site-packages/airflow/example_dags/example_xcomargs.py
[2023-11-15T04:05:50.276+0000] {logging_mixin.py:151} INFO - [2023-11-15T04:05:50.276+0000] {dag.py:2941} INFO - Sync 2 DAGs
[2023-11-15T04:05:50.293+0000] {logging_mixin.py:151} INFO - [2023-11-15T04:05:50.292+0000] {dag.py:3722} INFO - Setting next_dagrun for example_xcom_args to None, run_after=None
[2023-11-15T04:05:50.297+0000] {logging_mixin.py:151} INFO - [2023-11-15T04:05:50.297+0000] {dag.py:3722} INFO - Setting next_dagrun for example_xcom_args_with_operators to None, run_after=None
[2023-11-15T04:05:50.322+0000] {processor.py:179} INFO - Processing /home/airflow/.local/lib/python3.8/site-packages/airflow/example_dags/example_xcomargs.py took 0.096 seconds
[2023-11-15T04:06:20.748+0000] {processor.py:157} INFO - Started process (PID=1089) to work on /home/airflow/.local/lib/python3.8/site-packages/airflow/example_dags/example_xcomargs.py
[2023-11-15T04:06:20.749+0000] {processor.py:829} INFO - Processing file /home/airflow/.local/lib/python3.8/site-packages/airflow/example_dags/example_xcomargs.py for tasks to queue
[2023-11-15T04:06:20.752+0000] {logging_mixin.py:151} INFO - [2023-11-15T04:06:20.751+0000] {dagbag.py:536} INFO - Filling up the DagBag from /home/airflow/.local/lib/python3.8/site-packages/airflow/example_dags/example_xcomargs.py
[2023-11-15T04:06:20.762+0000] {processor.py:839} INFO - DAG(s) dict_keys(['example_xcom_args', 'example_xcom_args_with_operators']) retrieved from /home/airflow/.local/lib/python3.8/site-packages/airflow/example_dags/example_xcomargs.py
[2023-11-15T04:06:20.796+0000] {logging_mixin.py:151} INFO - [2023-11-15T04:06:20.796+0000] {dag.py:2941} INFO - Sync 2 DAGs
[2023-11-15T04:06:20.814+0000] {logging_mixin.py:151} INFO - [2023-11-15T04:06:20.814+0000] {dag.py:3722} INFO - Setting next_dagrun for example_xcom_args to None, run_after=None
[2023-11-15T04:06:20.819+0000] {logging_mixin.py:151} INFO - [2023-11-15T04:06:20.819+0000] {dag.py:3722} INFO - Setting next_dagrun for example_xcom_args_with_operators to None, run_after=None
[2023-11-15T04:06:20.844+0000] {processor.py:179} INFO - Processing /home/airflow/.local/lib/python3.8/site-packages/airflow/example_dags/example_xcomargs.py took 0.100 seconds
[2023-11-15T04:06:51.818+0000] {processor.py:157} INFO - Started process (PID=1147) to work on /home/airflow/.local/lib/python3.8/site-packages/airflow/example_dags/example_xcomargs.py
[2023-11-15T04:06:51.822+0000] {processor.py:829} INFO - Processing file /home/airflow/.local/lib/python3.8/site-packages/airflow/example_dags/example_xcomargs.py for tasks to queue
[2023-11-15T04:06:51.826+0000] {logging_mixin.py:151} INFO - [2023-11-15T04:06:51.825+0000] {dagbag.py:536} INFO - Filling up the DagBag from /home/airflow/.local/lib/python3.8/site-packages/airflow/example_dags/example_xcomargs.py
[2023-11-15T04:06:51.836+0000] {processor.py:839} INFO - DAG(s) dict_keys(['example_xcom_args', 'example_xcom_args_with_operators']) retrieved from /home/airflow/.local/lib/python3.8/site-packages/airflow/example_dags/example_xcomargs.py
[2023-11-15T04:06:51.871+0000] {logging_mixin.py:151} INFO - [2023-11-15T04:06:51.870+0000] {dag.py:2941} INFO - Sync 2 DAGs
[2023-11-15T04:06:51.890+0000] {logging_mixin.py:151} INFO - [2023-11-15T04:06:51.889+0000] {dag.py:3722} INFO - Setting next_dagrun for example_xcom_args to None, run_after=None
[2023-11-15T04:06:51.895+0000] {logging_mixin.py:151} INFO - [2023-11-15T04:06:51.895+0000] {dag.py:3722} INFO - Setting next_dagrun for example_xcom_args_with_operators to None, run_after=None
[2023-11-15T04:06:51.924+0000] {processor.py:179} INFO - Processing /home/airflow/.local/lib/python3.8/site-packages/airflow/example_dags/example_xcomargs.py took 0.111 seconds
[2023-11-15T04:07:22.808+0000] {processor.py:157} INFO - Started process (PID=1206) to work on /home/airflow/.local/lib/python3.8/site-packages/airflow/example_dags/example_xcomargs.py
[2023-11-15T04:07:22.810+0000] {processor.py:829} INFO - Processing file /home/airflow/.local/lib/python3.8/site-packages/airflow/example_dags/example_xcomargs.py for tasks to queue
[2023-11-15T04:07:22.815+0000] {logging_mixin.py:151} INFO - [2023-11-15T04:07:22.815+0000] {dagbag.py:536} INFO - Filling up the DagBag from /home/airflow/.local/lib/python3.8/site-packages/airflow/example_dags/example_xcomargs.py
[2023-11-15T04:07:22.845+0000] {processor.py:839} INFO - DAG(s) dict_keys(['example_xcom_args_with_operators', 'example_xcom_args']) retrieved from /home/airflow/.local/lib/python3.8/site-packages/airflow/example_dags/example_xcomargs.py
[2023-11-15T04:07:22.885+0000] {logging_mixin.py:151} INFO - [2023-11-15T04:07:22.885+0000] {dag.py:2941} INFO - Sync 2 DAGs
[2023-11-15T04:07:22.905+0000] {logging_mixin.py:151} INFO - [2023-11-15T04:07:22.905+0000] {dag.py:3722} INFO - Setting next_dagrun for example_xcom_args to None, run_after=None
[2023-11-15T04:07:22.911+0000] {logging_mixin.py:151} INFO - [2023-11-15T04:07:22.911+0000] {dag.py:3722} INFO - Setting next_dagrun for example_xcom_args_with_operators to None, run_after=None
[2023-11-15T04:07:22.934+0000] {processor.py:179} INFO - Processing /home/airflow/.local/lib/python3.8/site-packages/airflow/example_dags/example_xcomargs.py took 0.132 seconds
[2023-11-15T04:07:53.478+0000] {processor.py:157} INFO - Started process (PID=1263) to work on /home/airflow/.local/lib/python3.8/site-packages/airflow/example_dags/example_xcomargs.py
[2023-11-15T04:07:53.479+0000] {processor.py:829} INFO - Processing file /home/airflow/.local/lib/python3.8/site-packages/airflow/example_dags/example_xcomargs.py for tasks to queue
[2023-11-15T04:07:53.482+0000] {logging_mixin.py:151} INFO - [2023-11-15T04:07:53.481+0000] {dagbag.py:536} INFO - Filling up the DagBag from /home/airflow/.local/lib/python3.8/site-packages/airflow/example_dags/example_xcomargs.py
[2023-11-15T04:07:53.491+0000] {processor.py:839} INFO - DAG(s) dict_keys(['example_xcom_args_with_operators', 'example_xcom_args']) retrieved from /home/airflow/.local/lib/python3.8/site-packages/airflow/example_dags/example_xcomargs.py
[2023-11-15T04:07:53.521+0000] {logging_mixin.py:151} INFO - [2023-11-15T04:07:53.520+0000] {dag.py:2941} INFO - Sync 2 DAGs
[2023-11-15T04:07:53.537+0000] {logging_mixin.py:151} INFO - [2023-11-15T04:07:53.537+0000] {dag.py:3722} INFO - Setting next_dagrun for example_xcom_args to None, run_after=None
[2023-11-15T04:07:53.541+0000] {logging_mixin.py:151} INFO - [2023-11-15T04:07:53.541+0000] {dag.py:3722} INFO - Setting next_dagrun for example_xcom_args_with_operators to None, run_after=None
[2023-11-15T04:07:53.563+0000] {processor.py:179} INFO - Processing /home/airflow/.local/lib/python3.8/site-packages/airflow/example_dags/example_xcomargs.py took 0.088 seconds
[2023-11-15T04:08:23.831+0000] {processor.py:157} INFO - Started process (PID=1321) to work on /home/airflow/.local/lib/python3.8/site-packages/airflow/example_dags/example_xcomargs.py
[2023-11-15T04:08:23.832+0000] {processor.py:829} INFO - Processing file /home/airflow/.local/lib/python3.8/site-packages/airflow/example_dags/example_xcomargs.py for tasks to queue
[2023-11-15T04:08:23.835+0000] {logging_mixin.py:151} INFO - [2023-11-15T04:08:23.834+0000] {dagbag.py:536} INFO - Filling up the DagBag from /home/airflow/.local/lib/python3.8/site-packages/airflow/example_dags/example_xcomargs.py
[2023-11-15T04:08:23.845+0000] {processor.py:839} INFO - DAG(s) dict_keys(['example_xcom_args', 'example_xcom_args_with_operators']) retrieved from /home/airflow/.local/lib/python3.8/site-packages/airflow/example_dags/example_xcomargs.py
[2023-11-15T04:08:23.874+0000] {logging_mixin.py:151} INFO - [2023-11-15T04:08:23.874+0000] {dag.py:2941} INFO - Sync 2 DAGs
[2023-11-15T04:08:23.890+0000] {logging_mixin.py:151} INFO - [2023-11-15T04:08:23.890+0000] {dag.py:3722} INFO - Setting next_dagrun for example_xcom_args to None, run_after=None
[2023-11-15T04:08:23.895+0000] {logging_mixin.py:151} INFO - [2023-11-15T04:08:23.894+0000] {dag.py:3722} INFO - Setting next_dagrun for example_xcom_args_with_operators to None, run_after=None
[2023-11-15T04:08:23.917+0000] {processor.py:179} INFO - Processing /home/airflow/.local/lib/python3.8/site-packages/airflow/example_dags/example_xcomargs.py took 0.089 seconds
[2023-11-15T04:08:54.124+0000] {processor.py:157} INFO - Started process (PID=1376) to work on /home/airflow/.local/lib/python3.8/site-packages/airflow/example_dags/example_xcomargs.py
[2023-11-15T04:08:54.125+0000] {processor.py:829} INFO - Processing file /home/airflow/.local/lib/python3.8/site-packages/airflow/example_dags/example_xcomargs.py for tasks to queue
[2023-11-15T04:08:54.128+0000] {logging_mixin.py:151} INFO - [2023-11-15T04:08:54.128+0000] {dagbag.py:536} INFO - Filling up the DagBag from /home/airflow/.local/lib/python3.8/site-packages/airflow/example_dags/example_xcomargs.py
[2023-11-15T04:08:54.138+0000] {processor.py:839} INFO - DAG(s) dict_keys(['example_xcom_args', 'example_xcom_args_with_operators']) retrieved from /home/airflow/.local/lib/python3.8/site-packages/airflow/example_dags/example_xcomargs.py
[2023-11-15T04:08:54.173+0000] {logging_mixin.py:151} INFO - [2023-11-15T04:08:54.173+0000] {dag.py:2941} INFO - Sync 2 DAGs
[2023-11-15T04:08:54.193+0000] {logging_mixin.py:151} INFO - [2023-11-15T04:08:54.193+0000] {dag.py:3722} INFO - Setting next_dagrun for example_xcom_args to None, run_after=None
[2023-11-15T04:08:54.198+0000] {logging_mixin.py:151} INFO - [2023-11-15T04:08:54.198+0000] {dag.py:3722} INFO - Setting next_dagrun for example_xcom_args_with_operators to None, run_after=None
[2023-11-15T04:08:54.221+0000] {processor.py:179} INFO - Processing /home/airflow/.local/lib/python3.8/site-packages/airflow/example_dags/example_xcomargs.py took 0.103 seconds
[2023-11-15T04:09:24.486+0000] {processor.py:157} INFO - Started process (PID=1433) to work on /home/airflow/.local/lib/python3.8/site-packages/airflow/example_dags/example_xcomargs.py
[2023-11-15T04:09:24.487+0000] {processor.py:829} INFO - Processing file /home/airflow/.local/lib/python3.8/site-packages/airflow/example_dags/example_xcomargs.py for tasks to queue
[2023-11-15T04:09:24.491+0000] {logging_mixin.py:151} INFO - [2023-11-15T04:09:24.491+0000] {dagbag.py:536} INFO - Filling up the DagBag from /home/airflow/.local/lib/python3.8/site-packages/airflow/example_dags/example_xcomargs.py
[2023-11-15T04:09:24.503+0000] {processor.py:839} INFO - DAG(s) dict_keys(['example_xcom_args_with_operators', 'example_xcom_args']) retrieved from /home/airflow/.local/lib/python3.8/site-packages/airflow/example_dags/example_xcomargs.py
[2023-11-15T04:09:24.532+0000] {logging_mixin.py:151} INFO - [2023-11-15T04:09:24.532+0000] {dag.py:2941} INFO - Sync 2 DAGs
[2023-11-15T04:09:24.548+0000] {logging_mixin.py:151} INFO - [2023-11-15T04:09:24.548+0000] {dag.py:3722} INFO - Setting next_dagrun for example_xcom_args to None, run_after=None
[2023-11-15T04:09:24.553+0000] {logging_mixin.py:151} INFO - [2023-11-15T04:09:24.553+0000] {dag.py:3722} INFO - Setting next_dagrun for example_xcom_args_with_operators to None, run_after=None
[2023-11-15T04:09:24.575+0000] {processor.py:179} INFO - Processing /home/airflow/.local/lib/python3.8/site-packages/airflow/example_dags/example_xcomargs.py took 0.094 seconds
[2023-11-15T04:09:55.101+0000] {processor.py:157} INFO - Started process (PID=1490) to work on /home/airflow/.local/lib/python3.8/site-packages/airflow/example_dags/example_xcomargs.py
[2023-11-15T04:09:55.103+0000] {processor.py:829} INFO - Processing file /home/airflow/.local/lib/python3.8/site-packages/airflow/example_dags/example_xcomargs.py for tasks to queue
[2023-11-15T04:09:55.106+0000] {logging_mixin.py:151} INFO - [2023-11-15T04:09:55.106+0000] {dagbag.py:536} INFO - Filling up the DagBag from /home/airflow/.local/lib/python3.8/site-packages/airflow/example_dags/example_xcomargs.py
[2023-11-15T04:09:55.118+0000] {processor.py:839} INFO - DAG(s) dict_keys(['example_xcom_args', 'example_xcom_args_with_operators']) retrieved from /home/airflow/.local/lib/python3.8/site-packages/airflow/example_dags/example_xcomargs.py
[2023-11-15T04:09:55.154+0000] {logging_mixin.py:151} INFO - [2023-11-15T04:09:55.154+0000] {dag.py:2941} INFO - Sync 2 DAGs
[2023-11-15T04:09:55.173+0000] {logging_mixin.py:151} INFO - [2023-11-15T04:09:55.172+0000] {dag.py:3722} INFO - Setting next_dagrun for example_xcom_args to None, run_after=None
[2023-11-15T04:09:55.178+0000] {logging_mixin.py:151} INFO - [2023-11-15T04:09:55.178+0000] {dag.py:3722} INFO - Setting next_dagrun for example_xcom_args_with_operators to None, run_after=None
[2023-11-15T04:09:55.201+0000] {processor.py:179} INFO - Processing /home/airflow/.local/lib/python3.8/site-packages/airflow/example_dags/example_xcomargs.py took 0.104 seconds
[2023-11-15T04:10:25.879+0000] {processor.py:157} INFO - Started process (PID=1547) to work on /home/airflow/.local/lib/python3.8/site-packages/airflow/example_dags/example_xcomargs.py
[2023-11-15T04:10:25.879+0000] {processor.py:829} INFO - Processing file /home/airflow/.local/lib/python3.8/site-packages/airflow/example_dags/example_xcomargs.py for tasks to queue
[2023-11-15T04:10:25.882+0000] {logging_mixin.py:151} INFO - [2023-11-15T04:10:25.882+0000] {dagbag.py:536} INFO - Filling up the DagBag from /home/airflow/.local/lib/python3.8/site-packages/airflow/example_dags/example_xcomargs.py
[2023-11-15T04:10:25.892+0000] {processor.py:839} INFO - DAG(s) dict_keys(['example_xcom_args', 'example_xcom_args_with_operators']) retrieved from /home/airflow/.local/lib/python3.8/site-packages/airflow/example_dags/example_xcomargs.py
[2023-11-15T04:10:25.923+0000] {logging_mixin.py:151} INFO - [2023-11-15T04:10:25.922+0000] {dag.py:2941} INFO - Sync 2 DAGs
[2023-11-15T04:10:25.940+0000] {logging_mixin.py:151} INFO - [2023-11-15T04:10:25.940+0000] {dag.py:3722} INFO - Setting next_dagrun for example_xcom_args to None, run_after=None
[2023-11-15T04:10:25.944+0000] {logging_mixin.py:151} INFO - [2023-11-15T04:10:25.944+0000] {dag.py:3722} INFO - Setting next_dagrun for example_xcom_args_with_operators to None, run_after=None
[2023-11-15T04:10:25.968+0000] {processor.py:179} INFO - Processing /home/airflow/.local/lib/python3.8/site-packages/airflow/example_dags/example_xcomargs.py took 0.093 seconds
[2023-11-15T04:10:56.310+0000] {processor.py:157} INFO - Started process (PID=1605) to work on /home/airflow/.local/lib/python3.8/site-packages/airflow/example_dags/example_xcomargs.py
[2023-11-15T04:10:56.311+0000] {processor.py:829} INFO - Processing file /home/airflow/.local/lib/python3.8/site-packages/airflow/example_dags/example_xcomargs.py for tasks to queue
[2023-11-15T04:10:56.315+0000] {logging_mixin.py:151} INFO - [2023-11-15T04:10:56.314+0000] {dagbag.py:536} INFO - Filling up the DagBag from /home/airflow/.local/lib/python3.8/site-packages/airflow/example_dags/example_xcomargs.py
[2023-11-15T04:10:56.326+0000] {processor.py:839} INFO - DAG(s) dict_keys(['example_xcom_args_with_operators', 'example_xcom_args']) retrieved from /home/airflow/.local/lib/python3.8/site-packages/airflow/example_dags/example_xcomargs.py
[2023-11-15T04:10:56.359+0000] {logging_mixin.py:151} INFO - [2023-11-15T04:10:56.359+0000] {dag.py:2941} INFO - Sync 2 DAGs
[2023-11-15T04:10:56.379+0000] {logging_mixin.py:151} INFO - [2023-11-15T04:10:56.378+0000] {dag.py:3722} INFO - Setting next_dagrun for example_xcom_args to None, run_after=None
[2023-11-15T04:10:56.384+0000] {logging_mixin.py:151} INFO - [2023-11-15T04:10:56.384+0000] {dag.py:3722} INFO - Setting next_dagrun for example_xcom_args_with_operators to None, run_after=None
[2023-11-15T04:10:56.404+0000] {processor.py:179} INFO - Processing /home/airflow/.local/lib/python3.8/site-packages/airflow/example_dags/example_xcomargs.py took 0.100 seconds
[2023-11-15T04:11:26.795+0000] {processor.py:157} INFO - Started process (PID=1666) to work on /home/airflow/.local/lib/python3.8/site-packages/airflow/example_dags/example_xcomargs.py
[2023-11-15T04:11:26.796+0000] {processor.py:829} INFO - Processing file /home/airflow/.local/lib/python3.8/site-packages/airflow/example_dags/example_xcomargs.py for tasks to queue
[2023-11-15T04:11:26.799+0000] {logging_mixin.py:151} INFO - [2023-11-15T04:11:26.798+0000] {dagbag.py:536} INFO - Filling up the DagBag from /home/airflow/.local/lib/python3.8/site-packages/airflow/example_dags/example_xcomargs.py
[2023-11-15T04:11:26.808+0000] {processor.py:839} INFO - DAG(s) dict_keys(['example_xcom_args_with_operators', 'example_xcom_args']) retrieved from /home/airflow/.local/lib/python3.8/site-packages/airflow/example_dags/example_xcomargs.py
[2023-11-15T04:11:26.839+0000] {logging_mixin.py:151} INFO - [2023-11-15T04:11:26.839+0000] {dag.py:2941} INFO - Sync 2 DAGs
[2023-11-15T04:11:26.857+0000] {logging_mixin.py:151} INFO - [2023-11-15T04:11:26.857+0000] {dag.py:3722} INFO - Setting next_dagrun for example_xcom_args to None, run_after=None
[2023-11-15T04:11:26.862+0000] {logging_mixin.py:151} INFO - [2023-11-15T04:11:26.862+0000] {dag.py:3722} INFO - Setting next_dagrun for example_xcom_args_with_operators to None, run_after=None
[2023-11-15T04:11:26.885+0000] {processor.py:179} INFO - Processing /home/airflow/.local/lib/python3.8/site-packages/airflow/example_dags/example_xcomargs.py took 0.094 seconds
[2023-11-15T04:11:56.961+0000] {processor.py:157} INFO - Started process (PID=1728) to work on /home/airflow/.local/lib/python3.8/site-packages/airflow/example_dags/example_xcomargs.py
[2023-11-15T04:11:56.962+0000] {processor.py:829} INFO - Processing file /home/airflow/.local/lib/python3.8/site-packages/airflow/example_dags/example_xcomargs.py for tasks to queue
[2023-11-15T04:11:56.964+0000] {logging_mixin.py:151} INFO - [2023-11-15T04:11:56.964+0000] {dagbag.py:536} INFO - Filling up the DagBag from /home/airflow/.local/lib/python3.8/site-packages/airflow/example_dags/example_xcomargs.py
[2023-11-15T04:11:56.974+0000] {processor.py:839} INFO - DAG(s) dict_keys(['example_xcom_args', 'example_xcom_args_with_operators']) retrieved from /home/airflow/.local/lib/python3.8/site-packages/airflow/example_dags/example_xcomargs.py
[2023-11-15T04:11:57.004+0000] {logging_mixin.py:151} INFO - [2023-11-15T04:11:57.004+0000] {dag.py:2941} INFO - Sync 2 DAGs
[2023-11-15T04:11:57.022+0000] {logging_mixin.py:151} INFO - [2023-11-15T04:11:57.021+0000] {dag.py:3722} INFO - Setting next_dagrun for example_xcom_args to None, run_after=None
[2023-11-15T04:11:57.027+0000] {logging_mixin.py:151} INFO - [2023-11-15T04:11:57.026+0000] {dag.py:3722} INFO - Setting next_dagrun for example_xcom_args_with_operators to None, run_after=None
[2023-11-15T04:11:57.050+0000] {processor.py:179} INFO - Processing /home/airflow/.local/lib/python3.8/site-packages/airflow/example_dags/example_xcomargs.py took 0.093 seconds
[2023-11-15T04:12:27.729+0000] {processor.py:157} INFO - Started process (PID=1788) to work on /home/airflow/.local/lib/python3.8/site-packages/airflow/example_dags/example_xcomargs.py
[2023-11-15T04:12:27.730+0000] {processor.py:829} INFO - Processing file /home/airflow/.local/lib/python3.8/site-packages/airflow/example_dags/example_xcomargs.py for tasks to queue
[2023-11-15T04:12:27.732+0000] {logging_mixin.py:151} INFO - [2023-11-15T04:12:27.732+0000] {dagbag.py:536} INFO - Filling up the DagBag from /home/airflow/.local/lib/python3.8/site-packages/airflow/example_dags/example_xcomargs.py
[2023-11-15T04:12:27.741+0000] {processor.py:839} INFO - DAG(s) dict_keys(['example_xcom_args', 'example_xcom_args_with_operators']) retrieved from /home/airflow/.local/lib/python3.8/site-packages/airflow/example_dags/example_xcomargs.py
[2023-11-15T04:12:27.771+0000] {logging_mixin.py:151} INFO - [2023-11-15T04:12:27.770+0000] {dag.py:2941} INFO - Sync 2 DAGs
[2023-11-15T04:12:27.786+0000] {logging_mixin.py:151} INFO - [2023-11-15T04:12:27.785+0000] {dag.py:3722} INFO - Setting next_dagrun for example_xcom_args to None, run_after=None
[2023-11-15T04:12:27.789+0000] {logging_mixin.py:151} INFO - [2023-11-15T04:12:27.789+0000] {dag.py:3722} INFO - Setting next_dagrun for example_xcom_args_with_operators to None, run_after=None
[2023-11-15T04:12:27.811+0000] {processor.py:179} INFO - Processing /home/airflow/.local/lib/python3.8/site-packages/airflow/example_dags/example_xcomargs.py took 0.086 seconds
[2023-11-15T04:12:58.159+0000] {processor.py:157} INFO - Started process (PID=1848) to work on /home/airflow/.local/lib/python3.8/site-packages/airflow/example_dags/example_xcomargs.py
[2023-11-15T04:12:58.160+0000] {processor.py:829} INFO - Processing file /home/airflow/.local/lib/python3.8/site-packages/airflow/example_dags/example_xcomargs.py for tasks to queue
[2023-11-15T04:12:58.163+0000] {logging_mixin.py:151} INFO - [2023-11-15T04:12:58.162+0000] {dagbag.py:536} INFO - Filling up the DagBag from /home/airflow/.local/lib/python3.8/site-packages/airflow/example_dags/example_xcomargs.py
[2023-11-15T04:12:58.172+0000] {processor.py:839} INFO - DAG(s) dict_keys(['example_xcom_args', 'example_xcom_args_with_operators']) retrieved from /home/airflow/.local/lib/python3.8/site-packages/airflow/example_dags/example_xcomargs.py
[2023-11-15T04:12:58.201+0000] {logging_mixin.py:151} INFO - [2023-11-15T04:12:58.201+0000] {dag.py:2941} INFO - Sync 2 DAGs
[2023-11-15T04:12:58.217+0000] {logging_mixin.py:151} INFO - [2023-11-15T04:12:58.217+0000] {dag.py:3722} INFO - Setting next_dagrun for example_xcom_args to None, run_after=None
[2023-11-15T04:12:58.221+0000] {logging_mixin.py:151} INFO - [2023-11-15T04:12:58.221+0000] {dag.py:3722} INFO - Setting next_dagrun for example_xcom_args_with_operators to None, run_after=None
[2023-11-15T04:12:58.241+0000] {processor.py:179} INFO - Processing /home/airflow/.local/lib/python3.8/site-packages/airflow/example_dags/example_xcomargs.py took 0.086 seconds
[2023-11-15T04:13:29.099+0000] {processor.py:157} INFO - Started process (PID=1910) to work on /home/airflow/.local/lib/python3.8/site-packages/airflow/example_dags/example_xcomargs.py
[2023-11-15T04:13:29.100+0000] {processor.py:829} INFO - Processing file /home/airflow/.local/lib/python3.8/site-packages/airflow/example_dags/example_xcomargs.py for tasks to queue
[2023-11-15T04:13:29.103+0000] {logging_mixin.py:151} INFO - [2023-11-15T04:13:29.102+0000] {dagbag.py:536} INFO - Filling up the DagBag from /home/airflow/.local/lib/python3.8/site-packages/airflow/example_dags/example_xcomargs.py
[2023-11-15T04:13:29.113+0000] {processor.py:839} INFO - DAG(s) dict_keys(['example_xcom_args', 'example_xcom_args_with_operators']) retrieved from /home/airflow/.local/lib/python3.8/site-packages/airflow/example_dags/example_xcomargs.py
[2023-11-15T04:13:29.143+0000] {logging_mixin.py:151} INFO - [2023-11-15T04:13:29.143+0000] {dag.py:2941} INFO - Sync 2 DAGs
[2023-11-15T04:13:29.160+0000] {logging_mixin.py:151} INFO - [2023-11-15T04:13:29.160+0000] {dag.py:3722} INFO - Setting next_dagrun for example_xcom_args to None, run_after=None
[2023-11-15T04:13:29.166+0000] {logging_mixin.py:151} INFO - [2023-11-15T04:13:29.165+0000] {dag.py:3722} INFO - Setting next_dagrun for example_xcom_args_with_operators to None, run_after=None
[2023-11-15T04:13:29.194+0000] {processor.py:179} INFO - Processing /home/airflow/.local/lib/python3.8/site-packages/airflow/example_dags/example_xcomargs.py took 0.100 seconds
[2023-11-15T04:14:01.039+0000] {processor.py:157} INFO - Started process (PID=1967) to work on /home/airflow/.local/lib/python3.8/site-packages/airflow/example_dags/example_xcomargs.py
[2023-11-15T04:14:01.042+0000] {processor.py:829} INFO - Processing file /home/airflow/.local/lib/python3.8/site-packages/airflow/example_dags/example_xcomargs.py for tasks to queue
[2023-11-15T04:14:01.044+0000] {logging_mixin.py:151} INFO - [2023-11-15T04:14:01.044+0000] {dagbag.py:536} INFO - Filling up the DagBag from /home/airflow/.local/lib/python3.8/site-packages/airflow/example_dags/example_xcomargs.py
[2023-11-15T04:14:01.055+0000] {processor.py:839} INFO - DAG(s) dict_keys(['example_xcom_args', 'example_xcom_args_with_operators']) retrieved from /home/airflow/.local/lib/python3.8/site-packages/airflow/example_dags/example_xcomargs.py
[2023-11-15T04:14:01.090+0000] {logging_mixin.py:151} INFO - [2023-11-15T04:14:01.090+0000] {dag.py:2941} INFO - Sync 2 DAGs
[2023-11-15T04:14:01.291+0000] {logging_mixin.py:151} INFO - [2023-11-15T04:14:01.291+0000] {dag.py:3722} INFO - Setting next_dagrun for example_xcom_args to None, run_after=None
[2023-11-15T04:14:01.296+0000] {logging_mixin.py:151} INFO - [2023-11-15T04:14:01.296+0000] {dag.py:3722} INFO - Setting next_dagrun for example_xcom_args_with_operators to None, run_after=None
[2023-11-15T04:14:01.323+0000] {processor.py:179} INFO - Processing /home/airflow/.local/lib/python3.8/site-packages/airflow/example_dags/example_xcomargs.py took 0.289 seconds
[2023-11-15T04:14:31.536+0000] {processor.py:157} INFO - Started process (PID=2024) to work on /home/airflow/.local/lib/python3.8/site-packages/airflow/example_dags/example_xcomargs.py
[2023-11-15T04:14:31.537+0000] {processor.py:829} INFO - Processing file /home/airflow/.local/lib/python3.8/site-packages/airflow/example_dags/example_xcomargs.py for tasks to queue
[2023-11-15T04:14:31.540+0000] {logging_mixin.py:151} INFO - [2023-11-15T04:14:31.540+0000] {dagbag.py:536} INFO - Filling up the DagBag from /home/airflow/.local/lib/python3.8/site-packages/airflow/example_dags/example_xcomargs.py
[2023-11-15T04:14:31.550+0000] {processor.py:839} INFO - DAG(s) dict_keys(['example_xcom_args', 'example_xcom_args_with_operators']) retrieved from /home/airflow/.local/lib/python3.8/site-packages/airflow/example_dags/example_xcomargs.py
[2023-11-15T04:14:31.579+0000] {logging_mixin.py:151} INFO - [2023-11-15T04:14:31.578+0000] {dag.py:2941} INFO - Sync 2 DAGs
[2023-11-15T04:14:31.595+0000] {logging_mixin.py:151} INFO - [2023-11-15T04:14:31.595+0000] {dag.py:3722} INFO - Setting next_dagrun for example_xcom_args to None, run_after=None
[2023-11-15T04:14:31.599+0000] {logging_mixin.py:151} INFO - [2023-11-15T04:14:31.599+0000] {dag.py:3722} INFO - Setting next_dagrun for example_xcom_args_with_operators to None, run_after=None
[2023-11-15T04:14:31.621+0000] {processor.py:179} INFO - Processing /home/airflow/.local/lib/python3.8/site-packages/airflow/example_dags/example_xcomargs.py took 0.089 seconds
[2023-11-15T04:15:02.023+0000] {processor.py:157} INFO - Started process (PID=2081) to work on /home/airflow/.local/lib/python3.8/site-packages/airflow/example_dags/example_xcomargs.py
[2023-11-15T04:15:02.024+0000] {processor.py:829} INFO - Processing file /home/airflow/.local/lib/python3.8/site-packages/airflow/example_dags/example_xcomargs.py for tasks to queue
[2023-11-15T04:15:02.027+0000] {logging_mixin.py:151} INFO - [2023-11-15T04:15:02.026+0000] {dagbag.py:536} INFO - Filling up the DagBag from /home/airflow/.local/lib/python3.8/site-packages/airflow/example_dags/example_xcomargs.py
[2023-11-15T04:15:02.036+0000] {processor.py:839} INFO - DAG(s) dict_keys(['example_xcom_args_with_operators', 'example_xcom_args']) retrieved from /home/airflow/.local/lib/python3.8/site-packages/airflow/example_dags/example_xcomargs.py
[2023-11-15T04:15:02.066+0000] {logging_mixin.py:151} INFO - [2023-11-15T04:15:02.065+0000] {dag.py:2941} INFO - Sync 2 DAGs
[2023-11-15T04:15:02.081+0000] {logging_mixin.py:151} INFO - [2023-11-15T04:15:02.080+0000] {dag.py:3722} INFO - Setting next_dagrun for example_xcom_args to None, run_after=None
[2023-11-15T04:15:02.085+0000] {logging_mixin.py:151} INFO - [2023-11-15T04:15:02.084+0000] {dag.py:3722} INFO - Setting next_dagrun for example_xcom_args_with_operators to None, run_after=None
[2023-11-15T04:15:02.105+0000] {processor.py:179} INFO - Processing /home/airflow/.local/lib/python3.8/site-packages/airflow/example_dags/example_xcomargs.py took 0.086 seconds
[2023-11-15T04:15:33.205+0000] {processor.py:157} INFO - Started process (PID=2139) to work on /home/airflow/.local/lib/python3.8/site-packages/airflow/example_dags/example_xcomargs.py
[2023-11-15T04:15:33.205+0000] {processor.py:829} INFO - Processing file /home/airflow/.local/lib/python3.8/site-packages/airflow/example_dags/example_xcomargs.py for tasks to queue
[2023-11-15T04:15:33.208+0000] {logging_mixin.py:151} INFO - [2023-11-15T04:15:33.208+0000] {dagbag.py:536} INFO - Filling up the DagBag from /home/airflow/.local/lib/python3.8/site-packages/airflow/example_dags/example_xcomargs.py
[2023-11-15T04:15:33.217+0000] {processor.py:839} INFO - DAG(s) dict_keys(['example_xcom_args', 'example_xcom_args_with_operators']) retrieved from /home/airflow/.local/lib/python3.8/site-packages/airflow/example_dags/example_xcomargs.py
[2023-11-15T04:15:33.407+0000] {logging_mixin.py:151} INFO - [2023-11-15T04:15:33.407+0000] {dag.py:2941} INFO - Sync 2 DAGs
[2023-11-15T04:15:33.421+0000] {logging_mixin.py:151} INFO - [2023-11-15T04:15:33.421+0000] {dag.py:3722} INFO - Setting next_dagrun for example_xcom_args to None, run_after=None
[2023-11-15T04:15:33.425+0000] {logging_mixin.py:151} INFO - [2023-11-15T04:15:33.425+0000] {dag.py:3722} INFO - Setting next_dagrun for example_xcom_args_with_operators to None, run_after=None
[2023-11-15T04:15:33.448+0000] {processor.py:179} INFO - Processing /home/airflow/.local/lib/python3.8/site-packages/airflow/example_dags/example_xcomargs.py took 0.247 seconds
[2023-11-15T04:16:03.546+0000] {processor.py:157} INFO - Started process (PID=2199) to work on /home/airflow/.local/lib/python3.8/site-packages/airflow/example_dags/example_xcomargs.py
[2023-11-15T04:16:03.548+0000] {processor.py:829} INFO - Processing file /home/airflow/.local/lib/python3.8/site-packages/airflow/example_dags/example_xcomargs.py for tasks to queue
[2023-11-15T04:16:03.550+0000] {logging_mixin.py:151} INFO - [2023-11-15T04:16:03.550+0000] {dagbag.py:536} INFO - Filling up the DagBag from /home/airflow/.local/lib/python3.8/site-packages/airflow/example_dags/example_xcomargs.py
[2023-11-15T04:16:03.560+0000] {processor.py:839} INFO - DAG(s) dict_keys(['example_xcom_args', 'example_xcom_args_with_operators']) retrieved from /home/airflow/.local/lib/python3.8/site-packages/airflow/example_dags/example_xcomargs.py
[2023-11-15T04:16:03.593+0000] {logging_mixin.py:151} INFO - [2023-11-15T04:16:03.592+0000] {dag.py:2941} INFO - Sync 2 DAGs
[2023-11-15T04:16:03.781+0000] {logging_mixin.py:151} INFO - [2023-11-15T04:16:03.780+0000] {dag.py:3722} INFO - Setting next_dagrun for example_xcom_args to None, run_after=None
[2023-11-15T04:16:03.786+0000] {logging_mixin.py:151} INFO - [2023-11-15T04:16:03.785+0000] {dag.py:3722} INFO - Setting next_dagrun for example_xcom_args_with_operators to None, run_after=None
[2023-11-15T04:16:03.812+0000] {processor.py:179} INFO - Processing /home/airflow/.local/lib/python3.8/site-packages/airflow/example_dags/example_xcomargs.py took 0.269 seconds
[2023-11-15T04:16:33.898+0000] {processor.py:157} INFO - Started process (PID=2257) to work on /home/airflow/.local/lib/python3.8/site-packages/airflow/example_dags/example_xcomargs.py
[2023-11-15T04:16:33.899+0000] {processor.py:829} INFO - Processing file /home/airflow/.local/lib/python3.8/site-packages/airflow/example_dags/example_xcomargs.py for tasks to queue
[2023-11-15T04:16:33.901+0000] {logging_mixin.py:151} INFO - [2023-11-15T04:16:33.901+0000] {dagbag.py:536} INFO - Filling up the DagBag from /home/airflow/.local/lib/python3.8/site-packages/airflow/example_dags/example_xcomargs.py
[2023-11-15T04:16:33.912+0000] {processor.py:839} INFO - DAG(s) dict_keys(['example_xcom_args', 'example_xcom_args_with_operators']) retrieved from /home/airflow/.local/lib/python3.8/site-packages/airflow/example_dags/example_xcomargs.py
[2023-11-15T04:16:33.943+0000] {logging_mixin.py:151} INFO - [2023-11-15T04:16:33.942+0000] {dag.py:2941} INFO - Sync 2 DAGs
[2023-11-15T04:16:33.959+0000] {logging_mixin.py:151} INFO - [2023-11-15T04:16:33.959+0000] {dag.py:3722} INFO - Setting next_dagrun for example_xcom_args to None, run_after=None
[2023-11-15T04:16:33.965+0000] {logging_mixin.py:151} INFO - [2023-11-15T04:16:33.964+0000] {dag.py:3722} INFO - Setting next_dagrun for example_xcom_args_with_operators to None, run_after=None
[2023-11-15T04:16:33.988+0000] {processor.py:179} INFO - Processing /home/airflow/.local/lib/python3.8/site-packages/airflow/example_dags/example_xcomargs.py took 0.094 seconds
[2023-11-15T04:17:04.250+0000] {processor.py:157} INFO - Started process (PID=2314) to work on /home/airflow/.local/lib/python3.8/site-packages/airflow/example_dags/example_xcomargs.py
[2023-11-15T04:17:04.252+0000] {processor.py:829} INFO - Processing file /home/airflow/.local/lib/python3.8/site-packages/airflow/example_dags/example_xcomargs.py for tasks to queue
[2023-11-15T04:17:04.256+0000] {logging_mixin.py:151} INFO - [2023-11-15T04:17:04.256+0000] {dagbag.py:536} INFO - Filling up the DagBag from /home/airflow/.local/lib/python3.8/site-packages/airflow/example_dags/example_xcomargs.py
[2023-11-15T04:17:04.266+0000] {processor.py:839} INFO - DAG(s) dict_keys(['example_xcom_args', 'example_xcom_args_with_operators']) retrieved from /home/airflow/.local/lib/python3.8/site-packages/airflow/example_dags/example_xcomargs.py
[2023-11-15T04:17:04.295+0000] {logging_mixin.py:151} INFO - [2023-11-15T04:17:04.295+0000] {dag.py:2941} INFO - Sync 2 DAGs
[2023-11-15T04:17:04.312+0000] {logging_mixin.py:151} INFO - [2023-11-15T04:17:04.311+0000] {dag.py:3722} INFO - Setting next_dagrun for example_xcom_args to None, run_after=None
[2023-11-15T04:17:04.316+0000] {logging_mixin.py:151} INFO - [2023-11-15T04:17:04.316+0000] {dag.py:3722} INFO - Setting next_dagrun for example_xcom_args_with_operators to None, run_after=None
[2023-11-15T04:17:04.340+0000] {processor.py:179} INFO - Processing /home/airflow/.local/lib/python3.8/site-packages/airflow/example_dags/example_xcomargs.py took 0.094 seconds
[2023-11-15T04:17:34.775+0000] {processor.py:157} INFO - Started process (PID=2372) to work on /home/airflow/.local/lib/python3.8/site-packages/airflow/example_dags/example_xcomargs.py
[2023-11-15T04:17:34.776+0000] {processor.py:829} INFO - Processing file /home/airflow/.local/lib/python3.8/site-packages/airflow/example_dags/example_xcomargs.py for tasks to queue
[2023-11-15T04:17:34.779+0000] {logging_mixin.py:151} INFO - [2023-11-15T04:17:34.779+0000] {dagbag.py:536} INFO - Filling up the DagBag from /home/airflow/.local/lib/python3.8/site-packages/airflow/example_dags/example_xcomargs.py
[2023-11-15T04:17:34.788+0000] {processor.py:839} INFO - DAG(s) dict_keys(['example_xcom_args', 'example_xcom_args_with_operators']) retrieved from /home/airflow/.local/lib/python3.8/site-packages/airflow/example_dags/example_xcomargs.py
[2023-11-15T04:17:34.818+0000] {logging_mixin.py:151} INFO - [2023-11-15T04:17:34.817+0000] {dag.py:2941} INFO - Sync 2 DAGs
[2023-11-15T04:17:34.835+0000] {logging_mixin.py:151} INFO - [2023-11-15T04:17:34.834+0000] {dag.py:3722} INFO - Setting next_dagrun for example_xcom_args to None, run_after=None
[2023-11-15T04:17:34.839+0000] {logging_mixin.py:151} INFO - [2023-11-15T04:17:34.838+0000] {dag.py:3722} INFO - Setting next_dagrun for example_xcom_args_with_operators to None, run_after=None
[2023-11-15T04:17:34.860+0000] {processor.py:179} INFO - Processing /home/airflow/.local/lib/python3.8/site-packages/airflow/example_dags/example_xcomargs.py took 0.090 seconds
[2023-11-15T04:18:05.336+0000] {processor.py:157} INFO - Started process (PID=2429) to work on /home/airflow/.local/lib/python3.8/site-packages/airflow/example_dags/example_xcomargs.py
[2023-11-15T04:18:05.338+0000] {processor.py:829} INFO - Processing file /home/airflow/.local/lib/python3.8/site-packages/airflow/example_dags/example_xcomargs.py for tasks to queue
[2023-11-15T04:18:05.341+0000] {logging_mixin.py:151} INFO - [2023-11-15T04:18:05.341+0000] {dagbag.py:536} INFO - Filling up the DagBag from /home/airflow/.local/lib/python3.8/site-packages/airflow/example_dags/example_xcomargs.py
[2023-11-15T04:18:05.350+0000] {processor.py:839} INFO - DAG(s) dict_keys(['example_xcom_args', 'example_xcom_args_with_operators']) retrieved from /home/airflow/.local/lib/python3.8/site-packages/airflow/example_dags/example_xcomargs.py
[2023-11-15T04:18:05.379+0000] {logging_mixin.py:151} INFO - [2023-11-15T04:18:05.378+0000] {dag.py:2941} INFO - Sync 2 DAGs
[2023-11-15T04:18:05.395+0000] {logging_mixin.py:151} INFO - [2023-11-15T04:18:05.395+0000] {dag.py:3722} INFO - Setting next_dagrun for example_xcom_args to None, run_after=None
[2023-11-15T04:18:05.399+0000] {logging_mixin.py:151} INFO - [2023-11-15T04:18:05.399+0000] {dag.py:3722} INFO - Setting next_dagrun for example_xcom_args_with_operators to None, run_after=None
[2023-11-15T04:18:05.420+0000] {processor.py:179} INFO - Processing /home/airflow/.local/lib/python3.8/site-packages/airflow/example_dags/example_xcomargs.py took 0.087 seconds
[2023-11-15T04:18:35.672+0000] {processor.py:157} INFO - Started process (PID=2486) to work on /home/airflow/.local/lib/python3.8/site-packages/airflow/example_dags/example_xcomargs.py
[2023-11-15T04:18:35.673+0000] {processor.py:829} INFO - Processing file /home/airflow/.local/lib/python3.8/site-packages/airflow/example_dags/example_xcomargs.py for tasks to queue
[2023-11-15T04:18:35.676+0000] {logging_mixin.py:151} INFO - [2023-11-15T04:18:35.675+0000] {dagbag.py:536} INFO - Filling up the DagBag from /home/airflow/.local/lib/python3.8/site-packages/airflow/example_dags/example_xcomargs.py
[2023-11-15T04:18:35.685+0000] {processor.py:839} INFO - DAG(s) dict_keys(['example_xcom_args_with_operators', 'example_xcom_args']) retrieved from /home/airflow/.local/lib/python3.8/site-packages/airflow/example_dags/example_xcomargs.py
[2023-11-15T04:18:35.719+0000] {logging_mixin.py:151} INFO - [2023-11-15T04:18:35.719+0000] {dag.py:2941} INFO - Sync 2 DAGs
[2023-11-15T04:18:35.739+0000] {logging_mixin.py:151} INFO - [2023-11-15T04:18:35.738+0000] {dag.py:3722} INFO - Setting next_dagrun for example_xcom_args to None, run_after=None
[2023-11-15T04:18:35.744+0000] {logging_mixin.py:151} INFO - [2023-11-15T04:18:35.743+0000] {dag.py:3722} INFO - Setting next_dagrun for example_xcom_args_with_operators to None, run_after=None
[2023-11-15T04:18:35.767+0000] {processor.py:179} INFO - Processing /home/airflow/.local/lib/python3.8/site-packages/airflow/example_dags/example_xcomargs.py took 0.099 seconds
[2023-11-15T04:19:06.338+0000] {processor.py:157} INFO - Started process (PID=2545) to work on /home/airflow/.local/lib/python3.8/site-packages/airflow/example_dags/example_xcomargs.py
[2023-11-15T04:19:06.339+0000] {processor.py:829} INFO - Processing file /home/airflow/.local/lib/python3.8/site-packages/airflow/example_dags/example_xcomargs.py for tasks to queue
[2023-11-15T04:19:06.343+0000] {logging_mixin.py:151} INFO - [2023-11-15T04:19:06.342+0000] {dagbag.py:536} INFO - Filling up the DagBag from /home/airflow/.local/lib/python3.8/site-packages/airflow/example_dags/example_xcomargs.py
[2023-11-15T04:19:06.352+0000] {processor.py:839} INFO - DAG(s) dict_keys(['example_xcom_args_with_operators', 'example_xcom_args']) retrieved from /home/airflow/.local/lib/python3.8/site-packages/airflow/example_dags/example_xcomargs.py
[2023-11-15T04:19:06.384+0000] {logging_mixin.py:151} INFO - [2023-11-15T04:19:06.384+0000] {dag.py:2941} INFO - Sync 2 DAGs
[2023-11-15T04:19:06.400+0000] {logging_mixin.py:151} INFO - [2023-11-15T04:19:06.400+0000] {dag.py:3722} INFO - Setting next_dagrun for example_xcom_args to None, run_after=None
[2023-11-15T04:19:06.405+0000] {logging_mixin.py:151} INFO - [2023-11-15T04:19:06.404+0000] {dag.py:3722} INFO - Setting next_dagrun for example_xcom_args_with_operators to None, run_after=None
[2023-11-15T04:19:06.426+0000] {processor.py:179} INFO - Processing /home/airflow/.local/lib/python3.8/site-packages/airflow/example_dags/example_xcomargs.py took 0.092 seconds
[2023-11-15T04:19:36.621+0000] {processor.py:157} INFO - Started process (PID=2605) to work on /home/airflow/.local/lib/python3.8/site-packages/airflow/example_dags/example_xcomargs.py
[2023-11-15T04:19:36.622+0000] {processor.py:829} INFO - Processing file /home/airflow/.local/lib/python3.8/site-packages/airflow/example_dags/example_xcomargs.py for tasks to queue
[2023-11-15T04:19:36.625+0000] {logging_mixin.py:151} INFO - [2023-11-15T04:19:36.625+0000] {dagbag.py:536} INFO - Filling up the DagBag from /home/airflow/.local/lib/python3.8/site-packages/airflow/example_dags/example_xcomargs.py
[2023-11-15T04:19:36.634+0000] {processor.py:839} INFO - DAG(s) dict_keys(['example_xcom_args_with_operators', 'example_xcom_args']) retrieved from /home/airflow/.local/lib/python3.8/site-packages/airflow/example_dags/example_xcomargs.py
[2023-11-15T04:19:36.664+0000] {logging_mixin.py:151} INFO - [2023-11-15T04:19:36.664+0000] {dag.py:2941} INFO - Sync 2 DAGs
[2023-11-15T04:19:36.681+0000] {logging_mixin.py:151} INFO - [2023-11-15T04:19:36.681+0000] {dag.py:3722} INFO - Setting next_dagrun for example_xcom_args to None, run_after=None
[2023-11-15T04:19:36.685+0000] {logging_mixin.py:151} INFO - [2023-11-15T04:19:36.685+0000] {dag.py:3722} INFO - Setting next_dagrun for example_xcom_args_with_operators to None, run_after=None
[2023-11-15T04:19:36.707+0000] {processor.py:179} INFO - Processing /home/airflow/.local/lib/python3.8/site-packages/airflow/example_dags/example_xcomargs.py took 0.090 seconds
[2023-11-15T04:20:07.066+0000] {processor.py:157} INFO - Started process (PID=2665) to work on /home/airflow/.local/lib/python3.8/site-packages/airflow/example_dags/example_xcomargs.py
[2023-11-15T04:20:07.068+0000] {processor.py:829} INFO - Processing file /home/airflow/.local/lib/python3.8/site-packages/airflow/example_dags/example_xcomargs.py for tasks to queue
[2023-11-15T04:20:07.071+0000] {logging_mixin.py:151} INFO - [2023-11-15T04:20:07.071+0000] {dagbag.py:536} INFO - Filling up the DagBag from /home/airflow/.local/lib/python3.8/site-packages/airflow/example_dags/example_xcomargs.py
[2023-11-15T04:20:07.081+0000] {processor.py:839} INFO - DAG(s) dict_keys(['example_xcom_args', 'example_xcom_args_with_operators']) retrieved from /home/airflow/.local/lib/python3.8/site-packages/airflow/example_dags/example_xcomargs.py
[2023-11-15T04:20:07.113+0000] {logging_mixin.py:151} INFO - [2023-11-15T04:20:07.113+0000] {dag.py:2941} INFO - Sync 2 DAGs
[2023-11-15T04:20:07.132+0000] {logging_mixin.py:151} INFO - [2023-11-15T04:20:07.131+0000] {dag.py:3722} INFO - Setting next_dagrun for example_xcom_args to None, run_after=None
[2023-11-15T04:20:07.137+0000] {logging_mixin.py:151} INFO - [2023-11-15T04:20:07.137+0000] {dag.py:3722} INFO - Setting next_dagrun for example_xcom_args_with_operators to None, run_after=None
[2023-11-15T04:20:07.162+0000] {processor.py:179} INFO - Processing /home/airflow/.local/lib/python3.8/site-packages/airflow/example_dags/example_xcomargs.py took 0.101 seconds
[2023-11-15T04:20:37.794+0000] {processor.py:157} INFO - Started process (PID=2725) to work on /home/airflow/.local/lib/python3.8/site-packages/airflow/example_dags/example_xcomargs.py
[2023-11-15T04:20:37.795+0000] {processor.py:829} INFO - Processing file /home/airflow/.local/lib/python3.8/site-packages/airflow/example_dags/example_xcomargs.py for tasks to queue
[2023-11-15T04:20:37.799+0000] {logging_mixin.py:151} INFO - [2023-11-15T04:20:37.798+0000] {dagbag.py:536} INFO - Filling up the DagBag from /home/airflow/.local/lib/python3.8/site-packages/airflow/example_dags/example_xcomargs.py
[2023-11-15T04:20:37.809+0000] {processor.py:839} INFO - DAG(s) dict_keys(['example_xcom_args_with_operators', 'example_xcom_args']) retrieved from /home/airflow/.local/lib/python3.8/site-packages/airflow/example_dags/example_xcomargs.py
[2023-11-15T04:20:37.842+0000] {logging_mixin.py:151} INFO - [2023-11-15T04:20:37.841+0000] {dag.py:2941} INFO - Sync 2 DAGs
[2023-11-15T04:20:37.863+0000] {logging_mixin.py:151} INFO - [2023-11-15T04:20:37.862+0000] {dag.py:3722} INFO - Setting next_dagrun for example_xcom_args to None, run_after=None
[2023-11-15T04:20:37.867+0000] {logging_mixin.py:151} INFO - [2023-11-15T04:20:37.867+0000] {dag.py:3722} INFO - Setting next_dagrun for example_xcom_args_with_operators to None, run_after=None
[2023-11-15T04:20:37.897+0000] {processor.py:179} INFO - Processing /home/airflow/.local/lib/python3.8/site-packages/airflow/example_dags/example_xcomargs.py took 0.108 seconds
[2023-11-15T04:21:08.205+0000] {processor.py:157} INFO - Started process (PID=2789) to work on /home/airflow/.local/lib/python3.8/site-packages/airflow/example_dags/example_xcomargs.py
[2023-11-15T04:21:08.206+0000] {processor.py:829} INFO - Processing file /home/airflow/.local/lib/python3.8/site-packages/airflow/example_dags/example_xcomargs.py for tasks to queue
[2023-11-15T04:21:08.210+0000] {logging_mixin.py:151} INFO - [2023-11-15T04:21:08.209+0000] {dagbag.py:536} INFO - Filling up the DagBag from /home/airflow/.local/lib/python3.8/site-packages/airflow/example_dags/example_xcomargs.py
[2023-11-15T04:21:08.219+0000] {processor.py:839} INFO - DAG(s) dict_keys(['example_xcom_args', 'example_xcom_args_with_operators']) retrieved from /home/airflow/.local/lib/python3.8/site-packages/airflow/example_dags/example_xcomargs.py
[2023-11-15T04:21:08.248+0000] {logging_mixin.py:151} INFO - [2023-11-15T04:21:08.248+0000] {dag.py:2941} INFO - Sync 2 DAGs
[2023-11-15T04:21:08.264+0000] {logging_mixin.py:151} INFO - [2023-11-15T04:21:08.264+0000] {dag.py:3722} INFO - Setting next_dagrun for example_xcom_args to None, run_after=None
[2023-11-15T04:21:08.268+0000] {logging_mixin.py:151} INFO - [2023-11-15T04:21:08.268+0000] {dag.py:3722} INFO - Setting next_dagrun for example_xcom_args_with_operators to None, run_after=None
[2023-11-15T04:21:08.289+0000] {processor.py:179} INFO - Processing /home/airflow/.local/lib/python3.8/site-packages/airflow/example_dags/example_xcomargs.py took 0.088 seconds
[2023-11-15T04:21:38.748+0000] {processor.py:157} INFO - Started process (PID=2849) to work on /home/airflow/.local/lib/python3.8/site-packages/airflow/example_dags/example_xcomargs.py
[2023-11-15T04:21:38.749+0000] {processor.py:829} INFO - Processing file /home/airflow/.local/lib/python3.8/site-packages/airflow/example_dags/example_xcomargs.py for tasks to queue
[2023-11-15T04:21:38.753+0000] {logging_mixin.py:151} INFO - [2023-11-15T04:21:38.752+0000] {dagbag.py:536} INFO - Filling up the DagBag from /home/airflow/.local/lib/python3.8/site-packages/airflow/example_dags/example_xcomargs.py
[2023-11-15T04:21:38.763+0000] {processor.py:839} INFO - DAG(s) dict_keys(['example_xcom_args_with_operators', 'example_xcom_args']) retrieved from /home/airflow/.local/lib/python3.8/site-packages/airflow/example_dags/example_xcomargs.py
[2023-11-15T04:21:38.791+0000] {logging_mixin.py:151} INFO - [2023-11-15T04:21:38.790+0000] {dag.py:2941} INFO - Sync 2 DAGs
[2023-11-15T04:21:38.806+0000] {logging_mixin.py:151} INFO - [2023-11-15T04:21:38.806+0000] {dag.py:3722} INFO - Setting next_dagrun for example_xcom_args to None, run_after=None
[2023-11-15T04:21:38.810+0000] {logging_mixin.py:151} INFO - [2023-11-15T04:21:38.810+0000] {dag.py:3722} INFO - Setting next_dagrun for example_xcom_args_with_operators to None, run_after=None
[2023-11-15T04:21:38.830+0000] {processor.py:179} INFO - Processing /home/airflow/.local/lib/python3.8/site-packages/airflow/example_dags/example_xcomargs.py took 0.088 seconds
[2023-11-15T04:22:09.368+0000] {processor.py:157} INFO - Started process (PID=2910) to work on /home/airflow/.local/lib/python3.8/site-packages/airflow/example_dags/example_xcomargs.py
[2023-11-15T04:22:09.370+0000] {processor.py:829} INFO - Processing file /home/airflow/.local/lib/python3.8/site-packages/airflow/example_dags/example_xcomargs.py for tasks to queue
[2023-11-15T04:22:09.375+0000] {logging_mixin.py:151} INFO - [2023-11-15T04:22:09.374+0000] {dagbag.py:536} INFO - Filling up the DagBag from /home/airflow/.local/lib/python3.8/site-packages/airflow/example_dags/example_xcomargs.py
[2023-11-15T04:22:09.390+0000] {processor.py:839} INFO - DAG(s) dict_keys(['example_xcom_args', 'example_xcom_args_with_operators']) retrieved from /home/airflow/.local/lib/python3.8/site-packages/airflow/example_dags/example_xcomargs.py
[2023-11-15T04:22:09.431+0000] {logging_mixin.py:151} INFO - [2023-11-15T04:22:09.430+0000] {dag.py:2941} INFO - Sync 2 DAGs
[2023-11-15T04:22:09.452+0000] {logging_mixin.py:151} INFO - [2023-11-15T04:22:09.452+0000] {dag.py:3722} INFO - Setting next_dagrun for example_xcom_args to None, run_after=None
[2023-11-15T04:22:09.459+0000] {logging_mixin.py:151} INFO - [2023-11-15T04:22:09.458+0000] {dag.py:3722} INFO - Setting next_dagrun for example_xcom_args_with_operators to None, run_after=None
[2023-11-15T04:22:09.488+0000] {processor.py:179} INFO - Processing /home/airflow/.local/lib/python3.8/site-packages/airflow/example_dags/example_xcomargs.py took 0.124 seconds
[2023-11-15T04:22:40.451+0000] {processor.py:157} INFO - Started process (PID=2970) to work on /home/airflow/.local/lib/python3.8/site-packages/airflow/example_dags/example_xcomargs.py
[2023-11-15T04:22:40.453+0000] {processor.py:829} INFO - Processing file /home/airflow/.local/lib/python3.8/site-packages/airflow/example_dags/example_xcomargs.py for tasks to queue
[2023-11-15T04:22:40.456+0000] {logging_mixin.py:151} INFO - [2023-11-15T04:22:40.456+0000] {dagbag.py:536} INFO - Filling up the DagBag from /home/airflow/.local/lib/python3.8/site-packages/airflow/example_dags/example_xcomargs.py
[2023-11-15T04:22:40.468+0000] {processor.py:839} INFO - DAG(s) dict_keys(['example_xcom_args_with_operators', 'example_xcom_args']) retrieved from /home/airflow/.local/lib/python3.8/site-packages/airflow/example_dags/example_xcomargs.py
[2023-11-15T04:22:40.501+0000] {logging_mixin.py:151} INFO - [2023-11-15T04:22:40.501+0000] {dag.py:2941} INFO - Sync 2 DAGs
[2023-11-15T04:22:40.517+0000] {logging_mixin.py:151} INFO - [2023-11-15T04:22:40.517+0000] {dag.py:3722} INFO - Setting next_dagrun for example_xcom_args to None, run_after=None
[2023-11-15T04:22:40.521+0000] {logging_mixin.py:151} INFO - [2023-11-15T04:22:40.521+0000] {dag.py:3722} INFO - Setting next_dagrun for example_xcom_args_with_operators to None, run_after=None
[2023-11-15T04:22:40.548+0000] {processor.py:179} INFO - Processing /home/airflow/.local/lib/python3.8/site-packages/airflow/example_dags/example_xcomargs.py took 0.105 seconds
[2023-11-15T04:23:11.046+0000] {processor.py:157} INFO - Started process (PID=3031) to work on /home/airflow/.local/lib/python3.8/site-packages/airflow/example_dags/example_xcomargs.py
[2023-11-15T04:23:11.047+0000] {processor.py:829} INFO - Processing file /home/airflow/.local/lib/python3.8/site-packages/airflow/example_dags/example_xcomargs.py for tasks to queue
[2023-11-15T04:23:11.051+0000] {logging_mixin.py:151} INFO - [2023-11-15T04:23:11.051+0000] {dagbag.py:536} INFO - Filling up the DagBag from /home/airflow/.local/lib/python3.8/site-packages/airflow/example_dags/example_xcomargs.py
[2023-11-15T04:23:11.062+0000] {processor.py:839} INFO - DAG(s) dict_keys(['example_xcom_args_with_operators', 'example_xcom_args']) retrieved from /home/airflow/.local/lib/python3.8/site-packages/airflow/example_dags/example_xcomargs.py
[2023-11-15T04:23:11.094+0000] {logging_mixin.py:151} INFO - [2023-11-15T04:23:11.093+0000] {dag.py:2941} INFO - Sync 2 DAGs
[2023-11-15T04:23:11.111+0000] {logging_mixin.py:151} INFO - [2023-11-15T04:23:11.111+0000] {dag.py:3722} INFO - Setting next_dagrun for example_xcom_args to None, run_after=None
[2023-11-15T04:23:11.116+0000] {logging_mixin.py:151} INFO - [2023-11-15T04:23:11.116+0000] {dag.py:3722} INFO - Setting next_dagrun for example_xcom_args_with_operators to None, run_after=None
[2023-11-15T04:23:11.146+0000] {processor.py:179} INFO - Processing /home/airflow/.local/lib/python3.8/site-packages/airflow/example_dags/example_xcomargs.py took 0.104 seconds
[2023-11-15T04:23:41.608+0000] {processor.py:157} INFO - Started process (PID=3089) to work on /home/airflow/.local/lib/python3.8/site-packages/airflow/example_dags/example_xcomargs.py
[2023-11-15T04:23:41.609+0000] {processor.py:829} INFO - Processing file /home/airflow/.local/lib/python3.8/site-packages/airflow/example_dags/example_xcomargs.py for tasks to queue
[2023-11-15T04:23:41.613+0000] {logging_mixin.py:151} INFO - [2023-11-15T04:23:41.613+0000] {dagbag.py:536} INFO - Filling up the DagBag from /home/airflow/.local/lib/python3.8/site-packages/airflow/example_dags/example_xcomargs.py
[2023-11-15T04:23:41.626+0000] {processor.py:839} INFO - DAG(s) dict_keys(['example_xcom_args_with_operators', 'example_xcom_args']) retrieved from /home/airflow/.local/lib/python3.8/site-packages/airflow/example_dags/example_xcomargs.py
[2023-11-15T04:23:41.664+0000] {logging_mixin.py:151} INFO - [2023-11-15T04:23:41.663+0000] {dag.py:2941} INFO - Sync 2 DAGs
[2023-11-15T04:23:41.691+0000] {logging_mixin.py:151} INFO - [2023-11-15T04:23:41.690+0000] {dag.py:3722} INFO - Setting next_dagrun for example_xcom_args to None, run_after=None
[2023-11-15T04:23:41.697+0000] {logging_mixin.py:151} INFO - [2023-11-15T04:23:41.697+0000] {dag.py:3722} INFO - Setting next_dagrun for example_xcom_args_with_operators to None, run_after=None
[2023-11-15T04:23:41.732+0000] {processor.py:179} INFO - Processing /home/airflow/.local/lib/python3.8/site-packages/airflow/example_dags/example_xcomargs.py took 0.132 seconds
[2023-11-15T04:24:12.017+0000] {processor.py:157} INFO - Started process (PID=3147) to work on /home/airflow/.local/lib/python3.8/site-packages/airflow/example_dags/example_xcomargs.py
[2023-11-15T04:24:12.018+0000] {processor.py:829} INFO - Processing file /home/airflow/.local/lib/python3.8/site-packages/airflow/example_dags/example_xcomargs.py for tasks to queue
[2023-11-15T04:24:12.021+0000] {logging_mixin.py:151} INFO - [2023-11-15T04:24:12.021+0000] {dagbag.py:536} INFO - Filling up the DagBag from /home/airflow/.local/lib/python3.8/site-packages/airflow/example_dags/example_xcomargs.py
[2023-11-15T04:24:12.032+0000] {processor.py:839} INFO - DAG(s) dict_keys(['example_xcom_args', 'example_xcom_args_with_operators']) retrieved from /home/airflow/.local/lib/python3.8/site-packages/airflow/example_dags/example_xcomargs.py
[2023-11-15T04:24:12.063+0000] {logging_mixin.py:151} INFO - [2023-11-15T04:24:12.062+0000] {dag.py:2941} INFO - Sync 2 DAGs
[2023-11-15T04:24:12.080+0000] {logging_mixin.py:151} INFO - [2023-11-15T04:24:12.080+0000] {dag.py:3722} INFO - Setting next_dagrun for example_xcom_args to None, run_after=None
[2023-11-15T04:24:12.084+0000] {logging_mixin.py:151} INFO - [2023-11-15T04:24:12.084+0000] {dag.py:3722} INFO - Setting next_dagrun for example_xcom_args_with_operators to None, run_after=None
[2023-11-15T04:24:12.110+0000] {processor.py:179} INFO - Processing /home/airflow/.local/lib/python3.8/site-packages/airflow/example_dags/example_xcomargs.py took 0.097 seconds
[2023-11-15T04:24:42.651+0000] {processor.py:157} INFO - Started process (PID=3205) to work on /home/airflow/.local/lib/python3.8/site-packages/airflow/example_dags/example_xcomargs.py
[2023-11-15T04:24:42.652+0000] {processor.py:829} INFO - Processing file /home/airflow/.local/lib/python3.8/site-packages/airflow/example_dags/example_xcomargs.py for tasks to queue
[2023-11-15T04:24:42.668+0000] {logging_mixin.py:151} INFO - [2023-11-15T04:24:42.667+0000] {dagbag.py:536} INFO - Filling up the DagBag from /home/airflow/.local/lib/python3.8/site-packages/airflow/example_dags/example_xcomargs.py
[2023-11-15T04:24:42.689+0000] {processor.py:839} INFO - DAG(s) dict_keys(['example_xcom_args', 'example_xcom_args_with_operators']) retrieved from /home/airflow/.local/lib/python3.8/site-packages/airflow/example_dags/example_xcomargs.py
[2023-11-15T04:24:42.745+0000] {logging_mixin.py:151} INFO - [2023-11-15T04:24:42.745+0000] {dag.py:2941} INFO - Sync 2 DAGs
[2023-11-15T04:24:42.763+0000] {logging_mixin.py:151} INFO - [2023-11-15T04:24:42.763+0000] {dag.py:3722} INFO - Setting next_dagrun for example_xcom_args to None, run_after=None
[2023-11-15T04:24:42.769+0000] {logging_mixin.py:151} INFO - [2023-11-15T04:24:42.769+0000] {dag.py:3722} INFO - Setting next_dagrun for example_xcom_args_with_operators to None, run_after=None
[2023-11-15T04:24:42.793+0000] {processor.py:179} INFO - Processing /home/airflow/.local/lib/python3.8/site-packages/airflow/example_dags/example_xcomargs.py took 0.158 seconds
[2023-11-15T04:25:12.816+0000] {processor.py:157} INFO - Started process (PID=3262) to work on /home/airflow/.local/lib/python3.8/site-packages/airflow/example_dags/example_xcomargs.py
[2023-11-15T04:25:12.817+0000] {processor.py:829} INFO - Processing file /home/airflow/.local/lib/python3.8/site-packages/airflow/example_dags/example_xcomargs.py for tasks to queue
[2023-11-15T04:25:12.820+0000] {logging_mixin.py:151} INFO - [2023-11-15T04:25:12.819+0000] {dagbag.py:536} INFO - Filling up the DagBag from /home/airflow/.local/lib/python3.8/site-packages/airflow/example_dags/example_xcomargs.py
[2023-11-15T04:25:12.829+0000] {processor.py:839} INFO - DAG(s) dict_keys(['example_xcom_args_with_operators', 'example_xcom_args']) retrieved from /home/airflow/.local/lib/python3.8/site-packages/airflow/example_dags/example_xcomargs.py
[2023-11-15T04:25:12.857+0000] {logging_mixin.py:151} INFO - [2023-11-15T04:25:12.856+0000] {dag.py:2941} INFO - Sync 2 DAGs
[2023-11-15T04:25:12.872+0000] {logging_mixin.py:151} INFO - [2023-11-15T04:25:12.872+0000] {dag.py:3722} INFO - Setting next_dagrun for example_xcom_args to None, run_after=None
[2023-11-15T04:25:12.876+0000] {logging_mixin.py:151} INFO - [2023-11-15T04:25:12.876+0000] {dag.py:3722} INFO - Setting next_dagrun for example_xcom_args_with_operators to None, run_after=None
[2023-11-15T04:25:12.899+0000] {processor.py:179} INFO - Processing /home/airflow/.local/lib/python3.8/site-packages/airflow/example_dags/example_xcomargs.py took 0.087 seconds
[2023-11-15T04:25:43.933+0000] {processor.py:157} INFO - Started process (PID=3323) to work on /home/airflow/.local/lib/python3.8/site-packages/airflow/example_dags/example_xcomargs.py
[2023-11-15T04:25:43.934+0000] {processor.py:829} INFO - Processing file /home/airflow/.local/lib/python3.8/site-packages/airflow/example_dags/example_xcomargs.py for tasks to queue
[2023-11-15T04:25:43.937+0000] {logging_mixin.py:151} INFO - [2023-11-15T04:25:43.937+0000] {dagbag.py:536} INFO - Filling up the DagBag from /home/airflow/.local/lib/python3.8/site-packages/airflow/example_dags/example_xcomargs.py
[2023-11-15T04:25:43.949+0000] {processor.py:839} INFO - DAG(s) dict_keys(['example_xcom_args', 'example_xcom_args_with_operators']) retrieved from /home/airflow/.local/lib/python3.8/site-packages/airflow/example_dags/example_xcomargs.py
[2023-11-15T04:25:43.990+0000] {logging_mixin.py:151} INFO - [2023-11-15T04:25:43.989+0000] {dag.py:2941} INFO - Sync 2 DAGs
[2023-11-15T04:25:44.014+0000] {logging_mixin.py:151} INFO - [2023-11-15T04:25:44.013+0000] {dag.py:3722} INFO - Setting next_dagrun for example_xcom_args to None, run_after=None
[2023-11-15T04:25:44.020+0000] {logging_mixin.py:151} INFO - [2023-11-15T04:25:44.019+0000] {dag.py:3722} INFO - Setting next_dagrun for example_xcom_args_with_operators to None, run_after=None
[2023-11-15T04:25:44.052+0000] {processor.py:179} INFO - Processing /home/airflow/.local/lib/python3.8/site-packages/airflow/example_dags/example_xcomargs.py took 0.123 seconds
[2023-11-15T04:26:14.353+0000] {processor.py:157} INFO - Started process (PID=3381) to work on /home/airflow/.local/lib/python3.8/site-packages/airflow/example_dags/example_xcomargs.py
[2023-11-15T04:26:14.355+0000] {processor.py:829} INFO - Processing file /home/airflow/.local/lib/python3.8/site-packages/airflow/example_dags/example_xcomargs.py for tasks to queue
[2023-11-15T04:26:14.359+0000] {logging_mixin.py:151} INFO - [2023-11-15T04:26:14.358+0000] {dagbag.py:536} INFO - Filling up the DagBag from /home/airflow/.local/lib/python3.8/site-packages/airflow/example_dags/example_xcomargs.py
[2023-11-15T04:26:14.369+0000] {processor.py:839} INFO - DAG(s) dict_keys(['example_xcom_args_with_operators', 'example_xcom_args']) retrieved from /home/airflow/.local/lib/python3.8/site-packages/airflow/example_dags/example_xcomargs.py
[2023-11-15T04:26:14.399+0000] {logging_mixin.py:151} INFO - [2023-11-15T04:26:14.398+0000] {dag.py:2941} INFO - Sync 2 DAGs
[2023-11-15T04:26:14.415+0000] {logging_mixin.py:151} INFO - [2023-11-15T04:26:14.415+0000] {dag.py:3722} INFO - Setting next_dagrun for example_xcom_args to None, run_after=None
[2023-11-15T04:26:14.419+0000] {logging_mixin.py:151} INFO - [2023-11-15T04:26:14.419+0000] {dag.py:3722} INFO - Setting next_dagrun for example_xcom_args_with_operators to None, run_after=None
[2023-11-15T04:26:14.441+0000] {processor.py:179} INFO - Processing /home/airflow/.local/lib/python3.8/site-packages/airflow/example_dags/example_xcomargs.py took 0.092 seconds
[2023-11-15T04:26:44.923+0000] {processor.py:157} INFO - Started process (PID=3439) to work on /home/airflow/.local/lib/python3.8/site-packages/airflow/example_dags/example_xcomargs.py
[2023-11-15T04:26:44.924+0000] {processor.py:829} INFO - Processing file /home/airflow/.local/lib/python3.8/site-packages/airflow/example_dags/example_xcomargs.py for tasks to queue
[2023-11-15T04:26:44.928+0000] {logging_mixin.py:151} INFO - [2023-11-15T04:26:44.927+0000] {dagbag.py:536} INFO - Filling up the DagBag from /home/airflow/.local/lib/python3.8/site-packages/airflow/example_dags/example_xcomargs.py
[2023-11-15T04:26:44.940+0000] {processor.py:839} INFO - DAG(s) dict_keys(['example_xcom_args', 'example_xcom_args_with_operators']) retrieved from /home/airflow/.local/lib/python3.8/site-packages/airflow/example_dags/example_xcomargs.py
[2023-11-15T04:26:44.974+0000] {logging_mixin.py:151} INFO - [2023-11-15T04:26:44.973+0000] {dag.py:2941} INFO - Sync 2 DAGs
[2023-11-15T04:26:44.990+0000] {logging_mixin.py:151} INFO - [2023-11-15T04:26:44.990+0000] {dag.py:3722} INFO - Setting next_dagrun for example_xcom_args to None, run_after=None
[2023-11-15T04:26:44.994+0000] {logging_mixin.py:151} INFO - [2023-11-15T04:26:44.994+0000] {dag.py:3722} INFO - Setting next_dagrun for example_xcom_args_with_operators to None, run_after=None
[2023-11-15T04:26:45.015+0000] {processor.py:179} INFO - Processing /home/airflow/.local/lib/python3.8/site-packages/airflow/example_dags/example_xcomargs.py took 0.097 seconds
