[2023-11-15T03:11:02.290+0000] {processor.py:157} INFO - Started process (PID=63) to work on /home/airflow/.local/lib/python3.8/site-packages/airflow/example_dags/example_branch_operator.py
[2023-11-15T03:11:02.291+0000] {processor.py:829} INFO - Processing file /home/airflow/.local/lib/python3.8/site-packages/airflow/example_dags/example_branch_operator.py for tasks to queue
[2023-11-15T03:11:02.296+0000] {logging_mixin.py:151} INFO - [2023-11-15T03:11:02.295+0000] {dagbag.py:536} INFO - Filling up the DagBag from /home/airflow/.local/lib/python3.8/site-packages/airflow/example_dags/example_branch_operator.py
[2023-11-15T03:11:02.321+0000] {processor.py:839} INFO - DAG(s) dict_keys(['example_branch_operator']) retrieved from /home/airflow/.local/lib/python3.8/site-packages/airflow/example_dags/example_branch_operator.py
[2023-11-15T03:11:02.381+0000] {logging_mixin.py:151} INFO - [2023-11-15T03:11:02.380+0000] {dag.py:2941} INFO - Sync 1 DAGs
[2023-11-15T03:11:02.434+0000] {logging_mixin.py:151} INFO - [2023-11-15T03:11:02.434+0000] {dag.py:3722} INFO - Setting next_dagrun for example_branch_operator to 2023-11-14T00:00:00+00:00, run_after=2023-11-15T00:00:00+00:00
[2023-11-15T03:11:02.468+0000] {processor.py:179} INFO - Processing /home/airflow/.local/lib/python3.8/site-packages/airflow/example_dags/example_branch_operator.py took 0.186 seconds
[2023-11-15T03:57:36.270+0000] {processor.py:157} INFO - Started process (PID=65) to work on /home/airflow/.local/lib/python3.8/site-packages/airflow/example_dags/example_branch_operator.py
[2023-11-15T03:57:36.272+0000] {processor.py:829} INFO - Processing file /home/airflow/.local/lib/python3.8/site-packages/airflow/example_dags/example_branch_operator.py for tasks to queue
[2023-11-15T03:57:36.274+0000] {logging_mixin.py:151} INFO - [2023-11-15T03:57:36.274+0000] {dagbag.py:536} INFO - Filling up the DagBag from /home/airflow/.local/lib/python3.8/site-packages/airflow/example_dags/example_branch_operator.py
[2023-11-15T03:57:36.288+0000] {processor.py:839} INFO - DAG(s) dict_keys(['example_branch_operator']) retrieved from /home/airflow/.local/lib/python3.8/site-packages/airflow/example_dags/example_branch_operator.py
[2023-11-15T03:57:36.324+0000] {logging_mixin.py:151} INFO - [2023-11-15T03:57:36.324+0000] {dag.py:2941} INFO - Sync 1 DAGs
[2023-11-15T03:57:36.360+0000] {logging_mixin.py:151} INFO - [2023-11-15T03:57:36.359+0000] {dag.py:3722} INFO - Setting next_dagrun for example_branch_operator to 2023-11-14T00:00:00+00:00, run_after=2023-11-15T00:00:00+00:00
[2023-11-15T03:57:36.388+0000] {processor.py:179} INFO - Processing /home/airflow/.local/lib/python3.8/site-packages/airflow/example_dags/example_branch_operator.py took 0.121 seconds
[2023-11-15T03:58:07.390+0000] {processor.py:157} INFO - Started process (PID=123) to work on /home/airflow/.local/lib/python3.8/site-packages/airflow/example_dags/example_branch_operator.py
[2023-11-15T03:58:07.392+0000] {processor.py:829} INFO - Processing file /home/airflow/.local/lib/python3.8/site-packages/airflow/example_dags/example_branch_operator.py for tasks to queue
[2023-11-15T03:58:07.398+0000] {logging_mixin.py:151} INFO - [2023-11-15T03:58:07.397+0000] {dagbag.py:536} INFO - Filling up the DagBag from /home/airflow/.local/lib/python3.8/site-packages/airflow/example_dags/example_branch_operator.py
[2023-11-15T03:58:07.411+0000] {processor.py:839} INFO - DAG(s) dict_keys(['example_branch_operator']) retrieved from /home/airflow/.local/lib/python3.8/site-packages/airflow/example_dags/example_branch_operator.py
[2023-11-15T03:58:07.439+0000] {logging_mixin.py:151} INFO - [2023-11-15T03:58:07.439+0000] {dag.py:2941} INFO - Sync 1 DAGs
[2023-11-15T03:58:07.469+0000] {logging_mixin.py:151} INFO - [2023-11-15T03:58:07.468+0000] {dag.py:3722} INFO - Setting next_dagrun for example_branch_operator to 2023-11-14T00:00:00+00:00, run_after=2023-11-15T00:00:00+00:00
[2023-11-15T03:58:07.493+0000] {processor.py:179} INFO - Processing /home/airflow/.local/lib/python3.8/site-packages/airflow/example_dags/example_branch_operator.py took 0.114 seconds
[2023-11-15T03:58:37.928+0000] {processor.py:157} INFO - Started process (PID=181) to work on /home/airflow/.local/lib/python3.8/site-packages/airflow/example_dags/example_branch_operator.py
[2023-11-15T03:58:37.930+0000] {processor.py:829} INFO - Processing file /home/airflow/.local/lib/python3.8/site-packages/airflow/example_dags/example_branch_operator.py for tasks to queue
[2023-11-15T03:58:37.934+0000] {logging_mixin.py:151} INFO - [2023-11-15T03:58:37.934+0000] {dagbag.py:536} INFO - Filling up the DagBag from /home/airflow/.local/lib/python3.8/site-packages/airflow/example_dags/example_branch_operator.py
[2023-11-15T03:58:37.952+0000] {processor.py:839} INFO - DAG(s) dict_keys(['example_branch_operator']) retrieved from /home/airflow/.local/lib/python3.8/site-packages/airflow/example_dags/example_branch_operator.py
[2023-11-15T03:58:37.979+0000] {logging_mixin.py:151} INFO - [2023-11-15T03:58:37.979+0000] {dag.py:2941} INFO - Sync 1 DAGs
[2023-11-15T03:58:38.009+0000] {logging_mixin.py:151} INFO - [2023-11-15T03:58:38.009+0000] {dag.py:3722} INFO - Setting next_dagrun for example_branch_operator to 2023-11-14T00:00:00+00:00, run_after=2023-11-15T00:00:00+00:00
[2023-11-15T03:58:38.033+0000] {processor.py:179} INFO - Processing /home/airflow/.local/lib/python3.8/site-packages/airflow/example_dags/example_branch_operator.py took 0.111 seconds
[2023-11-15T03:59:08.785+0000] {processor.py:157} INFO - Started process (PID=243) to work on /home/airflow/.local/lib/python3.8/site-packages/airflow/example_dags/example_branch_operator.py
[2023-11-15T03:59:08.787+0000] {processor.py:829} INFO - Processing file /home/airflow/.local/lib/python3.8/site-packages/airflow/example_dags/example_branch_operator.py for tasks to queue
[2023-11-15T03:59:08.789+0000] {logging_mixin.py:151} INFO - [2023-11-15T03:59:08.789+0000] {dagbag.py:536} INFO - Filling up the DagBag from /home/airflow/.local/lib/python3.8/site-packages/airflow/example_dags/example_branch_operator.py
[2023-11-15T03:59:08.803+0000] {processor.py:839} INFO - DAG(s) dict_keys(['example_branch_operator']) retrieved from /home/airflow/.local/lib/python3.8/site-packages/airflow/example_dags/example_branch_operator.py
[2023-11-15T03:59:08.843+0000] {logging_mixin.py:151} INFO - [2023-11-15T03:59:08.843+0000] {dag.py:2941} INFO - Sync 1 DAGs
[2023-11-15T03:59:08.874+0000] {logging_mixin.py:151} INFO - [2023-11-15T03:59:08.874+0000] {dag.py:3722} INFO - Setting next_dagrun for example_branch_operator to 2023-11-14T00:00:00+00:00, run_after=2023-11-15T00:00:00+00:00
[2023-11-15T03:59:08.909+0000] {processor.py:179} INFO - Processing /home/airflow/.local/lib/python3.8/site-packages/airflow/example_dags/example_branch_operator.py took 0.130 seconds
[2023-11-15T03:59:39.359+0000] {processor.py:157} INFO - Started process (PID=301) to work on /home/airflow/.local/lib/python3.8/site-packages/airflow/example_dags/example_branch_operator.py
[2023-11-15T03:59:39.360+0000] {processor.py:829} INFO - Processing file /home/airflow/.local/lib/python3.8/site-packages/airflow/example_dags/example_branch_operator.py for tasks to queue
[2023-11-15T03:59:39.363+0000] {logging_mixin.py:151} INFO - [2023-11-15T03:59:39.363+0000] {dagbag.py:536} INFO - Filling up the DagBag from /home/airflow/.local/lib/python3.8/site-packages/airflow/example_dags/example_branch_operator.py
[2023-11-15T03:59:39.378+0000] {processor.py:839} INFO - DAG(s) dict_keys(['example_branch_operator']) retrieved from /home/airflow/.local/lib/python3.8/site-packages/airflow/example_dags/example_branch_operator.py
[2023-11-15T03:59:39.413+0000] {logging_mixin.py:151} INFO - [2023-11-15T03:59:39.412+0000] {dag.py:2941} INFO - Sync 1 DAGs
[2023-11-15T03:59:39.449+0000] {logging_mixin.py:151} INFO - [2023-11-15T03:59:39.448+0000] {dag.py:3722} INFO - Setting next_dagrun for example_branch_operator to 2023-11-14T00:00:00+00:00, run_after=2023-11-15T00:00:00+00:00
[2023-11-15T03:59:39.481+0000] {processor.py:179} INFO - Processing /home/airflow/.local/lib/python3.8/site-packages/airflow/example_dags/example_branch_operator.py took 0.126 seconds
[2023-11-15T04:00:09.891+0000] {processor.py:157} INFO - Started process (PID=359) to work on /home/airflow/.local/lib/python3.8/site-packages/airflow/example_dags/example_branch_operator.py
[2023-11-15T04:00:09.892+0000] {processor.py:829} INFO - Processing file /home/airflow/.local/lib/python3.8/site-packages/airflow/example_dags/example_branch_operator.py for tasks to queue
[2023-11-15T04:00:09.895+0000] {logging_mixin.py:151} INFO - [2023-11-15T04:00:09.895+0000] {dagbag.py:536} INFO - Filling up the DagBag from /home/airflow/.local/lib/python3.8/site-packages/airflow/example_dags/example_branch_operator.py
[2023-11-15T04:00:09.908+0000] {processor.py:839} INFO - DAG(s) dict_keys(['example_branch_operator']) retrieved from /home/airflow/.local/lib/python3.8/site-packages/airflow/example_dags/example_branch_operator.py
[2023-11-15T04:00:09.936+0000] {logging_mixin.py:151} INFO - [2023-11-15T04:00:09.935+0000] {dag.py:2941} INFO - Sync 1 DAGs
[2023-11-15T04:00:09.963+0000] {logging_mixin.py:151} INFO - [2023-11-15T04:00:09.963+0000] {dag.py:3722} INFO - Setting next_dagrun for example_branch_operator to 2023-11-14T00:00:00+00:00, run_after=2023-11-15T00:00:00+00:00
[2023-11-15T04:00:09.986+0000] {processor.py:179} INFO - Processing /home/airflow/.local/lib/python3.8/site-packages/airflow/example_dags/example_branch_operator.py took 0.101 seconds
[2023-11-15T04:00:40.669+0000] {processor.py:157} INFO - Started process (PID=418) to work on /home/airflow/.local/lib/python3.8/site-packages/airflow/example_dags/example_branch_operator.py
[2023-11-15T04:00:40.670+0000] {processor.py:829} INFO - Processing file /home/airflow/.local/lib/python3.8/site-packages/airflow/example_dags/example_branch_operator.py for tasks to queue
[2023-11-15T04:00:40.673+0000] {logging_mixin.py:151} INFO - [2023-11-15T04:00:40.672+0000] {dagbag.py:536} INFO - Filling up the DagBag from /home/airflow/.local/lib/python3.8/site-packages/airflow/example_dags/example_branch_operator.py
[2023-11-15T04:00:40.685+0000] {processor.py:839} INFO - DAG(s) dict_keys(['example_branch_operator']) retrieved from /home/airflow/.local/lib/python3.8/site-packages/airflow/example_dags/example_branch_operator.py
[2023-11-15T04:00:40.714+0000] {logging_mixin.py:151} INFO - [2023-11-15T04:00:40.714+0000] {dag.py:2941} INFO - Sync 1 DAGs
[2023-11-15T04:00:40.744+0000] {logging_mixin.py:151} INFO - [2023-11-15T04:00:40.743+0000] {dag.py:3722} INFO - Setting next_dagrun for example_branch_operator to 2023-11-14T00:00:00+00:00, run_after=2023-11-15T00:00:00+00:00
[2023-11-15T04:00:40.767+0000] {processor.py:179} INFO - Processing /home/airflow/.local/lib/python3.8/site-packages/airflow/example_dags/example_branch_operator.py took 0.102 seconds
[2023-11-15T04:01:11.377+0000] {processor.py:157} INFO - Started process (PID=476) to work on /home/airflow/.local/lib/python3.8/site-packages/airflow/example_dags/example_branch_operator.py
[2023-11-15T04:01:11.379+0000] {processor.py:829} INFO - Processing file /home/airflow/.local/lib/python3.8/site-packages/airflow/example_dags/example_branch_operator.py for tasks to queue
[2023-11-15T04:01:11.381+0000] {logging_mixin.py:151} INFO - [2023-11-15T04:01:11.381+0000] {dagbag.py:536} INFO - Filling up the DagBag from /home/airflow/.local/lib/python3.8/site-packages/airflow/example_dags/example_branch_operator.py
[2023-11-15T04:01:11.393+0000] {processor.py:839} INFO - DAG(s) dict_keys(['example_branch_operator']) retrieved from /home/airflow/.local/lib/python3.8/site-packages/airflow/example_dags/example_branch_operator.py
[2023-11-15T04:01:11.424+0000] {logging_mixin.py:151} INFO - [2023-11-15T04:01:11.423+0000] {dag.py:2941} INFO - Sync 1 DAGs
[2023-11-15T04:01:11.456+0000] {logging_mixin.py:151} INFO - [2023-11-15T04:01:11.455+0000] {dag.py:3722} INFO - Setting next_dagrun for example_branch_operator to 2023-11-14T00:00:00+00:00, run_after=2023-11-15T00:00:00+00:00
[2023-11-15T04:01:11.480+0000] {processor.py:179} INFO - Processing /home/airflow/.local/lib/python3.8/site-packages/airflow/example_dags/example_branch_operator.py took 0.107 seconds
[2023-11-15T04:01:42.683+0000] {processor.py:157} INFO - Started process (PID=534) to work on /home/airflow/.local/lib/python3.8/site-packages/airflow/example_dags/example_branch_operator.py
[2023-11-15T04:01:42.684+0000] {processor.py:829} INFO - Processing file /home/airflow/.local/lib/python3.8/site-packages/airflow/example_dags/example_branch_operator.py for tasks to queue
[2023-11-15T04:01:42.687+0000] {logging_mixin.py:151} INFO - [2023-11-15T04:01:42.687+0000] {dagbag.py:536} INFO - Filling up the DagBag from /home/airflow/.local/lib/python3.8/site-packages/airflow/example_dags/example_branch_operator.py
[2023-11-15T04:01:42.698+0000] {processor.py:839} INFO - DAG(s) dict_keys(['example_branch_operator']) retrieved from /home/airflow/.local/lib/python3.8/site-packages/airflow/example_dags/example_branch_operator.py
[2023-11-15T04:01:42.727+0000] {logging_mixin.py:151} INFO - [2023-11-15T04:01:42.727+0000] {dag.py:2941} INFO - Sync 1 DAGs
[2023-11-15T04:01:42.756+0000] {logging_mixin.py:151} INFO - [2023-11-15T04:01:42.756+0000] {dag.py:3722} INFO - Setting next_dagrun for example_branch_operator to 2023-11-14T00:00:00+00:00, run_after=2023-11-15T00:00:00+00:00
[2023-11-15T04:01:42.779+0000] {processor.py:179} INFO - Processing /home/airflow/.local/lib/python3.8/site-packages/airflow/example_dags/example_branch_operator.py took 0.100 seconds
[2023-11-15T04:02:13.483+0000] {processor.py:157} INFO - Started process (PID=597) to work on /home/airflow/.local/lib/python3.8/site-packages/airflow/example_dags/example_branch_operator.py
[2023-11-15T04:02:13.484+0000] {processor.py:829} INFO - Processing file /home/airflow/.local/lib/python3.8/site-packages/airflow/example_dags/example_branch_operator.py for tasks to queue
[2023-11-15T04:02:13.487+0000] {logging_mixin.py:151} INFO - [2023-11-15T04:02:13.486+0000] {dagbag.py:536} INFO - Filling up the DagBag from /home/airflow/.local/lib/python3.8/site-packages/airflow/example_dags/example_branch_operator.py
[2023-11-15T04:02:13.498+0000] {processor.py:839} INFO - DAG(s) dict_keys(['example_branch_operator']) retrieved from /home/airflow/.local/lib/python3.8/site-packages/airflow/example_dags/example_branch_operator.py
[2023-11-15T04:02:13.527+0000] {logging_mixin.py:151} INFO - [2023-11-15T04:02:13.527+0000] {dag.py:2941} INFO - Sync 1 DAGs
[2023-11-15T04:02:13.558+0000] {logging_mixin.py:151} INFO - [2023-11-15T04:02:13.557+0000] {dag.py:3722} INFO - Setting next_dagrun for example_branch_operator to 2023-11-14T00:00:00+00:00, run_after=2023-11-15T00:00:00+00:00
[2023-11-15T04:02:13.582+0000] {processor.py:179} INFO - Processing /home/airflow/.local/lib/python3.8/site-packages/airflow/example_dags/example_branch_operator.py took 0.103 seconds
[2023-11-15T04:02:44.434+0000] {processor.py:157} INFO - Started process (PID=657) to work on /home/airflow/.local/lib/python3.8/site-packages/airflow/example_dags/example_branch_operator.py
[2023-11-15T04:02:44.435+0000] {processor.py:829} INFO - Processing file /home/airflow/.local/lib/python3.8/site-packages/airflow/example_dags/example_branch_operator.py for tasks to queue
[2023-11-15T04:02:44.437+0000] {logging_mixin.py:151} INFO - [2023-11-15T04:02:44.437+0000] {dagbag.py:536} INFO - Filling up the DagBag from /home/airflow/.local/lib/python3.8/site-packages/airflow/example_dags/example_branch_operator.py
[2023-11-15T04:02:44.451+0000] {processor.py:839} INFO - DAG(s) dict_keys(['example_branch_operator']) retrieved from /home/airflow/.local/lib/python3.8/site-packages/airflow/example_dags/example_branch_operator.py
[2023-11-15T04:02:44.484+0000] {logging_mixin.py:151} INFO - [2023-11-15T04:02:44.484+0000] {dag.py:2941} INFO - Sync 1 DAGs
[2023-11-15T04:02:44.518+0000] {logging_mixin.py:151} INFO - [2023-11-15T04:02:44.517+0000] {dag.py:3722} INFO - Setting next_dagrun for example_branch_operator to 2023-11-14T00:00:00+00:00, run_after=2023-11-15T00:00:00+00:00
[2023-11-15T04:02:44.544+0000] {processor.py:179} INFO - Processing /home/airflow/.local/lib/python3.8/site-packages/airflow/example_dags/example_branch_operator.py took 0.115 seconds
[2023-11-15T04:03:15.160+0000] {processor.py:157} INFO - Started process (PID=715) to work on /home/airflow/.local/lib/python3.8/site-packages/airflow/example_dags/example_branch_operator.py
[2023-11-15T04:03:15.161+0000] {processor.py:829} INFO - Processing file /home/airflow/.local/lib/python3.8/site-packages/airflow/example_dags/example_branch_operator.py for tasks to queue
[2023-11-15T04:03:15.164+0000] {logging_mixin.py:151} INFO - [2023-11-15T04:03:15.164+0000] {dagbag.py:536} INFO - Filling up the DagBag from /home/airflow/.local/lib/python3.8/site-packages/airflow/example_dags/example_branch_operator.py
[2023-11-15T04:03:15.176+0000] {processor.py:839} INFO - DAG(s) dict_keys(['example_branch_operator']) retrieved from /home/airflow/.local/lib/python3.8/site-packages/airflow/example_dags/example_branch_operator.py
[2023-11-15T04:03:15.202+0000] {logging_mixin.py:151} INFO - [2023-11-15T04:03:15.202+0000] {dag.py:2941} INFO - Sync 1 DAGs
[2023-11-15T04:03:15.231+0000] {logging_mixin.py:151} INFO - [2023-11-15T04:03:15.231+0000] {dag.py:3722} INFO - Setting next_dagrun for example_branch_operator to 2023-11-14T00:00:00+00:00, run_after=2023-11-15T00:00:00+00:00
[2023-11-15T04:03:15.261+0000] {processor.py:179} INFO - Processing /home/airflow/.local/lib/python3.8/site-packages/airflow/example_dags/example_branch_operator.py took 0.105 seconds
[2023-11-15T04:03:45.888+0000] {processor.py:157} INFO - Started process (PID=774) to work on /home/airflow/.local/lib/python3.8/site-packages/airflow/example_dags/example_branch_operator.py
[2023-11-15T04:03:45.890+0000] {processor.py:829} INFO - Processing file /home/airflow/.local/lib/python3.8/site-packages/airflow/example_dags/example_branch_operator.py for tasks to queue
[2023-11-15T04:03:45.892+0000] {logging_mixin.py:151} INFO - [2023-11-15T04:03:45.892+0000] {dagbag.py:536} INFO - Filling up the DagBag from /home/airflow/.local/lib/python3.8/site-packages/airflow/example_dags/example_branch_operator.py
[2023-11-15T04:03:45.903+0000] {processor.py:839} INFO - DAG(s) dict_keys(['example_branch_operator']) retrieved from /home/airflow/.local/lib/python3.8/site-packages/airflow/example_dags/example_branch_operator.py
[2023-11-15T04:03:45.933+0000] {logging_mixin.py:151} INFO - [2023-11-15T04:03:45.933+0000] {dag.py:2941} INFO - Sync 1 DAGs
[2023-11-15T04:03:45.962+0000] {logging_mixin.py:151} INFO - [2023-11-15T04:03:45.962+0000] {dag.py:3722} INFO - Setting next_dagrun for example_branch_operator to 2023-11-14T00:00:00+00:00, run_after=2023-11-15T00:00:00+00:00
[2023-11-15T04:03:45.986+0000] {processor.py:179} INFO - Processing /home/airflow/.local/lib/python3.8/site-packages/airflow/example_dags/example_branch_operator.py took 0.101 seconds
[2023-11-15T04:04:16.617+0000] {processor.py:157} INFO - Started process (PID=840) to work on /home/airflow/.local/lib/python3.8/site-packages/airflow/example_dags/example_branch_operator.py
[2023-11-15T04:04:16.618+0000] {processor.py:829} INFO - Processing file /home/airflow/.local/lib/python3.8/site-packages/airflow/example_dags/example_branch_operator.py for tasks to queue
[2023-11-15T04:04:16.620+0000] {logging_mixin.py:151} INFO - [2023-11-15T04:04:16.620+0000] {dagbag.py:536} INFO - Filling up the DagBag from /home/airflow/.local/lib/python3.8/site-packages/airflow/example_dags/example_branch_operator.py
[2023-11-15T04:04:16.631+0000] {processor.py:839} INFO - DAG(s) dict_keys(['example_branch_operator']) retrieved from /home/airflow/.local/lib/python3.8/site-packages/airflow/example_dags/example_branch_operator.py
[2023-11-15T04:04:16.659+0000] {logging_mixin.py:151} INFO - [2023-11-15T04:04:16.659+0000] {dag.py:2941} INFO - Sync 1 DAGs
[2023-11-15T04:04:16.686+0000] {logging_mixin.py:151} INFO - [2023-11-15T04:04:16.686+0000] {dag.py:3722} INFO - Setting next_dagrun for example_branch_operator to 2023-11-14T00:00:00+00:00, run_after=2023-11-15T00:00:00+00:00
[2023-11-15T04:04:16.716+0000] {processor.py:179} INFO - Processing /home/airflow/.local/lib/python3.8/site-packages/airflow/example_dags/example_branch_operator.py took 0.103 seconds
[2023-11-15T04:04:47.526+0000] {processor.py:157} INFO - Started process (PID=898) to work on /home/airflow/.local/lib/python3.8/site-packages/airflow/example_dags/example_branch_operator.py
[2023-11-15T04:04:47.528+0000] {processor.py:829} INFO - Processing file /home/airflow/.local/lib/python3.8/site-packages/airflow/example_dags/example_branch_operator.py for tasks to queue
[2023-11-15T04:04:47.531+0000] {logging_mixin.py:151} INFO - [2023-11-15T04:04:47.530+0000] {dagbag.py:536} INFO - Filling up the DagBag from /home/airflow/.local/lib/python3.8/site-packages/airflow/example_dags/example_branch_operator.py
[2023-11-15T04:04:47.544+0000] {processor.py:839} INFO - DAG(s) dict_keys(['example_branch_operator']) retrieved from /home/airflow/.local/lib/python3.8/site-packages/airflow/example_dags/example_branch_operator.py
[2023-11-15T04:04:47.577+0000] {logging_mixin.py:151} INFO - [2023-11-15T04:04:47.576+0000] {dag.py:2941} INFO - Sync 1 DAGs
[2023-11-15T04:04:47.609+0000] {logging_mixin.py:151} INFO - [2023-11-15T04:04:47.609+0000] {dag.py:3722} INFO - Setting next_dagrun for example_branch_operator to 2023-11-14T00:00:00+00:00, run_after=2023-11-15T00:00:00+00:00
[2023-11-15T04:04:47.635+0000] {processor.py:179} INFO - Processing /home/airflow/.local/lib/python3.8/site-packages/airflow/example_dags/example_branch_operator.py took 0.113 seconds
[2023-11-15T04:05:17.700+0000] {processor.py:157} INFO - Started process (PID=955) to work on /home/airflow/.local/lib/python3.8/site-packages/airflow/example_dags/example_branch_operator.py
[2023-11-15T04:05:17.702+0000] {processor.py:829} INFO - Processing file /home/airflow/.local/lib/python3.8/site-packages/airflow/example_dags/example_branch_operator.py for tasks to queue
[2023-11-15T04:05:17.704+0000] {logging_mixin.py:151} INFO - [2023-11-15T04:05:17.704+0000] {dagbag.py:536} INFO - Filling up the DagBag from /home/airflow/.local/lib/python3.8/site-packages/airflow/example_dags/example_branch_operator.py
[2023-11-15T04:05:17.717+0000] {processor.py:839} INFO - DAG(s) dict_keys(['example_branch_operator']) retrieved from /home/airflow/.local/lib/python3.8/site-packages/airflow/example_dags/example_branch_operator.py
[2023-11-15T04:05:17.748+0000] {logging_mixin.py:151} INFO - [2023-11-15T04:05:17.748+0000] {dag.py:2941} INFO - Sync 1 DAGs
[2023-11-15T04:05:17.782+0000] {logging_mixin.py:151} INFO - [2023-11-15T04:05:17.781+0000] {dag.py:3722} INFO - Setting next_dagrun for example_branch_operator to 2023-11-14T00:00:00+00:00, run_after=2023-11-15T00:00:00+00:00
[2023-11-15T04:05:17.809+0000] {processor.py:179} INFO - Processing /home/airflow/.local/lib/python3.8/site-packages/airflow/example_dags/example_branch_operator.py took 0.113 seconds
[2023-11-15T04:05:47.922+0000] {processor.py:157} INFO - Started process (PID=1014) to work on /home/airflow/.local/lib/python3.8/site-packages/airflow/example_dags/example_branch_operator.py
[2023-11-15T04:05:47.923+0000] {processor.py:829} INFO - Processing file /home/airflow/.local/lib/python3.8/site-packages/airflow/example_dags/example_branch_operator.py for tasks to queue
[2023-11-15T04:05:47.927+0000] {logging_mixin.py:151} INFO - [2023-11-15T04:05:47.927+0000] {dagbag.py:536} INFO - Filling up the DagBag from /home/airflow/.local/lib/python3.8/site-packages/airflow/example_dags/example_branch_operator.py
[2023-11-15T04:05:47.946+0000] {processor.py:839} INFO - DAG(s) dict_keys(['example_branch_operator']) retrieved from /home/airflow/.local/lib/python3.8/site-packages/airflow/example_dags/example_branch_operator.py
[2023-11-15T04:05:47.981+0000] {logging_mixin.py:151} INFO - [2023-11-15T04:05:47.981+0000] {dag.py:2941} INFO - Sync 1 DAGs
[2023-11-15T04:05:48.013+0000] {logging_mixin.py:151} INFO - [2023-11-15T04:05:48.012+0000] {dag.py:3722} INFO - Setting next_dagrun for example_branch_operator to 2023-11-14T00:00:00+00:00, run_after=2023-11-15T00:00:00+00:00
[2023-11-15T04:05:48.038+0000] {processor.py:179} INFO - Processing /home/airflow/.local/lib/python3.8/site-packages/airflow/example_dags/example_branch_operator.py took 0.120 seconds
[2023-11-15T04:06:18.460+0000] {processor.py:157} INFO - Started process (PID=1073) to work on /home/airflow/.local/lib/python3.8/site-packages/airflow/example_dags/example_branch_operator.py
[2023-11-15T04:06:18.463+0000] {processor.py:829} INFO - Processing file /home/airflow/.local/lib/python3.8/site-packages/airflow/example_dags/example_branch_operator.py for tasks to queue
[2023-11-15T04:06:18.466+0000] {logging_mixin.py:151} INFO - [2023-11-15T04:06:18.466+0000] {dagbag.py:536} INFO - Filling up the DagBag from /home/airflow/.local/lib/python3.8/site-packages/airflow/example_dags/example_branch_operator.py
[2023-11-15T04:06:18.480+0000] {processor.py:839} INFO - DAG(s) dict_keys(['example_branch_operator']) retrieved from /home/airflow/.local/lib/python3.8/site-packages/airflow/example_dags/example_branch_operator.py
[2023-11-15T04:06:18.510+0000] {logging_mixin.py:151} INFO - [2023-11-15T04:06:18.509+0000] {dag.py:2941} INFO - Sync 1 DAGs
[2023-11-15T04:06:18.539+0000] {logging_mixin.py:151} INFO - [2023-11-15T04:06:18.539+0000] {dag.py:3722} INFO - Setting next_dagrun for example_branch_operator to 2023-11-14T00:00:00+00:00, run_after=2023-11-15T00:00:00+00:00
[2023-11-15T04:06:18.562+0000] {processor.py:179} INFO - Processing /home/airflow/.local/lib/python3.8/site-packages/airflow/example_dags/example_branch_operator.py took 0.106 seconds
[2023-11-15T04:06:49.008+0000] {processor.py:157} INFO - Started process (PID=1131) to work on /home/airflow/.local/lib/python3.8/site-packages/airflow/example_dags/example_branch_operator.py
[2023-11-15T04:06:49.010+0000] {processor.py:829} INFO - Processing file /home/airflow/.local/lib/python3.8/site-packages/airflow/example_dags/example_branch_operator.py for tasks to queue
[2023-11-15T04:06:49.012+0000] {logging_mixin.py:151} INFO - [2023-11-15T04:06:49.012+0000] {dagbag.py:536} INFO - Filling up the DagBag from /home/airflow/.local/lib/python3.8/site-packages/airflow/example_dags/example_branch_operator.py
[2023-11-15T04:06:49.032+0000] {processor.py:839} INFO - DAG(s) dict_keys(['example_branch_operator']) retrieved from /home/airflow/.local/lib/python3.8/site-packages/airflow/example_dags/example_branch_operator.py
[2023-11-15T04:06:49.069+0000] {logging_mixin.py:151} INFO - [2023-11-15T04:06:49.069+0000] {dag.py:2941} INFO - Sync 1 DAGs
[2023-11-15T04:06:49.106+0000] {logging_mixin.py:151} INFO - [2023-11-15T04:06:49.106+0000] {dag.py:3722} INFO - Setting next_dagrun for example_branch_operator to 2023-11-14T00:00:00+00:00, run_after=2023-11-15T00:00:00+00:00
[2023-11-15T04:06:49.133+0000] {processor.py:179} INFO - Processing /home/airflow/.local/lib/python3.8/site-packages/airflow/example_dags/example_branch_operator.py took 0.129 seconds
[2023-11-15T04:07:19.894+0000] {processor.py:157} INFO - Started process (PID=1190) to work on /home/airflow/.local/lib/python3.8/site-packages/airflow/example_dags/example_branch_operator.py
[2023-11-15T04:07:19.896+0000] {processor.py:829} INFO - Processing file /home/airflow/.local/lib/python3.8/site-packages/airflow/example_dags/example_branch_operator.py for tasks to queue
[2023-11-15T04:07:19.900+0000] {logging_mixin.py:151} INFO - [2023-11-15T04:07:19.899+0000] {dagbag.py:536} INFO - Filling up the DagBag from /home/airflow/.local/lib/python3.8/site-packages/airflow/example_dags/example_branch_operator.py
[2023-11-15T04:07:19.914+0000] {processor.py:839} INFO - DAG(s) dict_keys(['example_branch_operator']) retrieved from /home/airflow/.local/lib/python3.8/site-packages/airflow/example_dags/example_branch_operator.py
[2023-11-15T04:07:19.951+0000] {logging_mixin.py:151} INFO - [2023-11-15T04:07:19.951+0000] {dag.py:2941} INFO - Sync 1 DAGs
[2023-11-15T04:07:19.990+0000] {logging_mixin.py:151} INFO - [2023-11-15T04:07:19.990+0000] {dag.py:3722} INFO - Setting next_dagrun for example_branch_operator to 2023-11-14T00:00:00+00:00, run_after=2023-11-15T00:00:00+00:00
[2023-11-15T04:07:20.023+0000] {processor.py:179} INFO - Processing /home/airflow/.local/lib/python3.8/site-packages/airflow/example_dags/example_branch_operator.py took 0.133 seconds
[2023-11-15T04:07:50.221+0000] {processor.py:157} INFO - Started process (PID=1247) to work on /home/airflow/.local/lib/python3.8/site-packages/airflow/example_dags/example_branch_operator.py
[2023-11-15T04:07:50.223+0000] {processor.py:829} INFO - Processing file /home/airflow/.local/lib/python3.8/site-packages/airflow/example_dags/example_branch_operator.py for tasks to queue
[2023-11-15T04:07:50.226+0000] {logging_mixin.py:151} INFO - [2023-11-15T04:07:50.226+0000] {dagbag.py:536} INFO - Filling up the DagBag from /home/airflow/.local/lib/python3.8/site-packages/airflow/example_dags/example_branch_operator.py
[2023-11-15T04:07:50.240+0000] {processor.py:839} INFO - DAG(s) dict_keys(['example_branch_operator']) retrieved from /home/airflow/.local/lib/python3.8/site-packages/airflow/example_dags/example_branch_operator.py
[2023-11-15T04:07:50.273+0000] {logging_mixin.py:151} INFO - [2023-11-15T04:07:50.272+0000] {dag.py:2941} INFO - Sync 1 DAGs
[2023-11-15T04:07:50.307+0000] {logging_mixin.py:151} INFO - [2023-11-15T04:07:50.307+0000] {dag.py:3722} INFO - Setting next_dagrun for example_branch_operator to 2023-11-14T00:00:00+00:00, run_after=2023-11-15T00:00:00+00:00
[2023-11-15T04:07:50.331+0000] {processor.py:179} INFO - Processing /home/airflow/.local/lib/python3.8/site-packages/airflow/example_dags/example_branch_operator.py took 0.114 seconds
[2023-11-15T04:08:21.598+0000] {processor.py:157} INFO - Started process (PID=1305) to work on /home/airflow/.local/lib/python3.8/site-packages/airflow/example_dags/example_branch_operator.py
[2023-11-15T04:08:21.599+0000] {processor.py:829} INFO - Processing file /home/airflow/.local/lib/python3.8/site-packages/airflow/example_dags/example_branch_operator.py for tasks to queue
[2023-11-15T04:08:21.601+0000] {logging_mixin.py:151} INFO - [2023-11-15T04:08:21.601+0000] {dagbag.py:536} INFO - Filling up the DagBag from /home/airflow/.local/lib/python3.8/site-packages/airflow/example_dags/example_branch_operator.py
[2023-11-15T04:08:21.617+0000] {processor.py:839} INFO - DAG(s) dict_keys(['example_branch_operator']) retrieved from /home/airflow/.local/lib/python3.8/site-packages/airflow/example_dags/example_branch_operator.py
[2023-11-15T04:08:21.646+0000] {logging_mixin.py:151} INFO - [2023-11-15T04:08:21.645+0000] {dag.py:2941} INFO - Sync 1 DAGs
[2023-11-15T04:08:21.675+0000] {logging_mixin.py:151} INFO - [2023-11-15T04:08:21.674+0000] {dag.py:3722} INFO - Setting next_dagrun for example_branch_operator to 2023-11-14T00:00:00+00:00, run_after=2023-11-15T00:00:00+00:00
[2023-11-15T04:08:21.698+0000] {processor.py:179} INFO - Processing /home/airflow/.local/lib/python3.8/site-packages/airflow/example_dags/example_branch_operator.py took 0.104 seconds
[2023-11-15T04:08:51.993+0000] {processor.py:157} INFO - Started process (PID=1362) to work on /home/airflow/.local/lib/python3.8/site-packages/airflow/example_dags/example_branch_operator.py
[2023-11-15T04:08:51.994+0000] {processor.py:829} INFO - Processing file /home/airflow/.local/lib/python3.8/site-packages/airflow/example_dags/example_branch_operator.py for tasks to queue
[2023-11-15T04:08:51.996+0000] {logging_mixin.py:151} INFO - [2023-11-15T04:08:51.996+0000] {dagbag.py:536} INFO - Filling up the DagBag from /home/airflow/.local/lib/python3.8/site-packages/airflow/example_dags/example_branch_operator.py
[2023-11-15T04:08:52.007+0000] {processor.py:839} INFO - DAG(s) dict_keys(['example_branch_operator']) retrieved from /home/airflow/.local/lib/python3.8/site-packages/airflow/example_dags/example_branch_operator.py
[2023-11-15T04:08:52.036+0000] {logging_mixin.py:151} INFO - [2023-11-15T04:08:52.035+0000] {dag.py:2941} INFO - Sync 1 DAGs
[2023-11-15T04:08:52.066+0000] {logging_mixin.py:151} INFO - [2023-11-15T04:08:52.066+0000] {dag.py:3722} INFO - Setting next_dagrun for example_branch_operator to 2023-11-14T00:00:00+00:00, run_after=2023-11-15T00:00:00+00:00
[2023-11-15T04:08:52.088+0000] {processor.py:179} INFO - Processing /home/airflow/.local/lib/python3.8/site-packages/airflow/example_dags/example_branch_operator.py took 0.099 seconds
[2023-11-15T04:09:22.588+0000] {processor.py:157} INFO - Started process (PID=1419) to work on /home/airflow/.local/lib/python3.8/site-packages/airflow/example_dags/example_branch_operator.py
[2023-11-15T04:09:22.590+0000] {processor.py:829} INFO - Processing file /home/airflow/.local/lib/python3.8/site-packages/airflow/example_dags/example_branch_operator.py for tasks to queue
[2023-11-15T04:09:22.592+0000] {logging_mixin.py:151} INFO - [2023-11-15T04:09:22.592+0000] {dagbag.py:536} INFO - Filling up the DagBag from /home/airflow/.local/lib/python3.8/site-packages/airflow/example_dags/example_branch_operator.py
[2023-11-15T04:09:22.603+0000] {processor.py:839} INFO - DAG(s) dict_keys(['example_branch_operator']) retrieved from /home/airflow/.local/lib/python3.8/site-packages/airflow/example_dags/example_branch_operator.py
[2023-11-15T04:09:22.633+0000] {logging_mixin.py:151} INFO - [2023-11-15T04:09:22.632+0000] {dag.py:2941} INFO - Sync 1 DAGs
[2023-11-15T04:09:22.666+0000] {logging_mixin.py:151} INFO - [2023-11-15T04:09:22.666+0000] {dag.py:3722} INFO - Setting next_dagrun for example_branch_operator to 2023-11-14T00:00:00+00:00, run_after=2023-11-15T00:00:00+00:00
[2023-11-15T04:09:22.691+0000] {processor.py:179} INFO - Processing /home/airflow/.local/lib/python3.8/site-packages/airflow/example_dags/example_branch_operator.py took 0.107 seconds
[2023-11-15T04:09:53.059+0000] {processor.py:157} INFO - Started process (PID=1476) to work on /home/airflow/.local/lib/python3.8/site-packages/airflow/example_dags/example_branch_operator.py
[2023-11-15T04:09:53.060+0000] {processor.py:829} INFO - Processing file /home/airflow/.local/lib/python3.8/site-packages/airflow/example_dags/example_branch_operator.py for tasks to queue
[2023-11-15T04:09:53.062+0000] {logging_mixin.py:151} INFO - [2023-11-15T04:09:53.062+0000] {dagbag.py:536} INFO - Filling up the DagBag from /home/airflow/.local/lib/python3.8/site-packages/airflow/example_dags/example_branch_operator.py
[2023-11-15T04:09:53.074+0000] {processor.py:839} INFO - DAG(s) dict_keys(['example_branch_operator']) retrieved from /home/airflow/.local/lib/python3.8/site-packages/airflow/example_dags/example_branch_operator.py
[2023-11-15T04:09:53.103+0000] {logging_mixin.py:151} INFO - [2023-11-15T04:09:53.103+0000] {dag.py:2941} INFO - Sync 1 DAGs
[2023-11-15T04:09:53.134+0000] {logging_mixin.py:151} INFO - [2023-11-15T04:09:53.134+0000] {dag.py:3722} INFO - Setting next_dagrun for example_branch_operator to 2023-11-14T00:00:00+00:00, run_after=2023-11-15T00:00:00+00:00
[2023-11-15T04:09:53.158+0000] {processor.py:179} INFO - Processing /home/airflow/.local/lib/python3.8/site-packages/airflow/example_dags/example_branch_operator.py took 0.103 seconds
[2023-11-15T04:10:23.581+0000] {processor.py:157} INFO - Started process (PID=1533) to work on /home/airflow/.local/lib/python3.8/site-packages/airflow/example_dags/example_branch_operator.py
[2023-11-15T04:10:23.582+0000] {processor.py:829} INFO - Processing file /home/airflow/.local/lib/python3.8/site-packages/airflow/example_dags/example_branch_operator.py for tasks to queue
[2023-11-15T04:10:23.585+0000] {logging_mixin.py:151} INFO - [2023-11-15T04:10:23.584+0000] {dagbag.py:536} INFO - Filling up the DagBag from /home/airflow/.local/lib/python3.8/site-packages/airflow/example_dags/example_branch_operator.py
[2023-11-15T04:10:23.598+0000] {processor.py:839} INFO - DAG(s) dict_keys(['example_branch_operator']) retrieved from /home/airflow/.local/lib/python3.8/site-packages/airflow/example_dags/example_branch_operator.py
[2023-11-15T04:10:23.655+0000] {logging_mixin.py:151} INFO - [2023-11-15T04:10:23.655+0000] {dag.py:2941} INFO - Sync 1 DAGs
[2023-11-15T04:10:23.698+0000] {logging_mixin.py:151} INFO - [2023-11-15T04:10:23.698+0000] {dag.py:3722} INFO - Setting next_dagrun for example_branch_operator to 2023-11-14T00:00:00+00:00, run_after=2023-11-15T00:00:00+00:00
[2023-11-15T04:10:23.729+0000] {processor.py:179} INFO - Processing /home/airflow/.local/lib/python3.8/site-packages/airflow/example_dags/example_branch_operator.py took 0.152 seconds
[2023-11-15T04:10:54.185+0000] {processor.py:157} INFO - Started process (PID=1591) to work on /home/airflow/.local/lib/python3.8/site-packages/airflow/example_dags/example_branch_operator.py
[2023-11-15T04:10:54.186+0000] {processor.py:829} INFO - Processing file /home/airflow/.local/lib/python3.8/site-packages/airflow/example_dags/example_branch_operator.py for tasks to queue
[2023-11-15T04:10:54.189+0000] {logging_mixin.py:151} INFO - [2023-11-15T04:10:54.188+0000] {dagbag.py:536} INFO - Filling up the DagBag from /home/airflow/.local/lib/python3.8/site-packages/airflow/example_dags/example_branch_operator.py
[2023-11-15T04:10:54.200+0000] {processor.py:839} INFO - DAG(s) dict_keys(['example_branch_operator']) retrieved from /home/airflow/.local/lib/python3.8/site-packages/airflow/example_dags/example_branch_operator.py
[2023-11-15T04:10:54.232+0000] {logging_mixin.py:151} INFO - [2023-11-15T04:10:54.232+0000] {dag.py:2941} INFO - Sync 1 DAGs
[2023-11-15T04:10:54.271+0000] {logging_mixin.py:151} INFO - [2023-11-15T04:10:54.270+0000] {dag.py:3722} INFO - Setting next_dagrun for example_branch_operator to 2023-11-14T00:00:00+00:00, run_after=2023-11-15T00:00:00+00:00
[2023-11-15T04:10:54.305+0000] {processor.py:179} INFO - Processing /home/airflow/.local/lib/python3.8/site-packages/airflow/example_dags/example_branch_operator.py took 0.124 seconds
[2023-11-15T04:11:24.382+0000] {processor.py:157} INFO - Started process (PID=1651) to work on /home/airflow/.local/lib/python3.8/site-packages/airflow/example_dags/example_branch_operator.py
[2023-11-15T04:11:24.384+0000] {processor.py:829} INFO - Processing file /home/airflow/.local/lib/python3.8/site-packages/airflow/example_dags/example_branch_operator.py for tasks to queue
[2023-11-15T04:11:24.387+0000] {logging_mixin.py:151} INFO - [2023-11-15T04:11:24.386+0000] {dagbag.py:536} INFO - Filling up the DagBag from /home/airflow/.local/lib/python3.8/site-packages/airflow/example_dags/example_branch_operator.py
[2023-11-15T04:11:24.402+0000] {processor.py:839} INFO - DAG(s) dict_keys(['example_branch_operator']) retrieved from /home/airflow/.local/lib/python3.8/site-packages/airflow/example_dags/example_branch_operator.py
[2023-11-15T04:11:24.444+0000] {logging_mixin.py:151} INFO - [2023-11-15T04:11:24.443+0000] {dag.py:2941} INFO - Sync 1 DAGs
[2023-11-15T04:11:24.487+0000] {logging_mixin.py:151} INFO - [2023-11-15T04:11:24.487+0000] {dag.py:3722} INFO - Setting next_dagrun for example_branch_operator to 2023-11-14T00:00:00+00:00, run_after=2023-11-15T00:00:00+00:00
[2023-11-15T04:11:24.527+0000] {processor.py:179} INFO - Processing /home/airflow/.local/lib/python3.8/site-packages/airflow/example_dags/example_branch_operator.py took 0.149 seconds
[2023-11-15T04:11:54.812+0000] {processor.py:157} INFO - Started process (PID=1713) to work on /home/airflow/.local/lib/python3.8/site-packages/airflow/example_dags/example_branch_operator.py
[2023-11-15T04:11:54.813+0000] {processor.py:829} INFO - Processing file /home/airflow/.local/lib/python3.8/site-packages/airflow/example_dags/example_branch_operator.py for tasks to queue
[2023-11-15T04:11:54.815+0000] {logging_mixin.py:151} INFO - [2023-11-15T04:11:54.815+0000] {dagbag.py:536} INFO - Filling up the DagBag from /home/airflow/.local/lib/python3.8/site-packages/airflow/example_dags/example_branch_operator.py
[2023-11-15T04:11:54.827+0000] {processor.py:839} INFO - DAG(s) dict_keys(['example_branch_operator']) retrieved from /home/airflow/.local/lib/python3.8/site-packages/airflow/example_dags/example_branch_operator.py
[2023-11-15T04:11:54.855+0000] {logging_mixin.py:151} INFO - [2023-11-15T04:11:54.854+0000] {dag.py:2941} INFO - Sync 1 DAGs
[2023-11-15T04:11:54.884+0000] {logging_mixin.py:151} INFO - [2023-11-15T04:11:54.884+0000] {dag.py:3722} INFO - Setting next_dagrun for example_branch_operator to 2023-11-14T00:00:00+00:00, run_after=2023-11-15T00:00:00+00:00
[2023-11-15T04:11:54.907+0000] {processor.py:179} INFO - Processing /home/airflow/.local/lib/python3.8/site-packages/airflow/example_dags/example_branch_operator.py took 0.099 seconds
[2023-11-15T04:12:25.695+0000] {processor.py:157} INFO - Started process (PID=1773) to work on /home/airflow/.local/lib/python3.8/site-packages/airflow/example_dags/example_branch_operator.py
[2023-11-15T04:12:25.696+0000] {processor.py:829} INFO - Processing file /home/airflow/.local/lib/python3.8/site-packages/airflow/example_dags/example_branch_operator.py for tasks to queue
[2023-11-15T04:12:25.698+0000] {logging_mixin.py:151} INFO - [2023-11-15T04:12:25.698+0000] {dagbag.py:536} INFO - Filling up the DagBag from /home/airflow/.local/lib/python3.8/site-packages/airflow/example_dags/example_branch_operator.py
[2023-11-15T04:12:25.709+0000] {processor.py:839} INFO - DAG(s) dict_keys(['example_branch_operator']) retrieved from /home/airflow/.local/lib/python3.8/site-packages/airflow/example_dags/example_branch_operator.py
[2023-11-15T04:12:25.736+0000] {logging_mixin.py:151} INFO - [2023-11-15T04:12:25.736+0000] {dag.py:2941} INFO - Sync 1 DAGs
[2023-11-15T04:12:25.763+0000] {logging_mixin.py:151} INFO - [2023-11-15T04:12:25.763+0000] {dag.py:3722} INFO - Setting next_dagrun for example_branch_operator to 2023-11-14T00:00:00+00:00, run_after=2023-11-15T00:00:00+00:00
[2023-11-15T04:12:25.784+0000] {processor.py:179} INFO - Processing /home/airflow/.local/lib/python3.8/site-packages/airflow/example_dags/example_branch_operator.py took 0.094 seconds
[2023-11-15T04:12:55.815+0000] {processor.py:157} INFO - Started process (PID=1833) to work on /home/airflow/.local/lib/python3.8/site-packages/airflow/example_dags/example_branch_operator.py
[2023-11-15T04:12:55.815+0000] {processor.py:829} INFO - Processing file /home/airflow/.local/lib/python3.8/site-packages/airflow/example_dags/example_branch_operator.py for tasks to queue
[2023-11-15T04:12:55.818+0000] {logging_mixin.py:151} INFO - [2023-11-15T04:12:55.817+0000] {dagbag.py:536} INFO - Filling up the DagBag from /home/airflow/.local/lib/python3.8/site-packages/airflow/example_dags/example_branch_operator.py
[2023-11-15T04:12:55.829+0000] {processor.py:839} INFO - DAG(s) dict_keys(['example_branch_operator']) retrieved from /home/airflow/.local/lib/python3.8/site-packages/airflow/example_dags/example_branch_operator.py
[2023-11-15T04:12:55.857+0000] {logging_mixin.py:151} INFO - [2023-11-15T04:12:55.857+0000] {dag.py:2941} INFO - Sync 1 DAGs
[2023-11-15T04:12:55.886+0000] {logging_mixin.py:151} INFO - [2023-11-15T04:12:55.886+0000] {dag.py:3722} INFO - Setting next_dagrun for example_branch_operator to 2023-11-14T00:00:00+00:00, run_after=2023-11-15T00:00:00+00:00
[2023-11-15T04:12:55.914+0000] {processor.py:179} INFO - Processing /home/airflow/.local/lib/python3.8/site-packages/airflow/example_dags/example_branch_operator.py took 0.104 seconds
[2023-11-15T04:13:26.562+0000] {processor.py:157} INFO - Started process (PID=1895) to work on /home/airflow/.local/lib/python3.8/site-packages/airflow/example_dags/example_branch_operator.py
[2023-11-15T04:13:26.564+0000] {processor.py:829} INFO - Processing file /home/airflow/.local/lib/python3.8/site-packages/airflow/example_dags/example_branch_operator.py for tasks to queue
[2023-11-15T04:13:26.566+0000] {logging_mixin.py:151} INFO - [2023-11-15T04:13:26.566+0000] {dagbag.py:536} INFO - Filling up the DagBag from /home/airflow/.local/lib/python3.8/site-packages/airflow/example_dags/example_branch_operator.py
[2023-11-15T04:13:26.578+0000] {processor.py:839} INFO - DAG(s) dict_keys(['example_branch_operator']) retrieved from /home/airflow/.local/lib/python3.8/site-packages/airflow/example_dags/example_branch_operator.py
[2023-11-15T04:13:26.606+0000] {logging_mixin.py:151} INFO - [2023-11-15T04:13:26.606+0000] {dag.py:2941} INFO - Sync 1 DAGs
[2023-11-15T04:13:26.636+0000] {logging_mixin.py:151} INFO - [2023-11-15T04:13:26.636+0000] {dag.py:3722} INFO - Setting next_dagrun for example_branch_operator to 2023-11-14T00:00:00+00:00, run_after=2023-11-15T00:00:00+00:00
[2023-11-15T04:13:26.664+0000] {processor.py:179} INFO - Processing /home/airflow/.local/lib/python3.8/site-packages/airflow/example_dags/example_branch_operator.py took 0.106 seconds
[2023-11-15T04:13:58.317+0000] {processor.py:157} INFO - Started process (PID=1952) to work on /home/airflow/.local/lib/python3.8/site-packages/airflow/example_dags/example_branch_operator.py
[2023-11-15T04:13:58.318+0000] {processor.py:829} INFO - Processing file /home/airflow/.local/lib/python3.8/site-packages/airflow/example_dags/example_branch_operator.py for tasks to queue
[2023-11-15T04:13:58.321+0000] {logging_mixin.py:151} INFO - [2023-11-15T04:13:58.320+0000] {dagbag.py:536} INFO - Filling up the DagBag from /home/airflow/.local/lib/python3.8/site-packages/airflow/example_dags/example_branch_operator.py
[2023-11-15T04:13:58.334+0000] {processor.py:839} INFO - DAG(s) dict_keys(['example_branch_operator']) retrieved from /home/airflow/.local/lib/python3.8/site-packages/airflow/example_dags/example_branch_operator.py
[2023-11-15T04:13:58.368+0000] {logging_mixin.py:151} INFO - [2023-11-15T04:13:58.368+0000] {dag.py:2941} INFO - Sync 1 DAGs
[2023-11-15T04:13:58.577+0000] {logging_mixin.py:151} INFO - [2023-11-15T04:13:58.577+0000] {dag.py:3722} INFO - Setting next_dagrun for example_branch_operator to 2023-11-14T00:00:00+00:00, run_after=2023-11-15T00:00:00+00:00
[2023-11-15T04:13:58.631+0000] {processor.py:179} INFO - Processing /home/airflow/.local/lib/python3.8/site-packages/airflow/example_dags/example_branch_operator.py took 0.319 seconds
[2023-11-15T04:14:28.836+0000] {processor.py:157} INFO - Started process (PID=2009) to work on /home/airflow/.local/lib/python3.8/site-packages/airflow/example_dags/example_branch_operator.py
[2023-11-15T04:14:28.838+0000] {processor.py:829} INFO - Processing file /home/airflow/.local/lib/python3.8/site-packages/airflow/example_dags/example_branch_operator.py for tasks to queue
[2023-11-15T04:14:28.840+0000] {logging_mixin.py:151} INFO - [2023-11-15T04:14:28.840+0000] {dagbag.py:536} INFO - Filling up the DagBag from /home/airflow/.local/lib/python3.8/site-packages/airflow/example_dags/example_branch_operator.py
[2023-11-15T04:14:28.853+0000] {processor.py:839} INFO - DAG(s) dict_keys(['example_branch_operator']) retrieved from /home/airflow/.local/lib/python3.8/site-packages/airflow/example_dags/example_branch_operator.py
[2023-11-15T04:14:28.885+0000] {logging_mixin.py:151} INFO - [2023-11-15T04:14:28.885+0000] {dag.py:2941} INFO - Sync 1 DAGs
[2023-11-15T04:14:28.915+0000] {logging_mixin.py:151} INFO - [2023-11-15T04:14:28.915+0000] {dag.py:3722} INFO - Setting next_dagrun for example_branch_operator to 2023-11-14T00:00:00+00:00, run_after=2023-11-15T00:00:00+00:00
[2023-11-15T04:14:29.109+0000] {processor.py:179} INFO - Processing /home/airflow/.local/lib/python3.8/site-packages/airflow/example_dags/example_branch_operator.py took 0.278 seconds
[2023-11-15T04:14:59.921+0000] {processor.py:157} INFO - Started process (PID=2067) to work on /home/airflow/.local/lib/python3.8/site-packages/airflow/example_dags/example_branch_operator.py
[2023-11-15T04:14:59.922+0000] {processor.py:829} INFO - Processing file /home/airflow/.local/lib/python3.8/site-packages/airflow/example_dags/example_branch_operator.py for tasks to queue
[2023-11-15T04:14:59.925+0000] {logging_mixin.py:151} INFO - [2023-11-15T04:14:59.924+0000] {dagbag.py:536} INFO - Filling up the DagBag from /home/airflow/.local/lib/python3.8/site-packages/airflow/example_dags/example_branch_operator.py
[2023-11-15T04:14:59.937+0000] {processor.py:839} INFO - DAG(s) dict_keys(['example_branch_operator']) retrieved from /home/airflow/.local/lib/python3.8/site-packages/airflow/example_dags/example_branch_operator.py
[2023-11-15T04:14:59.965+0000] {logging_mixin.py:151} INFO - [2023-11-15T04:14:59.965+0000] {dag.py:2941} INFO - Sync 1 DAGs
[2023-11-15T04:14:59.993+0000] {logging_mixin.py:151} INFO - [2023-11-15T04:14:59.993+0000] {dag.py:3722} INFO - Setting next_dagrun for example_branch_operator to 2023-11-14T00:00:00+00:00, run_after=2023-11-15T00:00:00+00:00
[2023-11-15T04:15:00.020+0000] {processor.py:179} INFO - Processing /home/airflow/.local/lib/python3.8/site-packages/airflow/example_dags/example_branch_operator.py took 0.103 seconds
[2023-11-15T04:15:30.998+0000] {processor.py:157} INFO - Started process (PID=2125) to work on /home/airflow/.local/lib/python3.8/site-packages/airflow/example_dags/example_branch_operator.py
[2023-11-15T04:15:31.000+0000] {processor.py:829} INFO - Processing file /home/airflow/.local/lib/python3.8/site-packages/airflow/example_dags/example_branch_operator.py for tasks to queue
[2023-11-15T04:15:31.002+0000] {logging_mixin.py:151} INFO - [2023-11-15T04:15:31.002+0000] {dagbag.py:536} INFO - Filling up the DagBag from /home/airflow/.local/lib/python3.8/site-packages/airflow/example_dags/example_branch_operator.py
[2023-11-15T04:15:31.013+0000] {processor.py:839} INFO - DAG(s) dict_keys(['example_branch_operator']) retrieved from /home/airflow/.local/lib/python3.8/site-packages/airflow/example_dags/example_branch_operator.py
[2023-11-15T04:15:31.222+0000] {logging_mixin.py:151} INFO - [2023-11-15T04:15:31.222+0000] {dag.py:2941} INFO - Sync 1 DAGs
[2023-11-15T04:15:31.252+0000] {logging_mixin.py:151} INFO - [2023-11-15T04:15:31.252+0000] {dag.py:3722} INFO - Setting next_dagrun for example_branch_operator to 2023-11-14T00:00:00+00:00, run_after=2023-11-15T00:00:00+00:00
[2023-11-15T04:15:31.281+0000] {processor.py:179} INFO - Processing /home/airflow/.local/lib/python3.8/site-packages/airflow/example_dags/example_branch_operator.py took 0.287 seconds
[2023-11-15T04:16:01.415+0000] {processor.py:157} INFO - Started process (PID=2184) to work on /home/airflow/.local/lib/python3.8/site-packages/airflow/example_dags/example_branch_operator.py
[2023-11-15T04:16:01.416+0000] {processor.py:829} INFO - Processing file /home/airflow/.local/lib/python3.8/site-packages/airflow/example_dags/example_branch_operator.py for tasks to queue
[2023-11-15T04:16:01.419+0000] {logging_mixin.py:151} INFO - [2023-11-15T04:16:01.418+0000] {dagbag.py:536} INFO - Filling up the DagBag from /home/airflow/.local/lib/python3.8/site-packages/airflow/example_dags/example_branch_operator.py
[2023-11-15T04:16:01.430+0000] {processor.py:839} INFO - DAG(s) dict_keys(['example_branch_operator']) retrieved from /home/airflow/.local/lib/python3.8/site-packages/airflow/example_dags/example_branch_operator.py
[2023-11-15T04:16:01.458+0000] {logging_mixin.py:151} INFO - [2023-11-15T04:16:01.458+0000] {dag.py:2941} INFO - Sync 1 DAGs
[2023-11-15T04:16:01.664+0000] {logging_mixin.py:151} INFO - [2023-11-15T04:16:01.664+0000] {dag.py:3722} INFO - Setting next_dagrun for example_branch_operator to 2023-11-14T00:00:00+00:00, run_after=2023-11-15T00:00:00+00:00
[2023-11-15T04:16:01.688+0000] {processor.py:179} INFO - Processing /home/airflow/.local/lib/python3.8/site-packages/airflow/example_dags/example_branch_operator.py took 0.277 seconds
[2023-11-15T04:16:31.930+0000] {processor.py:157} INFO - Started process (PID=2243) to work on /home/airflow/.local/lib/python3.8/site-packages/airflow/example_dags/example_branch_operator.py
[2023-11-15T04:16:31.931+0000] {processor.py:829} INFO - Processing file /home/airflow/.local/lib/python3.8/site-packages/airflow/example_dags/example_branch_operator.py for tasks to queue
[2023-11-15T04:16:31.934+0000] {logging_mixin.py:151} INFO - [2023-11-15T04:16:31.934+0000] {dagbag.py:536} INFO - Filling up the DagBag from /home/airflow/.local/lib/python3.8/site-packages/airflow/example_dags/example_branch_operator.py
[2023-11-15T04:16:31.946+0000] {processor.py:839} INFO - DAG(s) dict_keys(['example_branch_operator']) retrieved from /home/airflow/.local/lib/python3.8/site-packages/airflow/example_dags/example_branch_operator.py
[2023-11-15T04:16:31.976+0000] {logging_mixin.py:151} INFO - [2023-11-15T04:16:31.976+0000] {dag.py:2941} INFO - Sync 1 DAGs
[2023-11-15T04:16:32.006+0000] {logging_mixin.py:151} INFO - [2023-11-15T04:16:32.006+0000] {dag.py:3722} INFO - Setting next_dagrun for example_branch_operator to 2023-11-14T00:00:00+00:00, run_after=2023-11-15T00:00:00+00:00
[2023-11-15T04:16:32.037+0000] {processor.py:179} INFO - Processing /home/airflow/.local/lib/python3.8/site-packages/airflow/example_dags/example_branch_operator.py took 0.111 seconds
[2023-11-15T04:17:02.233+0000] {processor.py:157} INFO - Started process (PID=2300) to work on /home/airflow/.local/lib/python3.8/site-packages/airflow/example_dags/example_branch_operator.py
[2023-11-15T04:17:02.234+0000] {processor.py:829} INFO - Processing file /home/airflow/.local/lib/python3.8/site-packages/airflow/example_dags/example_branch_operator.py for tasks to queue
[2023-11-15T04:17:02.237+0000] {logging_mixin.py:151} INFO - [2023-11-15T04:17:02.237+0000] {dagbag.py:536} INFO - Filling up the DagBag from /home/airflow/.local/lib/python3.8/site-packages/airflow/example_dags/example_branch_operator.py
[2023-11-15T04:17:02.249+0000] {processor.py:839} INFO - DAG(s) dict_keys(['example_branch_operator']) retrieved from /home/airflow/.local/lib/python3.8/site-packages/airflow/example_dags/example_branch_operator.py
[2023-11-15T04:17:02.283+0000] {logging_mixin.py:151} INFO - [2023-11-15T04:17:02.282+0000] {dag.py:2941} INFO - Sync 1 DAGs
[2023-11-15T04:17:02.325+0000] {logging_mixin.py:151} INFO - [2023-11-15T04:17:02.325+0000] {dag.py:3722} INFO - Setting next_dagrun for example_branch_operator to 2023-11-14T00:00:00+00:00, run_after=2023-11-15T00:00:00+00:00
[2023-11-15T04:17:02.352+0000] {processor.py:179} INFO - Processing /home/airflow/.local/lib/python3.8/site-packages/airflow/example_dags/example_branch_operator.py took 0.124 seconds
[2023-11-15T04:17:32.872+0000] {processor.py:157} INFO - Started process (PID=2357) to work on /home/airflow/.local/lib/python3.8/site-packages/airflow/example_dags/example_branch_operator.py
[2023-11-15T04:17:32.874+0000] {processor.py:829} INFO - Processing file /home/airflow/.local/lib/python3.8/site-packages/airflow/example_dags/example_branch_operator.py for tasks to queue
[2023-11-15T04:17:32.876+0000] {logging_mixin.py:151} INFO - [2023-11-15T04:17:32.876+0000] {dagbag.py:536} INFO - Filling up the DagBag from /home/airflow/.local/lib/python3.8/site-packages/airflow/example_dags/example_branch_operator.py
[2023-11-15T04:17:32.888+0000] {processor.py:839} INFO - DAG(s) dict_keys(['example_branch_operator']) retrieved from /home/airflow/.local/lib/python3.8/site-packages/airflow/example_dags/example_branch_operator.py
[2023-11-15T04:17:32.917+0000] {logging_mixin.py:151} INFO - [2023-11-15T04:17:32.917+0000] {dag.py:2941} INFO - Sync 1 DAGs
[2023-11-15T04:17:32.946+0000] {logging_mixin.py:151} INFO - [2023-11-15T04:17:32.946+0000] {dag.py:3722} INFO - Setting next_dagrun for example_branch_operator to 2023-11-14T00:00:00+00:00, run_after=2023-11-15T00:00:00+00:00
[2023-11-15T04:17:32.967+0000] {processor.py:179} INFO - Processing /home/airflow/.local/lib/python3.8/site-packages/airflow/example_dags/example_branch_operator.py took 0.099 seconds
[2023-11-15T04:18:03.284+0000] {processor.py:157} INFO - Started process (PID=2415) to work on /home/airflow/.local/lib/python3.8/site-packages/airflow/example_dags/example_branch_operator.py
[2023-11-15T04:18:03.285+0000] {processor.py:829} INFO - Processing file /home/airflow/.local/lib/python3.8/site-packages/airflow/example_dags/example_branch_operator.py for tasks to queue
[2023-11-15T04:18:03.287+0000] {logging_mixin.py:151} INFO - [2023-11-15T04:18:03.287+0000] {dagbag.py:536} INFO - Filling up the DagBag from /home/airflow/.local/lib/python3.8/site-packages/airflow/example_dags/example_branch_operator.py
[2023-11-15T04:18:03.299+0000] {processor.py:839} INFO - DAG(s) dict_keys(['example_branch_operator']) retrieved from /home/airflow/.local/lib/python3.8/site-packages/airflow/example_dags/example_branch_operator.py
[2023-11-15T04:18:03.327+0000] {logging_mixin.py:151} INFO - [2023-11-15T04:18:03.327+0000] {dag.py:2941} INFO - Sync 1 DAGs
[2023-11-15T04:18:03.357+0000] {logging_mixin.py:151} INFO - [2023-11-15T04:18:03.357+0000] {dag.py:3722} INFO - Setting next_dagrun for example_branch_operator to 2023-11-14T00:00:00+00:00, run_after=2023-11-15T00:00:00+00:00
[2023-11-15T04:18:03.380+0000] {processor.py:179} INFO - Processing /home/airflow/.local/lib/python3.8/site-packages/airflow/example_dags/example_branch_operator.py took 0.101 seconds
[2023-11-15T04:18:33.812+0000] {processor.py:157} INFO - Started process (PID=2472) to work on /home/airflow/.local/lib/python3.8/site-packages/airflow/example_dags/example_branch_operator.py
[2023-11-15T04:18:33.813+0000] {processor.py:829} INFO - Processing file /home/airflow/.local/lib/python3.8/site-packages/airflow/example_dags/example_branch_operator.py for tasks to queue
[2023-11-15T04:18:33.816+0000] {logging_mixin.py:151} INFO - [2023-11-15T04:18:33.816+0000] {dagbag.py:536} INFO - Filling up the DagBag from /home/airflow/.local/lib/python3.8/site-packages/airflow/example_dags/example_branch_operator.py
[2023-11-15T04:18:33.828+0000] {processor.py:839} INFO - DAG(s) dict_keys(['example_branch_operator']) retrieved from /home/airflow/.local/lib/python3.8/site-packages/airflow/example_dags/example_branch_operator.py
[2023-11-15T04:18:33.859+0000] {logging_mixin.py:151} INFO - [2023-11-15T04:18:33.859+0000] {dag.py:2941} INFO - Sync 1 DAGs
[2023-11-15T04:18:33.889+0000] {logging_mixin.py:151} INFO - [2023-11-15T04:18:33.889+0000] {dag.py:3722} INFO - Setting next_dagrun for example_branch_operator to 2023-11-14T00:00:00+00:00, run_after=2023-11-15T00:00:00+00:00
[2023-11-15T04:18:33.912+0000] {processor.py:179} INFO - Processing /home/airflow/.local/lib/python3.8/site-packages/airflow/example_dags/example_branch_operator.py took 0.104 seconds
[2023-11-15T04:19:04.339+0000] {processor.py:157} INFO - Started process (PID=2531) to work on /home/airflow/.local/lib/python3.8/site-packages/airflow/example_dags/example_branch_operator.py
[2023-11-15T04:19:04.340+0000] {processor.py:829} INFO - Processing file /home/airflow/.local/lib/python3.8/site-packages/airflow/example_dags/example_branch_operator.py for tasks to queue
[2023-11-15T04:19:04.342+0000] {logging_mixin.py:151} INFO - [2023-11-15T04:19:04.342+0000] {dagbag.py:536} INFO - Filling up the DagBag from /home/airflow/.local/lib/python3.8/site-packages/airflow/example_dags/example_branch_operator.py
[2023-11-15T04:19:04.353+0000] {processor.py:839} INFO - DAG(s) dict_keys(['example_branch_operator']) retrieved from /home/airflow/.local/lib/python3.8/site-packages/airflow/example_dags/example_branch_operator.py
[2023-11-15T04:19:04.384+0000] {logging_mixin.py:151} INFO - [2023-11-15T04:19:04.383+0000] {dag.py:2941} INFO - Sync 1 DAGs
[2023-11-15T04:19:04.412+0000] {logging_mixin.py:151} INFO - [2023-11-15T04:19:04.412+0000] {dag.py:3722} INFO - Setting next_dagrun for example_branch_operator to 2023-11-14T00:00:00+00:00, run_after=2023-11-15T00:00:00+00:00
[2023-11-15T04:19:04.436+0000] {processor.py:179} INFO - Processing /home/airflow/.local/lib/python3.8/site-packages/airflow/example_dags/example_branch_operator.py took 0.101 seconds
[2023-11-15T04:19:34.720+0000] {processor.py:157} INFO - Started process (PID=2591) to work on /home/airflow/.local/lib/python3.8/site-packages/airflow/example_dags/example_branch_operator.py
[2023-11-15T04:19:34.721+0000] {processor.py:829} INFO - Processing file /home/airflow/.local/lib/python3.8/site-packages/airflow/example_dags/example_branch_operator.py for tasks to queue
[2023-11-15T04:19:34.724+0000] {logging_mixin.py:151} INFO - [2023-11-15T04:19:34.723+0000] {dagbag.py:536} INFO - Filling up the DagBag from /home/airflow/.local/lib/python3.8/site-packages/airflow/example_dags/example_branch_operator.py
[2023-11-15T04:19:34.736+0000] {processor.py:839} INFO - DAG(s) dict_keys(['example_branch_operator']) retrieved from /home/airflow/.local/lib/python3.8/site-packages/airflow/example_dags/example_branch_operator.py
[2023-11-15T04:19:34.765+0000] {logging_mixin.py:151} INFO - [2023-11-15T04:19:34.765+0000] {dag.py:2941} INFO - Sync 1 DAGs
[2023-11-15T04:19:34.800+0000] {logging_mixin.py:151} INFO - [2023-11-15T04:19:34.800+0000] {dag.py:3722} INFO - Setting next_dagrun for example_branch_operator to 2023-11-14T00:00:00+00:00, run_after=2023-11-15T00:00:00+00:00
[2023-11-15T04:19:34.824+0000] {processor.py:179} INFO - Processing /home/airflow/.local/lib/python3.8/site-packages/airflow/example_dags/example_branch_operator.py took 0.109 seconds
[2023-11-15T04:20:05.065+0000] {processor.py:157} INFO - Started process (PID=2651) to work on /home/airflow/.local/lib/python3.8/site-packages/airflow/example_dags/example_branch_operator.py
[2023-11-15T04:20:05.066+0000] {processor.py:829} INFO - Processing file /home/airflow/.local/lib/python3.8/site-packages/airflow/example_dags/example_branch_operator.py for tasks to queue
[2023-11-15T04:20:05.069+0000] {logging_mixin.py:151} INFO - [2023-11-15T04:20:05.068+0000] {dagbag.py:536} INFO - Filling up the DagBag from /home/airflow/.local/lib/python3.8/site-packages/airflow/example_dags/example_branch_operator.py
[2023-11-15T04:20:05.080+0000] {processor.py:839} INFO - DAG(s) dict_keys(['example_branch_operator']) retrieved from /home/airflow/.local/lib/python3.8/site-packages/airflow/example_dags/example_branch_operator.py
[2023-11-15T04:20:05.110+0000] {logging_mixin.py:151} INFO - [2023-11-15T04:20:05.109+0000] {dag.py:2941} INFO - Sync 1 DAGs
[2023-11-15T04:20:05.138+0000] {logging_mixin.py:151} INFO - [2023-11-15T04:20:05.138+0000] {dag.py:3722} INFO - Setting next_dagrun for example_branch_operator to 2023-11-14T00:00:00+00:00, run_after=2023-11-15T00:00:00+00:00
[2023-11-15T04:20:05.162+0000] {processor.py:179} INFO - Processing /home/airflow/.local/lib/python3.8/site-packages/airflow/example_dags/example_branch_operator.py took 0.101 seconds
[2023-11-15T04:20:35.727+0000] {processor.py:157} INFO - Started process (PID=2711) to work on /home/airflow/.local/lib/python3.8/site-packages/airflow/example_dags/example_branch_operator.py
[2023-11-15T04:20:35.728+0000] {processor.py:829} INFO - Processing file /home/airflow/.local/lib/python3.8/site-packages/airflow/example_dags/example_branch_operator.py for tasks to queue
[2023-11-15T04:20:35.730+0000] {logging_mixin.py:151} INFO - [2023-11-15T04:20:35.730+0000] {dagbag.py:536} INFO - Filling up the DagBag from /home/airflow/.local/lib/python3.8/site-packages/airflow/example_dags/example_branch_operator.py
[2023-11-15T04:20:35.743+0000] {processor.py:839} INFO - DAG(s) dict_keys(['example_branch_operator']) retrieved from /home/airflow/.local/lib/python3.8/site-packages/airflow/example_dags/example_branch_operator.py
[2023-11-15T04:20:35.775+0000] {logging_mixin.py:151} INFO - [2023-11-15T04:20:35.775+0000] {dag.py:2941} INFO - Sync 1 DAGs
[2023-11-15T04:20:35.807+0000] {logging_mixin.py:151} INFO - [2023-11-15T04:20:35.807+0000] {dag.py:3722} INFO - Setting next_dagrun for example_branch_operator to 2023-11-14T00:00:00+00:00, run_after=2023-11-15T00:00:00+00:00
[2023-11-15T04:20:35.833+0000] {processor.py:179} INFO - Processing /home/airflow/.local/lib/python3.8/site-packages/airflow/example_dags/example_branch_operator.py took 0.110 seconds
[2023-11-15T04:21:05.974+0000] {processor.py:157} INFO - Started process (PID=2775) to work on /home/airflow/.local/lib/python3.8/site-packages/airflow/example_dags/example_branch_operator.py
[2023-11-15T04:21:05.975+0000] {processor.py:829} INFO - Processing file /home/airflow/.local/lib/python3.8/site-packages/airflow/example_dags/example_branch_operator.py for tasks to queue
[2023-11-15T04:21:05.978+0000] {logging_mixin.py:151} INFO - [2023-11-15T04:21:05.978+0000] {dagbag.py:536} INFO - Filling up the DagBag from /home/airflow/.local/lib/python3.8/site-packages/airflow/example_dags/example_branch_operator.py
[2023-11-15T04:21:05.990+0000] {processor.py:839} INFO - DAG(s) dict_keys(['example_branch_operator']) retrieved from /home/airflow/.local/lib/python3.8/site-packages/airflow/example_dags/example_branch_operator.py
[2023-11-15T04:21:06.021+0000] {logging_mixin.py:151} INFO - [2023-11-15T04:21:06.021+0000] {dag.py:2941} INFO - Sync 1 DAGs
[2023-11-15T04:21:06.052+0000] {logging_mixin.py:151} INFO - [2023-11-15T04:21:06.052+0000] {dag.py:3722} INFO - Setting next_dagrun for example_branch_operator to 2023-11-14T00:00:00+00:00, run_after=2023-11-15T00:00:00+00:00
[2023-11-15T04:21:06.076+0000] {processor.py:179} INFO - Processing /home/airflow/.local/lib/python3.8/site-packages/airflow/example_dags/example_branch_operator.py took 0.106 seconds
[2023-11-15T04:21:36.679+0000] {processor.py:157} INFO - Started process (PID=2835) to work on /home/airflow/.local/lib/python3.8/site-packages/airflow/example_dags/example_branch_operator.py
[2023-11-15T04:21:36.680+0000] {processor.py:829} INFO - Processing file /home/airflow/.local/lib/python3.8/site-packages/airflow/example_dags/example_branch_operator.py for tasks to queue
[2023-11-15T04:21:36.683+0000] {logging_mixin.py:151} INFO - [2023-11-15T04:21:36.682+0000] {dagbag.py:536} INFO - Filling up the DagBag from /home/airflow/.local/lib/python3.8/site-packages/airflow/example_dags/example_branch_operator.py
[2023-11-15T04:21:36.695+0000] {processor.py:839} INFO - DAG(s) dict_keys(['example_branch_operator']) retrieved from /home/airflow/.local/lib/python3.8/site-packages/airflow/example_dags/example_branch_operator.py
[2023-11-15T04:21:36.724+0000] {logging_mixin.py:151} INFO - [2023-11-15T04:21:36.724+0000] {dag.py:2941} INFO - Sync 1 DAGs
[2023-11-15T04:21:36.755+0000] {logging_mixin.py:151} INFO - [2023-11-15T04:21:36.755+0000] {dag.py:3722} INFO - Setting next_dagrun for example_branch_operator to 2023-11-14T00:00:00+00:00, run_after=2023-11-15T00:00:00+00:00
[2023-11-15T04:21:36.779+0000] {processor.py:179} INFO - Processing /home/airflow/.local/lib/python3.8/site-packages/airflow/example_dags/example_branch_operator.py took 0.104 seconds
[2023-11-15T04:22:07.108+0000] {processor.py:157} INFO - Started process (PID=2896) to work on /home/airflow/.local/lib/python3.8/site-packages/airflow/example_dags/example_branch_operator.py
[2023-11-15T04:22:07.109+0000] {processor.py:829} INFO - Processing file /home/airflow/.local/lib/python3.8/site-packages/airflow/example_dags/example_branch_operator.py for tasks to queue
[2023-11-15T04:22:07.111+0000] {logging_mixin.py:151} INFO - [2023-11-15T04:22:07.111+0000] {dagbag.py:536} INFO - Filling up the DagBag from /home/airflow/.local/lib/python3.8/site-packages/airflow/example_dags/example_branch_operator.py
[2023-11-15T04:22:07.123+0000] {processor.py:839} INFO - DAG(s) dict_keys(['example_branch_operator']) retrieved from /home/airflow/.local/lib/python3.8/site-packages/airflow/example_dags/example_branch_operator.py
[2023-11-15T04:22:07.153+0000] {logging_mixin.py:151} INFO - [2023-11-15T04:22:07.153+0000] {dag.py:2941} INFO - Sync 1 DAGs
[2023-11-15T04:22:07.184+0000] {logging_mixin.py:151} INFO - [2023-11-15T04:22:07.184+0000] {dag.py:3722} INFO - Setting next_dagrun for example_branch_operator to 2023-11-14T00:00:00+00:00, run_after=2023-11-15T00:00:00+00:00
[2023-11-15T04:22:07.208+0000] {processor.py:179} INFO - Processing /home/airflow/.local/lib/python3.8/site-packages/airflow/example_dags/example_branch_operator.py took 0.105 seconds
[2023-11-15T04:22:37.428+0000] {processor.py:157} INFO - Started process (PID=2956) to work on /home/airflow/.local/lib/python3.8/site-packages/airflow/example_dags/example_branch_operator.py
[2023-11-15T04:22:37.429+0000] {processor.py:829} INFO - Processing file /home/airflow/.local/lib/python3.8/site-packages/airflow/example_dags/example_branch_operator.py for tasks to queue
[2023-11-15T04:22:37.434+0000] {logging_mixin.py:151} INFO - [2023-11-15T04:22:37.433+0000] {dagbag.py:536} INFO - Filling up the DagBag from /home/airflow/.local/lib/python3.8/site-packages/airflow/example_dags/example_branch_operator.py
[2023-11-15T04:22:37.452+0000] {processor.py:839} INFO - DAG(s) dict_keys(['example_branch_operator']) retrieved from /home/airflow/.local/lib/python3.8/site-packages/airflow/example_dags/example_branch_operator.py
[2023-11-15T04:22:37.491+0000] {logging_mixin.py:151} INFO - [2023-11-15T04:22:37.490+0000] {dag.py:2941} INFO - Sync 1 DAGs
[2023-11-15T04:22:37.528+0000] {logging_mixin.py:151} INFO - [2023-11-15T04:22:37.528+0000] {dag.py:3722} INFO - Setting next_dagrun for example_branch_operator to 2023-11-14T00:00:00+00:00, run_after=2023-11-15T00:00:00+00:00
[2023-11-15T04:22:37.551+0000] {processor.py:179} INFO - Processing /home/airflow/.local/lib/python3.8/site-packages/airflow/example_dags/example_branch_operator.py took 0.130 seconds
[2023-11-15T04:23:08.043+0000] {processor.py:157} INFO - Started process (PID=3017) to work on /home/airflow/.local/lib/python3.8/site-packages/airflow/example_dags/example_branch_operator.py
[2023-11-15T04:23:08.045+0000] {processor.py:829} INFO - Processing file /home/airflow/.local/lib/python3.8/site-packages/airflow/example_dags/example_branch_operator.py for tasks to queue
[2023-11-15T04:23:08.050+0000] {logging_mixin.py:151} INFO - [2023-11-15T04:23:08.050+0000] {dagbag.py:536} INFO - Filling up the DagBag from /home/airflow/.local/lib/python3.8/site-packages/airflow/example_dags/example_branch_operator.py
[2023-11-15T04:23:08.064+0000] {processor.py:839} INFO - DAG(s) dict_keys(['example_branch_operator']) retrieved from /home/airflow/.local/lib/python3.8/site-packages/airflow/example_dags/example_branch_operator.py
[2023-11-15T04:23:08.101+0000] {logging_mixin.py:151} INFO - [2023-11-15T04:23:08.100+0000] {dag.py:2941} INFO - Sync 1 DAGs
[2023-11-15T04:23:08.142+0000] {logging_mixin.py:151} INFO - [2023-11-15T04:23:08.141+0000] {dag.py:3722} INFO - Setting next_dagrun for example_branch_operator to 2023-11-14T00:00:00+00:00, run_after=2023-11-15T00:00:00+00:00
[2023-11-15T04:23:08.167+0000] {processor.py:179} INFO - Processing /home/airflow/.local/lib/python3.8/site-packages/airflow/example_dags/example_branch_operator.py took 0.129 seconds
[2023-11-15T04:23:38.765+0000] {processor.py:157} INFO - Started process (PID=3075) to work on /home/airflow/.local/lib/python3.8/site-packages/airflow/example_dags/example_branch_operator.py
[2023-11-15T04:23:38.766+0000] {processor.py:829} INFO - Processing file /home/airflow/.local/lib/python3.8/site-packages/airflow/example_dags/example_branch_operator.py for tasks to queue
[2023-11-15T04:23:38.768+0000] {logging_mixin.py:151} INFO - [2023-11-15T04:23:38.768+0000] {dagbag.py:536} INFO - Filling up the DagBag from /home/airflow/.local/lib/python3.8/site-packages/airflow/example_dags/example_branch_operator.py
[2023-11-15T04:23:38.780+0000] {processor.py:839} INFO - DAG(s) dict_keys(['example_branch_operator']) retrieved from /home/airflow/.local/lib/python3.8/site-packages/airflow/example_dags/example_branch_operator.py
[2023-11-15T04:23:38.811+0000] {logging_mixin.py:151} INFO - [2023-11-15T04:23:38.811+0000] {dag.py:2941} INFO - Sync 1 DAGs
[2023-11-15T04:23:38.843+0000] {logging_mixin.py:151} INFO - [2023-11-15T04:23:38.843+0000] {dag.py:3722} INFO - Setting next_dagrun for example_branch_operator to 2023-11-14T00:00:00+00:00, run_after=2023-11-15T00:00:00+00:00
[2023-11-15T04:23:38.869+0000] {processor.py:179} INFO - Processing /home/airflow/.local/lib/python3.8/site-packages/airflow/example_dags/example_branch_operator.py took 0.108 seconds
[2023-11-15T04:24:10.050+0000] {processor.py:157} INFO - Started process (PID=3133) to work on /home/airflow/.local/lib/python3.8/site-packages/airflow/example_dags/example_branch_operator.py
[2023-11-15T04:24:10.051+0000] {processor.py:829} INFO - Processing file /home/airflow/.local/lib/python3.8/site-packages/airflow/example_dags/example_branch_operator.py for tasks to queue
[2023-11-15T04:24:10.054+0000] {logging_mixin.py:151} INFO - [2023-11-15T04:24:10.053+0000] {dagbag.py:536} INFO - Filling up the DagBag from /home/airflow/.local/lib/python3.8/site-packages/airflow/example_dags/example_branch_operator.py
[2023-11-15T04:24:10.066+0000] {processor.py:839} INFO - DAG(s) dict_keys(['example_branch_operator']) retrieved from /home/airflow/.local/lib/python3.8/site-packages/airflow/example_dags/example_branch_operator.py
[2023-11-15T04:24:10.094+0000] {logging_mixin.py:151} INFO - [2023-11-15T04:24:10.094+0000] {dag.py:2941} INFO - Sync 1 DAGs
[2023-11-15T04:24:10.124+0000] {logging_mixin.py:151} INFO - [2023-11-15T04:24:10.123+0000] {dag.py:3722} INFO - Setting next_dagrun for example_branch_operator to 2023-11-14T00:00:00+00:00, run_after=2023-11-15T00:00:00+00:00
[2023-11-15T04:24:10.148+0000] {processor.py:179} INFO - Processing /home/airflow/.local/lib/python3.8/site-packages/airflow/example_dags/example_branch_operator.py took 0.102 seconds
[2023-11-15T04:24:41.350+0000] {processor.py:157} INFO - Started process (PID=3191) to work on /home/airflow/.local/lib/python3.8/site-packages/airflow/example_dags/example_branch_operator.py
[2023-11-15T04:24:41.351+0000] {processor.py:829} INFO - Processing file /home/airflow/.local/lib/python3.8/site-packages/airflow/example_dags/example_branch_operator.py for tasks to queue
[2023-11-15T04:24:41.354+0000] {logging_mixin.py:151} INFO - [2023-11-15T04:24:41.353+0000] {dagbag.py:536} INFO - Filling up the DagBag from /home/airflow/.local/lib/python3.8/site-packages/airflow/example_dags/example_branch_operator.py
[2023-11-15T04:24:41.367+0000] {processor.py:839} INFO - DAG(s) dict_keys(['example_branch_operator']) retrieved from /home/airflow/.local/lib/python3.8/site-packages/airflow/example_dags/example_branch_operator.py
[2023-11-15T04:24:41.405+0000] {logging_mixin.py:151} INFO - [2023-11-15T04:24:41.405+0000] {dag.py:2941} INFO - Sync 1 DAGs
[2023-11-15T04:24:41.450+0000] {logging_mixin.py:151} INFO - [2023-11-15T04:24:41.450+0000] {dag.py:3722} INFO - Setting next_dagrun for example_branch_operator to 2023-11-14T00:00:00+00:00, run_after=2023-11-15T00:00:00+00:00
[2023-11-15T04:24:41.485+0000] {processor.py:179} INFO - Processing /home/airflow/.local/lib/python3.8/site-packages/airflow/example_dags/example_branch_operator.py took 0.139 seconds
[2023-11-15T04:25:11.695+0000] {processor.py:157} INFO - Started process (PID=3249) to work on /home/airflow/.local/lib/python3.8/site-packages/airflow/example_dags/example_branch_operator.py
[2023-11-15T04:25:11.696+0000] {processor.py:829} INFO - Processing file /home/airflow/.local/lib/python3.8/site-packages/airflow/example_dags/example_branch_operator.py for tasks to queue
[2023-11-15T04:25:11.699+0000] {logging_mixin.py:151} INFO - [2023-11-15T04:25:11.698+0000] {dagbag.py:536} INFO - Filling up the DagBag from /home/airflow/.local/lib/python3.8/site-packages/airflow/example_dags/example_branch_operator.py
[2023-11-15T04:25:11.710+0000] {processor.py:839} INFO - DAG(s) dict_keys(['example_branch_operator']) retrieved from /home/airflow/.local/lib/python3.8/site-packages/airflow/example_dags/example_branch_operator.py
[2023-11-15T04:25:11.739+0000] {logging_mixin.py:151} INFO - [2023-11-15T04:25:11.738+0000] {dag.py:2941} INFO - Sync 1 DAGs
[2023-11-15T04:25:11.767+0000] {logging_mixin.py:151} INFO - [2023-11-15T04:25:11.767+0000] {dag.py:3722} INFO - Setting next_dagrun for example_branch_operator to 2023-11-14T00:00:00+00:00, run_after=2023-11-15T00:00:00+00:00
[2023-11-15T04:25:11.799+0000] {processor.py:179} INFO - Processing /home/airflow/.local/lib/python3.8/site-packages/airflow/example_dags/example_branch_operator.py took 0.108 seconds
[2023-11-15T04:25:42.148+0000] {processor.py:157} INFO - Started process (PID=3309) to work on /home/airflow/.local/lib/python3.8/site-packages/airflow/example_dags/example_branch_operator.py
[2023-11-15T04:25:42.150+0000] {processor.py:829} INFO - Processing file /home/airflow/.local/lib/python3.8/site-packages/airflow/example_dags/example_branch_operator.py for tasks to queue
[2023-11-15T04:25:42.153+0000] {logging_mixin.py:151} INFO - [2023-11-15T04:25:42.153+0000] {dagbag.py:536} INFO - Filling up the DagBag from /home/airflow/.local/lib/python3.8/site-packages/airflow/example_dags/example_branch_operator.py
[2023-11-15T04:25:42.177+0000] {processor.py:839} INFO - DAG(s) dict_keys(['example_branch_operator']) retrieved from /home/airflow/.local/lib/python3.8/site-packages/airflow/example_dags/example_branch_operator.py
[2023-11-15T04:25:42.219+0000] {logging_mixin.py:151} INFO - [2023-11-15T04:25:42.218+0000] {dag.py:2941} INFO - Sync 1 DAGs
[2023-11-15T04:25:42.269+0000] {logging_mixin.py:151} INFO - [2023-11-15T04:25:42.268+0000] {dag.py:3722} INFO - Setting next_dagrun for example_branch_operator to 2023-11-14T00:00:00+00:00, run_after=2023-11-15T00:00:00+00:00
[2023-11-15T04:25:42.307+0000] {processor.py:179} INFO - Processing /home/airflow/.local/lib/python3.8/site-packages/airflow/example_dags/example_branch_operator.py took 0.166 seconds
[2023-11-15T04:26:12.379+0000] {processor.py:157} INFO - Started process (PID=3367) to work on /home/airflow/.local/lib/python3.8/site-packages/airflow/example_dags/example_branch_operator.py
[2023-11-15T04:26:12.382+0000] {processor.py:829} INFO - Processing file /home/airflow/.local/lib/python3.8/site-packages/airflow/example_dags/example_branch_operator.py for tasks to queue
[2023-11-15T04:26:12.386+0000] {logging_mixin.py:151} INFO - [2023-11-15T04:26:12.386+0000] {dagbag.py:536} INFO - Filling up the DagBag from /home/airflow/.local/lib/python3.8/site-packages/airflow/example_dags/example_branch_operator.py
[2023-11-15T04:26:12.403+0000] {processor.py:839} INFO - DAG(s) dict_keys(['example_branch_operator']) retrieved from /home/airflow/.local/lib/python3.8/site-packages/airflow/example_dags/example_branch_operator.py
[2023-11-15T04:26:12.441+0000] {logging_mixin.py:151} INFO - [2023-11-15T04:26:12.440+0000] {dag.py:2941} INFO - Sync 1 DAGs
[2023-11-15T04:26:12.476+0000] {logging_mixin.py:151} INFO - [2023-11-15T04:26:12.476+0000] {dag.py:3722} INFO - Setting next_dagrun for example_branch_operator to 2023-11-14T00:00:00+00:00, run_after=2023-11-15T00:00:00+00:00
[2023-11-15T04:26:12.508+0000] {processor.py:179} INFO - Processing /home/airflow/.local/lib/python3.8/site-packages/airflow/example_dags/example_branch_operator.py took 0.134 seconds
[2023-11-15T04:26:42.876+0000] {processor.py:157} INFO - Started process (PID=3425) to work on /home/airflow/.local/lib/python3.8/site-packages/airflow/example_dags/example_branch_operator.py
[2023-11-15T04:26:42.877+0000] {processor.py:829} INFO - Processing file /home/airflow/.local/lib/python3.8/site-packages/airflow/example_dags/example_branch_operator.py for tasks to queue
[2023-11-15T04:26:42.879+0000] {logging_mixin.py:151} INFO - [2023-11-15T04:26:42.879+0000] {dagbag.py:536} INFO - Filling up the DagBag from /home/airflow/.local/lib/python3.8/site-packages/airflow/example_dags/example_branch_operator.py
[2023-11-15T04:26:42.891+0000] {processor.py:839} INFO - DAG(s) dict_keys(['example_branch_operator']) retrieved from /home/airflow/.local/lib/python3.8/site-packages/airflow/example_dags/example_branch_operator.py
[2023-11-15T04:26:42.930+0000] {logging_mixin.py:151} INFO - [2023-11-15T04:26:42.929+0000] {dag.py:2941} INFO - Sync 1 DAGs
[2023-11-15T04:26:42.959+0000] {logging_mixin.py:151} INFO - [2023-11-15T04:26:42.959+0000] {dag.py:3722} INFO - Setting next_dagrun for example_branch_operator to 2023-11-14T00:00:00+00:00, run_after=2023-11-15T00:00:00+00:00
[2023-11-15T04:26:42.984+0000] {processor.py:179} INFO - Processing /home/airflow/.local/lib/python3.8/site-packages/airflow/example_dags/example_branch_operator.py took 0.112 seconds
