[2023-11-15T03:11:03.131+0000] {processor.py:157} INFO - Started process (PID=73) to work on /home/airflow/.local/lib/python3.8/site-packages/airflow/example_dags/example_latest_only_with_trigger.py
[2023-11-15T03:11:03.132+0000] {processor.py:829} INFO - Processing file /home/airflow/.local/lib/python3.8/site-packages/airflow/example_dags/example_latest_only_with_trigger.py for tasks to queue
[2023-11-15T03:11:03.135+0000] {logging_mixin.py:151} INFO - [2023-11-15T03:11:03.134+0000] {dagbag.py:536} INFO - Filling up the DagBag from /home/airflow/.local/lib/python3.8/site-packages/airflow/example_dags/example_latest_only_with_trigger.py
[2023-11-15T03:11:03.145+0000] {processor.py:839} INFO - DAG(s) dict_keys(['latest_only_with_trigger']) retrieved from /home/airflow/.local/lib/python3.8/site-packages/airflow/example_dags/example_latest_only_with_trigger.py
[2023-11-15T03:11:03.181+0000] {logging_mixin.py:151} INFO - [2023-11-15T03:11:03.180+0000] {dag.py:2941} INFO - Sync 1 DAGs
[2023-11-15T03:11:03.211+0000] {logging_mixin.py:151} INFO - [2023-11-15T03:11:03.211+0000] {dag.py:3722} INFO - Setting next_dagrun for latest_only_with_trigger to 2023-11-14T23:11:03.210829+00:00, run_after=2023-11-15T03:11:03.210829+00:00
[2023-11-15T03:11:03.237+0000] {processor.py:179} INFO - Processing /home/airflow/.local/lib/python3.8/site-packages/airflow/example_dags/example_latest_only_with_trigger.py took 0.110 seconds
[2023-11-15T03:57:37.266+0000] {processor.py:157} INFO - Started process (PID=75) to work on /home/airflow/.local/lib/python3.8/site-packages/airflow/example_dags/example_latest_only_with_trigger.py
[2023-11-15T03:57:37.269+0000] {processor.py:829} INFO - Processing file /home/airflow/.local/lib/python3.8/site-packages/airflow/example_dags/example_latest_only_with_trigger.py for tasks to queue
[2023-11-15T03:57:37.273+0000] {logging_mixin.py:151} INFO - [2023-11-15T03:57:37.273+0000] {dagbag.py:536} INFO - Filling up the DagBag from /home/airflow/.local/lib/python3.8/site-packages/airflow/example_dags/example_latest_only_with_trigger.py
[2023-11-15T03:57:37.286+0000] {processor.py:839} INFO - DAG(s) dict_keys(['latest_only_with_trigger']) retrieved from /home/airflow/.local/lib/python3.8/site-packages/airflow/example_dags/example_latest_only_with_trigger.py
[2023-11-15T03:57:37.352+0000] {logging_mixin.py:151} INFO - [2023-11-15T03:57:37.351+0000] {dag.py:2941} INFO - Sync 1 DAGs
[2023-11-15T03:57:37.404+0000] {logging_mixin.py:151} INFO - [2023-11-15T03:57:37.403+0000] {dag.py:3722} INFO - Setting next_dagrun for latest_only_with_trigger to 2023-11-14T23:57:37.403047+00:00, run_after=2023-11-15T03:57:37.403047+00:00
[2023-11-15T03:57:37.447+0000] {processor.py:179} INFO - Processing /home/airflow/.local/lib/python3.8/site-packages/airflow/example_dags/example_latest_only_with_trigger.py took 0.191 seconds
[2023-11-15T03:58:08.236+0000] {processor.py:157} INFO - Started process (PID=133) to work on /home/airflow/.local/lib/python3.8/site-packages/airflow/example_dags/example_latest_only_with_trigger.py
[2023-11-15T03:58:08.236+0000] {processor.py:829} INFO - Processing file /home/airflow/.local/lib/python3.8/site-packages/airflow/example_dags/example_latest_only_with_trigger.py for tasks to queue
[2023-11-15T03:58:08.239+0000] {logging_mixin.py:151} INFO - [2023-11-15T03:58:08.239+0000] {dagbag.py:536} INFO - Filling up the DagBag from /home/airflow/.local/lib/python3.8/site-packages/airflow/example_dags/example_latest_only_with_trigger.py
[2023-11-15T03:58:08.246+0000] {processor.py:839} INFO - DAG(s) dict_keys(['latest_only_with_trigger']) retrieved from /home/airflow/.local/lib/python3.8/site-packages/airflow/example_dags/example_latest_only_with_trigger.py
[2023-11-15T03:58:08.272+0000] {logging_mixin.py:151} INFO - [2023-11-15T03:58:08.272+0000] {dag.py:2941} INFO - Sync 1 DAGs
[2023-11-15T03:58:08.299+0000] {logging_mixin.py:151} INFO - [2023-11-15T03:58:08.298+0000] {dag.py:3722} INFO - Setting next_dagrun for latest_only_with_trigger to 2023-11-14T23:58:08.298586+00:00, run_after=2023-11-15T03:58:08.298586+00:00
[2023-11-15T03:58:08.323+0000] {processor.py:179} INFO - Processing /home/airflow/.local/lib/python3.8/site-packages/airflow/example_dags/example_latest_only_with_trigger.py took 0.091 seconds
[2023-11-15T03:58:38.809+0000] {processor.py:157} INFO - Started process (PID=191) to work on /home/airflow/.local/lib/python3.8/site-packages/airflow/example_dags/example_latest_only_with_trigger.py
[2023-11-15T03:58:38.810+0000] {processor.py:829} INFO - Processing file /home/airflow/.local/lib/python3.8/site-packages/airflow/example_dags/example_latest_only_with_trigger.py for tasks to queue
[2023-11-15T03:58:38.815+0000] {logging_mixin.py:151} INFO - [2023-11-15T03:58:38.815+0000] {dagbag.py:536} INFO - Filling up the DagBag from /home/airflow/.local/lib/python3.8/site-packages/airflow/example_dags/example_latest_only_with_trigger.py
[2023-11-15T03:58:38.823+0000] {processor.py:839} INFO - DAG(s) dict_keys(['latest_only_with_trigger']) retrieved from /home/airflow/.local/lib/python3.8/site-packages/airflow/example_dags/example_latest_only_with_trigger.py
[2023-11-15T03:58:38.854+0000] {logging_mixin.py:151} INFO - [2023-11-15T03:58:38.853+0000] {dag.py:2941} INFO - Sync 1 DAGs
[2023-11-15T03:58:38.881+0000] {logging_mixin.py:151} INFO - [2023-11-15T03:58:38.881+0000] {dag.py:3722} INFO - Setting next_dagrun for latest_only_with_trigger to 2023-11-14T23:58:38.880885+00:00, run_after=2023-11-15T03:58:38.880885+00:00
[2023-11-15T03:58:38.905+0000] {processor.py:179} INFO - Processing /home/airflow/.local/lib/python3.8/site-packages/airflow/example_dags/example_latest_only_with_trigger.py took 0.101 seconds
[2023-11-15T03:59:09.669+0000] {processor.py:157} INFO - Started process (PID=253) to work on /home/airflow/.local/lib/python3.8/site-packages/airflow/example_dags/example_latest_only_with_trigger.py
[2023-11-15T03:59:09.671+0000] {processor.py:829} INFO - Processing file /home/airflow/.local/lib/python3.8/site-packages/airflow/example_dags/example_latest_only_with_trigger.py for tasks to queue
[2023-11-15T03:59:09.673+0000] {logging_mixin.py:151} INFO - [2023-11-15T03:59:09.673+0000] {dagbag.py:536} INFO - Filling up the DagBag from /home/airflow/.local/lib/python3.8/site-packages/airflow/example_dags/example_latest_only_with_trigger.py
[2023-11-15T03:59:09.680+0000] {processor.py:839} INFO - DAG(s) dict_keys(['latest_only_with_trigger']) retrieved from /home/airflow/.local/lib/python3.8/site-packages/airflow/example_dags/example_latest_only_with_trigger.py
[2023-11-15T03:59:09.706+0000] {logging_mixin.py:151} INFO - [2023-11-15T03:59:09.705+0000] {dag.py:2941} INFO - Sync 1 DAGs
[2023-11-15T03:59:09.732+0000] {logging_mixin.py:151} INFO - [2023-11-15T03:59:09.732+0000] {dag.py:3722} INFO - Setting next_dagrun for latest_only_with_trigger to 2023-11-14T23:59:09.732204+00:00, run_after=2023-11-15T03:59:09.732204+00:00
[2023-11-15T03:59:09.755+0000] {processor.py:179} INFO - Processing /home/airflow/.local/lib/python3.8/site-packages/airflow/example_dags/example_latest_only_with_trigger.py took 0.090 seconds
[2023-11-15T03:59:40.308+0000] {processor.py:157} INFO - Started process (PID=311) to work on /home/airflow/.local/lib/python3.8/site-packages/airflow/example_dags/example_latest_only_with_trigger.py
[2023-11-15T03:59:40.309+0000] {processor.py:829} INFO - Processing file /home/airflow/.local/lib/python3.8/site-packages/airflow/example_dags/example_latest_only_with_trigger.py for tasks to queue
[2023-11-15T03:59:40.312+0000] {logging_mixin.py:151} INFO - [2023-11-15T03:59:40.311+0000] {dagbag.py:536} INFO - Filling up the DagBag from /home/airflow/.local/lib/python3.8/site-packages/airflow/example_dags/example_latest_only_with_trigger.py
[2023-11-15T03:59:40.319+0000] {processor.py:839} INFO - DAG(s) dict_keys(['latest_only_with_trigger']) retrieved from /home/airflow/.local/lib/python3.8/site-packages/airflow/example_dags/example_latest_only_with_trigger.py
[2023-11-15T03:59:40.345+0000] {logging_mixin.py:151} INFO - [2023-11-15T03:59:40.344+0000] {dag.py:2941} INFO - Sync 1 DAGs
[2023-11-15T03:59:40.371+0000] {logging_mixin.py:151} INFO - [2023-11-15T03:59:40.370+0000] {dag.py:3722} INFO - Setting next_dagrun for latest_only_with_trigger to 2023-11-14T23:59:40.370385+00:00, run_after=2023-11-15T03:59:40.370385+00:00
[2023-11-15T03:59:40.395+0000] {processor.py:179} INFO - Processing /home/airflow/.local/lib/python3.8/site-packages/airflow/example_dags/example_latest_only_with_trigger.py took 0.091 seconds
[2023-11-15T04:00:10.479+0000] {processor.py:157} INFO - Started process (PID=369) to work on /home/airflow/.local/lib/python3.8/site-packages/airflow/example_dags/example_latest_only_with_trigger.py
[2023-11-15T04:00:10.480+0000] {processor.py:829} INFO - Processing file /home/airflow/.local/lib/python3.8/site-packages/airflow/example_dags/example_latest_only_with_trigger.py for tasks to queue
[2023-11-15T04:00:10.483+0000] {logging_mixin.py:151} INFO - [2023-11-15T04:00:10.483+0000] {dagbag.py:536} INFO - Filling up the DagBag from /home/airflow/.local/lib/python3.8/site-packages/airflow/example_dags/example_latest_only_with_trigger.py
[2023-11-15T04:00:10.489+0000] {processor.py:839} INFO - DAG(s) dict_keys(['latest_only_with_trigger']) retrieved from /home/airflow/.local/lib/python3.8/site-packages/airflow/example_dags/example_latest_only_with_trigger.py
[2023-11-15T04:00:10.514+0000] {logging_mixin.py:151} INFO - [2023-11-15T04:00:10.514+0000] {dag.py:2941} INFO - Sync 1 DAGs
[2023-11-15T04:00:10.540+0000] {logging_mixin.py:151} INFO - [2023-11-15T04:00:10.540+0000] {dag.py:3722} INFO - Setting next_dagrun for latest_only_with_trigger to 2023-11-15T00:00:10.539994+00:00, run_after=2023-11-15T04:00:10.539994+00:00
[2023-11-15T04:00:10.566+0000] {processor.py:179} INFO - Processing /home/airflow/.local/lib/python3.8/site-packages/airflow/example_dags/example_latest_only_with_trigger.py took 0.091 seconds
[2023-11-15T04:00:41.312+0000] {processor.py:157} INFO - Started process (PID=428) to work on /home/airflow/.local/lib/python3.8/site-packages/airflow/example_dags/example_latest_only_with_trigger.py
[2023-11-15T04:00:41.313+0000] {processor.py:829} INFO - Processing file /home/airflow/.local/lib/python3.8/site-packages/airflow/example_dags/example_latest_only_with_trigger.py for tasks to queue
[2023-11-15T04:00:41.316+0000] {logging_mixin.py:151} INFO - [2023-11-15T04:00:41.315+0000] {dagbag.py:536} INFO - Filling up the DagBag from /home/airflow/.local/lib/python3.8/site-packages/airflow/example_dags/example_latest_only_with_trigger.py
[2023-11-15T04:00:41.322+0000] {processor.py:839} INFO - DAG(s) dict_keys(['latest_only_with_trigger']) retrieved from /home/airflow/.local/lib/python3.8/site-packages/airflow/example_dags/example_latest_only_with_trigger.py
[2023-11-15T04:00:41.348+0000] {logging_mixin.py:151} INFO - [2023-11-15T04:00:41.348+0000] {dag.py:2941} INFO - Sync 1 DAGs
[2023-11-15T04:00:41.377+0000] {logging_mixin.py:151} INFO - [2023-11-15T04:00:41.377+0000] {dag.py:3722} INFO - Setting next_dagrun for latest_only_with_trigger to 2023-11-15T00:00:41.377355+00:00, run_after=2023-11-15T04:00:41.377355+00:00
[2023-11-15T04:00:41.402+0000] {processor.py:179} INFO - Processing /home/airflow/.local/lib/python3.8/site-packages/airflow/example_dags/example_latest_only_with_trigger.py took 0.094 seconds
[2023-11-15T04:01:12.024+0000] {processor.py:157} INFO - Started process (PID=486) to work on /home/airflow/.local/lib/python3.8/site-packages/airflow/example_dags/example_latest_only_with_trigger.py
[2023-11-15T04:01:12.027+0000] {processor.py:829} INFO - Processing file /home/airflow/.local/lib/python3.8/site-packages/airflow/example_dags/example_latest_only_with_trigger.py for tasks to queue
[2023-11-15T04:01:12.031+0000] {logging_mixin.py:151} INFO - [2023-11-15T04:01:12.030+0000] {dagbag.py:536} INFO - Filling up the DagBag from /home/airflow/.local/lib/python3.8/site-packages/airflow/example_dags/example_latest_only_with_trigger.py
[2023-11-15T04:01:12.037+0000] {processor.py:839} INFO - DAG(s) dict_keys(['latest_only_with_trigger']) retrieved from /home/airflow/.local/lib/python3.8/site-packages/airflow/example_dags/example_latest_only_with_trigger.py
[2023-11-15T04:01:12.064+0000] {logging_mixin.py:151} INFO - [2023-11-15T04:01:12.064+0000] {dag.py:2941} INFO - Sync 1 DAGs
[2023-11-15T04:01:12.094+0000] {logging_mixin.py:151} INFO - [2023-11-15T04:01:12.094+0000] {dag.py:3722} INFO - Setting next_dagrun for latest_only_with_trigger to 2023-11-15T00:01:12.094368+00:00, run_after=2023-11-15T04:01:12.094368+00:00
[2023-11-15T04:01:12.120+0000] {processor.py:179} INFO - Processing /home/airflow/.local/lib/python3.8/site-packages/airflow/example_dags/example_latest_only_with_trigger.py took 0.100 seconds
[2023-11-15T04:01:43.262+0000] {processor.py:157} INFO - Started process (PID=544) to work on /home/airflow/.local/lib/python3.8/site-packages/airflow/example_dags/example_latest_only_with_trigger.py
[2023-11-15T04:01:43.263+0000] {processor.py:829} INFO - Processing file /home/airflow/.local/lib/python3.8/site-packages/airflow/example_dags/example_latest_only_with_trigger.py for tasks to queue
[2023-11-15T04:01:43.266+0000] {logging_mixin.py:151} INFO - [2023-11-15T04:01:43.266+0000] {dagbag.py:536} INFO - Filling up the DagBag from /home/airflow/.local/lib/python3.8/site-packages/airflow/example_dags/example_latest_only_with_trigger.py
[2023-11-15T04:01:43.273+0000] {processor.py:839} INFO - DAG(s) dict_keys(['latest_only_with_trigger']) retrieved from /home/airflow/.local/lib/python3.8/site-packages/airflow/example_dags/example_latest_only_with_trigger.py
[2023-11-15T04:01:43.301+0000] {logging_mixin.py:151} INFO - [2023-11-15T04:01:43.300+0000] {dag.py:2941} INFO - Sync 1 DAGs
[2023-11-15T04:01:43.328+0000] {logging_mixin.py:151} INFO - [2023-11-15T04:01:43.328+0000] {dag.py:3722} INFO - Setting next_dagrun for latest_only_with_trigger to 2023-11-15T00:01:43.327724+00:00, run_after=2023-11-15T04:01:43.327724+00:00
[2023-11-15T04:01:43.354+0000] {processor.py:179} INFO - Processing /home/airflow/.local/lib/python3.8/site-packages/airflow/example_dags/example_latest_only_with_trigger.py took 0.096 seconds
[2023-11-15T04:02:14.095+0000] {processor.py:157} INFO - Started process (PID=607) to work on /home/airflow/.local/lib/python3.8/site-packages/airflow/example_dags/example_latest_only_with_trigger.py
[2023-11-15T04:02:14.096+0000] {processor.py:829} INFO - Processing file /home/airflow/.local/lib/python3.8/site-packages/airflow/example_dags/example_latest_only_with_trigger.py for tasks to queue
[2023-11-15T04:02:14.099+0000] {logging_mixin.py:151} INFO - [2023-11-15T04:02:14.099+0000] {dagbag.py:536} INFO - Filling up the DagBag from /home/airflow/.local/lib/python3.8/site-packages/airflow/example_dags/example_latest_only_with_trigger.py
[2023-11-15T04:02:14.105+0000] {processor.py:839} INFO - DAG(s) dict_keys(['latest_only_with_trigger']) retrieved from /home/airflow/.local/lib/python3.8/site-packages/airflow/example_dags/example_latest_only_with_trigger.py
[2023-11-15T04:02:14.135+0000] {logging_mixin.py:151} INFO - [2023-11-15T04:02:14.134+0000] {dag.py:2941} INFO - Sync 1 DAGs
[2023-11-15T04:02:14.164+0000] {logging_mixin.py:151} INFO - [2023-11-15T04:02:14.163+0000] {dag.py:3722} INFO - Setting next_dagrun for latest_only_with_trigger to 2023-11-15T00:02:14.163181+00:00, run_after=2023-11-15T04:02:14.163181+00:00
[2023-11-15T04:02:14.187+0000] {processor.py:179} INFO - Processing /home/airflow/.local/lib/python3.8/site-packages/airflow/example_dags/example_latest_only_with_trigger.py took 0.097 seconds
[2023-11-15T04:02:45.112+0000] {processor.py:157} INFO - Started process (PID=667) to work on /home/airflow/.local/lib/python3.8/site-packages/airflow/example_dags/example_latest_only_with_trigger.py
[2023-11-15T04:02:45.114+0000] {processor.py:829} INFO - Processing file /home/airflow/.local/lib/python3.8/site-packages/airflow/example_dags/example_latest_only_with_trigger.py for tasks to queue
[2023-11-15T04:02:45.117+0000] {logging_mixin.py:151} INFO - [2023-11-15T04:02:45.117+0000] {dagbag.py:536} INFO - Filling up the DagBag from /home/airflow/.local/lib/python3.8/site-packages/airflow/example_dags/example_latest_only_with_trigger.py
[2023-11-15T04:02:45.124+0000] {processor.py:839} INFO - DAG(s) dict_keys(['latest_only_with_trigger']) retrieved from /home/airflow/.local/lib/python3.8/site-packages/airflow/example_dags/example_latest_only_with_trigger.py
[2023-11-15T04:02:45.152+0000] {logging_mixin.py:151} INFO - [2023-11-15T04:02:45.151+0000] {dag.py:2941} INFO - Sync 1 DAGs
[2023-11-15T04:02:45.183+0000] {logging_mixin.py:151} INFO - [2023-11-15T04:02:45.182+0000] {dag.py:3722} INFO - Setting next_dagrun for latest_only_with_trigger to 2023-11-15T00:02:45.182485+00:00, run_after=2023-11-15T04:02:45.182485+00:00
[2023-11-15T04:02:45.209+0000] {processor.py:179} INFO - Processing /home/airflow/.local/lib/python3.8/site-packages/airflow/example_dags/example_latest_only_with_trigger.py took 0.101 seconds
[2023-11-15T04:03:15.808+0000] {processor.py:157} INFO - Started process (PID=725) to work on /home/airflow/.local/lib/python3.8/site-packages/airflow/example_dags/example_latest_only_with_trigger.py
[2023-11-15T04:03:15.809+0000] {processor.py:829} INFO - Processing file /home/airflow/.local/lib/python3.8/site-packages/airflow/example_dags/example_latest_only_with_trigger.py for tasks to queue
[2023-11-15T04:03:15.812+0000] {logging_mixin.py:151} INFO - [2023-11-15T04:03:15.811+0000] {dagbag.py:536} INFO - Filling up the DagBag from /home/airflow/.local/lib/python3.8/site-packages/airflow/example_dags/example_latest_only_with_trigger.py
[2023-11-15T04:03:15.818+0000] {processor.py:839} INFO - DAG(s) dict_keys(['latest_only_with_trigger']) retrieved from /home/airflow/.local/lib/python3.8/site-packages/airflow/example_dags/example_latest_only_with_trigger.py
[2023-11-15T04:03:15.843+0000] {logging_mixin.py:151} INFO - [2023-11-15T04:03:15.842+0000] {dag.py:2941} INFO - Sync 1 DAGs
[2023-11-15T04:03:15.870+0000] {logging_mixin.py:151} INFO - [2023-11-15T04:03:15.869+0000] {dag.py:3722} INFO - Setting next_dagrun for latest_only_with_trigger to 2023-11-15T00:03:15.869616+00:00, run_after=2023-11-15T04:03:15.869616+00:00
[2023-11-15T04:03:15.894+0000] {processor.py:179} INFO - Processing /home/airflow/.local/lib/python3.8/site-packages/airflow/example_dags/example_latest_only_with_trigger.py took 0.090 seconds
[2023-11-15T04:03:46.665+0000] {processor.py:157} INFO - Started process (PID=792) to work on /home/airflow/.local/lib/python3.8/site-packages/airflow/example_dags/example_latest_only_with_trigger.py
[2023-11-15T04:03:46.667+0000] {processor.py:829} INFO - Processing file /home/airflow/.local/lib/python3.8/site-packages/airflow/example_dags/example_latest_only_with_trigger.py for tasks to queue
[2023-11-15T04:03:46.670+0000] {logging_mixin.py:151} INFO - [2023-11-15T04:03:46.670+0000] {dagbag.py:536} INFO - Filling up the DagBag from /home/airflow/.local/lib/python3.8/site-packages/airflow/example_dags/example_latest_only_with_trigger.py
[2023-11-15T04:03:46.677+0000] {processor.py:839} INFO - DAG(s) dict_keys(['latest_only_with_trigger']) retrieved from /home/airflow/.local/lib/python3.8/site-packages/airflow/example_dags/example_latest_only_with_trigger.py
[2023-11-15T04:03:46.703+0000] {logging_mixin.py:151} INFO - [2023-11-15T04:03:46.703+0000] {dag.py:2941} INFO - Sync 1 DAGs
[2023-11-15T04:03:46.730+0000] {logging_mixin.py:151} INFO - [2023-11-15T04:03:46.730+0000] {dag.py:3722} INFO - Setting next_dagrun for latest_only_with_trigger to 2023-11-15T00:03:46.730016+00:00, run_after=2023-11-15T04:03:46.730016+00:00
[2023-11-15T04:03:46.753+0000] {processor.py:179} INFO - Processing /home/airflow/.local/lib/python3.8/site-packages/airflow/example_dags/example_latest_only_with_trigger.py took 0.093 seconds
[2023-11-15T04:04:17.324+0000] {processor.py:157} INFO - Started process (PID=850) to work on /home/airflow/.local/lib/python3.8/site-packages/airflow/example_dags/example_latest_only_with_trigger.py
[2023-11-15T04:04:17.325+0000] {processor.py:829} INFO - Processing file /home/airflow/.local/lib/python3.8/site-packages/airflow/example_dags/example_latest_only_with_trigger.py for tasks to queue
[2023-11-15T04:04:17.328+0000] {logging_mixin.py:151} INFO - [2023-11-15T04:04:17.328+0000] {dagbag.py:536} INFO - Filling up the DagBag from /home/airflow/.local/lib/python3.8/site-packages/airflow/example_dags/example_latest_only_with_trigger.py
[2023-11-15T04:04:17.334+0000] {processor.py:839} INFO - DAG(s) dict_keys(['latest_only_with_trigger']) retrieved from /home/airflow/.local/lib/python3.8/site-packages/airflow/example_dags/example_latest_only_with_trigger.py
[2023-11-15T04:04:17.360+0000] {logging_mixin.py:151} INFO - [2023-11-15T04:04:17.360+0000] {dag.py:2941} INFO - Sync 1 DAGs
[2023-11-15T04:04:17.390+0000] {logging_mixin.py:151} INFO - [2023-11-15T04:04:17.389+0000] {dag.py:3722} INFO - Setting next_dagrun for latest_only_with_trigger to 2023-11-15T00:04:17.389602+00:00, run_after=2023-11-15T04:04:17.389602+00:00
[2023-11-15T04:04:17.414+0000] {processor.py:179} INFO - Processing /home/airflow/.local/lib/python3.8/site-packages/airflow/example_dags/example_latest_only_with_trigger.py took 0.093 seconds
[2023-11-15T04:04:48.315+0000] {processor.py:157} INFO - Started process (PID=908) to work on /home/airflow/.local/lib/python3.8/site-packages/airflow/example_dags/example_latest_only_with_trigger.py
[2023-11-15T04:04:48.316+0000] {processor.py:829} INFO - Processing file /home/airflow/.local/lib/python3.8/site-packages/airflow/example_dags/example_latest_only_with_trigger.py for tasks to queue
[2023-11-15T04:04:48.320+0000] {logging_mixin.py:151} INFO - [2023-11-15T04:04:48.319+0000] {dagbag.py:536} INFO - Filling up the DagBag from /home/airflow/.local/lib/python3.8/site-packages/airflow/example_dags/example_latest_only_with_trigger.py
[2023-11-15T04:04:48.326+0000] {processor.py:839} INFO - DAG(s) dict_keys(['latest_only_with_trigger']) retrieved from /home/airflow/.local/lib/python3.8/site-packages/airflow/example_dags/example_latest_only_with_trigger.py
[2023-11-15T04:04:48.354+0000] {logging_mixin.py:151} INFO - [2023-11-15T04:04:48.354+0000] {dag.py:2941} INFO - Sync 1 DAGs
[2023-11-15T04:04:48.383+0000] {logging_mixin.py:151} INFO - [2023-11-15T04:04:48.383+0000] {dag.py:3722} INFO - Setting next_dagrun for latest_only_with_trigger to 2023-11-15T00:04:48.382874+00:00, run_after=2023-11-15T04:04:48.382874+00:00
[2023-11-15T04:04:48.408+0000] {processor.py:179} INFO - Processing /home/airflow/.local/lib/python3.8/site-packages/airflow/example_dags/example_latest_only_with_trigger.py took 0.098 seconds
[2023-11-15T04:05:18.821+0000] {processor.py:157} INFO - Started process (PID=967) to work on /home/airflow/.local/lib/python3.8/site-packages/airflow/example_dags/example_latest_only_with_trigger.py
[2023-11-15T04:05:18.823+0000] {processor.py:829} INFO - Processing file /home/airflow/.local/lib/python3.8/site-packages/airflow/example_dags/example_latest_only_with_trigger.py for tasks to queue
[2023-11-15T04:05:18.826+0000] {logging_mixin.py:151} INFO - [2023-11-15T04:05:18.826+0000] {dagbag.py:536} INFO - Filling up the DagBag from /home/airflow/.local/lib/python3.8/site-packages/airflow/example_dags/example_latest_only_with_trigger.py
[2023-11-15T04:05:18.833+0000] {processor.py:839} INFO - DAG(s) dict_keys(['latest_only_with_trigger']) retrieved from /home/airflow/.local/lib/python3.8/site-packages/airflow/example_dags/example_latest_only_with_trigger.py
[2023-11-15T04:05:18.861+0000] {logging_mixin.py:151} INFO - [2023-11-15T04:05:18.861+0000] {dag.py:2941} INFO - Sync 1 DAGs
[2023-11-15T04:05:18.891+0000] {logging_mixin.py:151} INFO - [2023-11-15T04:05:18.891+0000] {dag.py:3722} INFO - Setting next_dagrun for latest_only_with_trigger to 2023-11-15T00:05:18.891380+00:00, run_after=2023-11-15T04:05:18.891380+00:00
[2023-11-15T04:05:18.917+0000] {processor.py:179} INFO - Processing /home/airflow/.local/lib/python3.8/site-packages/airflow/example_dags/example_latest_only_with_trigger.py took 0.099 seconds
[2023-11-15T04:05:49.962+0000] {processor.py:157} INFO - Started process (PID=1026) to work on /home/airflow/.local/lib/python3.8/site-packages/airflow/example_dags/example_latest_only_with_trigger.py
[2023-11-15T04:05:49.964+0000] {processor.py:829} INFO - Processing file /home/airflow/.local/lib/python3.8/site-packages/airflow/example_dags/example_latest_only_with_trigger.py for tasks to queue
[2023-11-15T04:05:49.966+0000] {logging_mixin.py:151} INFO - [2023-11-15T04:05:49.966+0000] {dagbag.py:536} INFO - Filling up the DagBag from /home/airflow/.local/lib/python3.8/site-packages/airflow/example_dags/example_latest_only_with_trigger.py
[2023-11-15T04:05:49.973+0000] {processor.py:839} INFO - DAG(s) dict_keys(['latest_only_with_trigger']) retrieved from /home/airflow/.local/lib/python3.8/site-packages/airflow/example_dags/example_latest_only_with_trigger.py
[2023-11-15T04:05:50.002+0000] {logging_mixin.py:151} INFO - [2023-11-15T04:05:50.002+0000] {dag.py:2941} INFO - Sync 1 DAGs
[2023-11-15T04:05:50.033+0000] {logging_mixin.py:151} INFO - [2023-11-15T04:05:50.033+0000] {dag.py:3722} INFO - Setting next_dagrun for latest_only_with_trigger to 2023-11-15T00:05:50.032972+00:00, run_after=2023-11-15T04:05:50.032972+00:00
[2023-11-15T04:05:50.057+0000] {processor.py:179} INFO - Processing /home/airflow/.local/lib/python3.8/site-packages/airflow/example_dags/example_latest_only_with_trigger.py took 0.099 seconds
[2023-11-15T04:06:20.446+0000] {processor.py:157} INFO - Started process (PID=1085) to work on /home/airflow/.local/lib/python3.8/site-packages/airflow/example_dags/example_latest_only_with_trigger.py
[2023-11-15T04:06:20.447+0000] {processor.py:829} INFO - Processing file /home/airflow/.local/lib/python3.8/site-packages/airflow/example_dags/example_latest_only_with_trigger.py for tasks to queue
[2023-11-15T04:06:20.450+0000] {logging_mixin.py:151} INFO - [2023-11-15T04:06:20.449+0000] {dagbag.py:536} INFO - Filling up the DagBag from /home/airflow/.local/lib/python3.8/site-packages/airflow/example_dags/example_latest_only_with_trigger.py
[2023-11-15T04:06:20.457+0000] {processor.py:839} INFO - DAG(s) dict_keys(['latest_only_with_trigger']) retrieved from /home/airflow/.local/lib/python3.8/site-packages/airflow/example_dags/example_latest_only_with_trigger.py
[2023-11-15T04:06:20.485+0000] {logging_mixin.py:151} INFO - [2023-11-15T04:06:20.485+0000] {dag.py:2941} INFO - Sync 1 DAGs
[2023-11-15T04:06:20.515+0000] {logging_mixin.py:151} INFO - [2023-11-15T04:06:20.515+0000] {dag.py:3722} INFO - Setting next_dagrun for latest_only_with_trigger to 2023-11-15T00:06:20.514820+00:00, run_after=2023-11-15T04:06:20.514820+00:00
[2023-11-15T04:06:20.541+0000] {processor.py:179} INFO - Processing /home/airflow/.local/lib/python3.8/site-packages/airflow/example_dags/example_latest_only_with_trigger.py took 0.099 seconds
[2023-11-15T04:06:51.463+0000] {processor.py:157} INFO - Started process (PID=1143) to work on /home/airflow/.local/lib/python3.8/site-packages/airflow/example_dags/example_latest_only_with_trigger.py
[2023-11-15T04:06:51.464+0000] {processor.py:829} INFO - Processing file /home/airflow/.local/lib/python3.8/site-packages/airflow/example_dags/example_latest_only_with_trigger.py for tasks to queue
[2023-11-15T04:06:51.475+0000] {logging_mixin.py:151} INFO - [2023-11-15T04:06:51.474+0000] {dagbag.py:536} INFO - Filling up the DagBag from /home/airflow/.local/lib/python3.8/site-packages/airflow/example_dags/example_latest_only_with_trigger.py
[2023-11-15T04:06:51.484+0000] {processor.py:839} INFO - DAG(s) dict_keys(['latest_only_with_trigger']) retrieved from /home/airflow/.local/lib/python3.8/site-packages/airflow/example_dags/example_latest_only_with_trigger.py
[2023-11-15T04:06:51.511+0000] {logging_mixin.py:151} INFO - [2023-11-15T04:06:51.510+0000] {dag.py:2941} INFO - Sync 1 DAGs
[2023-11-15T04:06:51.539+0000] {logging_mixin.py:151} INFO - [2023-11-15T04:06:51.538+0000] {dag.py:3722} INFO - Setting next_dagrun for latest_only_with_trigger to 2023-11-15T00:06:51.538526+00:00, run_after=2023-11-15T04:06:51.538526+00:00
[2023-11-15T04:06:51.564+0000] {processor.py:179} INFO - Processing /home/airflow/.local/lib/python3.8/site-packages/airflow/example_dags/example_latest_only_with_trigger.py took 0.105 seconds
[2023-11-15T04:07:22.409+0000] {processor.py:157} INFO - Started process (PID=1202) to work on /home/airflow/.local/lib/python3.8/site-packages/airflow/example_dags/example_latest_only_with_trigger.py
[2023-11-15T04:07:22.410+0000] {processor.py:829} INFO - Processing file /home/airflow/.local/lib/python3.8/site-packages/airflow/example_dags/example_latest_only_with_trigger.py for tasks to queue
[2023-11-15T04:07:22.413+0000] {logging_mixin.py:151} INFO - [2023-11-15T04:07:22.412+0000] {dagbag.py:536} INFO - Filling up the DagBag from /home/airflow/.local/lib/python3.8/site-packages/airflow/example_dags/example_latest_only_with_trigger.py
[2023-11-15T04:07:22.419+0000] {processor.py:839} INFO - DAG(s) dict_keys(['latest_only_with_trigger']) retrieved from /home/airflow/.local/lib/python3.8/site-packages/airflow/example_dags/example_latest_only_with_trigger.py
[2023-11-15T04:07:22.446+0000] {logging_mixin.py:151} INFO - [2023-11-15T04:07:22.446+0000] {dag.py:2941} INFO - Sync 1 DAGs
[2023-11-15T04:07:22.473+0000] {logging_mixin.py:151} INFO - [2023-11-15T04:07:22.473+0000] {dag.py:3722} INFO - Setting next_dagrun for latest_only_with_trigger to 2023-11-15T00:07:22.473102+00:00, run_after=2023-11-15T04:07:22.473102+00:00
[2023-11-15T04:07:22.500+0000] {processor.py:179} INFO - Processing /home/airflow/.local/lib/python3.8/site-packages/airflow/example_dags/example_latest_only_with_trigger.py took 0.095 seconds
[2023-11-15T04:07:53.104+0000] {processor.py:157} INFO - Started process (PID=1259) to work on /home/airflow/.local/lib/python3.8/site-packages/airflow/example_dags/example_latest_only_with_trigger.py
[2023-11-15T04:07:53.105+0000] {processor.py:829} INFO - Processing file /home/airflow/.local/lib/python3.8/site-packages/airflow/example_dags/example_latest_only_with_trigger.py for tasks to queue
[2023-11-15T04:07:53.108+0000] {logging_mixin.py:151} INFO - [2023-11-15T04:07:53.107+0000] {dagbag.py:536} INFO - Filling up the DagBag from /home/airflow/.local/lib/python3.8/site-packages/airflow/example_dags/example_latest_only_with_trigger.py
[2023-11-15T04:07:53.114+0000] {processor.py:839} INFO - DAG(s) dict_keys(['latest_only_with_trigger']) retrieved from /home/airflow/.local/lib/python3.8/site-packages/airflow/example_dags/example_latest_only_with_trigger.py
[2023-11-15T04:07:53.140+0000] {logging_mixin.py:151} INFO - [2023-11-15T04:07:53.140+0000] {dag.py:2941} INFO - Sync 1 DAGs
[2023-11-15T04:07:53.166+0000] {logging_mixin.py:151} INFO - [2023-11-15T04:07:53.165+0000] {dag.py:3722} INFO - Setting next_dagrun for latest_only_with_trigger to 2023-11-15T00:07:53.165631+00:00, run_after=2023-11-15T04:07:53.165631+00:00
[2023-11-15T04:07:53.191+0000] {processor.py:179} INFO - Processing /home/airflow/.local/lib/python3.8/site-packages/airflow/example_dags/example_latest_only_with_trigger.py took 0.092 seconds
[2023-11-15T04:08:23.309+0000] {processor.py:157} INFO - Started process (PID=1315) to work on /home/airflow/.local/lib/python3.8/site-packages/airflow/example_dags/example_latest_only_with_trigger.py
[2023-11-15T04:08:23.310+0000] {processor.py:829} INFO - Processing file /home/airflow/.local/lib/python3.8/site-packages/airflow/example_dags/example_latest_only_with_trigger.py for tasks to queue
[2023-11-15T04:08:23.314+0000] {logging_mixin.py:151} INFO - [2023-11-15T04:08:23.313+0000] {dagbag.py:536} INFO - Filling up the DagBag from /home/airflow/.local/lib/python3.8/site-packages/airflow/example_dags/example_latest_only_with_trigger.py
[2023-11-15T04:08:23.321+0000] {processor.py:839} INFO - DAG(s) dict_keys(['latest_only_with_trigger']) retrieved from /home/airflow/.local/lib/python3.8/site-packages/airflow/example_dags/example_latest_only_with_trigger.py
[2023-11-15T04:08:23.348+0000] {logging_mixin.py:151} INFO - [2023-11-15T04:08:23.348+0000] {dag.py:2941} INFO - Sync 1 DAGs
[2023-11-15T04:08:23.376+0000] {logging_mixin.py:151} INFO - [2023-11-15T04:08:23.376+0000] {dag.py:3722} INFO - Setting next_dagrun for latest_only_with_trigger to 2023-11-15T00:08:23.375645+00:00, run_after=2023-11-15T04:08:23.375645+00:00
[2023-11-15T04:08:23.399+0000] {processor.py:179} INFO - Processing /home/airflow/.local/lib/python3.8/site-packages/airflow/example_dags/example_latest_only_with_trigger.py took 0.095 seconds
[2023-11-15T04:08:53.742+0000] {processor.py:157} INFO - Started process (PID=1372) to work on /home/airflow/.local/lib/python3.8/site-packages/airflow/example_dags/example_latest_only_with_trigger.py
[2023-11-15T04:08:53.744+0000] {processor.py:829} INFO - Processing file /home/airflow/.local/lib/python3.8/site-packages/airflow/example_dags/example_latest_only_with_trigger.py for tasks to queue
[2023-11-15T04:08:53.747+0000] {logging_mixin.py:151} INFO - [2023-11-15T04:08:53.746+0000] {dagbag.py:536} INFO - Filling up the DagBag from /home/airflow/.local/lib/python3.8/site-packages/airflow/example_dags/example_latest_only_with_trigger.py
[2023-11-15T04:08:53.752+0000] {processor.py:839} INFO - DAG(s) dict_keys(['latest_only_with_trigger']) retrieved from /home/airflow/.local/lib/python3.8/site-packages/airflow/example_dags/example_latest_only_with_trigger.py
[2023-11-15T04:08:53.779+0000] {logging_mixin.py:151} INFO - [2023-11-15T04:08:53.778+0000] {dag.py:2941} INFO - Sync 1 DAGs
[2023-11-15T04:08:53.805+0000] {logging_mixin.py:151} INFO - [2023-11-15T04:08:53.805+0000] {dag.py:3722} INFO - Setting next_dagrun for latest_only_with_trigger to 2023-11-15T00:08:53.805156+00:00, run_after=2023-11-15T04:08:53.805156+00:00
[2023-11-15T04:08:53.833+0000] {processor.py:179} INFO - Processing /home/airflow/.local/lib/python3.8/site-packages/airflow/example_dags/example_latest_only_with_trigger.py took 0.094 seconds
[2023-11-15T04:09:24.216+0000] {processor.py:157} INFO - Started process (PID=1429) to work on /home/airflow/.local/lib/python3.8/site-packages/airflow/example_dags/example_latest_only_with_trigger.py
[2023-11-15T04:09:24.216+0000] {processor.py:829} INFO - Processing file /home/airflow/.local/lib/python3.8/site-packages/airflow/example_dags/example_latest_only_with_trigger.py for tasks to queue
[2023-11-15T04:09:24.220+0000] {logging_mixin.py:151} INFO - [2023-11-15T04:09:24.219+0000] {dagbag.py:536} INFO - Filling up the DagBag from /home/airflow/.local/lib/python3.8/site-packages/airflow/example_dags/example_latest_only_with_trigger.py
[2023-11-15T04:09:24.226+0000] {processor.py:839} INFO - DAG(s) dict_keys(['latest_only_with_trigger']) retrieved from /home/airflow/.local/lib/python3.8/site-packages/airflow/example_dags/example_latest_only_with_trigger.py
[2023-11-15T04:09:24.251+0000] {logging_mixin.py:151} INFO - [2023-11-15T04:09:24.251+0000] {dag.py:2941} INFO - Sync 1 DAGs
[2023-11-15T04:09:24.281+0000] {logging_mixin.py:151} INFO - [2023-11-15T04:09:24.280+0000] {dag.py:3722} INFO - Setting next_dagrun for latest_only_with_trigger to 2023-11-15T00:09:24.280659+00:00, run_after=2023-11-15T04:09:24.280659+00:00
[2023-11-15T04:09:24.307+0000] {processor.py:179} INFO - Processing /home/airflow/.local/lib/python3.8/site-packages/airflow/example_dags/example_latest_only_with_trigger.py took 0.095 seconds
[2023-11-15T04:09:54.823+0000] {processor.py:157} INFO - Started process (PID=1486) to work on /home/airflow/.local/lib/python3.8/site-packages/airflow/example_dags/example_latest_only_with_trigger.py
[2023-11-15T04:09:54.825+0000] {processor.py:829} INFO - Processing file /home/airflow/.local/lib/python3.8/site-packages/airflow/example_dags/example_latest_only_with_trigger.py for tasks to queue
[2023-11-15T04:09:54.828+0000] {logging_mixin.py:151} INFO - [2023-11-15T04:09:54.827+0000] {dagbag.py:536} INFO - Filling up the DagBag from /home/airflow/.local/lib/python3.8/site-packages/airflow/example_dags/example_latest_only_with_trigger.py
[2023-11-15T04:09:54.834+0000] {processor.py:839} INFO - DAG(s) dict_keys(['latest_only_with_trigger']) retrieved from /home/airflow/.local/lib/python3.8/site-packages/airflow/example_dags/example_latest_only_with_trigger.py
[2023-11-15T04:09:54.860+0000] {logging_mixin.py:151} INFO - [2023-11-15T04:09:54.860+0000] {dag.py:2941} INFO - Sync 1 DAGs
[2023-11-15T04:09:54.888+0000] {logging_mixin.py:151} INFO - [2023-11-15T04:09:54.888+0000] {dag.py:3722} INFO - Setting next_dagrun for latest_only_with_trigger to 2023-11-15T00:09:54.887748+00:00, run_after=2023-11-15T04:09:54.887748+00:00
[2023-11-15T04:09:54.916+0000] {processor.py:179} INFO - Processing /home/airflow/.local/lib/python3.8/site-packages/airflow/example_dags/example_latest_only_with_trigger.py took 0.097 seconds
[2023-11-15T04:10:25.613+0000] {processor.py:157} INFO - Started process (PID=1543) to work on /home/airflow/.local/lib/python3.8/site-packages/airflow/example_dags/example_latest_only_with_trigger.py
[2023-11-15T04:10:25.614+0000] {processor.py:829} INFO - Processing file /home/airflow/.local/lib/python3.8/site-packages/airflow/example_dags/example_latest_only_with_trigger.py for tasks to queue
[2023-11-15T04:10:25.618+0000] {logging_mixin.py:151} INFO - [2023-11-15T04:10:25.617+0000] {dagbag.py:536} INFO - Filling up the DagBag from /home/airflow/.local/lib/python3.8/site-packages/airflow/example_dags/example_latest_only_with_trigger.py
[2023-11-15T04:10:25.625+0000] {processor.py:839} INFO - DAG(s) dict_keys(['latest_only_with_trigger']) retrieved from /home/airflow/.local/lib/python3.8/site-packages/airflow/example_dags/example_latest_only_with_trigger.py
[2023-11-15T04:10:25.654+0000] {logging_mixin.py:151} INFO - [2023-11-15T04:10:25.653+0000] {dag.py:2941} INFO - Sync 1 DAGs
[2023-11-15T04:10:25.681+0000] {logging_mixin.py:151} INFO - [2023-11-15T04:10:25.680+0000] {dag.py:3722} INFO - Setting next_dagrun for latest_only_with_trigger to 2023-11-15T00:10:25.680488+00:00, run_after=2023-11-15T04:10:25.680488+00:00
[2023-11-15T04:10:25.706+0000] {processor.py:179} INFO - Processing /home/airflow/.local/lib/python3.8/site-packages/airflow/example_dags/example_latest_only_with_trigger.py took 0.098 seconds
[2023-11-15T04:10:56.029+0000] {processor.py:157} INFO - Started process (PID=1601) to work on /home/airflow/.local/lib/python3.8/site-packages/airflow/example_dags/example_latest_only_with_trigger.py
[2023-11-15T04:10:56.031+0000] {processor.py:829} INFO - Processing file /home/airflow/.local/lib/python3.8/site-packages/airflow/example_dags/example_latest_only_with_trigger.py for tasks to queue
[2023-11-15T04:10:56.034+0000] {logging_mixin.py:151} INFO - [2023-11-15T04:10:56.033+0000] {dagbag.py:536} INFO - Filling up the DagBag from /home/airflow/.local/lib/python3.8/site-packages/airflow/example_dags/example_latest_only_with_trigger.py
[2023-11-15T04:10:56.040+0000] {processor.py:839} INFO - DAG(s) dict_keys(['latest_only_with_trigger']) retrieved from /home/airflow/.local/lib/python3.8/site-packages/airflow/example_dags/example_latest_only_with_trigger.py
[2023-11-15T04:10:56.071+0000] {logging_mixin.py:151} INFO - [2023-11-15T04:10:56.070+0000] {dag.py:2941} INFO - Sync 1 DAGs
[2023-11-15T04:10:56.099+0000] {logging_mixin.py:151} INFO - [2023-11-15T04:10:56.098+0000] {dag.py:3722} INFO - Setting next_dagrun for latest_only_with_trigger to 2023-11-15T00:10:56.098499+00:00, run_after=2023-11-15T04:10:56.098499+00:00
[2023-11-15T04:10:56.122+0000] {processor.py:179} INFO - Processing /home/airflow/.local/lib/python3.8/site-packages/airflow/example_dags/example_latest_only_with_trigger.py took 0.097 seconds
[2023-11-15T04:11:26.542+0000] {processor.py:157} INFO - Started process (PID=1662) to work on /home/airflow/.local/lib/python3.8/site-packages/airflow/example_dags/example_latest_only_with_trigger.py
[2023-11-15T04:11:26.543+0000] {processor.py:829} INFO - Processing file /home/airflow/.local/lib/python3.8/site-packages/airflow/example_dags/example_latest_only_with_trigger.py for tasks to queue
[2023-11-15T04:11:26.546+0000] {logging_mixin.py:151} INFO - [2023-11-15T04:11:26.546+0000] {dagbag.py:536} INFO - Filling up the DagBag from /home/airflow/.local/lib/python3.8/site-packages/airflow/example_dags/example_latest_only_with_trigger.py
[2023-11-15T04:11:26.554+0000] {processor.py:839} INFO - DAG(s) dict_keys(['latest_only_with_trigger']) retrieved from /home/airflow/.local/lib/python3.8/site-packages/airflow/example_dags/example_latest_only_with_trigger.py
[2023-11-15T04:11:26.581+0000] {logging_mixin.py:151} INFO - [2023-11-15T04:11:26.580+0000] {dag.py:2941} INFO - Sync 1 DAGs
[2023-11-15T04:11:26.607+0000] {logging_mixin.py:151} INFO - [2023-11-15T04:11:26.607+0000] {dag.py:3722} INFO - Setting next_dagrun for latest_only_with_trigger to 2023-11-15T00:11:26.606925+00:00, run_after=2023-11-15T04:11:26.606925+00:00
[2023-11-15T04:11:26.633+0000] {processor.py:179} INFO - Processing /home/airflow/.local/lib/python3.8/site-packages/airflow/example_dags/example_latest_only_with_trigger.py took 0.095 seconds
[2023-11-15T04:11:56.701+0000] {processor.py:157} INFO - Started process (PID=1724) to work on /home/airflow/.local/lib/python3.8/site-packages/airflow/example_dags/example_latest_only_with_trigger.py
[2023-11-15T04:11:56.702+0000] {processor.py:829} INFO - Processing file /home/airflow/.local/lib/python3.8/site-packages/airflow/example_dags/example_latest_only_with_trigger.py for tasks to queue
[2023-11-15T04:11:56.705+0000] {logging_mixin.py:151} INFO - [2023-11-15T04:11:56.705+0000] {dagbag.py:536} INFO - Filling up the DagBag from /home/airflow/.local/lib/python3.8/site-packages/airflow/example_dags/example_latest_only_with_trigger.py
[2023-11-15T04:11:56.711+0000] {processor.py:839} INFO - DAG(s) dict_keys(['latest_only_with_trigger']) retrieved from /home/airflow/.local/lib/python3.8/site-packages/airflow/example_dags/example_latest_only_with_trigger.py
[2023-11-15T04:11:56.738+0000] {logging_mixin.py:151} INFO - [2023-11-15T04:11:56.737+0000] {dag.py:2941} INFO - Sync 1 DAGs
[2023-11-15T04:11:56.765+0000] {logging_mixin.py:151} INFO - [2023-11-15T04:11:56.765+0000] {dag.py:3722} INFO - Setting next_dagrun for latest_only_with_trigger to 2023-11-15T00:11:56.765284+00:00, run_after=2023-11-15T04:11:56.765284+00:00
[2023-11-15T04:11:56.788+0000] {processor.py:179} INFO - Processing /home/airflow/.local/lib/python3.8/site-packages/airflow/example_dags/example_latest_only_with_trigger.py took 0.092 seconds
[2023-11-15T04:12:27.477+0000] {processor.py:157} INFO - Started process (PID=1784) to work on /home/airflow/.local/lib/python3.8/site-packages/airflow/example_dags/example_latest_only_with_trigger.py
[2023-11-15T04:12:27.478+0000] {processor.py:829} INFO - Processing file /home/airflow/.local/lib/python3.8/site-packages/airflow/example_dags/example_latest_only_with_trigger.py for tasks to queue
[2023-11-15T04:12:27.481+0000] {logging_mixin.py:151} INFO - [2023-11-15T04:12:27.481+0000] {dagbag.py:536} INFO - Filling up the DagBag from /home/airflow/.local/lib/python3.8/site-packages/airflow/example_dags/example_latest_only_with_trigger.py
[2023-11-15T04:12:27.488+0000] {processor.py:839} INFO - DAG(s) dict_keys(['latest_only_with_trigger']) retrieved from /home/airflow/.local/lib/python3.8/site-packages/airflow/example_dags/example_latest_only_with_trigger.py
[2023-11-15T04:12:27.514+0000] {logging_mixin.py:151} INFO - [2023-11-15T04:12:27.514+0000] {dag.py:2941} INFO - Sync 1 DAGs
[2023-11-15T04:12:27.543+0000] {logging_mixin.py:151} INFO - [2023-11-15T04:12:27.542+0000] {dag.py:3722} INFO - Setting next_dagrun for latest_only_with_trigger to 2023-11-15T00:12:27.542423+00:00, run_after=2023-11-15T04:12:27.542423+00:00
[2023-11-15T04:12:27.567+0000] {processor.py:179} INFO - Processing /home/airflow/.local/lib/python3.8/site-packages/airflow/example_dags/example_latest_only_with_trigger.py took 0.094 seconds
[2023-11-15T04:12:57.906+0000] {processor.py:157} INFO - Started process (PID=1844) to work on /home/airflow/.local/lib/python3.8/site-packages/airflow/example_dags/example_latest_only_with_trigger.py
[2023-11-15T04:12:57.907+0000] {processor.py:829} INFO - Processing file /home/airflow/.local/lib/python3.8/site-packages/airflow/example_dags/example_latest_only_with_trigger.py for tasks to queue
[2023-11-15T04:12:57.910+0000] {logging_mixin.py:151} INFO - [2023-11-15T04:12:57.910+0000] {dagbag.py:536} INFO - Filling up the DagBag from /home/airflow/.local/lib/python3.8/site-packages/airflow/example_dags/example_latest_only_with_trigger.py
[2023-11-15T04:12:57.917+0000] {processor.py:839} INFO - DAG(s) dict_keys(['latest_only_with_trigger']) retrieved from /home/airflow/.local/lib/python3.8/site-packages/airflow/example_dags/example_latest_only_with_trigger.py
[2023-11-15T04:12:57.942+0000] {logging_mixin.py:151} INFO - [2023-11-15T04:12:57.942+0000] {dag.py:2941} INFO - Sync 1 DAGs
[2023-11-15T04:12:57.969+0000] {logging_mixin.py:151} INFO - [2023-11-15T04:12:57.969+0000] {dag.py:3722} INFO - Setting next_dagrun for latest_only_with_trigger to 2023-11-15T00:12:57.968765+00:00, run_after=2023-11-15T04:12:57.968765+00:00
[2023-11-15T04:12:57.992+0000] {processor.py:179} INFO - Processing /home/airflow/.local/lib/python3.8/site-packages/airflow/example_dags/example_latest_only_with_trigger.py took 0.090 seconds
[2023-11-15T04:13:28.781+0000] {processor.py:157} INFO - Started process (PID=1906) to work on /home/airflow/.local/lib/python3.8/site-packages/airflow/example_dags/example_latest_only_with_trigger.py
[2023-11-15T04:13:28.782+0000] {processor.py:829} INFO - Processing file /home/airflow/.local/lib/python3.8/site-packages/airflow/example_dags/example_latest_only_with_trigger.py for tasks to queue
[2023-11-15T04:13:28.786+0000] {logging_mixin.py:151} INFO - [2023-11-15T04:13:28.786+0000] {dagbag.py:536} INFO - Filling up the DagBag from /home/airflow/.local/lib/python3.8/site-packages/airflow/example_dags/example_latest_only_with_trigger.py
[2023-11-15T04:13:28.795+0000] {processor.py:839} INFO - DAG(s) dict_keys(['latest_only_with_trigger']) retrieved from /home/airflow/.local/lib/python3.8/site-packages/airflow/example_dags/example_latest_only_with_trigger.py
[2023-11-15T04:13:28.826+0000] {logging_mixin.py:151} INFO - [2023-11-15T04:13:28.826+0000] {dag.py:2941} INFO - Sync 1 DAGs
[2023-11-15T04:13:28.856+0000] {logging_mixin.py:151} INFO - [2023-11-15T04:13:28.855+0000] {dag.py:3722} INFO - Setting next_dagrun for latest_only_with_trigger to 2023-11-15T00:13:28.855514+00:00, run_after=2023-11-15T04:13:28.855514+00:00
[2023-11-15T04:13:28.885+0000] {processor.py:179} INFO - Processing /home/airflow/.local/lib/python3.8/site-packages/airflow/example_dags/example_latest_only_with_trigger.py took 0.108 seconds
[2023-11-15T04:14:00.331+0000] {processor.py:157} INFO - Started process (PID=1963) to work on /home/airflow/.local/lib/python3.8/site-packages/airflow/example_dags/example_latest_only_with_trigger.py
[2023-11-15T04:14:00.333+0000] {processor.py:829} INFO - Processing file /home/airflow/.local/lib/python3.8/site-packages/airflow/example_dags/example_latest_only_with_trigger.py for tasks to queue
[2023-11-15T04:14:00.337+0000] {logging_mixin.py:151} INFO - [2023-11-15T04:14:00.336+0000] {dagbag.py:536} INFO - Filling up the DagBag from /home/airflow/.local/lib/python3.8/site-packages/airflow/example_dags/example_latest_only_with_trigger.py
[2023-11-15T04:14:00.345+0000] {processor.py:839} INFO - DAG(s) dict_keys(['latest_only_with_trigger']) retrieved from /home/airflow/.local/lib/python3.8/site-packages/airflow/example_dags/example_latest_only_with_trigger.py
[2023-11-15T04:14:00.376+0000] {logging_mixin.py:151} INFO - [2023-11-15T04:14:00.376+0000] {dag.py:2941} INFO - Sync 1 DAGs
[2023-11-15T04:14:00.620+0000] {logging_mixin.py:151} INFO - [2023-11-15T04:14:00.620+0000] {dag.py:3722} INFO - Setting next_dagrun for latest_only_with_trigger to 2023-11-15T00:14:00.619918+00:00, run_after=2023-11-15T04:14:00.619918+00:00
[2023-11-15T04:14:00.651+0000] {processor.py:179} INFO - Processing /home/airflow/.local/lib/python3.8/site-packages/airflow/example_dags/example_latest_only_with_trigger.py took 0.325 seconds
[2023-11-15T04:14:30.846+0000] {processor.py:157} INFO - Started process (PID=2020) to work on /home/airflow/.local/lib/python3.8/site-packages/airflow/example_dags/example_latest_only_with_trigger.py
[2023-11-15T04:14:30.847+0000] {processor.py:829} INFO - Processing file /home/airflow/.local/lib/python3.8/site-packages/airflow/example_dags/example_latest_only_with_trigger.py for tasks to queue
[2023-11-15T04:14:30.850+0000] {logging_mixin.py:151} INFO - [2023-11-15T04:14:30.850+0000] {dagbag.py:536} INFO - Filling up the DagBag from /home/airflow/.local/lib/python3.8/site-packages/airflow/example_dags/example_latest_only_with_trigger.py
[2023-11-15T04:14:30.856+0000] {processor.py:839} INFO - DAG(s) dict_keys(['latest_only_with_trigger']) retrieved from /home/airflow/.local/lib/python3.8/site-packages/airflow/example_dags/example_latest_only_with_trigger.py
[2023-11-15T04:14:30.883+0000] {logging_mixin.py:151} INFO - [2023-11-15T04:14:30.883+0000] {dag.py:2941} INFO - Sync 1 DAGs
[2023-11-15T04:14:30.911+0000] {logging_mixin.py:151} INFO - [2023-11-15T04:14:30.911+0000] {dag.py:3722} INFO - Setting next_dagrun for latest_only_with_trigger to 2023-11-15T00:14:30.910843+00:00, run_after=2023-11-15T04:14:30.910843+00:00
[2023-11-15T04:14:31.091+0000] {processor.py:179} INFO - Processing /home/airflow/.local/lib/python3.8/site-packages/airflow/example_dags/example_latest_only_with_trigger.py took 0.249 seconds
[2023-11-15T04:15:01.774+0000] {processor.py:157} INFO - Started process (PID=2077) to work on /home/airflow/.local/lib/python3.8/site-packages/airflow/example_dags/example_latest_only_with_trigger.py
[2023-11-15T04:15:01.775+0000] {processor.py:829} INFO - Processing file /home/airflow/.local/lib/python3.8/site-packages/airflow/example_dags/example_latest_only_with_trigger.py for tasks to queue
[2023-11-15T04:15:01.778+0000] {logging_mixin.py:151} INFO - [2023-11-15T04:15:01.778+0000] {dagbag.py:536} INFO - Filling up the DagBag from /home/airflow/.local/lib/python3.8/site-packages/airflow/example_dags/example_latest_only_with_trigger.py
[2023-11-15T04:15:01.784+0000] {processor.py:839} INFO - DAG(s) dict_keys(['latest_only_with_trigger']) retrieved from /home/airflow/.local/lib/python3.8/site-packages/airflow/example_dags/example_latest_only_with_trigger.py
[2023-11-15T04:15:01.810+0000] {logging_mixin.py:151} INFO - [2023-11-15T04:15:01.809+0000] {dag.py:2941} INFO - Sync 1 DAGs
[2023-11-15T04:15:01.834+0000] {logging_mixin.py:151} INFO - [2023-11-15T04:15:01.834+0000] {dag.py:3722} INFO - Setting next_dagrun for latest_only_with_trigger to 2023-11-15T00:15:01.834341+00:00, run_after=2023-11-15T04:15:01.834341+00:00
[2023-11-15T04:15:01.857+0000] {processor.py:179} INFO - Processing /home/airflow/.local/lib/python3.8/site-packages/airflow/example_dags/example_latest_only_with_trigger.py took 0.087 seconds
[2023-11-15T04:15:32.615+0000] {processor.py:157} INFO - Started process (PID=2135) to work on /home/airflow/.local/lib/python3.8/site-packages/airflow/example_dags/example_latest_only_with_trigger.py
[2023-11-15T04:15:32.616+0000] {processor.py:829} INFO - Processing file /home/airflow/.local/lib/python3.8/site-packages/airflow/example_dags/example_latest_only_with_trigger.py for tasks to queue
[2023-11-15T04:15:32.619+0000] {logging_mixin.py:151} INFO - [2023-11-15T04:15:32.619+0000] {dagbag.py:536} INFO - Filling up the DagBag from /home/airflow/.local/lib/python3.8/site-packages/airflow/example_dags/example_latest_only_with_trigger.py
[2023-11-15T04:15:32.626+0000] {processor.py:839} INFO - DAG(s) dict_keys(['latest_only_with_trigger']) retrieved from /home/airflow/.local/lib/python3.8/site-packages/airflow/example_dags/example_latest_only_with_trigger.py
[2023-11-15T04:15:32.824+0000] {logging_mixin.py:151} INFO - [2023-11-15T04:15:32.824+0000] {dag.py:2941} INFO - Sync 1 DAGs
[2023-11-15T04:15:32.850+0000] {logging_mixin.py:151} INFO - [2023-11-15T04:15:32.850+0000] {dag.py:3722} INFO - Setting next_dagrun for latest_only_with_trigger to 2023-11-15T00:15:32.850109+00:00, run_after=2023-11-15T04:15:32.850109+00:00
[2023-11-15T04:15:32.874+0000] {processor.py:179} INFO - Processing /home/airflow/.local/lib/python3.8/site-packages/airflow/example_dags/example_latest_only_with_trigger.py took 0.263 seconds
[2023-11-15T04:16:02.962+0000] {processor.py:157} INFO - Started process (PID=2195) to work on /home/airflow/.local/lib/python3.8/site-packages/airflow/example_dags/example_latest_only_with_trigger.py
[2023-11-15T04:16:02.963+0000] {processor.py:829} INFO - Processing file /home/airflow/.local/lib/python3.8/site-packages/airflow/example_dags/example_latest_only_with_trigger.py for tasks to queue
[2023-11-15T04:16:02.966+0000] {logging_mixin.py:151} INFO - [2023-11-15T04:16:02.966+0000] {dagbag.py:536} INFO - Filling up the DagBag from /home/airflow/.local/lib/python3.8/site-packages/airflow/example_dags/example_latest_only_with_trigger.py
[2023-11-15T04:16:02.973+0000] {processor.py:839} INFO - DAG(s) dict_keys(['latest_only_with_trigger']) retrieved from /home/airflow/.local/lib/python3.8/site-packages/airflow/example_dags/example_latest_only_with_trigger.py
[2023-11-15T04:16:03.002+0000] {logging_mixin.py:151} INFO - [2023-11-15T04:16:03.001+0000] {dag.py:2941} INFO - Sync 1 DAGs
[2023-11-15T04:16:03.199+0000] {logging_mixin.py:151} INFO - [2023-11-15T04:16:03.199+0000] {dag.py:3722} INFO - Setting next_dagrun for latest_only_with_trigger to 2023-11-15T00:16:03.199130+00:00, run_after=2023-11-15T04:16:03.199130+00:00
[2023-11-15T04:16:03.222+0000] {processor.py:179} INFO - Processing /home/airflow/.local/lib/python3.8/site-packages/airflow/example_dags/example_latest_only_with_trigger.py took 0.265 seconds
[2023-11-15T04:16:33.642+0000] {processor.py:157} INFO - Started process (PID=2253) to work on /home/airflow/.local/lib/python3.8/site-packages/airflow/example_dags/example_latest_only_with_trigger.py
[2023-11-15T04:16:33.643+0000] {processor.py:829} INFO - Processing file /home/airflow/.local/lib/python3.8/site-packages/airflow/example_dags/example_latest_only_with_trigger.py for tasks to queue
[2023-11-15T04:16:33.646+0000] {logging_mixin.py:151} INFO - [2023-11-15T04:16:33.645+0000] {dagbag.py:536} INFO - Filling up the DagBag from /home/airflow/.local/lib/python3.8/site-packages/airflow/example_dags/example_latest_only_with_trigger.py
[2023-11-15T04:16:33.652+0000] {processor.py:839} INFO - DAG(s) dict_keys(['latest_only_with_trigger']) retrieved from /home/airflow/.local/lib/python3.8/site-packages/airflow/example_dags/example_latest_only_with_trigger.py
[2023-11-15T04:16:33.676+0000] {logging_mixin.py:151} INFO - [2023-11-15T04:16:33.675+0000] {dag.py:2941} INFO - Sync 1 DAGs
[2023-11-15T04:16:33.705+0000] {logging_mixin.py:151} INFO - [2023-11-15T04:16:33.705+0000] {dag.py:3722} INFO - Setting next_dagrun for latest_only_with_trigger to 2023-11-15T00:16:33.705002+00:00, run_after=2023-11-15T04:16:33.705002+00:00
[2023-11-15T04:16:33.728+0000] {processor.py:179} INFO - Processing /home/airflow/.local/lib/python3.8/site-packages/airflow/example_dags/example_latest_only_with_trigger.py took 0.092 seconds
[2023-11-15T04:17:03.916+0000] {processor.py:157} INFO - Started process (PID=2310) to work on /home/airflow/.local/lib/python3.8/site-packages/airflow/example_dags/example_latest_only_with_trigger.py
[2023-11-15T04:17:03.918+0000] {processor.py:829} INFO - Processing file /home/airflow/.local/lib/python3.8/site-packages/airflow/example_dags/example_latest_only_with_trigger.py for tasks to queue
[2023-11-15T04:17:03.921+0000] {logging_mixin.py:151} INFO - [2023-11-15T04:17:03.921+0000] {dagbag.py:536} INFO - Filling up the DagBag from /home/airflow/.local/lib/python3.8/site-packages/airflow/example_dags/example_latest_only_with_trigger.py
[2023-11-15T04:17:03.928+0000] {processor.py:839} INFO - DAG(s) dict_keys(['latest_only_with_trigger']) retrieved from /home/airflow/.local/lib/python3.8/site-packages/airflow/example_dags/example_latest_only_with_trigger.py
[2023-11-15T04:17:03.955+0000] {logging_mixin.py:151} INFO - [2023-11-15T04:17:03.954+0000] {dag.py:2941} INFO - Sync 1 DAGs
[2023-11-15T04:17:03.983+0000] {logging_mixin.py:151} INFO - [2023-11-15T04:17:03.982+0000] {dag.py:3722} INFO - Setting next_dagrun for latest_only_with_trigger to 2023-11-15T00:17:03.982543+00:00, run_after=2023-11-15T04:17:03.982543+00:00
[2023-11-15T04:17:04.008+0000] {processor.py:179} INFO - Processing /home/airflow/.local/lib/python3.8/site-packages/airflow/example_dags/example_latest_only_with_trigger.py took 0.096 seconds
[2023-11-15T04:17:34.525+0000] {processor.py:157} INFO - Started process (PID=2368) to work on /home/airflow/.local/lib/python3.8/site-packages/airflow/example_dags/example_latest_only_with_trigger.py
[2023-11-15T04:17:34.526+0000] {processor.py:829} INFO - Processing file /home/airflow/.local/lib/python3.8/site-packages/airflow/example_dags/example_latest_only_with_trigger.py for tasks to queue
[2023-11-15T04:17:34.529+0000] {logging_mixin.py:151} INFO - [2023-11-15T04:17:34.528+0000] {dagbag.py:536} INFO - Filling up the DagBag from /home/airflow/.local/lib/python3.8/site-packages/airflow/example_dags/example_latest_only_with_trigger.py
[2023-11-15T04:17:34.535+0000] {processor.py:839} INFO - DAG(s) dict_keys(['latest_only_with_trigger']) retrieved from /home/airflow/.local/lib/python3.8/site-packages/airflow/example_dags/example_latest_only_with_trigger.py
[2023-11-15T04:17:34.559+0000] {logging_mixin.py:151} INFO - [2023-11-15T04:17:34.558+0000] {dag.py:2941} INFO - Sync 1 DAGs
[2023-11-15T04:17:34.586+0000] {logging_mixin.py:151} INFO - [2023-11-15T04:17:34.585+0000] {dag.py:3722} INFO - Setting next_dagrun for latest_only_with_trigger to 2023-11-15T00:17:34.585692+00:00, run_after=2023-11-15T04:17:34.585692+00:00
[2023-11-15T04:17:34.607+0000] {processor.py:179} INFO - Processing /home/airflow/.local/lib/python3.8/site-packages/airflow/example_dags/example_latest_only_with_trigger.py took 0.086 seconds
[2023-11-15T04:18:05.025+0000] {processor.py:157} INFO - Started process (PID=2425) to work on /home/airflow/.local/lib/python3.8/site-packages/airflow/example_dags/example_latest_only_with_trigger.py
[2023-11-15T04:18:05.026+0000] {processor.py:829} INFO - Processing file /home/airflow/.local/lib/python3.8/site-packages/airflow/example_dags/example_latest_only_with_trigger.py for tasks to queue
[2023-11-15T04:18:05.029+0000] {logging_mixin.py:151} INFO - [2023-11-15T04:18:05.029+0000] {dagbag.py:536} INFO - Filling up the DagBag from /home/airflow/.local/lib/python3.8/site-packages/airflow/example_dags/example_latest_only_with_trigger.py
[2023-11-15T04:18:05.036+0000] {processor.py:839} INFO - DAG(s) dict_keys(['latest_only_with_trigger']) retrieved from /home/airflow/.local/lib/python3.8/site-packages/airflow/example_dags/example_latest_only_with_trigger.py
[2023-11-15T04:18:05.061+0000] {logging_mixin.py:151} INFO - [2023-11-15T04:18:05.061+0000] {dag.py:2941} INFO - Sync 1 DAGs
[2023-11-15T04:18:05.088+0000] {logging_mixin.py:151} INFO - [2023-11-15T04:18:05.088+0000] {dag.py:3722} INFO - Setting next_dagrun for latest_only_with_trigger to 2023-11-15T00:18:05.088255+00:00, run_after=2023-11-15T04:18:05.088255+00:00
[2023-11-15T04:18:05.113+0000] {processor.py:179} INFO - Processing /home/airflow/.local/lib/python3.8/site-packages/airflow/example_dags/example_latest_only_with_trigger.py took 0.093 seconds
[2023-11-15T04:18:35.415+0000] {processor.py:157} INFO - Started process (PID=2482) to work on /home/airflow/.local/lib/python3.8/site-packages/airflow/example_dags/example_latest_only_with_trigger.py
[2023-11-15T04:18:35.416+0000] {processor.py:829} INFO - Processing file /home/airflow/.local/lib/python3.8/site-packages/airflow/example_dags/example_latest_only_with_trigger.py for tasks to queue
[2023-11-15T04:18:35.420+0000] {logging_mixin.py:151} INFO - [2023-11-15T04:18:35.419+0000] {dagbag.py:536} INFO - Filling up the DagBag from /home/airflow/.local/lib/python3.8/site-packages/airflow/example_dags/example_latest_only_with_trigger.py
[2023-11-15T04:18:35.426+0000] {processor.py:839} INFO - DAG(s) dict_keys(['latest_only_with_trigger']) retrieved from /home/airflow/.local/lib/python3.8/site-packages/airflow/example_dags/example_latest_only_with_trigger.py
[2023-11-15T04:18:35.454+0000] {logging_mixin.py:151} INFO - [2023-11-15T04:18:35.453+0000] {dag.py:2941} INFO - Sync 1 DAGs
[2023-11-15T04:18:35.482+0000] {logging_mixin.py:151} INFO - [2023-11-15T04:18:35.482+0000] {dag.py:3722} INFO - Setting next_dagrun for latest_only_with_trigger to 2023-11-15T00:18:35.481896+00:00, run_after=2023-11-15T04:18:35.481896+00:00
[2023-11-15T04:18:35.506+0000] {processor.py:179} INFO - Processing /home/airflow/.local/lib/python3.8/site-packages/airflow/example_dags/example_latest_only_with_trigger.py took 0.095 seconds
[2023-11-15T04:19:06.065+0000] {processor.py:157} INFO - Started process (PID=2541) to work on /home/airflow/.local/lib/python3.8/site-packages/airflow/example_dags/example_latest_only_with_trigger.py
[2023-11-15T04:19:06.066+0000] {processor.py:829} INFO - Processing file /home/airflow/.local/lib/python3.8/site-packages/airflow/example_dags/example_latest_only_with_trigger.py for tasks to queue
[2023-11-15T04:19:06.069+0000] {logging_mixin.py:151} INFO - [2023-11-15T04:19:06.069+0000] {dagbag.py:536} INFO - Filling up the DagBag from /home/airflow/.local/lib/python3.8/site-packages/airflow/example_dags/example_latest_only_with_trigger.py
[2023-11-15T04:19:06.077+0000] {processor.py:839} INFO - DAG(s) dict_keys(['latest_only_with_trigger']) retrieved from /home/airflow/.local/lib/python3.8/site-packages/airflow/example_dags/example_latest_only_with_trigger.py
[2023-11-15T04:19:06.107+0000] {logging_mixin.py:151} INFO - [2023-11-15T04:19:06.106+0000] {dag.py:2941} INFO - Sync 1 DAGs
[2023-11-15T04:19:06.141+0000] {logging_mixin.py:151} INFO - [2023-11-15T04:19:06.141+0000] {dag.py:3722} INFO - Setting next_dagrun for latest_only_with_trigger to 2023-11-15T00:19:06.141314+00:00, run_after=2023-11-15T04:19:06.141314+00:00
[2023-11-15T04:19:06.170+0000] {processor.py:179} INFO - Processing /home/airflow/.local/lib/python3.8/site-packages/airflow/example_dags/example_latest_only_with_trigger.py took 0.109 seconds
[2023-11-15T04:19:36.357+0000] {processor.py:157} INFO - Started process (PID=2601) to work on /home/airflow/.local/lib/python3.8/site-packages/airflow/example_dags/example_latest_only_with_trigger.py
[2023-11-15T04:19:36.358+0000] {processor.py:829} INFO - Processing file /home/airflow/.local/lib/python3.8/site-packages/airflow/example_dags/example_latest_only_with_trigger.py for tasks to queue
[2023-11-15T04:19:36.361+0000] {logging_mixin.py:151} INFO - [2023-11-15T04:19:36.361+0000] {dagbag.py:536} INFO - Filling up the DagBag from /home/airflow/.local/lib/python3.8/site-packages/airflow/example_dags/example_latest_only_with_trigger.py
[2023-11-15T04:19:36.368+0000] {processor.py:839} INFO - DAG(s) dict_keys(['latest_only_with_trigger']) retrieved from /home/airflow/.local/lib/python3.8/site-packages/airflow/example_dags/example_latest_only_with_trigger.py
[2023-11-15T04:19:36.393+0000] {logging_mixin.py:151} INFO - [2023-11-15T04:19:36.393+0000] {dag.py:2941} INFO - Sync 1 DAGs
[2023-11-15T04:19:36.419+0000] {logging_mixin.py:151} INFO - [2023-11-15T04:19:36.419+0000] {dag.py:3722} INFO - Setting next_dagrun for latest_only_with_trigger to 2023-11-15T00:19:36.418846+00:00, run_after=2023-11-15T04:19:36.418846+00:00
[2023-11-15T04:19:36.443+0000] {processor.py:179} INFO - Processing /home/airflow/.local/lib/python3.8/site-packages/airflow/example_dags/example_latest_only_with_trigger.py took 0.090 seconds
[2023-11-15T04:20:06.790+0000] {processor.py:157} INFO - Started process (PID=2661) to work on /home/airflow/.local/lib/python3.8/site-packages/airflow/example_dags/example_latest_only_with_trigger.py
[2023-11-15T04:20:06.792+0000] {processor.py:829} INFO - Processing file /home/airflow/.local/lib/python3.8/site-packages/airflow/example_dags/example_latest_only_with_trigger.py for tasks to queue
[2023-11-15T04:20:06.795+0000] {logging_mixin.py:151} INFO - [2023-11-15T04:20:06.794+0000] {dagbag.py:536} INFO - Filling up the DagBag from /home/airflow/.local/lib/python3.8/site-packages/airflow/example_dags/example_latest_only_with_trigger.py
[2023-11-15T04:20:06.801+0000] {processor.py:839} INFO - DAG(s) dict_keys(['latest_only_with_trigger']) retrieved from /home/airflow/.local/lib/python3.8/site-packages/airflow/example_dags/example_latest_only_with_trigger.py
[2023-11-15T04:20:06.826+0000] {logging_mixin.py:151} INFO - [2023-11-15T04:20:06.826+0000] {dag.py:2941} INFO - Sync 1 DAGs
[2023-11-15T04:20:06.859+0000] {logging_mixin.py:151} INFO - [2023-11-15T04:20:06.859+0000] {dag.py:3722} INFO - Setting next_dagrun for latest_only_with_trigger to 2023-11-15T00:20:06.859169+00:00, run_after=2023-11-15T04:20:06.859169+00:00
[2023-11-15T04:20:06.885+0000] {processor.py:179} INFO - Processing /home/airflow/.local/lib/python3.8/site-packages/airflow/example_dags/example_latest_only_with_trigger.py took 0.099 seconds
[2023-11-15T04:20:37.492+0000] {processor.py:157} INFO - Started process (PID=2721) to work on /home/airflow/.local/lib/python3.8/site-packages/airflow/example_dags/example_latest_only_with_trigger.py
[2023-11-15T04:20:37.493+0000] {processor.py:829} INFO - Processing file /home/airflow/.local/lib/python3.8/site-packages/airflow/example_dags/example_latest_only_with_trigger.py for tasks to queue
[2023-11-15T04:20:37.496+0000] {logging_mixin.py:151} INFO - [2023-11-15T04:20:37.496+0000] {dagbag.py:536} INFO - Filling up the DagBag from /home/airflow/.local/lib/python3.8/site-packages/airflow/example_dags/example_latest_only_with_trigger.py
[2023-11-15T04:20:37.503+0000] {processor.py:839} INFO - DAG(s) dict_keys(['latest_only_with_trigger']) retrieved from /home/airflow/.local/lib/python3.8/site-packages/airflow/example_dags/example_latest_only_with_trigger.py
[2023-11-15T04:20:37.530+0000] {logging_mixin.py:151} INFO - [2023-11-15T04:20:37.529+0000] {dag.py:2941} INFO - Sync 1 DAGs
[2023-11-15T04:20:37.566+0000] {logging_mixin.py:151} INFO - [2023-11-15T04:20:37.566+0000] {dag.py:3722} INFO - Setting next_dagrun for latest_only_with_trigger to 2023-11-15T00:20:37.566100+00:00, run_after=2023-11-15T04:20:37.566100+00:00
[2023-11-15T04:20:37.597+0000] {processor.py:179} INFO - Processing /home/airflow/.local/lib/python3.8/site-packages/airflow/example_dags/example_latest_only_with_trigger.py took 0.109 seconds
[2023-11-15T04:21:07.900+0000] {processor.py:157} INFO - Started process (PID=2785) to work on /home/airflow/.local/lib/python3.8/site-packages/airflow/example_dags/example_latest_only_with_trigger.py
[2023-11-15T04:21:07.901+0000] {processor.py:829} INFO - Processing file /home/airflow/.local/lib/python3.8/site-packages/airflow/example_dags/example_latest_only_with_trigger.py for tasks to queue
[2023-11-15T04:21:07.905+0000] {logging_mixin.py:151} INFO - [2023-11-15T04:21:07.904+0000] {dagbag.py:536} INFO - Filling up the DagBag from /home/airflow/.local/lib/python3.8/site-packages/airflow/example_dags/example_latest_only_with_trigger.py
[2023-11-15T04:21:07.911+0000] {processor.py:839} INFO - DAG(s) dict_keys(['latest_only_with_trigger']) retrieved from /home/airflow/.local/lib/python3.8/site-packages/airflow/example_dags/example_latest_only_with_trigger.py
[2023-11-15T04:21:07.938+0000] {logging_mixin.py:151} INFO - [2023-11-15T04:21:07.938+0000] {dag.py:2941} INFO - Sync 1 DAGs
[2023-11-15T04:21:07.974+0000] {logging_mixin.py:151} INFO - [2023-11-15T04:21:07.974+0000] {dag.py:3722} INFO - Setting next_dagrun for latest_only_with_trigger to 2023-11-15T00:21:07.974127+00:00, run_after=2023-11-15T04:21:07.974127+00:00
[2023-11-15T04:21:08.005+0000] {processor.py:179} INFO - Processing /home/airflow/.local/lib/python3.8/site-packages/airflow/example_dags/example_latest_only_with_trigger.py took 0.110 seconds
[2023-11-15T04:21:38.388+0000] {processor.py:157} INFO - Started process (PID=2845) to work on /home/airflow/.local/lib/python3.8/site-packages/airflow/example_dags/example_latest_only_with_trigger.py
[2023-11-15T04:21:38.389+0000] {processor.py:829} INFO - Processing file /home/airflow/.local/lib/python3.8/site-packages/airflow/example_dags/example_latest_only_with_trigger.py for tasks to queue
[2023-11-15T04:21:38.392+0000] {logging_mixin.py:151} INFO - [2023-11-15T04:21:38.392+0000] {dagbag.py:536} INFO - Filling up the DagBag from /home/airflow/.local/lib/python3.8/site-packages/airflow/example_dags/example_latest_only_with_trigger.py
[2023-11-15T04:21:38.398+0000] {processor.py:839} INFO - DAG(s) dict_keys(['latest_only_with_trigger']) retrieved from /home/airflow/.local/lib/python3.8/site-packages/airflow/example_dags/example_latest_only_with_trigger.py
[2023-11-15T04:21:38.425+0000] {logging_mixin.py:151} INFO - [2023-11-15T04:21:38.425+0000] {dag.py:2941} INFO - Sync 1 DAGs
[2023-11-15T04:21:38.451+0000] {logging_mixin.py:151} INFO - [2023-11-15T04:21:38.450+0000] {dag.py:3722} INFO - Setting next_dagrun for latest_only_with_trigger to 2023-11-15T00:21:38.450645+00:00, run_after=2023-11-15T04:21:38.450645+00:00
[2023-11-15T04:21:38.475+0000] {processor.py:179} INFO - Processing /home/airflow/.local/lib/python3.8/site-packages/airflow/example_dags/example_latest_only_with_trigger.py took 0.091 seconds
[2023-11-15T04:22:09.081+0000] {processor.py:157} INFO - Started process (PID=2906) to work on /home/airflow/.local/lib/python3.8/site-packages/airflow/example_dags/example_latest_only_with_trigger.py
[2023-11-15T04:22:09.083+0000] {processor.py:829} INFO - Processing file /home/airflow/.local/lib/python3.8/site-packages/airflow/example_dags/example_latest_only_with_trigger.py for tasks to queue
[2023-11-15T04:22:09.087+0000] {logging_mixin.py:151} INFO - [2023-11-15T04:22:09.086+0000] {dagbag.py:536} INFO - Filling up the DagBag from /home/airflow/.local/lib/python3.8/site-packages/airflow/example_dags/example_latest_only_with_trigger.py
[2023-11-15T04:22:09.095+0000] {processor.py:839} INFO - DAG(s) dict_keys(['latest_only_with_trigger']) retrieved from /home/airflow/.local/lib/python3.8/site-packages/airflow/example_dags/example_latest_only_with_trigger.py
[2023-11-15T04:22:09.128+0000] {logging_mixin.py:151} INFO - [2023-11-15T04:22:09.128+0000] {dag.py:2941} INFO - Sync 1 DAGs
[2023-11-15T04:22:09.162+0000] {logging_mixin.py:151} INFO - [2023-11-15T04:22:09.162+0000] {dag.py:3722} INFO - Setting next_dagrun for latest_only_with_trigger to 2023-11-15T00:22:09.161850+00:00, run_after=2023-11-15T04:22:09.161850+00:00
[2023-11-15T04:22:09.196+0000] {processor.py:179} INFO - Processing /home/airflow/.local/lib/python3.8/site-packages/airflow/example_dags/example_latest_only_with_trigger.py took 0.119 seconds
[2023-11-15T04:22:39.298+0000] {processor.py:157} INFO - Started process (PID=2966) to work on /home/airflow/.local/lib/python3.8/site-packages/airflow/example_dags/example_latest_only_with_trigger.py
[2023-11-15T04:22:39.299+0000] {processor.py:829} INFO - Processing file /home/airflow/.local/lib/python3.8/site-packages/airflow/example_dags/example_latest_only_with_trigger.py for tasks to queue
[2023-11-15T04:22:39.302+0000] {logging_mixin.py:151} INFO - [2023-11-15T04:22:39.301+0000] {dagbag.py:536} INFO - Filling up the DagBag from /home/airflow/.local/lib/python3.8/site-packages/airflow/example_dags/example_latest_only_with_trigger.py
[2023-11-15T04:22:39.308+0000] {processor.py:839} INFO - DAG(s) dict_keys(['latest_only_with_trigger']) retrieved from /home/airflow/.local/lib/python3.8/site-packages/airflow/example_dags/example_latest_only_with_trigger.py
[2023-11-15T04:22:39.334+0000] {logging_mixin.py:151} INFO - [2023-11-15T04:22:39.334+0000] {dag.py:2941} INFO - Sync 1 DAGs
[2023-11-15T04:22:39.361+0000] {logging_mixin.py:151} INFO - [2023-11-15T04:22:39.361+0000] {dag.py:3722} INFO - Setting next_dagrun for latest_only_with_trigger to 2023-11-15T00:22:39.361211+00:00, run_after=2023-11-15T04:22:39.361211+00:00
[2023-11-15T04:22:39.384+0000] {processor.py:179} INFO - Processing /home/airflow/.local/lib/python3.8/site-packages/airflow/example_dags/example_latest_only_with_trigger.py took 0.090 seconds
[2023-11-15T04:23:09.770+0000] {processor.py:157} INFO - Started process (PID=3027) to work on /home/airflow/.local/lib/python3.8/site-packages/airflow/example_dags/example_latest_only_with_trigger.py
[2023-11-15T04:23:09.771+0000] {processor.py:829} INFO - Processing file /home/airflow/.local/lib/python3.8/site-packages/airflow/example_dags/example_latest_only_with_trigger.py for tasks to queue
[2023-11-15T04:23:09.775+0000] {logging_mixin.py:151} INFO - [2023-11-15T04:23:09.775+0000] {dagbag.py:536} INFO - Filling up the DagBag from /home/airflow/.local/lib/python3.8/site-packages/airflow/example_dags/example_latest_only_with_trigger.py
[2023-11-15T04:23:09.787+0000] {processor.py:839} INFO - DAG(s) dict_keys(['latest_only_with_trigger']) retrieved from /home/airflow/.local/lib/python3.8/site-packages/airflow/example_dags/example_latest_only_with_trigger.py
[2023-11-15T04:23:09.822+0000] {logging_mixin.py:151} INFO - [2023-11-15T04:23:09.821+0000] {dag.py:2941} INFO - Sync 1 DAGs
[2023-11-15T04:23:09.861+0000] {logging_mixin.py:151} INFO - [2023-11-15T04:23:09.860+0000] {dag.py:3722} INFO - Setting next_dagrun for latest_only_with_trigger to 2023-11-15T00:23:09.860249+00:00, run_after=2023-11-15T04:23:09.860249+00:00
[2023-11-15T04:23:09.894+0000] {processor.py:179} INFO - Processing /home/airflow/.local/lib/python3.8/site-packages/airflow/example_dags/example_latest_only_with_trigger.py took 0.129 seconds
[2023-11-15T04:23:40.471+0000] {processor.py:157} INFO - Started process (PID=3085) to work on /home/airflow/.local/lib/python3.8/site-packages/airflow/example_dags/example_latest_only_with_trigger.py
[2023-11-15T04:23:40.472+0000] {processor.py:829} INFO - Processing file /home/airflow/.local/lib/python3.8/site-packages/airflow/example_dags/example_latest_only_with_trigger.py for tasks to queue
[2023-11-15T04:23:40.475+0000] {logging_mixin.py:151} INFO - [2023-11-15T04:23:40.475+0000] {dagbag.py:536} INFO - Filling up the DagBag from /home/airflow/.local/lib/python3.8/site-packages/airflow/example_dags/example_latest_only_with_trigger.py
[2023-11-15T04:23:40.481+0000] {processor.py:839} INFO - DAG(s) dict_keys(['latest_only_with_trigger']) retrieved from /home/airflow/.local/lib/python3.8/site-packages/airflow/example_dags/example_latest_only_with_trigger.py
[2023-11-15T04:23:40.505+0000] {logging_mixin.py:151} INFO - [2023-11-15T04:23:40.505+0000] {dag.py:2941} INFO - Sync 1 DAGs
[2023-11-15T04:23:40.531+0000] {logging_mixin.py:151} INFO - [2023-11-15T04:23:40.530+0000] {dag.py:3722} INFO - Setting next_dagrun for latest_only_with_trigger to 2023-11-15T00:23:40.530516+00:00, run_after=2023-11-15T04:23:40.530516+00:00
[2023-11-15T04:23:40.552+0000] {processor.py:179} INFO - Processing /home/airflow/.local/lib/python3.8/site-packages/airflow/example_dags/example_latest_only_with_trigger.py took 0.084 seconds
[2023-11-15T04:24:10.784+0000] {processor.py:157} INFO - Started process (PID=3143) to work on /home/airflow/.local/lib/python3.8/site-packages/airflow/example_dags/example_latest_only_with_trigger.py
[2023-11-15T04:24:10.785+0000] {processor.py:829} INFO - Processing file /home/airflow/.local/lib/python3.8/site-packages/airflow/example_dags/example_latest_only_with_trigger.py for tasks to queue
[2023-11-15T04:24:10.789+0000] {logging_mixin.py:151} INFO - [2023-11-15T04:24:10.788+0000] {dagbag.py:536} INFO - Filling up the DagBag from /home/airflow/.local/lib/python3.8/site-packages/airflow/example_dags/example_latest_only_with_trigger.py
[2023-11-15T04:24:10.797+0000] {processor.py:839} INFO - DAG(s) dict_keys(['latest_only_with_trigger']) retrieved from /home/airflow/.local/lib/python3.8/site-packages/airflow/example_dags/example_latest_only_with_trigger.py
[2023-11-15T04:24:10.828+0000] {logging_mixin.py:151} INFO - [2023-11-15T04:24:10.828+0000] {dag.py:2941} INFO - Sync 1 DAGs
[2023-11-15T04:24:10.863+0000] {logging_mixin.py:151} INFO - [2023-11-15T04:24:10.863+0000] {dag.py:3722} INFO - Setting next_dagrun for latest_only_with_trigger to 2023-11-15T00:24:10.863030+00:00, run_after=2023-11-15T04:24:10.863030+00:00
[2023-11-15T04:24:10.890+0000] {processor.py:179} INFO - Processing /home/airflow/.local/lib/python3.8/site-packages/airflow/example_dags/example_latest_only_with_trigger.py took 0.111 seconds
[2023-11-15T04:24:42.328+0000] {processor.py:157} INFO - Started process (PID=3201) to work on /home/airflow/.local/lib/python3.8/site-packages/airflow/example_dags/example_latest_only_with_trigger.py
[2023-11-15T04:24:42.329+0000] {processor.py:829} INFO - Processing file /home/airflow/.local/lib/python3.8/site-packages/airflow/example_dags/example_latest_only_with_trigger.py for tasks to queue
[2023-11-15T04:24:42.333+0000] {logging_mixin.py:151} INFO - [2023-11-15T04:24:42.332+0000] {dagbag.py:536} INFO - Filling up the DagBag from /home/airflow/.local/lib/python3.8/site-packages/airflow/example_dags/example_latest_only_with_trigger.py
[2023-11-15T04:24:42.340+0000] {processor.py:839} INFO - DAG(s) dict_keys(['latest_only_with_trigger']) retrieved from /home/airflow/.local/lib/python3.8/site-packages/airflow/example_dags/example_latest_only_with_trigger.py
[2023-11-15T04:24:42.369+0000] {logging_mixin.py:151} INFO - [2023-11-15T04:24:42.369+0000] {dag.py:2941} INFO - Sync 1 DAGs
[2023-11-15T04:24:42.408+0000] {logging_mixin.py:151} INFO - [2023-11-15T04:24:42.408+0000] {dag.py:3722} INFO - Setting next_dagrun for latest_only_with_trigger to 2023-11-15T00:24:42.407774+00:00, run_after=2023-11-15T04:24:42.407774+00:00
[2023-11-15T04:24:42.445+0000] {processor.py:179} INFO - Processing /home/airflow/.local/lib/python3.8/site-packages/airflow/example_dags/example_latest_only_with_trigger.py took 0.121 seconds
[2023-11-15T04:25:12.563+0000] {processor.py:157} INFO - Started process (PID=3259) to work on /home/airflow/.local/lib/python3.8/site-packages/airflow/example_dags/example_latest_only_with_trigger.py
[2023-11-15T04:25:12.564+0000] {processor.py:829} INFO - Processing file /home/airflow/.local/lib/python3.8/site-packages/airflow/example_dags/example_latest_only_with_trigger.py for tasks to queue
[2023-11-15T04:25:12.567+0000] {logging_mixin.py:151} INFO - [2023-11-15T04:25:12.567+0000] {dagbag.py:536} INFO - Filling up the DagBag from /home/airflow/.local/lib/python3.8/site-packages/airflow/example_dags/example_latest_only_with_trigger.py
[2023-11-15T04:25:12.573+0000] {processor.py:839} INFO - DAG(s) dict_keys(['latest_only_with_trigger']) retrieved from /home/airflow/.local/lib/python3.8/site-packages/airflow/example_dags/example_latest_only_with_trigger.py
[2023-11-15T04:25:12.602+0000] {logging_mixin.py:151} INFO - [2023-11-15T04:25:12.602+0000] {dag.py:2941} INFO - Sync 1 DAGs
[2023-11-15T04:25:12.641+0000] {logging_mixin.py:151} INFO - [2023-11-15T04:25:12.641+0000] {dag.py:3722} INFO - Setting next_dagrun for latest_only_with_trigger to 2023-11-15T00:25:12.640605+00:00, run_after=2023-11-15T04:25:12.640605+00:00
[2023-11-15T04:25:12.674+0000] {processor.py:179} INFO - Processing /home/airflow/.local/lib/python3.8/site-packages/airflow/example_dags/example_latest_only_with_trigger.py took 0.115 seconds
[2023-11-15T04:25:43.564+0000] {processor.py:157} INFO - Started process (PID=3319) to work on /home/airflow/.local/lib/python3.8/site-packages/airflow/example_dags/example_latest_only_with_trigger.py
[2023-11-15T04:25:43.565+0000] {processor.py:829} INFO - Processing file /home/airflow/.local/lib/python3.8/site-packages/airflow/example_dags/example_latest_only_with_trigger.py for tasks to queue
[2023-11-15T04:25:43.568+0000] {logging_mixin.py:151} INFO - [2023-11-15T04:25:43.568+0000] {dagbag.py:536} INFO - Filling up the DagBag from /home/airflow/.local/lib/python3.8/site-packages/airflow/example_dags/example_latest_only_with_trigger.py
[2023-11-15T04:25:43.576+0000] {processor.py:839} INFO - DAG(s) dict_keys(['latest_only_with_trigger']) retrieved from /home/airflow/.local/lib/python3.8/site-packages/airflow/example_dags/example_latest_only_with_trigger.py
[2023-11-15T04:25:43.610+0000] {logging_mixin.py:151} INFO - [2023-11-15T04:25:43.610+0000] {dag.py:2941} INFO - Sync 1 DAGs
[2023-11-15T04:25:43.650+0000] {logging_mixin.py:151} INFO - [2023-11-15T04:25:43.650+0000] {dag.py:3722} INFO - Setting next_dagrun for latest_only_with_trigger to 2023-11-15T00:25:43.650154+00:00, run_after=2023-11-15T04:25:43.650154+00:00
[2023-11-15T04:25:43.681+0000] {processor.py:179} INFO - Processing /home/airflow/.local/lib/python3.8/site-packages/airflow/example_dags/example_latest_only_with_trigger.py took 0.124 seconds
[2023-11-15T04:26:14.095+0000] {processor.py:157} INFO - Started process (PID=3377) to work on /home/airflow/.local/lib/python3.8/site-packages/airflow/example_dags/example_latest_only_with_trigger.py
[2023-11-15T04:26:14.096+0000] {processor.py:829} INFO - Processing file /home/airflow/.local/lib/python3.8/site-packages/airflow/example_dags/example_latest_only_with_trigger.py for tasks to queue
[2023-11-15T04:26:14.099+0000] {logging_mixin.py:151} INFO - [2023-11-15T04:26:14.099+0000] {dagbag.py:536} INFO - Filling up the DagBag from /home/airflow/.local/lib/python3.8/site-packages/airflow/example_dags/example_latest_only_with_trigger.py
[2023-11-15T04:26:14.106+0000] {processor.py:839} INFO - DAG(s) dict_keys(['latest_only_with_trigger']) retrieved from /home/airflow/.local/lib/python3.8/site-packages/airflow/example_dags/example_latest_only_with_trigger.py
[2023-11-15T04:26:14.132+0000] {logging_mixin.py:151} INFO - [2023-11-15T04:26:14.131+0000] {dag.py:2941} INFO - Sync 1 DAGs
[2023-11-15T04:26:14.158+0000] {logging_mixin.py:151} INFO - [2023-11-15T04:26:14.158+0000] {dag.py:3722} INFO - Setting next_dagrun for latest_only_with_trigger to 2023-11-15T00:26:14.158429+00:00, run_after=2023-11-15T04:26:14.158429+00:00
[2023-11-15T04:26:14.183+0000] {processor.py:179} INFO - Processing /home/airflow/.local/lib/python3.8/site-packages/airflow/example_dags/example_latest_only_with_trigger.py took 0.093 seconds
[2023-11-15T04:26:44.626+0000] {processor.py:157} INFO - Started process (PID=3435) to work on /home/airflow/.local/lib/python3.8/site-packages/airflow/example_dags/example_latest_only_with_trigger.py
[2023-11-15T04:26:44.627+0000] {processor.py:829} INFO - Processing file /home/airflow/.local/lib/python3.8/site-packages/airflow/example_dags/example_latest_only_with_trigger.py for tasks to queue
[2023-11-15T04:26:44.630+0000] {logging_mixin.py:151} INFO - [2023-11-15T04:26:44.629+0000] {dagbag.py:536} INFO - Filling up the DagBag from /home/airflow/.local/lib/python3.8/site-packages/airflow/example_dags/example_latest_only_with_trigger.py
[2023-11-15T04:26:44.636+0000] {processor.py:839} INFO - DAG(s) dict_keys(['latest_only_with_trigger']) retrieved from /home/airflow/.local/lib/python3.8/site-packages/airflow/example_dags/example_latest_only_with_trigger.py
[2023-11-15T04:26:44.666+0000] {logging_mixin.py:151} INFO - [2023-11-15T04:26:44.666+0000] {dag.py:2941} INFO - Sync 1 DAGs
[2023-11-15T04:26:44.695+0000] {logging_mixin.py:151} INFO - [2023-11-15T04:26:44.695+0000] {dag.py:3722} INFO - Setting next_dagrun for latest_only_with_trigger to 2023-11-15T00:26:44.694777+00:00, run_after=2023-11-15T04:26:44.694777+00:00
[2023-11-15T04:26:44.723+0000] {processor.py:179} INFO - Processing /home/airflow/.local/lib/python3.8/site-packages/airflow/example_dags/example_latest_only_with_trigger.py took 0.100 seconds
