[2023-11-15T03:11:01.189+0000] {processor.py:157} INFO - Started process (PID=54) to work on /home/airflow/.local/lib/python3.8/site-packages/airflow/example_dags/tutorial.py
[2023-11-15T03:11:01.191+0000] {processor.py:829} INFO - Processing file /home/airflow/.local/lib/python3.8/site-packages/airflow/example_dags/tutorial.py for tasks to queue
[2023-11-15T03:11:01.195+0000] {logging_mixin.py:151} INFO - [2023-11-15T03:11:01.195+0000] {dagbag.py:536} INFO - Filling up the DagBag from /home/airflow/.local/lib/python3.8/site-packages/airflow/example_dags/tutorial.py
[2023-11-15T03:11:01.211+0000] {processor.py:839} INFO - DAG(s) dict_keys(['tutorial']) retrieved from /home/airflow/.local/lib/python3.8/site-packages/airflow/example_dags/tutorial.py
[2023-11-15T03:11:01.259+0000] {logging_mixin.py:151} INFO - [2023-11-15T03:11:01.259+0000] {dag.py:2941} INFO - Sync 1 DAGs
[2023-11-15T03:11:01.299+0000] {logging_mixin.py:151} INFO - [2023-11-15T03:11:01.298+0000] {dag.py:3722} INFO - Setting next_dagrun for tutorial to 2023-11-14T03:11:01.298601+00:00, run_after=2023-11-15T03:11:01.298601+00:00
[2023-11-15T03:11:01.332+0000] {processor.py:179} INFO - Processing /home/airflow/.local/lib/python3.8/site-packages/airflow/example_dags/tutorial.py took 0.150 seconds
[2023-11-15T03:57:35.422+0000] {processor.py:157} INFO - Started process (PID=56) to work on /home/airflow/.local/lib/python3.8/site-packages/airflow/example_dags/tutorial.py
[2023-11-15T03:57:35.425+0000] {processor.py:829} INFO - Processing file /home/airflow/.local/lib/python3.8/site-packages/airflow/example_dags/tutorial.py for tasks to queue
[2023-11-15T03:57:35.430+0000] {logging_mixin.py:151} INFO - [2023-11-15T03:57:35.429+0000] {dagbag.py:536} INFO - Filling up the DagBag from /home/airflow/.local/lib/python3.8/site-packages/airflow/example_dags/tutorial.py
[2023-11-15T03:57:35.443+0000] {processor.py:839} INFO - DAG(s) dict_keys(['tutorial']) retrieved from /home/airflow/.local/lib/python3.8/site-packages/airflow/example_dags/tutorial.py
[2023-11-15T03:57:35.499+0000] {logging_mixin.py:151} INFO - [2023-11-15T03:57:35.498+0000] {dag.py:2941} INFO - Sync 1 DAGs
[2023-11-15T03:57:35.529+0000] {logging_mixin.py:151} INFO - [2023-11-15T03:57:35.529+0000] {dag.py:3722} INFO - Setting next_dagrun for tutorial to 2023-11-14T03:57:35.529168+00:00, run_after=2023-11-15T03:57:35.529168+00:00
[2023-11-15T03:57:35.556+0000] {processor.py:179} INFO - Processing /home/airflow/.local/lib/python3.8/site-packages/airflow/example_dags/tutorial.py took 0.139 seconds
[2023-11-15T03:58:05.857+0000] {processor.py:157} INFO - Started process (PID=114) to work on /home/airflow/.local/lib/python3.8/site-packages/airflow/example_dags/tutorial.py
[2023-11-15T03:58:05.858+0000] {processor.py:829} INFO - Processing file /home/airflow/.local/lib/python3.8/site-packages/airflow/example_dags/tutorial.py for tasks to queue
[2023-11-15T03:58:05.861+0000] {logging_mixin.py:151} INFO - [2023-11-15T03:58:05.860+0000] {dagbag.py:536} INFO - Filling up the DagBag from /home/airflow/.local/lib/python3.8/site-packages/airflow/example_dags/tutorial.py
[2023-11-15T03:58:05.869+0000] {processor.py:839} INFO - DAG(s) dict_keys(['tutorial']) retrieved from /home/airflow/.local/lib/python3.8/site-packages/airflow/example_dags/tutorial.py
[2023-11-15T03:58:05.896+0000] {logging_mixin.py:151} INFO - [2023-11-15T03:58:05.896+0000] {dag.py:2941} INFO - Sync 1 DAGs
[2023-11-15T03:58:05.926+0000] {logging_mixin.py:151} INFO - [2023-11-15T03:58:05.926+0000] {dag.py:3722} INFO - Setting next_dagrun for tutorial to 2023-11-14T03:58:05.925952+00:00, run_after=2023-11-15T03:58:05.925952+00:00
[2023-11-15T03:58:05.952+0000] {processor.py:179} INFO - Processing /home/airflow/.local/lib/python3.8/site-packages/airflow/example_dags/tutorial.py took 0.099 seconds
[2023-11-15T03:58:36.313+0000] {processor.py:157} INFO - Started process (PID=172) to work on /home/airflow/.local/lib/python3.8/site-packages/airflow/example_dags/tutorial.py
[2023-11-15T03:58:36.315+0000] {processor.py:829} INFO - Processing file /home/airflow/.local/lib/python3.8/site-packages/airflow/example_dags/tutorial.py for tasks to queue
[2023-11-15T03:58:36.317+0000] {logging_mixin.py:151} INFO - [2023-11-15T03:58:36.317+0000] {dagbag.py:536} INFO - Filling up the DagBag from /home/airflow/.local/lib/python3.8/site-packages/airflow/example_dags/tutorial.py
[2023-11-15T03:58:36.324+0000] {processor.py:839} INFO - DAG(s) dict_keys(['tutorial']) retrieved from /home/airflow/.local/lib/python3.8/site-packages/airflow/example_dags/tutorial.py
[2023-11-15T03:58:36.350+0000] {logging_mixin.py:151} INFO - [2023-11-15T03:58:36.350+0000] {dag.py:2941} INFO - Sync 1 DAGs
[2023-11-15T03:58:36.379+0000] {logging_mixin.py:151} INFO - [2023-11-15T03:58:36.379+0000] {dag.py:3722} INFO - Setting next_dagrun for tutorial to 2023-11-14T03:58:36.379373+00:00, run_after=2023-11-15T03:58:36.379373+00:00
[2023-11-15T03:58:36.404+0000] {processor.py:179} INFO - Processing /home/airflow/.local/lib/python3.8/site-packages/airflow/example_dags/tutorial.py took 0.096 seconds
[2023-11-15T03:59:07.296+0000] {processor.py:157} INFO - Started process (PID=234) to work on /home/airflow/.local/lib/python3.8/site-packages/airflow/example_dags/tutorial.py
[2023-11-15T03:59:07.298+0000] {processor.py:829} INFO - Processing file /home/airflow/.local/lib/python3.8/site-packages/airflow/example_dags/tutorial.py for tasks to queue
[2023-11-15T03:59:07.300+0000] {logging_mixin.py:151} INFO - [2023-11-15T03:59:07.300+0000] {dagbag.py:536} INFO - Filling up the DagBag from /home/airflow/.local/lib/python3.8/site-packages/airflow/example_dags/tutorial.py
[2023-11-15T03:59:07.307+0000] {processor.py:839} INFO - DAG(s) dict_keys(['tutorial']) retrieved from /home/airflow/.local/lib/python3.8/site-packages/airflow/example_dags/tutorial.py
[2023-11-15T03:59:07.332+0000] {logging_mixin.py:151} INFO - [2023-11-15T03:59:07.332+0000] {dag.py:2941} INFO - Sync 1 DAGs
[2023-11-15T03:59:07.360+0000] {logging_mixin.py:151} INFO - [2023-11-15T03:59:07.360+0000] {dag.py:3722} INFO - Setting next_dagrun for tutorial to 2023-11-14T03:59:07.359983+00:00, run_after=2023-11-15T03:59:07.359983+00:00
[2023-11-15T03:59:07.387+0000] {processor.py:179} INFO - Processing /home/airflow/.local/lib/python3.8/site-packages/airflow/example_dags/tutorial.py took 0.094 seconds
[2023-11-15T03:59:38.460+0000] {processor.py:157} INFO - Started process (PID=292) to work on /home/airflow/.local/lib/python3.8/site-packages/airflow/example_dags/tutorial.py
[2023-11-15T03:59:38.462+0000] {processor.py:829} INFO - Processing file /home/airflow/.local/lib/python3.8/site-packages/airflow/example_dags/tutorial.py for tasks to queue
[2023-11-15T03:59:38.465+0000] {logging_mixin.py:151} INFO - [2023-11-15T03:59:38.464+0000] {dagbag.py:536} INFO - Filling up the DagBag from /home/airflow/.local/lib/python3.8/site-packages/airflow/example_dags/tutorial.py
[2023-11-15T03:59:38.472+0000] {processor.py:839} INFO - DAG(s) dict_keys(['tutorial']) retrieved from /home/airflow/.local/lib/python3.8/site-packages/airflow/example_dags/tutorial.py
[2023-11-15T03:59:38.498+0000] {logging_mixin.py:151} INFO - [2023-11-15T03:59:38.498+0000] {dag.py:2941} INFO - Sync 1 DAGs
[2023-11-15T03:59:38.524+0000] {logging_mixin.py:151} INFO - [2023-11-15T03:59:38.524+0000] {dag.py:3722} INFO - Setting next_dagrun for tutorial to 2023-11-14T03:59:38.524377+00:00, run_after=2023-11-15T03:59:38.524377+00:00
[2023-11-15T03:59:38.548+0000] {processor.py:179} INFO - Processing /home/airflow/.local/lib/python3.8/site-packages/airflow/example_dags/tutorial.py took 0.092 seconds
[2023-11-15T04:00:09.346+0000] {processor.py:157} INFO - Started process (PID=350) to work on /home/airflow/.local/lib/python3.8/site-packages/airflow/example_dags/tutorial.py
[2023-11-15T04:00:09.347+0000] {processor.py:829} INFO - Processing file /home/airflow/.local/lib/python3.8/site-packages/airflow/example_dags/tutorial.py for tasks to queue
[2023-11-15T04:00:09.349+0000] {logging_mixin.py:151} INFO - [2023-11-15T04:00:09.349+0000] {dagbag.py:536} INFO - Filling up the DagBag from /home/airflow/.local/lib/python3.8/site-packages/airflow/example_dags/tutorial.py
[2023-11-15T04:00:09.356+0000] {processor.py:839} INFO - DAG(s) dict_keys(['tutorial']) retrieved from /home/airflow/.local/lib/python3.8/site-packages/airflow/example_dags/tutorial.py
[2023-11-15T04:00:09.381+0000] {logging_mixin.py:151} INFO - [2023-11-15T04:00:09.381+0000] {dag.py:2941} INFO - Sync 1 DAGs
[2023-11-15T04:00:09.408+0000] {logging_mixin.py:151} INFO - [2023-11-15T04:00:09.408+0000] {dag.py:3722} INFO - Setting next_dagrun for tutorial to 2023-11-14T04:00:09.407723+00:00, run_after=2023-11-15T04:00:09.407723+00:00
[2023-11-15T04:00:09.430+0000] {processor.py:179} INFO - Processing /home/airflow/.local/lib/python3.8/site-packages/airflow/example_dags/tutorial.py took 0.090 seconds
[2023-11-15T04:00:40.112+0000] {processor.py:157} INFO - Started process (PID=409) to work on /home/airflow/.local/lib/python3.8/site-packages/airflow/example_dags/tutorial.py
[2023-11-15T04:00:40.114+0000] {processor.py:829} INFO - Processing file /home/airflow/.local/lib/python3.8/site-packages/airflow/example_dags/tutorial.py for tasks to queue
[2023-11-15T04:00:40.116+0000] {logging_mixin.py:151} INFO - [2023-11-15T04:00:40.116+0000] {dagbag.py:536} INFO - Filling up the DagBag from /home/airflow/.local/lib/python3.8/site-packages/airflow/example_dags/tutorial.py
[2023-11-15T04:00:40.123+0000] {processor.py:839} INFO - DAG(s) dict_keys(['tutorial']) retrieved from /home/airflow/.local/lib/python3.8/site-packages/airflow/example_dags/tutorial.py
[2023-11-15T04:00:40.147+0000] {logging_mixin.py:151} INFO - [2023-11-15T04:00:40.147+0000] {dag.py:2941} INFO - Sync 1 DAGs
[2023-11-15T04:00:40.174+0000] {logging_mixin.py:151} INFO - [2023-11-15T04:00:40.174+0000] {dag.py:3722} INFO - Setting next_dagrun for tutorial to 2023-11-14T04:00:40.174109+00:00, run_after=2023-11-15T04:00:40.174109+00:00
[2023-11-15T04:00:40.197+0000] {processor.py:179} INFO - Processing /home/airflow/.local/lib/python3.8/site-packages/airflow/example_dags/tutorial.py took 0.088 seconds
[2023-11-15T04:01:10.812+0000] {processor.py:157} INFO - Started process (PID=467) to work on /home/airflow/.local/lib/python3.8/site-packages/airflow/example_dags/tutorial.py
[2023-11-15T04:01:10.813+0000] {processor.py:829} INFO - Processing file /home/airflow/.local/lib/python3.8/site-packages/airflow/example_dags/tutorial.py for tasks to queue
[2023-11-15T04:01:10.816+0000] {logging_mixin.py:151} INFO - [2023-11-15T04:01:10.815+0000] {dagbag.py:536} INFO - Filling up the DagBag from /home/airflow/.local/lib/python3.8/site-packages/airflow/example_dags/tutorial.py
[2023-11-15T04:01:10.823+0000] {processor.py:839} INFO - DAG(s) dict_keys(['tutorial']) retrieved from /home/airflow/.local/lib/python3.8/site-packages/airflow/example_dags/tutorial.py
[2023-11-15T04:01:10.848+0000] {logging_mixin.py:151} INFO - [2023-11-15T04:01:10.848+0000] {dag.py:2941} INFO - Sync 1 DAGs
[2023-11-15T04:01:10.875+0000] {logging_mixin.py:151} INFO - [2023-11-15T04:01:10.875+0000] {dag.py:3722} INFO - Setting next_dagrun for tutorial to 2023-11-14T04:01:10.874991+00:00, run_after=2023-11-15T04:01:10.874991+00:00
[2023-11-15T04:01:10.898+0000] {processor.py:179} INFO - Processing /home/airflow/.local/lib/python3.8/site-packages/airflow/example_dags/tutorial.py took 0.090 seconds
[2023-11-15T04:01:42.162+0000] {processor.py:157} INFO - Started process (PID=525) to work on /home/airflow/.local/lib/python3.8/site-packages/airflow/example_dags/tutorial.py
[2023-11-15T04:01:42.163+0000] {processor.py:829} INFO - Processing file /home/airflow/.local/lib/python3.8/site-packages/airflow/example_dags/tutorial.py for tasks to queue
[2023-11-15T04:01:42.166+0000] {logging_mixin.py:151} INFO - [2023-11-15T04:01:42.165+0000] {dagbag.py:536} INFO - Filling up the DagBag from /home/airflow/.local/lib/python3.8/site-packages/airflow/example_dags/tutorial.py
[2023-11-15T04:01:42.172+0000] {processor.py:839} INFO - DAG(s) dict_keys(['tutorial']) retrieved from /home/airflow/.local/lib/python3.8/site-packages/airflow/example_dags/tutorial.py
[2023-11-15T04:01:42.196+0000] {logging_mixin.py:151} INFO - [2023-11-15T04:01:42.196+0000] {dag.py:2941} INFO - Sync 1 DAGs
[2023-11-15T04:01:42.223+0000] {logging_mixin.py:151} INFO - [2023-11-15T04:01:42.223+0000] {dag.py:3722} INFO - Setting next_dagrun for tutorial to 2023-11-14T04:01:42.223066+00:00, run_after=2023-11-15T04:01:42.223066+00:00
[2023-11-15T04:01:42.246+0000] {processor.py:179} INFO - Processing /home/airflow/.local/lib/python3.8/site-packages/airflow/example_dags/tutorial.py took 0.088 seconds
[2023-11-15T04:02:12.909+0000] {processor.py:157} INFO - Started process (PID=588) to work on /home/airflow/.local/lib/python3.8/site-packages/airflow/example_dags/tutorial.py
[2023-11-15T04:02:12.910+0000] {processor.py:829} INFO - Processing file /home/airflow/.local/lib/python3.8/site-packages/airflow/example_dags/tutorial.py for tasks to queue
[2023-11-15T04:02:12.913+0000] {logging_mixin.py:151} INFO - [2023-11-15T04:02:12.912+0000] {dagbag.py:536} INFO - Filling up the DagBag from /home/airflow/.local/lib/python3.8/site-packages/airflow/example_dags/tutorial.py
[2023-11-15T04:02:12.919+0000] {processor.py:839} INFO - DAG(s) dict_keys(['tutorial']) retrieved from /home/airflow/.local/lib/python3.8/site-packages/airflow/example_dags/tutorial.py
[2023-11-15T04:02:12.945+0000] {logging_mixin.py:151} INFO - [2023-11-15T04:02:12.945+0000] {dag.py:2941} INFO - Sync 1 DAGs
[2023-11-15T04:02:12.976+0000] {logging_mixin.py:151} INFO - [2023-11-15T04:02:12.975+0000] {dag.py:3722} INFO - Setting next_dagrun for tutorial to 2023-11-14T04:02:12.975470+00:00, run_after=2023-11-15T04:02:12.975470+00:00
[2023-11-15T04:02:13.002+0000] {processor.py:179} INFO - Processing /home/airflow/.local/lib/python3.8/site-packages/airflow/example_dags/tutorial.py took 0.097 seconds
[2023-11-15T04:02:43.869+0000] {processor.py:157} INFO - Started process (PID=648) to work on /home/airflow/.local/lib/python3.8/site-packages/airflow/example_dags/tutorial.py
[2023-11-15T04:02:43.870+0000] {processor.py:829} INFO - Processing file /home/airflow/.local/lib/python3.8/site-packages/airflow/example_dags/tutorial.py for tasks to queue
[2023-11-15T04:02:43.872+0000] {logging_mixin.py:151} INFO - [2023-11-15T04:02:43.872+0000] {dagbag.py:536} INFO - Filling up the DagBag from /home/airflow/.local/lib/python3.8/site-packages/airflow/example_dags/tutorial.py
[2023-11-15T04:02:43.880+0000] {processor.py:839} INFO - DAG(s) dict_keys(['tutorial']) retrieved from /home/airflow/.local/lib/python3.8/site-packages/airflow/example_dags/tutorial.py
[2023-11-15T04:02:43.905+0000] {logging_mixin.py:151} INFO - [2023-11-15T04:02:43.905+0000] {dag.py:2941} INFO - Sync 1 DAGs
[2023-11-15T04:02:43.937+0000] {logging_mixin.py:151} INFO - [2023-11-15T04:02:43.937+0000] {dag.py:3722} INFO - Setting next_dagrun for tutorial to 2023-11-14T04:02:43.937302+00:00, run_after=2023-11-15T04:02:43.937302+00:00
[2023-11-15T04:02:43.968+0000] {processor.py:179} INFO - Processing /home/airflow/.local/lib/python3.8/site-packages/airflow/example_dags/tutorial.py took 0.104 seconds
[2023-11-15T04:03:14.323+0000] {processor.py:157} INFO - Started process (PID=706) to work on /home/airflow/.local/lib/python3.8/site-packages/airflow/example_dags/tutorial.py
[2023-11-15T04:03:14.324+0000] {processor.py:829} INFO - Processing file /home/airflow/.local/lib/python3.8/site-packages/airflow/example_dags/tutorial.py for tasks to queue
[2023-11-15T04:03:14.327+0000] {logging_mixin.py:151} INFO - [2023-11-15T04:03:14.326+0000] {dagbag.py:536} INFO - Filling up the DagBag from /home/airflow/.local/lib/python3.8/site-packages/airflow/example_dags/tutorial.py
[2023-11-15T04:03:14.334+0000] {processor.py:839} INFO - DAG(s) dict_keys(['tutorial']) retrieved from /home/airflow/.local/lib/python3.8/site-packages/airflow/example_dags/tutorial.py
[2023-11-15T04:03:14.360+0000] {logging_mixin.py:151} INFO - [2023-11-15T04:03:14.359+0000] {dag.py:2941} INFO - Sync 1 DAGs
[2023-11-15T04:03:14.389+0000] {logging_mixin.py:151} INFO - [2023-11-15T04:03:14.388+0000] {dag.py:3722} INFO - Setting next_dagrun for tutorial to 2023-11-14T04:03:14.388454+00:00, run_after=2023-11-15T04:03:14.388454+00:00
[2023-11-15T04:03:14.414+0000] {processor.py:179} INFO - Processing /home/airflow/.local/lib/python3.8/site-packages/airflow/example_dags/tutorial.py took 0.095 seconds
[2023-11-15T04:03:44.842+0000] {processor.py:157} INFO - Started process (PID=763) to work on /home/airflow/.local/lib/python3.8/site-packages/airflow/example_dags/tutorial.py
[2023-11-15T04:03:44.843+0000] {processor.py:829} INFO - Processing file /home/airflow/.local/lib/python3.8/site-packages/airflow/example_dags/tutorial.py for tasks to queue
[2023-11-15T04:03:44.846+0000] {logging_mixin.py:151} INFO - [2023-11-15T04:03:44.845+0000] {dagbag.py:536} INFO - Filling up the DagBag from /home/airflow/.local/lib/python3.8/site-packages/airflow/example_dags/tutorial.py
[2023-11-15T04:03:44.854+0000] {processor.py:839} INFO - DAG(s) dict_keys(['tutorial']) retrieved from /home/airflow/.local/lib/python3.8/site-packages/airflow/example_dags/tutorial.py
[2023-11-15T04:03:44.887+0000] {logging_mixin.py:151} INFO - [2023-11-15T04:03:44.886+0000] {dag.py:2941} INFO - Sync 1 DAGs
[2023-11-15T04:03:44.925+0000] {logging_mixin.py:151} INFO - [2023-11-15T04:03:44.925+0000] {dag.py:3722} INFO - Setting next_dagrun for tutorial to 2023-11-14T04:03:44.924507+00:00, run_after=2023-11-15T04:03:44.924507+00:00
[2023-11-15T04:03:44.955+0000] {processor.py:179} INFO - Processing /home/airflow/.local/lib/python3.8/site-packages/airflow/example_dags/tutorial.py took 0.118 seconds
[2023-11-15T04:04:15.420+0000] {processor.py:157} INFO - Started process (PID=822) to work on /home/airflow/.local/lib/python3.8/site-packages/airflow/example_dags/tutorial.py
[2023-11-15T04:04:15.422+0000] {processor.py:829} INFO - Processing file /home/airflow/.local/lib/python3.8/site-packages/airflow/example_dags/tutorial.py for tasks to queue
[2023-11-15T04:04:15.424+0000] {logging_mixin.py:151} INFO - [2023-11-15T04:04:15.424+0000] {dagbag.py:536} INFO - Filling up the DagBag from /home/airflow/.local/lib/python3.8/site-packages/airflow/example_dags/tutorial.py
[2023-11-15T04:04:15.431+0000] {processor.py:839} INFO - DAG(s) dict_keys(['tutorial']) retrieved from /home/airflow/.local/lib/python3.8/site-packages/airflow/example_dags/tutorial.py
[2023-11-15T04:04:15.456+0000] {logging_mixin.py:151} INFO - [2023-11-15T04:04:15.455+0000] {dag.py:2941} INFO - Sync 1 DAGs
[2023-11-15T04:04:15.485+0000] {logging_mixin.py:151} INFO - [2023-11-15T04:04:15.485+0000] {dag.py:3722} INFO - Setting next_dagrun for tutorial to 2023-11-14T04:04:15.485104+00:00, run_after=2023-11-15T04:04:15.485104+00:00
[2023-11-15T04:04:15.506+0000] {processor.py:179} INFO - Processing /home/airflow/.local/lib/python3.8/site-packages/airflow/example_dags/tutorial.py took 0.090 seconds
[2023-11-15T04:04:45.869+0000] {processor.py:157} INFO - Started process (PID=880) to work on /home/airflow/.local/lib/python3.8/site-packages/airflow/example_dags/tutorial.py
[2023-11-15T04:04:45.870+0000] {processor.py:829} INFO - Processing file /home/airflow/.local/lib/python3.8/site-packages/airflow/example_dags/tutorial.py for tasks to queue
[2023-11-15T04:04:45.872+0000] {logging_mixin.py:151} INFO - [2023-11-15T04:04:45.872+0000] {dagbag.py:536} INFO - Filling up the DagBag from /home/airflow/.local/lib/python3.8/site-packages/airflow/example_dags/tutorial.py
[2023-11-15T04:04:45.879+0000] {processor.py:839} INFO - DAG(s) dict_keys(['tutorial']) retrieved from /home/airflow/.local/lib/python3.8/site-packages/airflow/example_dags/tutorial.py
[2023-11-15T04:04:45.905+0000] {logging_mixin.py:151} INFO - [2023-11-15T04:04:45.905+0000] {dag.py:2941} INFO - Sync 1 DAGs
[2023-11-15T04:04:45.935+0000] {logging_mixin.py:151} INFO - [2023-11-15T04:04:45.934+0000] {dag.py:3722} INFO - Setting next_dagrun for tutorial to 2023-11-14T04:04:45.934166+00:00, run_after=2023-11-15T04:04:45.934166+00:00
[2023-11-15T04:04:45.958+0000] {processor.py:179} INFO - Processing /home/airflow/.local/lib/python3.8/site-packages/airflow/example_dags/tutorial.py took 0.094 seconds
[2023-11-15T04:05:16.969+0000] {processor.py:157} INFO - Started process (PID=946) to work on /home/airflow/.local/lib/python3.8/site-packages/airflow/example_dags/tutorial.py
[2023-11-15T04:05:16.970+0000] {processor.py:829} INFO - Processing file /home/airflow/.local/lib/python3.8/site-packages/airflow/example_dags/tutorial.py for tasks to queue
[2023-11-15T04:05:16.973+0000] {logging_mixin.py:151} INFO - [2023-11-15T04:05:16.972+0000] {dagbag.py:536} INFO - Filling up the DagBag from /home/airflow/.local/lib/python3.8/site-packages/airflow/example_dags/tutorial.py
[2023-11-15T04:05:16.980+0000] {processor.py:839} INFO - DAG(s) dict_keys(['tutorial']) retrieved from /home/airflow/.local/lib/python3.8/site-packages/airflow/example_dags/tutorial.py
[2023-11-15T04:05:17.005+0000] {logging_mixin.py:151} INFO - [2023-11-15T04:05:17.005+0000] {dag.py:2941} INFO - Sync 1 DAGs
[2023-11-15T04:05:17.036+0000] {logging_mixin.py:151} INFO - [2023-11-15T04:05:17.036+0000] {dag.py:3722} INFO - Setting next_dagrun for tutorial to 2023-11-14T04:05:17.036066+00:00, run_after=2023-11-15T04:05:17.036066+00:00
[2023-11-15T04:05:17.070+0000] {processor.py:179} INFO - Processing /home/airflow/.local/lib/python3.8/site-packages/airflow/example_dags/tutorial.py took 0.105 seconds
[2023-11-15T04:05:47.269+0000] {processor.py:157} INFO - Started process (PID=1005) to work on /home/airflow/.local/lib/python3.8/site-packages/airflow/example_dags/tutorial.py
[2023-11-15T04:05:47.270+0000] {processor.py:829} INFO - Processing file /home/airflow/.local/lib/python3.8/site-packages/airflow/example_dags/tutorial.py for tasks to queue
[2023-11-15T04:05:47.272+0000] {logging_mixin.py:151} INFO - [2023-11-15T04:05:47.272+0000] {dagbag.py:536} INFO - Filling up the DagBag from /home/airflow/.local/lib/python3.8/site-packages/airflow/example_dags/tutorial.py
[2023-11-15T04:05:47.280+0000] {processor.py:839} INFO - DAG(s) dict_keys(['tutorial']) retrieved from /home/airflow/.local/lib/python3.8/site-packages/airflow/example_dags/tutorial.py
[2023-11-15T04:05:47.305+0000] {logging_mixin.py:151} INFO - [2023-11-15T04:05:47.305+0000] {dag.py:2941} INFO - Sync 1 DAGs
[2023-11-15T04:05:47.334+0000] {logging_mixin.py:151} INFO - [2023-11-15T04:05:47.334+0000] {dag.py:3722} INFO - Setting next_dagrun for tutorial to 2023-11-14T04:05:47.334153+00:00, run_after=2023-11-15T04:05:47.334153+00:00
[2023-11-15T04:05:47.360+0000] {processor.py:179} INFO - Processing /home/airflow/.local/lib/python3.8/site-packages/airflow/example_dags/tutorial.py took 0.095 seconds
[2023-11-15T04:06:17.935+0000] {processor.py:157} INFO - Started process (PID=1064) to work on /home/airflow/.local/lib/python3.8/site-packages/airflow/example_dags/tutorial.py
[2023-11-15T04:06:17.936+0000] {processor.py:829} INFO - Processing file /home/airflow/.local/lib/python3.8/site-packages/airflow/example_dags/tutorial.py for tasks to queue
[2023-11-15T04:06:17.938+0000] {logging_mixin.py:151} INFO - [2023-11-15T04:06:17.938+0000] {dagbag.py:536} INFO - Filling up the DagBag from /home/airflow/.local/lib/python3.8/site-packages/airflow/example_dags/tutorial.py
[2023-11-15T04:06:17.945+0000] {processor.py:839} INFO - DAG(s) dict_keys(['tutorial']) retrieved from /home/airflow/.local/lib/python3.8/site-packages/airflow/example_dags/tutorial.py
[2023-11-15T04:06:17.971+0000] {logging_mixin.py:151} INFO - [2023-11-15T04:06:17.971+0000] {dag.py:2941} INFO - Sync 1 DAGs
[2023-11-15T04:06:18.000+0000] {logging_mixin.py:151} INFO - [2023-11-15T04:06:18.000+0000] {dag.py:3722} INFO - Setting next_dagrun for tutorial to 2023-11-14T04:06:18.000168+00:00, run_after=2023-11-15T04:06:18.000168+00:00
[2023-11-15T04:06:18.024+0000] {processor.py:179} INFO - Processing /home/airflow/.local/lib/python3.8/site-packages/airflow/example_dags/tutorial.py took 0.094 seconds
[2023-11-15T04:06:48.431+0000] {processor.py:157} INFO - Started process (PID=1122) to work on /home/airflow/.local/lib/python3.8/site-packages/airflow/example_dags/tutorial.py
[2023-11-15T04:06:48.433+0000] {processor.py:829} INFO - Processing file /home/airflow/.local/lib/python3.8/site-packages/airflow/example_dags/tutorial.py for tasks to queue
[2023-11-15T04:06:48.436+0000] {logging_mixin.py:151} INFO - [2023-11-15T04:06:48.436+0000] {dagbag.py:536} INFO - Filling up the DagBag from /home/airflow/.local/lib/python3.8/site-packages/airflow/example_dags/tutorial.py
[2023-11-15T04:06:48.446+0000] {processor.py:839} INFO - DAG(s) dict_keys(['tutorial']) retrieved from /home/airflow/.local/lib/python3.8/site-packages/airflow/example_dags/tutorial.py
[2023-11-15T04:06:48.471+0000] {logging_mixin.py:151} INFO - [2023-11-15T04:06:48.470+0000] {dag.py:2941} INFO - Sync 1 DAGs
[2023-11-15T04:06:48.499+0000] {logging_mixin.py:151} INFO - [2023-11-15T04:06:48.499+0000] {dag.py:3722} INFO - Setting next_dagrun for tutorial to 2023-11-14T04:06:48.498922+00:00, run_after=2023-11-15T04:06:48.498922+00:00
[2023-11-15T04:06:48.526+0000] {processor.py:179} INFO - Processing /home/airflow/.local/lib/python3.8/site-packages/airflow/example_dags/tutorial.py took 0.099 seconds
[2023-11-15T04:07:19.218+0000] {processor.py:157} INFO - Started process (PID=1181) to work on /home/airflow/.local/lib/python3.8/site-packages/airflow/example_dags/tutorial.py
[2023-11-15T04:07:19.220+0000] {processor.py:829} INFO - Processing file /home/airflow/.local/lib/python3.8/site-packages/airflow/example_dags/tutorial.py for tasks to queue
[2023-11-15T04:07:19.224+0000] {logging_mixin.py:151} INFO - [2023-11-15T04:07:19.223+0000] {dagbag.py:536} INFO - Filling up the DagBag from /home/airflow/.local/lib/python3.8/site-packages/airflow/example_dags/tutorial.py
[2023-11-15T04:07:19.232+0000] {processor.py:839} INFO - DAG(s) dict_keys(['tutorial']) retrieved from /home/airflow/.local/lib/python3.8/site-packages/airflow/example_dags/tutorial.py
[2023-11-15T04:07:19.262+0000] {logging_mixin.py:151} INFO - [2023-11-15T04:07:19.262+0000] {dag.py:2941} INFO - Sync 1 DAGs
[2023-11-15T04:07:19.295+0000] {logging_mixin.py:151} INFO - [2023-11-15T04:07:19.295+0000] {dag.py:3722} INFO - Setting next_dagrun for tutorial to 2023-11-14T04:07:19.295232+00:00, run_after=2023-11-15T04:07:19.295232+00:00
[2023-11-15T04:07:19.321+0000] {processor.py:179} INFO - Processing /home/airflow/.local/lib/python3.8/site-packages/airflow/example_dags/tutorial.py took 0.110 seconds
[2023-11-15T04:07:49.684+0000] {processor.py:157} INFO - Started process (PID=1238) to work on /home/airflow/.local/lib/python3.8/site-packages/airflow/example_dags/tutorial.py
[2023-11-15T04:07:49.685+0000] {processor.py:829} INFO - Processing file /home/airflow/.local/lib/python3.8/site-packages/airflow/example_dags/tutorial.py for tasks to queue
[2023-11-15T04:07:49.688+0000] {logging_mixin.py:151} INFO - [2023-11-15T04:07:49.688+0000] {dagbag.py:536} INFO - Filling up the DagBag from /home/airflow/.local/lib/python3.8/site-packages/airflow/example_dags/tutorial.py
[2023-11-15T04:07:49.695+0000] {processor.py:839} INFO - DAG(s) dict_keys(['tutorial']) retrieved from /home/airflow/.local/lib/python3.8/site-packages/airflow/example_dags/tutorial.py
[2023-11-15T04:07:49.720+0000] {logging_mixin.py:151} INFO - [2023-11-15T04:07:49.720+0000] {dag.py:2941} INFO - Sync 1 DAGs
[2023-11-15T04:07:49.746+0000] {logging_mixin.py:151} INFO - [2023-11-15T04:07:49.746+0000] {dag.py:3722} INFO - Setting next_dagrun for tutorial to 2023-11-14T04:07:49.746260+00:00, run_after=2023-11-15T04:07:49.746260+00:00
[2023-11-15T04:07:49.768+0000] {processor.py:179} INFO - Processing /home/airflow/.local/lib/python3.8/site-packages/airflow/example_dags/tutorial.py took 0.089 seconds
[2023-11-15T04:08:21.058+0000] {processor.py:157} INFO - Started process (PID=1296) to work on /home/airflow/.local/lib/python3.8/site-packages/airflow/example_dags/tutorial.py
[2023-11-15T04:08:21.060+0000] {processor.py:829} INFO - Processing file /home/airflow/.local/lib/python3.8/site-packages/airflow/example_dags/tutorial.py for tasks to queue
[2023-11-15T04:08:21.063+0000] {logging_mixin.py:151} INFO - [2023-11-15T04:08:21.062+0000] {dagbag.py:536} INFO - Filling up the DagBag from /home/airflow/.local/lib/python3.8/site-packages/airflow/example_dags/tutorial.py
[2023-11-15T04:08:21.071+0000] {processor.py:839} INFO - DAG(s) dict_keys(['tutorial']) retrieved from /home/airflow/.local/lib/python3.8/site-packages/airflow/example_dags/tutorial.py
[2023-11-15T04:08:21.098+0000] {logging_mixin.py:151} INFO - [2023-11-15T04:08:21.098+0000] {dag.py:2941} INFO - Sync 1 DAGs
[2023-11-15T04:08:21.129+0000] {logging_mixin.py:151} INFO - [2023-11-15T04:08:21.129+0000] {dag.py:3722} INFO - Setting next_dagrun for tutorial to 2023-11-14T04:08:21.128894+00:00, run_after=2023-11-15T04:08:21.128894+00:00
[2023-11-15T04:08:21.157+0000] {processor.py:179} INFO - Processing /home/airflow/.local/lib/python3.8/site-packages/airflow/example_dags/tutorial.py took 0.104 seconds
[2023-11-15T04:08:51.205+0000] {processor.py:157} INFO - Started process (PID=1353) to work on /home/airflow/.local/lib/python3.8/site-packages/airflow/example_dags/tutorial.py
[2023-11-15T04:08:51.207+0000] {processor.py:829} INFO - Processing file /home/airflow/.local/lib/python3.8/site-packages/airflow/example_dags/tutorial.py for tasks to queue
[2023-11-15T04:08:51.209+0000] {logging_mixin.py:151} INFO - [2023-11-15T04:08:51.208+0000] {dagbag.py:536} INFO - Filling up the DagBag from /home/airflow/.local/lib/python3.8/site-packages/airflow/example_dags/tutorial.py
[2023-11-15T04:08:51.216+0000] {processor.py:839} INFO - DAG(s) dict_keys(['tutorial']) retrieved from /home/airflow/.local/lib/python3.8/site-packages/airflow/example_dags/tutorial.py
[2023-11-15T04:08:51.241+0000] {logging_mixin.py:151} INFO - [2023-11-15T04:08:51.240+0000] {dag.py:2941} INFO - Sync 1 DAGs
[2023-11-15T04:08:51.271+0000] {logging_mixin.py:151} INFO - [2023-11-15T04:08:51.270+0000] {dag.py:3722} INFO - Setting next_dagrun for tutorial to 2023-11-14T04:08:51.270567+00:00, run_after=2023-11-15T04:08:51.270567+00:00
[2023-11-15T04:08:51.307+0000] {processor.py:179} INFO - Processing /home/airflow/.local/lib/python3.8/site-packages/airflow/example_dags/tutorial.py took 0.105 seconds
[2023-11-15T04:09:21.760+0000] {processor.py:157} INFO - Started process (PID=1409) to work on /home/airflow/.local/lib/python3.8/site-packages/airflow/example_dags/tutorial.py
[2023-11-15T04:09:21.761+0000] {processor.py:829} INFO - Processing file /home/airflow/.local/lib/python3.8/site-packages/airflow/example_dags/tutorial.py for tasks to queue
[2023-11-15T04:09:21.765+0000] {logging_mixin.py:151} INFO - [2023-11-15T04:09:21.764+0000] {dagbag.py:536} INFO - Filling up the DagBag from /home/airflow/.local/lib/python3.8/site-packages/airflow/example_dags/tutorial.py
[2023-11-15T04:09:21.775+0000] {processor.py:839} INFO - DAG(s) dict_keys(['tutorial']) retrieved from /home/airflow/.local/lib/python3.8/site-packages/airflow/example_dags/tutorial.py
[2023-11-15T04:09:21.802+0000] {logging_mixin.py:151} INFO - [2023-11-15T04:09:21.802+0000] {dag.py:2941} INFO - Sync 1 DAGs
[2023-11-15T04:09:21.835+0000] {logging_mixin.py:151} INFO - [2023-11-15T04:09:21.834+0000] {dag.py:3722} INFO - Setting next_dagrun for tutorial to 2023-11-14T04:09:21.834316+00:00, run_after=2023-11-15T04:09:21.834316+00:00
[2023-11-15T04:09:21.868+0000] {processor.py:179} INFO - Processing /home/airflow/.local/lib/python3.8/site-packages/airflow/example_dags/tutorial.py took 0.113 seconds
[2023-11-15T04:09:52.209+0000] {processor.py:157} INFO - Started process (PID=1466) to work on /home/airflow/.local/lib/python3.8/site-packages/airflow/example_dags/tutorial.py
[2023-11-15T04:09:52.210+0000] {processor.py:829} INFO - Processing file /home/airflow/.local/lib/python3.8/site-packages/airflow/example_dags/tutorial.py for tasks to queue
[2023-11-15T04:09:52.213+0000] {logging_mixin.py:151} INFO - [2023-11-15T04:09:52.212+0000] {dagbag.py:536} INFO - Filling up the DagBag from /home/airflow/.local/lib/python3.8/site-packages/airflow/example_dags/tutorial.py
[2023-11-15T04:09:52.220+0000] {processor.py:839} INFO - DAG(s) dict_keys(['tutorial']) retrieved from /home/airflow/.local/lib/python3.8/site-packages/airflow/example_dags/tutorial.py
[2023-11-15T04:09:52.246+0000] {logging_mixin.py:151} INFO - [2023-11-15T04:09:52.246+0000] {dag.py:2941} INFO - Sync 1 DAGs
[2023-11-15T04:09:52.276+0000] {logging_mixin.py:151} INFO - [2023-11-15T04:09:52.275+0000] {dag.py:3722} INFO - Setting next_dagrun for tutorial to 2023-11-14T04:09:52.275670+00:00, run_after=2023-11-15T04:09:52.275670+00:00
[2023-11-15T04:09:52.301+0000] {processor.py:179} INFO - Processing /home/airflow/.local/lib/python3.8/site-packages/airflow/example_dags/tutorial.py took 0.096 seconds
[2023-11-15T04:10:22.659+0000] {processor.py:157} INFO - Started process (PID=1523) to work on /home/airflow/.local/lib/python3.8/site-packages/airflow/example_dags/tutorial.py
[2023-11-15T04:10:22.660+0000] {processor.py:829} INFO - Processing file /home/airflow/.local/lib/python3.8/site-packages/airflow/example_dags/tutorial.py for tasks to queue
[2023-11-15T04:10:22.664+0000] {logging_mixin.py:151} INFO - [2023-11-15T04:10:22.663+0000] {dagbag.py:536} INFO - Filling up the DagBag from /home/airflow/.local/lib/python3.8/site-packages/airflow/example_dags/tutorial.py
[2023-11-15T04:10:22.672+0000] {processor.py:839} INFO - DAG(s) dict_keys(['tutorial']) retrieved from /home/airflow/.local/lib/python3.8/site-packages/airflow/example_dags/tutorial.py
[2023-11-15T04:10:22.698+0000] {logging_mixin.py:151} INFO - [2023-11-15T04:10:22.698+0000] {dag.py:2941} INFO - Sync 1 DAGs
[2023-11-15T04:10:22.726+0000] {logging_mixin.py:151} INFO - [2023-11-15T04:10:22.726+0000] {dag.py:3722} INFO - Setting next_dagrun for tutorial to 2023-11-14T04:10:22.726204+00:00, run_after=2023-11-15T04:10:22.726204+00:00
[2023-11-15T04:10:22.751+0000] {processor.py:179} INFO - Processing /home/airflow/.local/lib/python3.8/site-packages/airflow/example_dags/tutorial.py took 0.097 seconds
[2023-11-15T04:10:53.452+0000] {processor.py:157} INFO - Started process (PID=1581) to work on /home/airflow/.local/lib/python3.8/site-packages/airflow/example_dags/tutorial.py
[2023-11-15T04:10:53.454+0000] {processor.py:829} INFO - Processing file /home/airflow/.local/lib/python3.8/site-packages/airflow/example_dags/tutorial.py for tasks to queue
[2023-11-15T04:10:53.456+0000] {logging_mixin.py:151} INFO - [2023-11-15T04:10:53.456+0000] {dagbag.py:536} INFO - Filling up the DagBag from /home/airflow/.local/lib/python3.8/site-packages/airflow/example_dags/tutorial.py
[2023-11-15T04:10:53.463+0000] {processor.py:839} INFO - DAG(s) dict_keys(['tutorial']) retrieved from /home/airflow/.local/lib/python3.8/site-packages/airflow/example_dags/tutorial.py
[2023-11-15T04:10:53.492+0000] {logging_mixin.py:151} INFO - [2023-11-15T04:10:53.492+0000] {dag.py:2941} INFO - Sync 1 DAGs
[2023-11-15T04:10:53.522+0000] {logging_mixin.py:151} INFO - [2023-11-15T04:10:53.522+0000] {dag.py:3722} INFO - Setting next_dagrun for tutorial to 2023-11-14T04:10:53.521952+00:00, run_after=2023-11-15T04:10:53.521952+00:00
[2023-11-15T04:10:53.545+0000] {processor.py:179} INFO - Processing /home/airflow/.local/lib/python3.8/site-packages/airflow/example_dags/tutorial.py took 0.099 seconds
[2023-11-15T04:11:23.650+0000] {processor.py:157} INFO - Started process (PID=1642) to work on /home/airflow/.local/lib/python3.8/site-packages/airflow/example_dags/tutorial.py
[2023-11-15T04:11:23.651+0000] {processor.py:829} INFO - Processing file /home/airflow/.local/lib/python3.8/site-packages/airflow/example_dags/tutorial.py for tasks to queue
[2023-11-15T04:11:23.654+0000] {logging_mixin.py:151} INFO - [2023-11-15T04:11:23.653+0000] {dagbag.py:536} INFO - Filling up the DagBag from /home/airflow/.local/lib/python3.8/site-packages/airflow/example_dags/tutorial.py
[2023-11-15T04:11:23.660+0000] {processor.py:839} INFO - DAG(s) dict_keys(['tutorial']) retrieved from /home/airflow/.local/lib/python3.8/site-packages/airflow/example_dags/tutorial.py
[2023-11-15T04:11:23.686+0000] {logging_mixin.py:151} INFO - [2023-11-15T04:11:23.686+0000] {dag.py:2941} INFO - Sync 1 DAGs
[2023-11-15T04:11:23.717+0000] {logging_mixin.py:151} INFO - [2023-11-15T04:11:23.716+0000] {dag.py:3722} INFO - Setting next_dagrun for tutorial to 2023-11-14T04:11:23.716474+00:00, run_after=2023-11-15T04:11:23.716474+00:00
[2023-11-15T04:11:23.745+0000] {processor.py:179} INFO - Processing /home/airflow/.local/lib/python3.8/site-packages/airflow/example_dags/tutorial.py took 0.098 seconds
[2023-11-15T04:11:53.986+0000] {processor.py:157} INFO - Started process (PID=1704) to work on /home/airflow/.local/lib/python3.8/site-packages/airflow/example_dags/tutorial.py
[2023-11-15T04:11:53.988+0000] {processor.py:829} INFO - Processing file /home/airflow/.local/lib/python3.8/site-packages/airflow/example_dags/tutorial.py for tasks to queue
[2023-11-15T04:11:53.990+0000] {logging_mixin.py:151} INFO - [2023-11-15T04:11:53.990+0000] {dagbag.py:536} INFO - Filling up the DagBag from /home/airflow/.local/lib/python3.8/site-packages/airflow/example_dags/tutorial.py
[2023-11-15T04:11:53.997+0000] {processor.py:839} INFO - DAG(s) dict_keys(['tutorial']) retrieved from /home/airflow/.local/lib/python3.8/site-packages/airflow/example_dags/tutorial.py
[2023-11-15T04:11:54.029+0000] {logging_mixin.py:151} INFO - [2023-11-15T04:11:54.028+0000] {dag.py:2941} INFO - Sync 1 DAGs
[2023-11-15T04:11:54.059+0000] {logging_mixin.py:151} INFO - [2023-11-15T04:11:54.058+0000] {dag.py:3722} INFO - Setting next_dagrun for tutorial to 2023-11-14T04:11:54.058446+00:00, run_after=2023-11-15T04:11:54.058446+00:00
[2023-11-15T04:11:54.085+0000] {processor.py:179} INFO - Processing /home/airflow/.local/lib/python3.8/site-packages/airflow/example_dags/tutorial.py took 0.103 seconds
[2023-11-15T04:12:24.929+0000] {processor.py:157} INFO - Started process (PID=1764) to work on /home/airflow/.local/lib/python3.8/site-packages/airflow/example_dags/tutorial.py
[2023-11-15T04:12:24.930+0000] {processor.py:829} INFO - Processing file /home/airflow/.local/lib/python3.8/site-packages/airflow/example_dags/tutorial.py for tasks to queue
[2023-11-15T04:12:24.933+0000] {logging_mixin.py:151} INFO - [2023-11-15T04:12:24.933+0000] {dagbag.py:536} INFO - Filling up the DagBag from /home/airflow/.local/lib/python3.8/site-packages/airflow/example_dags/tutorial.py
[2023-11-15T04:12:24.943+0000] {processor.py:839} INFO - DAG(s) dict_keys(['tutorial']) retrieved from /home/airflow/.local/lib/python3.8/site-packages/airflow/example_dags/tutorial.py
[2023-11-15T04:12:24.968+0000] {logging_mixin.py:151} INFO - [2023-11-15T04:12:24.968+0000] {dag.py:2941} INFO - Sync 1 DAGs
[2023-11-15T04:12:24.995+0000] {logging_mixin.py:151} INFO - [2023-11-15T04:12:24.995+0000] {dag.py:3722} INFO - Setting next_dagrun for tutorial to 2023-11-14T04:12:24.995134+00:00, run_after=2023-11-15T04:12:24.995134+00:00
[2023-11-15T04:12:25.020+0000] {processor.py:179} INFO - Processing /home/airflow/.local/lib/python3.8/site-packages/airflow/example_dags/tutorial.py took 0.095 seconds
[2023-11-15T04:12:55.230+0000] {processor.py:157} INFO - Started process (PID=1824) to work on /home/airflow/.local/lib/python3.8/site-packages/airflow/example_dags/tutorial.py
[2023-11-15T04:12:55.231+0000] {processor.py:829} INFO - Processing file /home/airflow/.local/lib/python3.8/site-packages/airflow/example_dags/tutorial.py for tasks to queue
[2023-11-15T04:12:55.234+0000] {logging_mixin.py:151} INFO - [2023-11-15T04:12:55.233+0000] {dagbag.py:536} INFO - Filling up the DagBag from /home/airflow/.local/lib/python3.8/site-packages/airflow/example_dags/tutorial.py
[2023-11-15T04:12:55.240+0000] {processor.py:839} INFO - DAG(s) dict_keys(['tutorial']) retrieved from /home/airflow/.local/lib/python3.8/site-packages/airflow/example_dags/tutorial.py
[2023-11-15T04:12:55.265+0000] {logging_mixin.py:151} INFO - [2023-11-15T04:12:55.265+0000] {dag.py:2941} INFO - Sync 1 DAGs
[2023-11-15T04:12:55.294+0000] {logging_mixin.py:151} INFO - [2023-11-15T04:12:55.294+0000] {dag.py:3722} INFO - Setting next_dagrun for tutorial to 2023-11-14T04:12:55.293716+00:00, run_after=2023-11-15T04:12:55.293716+00:00
[2023-11-15T04:12:55.318+0000] {processor.py:179} INFO - Processing /home/airflow/.local/lib/python3.8/site-packages/airflow/example_dags/tutorial.py took 0.092 seconds
[2023-11-15T04:13:26.053+0000] {processor.py:157} INFO - Started process (PID=1886) to work on /home/airflow/.local/lib/python3.8/site-packages/airflow/example_dags/tutorial.py
[2023-11-15T04:13:26.054+0000] {processor.py:829} INFO - Processing file /home/airflow/.local/lib/python3.8/site-packages/airflow/example_dags/tutorial.py for tasks to queue
[2023-11-15T04:13:26.057+0000] {logging_mixin.py:151} INFO - [2023-11-15T04:13:26.056+0000] {dagbag.py:536} INFO - Filling up the DagBag from /home/airflow/.local/lib/python3.8/site-packages/airflow/example_dags/tutorial.py
[2023-11-15T04:13:26.066+0000] {processor.py:839} INFO - DAG(s) dict_keys(['tutorial']) retrieved from /home/airflow/.local/lib/python3.8/site-packages/airflow/example_dags/tutorial.py
[2023-11-15T04:13:26.094+0000] {logging_mixin.py:151} INFO - [2023-11-15T04:13:26.093+0000] {dag.py:2941} INFO - Sync 1 DAGs
[2023-11-15T04:13:26.124+0000] {logging_mixin.py:151} INFO - [2023-11-15T04:13:26.124+0000] {dag.py:3722} INFO - Setting next_dagrun for tutorial to 2023-11-14T04:13:26.123748+00:00, run_after=2023-11-15T04:13:26.123748+00:00
[2023-11-15T04:13:26.150+0000] {processor.py:179} INFO - Processing /home/airflow/.local/lib/python3.8/site-packages/airflow/example_dags/tutorial.py took 0.101 seconds
[2023-11-15T04:13:56.666+0000] {processor.py:157} INFO - Started process (PID=1943) to work on /home/airflow/.local/lib/python3.8/site-packages/airflow/example_dags/tutorial.py
[2023-11-15T04:13:56.667+0000] {processor.py:829} INFO - Processing file /home/airflow/.local/lib/python3.8/site-packages/airflow/example_dags/tutorial.py for tasks to queue
[2023-11-15T04:13:56.670+0000] {logging_mixin.py:151} INFO - [2023-11-15T04:13:56.669+0000] {dagbag.py:536} INFO - Filling up the DagBag from /home/airflow/.local/lib/python3.8/site-packages/airflow/example_dags/tutorial.py
[2023-11-15T04:13:56.677+0000] {processor.py:839} INFO - DAG(s) dict_keys(['tutorial']) retrieved from /home/airflow/.local/lib/python3.8/site-packages/airflow/example_dags/tutorial.py
[2023-11-15T04:13:56.702+0000] {logging_mixin.py:151} INFO - [2023-11-15T04:13:56.702+0000] {dag.py:2941} INFO - Sync 1 DAGs
[2023-11-15T04:13:56.916+0000] {logging_mixin.py:151} INFO - [2023-11-15T04:13:56.916+0000] {dag.py:3722} INFO - Setting next_dagrun for tutorial to 2023-11-14T04:13:56.915806+00:00, run_after=2023-11-15T04:13:56.915806+00:00
[2023-11-15T04:13:56.943+0000] {processor.py:179} INFO - Processing /home/airflow/.local/lib/python3.8/site-packages/airflow/example_dags/tutorial.py took 0.282 seconds
[2023-11-15T04:14:27.829+0000] {processor.py:157} INFO - Started process (PID=2000) to work on /home/airflow/.local/lib/python3.8/site-packages/airflow/example_dags/tutorial.py
[2023-11-15T04:14:27.831+0000] {processor.py:829} INFO - Processing file /home/airflow/.local/lib/python3.8/site-packages/airflow/example_dags/tutorial.py for tasks to queue
[2023-11-15T04:14:27.835+0000] {logging_mixin.py:151} INFO - [2023-11-15T04:14:27.834+0000] {dagbag.py:536} INFO - Filling up the DagBag from /home/airflow/.local/lib/python3.8/site-packages/airflow/example_dags/tutorial.py
[2023-11-15T04:14:27.843+0000] {processor.py:839} INFO - DAG(s) dict_keys(['tutorial']) retrieved from /home/airflow/.local/lib/python3.8/site-packages/airflow/example_dags/tutorial.py
[2023-11-15T04:14:27.870+0000] {logging_mixin.py:151} INFO - [2023-11-15T04:14:27.870+0000] {dag.py:2941} INFO - Sync 1 DAGs
[2023-11-15T04:14:27.898+0000] {logging_mixin.py:151} INFO - [2023-11-15T04:14:27.898+0000] {dag.py:3722} INFO - Setting next_dagrun for tutorial to 2023-11-14T04:14:27.898398+00:00, run_after=2023-11-15T04:14:27.898398+00:00
[2023-11-15T04:14:27.926+0000] {processor.py:179} INFO - Processing /home/airflow/.local/lib/python3.8/site-packages/airflow/example_dags/tutorial.py took 0.104 seconds
[2023-11-15T04:14:58.303+0000] {processor.py:157} INFO - Started process (PID=2057) to work on /home/airflow/.local/lib/python3.8/site-packages/airflow/example_dags/tutorial.py
[2023-11-15T04:14:58.305+0000] {processor.py:829} INFO - Processing file /home/airflow/.local/lib/python3.8/site-packages/airflow/example_dags/tutorial.py for tasks to queue
[2023-11-15T04:14:58.310+0000] {logging_mixin.py:151} INFO - [2023-11-15T04:14:58.309+0000] {dagbag.py:536} INFO - Filling up the DagBag from /home/airflow/.local/lib/python3.8/site-packages/airflow/example_dags/tutorial.py
[2023-11-15T04:14:58.321+0000] {processor.py:839} INFO - DAG(s) dict_keys(['tutorial']) retrieved from /home/airflow/.local/lib/python3.8/site-packages/airflow/example_dags/tutorial.py
[2023-11-15T04:14:58.345+0000] {logging_mixin.py:151} INFO - [2023-11-15T04:14:58.345+0000] {dag.py:2941} INFO - Sync 1 DAGs
[2023-11-15T04:14:58.371+0000] {logging_mixin.py:151} INFO - [2023-11-15T04:14:58.371+0000] {dag.py:3722} INFO - Setting next_dagrun for tutorial to 2023-11-14T04:14:58.371079+00:00, run_after=2023-11-15T04:14:58.371079+00:00
[2023-11-15T04:14:58.396+0000] {processor.py:179} INFO - Processing /home/airflow/.local/lib/python3.8/site-packages/airflow/example_dags/tutorial.py took 0.098 seconds
[2023-11-15T04:15:29.146+0000] {processor.py:157} INFO - Started process (PID=2115) to work on /home/airflow/.local/lib/python3.8/site-packages/airflow/example_dags/tutorial.py
[2023-11-15T04:15:29.148+0000] {processor.py:829} INFO - Processing file /home/airflow/.local/lib/python3.8/site-packages/airflow/example_dags/tutorial.py for tasks to queue
[2023-11-15T04:15:29.154+0000] {logging_mixin.py:151} INFO - [2023-11-15T04:15:29.153+0000] {dagbag.py:536} INFO - Filling up the DagBag from /home/airflow/.local/lib/python3.8/site-packages/airflow/example_dags/tutorial.py
[2023-11-15T04:15:29.162+0000] {processor.py:839} INFO - DAG(s) dict_keys(['tutorial']) retrieved from /home/airflow/.local/lib/python3.8/site-packages/airflow/example_dags/tutorial.py
[2023-11-15T04:15:29.526+0000] {logging_mixin.py:151} INFO - [2023-11-15T04:15:29.526+0000] {dag.py:2941} INFO - Sync 1 DAGs
[2023-11-15T04:15:29.562+0000] {logging_mixin.py:151} INFO - [2023-11-15T04:15:29.561+0000] {dag.py:3722} INFO - Setting next_dagrun for tutorial to 2023-11-14T04:15:29.561669+00:00, run_after=2023-11-15T04:15:29.561669+00:00
[2023-11-15T04:15:29.596+0000] {processor.py:179} INFO - Processing /home/airflow/.local/lib/python3.8/site-packages/airflow/example_dags/tutorial.py took 0.458 seconds
[2023-11-15T04:15:59.641+0000] {processor.py:157} INFO - Started process (PID=2174) to work on /home/airflow/.local/lib/python3.8/site-packages/airflow/example_dags/tutorial.py
[2023-11-15T04:15:59.642+0000] {processor.py:829} INFO - Processing file /home/airflow/.local/lib/python3.8/site-packages/airflow/example_dags/tutorial.py for tasks to queue
[2023-11-15T04:15:59.649+0000] {logging_mixin.py:151} INFO - [2023-11-15T04:15:59.648+0000] {dagbag.py:536} INFO - Filling up the DagBag from /home/airflow/.local/lib/python3.8/site-packages/airflow/example_dags/tutorial.py
[2023-11-15T04:15:59.660+0000] {processor.py:839} INFO - DAG(s) dict_keys(['tutorial']) retrieved from /home/airflow/.local/lib/python3.8/site-packages/airflow/example_dags/tutorial.py
[2023-11-15T04:15:59.694+0000] {logging_mixin.py:151} INFO - [2023-11-15T04:15:59.693+0000] {dag.py:2941} INFO - Sync 1 DAGs
[2023-11-15T04:15:59.912+0000] {logging_mixin.py:151} INFO - [2023-11-15T04:15:59.912+0000] {dag.py:3722} INFO - Setting next_dagrun for tutorial to 2023-11-14T04:15:59.912065+00:00, run_after=2023-11-15T04:15:59.912065+00:00
[2023-11-15T04:15:59.938+0000] {processor.py:179} INFO - Processing /home/airflow/.local/lib/python3.8/site-packages/airflow/example_dags/tutorial.py took 0.301 seconds
[2023-11-15T04:16:30.046+0000] {processor.py:157} INFO - Started process (PID=2233) to work on /home/airflow/.local/lib/python3.8/site-packages/airflow/example_dags/tutorial.py
[2023-11-15T04:16:30.047+0000] {processor.py:829} INFO - Processing file /home/airflow/.local/lib/python3.8/site-packages/airflow/example_dags/tutorial.py for tasks to queue
[2023-11-15T04:16:30.050+0000] {logging_mixin.py:151} INFO - [2023-11-15T04:16:30.049+0000] {dagbag.py:536} INFO - Filling up the DagBag from /home/airflow/.local/lib/python3.8/site-packages/airflow/example_dags/tutorial.py
[2023-11-15T04:16:30.057+0000] {processor.py:839} INFO - DAG(s) dict_keys(['tutorial']) retrieved from /home/airflow/.local/lib/python3.8/site-packages/airflow/example_dags/tutorial.py
[2023-11-15T04:16:30.082+0000] {logging_mixin.py:151} INFO - [2023-11-15T04:16:30.081+0000] {dag.py:2941} INFO - Sync 1 DAGs
[2023-11-15T04:16:30.109+0000] {logging_mixin.py:151} INFO - [2023-11-15T04:16:30.108+0000] {dag.py:3722} INFO - Setting next_dagrun for tutorial to 2023-11-14T04:16:30.108422+00:00, run_after=2023-11-15T04:16:30.108422+00:00
[2023-11-15T04:16:30.135+0000] {processor.py:179} INFO - Processing /home/airflow/.local/lib/python3.8/site-packages/airflow/example_dags/tutorial.py took 0.093 seconds
[2023-11-15T04:17:00.328+0000] {processor.py:157} INFO - Started process (PID=2290) to work on /home/airflow/.local/lib/python3.8/site-packages/airflow/example_dags/tutorial.py
[2023-11-15T04:17:00.329+0000] {processor.py:829} INFO - Processing file /home/airflow/.local/lib/python3.8/site-packages/airflow/example_dags/tutorial.py for tasks to queue
[2023-11-15T04:17:00.332+0000] {logging_mixin.py:151} INFO - [2023-11-15T04:17:00.331+0000] {dagbag.py:536} INFO - Filling up the DagBag from /home/airflow/.local/lib/python3.8/site-packages/airflow/example_dags/tutorial.py
[2023-11-15T04:17:00.339+0000] {processor.py:839} INFO - DAG(s) dict_keys(['tutorial']) retrieved from /home/airflow/.local/lib/python3.8/site-packages/airflow/example_dags/tutorial.py
[2023-11-15T04:17:00.363+0000] {logging_mixin.py:151} INFO - [2023-11-15T04:17:00.362+0000] {dag.py:2941} INFO - Sync 1 DAGs
[2023-11-15T04:17:00.389+0000] {logging_mixin.py:151} INFO - [2023-11-15T04:17:00.389+0000] {dag.py:3722} INFO - Setting next_dagrun for tutorial to 2023-11-14T04:17:00.388733+00:00, run_after=2023-11-15T04:17:00.388733+00:00
[2023-11-15T04:17:00.414+0000] {processor.py:179} INFO - Processing /home/airflow/.local/lib/python3.8/site-packages/airflow/example_dags/tutorial.py took 0.093 seconds
[2023-11-15T04:17:31.248+0000] {processor.py:157} INFO - Started process (PID=2347) to work on /home/airflow/.local/lib/python3.8/site-packages/airflow/example_dags/tutorial.py
[2023-11-15T04:17:31.250+0000] {processor.py:829} INFO - Processing file /home/airflow/.local/lib/python3.8/site-packages/airflow/example_dags/tutorial.py for tasks to queue
[2023-11-15T04:17:31.254+0000] {logging_mixin.py:151} INFO - [2023-11-15T04:17:31.253+0000] {dagbag.py:536} INFO - Filling up the DagBag from /home/airflow/.local/lib/python3.8/site-packages/airflow/example_dags/tutorial.py
[2023-11-15T04:17:31.262+0000] {processor.py:839} INFO - DAG(s) dict_keys(['tutorial']) retrieved from /home/airflow/.local/lib/python3.8/site-packages/airflow/example_dags/tutorial.py
[2023-11-15T04:17:31.286+0000] {logging_mixin.py:151} INFO - [2023-11-15T04:17:31.286+0000] {dag.py:2941} INFO - Sync 1 DAGs
[2023-11-15T04:17:31.312+0000] {logging_mixin.py:151} INFO - [2023-11-15T04:17:31.312+0000] {dag.py:3722} INFO - Setting next_dagrun for tutorial to 2023-11-14T04:17:31.311941+00:00, run_after=2023-11-15T04:17:31.311941+00:00
[2023-11-15T04:17:31.334+0000] {processor.py:179} INFO - Processing /home/airflow/.local/lib/python3.8/site-packages/airflow/example_dags/tutorial.py took 0.092 seconds
[2023-11-15T04:18:01.618+0000] {processor.py:157} INFO - Started process (PID=2405) to work on /home/airflow/.local/lib/python3.8/site-packages/airflow/example_dags/tutorial.py
[2023-11-15T04:18:01.619+0000] {processor.py:829} INFO - Processing file /home/airflow/.local/lib/python3.8/site-packages/airflow/example_dags/tutorial.py for tasks to queue
[2023-11-15T04:18:01.623+0000] {logging_mixin.py:151} INFO - [2023-11-15T04:18:01.623+0000] {dagbag.py:536} INFO - Filling up the DagBag from /home/airflow/.local/lib/python3.8/site-packages/airflow/example_dags/tutorial.py
[2023-11-15T04:18:01.637+0000] {processor.py:839} INFO - DAG(s) dict_keys(['tutorial']) retrieved from /home/airflow/.local/lib/python3.8/site-packages/airflow/example_dags/tutorial.py
[2023-11-15T04:18:01.671+0000] {logging_mixin.py:151} INFO - [2023-11-15T04:18:01.671+0000] {dag.py:2941} INFO - Sync 1 DAGs
[2023-11-15T04:18:01.698+0000] {logging_mixin.py:151} INFO - [2023-11-15T04:18:01.698+0000] {dag.py:3722} INFO - Setting next_dagrun for tutorial to 2023-11-14T04:18:01.698098+00:00, run_after=2023-11-15T04:18:01.698098+00:00
[2023-11-15T04:18:01.720+0000] {processor.py:179} INFO - Processing /home/airflow/.local/lib/python3.8/site-packages/airflow/example_dags/tutorial.py took 0.108 seconds
[2023-11-15T04:18:32.138+0000] {processor.py:157} INFO - Started process (PID=2462) to work on /home/airflow/.local/lib/python3.8/site-packages/airflow/example_dags/tutorial.py
[2023-11-15T04:18:32.138+0000] {processor.py:829} INFO - Processing file /home/airflow/.local/lib/python3.8/site-packages/airflow/example_dags/tutorial.py for tasks to queue
[2023-11-15T04:18:32.141+0000] {logging_mixin.py:151} INFO - [2023-11-15T04:18:32.141+0000] {dagbag.py:536} INFO - Filling up the DagBag from /home/airflow/.local/lib/python3.8/site-packages/airflow/example_dags/tutorial.py
[2023-11-15T04:18:32.148+0000] {processor.py:839} INFO - DAG(s) dict_keys(['tutorial']) retrieved from /home/airflow/.local/lib/python3.8/site-packages/airflow/example_dags/tutorial.py
[2023-11-15T04:18:32.173+0000] {logging_mixin.py:151} INFO - [2023-11-15T04:18:32.173+0000] {dag.py:2941} INFO - Sync 1 DAGs
[2023-11-15T04:18:32.200+0000] {logging_mixin.py:151} INFO - [2023-11-15T04:18:32.200+0000] {dag.py:3722} INFO - Setting next_dagrun for tutorial to 2023-11-14T04:18:32.200244+00:00, run_after=2023-11-15T04:18:32.200244+00:00
[2023-11-15T04:18:32.226+0000] {processor.py:179} INFO - Processing /home/airflow/.local/lib/python3.8/site-packages/airflow/example_dags/tutorial.py took 0.092 seconds
[2023-11-15T04:19:02.284+0000] {processor.py:157} INFO - Started process (PID=2520) to work on /home/airflow/.local/lib/python3.8/site-packages/airflow/example_dags/tutorial.py
[2023-11-15T04:19:02.285+0000] {processor.py:829} INFO - Processing file /home/airflow/.local/lib/python3.8/site-packages/airflow/example_dags/tutorial.py for tasks to queue
[2023-11-15T04:19:02.288+0000] {logging_mixin.py:151} INFO - [2023-11-15T04:19:02.288+0000] {dagbag.py:536} INFO - Filling up the DagBag from /home/airflow/.local/lib/python3.8/site-packages/airflow/example_dags/tutorial.py
[2023-11-15T04:19:02.298+0000] {processor.py:839} INFO - DAG(s) dict_keys(['tutorial']) retrieved from /home/airflow/.local/lib/python3.8/site-packages/airflow/example_dags/tutorial.py
[2023-11-15T04:19:02.331+0000] {logging_mixin.py:151} INFO - [2023-11-15T04:19:02.330+0000] {dag.py:2941} INFO - Sync 1 DAGs
[2023-11-15T04:19:02.367+0000] {logging_mixin.py:151} INFO - [2023-11-15T04:19:02.367+0000] {dag.py:3722} INFO - Setting next_dagrun for tutorial to 2023-11-14T04:19:02.365701+00:00, run_after=2023-11-15T04:19:02.365701+00:00
[2023-11-15T04:19:02.410+0000] {processor.py:179} INFO - Processing /home/airflow/.local/lib/python3.8/site-packages/airflow/example_dags/tutorial.py took 0.132 seconds
[2023-11-15T04:19:33.009+0000] {processor.py:157} INFO - Started process (PID=2581) to work on /home/airflow/.local/lib/python3.8/site-packages/airflow/example_dags/tutorial.py
[2023-11-15T04:19:33.010+0000] {processor.py:829} INFO - Processing file /home/airflow/.local/lib/python3.8/site-packages/airflow/example_dags/tutorial.py for tasks to queue
[2023-11-15T04:19:33.014+0000] {logging_mixin.py:151} INFO - [2023-11-15T04:19:33.014+0000] {dagbag.py:536} INFO - Filling up the DagBag from /home/airflow/.local/lib/python3.8/site-packages/airflow/example_dags/tutorial.py
[2023-11-15T04:19:33.021+0000] {processor.py:839} INFO - DAG(s) dict_keys(['tutorial']) retrieved from /home/airflow/.local/lib/python3.8/site-packages/airflow/example_dags/tutorial.py
[2023-11-15T04:19:33.046+0000] {logging_mixin.py:151} INFO - [2023-11-15T04:19:33.046+0000] {dag.py:2941} INFO - Sync 1 DAGs
[2023-11-15T04:19:33.072+0000] {logging_mixin.py:151} INFO - [2023-11-15T04:19:33.072+0000] {dag.py:3722} INFO - Setting next_dagrun for tutorial to 2023-11-14T04:19:33.072268+00:00, run_after=2023-11-15T04:19:33.072268+00:00
[2023-11-15T04:19:33.094+0000] {processor.py:179} INFO - Processing /home/airflow/.local/lib/python3.8/site-packages/airflow/example_dags/tutorial.py took 0.093 seconds
[2023-11-15T04:20:03.382+0000] {processor.py:157} INFO - Started process (PID=2641) to work on /home/airflow/.local/lib/python3.8/site-packages/airflow/example_dags/tutorial.py
[2023-11-15T04:20:03.383+0000] {processor.py:829} INFO - Processing file /home/airflow/.local/lib/python3.8/site-packages/airflow/example_dags/tutorial.py for tasks to queue
[2023-11-15T04:20:03.387+0000] {logging_mixin.py:151} INFO - [2023-11-15T04:20:03.386+0000] {dagbag.py:536} INFO - Filling up the DagBag from /home/airflow/.local/lib/python3.8/site-packages/airflow/example_dags/tutorial.py
[2023-11-15T04:20:03.395+0000] {processor.py:839} INFO - DAG(s) dict_keys(['tutorial']) retrieved from /home/airflow/.local/lib/python3.8/site-packages/airflow/example_dags/tutorial.py
[2023-11-15T04:20:03.421+0000] {logging_mixin.py:151} INFO - [2023-11-15T04:20:03.420+0000] {dag.py:2941} INFO - Sync 1 DAGs
[2023-11-15T04:20:03.447+0000] {logging_mixin.py:151} INFO - [2023-11-15T04:20:03.447+0000] {dag.py:3722} INFO - Setting next_dagrun for tutorial to 2023-11-14T04:20:03.447011+00:00, run_after=2023-11-15T04:20:03.447011+00:00
[2023-11-15T04:20:03.469+0000] {processor.py:179} INFO - Processing /home/airflow/.local/lib/python3.8/site-packages/airflow/example_dags/tutorial.py took 0.093 seconds
[2023-11-15T04:20:34.023+0000] {processor.py:157} INFO - Started process (PID=2701) to work on /home/airflow/.local/lib/python3.8/site-packages/airflow/example_dags/tutorial.py
[2023-11-15T04:20:34.024+0000] {processor.py:829} INFO - Processing file /home/airflow/.local/lib/python3.8/site-packages/airflow/example_dags/tutorial.py for tasks to queue
[2023-11-15T04:20:34.027+0000] {logging_mixin.py:151} INFO - [2023-11-15T04:20:34.026+0000] {dagbag.py:536} INFO - Filling up the DagBag from /home/airflow/.local/lib/python3.8/site-packages/airflow/example_dags/tutorial.py
[2023-11-15T04:20:34.035+0000] {processor.py:839} INFO - DAG(s) dict_keys(['tutorial']) retrieved from /home/airflow/.local/lib/python3.8/site-packages/airflow/example_dags/tutorial.py
[2023-11-15T04:20:34.061+0000] {logging_mixin.py:151} INFO - [2023-11-15T04:20:34.060+0000] {dag.py:2941} INFO - Sync 1 DAGs
[2023-11-15T04:20:34.098+0000] {logging_mixin.py:151} INFO - [2023-11-15T04:20:34.098+0000] {dag.py:3722} INFO - Setting next_dagrun for tutorial to 2023-11-14T04:20:34.098204+00:00, run_after=2023-11-15T04:20:34.098204+00:00
[2023-11-15T04:20:34.131+0000] {processor.py:179} INFO - Processing /home/airflow/.local/lib/python3.8/site-packages/airflow/example_dags/tutorial.py took 0.112 seconds
[2023-11-15T04:21:04.263+0000] {processor.py:157} INFO - Started process (PID=2765) to work on /home/airflow/.local/lib/python3.8/site-packages/airflow/example_dags/tutorial.py
[2023-11-15T04:21:04.265+0000] {processor.py:829} INFO - Processing file /home/airflow/.local/lib/python3.8/site-packages/airflow/example_dags/tutorial.py for tasks to queue
[2023-11-15T04:21:04.269+0000] {logging_mixin.py:151} INFO - [2023-11-15T04:21:04.269+0000] {dagbag.py:536} INFO - Filling up the DagBag from /home/airflow/.local/lib/python3.8/site-packages/airflow/example_dags/tutorial.py
[2023-11-15T04:21:04.278+0000] {processor.py:839} INFO - DAG(s) dict_keys(['tutorial']) retrieved from /home/airflow/.local/lib/python3.8/site-packages/airflow/example_dags/tutorial.py
[2023-11-15T04:21:04.302+0000] {logging_mixin.py:151} INFO - [2023-11-15T04:21:04.302+0000] {dag.py:2941} INFO - Sync 1 DAGs
[2023-11-15T04:21:04.333+0000] {logging_mixin.py:151} INFO - [2023-11-15T04:21:04.332+0000] {dag.py:3722} INFO - Setting next_dagrun for tutorial to 2023-11-14T04:21:04.332516+00:00, run_after=2023-11-15T04:21:04.332516+00:00
[2023-11-15T04:21:04.356+0000] {processor.py:179} INFO - Processing /home/airflow/.local/lib/python3.8/site-packages/airflow/example_dags/tutorial.py took 0.100 seconds
[2023-11-15T04:21:34.798+0000] {processor.py:157} INFO - Started process (PID=2825) to work on /home/airflow/.local/lib/python3.8/site-packages/airflow/example_dags/tutorial.py
[2023-11-15T04:21:34.801+0000] {processor.py:829} INFO - Processing file /home/airflow/.local/lib/python3.8/site-packages/airflow/example_dags/tutorial.py for tasks to queue
[2023-11-15T04:21:34.806+0000] {logging_mixin.py:151} INFO - [2023-11-15T04:21:34.805+0000] {dagbag.py:536} INFO - Filling up the DagBag from /home/airflow/.local/lib/python3.8/site-packages/airflow/example_dags/tutorial.py
[2023-11-15T04:21:34.817+0000] {processor.py:839} INFO - DAG(s) dict_keys(['tutorial']) retrieved from /home/airflow/.local/lib/python3.8/site-packages/airflow/example_dags/tutorial.py
[2023-11-15T04:21:34.841+0000] {logging_mixin.py:151} INFO - [2023-11-15T04:21:34.841+0000] {dag.py:2941} INFO - Sync 1 DAGs
[2023-11-15T04:21:34.867+0000] {logging_mixin.py:151} INFO - [2023-11-15T04:21:34.867+0000] {dag.py:3722} INFO - Setting next_dagrun for tutorial to 2023-11-14T04:21:34.867325+00:00, run_after=2023-11-15T04:21:34.867325+00:00
[2023-11-15T04:21:34.890+0000] {processor.py:179} INFO - Processing /home/airflow/.local/lib/python3.8/site-packages/airflow/example_dags/tutorial.py took 0.101 seconds
[2023-11-15T04:22:05.413+0000] {processor.py:157} INFO - Started process (PID=2886) to work on /home/airflow/.local/lib/python3.8/site-packages/airflow/example_dags/tutorial.py
[2023-11-15T04:22:05.414+0000] {processor.py:829} INFO - Processing file /home/airflow/.local/lib/python3.8/site-packages/airflow/example_dags/tutorial.py for tasks to queue
[2023-11-15T04:22:05.416+0000] {logging_mixin.py:151} INFO - [2023-11-15T04:22:05.416+0000] {dagbag.py:536} INFO - Filling up the DagBag from /home/airflow/.local/lib/python3.8/site-packages/airflow/example_dags/tutorial.py
[2023-11-15T04:22:05.424+0000] {processor.py:839} INFO - DAG(s) dict_keys(['tutorial']) retrieved from /home/airflow/.local/lib/python3.8/site-packages/airflow/example_dags/tutorial.py
[2023-11-15T04:22:05.449+0000] {logging_mixin.py:151} INFO - [2023-11-15T04:22:05.448+0000] {dag.py:2941} INFO - Sync 1 DAGs
[2023-11-15T04:22:05.478+0000] {logging_mixin.py:151} INFO - [2023-11-15T04:22:05.477+0000] {dag.py:3722} INFO - Setting next_dagrun for tutorial to 2023-11-14T04:22:05.477464+00:00, run_after=2023-11-15T04:22:05.477464+00:00
[2023-11-15T04:22:05.503+0000] {processor.py:179} INFO - Processing /home/airflow/.local/lib/python3.8/site-packages/airflow/example_dags/tutorial.py took 0.094 seconds
[2023-11-15T04:22:35.734+0000] {processor.py:157} INFO - Started process (PID=2946) to work on /home/airflow/.local/lib/python3.8/site-packages/airflow/example_dags/tutorial.py
[2023-11-15T04:22:35.735+0000] {processor.py:829} INFO - Processing file /home/airflow/.local/lib/python3.8/site-packages/airflow/example_dags/tutorial.py for tasks to queue
[2023-11-15T04:22:35.738+0000] {logging_mixin.py:151} INFO - [2023-11-15T04:22:35.737+0000] {dagbag.py:536} INFO - Filling up the DagBag from /home/airflow/.local/lib/python3.8/site-packages/airflow/example_dags/tutorial.py
[2023-11-15T04:22:35.748+0000] {processor.py:839} INFO - DAG(s) dict_keys(['tutorial']) retrieved from /home/airflow/.local/lib/python3.8/site-packages/airflow/example_dags/tutorial.py
[2023-11-15T04:22:35.777+0000] {logging_mixin.py:151} INFO - [2023-11-15T04:22:35.777+0000] {dag.py:2941} INFO - Sync 1 DAGs
[2023-11-15T04:22:35.805+0000] {logging_mixin.py:151} INFO - [2023-11-15T04:22:35.805+0000] {dag.py:3722} INFO - Setting next_dagrun for tutorial to 2023-11-14T04:22:35.805067+00:00, run_after=2023-11-15T04:22:35.805067+00:00
[2023-11-15T04:22:35.829+0000] {processor.py:179} INFO - Processing /home/airflow/.local/lib/python3.8/site-packages/airflow/example_dags/tutorial.py took 0.100 seconds
[2023-11-15T04:23:05.958+0000] {processor.py:157} INFO - Started process (PID=3005) to work on /home/airflow/.local/lib/python3.8/site-packages/airflow/example_dags/tutorial.py
[2023-11-15T04:23:05.959+0000] {processor.py:829} INFO - Processing file /home/airflow/.local/lib/python3.8/site-packages/airflow/example_dags/tutorial.py for tasks to queue
[2023-11-15T04:23:05.963+0000] {logging_mixin.py:151} INFO - [2023-11-15T04:23:05.962+0000] {dagbag.py:536} INFO - Filling up the DagBag from /home/airflow/.local/lib/python3.8/site-packages/airflow/example_dags/tutorial.py
[2023-11-15T04:23:05.972+0000] {processor.py:839} INFO - DAG(s) dict_keys(['tutorial']) retrieved from /home/airflow/.local/lib/python3.8/site-packages/airflow/example_dags/tutorial.py
[2023-11-15T04:23:06.005+0000] {logging_mixin.py:151} INFO - [2023-11-15T04:23:06.005+0000] {dag.py:2941} INFO - Sync 1 DAGs
[2023-11-15T04:23:06.040+0000] {logging_mixin.py:151} INFO - [2023-11-15T04:23:06.040+0000] {dag.py:3722} INFO - Setting next_dagrun for tutorial to 2023-11-14T04:23:06.039737+00:00, run_after=2023-11-15T04:23:06.039737+00:00
[2023-11-15T04:23:06.071+0000] {processor.py:179} INFO - Processing /home/airflow/.local/lib/python3.8/site-packages/airflow/example_dags/tutorial.py took 0.122 seconds
[2023-11-15T04:23:36.721+0000] {processor.py:157} INFO - Started process (PID=3063) to work on /home/airflow/.local/lib/python3.8/site-packages/airflow/example_dags/tutorial.py
[2023-11-15T04:23:36.723+0000] {processor.py:829} INFO - Processing file /home/airflow/.local/lib/python3.8/site-packages/airflow/example_dags/tutorial.py for tasks to queue
[2023-11-15T04:23:36.728+0000] {logging_mixin.py:151} INFO - [2023-11-15T04:23:36.727+0000] {dagbag.py:536} INFO - Filling up the DagBag from /home/airflow/.local/lib/python3.8/site-packages/airflow/example_dags/tutorial.py
[2023-11-15T04:23:36.739+0000] {processor.py:839} INFO - DAG(s) dict_keys(['tutorial']) retrieved from /home/airflow/.local/lib/python3.8/site-packages/airflow/example_dags/tutorial.py
[2023-11-15T04:23:36.784+0000] {logging_mixin.py:151} INFO - [2023-11-15T04:23:36.783+0000] {dag.py:2941} INFO - Sync 1 DAGs
[2023-11-15T04:23:36.825+0000] {logging_mixin.py:151} INFO - [2023-11-15T04:23:36.824+0000] {dag.py:3722} INFO - Setting next_dagrun for tutorial to 2023-11-14T04:23:36.824419+00:00, run_after=2023-11-15T04:23:36.824419+00:00
[2023-11-15T04:23:36.882+0000] {processor.py:179} INFO - Processing /home/airflow/.local/lib/python3.8/site-packages/airflow/example_dags/tutorial.py took 0.168 seconds
[2023-11-15T04:24:06.916+0000] {processor.py:157} INFO - Started process (PID=3121) to work on /home/airflow/.local/lib/python3.8/site-packages/airflow/example_dags/tutorial.py
[2023-11-15T04:24:06.918+0000] {processor.py:829} INFO - Processing file /home/airflow/.local/lib/python3.8/site-packages/airflow/example_dags/tutorial.py for tasks to queue
[2023-11-15T04:24:06.920+0000] {logging_mixin.py:151} INFO - [2023-11-15T04:24:06.920+0000] {dagbag.py:536} INFO - Filling up the DagBag from /home/airflow/.local/lib/python3.8/site-packages/airflow/example_dags/tutorial.py
[2023-11-15T04:24:06.927+0000] {processor.py:839} INFO - DAG(s) dict_keys(['tutorial']) retrieved from /home/airflow/.local/lib/python3.8/site-packages/airflow/example_dags/tutorial.py
[2023-11-15T04:24:06.951+0000] {logging_mixin.py:151} INFO - [2023-11-15T04:24:06.951+0000] {dag.py:2941} INFO - Sync 1 DAGs
[2023-11-15T04:24:06.978+0000] {logging_mixin.py:151} INFO - [2023-11-15T04:24:06.978+0000] {dag.py:3722} INFO - Setting next_dagrun for tutorial to 2023-11-14T04:24:06.978337+00:00, run_after=2023-11-15T04:24:06.978337+00:00
[2023-11-15T04:24:07.000+0000] {processor.py:179} INFO - Processing /home/airflow/.local/lib/python3.8/site-packages/airflow/example_dags/tutorial.py took 0.088 seconds
[2023-11-15T04:24:37.085+0000] {processor.py:157} INFO - Started process (PID=3179) to work on /home/airflow/.local/lib/python3.8/site-packages/airflow/example_dags/tutorial.py
[2023-11-15T04:24:37.086+0000] {processor.py:829} INFO - Processing file /home/airflow/.local/lib/python3.8/site-packages/airflow/example_dags/tutorial.py for tasks to queue
[2023-11-15T04:24:37.091+0000] {logging_mixin.py:151} INFO - [2023-11-15T04:24:37.090+0000] {dagbag.py:536} INFO - Filling up the DagBag from /home/airflow/.local/lib/python3.8/site-packages/airflow/example_dags/tutorial.py
[2023-11-15T04:24:37.102+0000] {processor.py:839} INFO - DAG(s) dict_keys(['tutorial']) retrieved from /home/airflow/.local/lib/python3.8/site-packages/airflow/example_dags/tutorial.py
[2023-11-15T04:24:37.141+0000] {logging_mixin.py:151} INFO - [2023-11-15T04:24:37.141+0000] {dag.py:2941} INFO - Sync 1 DAGs
[2023-11-15T04:24:37.175+0000] {logging_mixin.py:151} INFO - [2023-11-15T04:24:37.175+0000] {dag.py:3722} INFO - Setting next_dagrun for tutorial to 2023-11-14T04:24:37.175292+00:00, run_after=2023-11-15T04:24:37.175292+00:00
[2023-11-15T04:24:37.203+0000] {processor.py:179} INFO - Processing /home/airflow/.local/lib/python3.8/site-packages/airflow/example_dags/tutorial.py took 0.126 seconds
[2023-11-15T04:25:07.559+0000] {processor.py:157} INFO - Started process (PID=3237) to work on /home/airflow/.local/lib/python3.8/site-packages/airflow/example_dags/tutorial.py
[2023-11-15T04:25:07.560+0000] {processor.py:829} INFO - Processing file /home/airflow/.local/lib/python3.8/site-packages/airflow/example_dags/tutorial.py for tasks to queue
[2023-11-15T04:25:07.563+0000] {logging_mixin.py:151} INFO - [2023-11-15T04:25:07.562+0000] {dagbag.py:536} INFO - Filling up the DagBag from /home/airflow/.local/lib/python3.8/site-packages/airflow/example_dags/tutorial.py
[2023-11-15T04:25:07.570+0000] {processor.py:839} INFO - DAG(s) dict_keys(['tutorial']) retrieved from /home/airflow/.local/lib/python3.8/site-packages/airflow/example_dags/tutorial.py
[2023-11-15T04:25:07.596+0000] {logging_mixin.py:151} INFO - [2023-11-15T04:25:07.595+0000] {dag.py:2941} INFO - Sync 1 DAGs
[2023-11-15T04:25:07.627+0000] {logging_mixin.py:151} INFO - [2023-11-15T04:25:07.627+0000] {dag.py:3722} INFO - Setting next_dagrun for tutorial to 2023-11-14T04:25:07.627028+00:00, run_after=2023-11-15T04:25:07.627028+00:00
[2023-11-15T04:25:07.656+0000] {processor.py:179} INFO - Processing /home/airflow/.local/lib/python3.8/site-packages/airflow/example_dags/tutorial.py took 0.101 seconds
[2023-11-15T04:25:38.597+0000] {processor.py:157} INFO - Started process (PID=3297) to work on /home/airflow/.local/lib/python3.8/site-packages/airflow/example_dags/tutorial.py
[2023-11-15T04:25:38.598+0000] {processor.py:829} INFO - Processing file /home/airflow/.local/lib/python3.8/site-packages/airflow/example_dags/tutorial.py for tasks to queue
[2023-11-15T04:25:38.601+0000] {logging_mixin.py:151} INFO - [2023-11-15T04:25:38.600+0000] {dagbag.py:536} INFO - Filling up the DagBag from /home/airflow/.local/lib/python3.8/site-packages/airflow/example_dags/tutorial.py
[2023-11-15T04:25:38.610+0000] {processor.py:839} INFO - DAG(s) dict_keys(['tutorial']) retrieved from /home/airflow/.local/lib/python3.8/site-packages/airflow/example_dags/tutorial.py
[2023-11-15T04:25:38.636+0000] {logging_mixin.py:151} INFO - [2023-11-15T04:25:38.635+0000] {dag.py:2941} INFO - Sync 1 DAGs
[2023-11-15T04:25:38.671+0000] {logging_mixin.py:151} INFO - [2023-11-15T04:25:38.671+0000] {dag.py:3722} INFO - Setting next_dagrun for tutorial to 2023-11-14T04:25:38.670716+00:00, run_after=2023-11-15T04:25:38.670716+00:00
[2023-11-15T04:25:38.699+0000] {processor.py:179} INFO - Processing /home/airflow/.local/lib/python3.8/site-packages/airflow/example_dags/tutorial.py took 0.106 seconds
[2023-11-15T04:26:08.943+0000] {processor.py:157} INFO - Started process (PID=3355) to work on /home/airflow/.local/lib/python3.8/site-packages/airflow/example_dags/tutorial.py
[2023-11-15T04:26:08.944+0000] {processor.py:829} INFO - Processing file /home/airflow/.local/lib/python3.8/site-packages/airflow/example_dags/tutorial.py for tasks to queue
[2023-11-15T04:26:08.947+0000] {logging_mixin.py:151} INFO - [2023-11-15T04:26:08.946+0000] {dagbag.py:536} INFO - Filling up the DagBag from /home/airflow/.local/lib/python3.8/site-packages/airflow/example_dags/tutorial.py
[2023-11-15T04:26:08.954+0000] {processor.py:839} INFO - DAG(s) dict_keys(['tutorial']) retrieved from /home/airflow/.local/lib/python3.8/site-packages/airflow/example_dags/tutorial.py
[2023-11-15T04:26:08.979+0000] {logging_mixin.py:151} INFO - [2023-11-15T04:26:08.979+0000] {dag.py:2941} INFO - Sync 1 DAGs
[2023-11-15T04:26:09.007+0000] {logging_mixin.py:151} INFO - [2023-11-15T04:26:09.007+0000] {dag.py:3722} INFO - Setting next_dagrun for tutorial to 2023-11-14T04:26:09.007123+00:00, run_after=2023-11-15T04:26:09.007123+00:00
[2023-11-15T04:26:09.033+0000] {processor.py:179} INFO - Processing /home/airflow/.local/lib/python3.8/site-packages/airflow/example_dags/tutorial.py took 0.094 seconds
[2023-11-15T04:26:39.580+0000] {processor.py:157} INFO - Started process (PID=3413) to work on /home/airflow/.local/lib/python3.8/site-packages/airflow/example_dags/tutorial.py
[2023-11-15T04:26:39.581+0000] {processor.py:829} INFO - Processing file /home/airflow/.local/lib/python3.8/site-packages/airflow/example_dags/tutorial.py for tasks to queue
[2023-11-15T04:26:39.587+0000] {logging_mixin.py:151} INFO - [2023-11-15T04:26:39.586+0000] {dagbag.py:536} INFO - Filling up the DagBag from /home/airflow/.local/lib/python3.8/site-packages/airflow/example_dags/tutorial.py
[2023-11-15T04:26:39.597+0000] {processor.py:839} INFO - DAG(s) dict_keys(['tutorial']) retrieved from /home/airflow/.local/lib/python3.8/site-packages/airflow/example_dags/tutorial.py
[2023-11-15T04:26:39.637+0000] {logging_mixin.py:151} INFO - [2023-11-15T04:26:39.636+0000] {dag.py:2941} INFO - Sync 1 DAGs
[2023-11-15T04:26:39.686+0000] {logging_mixin.py:151} INFO - [2023-11-15T04:26:39.686+0000] {dag.py:3722} INFO - Setting next_dagrun for tutorial to 2023-11-14T04:26:39.686120+00:00, run_after=2023-11-15T04:26:39.686120+00:00
[2023-11-15T04:26:39.719+0000] {processor.py:179} INFO - Processing /home/airflow/.local/lib/python3.8/site-packages/airflow/example_dags/tutorial.py took 0.144 seconds
